[2024-12-05T07:04:16.720+0000] {processor.py:186} INFO - Started process (PID=35296) to work on /home/airflow/.local/lib/python3.12/site-packages/airflow/example_dags/example_bash_operator.py
[2024-12-05T07:04:16.721+0000] {processor.py:914} INFO - Processing file /home/airflow/.local/lib/python3.12/site-packages/airflow/example_dags/example_bash_operator.py for tasks to queue
[2024-12-05T07:04:16.722+0000] {logging_mixin.py:190} INFO - [2024-12-05T07:04:16.722+0000] {dagbag.py:588} INFO - Filling up the DagBag from /home/airflow/.local/lib/python3.12/site-packages/airflow/example_dags/example_bash_operator.py
[2024-12-05T07:04:16.732+0000] {processor.py:925} INFO - DAG(s) 'example_bash_operator' retrieved from /home/airflow/.local/lib/python3.12/site-packages/airflow/example_dags/example_bash_operator.py
[2024-12-05T07:04:16.753+0000] {logging_mixin.py:190} INFO - [2024-12-05T07:04:16.753+0000] {dag.py:3239} INFO - Sync 1 DAGs
[2024-12-05T07:04:16.772+0000] {logging_mixin.py:190} INFO - [2024-12-05T07:04:16.772+0000] {dag.py:4180} INFO - Setting next_dagrun for example_bash_operator to 2024-12-04 00:00:00+00:00, run_after=2024-12-05 00:00:00+00:00
[2024-12-05T07:04:16.786+0000] {processor.py:208} INFO - Processing /home/airflow/.local/lib/python3.12/site-packages/airflow/example_dags/example_bash_operator.py took 0.071 seconds
[2024-12-05T07:04:48.061+0000] {processor.py:186} INFO - Started process (PID=35359) to work on /home/airflow/.local/lib/python3.12/site-packages/airflow/example_dags/example_bash_operator.py
[2024-12-05T07:04:48.061+0000] {processor.py:914} INFO - Processing file /home/airflow/.local/lib/python3.12/site-packages/airflow/example_dags/example_bash_operator.py for tasks to queue
[2024-12-05T07:04:48.063+0000] {logging_mixin.py:190} INFO - [2024-12-05T07:04:48.063+0000] {dagbag.py:588} INFO - Filling up the DagBag from /home/airflow/.local/lib/python3.12/site-packages/airflow/example_dags/example_bash_operator.py
[2024-12-05T07:04:48.072+0000] {processor.py:925} INFO - DAG(s) 'example_bash_operator' retrieved from /home/airflow/.local/lib/python3.12/site-packages/airflow/example_dags/example_bash_operator.py
[2024-12-05T07:04:48.091+0000] {logging_mixin.py:190} INFO - [2024-12-05T07:04:48.091+0000] {dag.py:3239} INFO - Sync 1 DAGs
[2024-12-05T07:04:48.107+0000] {logging_mixin.py:190} INFO - [2024-12-05T07:04:48.107+0000] {dag.py:4180} INFO - Setting next_dagrun for example_bash_operator to 2024-12-04 00:00:00+00:00, run_after=2024-12-05 00:00:00+00:00
[2024-12-05T07:04:48.120+0000] {processor.py:208} INFO - Processing /home/airflow/.local/lib/python3.12/site-packages/airflow/example_dags/example_bash_operator.py took 0.063 seconds
[2024-12-05T07:05:18.406+0000] {processor.py:186} INFO - Started process (PID=35422) to work on /home/airflow/.local/lib/python3.12/site-packages/airflow/example_dags/example_bash_operator.py
[2024-12-05T07:05:18.407+0000] {processor.py:914} INFO - Processing file /home/airflow/.local/lib/python3.12/site-packages/airflow/example_dags/example_bash_operator.py for tasks to queue
[2024-12-05T07:05:18.408+0000] {logging_mixin.py:190} INFO - [2024-12-05T07:05:18.408+0000] {dagbag.py:588} INFO - Filling up the DagBag from /home/airflow/.local/lib/python3.12/site-packages/airflow/example_dags/example_bash_operator.py
[2024-12-05T07:05:18.417+0000] {processor.py:925} INFO - DAG(s) 'example_bash_operator' retrieved from /home/airflow/.local/lib/python3.12/site-packages/airflow/example_dags/example_bash_operator.py
[2024-12-05T07:05:18.437+0000] {logging_mixin.py:190} INFO - [2024-12-05T07:05:18.436+0000] {dag.py:3239} INFO - Sync 1 DAGs
[2024-12-05T07:05:18.454+0000] {logging_mixin.py:190} INFO - [2024-12-05T07:05:18.453+0000] {dag.py:4180} INFO - Setting next_dagrun for example_bash_operator to 2024-12-04 00:00:00+00:00, run_after=2024-12-05 00:00:00+00:00
[2024-12-05T07:05:18.466+0000] {processor.py:208} INFO - Processing /home/airflow/.local/lib/python3.12/site-packages/airflow/example_dags/example_bash_operator.py took 0.063 seconds
[2024-12-05T07:05:49.827+0000] {processor.py:186} INFO - Started process (PID=35485) to work on /home/airflow/.local/lib/python3.12/site-packages/airflow/example_dags/example_bash_operator.py
[2024-12-05T07:05:49.828+0000] {processor.py:914} INFO - Processing file /home/airflow/.local/lib/python3.12/site-packages/airflow/example_dags/example_bash_operator.py for tasks to queue
[2024-12-05T07:05:49.829+0000] {logging_mixin.py:190} INFO - [2024-12-05T07:05:49.829+0000] {dagbag.py:588} INFO - Filling up the DagBag from /home/airflow/.local/lib/python3.12/site-packages/airflow/example_dags/example_bash_operator.py
[2024-12-05T07:05:49.839+0000] {processor.py:925} INFO - DAG(s) 'example_bash_operator' retrieved from /home/airflow/.local/lib/python3.12/site-packages/airflow/example_dags/example_bash_operator.py
[2024-12-05T07:05:49.858+0000] {logging_mixin.py:190} INFO - [2024-12-05T07:05:49.858+0000] {dag.py:3239} INFO - Sync 1 DAGs
[2024-12-05T07:05:49.875+0000] {logging_mixin.py:190} INFO - [2024-12-05T07:05:49.875+0000] {dag.py:4180} INFO - Setting next_dagrun for example_bash_operator to 2024-12-04 00:00:00+00:00, run_after=2024-12-05 00:00:00+00:00
[2024-12-05T07:05:49.888+0000] {processor.py:208} INFO - Processing /home/airflow/.local/lib/python3.12/site-packages/airflow/example_dags/example_bash_operator.py took 0.065 seconds
[2024-12-05T07:06:20.406+0000] {processor.py:186} INFO - Started process (PID=35548) to work on /home/airflow/.local/lib/python3.12/site-packages/airflow/example_dags/example_bash_operator.py
[2024-12-05T07:06:20.407+0000] {processor.py:914} INFO - Processing file /home/airflow/.local/lib/python3.12/site-packages/airflow/example_dags/example_bash_operator.py for tasks to queue
[2024-12-05T07:06:20.408+0000] {logging_mixin.py:190} INFO - [2024-12-05T07:06:20.408+0000] {dagbag.py:588} INFO - Filling up the DagBag from /home/airflow/.local/lib/python3.12/site-packages/airflow/example_dags/example_bash_operator.py
[2024-12-05T07:06:20.418+0000] {processor.py:925} INFO - DAG(s) 'example_bash_operator' retrieved from /home/airflow/.local/lib/python3.12/site-packages/airflow/example_dags/example_bash_operator.py
[2024-12-05T07:06:20.438+0000] {logging_mixin.py:190} INFO - [2024-12-05T07:06:20.438+0000] {dag.py:3239} INFO - Sync 1 DAGs
[2024-12-05T07:06:20.454+0000] {logging_mixin.py:190} INFO - [2024-12-05T07:06:20.454+0000] {dag.py:4180} INFO - Setting next_dagrun for example_bash_operator to 2024-12-04 00:00:00+00:00, run_after=2024-12-05 00:00:00+00:00
[2024-12-05T07:06:20.467+0000] {processor.py:208} INFO - Processing /home/airflow/.local/lib/python3.12/site-packages/airflow/example_dags/example_bash_operator.py took 0.065 seconds
[2024-12-05T07:06:50.507+0000] {processor.py:186} INFO - Started process (PID=35616) to work on /home/airflow/.local/lib/python3.12/site-packages/airflow/example_dags/example_bash_operator.py
[2024-12-05T07:06:50.508+0000] {processor.py:914} INFO - Processing file /home/airflow/.local/lib/python3.12/site-packages/airflow/example_dags/example_bash_operator.py for tasks to queue
[2024-12-05T07:06:50.510+0000] {logging_mixin.py:190} INFO - [2024-12-05T07:06:50.509+0000] {dagbag.py:588} INFO - Filling up the DagBag from /home/airflow/.local/lib/python3.12/site-packages/airflow/example_dags/example_bash_operator.py
[2024-12-05T07:06:50.518+0000] {processor.py:925} INFO - DAG(s) 'example_bash_operator' retrieved from /home/airflow/.local/lib/python3.12/site-packages/airflow/example_dags/example_bash_operator.py
[2024-12-05T07:06:50.538+0000] {logging_mixin.py:190} INFO - [2024-12-05T07:06:50.538+0000] {dag.py:3239} INFO - Sync 1 DAGs
[2024-12-05T07:06:50.555+0000] {logging_mixin.py:190} INFO - [2024-12-05T07:06:50.555+0000] {dag.py:4180} INFO - Setting next_dagrun for example_bash_operator to 2024-12-04 00:00:00+00:00, run_after=2024-12-05 00:00:00+00:00
[2024-12-05T07:06:50.569+0000] {processor.py:208} INFO - Processing /home/airflow/.local/lib/python3.12/site-packages/airflow/example_dags/example_bash_operator.py took 0.066 seconds
[2024-12-05T07:07:20.854+0000] {processor.py:186} INFO - Started process (PID=35678) to work on /home/airflow/.local/lib/python3.12/site-packages/airflow/example_dags/example_bash_operator.py
[2024-12-05T07:07:20.854+0000] {processor.py:914} INFO - Processing file /home/airflow/.local/lib/python3.12/site-packages/airflow/example_dags/example_bash_operator.py for tasks to queue
[2024-12-05T07:07:20.856+0000] {logging_mixin.py:190} INFO - [2024-12-05T07:07:20.856+0000] {dagbag.py:588} INFO - Filling up the DagBag from /home/airflow/.local/lib/python3.12/site-packages/airflow/example_dags/example_bash_operator.py
[2024-12-05T07:07:20.865+0000] {processor.py:925} INFO - DAG(s) 'example_bash_operator' retrieved from /home/airflow/.local/lib/python3.12/site-packages/airflow/example_dags/example_bash_operator.py
[2024-12-05T07:07:20.885+0000] {logging_mixin.py:190} INFO - [2024-12-05T07:07:20.885+0000] {dag.py:3239} INFO - Sync 1 DAGs
[2024-12-05T07:07:20.902+0000] {logging_mixin.py:190} INFO - [2024-12-05T07:07:20.902+0000] {dag.py:4180} INFO - Setting next_dagrun for example_bash_operator to 2024-12-04 00:00:00+00:00, run_after=2024-12-05 00:00:00+00:00
[2024-12-05T07:07:20.915+0000] {processor.py:208} INFO - Processing /home/airflow/.local/lib/python3.12/site-packages/airflow/example_dags/example_bash_operator.py took 0.066 seconds
[2024-12-05T07:07:51.248+0000] {processor.py:186} INFO - Started process (PID=35741) to work on /home/airflow/.local/lib/python3.12/site-packages/airflow/example_dags/example_bash_operator.py
[2024-12-05T07:07:51.249+0000] {processor.py:914} INFO - Processing file /home/airflow/.local/lib/python3.12/site-packages/airflow/example_dags/example_bash_operator.py for tasks to queue
[2024-12-05T07:07:51.251+0000] {logging_mixin.py:190} INFO - [2024-12-05T07:07:51.250+0000] {dagbag.py:588} INFO - Filling up the DagBag from /home/airflow/.local/lib/python3.12/site-packages/airflow/example_dags/example_bash_operator.py
[2024-12-05T07:07:51.262+0000] {processor.py:925} INFO - DAG(s) 'example_bash_operator' retrieved from /home/airflow/.local/lib/python3.12/site-packages/airflow/example_dags/example_bash_operator.py
[2024-12-05T07:07:51.284+0000] {logging_mixin.py:190} INFO - [2024-12-05T07:07:51.284+0000] {dag.py:3239} INFO - Sync 1 DAGs
[2024-12-05T07:07:51.303+0000] {logging_mixin.py:190} INFO - [2024-12-05T07:07:51.302+0000] {dag.py:4180} INFO - Setting next_dagrun for example_bash_operator to 2024-12-04 00:00:00+00:00, run_after=2024-12-05 00:00:00+00:00
[2024-12-05T07:07:51.317+0000] {processor.py:208} INFO - Processing /home/airflow/.local/lib/python3.12/site-packages/airflow/example_dags/example_bash_operator.py took 0.074 seconds
