[2024-12-05T07:04:15.200+0000] {processor.py:186} INFO - Started process (PID=35276) to work on /home/airflow/.local/lib/python3.12/site-packages/airflow/example_dags/example_branch_datetime_operator.py
[2024-12-05T07:04:15.201+0000] {processor.py:914} INFO - Processing file /home/airflow/.local/lib/python3.12/site-packages/airflow/example_dags/example_branch_datetime_operator.py for tasks to queue
[2024-12-05T07:04:15.202+0000] {logging_mixin.py:190} INFO - [2024-12-05T07:04:15.202+0000] {dagbag.py:588} INFO - Filling up the DagBag from /home/airflow/.local/lib/python3.12/site-packages/airflow/example_dags/example_branch_datetime_operator.py
[2024-12-05T07:04:15.211+0000] {processor.py:925} INFO - DAG(s) 'example_branch_datetime_operator', 'example_branch_datetime_operator_2', 'example_branch_datetime_operator_3' retrieved from /home/airflow/.local/lib/python3.12/site-packages/airflow/example_dags/example_branch_datetime_operator.py
[2024-12-05T07:04:15.231+0000] {logging_mixin.py:190} INFO - [2024-12-05T07:04:15.231+0000] {dag.py:3239} INFO - Sync 3 DAGs
[2024-12-05T07:04:15.249+0000] {logging_mixin.py:190} INFO - [2024-12-05T07:04:15.249+0000] {dag.py:4180} INFO - Setting next_dagrun for example_branch_datetime_operator to 2024-12-04 00:00:00+00:00, run_after=2024-12-05 00:00:00+00:00
[2024-12-05T07:04:15.253+0000] {logging_mixin.py:190} INFO - [2024-12-05T07:04:15.253+0000] {dag.py:4180} INFO - Setting next_dagrun for example_branch_datetime_operator_2 to 2024-12-04 00:00:00+00:00, run_after=2024-12-05 00:00:00+00:00
[2024-12-05T07:04:15.255+0000] {logging_mixin.py:190} INFO - [2024-12-05T07:04:15.255+0000] {dag.py:4180} INFO - Setting next_dagrun for example_branch_datetime_operator_3 to 2024-12-04 00:00:00+00:00, run_after=2024-12-05 00:00:00+00:00
[2024-12-05T07:04:15.266+0000] {processor.py:208} INFO - Processing /home/airflow/.local/lib/python3.12/site-packages/airflow/example_dags/example_branch_datetime_operator.py took 0.071 seconds
[2024-12-05T07:04:46.366+0000] {processor.py:186} INFO - Started process (PID=35339) to work on /home/airflow/.local/lib/python3.12/site-packages/airflow/example_dags/example_branch_datetime_operator.py
[2024-12-05T07:04:46.367+0000] {processor.py:914} INFO - Processing file /home/airflow/.local/lib/python3.12/site-packages/airflow/example_dags/example_branch_datetime_operator.py for tasks to queue
[2024-12-05T07:04:46.369+0000] {logging_mixin.py:190} INFO - [2024-12-05T07:04:46.368+0000] {dagbag.py:588} INFO - Filling up the DagBag from /home/airflow/.local/lib/python3.12/site-packages/airflow/example_dags/example_branch_datetime_operator.py
[2024-12-05T07:04:46.377+0000] {processor.py:925} INFO - DAG(s) 'example_branch_datetime_operator_2', 'example_branch_datetime_operator_3', 'example_branch_datetime_operator' retrieved from /home/airflow/.local/lib/python3.12/site-packages/airflow/example_dags/example_branch_datetime_operator.py
[2024-12-05T07:04:46.397+0000] {logging_mixin.py:190} INFO - [2024-12-05T07:04:46.396+0000] {dag.py:3239} INFO - Sync 3 DAGs
[2024-12-05T07:04:46.416+0000] {logging_mixin.py:190} INFO - [2024-12-05T07:04:46.416+0000] {dag.py:4180} INFO - Setting next_dagrun for example_branch_datetime_operator to 2024-12-04 00:00:00+00:00, run_after=2024-12-05 00:00:00+00:00
[2024-12-05T07:04:46.420+0000] {logging_mixin.py:190} INFO - [2024-12-05T07:04:46.420+0000] {dag.py:4180} INFO - Setting next_dagrun for example_branch_datetime_operator_2 to 2024-12-04 00:00:00+00:00, run_after=2024-12-05 00:00:00+00:00
[2024-12-05T07:04:46.422+0000] {logging_mixin.py:190} INFO - [2024-12-05T07:04:46.422+0000] {dag.py:4180} INFO - Setting next_dagrun for example_branch_datetime_operator_3 to 2024-12-04 00:00:00+00:00, run_after=2024-12-05 00:00:00+00:00
[2024-12-05T07:04:46.432+0000] {processor.py:208} INFO - Processing /home/airflow/.local/lib/python3.12/site-packages/airflow/example_dags/example_branch_datetime_operator.py took 0.070 seconds
[2024-12-05T07:05:17.154+0000] {processor.py:186} INFO - Started process (PID=35402) to work on /home/airflow/.local/lib/python3.12/site-packages/airflow/example_dags/example_branch_datetime_operator.py
[2024-12-05T07:05:17.155+0000] {processor.py:914} INFO - Processing file /home/airflow/.local/lib/python3.12/site-packages/airflow/example_dags/example_branch_datetime_operator.py for tasks to queue
[2024-12-05T07:05:17.156+0000] {logging_mixin.py:190} INFO - [2024-12-05T07:05:17.156+0000] {dagbag.py:588} INFO - Filling up the DagBag from /home/airflow/.local/lib/python3.12/site-packages/airflow/example_dags/example_branch_datetime_operator.py
[2024-12-05T07:05:17.165+0000] {processor.py:925} INFO - DAG(s) 'example_branch_datetime_operator', 'example_branch_datetime_operator_2', 'example_branch_datetime_operator_3' retrieved from /home/airflow/.local/lib/python3.12/site-packages/airflow/example_dags/example_branch_datetime_operator.py
[2024-12-05T07:05:17.184+0000] {logging_mixin.py:190} INFO - [2024-12-05T07:05:17.184+0000] {dag.py:3239} INFO - Sync 3 DAGs
[2024-12-05T07:05:17.202+0000] {logging_mixin.py:190} INFO - [2024-12-05T07:05:17.202+0000] {dag.py:4180} INFO - Setting next_dagrun for example_branch_datetime_operator to 2024-12-04 00:00:00+00:00, run_after=2024-12-05 00:00:00+00:00
[2024-12-05T07:05:17.205+0000] {logging_mixin.py:190} INFO - [2024-12-05T07:05:17.205+0000] {dag.py:4180} INFO - Setting next_dagrun for example_branch_datetime_operator_2 to 2024-12-04 00:00:00+00:00, run_after=2024-12-05 00:00:00+00:00
[2024-12-05T07:05:17.207+0000] {logging_mixin.py:190} INFO - [2024-12-05T07:05:17.207+0000] {dag.py:4180} INFO - Setting next_dagrun for example_branch_datetime_operator_3 to 2024-12-04 00:00:00+00:00, run_after=2024-12-05 00:00:00+00:00
[2024-12-05T07:05:17.218+0000] {processor.py:208} INFO - Processing /home/airflow/.local/lib/python3.12/site-packages/airflow/example_dags/example_branch_datetime_operator.py took 0.068 seconds
[2024-12-05T07:05:47.862+0000] {processor.py:186} INFO - Started process (PID=35465) to work on /home/airflow/.local/lib/python3.12/site-packages/airflow/example_dags/example_branch_datetime_operator.py
[2024-12-05T07:05:47.863+0000] {processor.py:914} INFO - Processing file /home/airflow/.local/lib/python3.12/site-packages/airflow/example_dags/example_branch_datetime_operator.py for tasks to queue
[2024-12-05T07:05:47.864+0000] {logging_mixin.py:190} INFO - [2024-12-05T07:05:47.864+0000] {dagbag.py:588} INFO - Filling up the DagBag from /home/airflow/.local/lib/python3.12/site-packages/airflow/example_dags/example_branch_datetime_operator.py
[2024-12-05T07:05:47.873+0000] {processor.py:925} INFO - DAG(s) 'example_branch_datetime_operator', 'example_branch_datetime_operator_3', 'example_branch_datetime_operator_2' retrieved from /home/airflow/.local/lib/python3.12/site-packages/airflow/example_dags/example_branch_datetime_operator.py
[2024-12-05T07:05:47.892+0000] {logging_mixin.py:190} INFO - [2024-12-05T07:05:47.892+0000] {dag.py:3239} INFO - Sync 3 DAGs
[2024-12-05T07:05:47.910+0000] {logging_mixin.py:190} INFO - [2024-12-05T07:05:47.910+0000] {dag.py:4180} INFO - Setting next_dagrun for example_branch_datetime_operator to 2024-12-04 00:00:00+00:00, run_after=2024-12-05 00:00:00+00:00
[2024-12-05T07:05:47.914+0000] {logging_mixin.py:190} INFO - [2024-12-05T07:05:47.914+0000] {dag.py:4180} INFO - Setting next_dagrun for example_branch_datetime_operator_2 to 2024-12-04 00:00:00+00:00, run_after=2024-12-05 00:00:00+00:00
[2024-12-05T07:05:47.916+0000] {logging_mixin.py:190} INFO - [2024-12-05T07:05:47.916+0000] {dag.py:4180} INFO - Setting next_dagrun for example_branch_datetime_operator_3 to 2024-12-04 00:00:00+00:00, run_after=2024-12-05 00:00:00+00:00
[2024-12-05T07:05:47.928+0000] {processor.py:208} INFO - Processing /home/airflow/.local/lib/python3.12/site-packages/airflow/example_dags/example_branch_datetime_operator.py took 0.071 seconds
[2024-12-05T07:06:19.211+0000] {processor.py:186} INFO - Started process (PID=35528) to work on /home/airflow/.local/lib/python3.12/site-packages/airflow/example_dags/example_branch_datetime_operator.py
[2024-12-05T07:06:19.212+0000] {processor.py:914} INFO - Processing file /home/airflow/.local/lib/python3.12/site-packages/airflow/example_dags/example_branch_datetime_operator.py for tasks to queue
[2024-12-05T07:06:19.214+0000] {logging_mixin.py:190} INFO - [2024-12-05T07:06:19.214+0000] {dagbag.py:588} INFO - Filling up the DagBag from /home/airflow/.local/lib/python3.12/site-packages/airflow/example_dags/example_branch_datetime_operator.py
[2024-12-05T07:06:19.224+0000] {processor.py:925} INFO - DAG(s) 'example_branch_datetime_operator_3', 'example_branch_datetime_operator_2', 'example_branch_datetime_operator' retrieved from /home/airflow/.local/lib/python3.12/site-packages/airflow/example_dags/example_branch_datetime_operator.py
[2024-12-05T07:06:19.244+0000] {logging_mixin.py:190} INFO - [2024-12-05T07:06:19.244+0000] {dag.py:3239} INFO - Sync 3 DAGs
[2024-12-05T07:06:19.264+0000] {logging_mixin.py:190} INFO - [2024-12-05T07:06:19.263+0000] {dag.py:4180} INFO - Setting next_dagrun for example_branch_datetime_operator to 2024-12-04 00:00:00+00:00, run_after=2024-12-05 00:00:00+00:00
[2024-12-05T07:06:19.267+0000] {logging_mixin.py:190} INFO - [2024-12-05T07:06:19.267+0000] {dag.py:4180} INFO - Setting next_dagrun for example_branch_datetime_operator_2 to 2024-12-04 00:00:00+00:00, run_after=2024-12-05 00:00:00+00:00
[2024-12-05T07:06:19.269+0000] {logging_mixin.py:190} INFO - [2024-12-05T07:06:19.269+0000] {dag.py:4180} INFO - Setting next_dagrun for example_branch_datetime_operator_3 to 2024-12-04 00:00:00+00:00, run_after=2024-12-05 00:00:00+00:00
[2024-12-05T07:06:19.280+0000] {processor.py:208} INFO - Processing /home/airflow/.local/lib/python3.12/site-packages/airflow/example_dags/example_branch_datetime_operator.py took 0.073 seconds
[2024-12-05T07:06:46.896+0000] {processor.py:186} INFO - Started process (PID=35578) to work on /home/airflow/.local/lib/python3.12/site-packages/airflow/example_dags/example_branch_datetime_operator.py
[2024-12-05T07:06:46.896+0000] {processor.py:914} INFO - Processing file /home/airflow/.local/lib/python3.12/site-packages/airflow/example_dags/example_branch_datetime_operator.py for tasks to queue
[2024-12-05T07:06:46.898+0000] {logging_mixin.py:190} INFO - [2024-12-05T07:06:46.898+0000] {dagbag.py:588} INFO - Filling up the DagBag from /home/airflow/.local/lib/python3.12/site-packages/airflow/example_dags/example_branch_datetime_operator.py
[2024-12-05T07:06:46.907+0000] {processor.py:925} INFO - DAG(s) 'example_branch_datetime_operator', 'example_branch_datetime_operator_3', 'example_branch_datetime_operator_2' retrieved from /home/airflow/.local/lib/python3.12/site-packages/airflow/example_dags/example_branch_datetime_operator.py
[2024-12-05T07:06:46.926+0000] {logging_mixin.py:190} INFO - [2024-12-05T07:06:46.925+0000] {dag.py:3239} INFO - Sync 3 DAGs
[2024-12-05T07:06:46.944+0000] {logging_mixin.py:190} INFO - [2024-12-05T07:06:46.944+0000] {dag.py:4180} INFO - Setting next_dagrun for example_branch_datetime_operator to 2024-12-04 00:00:00+00:00, run_after=2024-12-05 00:00:00+00:00
[2024-12-05T07:06:46.947+0000] {logging_mixin.py:190} INFO - [2024-12-05T07:06:46.947+0000] {dag.py:4180} INFO - Setting next_dagrun for example_branch_datetime_operator_2 to 2024-12-04 00:00:00+00:00, run_after=2024-12-05 00:00:00+00:00
[2024-12-05T07:06:46.949+0000] {logging_mixin.py:190} INFO - [2024-12-05T07:06:46.949+0000] {dag.py:4180} INFO - Setting next_dagrun for example_branch_datetime_operator_3 to 2024-12-04 00:00:00+00:00, run_after=2024-12-05 00:00:00+00:00
[2024-12-05T07:06:46.961+0000] {processor.py:208} INFO - Processing /home/airflow/.local/lib/python3.12/site-packages/airflow/example_dags/example_branch_datetime_operator.py took 0.069 seconds
[2024-12-05T07:07:17.068+0000] {processor.py:186} INFO - Started process (PID=35646) to work on /home/airflow/.local/lib/python3.12/site-packages/airflow/example_dags/example_branch_datetime_operator.py
[2024-12-05T07:07:17.069+0000] {processor.py:914} INFO - Processing file /home/airflow/.local/lib/python3.12/site-packages/airflow/example_dags/example_branch_datetime_operator.py for tasks to queue
[2024-12-05T07:07:17.071+0000] {logging_mixin.py:190} INFO - [2024-12-05T07:07:17.071+0000] {dagbag.py:588} INFO - Filling up the DagBag from /home/airflow/.local/lib/python3.12/site-packages/airflow/example_dags/example_branch_datetime_operator.py
[2024-12-05T07:07:17.080+0000] {processor.py:925} INFO - DAG(s) 'example_branch_datetime_operator_3', 'example_branch_datetime_operator', 'example_branch_datetime_operator_2' retrieved from /home/airflow/.local/lib/python3.12/site-packages/airflow/example_dags/example_branch_datetime_operator.py
[2024-12-05T07:07:17.100+0000] {logging_mixin.py:190} INFO - [2024-12-05T07:07:17.100+0000] {dag.py:3239} INFO - Sync 3 DAGs
[2024-12-05T07:07:17.120+0000] {logging_mixin.py:190} INFO - [2024-12-05T07:07:17.119+0000] {dag.py:4180} INFO - Setting next_dagrun for example_branch_datetime_operator to 2024-12-04 00:00:00+00:00, run_after=2024-12-05 00:00:00+00:00
[2024-12-05T07:07:17.124+0000] {logging_mixin.py:190} INFO - [2024-12-05T07:07:17.124+0000] {dag.py:4180} INFO - Setting next_dagrun for example_branch_datetime_operator_2 to 2024-12-04 00:00:00+00:00, run_after=2024-12-05 00:00:00+00:00
[2024-12-05T07:07:17.126+0000] {logging_mixin.py:190} INFO - [2024-12-05T07:07:17.126+0000] {dag.py:4180} INFO - Setting next_dagrun for example_branch_datetime_operator_3 to 2024-12-04 00:00:00+00:00, run_after=2024-12-05 00:00:00+00:00
[2024-12-05T07:07:17.139+0000] {processor.py:208} INFO - Processing /home/airflow/.local/lib/python3.12/site-packages/airflow/example_dags/example_branch_datetime_operator.py took 0.075 seconds
[2024-12-05T07:07:47.393+0000] {processor.py:186} INFO - Started process (PID=35709) to work on /home/airflow/.local/lib/python3.12/site-packages/airflow/example_dags/example_branch_datetime_operator.py
[2024-12-05T07:07:47.394+0000] {processor.py:914} INFO - Processing file /home/airflow/.local/lib/python3.12/site-packages/airflow/example_dags/example_branch_datetime_operator.py for tasks to queue
[2024-12-05T07:07:47.396+0000] {logging_mixin.py:190} INFO - [2024-12-05T07:07:47.396+0000] {dagbag.py:588} INFO - Filling up the DagBag from /home/airflow/.local/lib/python3.12/site-packages/airflow/example_dags/example_branch_datetime_operator.py
[2024-12-05T07:07:47.404+0000] {processor.py:925} INFO - DAG(s) 'example_branch_datetime_operator_3', 'example_branch_datetime_operator_2', 'example_branch_datetime_operator' retrieved from /home/airflow/.local/lib/python3.12/site-packages/airflow/example_dags/example_branch_datetime_operator.py
[2024-12-05T07:07:47.424+0000] {logging_mixin.py:190} INFO - [2024-12-05T07:07:47.424+0000] {dag.py:3239} INFO - Sync 3 DAGs
[2024-12-05T07:07:47.443+0000] {logging_mixin.py:190} INFO - [2024-12-05T07:07:47.443+0000] {dag.py:4180} INFO - Setting next_dagrun for example_branch_datetime_operator to 2024-12-04 00:00:00+00:00, run_after=2024-12-05 00:00:00+00:00
[2024-12-05T07:07:47.447+0000] {logging_mixin.py:190} INFO - [2024-12-05T07:07:47.447+0000] {dag.py:4180} INFO - Setting next_dagrun for example_branch_datetime_operator_2 to 2024-12-04 00:00:00+00:00, run_after=2024-12-05 00:00:00+00:00
[2024-12-05T07:07:47.449+0000] {logging_mixin.py:190} INFO - [2024-12-05T07:07:47.449+0000] {dag.py:4180} INFO - Setting next_dagrun for example_branch_datetime_operator_3 to 2024-12-04 00:00:00+00:00, run_after=2024-12-05 00:00:00+00:00
[2024-12-05T07:07:47.461+0000] {processor.py:208} INFO - Processing /home/airflow/.local/lib/python3.12/site-packages/airflow/example_dags/example_branch_datetime_operator.py took 0.072 seconds
