[2024-12-05T07:04:14.355+0000] {processor.py:186} INFO - Started process (PID=35263) to work on /home/airflow/.local/lib/python3.12/site-packages/airflow/example_dags/example_sla_dag.py
[2024-12-05T07:04:14.357+0000] {processor.py:914} INFO - Processing file /home/airflow/.local/lib/python3.12/site-packages/airflow/example_dags/example_sla_dag.py for tasks to queue
[2024-12-05T07:04:14.359+0000] {logging_mixin.py:190} INFO - [2024-12-05T07:04:14.359+0000] {dagbag.py:588} INFO - Filling up the DagBag from /home/airflow/.local/lib/python3.12/site-packages/airflow/example_dags/example_sla_dag.py
[2024-12-05T07:04:14.371+0000] {processor.py:925} INFO - DAG(s) 'example_sla_dag' retrieved from /home/airflow/.local/lib/python3.12/site-packages/airflow/example_dags/example_sla_dag.py
[2024-12-05T07:04:14.395+0000] {logging_mixin.py:190} INFO - [2024-12-05T07:04:14.394+0000] {dag.py:3239} INFO - Sync 1 DAGs
[2024-12-05T07:04:14.426+0000] {logging_mixin.py:190} INFO - [2024-12-05T07:04:14.426+0000] {dag.py:4180} INFO - Setting next_dagrun for example_sla_dag to 2024-12-05 07:02:00+00:00, run_after=2024-12-05 07:04:00+00:00
[2024-12-05T07:04:14.446+0000] {processor.py:208} INFO - Processing /home/airflow/.local/lib/python3.12/site-packages/airflow/example_dags/example_sla_dag.py took 0.096 seconds
[2024-12-05T07:04:45.737+0000] {processor.py:186} INFO - Started process (PID=35326) to work on /home/airflow/.local/lib/python3.12/site-packages/airflow/example_dags/example_sla_dag.py
[2024-12-05T07:04:45.738+0000] {processor.py:914} INFO - Processing file /home/airflow/.local/lib/python3.12/site-packages/airflow/example_dags/example_sla_dag.py for tasks to queue
[2024-12-05T07:04:45.739+0000] {logging_mixin.py:190} INFO - [2024-12-05T07:04:45.739+0000] {dagbag.py:588} INFO - Filling up the DagBag from /home/airflow/.local/lib/python3.12/site-packages/airflow/example_dags/example_sla_dag.py
[2024-12-05T07:04:45.746+0000] {processor.py:925} INFO - DAG(s) 'example_sla_dag' retrieved from /home/airflow/.local/lib/python3.12/site-packages/airflow/example_dags/example_sla_dag.py
[2024-12-05T07:04:45.759+0000] {logging_mixin.py:190} INFO - [2024-12-05T07:04:45.759+0000] {dag.py:3239} INFO - Sync 1 DAGs
[2024-12-05T07:04:45.777+0000] {logging_mixin.py:190} INFO - [2024-12-05T07:04:45.777+0000] {dag.py:4180} INFO - Setting next_dagrun for example_sla_dag to 2024-12-05 07:02:00+00:00, run_after=2024-12-05 07:04:00+00:00
[2024-12-05T07:04:45.789+0000] {processor.py:208} INFO - Processing /home/airflow/.local/lib/python3.12/site-packages/airflow/example_dags/example_sla_dag.py took 0.056 seconds
[2024-12-05T07:05:16.394+0000] {processor.py:186} INFO - Started process (PID=35389) to work on /home/airflow/.local/lib/python3.12/site-packages/airflow/example_dags/example_sla_dag.py
[2024-12-05T07:05:16.394+0000] {processor.py:914} INFO - Processing file /home/airflow/.local/lib/python3.12/site-packages/airflow/example_dags/example_sla_dag.py for tasks to queue
[2024-12-05T07:05:16.396+0000] {logging_mixin.py:190} INFO - [2024-12-05T07:05:16.395+0000] {dagbag.py:588} INFO - Filling up the DagBag from /home/airflow/.local/lib/python3.12/site-packages/airflow/example_dags/example_sla_dag.py
[2024-12-05T07:05:16.402+0000] {processor.py:925} INFO - DAG(s) 'example_sla_dag' retrieved from /home/airflow/.local/lib/python3.12/site-packages/airflow/example_dags/example_sla_dag.py
[2024-12-05T07:05:16.416+0000] {logging_mixin.py:190} INFO - [2024-12-05T07:05:16.415+0000] {dag.py:3239} INFO - Sync 1 DAGs
[2024-12-05T07:05:16.434+0000] {logging_mixin.py:190} INFO - [2024-12-05T07:05:16.433+0000] {dag.py:4180} INFO - Setting next_dagrun for example_sla_dag to 2024-12-05 07:02:00+00:00, run_after=2024-12-05 07:04:00+00:00
[2024-12-05T07:05:16.445+0000] {processor.py:208} INFO - Processing /home/airflow/.local/lib/python3.12/site-packages/airflow/example_dags/example_sla_dag.py took 0.056 seconds
[2024-12-05T07:05:46.885+0000] {processor.py:186} INFO - Started process (PID=35451) to work on /home/airflow/.local/lib/python3.12/site-packages/airflow/example_dags/example_sla_dag.py
[2024-12-05T07:05:46.886+0000] {processor.py:914} INFO - Processing file /home/airflow/.local/lib/python3.12/site-packages/airflow/example_dags/example_sla_dag.py for tasks to queue
[2024-12-05T07:05:46.887+0000] {logging_mixin.py:190} INFO - [2024-12-05T07:05:46.887+0000] {dagbag.py:588} INFO - Filling up the DagBag from /home/airflow/.local/lib/python3.12/site-packages/airflow/example_dags/example_sla_dag.py
[2024-12-05T07:05:46.894+0000] {processor.py:925} INFO - DAG(s) 'example_sla_dag' retrieved from /home/airflow/.local/lib/python3.12/site-packages/airflow/example_dags/example_sla_dag.py
[2024-12-05T07:05:46.907+0000] {logging_mixin.py:190} INFO - [2024-12-05T07:05:46.907+0000] {dag.py:3239} INFO - Sync 1 DAGs
[2024-12-05T07:05:46.925+0000] {logging_mixin.py:190} INFO - [2024-12-05T07:05:46.925+0000] {dag.py:4180} INFO - Setting next_dagrun for example_sla_dag to 2024-12-05 07:02:00+00:00, run_after=2024-12-05 07:04:00+00:00
[2024-12-05T07:05:46.938+0000] {processor.py:208} INFO - Processing /home/airflow/.local/lib/python3.12/site-packages/airflow/example_dags/example_sla_dag.py took 0.057 seconds
[2024-12-05T07:06:17.067+0000] {processor.py:186} INFO - Started process (PID=35514) to work on /home/airflow/.local/lib/python3.12/site-packages/airflow/example_dags/example_sla_dag.py
[2024-12-05T07:06:17.068+0000] {processor.py:914} INFO - Processing file /home/airflow/.local/lib/python3.12/site-packages/airflow/example_dags/example_sla_dag.py for tasks to queue
[2024-12-05T07:06:17.070+0000] {logging_mixin.py:190} INFO - [2024-12-05T07:06:17.069+0000] {dagbag.py:588} INFO - Filling up the DagBag from /home/airflow/.local/lib/python3.12/site-packages/airflow/example_dags/example_sla_dag.py
[2024-12-05T07:06:17.076+0000] {processor.py:925} INFO - DAG(s) 'example_sla_dag' retrieved from /home/airflow/.local/lib/python3.12/site-packages/airflow/example_dags/example_sla_dag.py
[2024-12-05T07:06:17.089+0000] {logging_mixin.py:190} INFO - [2024-12-05T07:06:17.089+0000] {dag.py:3239} INFO - Sync 1 DAGs
[2024-12-05T07:06:17.108+0000] {logging_mixin.py:190} INFO - [2024-12-05T07:06:17.108+0000] {dag.py:4180} INFO - Setting next_dagrun for example_sla_dag to 2024-12-05 07:04:00+00:00, run_after=2024-12-05 07:06:00+00:00
[2024-12-05T07:06:17.120+0000] {processor.py:208} INFO - Processing /home/airflow/.local/lib/python3.12/site-packages/airflow/example_dags/example_sla_dag.py took 0.057 seconds
[2024-12-05T07:06:47.316+0000] {processor.py:186} INFO - Started process (PID=35586) to work on /home/airflow/.local/lib/python3.12/site-packages/airflow/example_dags/example_sla_dag.py
[2024-12-05T07:06:47.316+0000] {processor.py:914} INFO - Processing file /home/airflow/.local/lib/python3.12/site-packages/airflow/example_dags/example_sla_dag.py for tasks to queue
[2024-12-05T07:06:47.318+0000] {logging_mixin.py:190} INFO - [2024-12-05T07:06:47.318+0000] {dagbag.py:588} INFO - Filling up the DagBag from /home/airflow/.local/lib/python3.12/site-packages/airflow/example_dags/example_sla_dag.py
[2024-12-05T07:06:47.325+0000] {processor.py:925} INFO - DAG(s) 'example_sla_dag' retrieved from /home/airflow/.local/lib/python3.12/site-packages/airflow/example_dags/example_sla_dag.py
[2024-12-05T07:06:47.339+0000] {logging_mixin.py:190} INFO - [2024-12-05T07:06:47.339+0000] {dag.py:3239} INFO - Sync 1 DAGs
[2024-12-05T07:06:47.358+0000] {logging_mixin.py:190} INFO - [2024-12-05T07:06:47.358+0000] {dag.py:4180} INFO - Setting next_dagrun for example_sla_dag to 2024-12-05 07:04:00+00:00, run_after=2024-12-05 07:06:00+00:00
[2024-12-05T07:06:47.371+0000] {processor.py:208} INFO - Processing /home/airflow/.local/lib/python3.12/site-packages/airflow/example_dags/example_sla_dag.py took 0.059 seconds
[2024-12-05T07:07:17.681+0000] {processor.py:186} INFO - Started process (PID=35654) to work on /home/airflow/.local/lib/python3.12/site-packages/airflow/example_dags/example_sla_dag.py
[2024-12-05T07:07:17.681+0000] {processor.py:914} INFO - Processing file /home/airflow/.local/lib/python3.12/site-packages/airflow/example_dags/example_sla_dag.py for tasks to queue
[2024-12-05T07:07:17.683+0000] {logging_mixin.py:190} INFO - [2024-12-05T07:07:17.683+0000] {dagbag.py:588} INFO - Filling up the DagBag from /home/airflow/.local/lib/python3.12/site-packages/airflow/example_dags/example_sla_dag.py
[2024-12-05T07:07:17.690+0000] {processor.py:925} INFO - DAG(s) 'example_sla_dag' retrieved from /home/airflow/.local/lib/python3.12/site-packages/airflow/example_dags/example_sla_dag.py
[2024-12-05T07:07:17.704+0000] {logging_mixin.py:190} INFO - [2024-12-05T07:07:17.703+0000] {dag.py:3239} INFO - Sync 1 DAGs
[2024-12-05T07:07:17.725+0000] {logging_mixin.py:190} INFO - [2024-12-05T07:07:17.725+0000] {dag.py:4180} INFO - Setting next_dagrun for example_sla_dag to 2024-12-05 07:04:00+00:00, run_after=2024-12-05 07:06:00+00:00
[2024-12-05T07:07:17.738+0000] {processor.py:208} INFO - Processing /home/airflow/.local/lib/python3.12/site-packages/airflow/example_dags/example_sla_dag.py took 0.061 seconds
[2024-12-05T07:07:47.901+0000] {processor.py:186} INFO - Started process (PID=35717) to work on /home/airflow/.local/lib/python3.12/site-packages/airflow/example_dags/example_sla_dag.py
[2024-12-05T07:07:47.902+0000] {processor.py:914} INFO - Processing file /home/airflow/.local/lib/python3.12/site-packages/airflow/example_dags/example_sla_dag.py for tasks to queue
[2024-12-05T07:07:47.904+0000] {logging_mixin.py:190} INFO - [2024-12-05T07:07:47.903+0000] {dagbag.py:588} INFO - Filling up the DagBag from /home/airflow/.local/lib/python3.12/site-packages/airflow/example_dags/example_sla_dag.py
[2024-12-05T07:07:47.912+0000] {processor.py:925} INFO - DAG(s) 'example_sla_dag' retrieved from /home/airflow/.local/lib/python3.12/site-packages/airflow/example_dags/example_sla_dag.py
[2024-12-05T07:07:47.927+0000] {logging_mixin.py:190} INFO - [2024-12-05T07:07:47.927+0000] {dag.py:3239} INFO - Sync 1 DAGs
[2024-12-05T07:07:47.945+0000] {logging_mixin.py:190} INFO - [2024-12-05T07:07:47.944+0000] {dag.py:4180} INFO - Setting next_dagrun for example_sla_dag to 2024-12-05 07:04:00+00:00, run_after=2024-12-05 07:06:00+00:00
[2024-12-05T07:07:47.957+0000] {processor.py:208} INFO - Processing /home/airflow/.local/lib/python3.12/site-packages/airflow/example_dags/example_sla_dag.py took 0.061 seconds
