[2024-12-05T07:04:16.089+0000] {processor.py:186} INFO - Started process (PID=35289) to work on /home/airflow/.local/lib/python3.12/site-packages/airflow/example_dags/example_display_name.py
[2024-12-05T07:04:16.089+0000] {processor.py:914} INFO - Processing file /home/airflow/.local/lib/python3.12/site-packages/airflow/example_dags/example_display_name.py for tasks to queue
[2024-12-05T07:04:16.091+0000] {logging_mixin.py:190} INFO - [2024-12-05T07:04:16.091+0000] {dagbag.py:588} INFO - Filling up the DagBag from /home/airflow/.local/lib/python3.12/site-packages/airflow/example_dags/example_display_name.py
[2024-12-05T07:04:16.099+0000] {processor.py:925} INFO - DAG(s) 'example_display_name' retrieved from /home/airflow/.local/lib/python3.12/site-packages/airflow/example_dags/example_display_name.py
[2024-12-05T07:04:16.114+0000] {logging_mixin.py:190} INFO - [2024-12-05T07:04:16.114+0000] {dag.py:3239} INFO - Sync 1 DAGs
[2024-12-05T07:04:16.125+0000] {logging_mixin.py:190} INFO - [2024-12-05T07:04:16.124+0000] {dag.py:4180} INFO - Setting next_dagrun for example_display_name to None, run_after=None
[2024-12-05T07:04:16.139+0000] {processor.py:208} INFO - Processing /home/airflow/.local/lib/python3.12/site-packages/airflow/example_dags/example_display_name.py took 0.055 seconds
[2024-12-05T07:04:47.355+0000] {processor.py:186} INFO - Started process (PID=35351) to work on /home/airflow/.local/lib/python3.12/site-packages/airflow/example_dags/example_display_name.py
[2024-12-05T07:04:47.356+0000] {processor.py:914} INFO - Processing file /home/airflow/.local/lib/python3.12/site-packages/airflow/example_dags/example_display_name.py for tasks to queue
[2024-12-05T07:04:47.357+0000] {logging_mixin.py:190} INFO - [2024-12-05T07:04:47.357+0000] {dagbag.py:588} INFO - Filling up the DagBag from /home/airflow/.local/lib/python3.12/site-packages/airflow/example_dags/example_display_name.py
[2024-12-05T07:04:47.362+0000] {processor.py:925} INFO - DAG(s) 'example_display_name' retrieved from /home/airflow/.local/lib/python3.12/site-packages/airflow/example_dags/example_display_name.py
[2024-12-05T07:04:47.375+0000] {logging_mixin.py:190} INFO - [2024-12-05T07:04:47.375+0000] {dag.py:3239} INFO - Sync 1 DAGs
[2024-12-05T07:04:47.386+0000] {logging_mixin.py:190} INFO - [2024-12-05T07:04:47.385+0000] {dag.py:4180} INFO - Setting next_dagrun for example_display_name to None, run_after=None
[2024-12-05T07:04:47.397+0000] {processor.py:208} INFO - Processing /home/airflow/.local/lib/python3.12/site-packages/airflow/example_dags/example_display_name.py took 0.046 seconds
[2024-12-05T07:05:17.920+0000] {processor.py:186} INFO - Started process (PID=35415) to work on /home/airflow/.local/lib/python3.12/site-packages/airflow/example_dags/example_display_name.py
[2024-12-05T07:05:17.921+0000] {processor.py:914} INFO - Processing file /home/airflow/.local/lib/python3.12/site-packages/airflow/example_dags/example_display_name.py for tasks to queue
[2024-12-05T07:05:17.922+0000] {logging_mixin.py:190} INFO - [2024-12-05T07:05:17.922+0000] {dagbag.py:588} INFO - Filling up the DagBag from /home/airflow/.local/lib/python3.12/site-packages/airflow/example_dags/example_display_name.py
[2024-12-05T07:05:17.928+0000] {processor.py:925} INFO - DAG(s) 'example_display_name' retrieved from /home/airflow/.local/lib/python3.12/site-packages/airflow/example_dags/example_display_name.py
[2024-12-05T07:05:17.941+0000] {logging_mixin.py:190} INFO - [2024-12-05T07:05:17.941+0000] {dag.py:3239} INFO - Sync 1 DAGs
[2024-12-05T07:05:17.951+0000] {logging_mixin.py:190} INFO - [2024-12-05T07:05:17.951+0000] {dag.py:4180} INFO - Setting next_dagrun for example_display_name to None, run_after=None
[2024-12-05T07:05:17.964+0000] {processor.py:208} INFO - Processing /home/airflow/.local/lib/python3.12/site-packages/airflow/example_dags/example_display_name.py took 0.048 seconds
[2024-12-05T07:05:48.940+0000] {processor.py:186} INFO - Started process (PID=35477) to work on /home/airflow/.local/lib/python3.12/site-packages/airflow/example_dags/example_display_name.py
[2024-12-05T07:05:48.940+0000] {processor.py:914} INFO - Processing file /home/airflow/.local/lib/python3.12/site-packages/airflow/example_dags/example_display_name.py for tasks to queue
[2024-12-05T07:05:48.942+0000] {logging_mixin.py:190} INFO - [2024-12-05T07:05:48.942+0000] {dagbag.py:588} INFO - Filling up the DagBag from /home/airflow/.local/lib/python3.12/site-packages/airflow/example_dags/example_display_name.py
[2024-12-05T07:05:48.950+0000] {processor.py:925} INFO - DAG(s) 'example_display_name' retrieved from /home/airflow/.local/lib/python3.12/site-packages/airflow/example_dags/example_display_name.py
[2024-12-05T07:05:48.963+0000] {logging_mixin.py:190} INFO - [2024-12-05T07:05:48.963+0000] {dag.py:3239} INFO - Sync 1 DAGs
[2024-12-05T07:05:48.974+0000] {logging_mixin.py:190} INFO - [2024-12-05T07:05:48.973+0000] {dag.py:4180} INFO - Setting next_dagrun for example_display_name to None, run_after=None
[2024-12-05T07:05:48.987+0000] {processor.py:208} INFO - Processing /home/airflow/.local/lib/python3.12/site-packages/airflow/example_dags/example_display_name.py took 0.051 seconds
[2024-12-05T07:06:19.807+0000] {processor.py:186} INFO - Started process (PID=35540) to work on /home/airflow/.local/lib/python3.12/site-packages/airflow/example_dags/example_display_name.py
[2024-12-05T07:06:19.808+0000] {processor.py:914} INFO - Processing file /home/airflow/.local/lib/python3.12/site-packages/airflow/example_dags/example_display_name.py for tasks to queue
[2024-12-05T07:06:19.809+0000] {logging_mixin.py:190} INFO - [2024-12-05T07:06:19.809+0000] {dagbag.py:588} INFO - Filling up the DagBag from /home/airflow/.local/lib/python3.12/site-packages/airflow/example_dags/example_display_name.py
[2024-12-05T07:06:19.815+0000] {processor.py:925} INFO - DAG(s) 'example_display_name' retrieved from /home/airflow/.local/lib/python3.12/site-packages/airflow/example_dags/example_display_name.py
[2024-12-05T07:06:19.830+0000] {logging_mixin.py:190} INFO - [2024-12-05T07:06:19.830+0000] {dag.py:3239} INFO - Sync 1 DAGs
[2024-12-05T07:06:19.841+0000] {logging_mixin.py:190} INFO - [2024-12-05T07:06:19.841+0000] {dag.py:4180} INFO - Setting next_dagrun for example_display_name to None, run_after=None
[2024-12-05T07:06:19.856+0000] {processor.py:208} INFO - Processing /home/airflow/.local/lib/python3.12/site-packages/airflow/example_dags/example_display_name.py took 0.053 seconds
[2024-12-05T07:06:50.023+0000] {processor.py:186} INFO - Started process (PID=35608) to work on /home/airflow/.local/lib/python3.12/site-packages/airflow/example_dags/example_display_name.py
[2024-12-05T07:06:50.023+0000] {processor.py:914} INFO - Processing file /home/airflow/.local/lib/python3.12/site-packages/airflow/example_dags/example_display_name.py for tasks to queue
[2024-12-05T07:06:50.025+0000] {logging_mixin.py:190} INFO - [2024-12-05T07:06:50.025+0000] {dagbag.py:588} INFO - Filling up the DagBag from /home/airflow/.local/lib/python3.12/site-packages/airflow/example_dags/example_display_name.py
[2024-12-05T07:06:50.030+0000] {processor.py:925} INFO - DAG(s) 'example_display_name' retrieved from /home/airflow/.local/lib/python3.12/site-packages/airflow/example_dags/example_display_name.py
[2024-12-05T07:06:50.044+0000] {logging_mixin.py:190} INFO - [2024-12-05T07:06:50.043+0000] {dag.py:3239} INFO - Sync 1 DAGs
[2024-12-05T07:06:50.053+0000] {logging_mixin.py:190} INFO - [2024-12-05T07:06:50.053+0000] {dag.py:4180} INFO - Setting next_dagrun for example_display_name to None, run_after=None
[2024-12-05T07:06:50.066+0000] {processor.py:208} INFO - Processing /home/airflow/.local/lib/python3.12/site-packages/airflow/example_dags/example_display_name.py took 0.047 seconds
[2024-12-05T07:07:20.452+0000] {processor.py:186} INFO - Started process (PID=35671) to work on /home/airflow/.local/lib/python3.12/site-packages/airflow/example_dags/example_display_name.py
[2024-12-05T07:07:20.452+0000] {processor.py:914} INFO - Processing file /home/airflow/.local/lib/python3.12/site-packages/airflow/example_dags/example_display_name.py for tasks to queue
[2024-12-05T07:07:20.454+0000] {logging_mixin.py:190} INFO - [2024-12-05T07:07:20.454+0000] {dagbag.py:588} INFO - Filling up the DagBag from /home/airflow/.local/lib/python3.12/site-packages/airflow/example_dags/example_display_name.py
[2024-12-05T07:07:20.459+0000] {processor.py:925} INFO - DAG(s) 'example_display_name' retrieved from /home/airflow/.local/lib/python3.12/site-packages/airflow/example_dags/example_display_name.py
[2024-12-05T07:07:20.473+0000] {logging_mixin.py:190} INFO - [2024-12-05T07:07:20.472+0000] {dag.py:3239} INFO - Sync 1 DAGs
[2024-12-05T07:07:20.483+0000] {logging_mixin.py:190} INFO - [2024-12-05T07:07:20.483+0000] {dag.py:4180} INFO - Setting next_dagrun for example_display_name to None, run_after=None
[2024-12-05T07:07:20.496+0000] {processor.py:208} INFO - Processing /home/airflow/.local/lib/python3.12/site-packages/airflow/example_dags/example_display_name.py took 0.048 seconds
[2024-12-05T07:07:50.908+0000] {processor.py:186} INFO - Started process (PID=35734) to work on /home/airflow/.local/lib/python3.12/site-packages/airflow/example_dags/example_display_name.py
[2024-12-05T07:07:50.908+0000] {processor.py:914} INFO - Processing file /home/airflow/.local/lib/python3.12/site-packages/airflow/example_dags/example_display_name.py for tasks to queue
[2024-12-05T07:07:50.910+0000] {logging_mixin.py:190} INFO - [2024-12-05T07:07:50.910+0000] {dagbag.py:588} INFO - Filling up the DagBag from /home/airflow/.local/lib/python3.12/site-packages/airflow/example_dags/example_display_name.py
[2024-12-05T07:07:50.916+0000] {processor.py:925} INFO - DAG(s) 'example_display_name' retrieved from /home/airflow/.local/lib/python3.12/site-packages/airflow/example_dags/example_display_name.py
[2024-12-05T07:07:50.931+0000] {logging_mixin.py:190} INFO - [2024-12-05T07:07:50.931+0000] {dag.py:3239} INFO - Sync 1 DAGs
[2024-12-05T07:07:50.943+0000] {logging_mixin.py:190} INFO - [2024-12-05T07:07:50.943+0000] {dag.py:4180} INFO - Setting next_dagrun for example_display_name to None, run_after=None
[2024-12-05T07:07:50.958+0000] {processor.py:208} INFO - Processing /home/airflow/.local/lib/python3.12/site-packages/airflow/example_dags/example_display_name.py took 0.054 seconds
