[2024-12-05T07:04:14.903+0000] {processor.py:186} INFO - Started process (PID=35271) to work on /home/airflow/.local/lib/python3.12/site-packages/airflow/example_dags/example_trigger_target_dag.py
[2024-12-05T07:04:14.904+0000] {processor.py:914} INFO - Processing file /home/airflow/.local/lib/python3.12/site-packages/airflow/example_dags/example_trigger_target_dag.py for tasks to queue
[2024-12-05T07:04:14.905+0000] {logging_mixin.py:190} INFO - [2024-12-05T07:04:14.905+0000] {dagbag.py:588} INFO - Filling up the DagBag from /home/airflow/.local/lib/python3.12/site-packages/airflow/example_dags/example_trigger_target_dag.py
[2024-12-05T07:04:14.911+0000] {processor.py:925} INFO - DAG(s) 'example_trigger_target_dag' retrieved from /home/airflow/.local/lib/python3.12/site-packages/airflow/example_dags/example_trigger_target_dag.py
[2024-12-05T07:04:14.926+0000] {logging_mixin.py:190} INFO - [2024-12-05T07:04:14.926+0000] {dag.py:3239} INFO - Sync 1 DAGs
[2024-12-05T07:04:14.937+0000] {logging_mixin.py:190} INFO - [2024-12-05T07:04:14.936+0000] {dag.py:4180} INFO - Setting next_dagrun for example_trigger_target_dag to None, run_after=None
[2024-12-05T07:04:14.950+0000] {processor.py:208} INFO - Processing /home/airflow/.local/lib/python3.12/site-packages/airflow/example_dags/example_trigger_target_dag.py took 0.051 seconds
[2024-12-05T07:04:46.136+0000] {processor.py:186} INFO - Started process (PID=35334) to work on /home/airflow/.local/lib/python3.12/site-packages/airflow/example_dags/example_trigger_target_dag.py
[2024-12-05T07:04:46.137+0000] {processor.py:914} INFO - Processing file /home/airflow/.local/lib/python3.12/site-packages/airflow/example_dags/example_trigger_target_dag.py for tasks to queue
[2024-12-05T07:04:46.139+0000] {logging_mixin.py:190} INFO - [2024-12-05T07:04:46.138+0000] {dagbag.py:588} INFO - Filling up the DagBag from /home/airflow/.local/lib/python3.12/site-packages/airflow/example_dags/example_trigger_target_dag.py
[2024-12-05T07:04:46.144+0000] {processor.py:925} INFO - DAG(s) 'example_trigger_target_dag' retrieved from /home/airflow/.local/lib/python3.12/site-packages/airflow/example_dags/example_trigger_target_dag.py
[2024-12-05T07:04:46.158+0000] {logging_mixin.py:190} INFO - [2024-12-05T07:04:46.157+0000] {dag.py:3239} INFO - Sync 1 DAGs
[2024-12-05T07:04:46.168+0000] {logging_mixin.py:190} INFO - [2024-12-05T07:04:46.168+0000] {dag.py:4180} INFO - Setting next_dagrun for example_trigger_target_dag to None, run_after=None
[2024-12-05T07:04:46.181+0000] {processor.py:208} INFO - Processing /home/airflow/.local/lib/python3.12/site-packages/airflow/example_dags/example_trigger_target_dag.py took 0.049 seconds
[2024-12-05T07:05:16.956+0000] {processor.py:186} INFO - Started process (PID=35397) to work on /home/airflow/.local/lib/python3.12/site-packages/airflow/example_dags/example_trigger_target_dag.py
[2024-12-05T07:05:16.956+0000] {processor.py:914} INFO - Processing file /home/airflow/.local/lib/python3.12/site-packages/airflow/example_dags/example_trigger_target_dag.py for tasks to queue
[2024-12-05T07:05:16.958+0000] {logging_mixin.py:190} INFO - [2024-12-05T07:05:16.958+0000] {dagbag.py:588} INFO - Filling up the DagBag from /home/airflow/.local/lib/python3.12/site-packages/airflow/example_dags/example_trigger_target_dag.py
[2024-12-05T07:05:16.963+0000] {processor.py:925} INFO - DAG(s) 'example_trigger_target_dag' retrieved from /home/airflow/.local/lib/python3.12/site-packages/airflow/example_dags/example_trigger_target_dag.py
[2024-12-05T07:05:16.977+0000] {logging_mixin.py:190} INFO - [2024-12-05T07:05:16.977+0000] {dag.py:3239} INFO - Sync 1 DAGs
[2024-12-05T07:05:16.988+0000] {logging_mixin.py:190} INFO - [2024-12-05T07:05:16.988+0000] {dag.py:4180} INFO - Setting next_dagrun for example_trigger_target_dag to None, run_after=None
[2024-12-05T07:05:17.000+0000] {processor.py:208} INFO - Processing /home/airflow/.local/lib/python3.12/site-packages/airflow/example_dags/example_trigger_target_dag.py took 0.048 seconds
[2024-12-05T07:05:47.413+0000] {processor.py:186} INFO - Started process (PID=35460) to work on /home/airflow/.local/lib/python3.12/site-packages/airflow/example_dags/example_trigger_target_dag.py
[2024-12-05T07:05:47.413+0000] {processor.py:914} INFO - Processing file /home/airflow/.local/lib/python3.12/site-packages/airflow/example_dags/example_trigger_target_dag.py for tasks to queue
[2024-12-05T07:05:47.415+0000] {logging_mixin.py:190} INFO - [2024-12-05T07:05:47.415+0000] {dagbag.py:588} INFO - Filling up the DagBag from /home/airflow/.local/lib/python3.12/site-packages/airflow/example_dags/example_trigger_target_dag.py
[2024-12-05T07:05:47.421+0000] {processor.py:925} INFO - DAG(s) 'example_trigger_target_dag' retrieved from /home/airflow/.local/lib/python3.12/site-packages/airflow/example_dags/example_trigger_target_dag.py
[2024-12-05T07:05:47.436+0000] {logging_mixin.py:190} INFO - [2024-12-05T07:05:47.436+0000] {dag.py:3239} INFO - Sync 1 DAGs
[2024-12-05T07:05:47.448+0000] {logging_mixin.py:190} INFO - [2024-12-05T07:05:47.448+0000] {dag.py:4180} INFO - Setting next_dagrun for example_trigger_target_dag to None, run_after=None
[2024-12-05T07:05:47.463+0000] {processor.py:208} INFO - Processing /home/airflow/.local/lib/python3.12/site-packages/airflow/example_dags/example_trigger_target_dag.py took 0.055 seconds
[2024-12-05T07:06:17.510+0000] {processor.py:186} INFO - Started process (PID=35522) to work on /home/airflow/.local/lib/python3.12/site-packages/airflow/example_dags/example_trigger_target_dag.py
[2024-12-05T07:06:17.510+0000] {processor.py:914} INFO - Processing file /home/airflow/.local/lib/python3.12/site-packages/airflow/example_dags/example_trigger_target_dag.py for tasks to queue
[2024-12-05T07:06:17.512+0000] {logging_mixin.py:190} INFO - [2024-12-05T07:06:17.512+0000] {dagbag.py:588} INFO - Filling up the DagBag from /home/airflow/.local/lib/python3.12/site-packages/airflow/example_dags/example_trigger_target_dag.py
[2024-12-05T07:06:17.517+0000] {processor.py:925} INFO - DAG(s) 'example_trigger_target_dag' retrieved from /home/airflow/.local/lib/python3.12/site-packages/airflow/example_dags/example_trigger_target_dag.py
[2024-12-05T07:06:17.531+0000] {logging_mixin.py:190} INFO - [2024-12-05T07:06:17.531+0000] {dag.py:3239} INFO - Sync 1 DAGs
[2024-12-05T07:06:17.542+0000] {logging_mixin.py:190} INFO - [2024-12-05T07:06:17.542+0000] {dag.py:4180} INFO - Setting next_dagrun for example_trigger_target_dag to None, run_after=None
[2024-12-05T07:06:17.556+0000] {processor.py:208} INFO - Processing /home/airflow/.local/lib/python3.12/site-packages/airflow/example_dags/example_trigger_target_dag.py took 0.050 seconds
[2024-12-05T07:06:47.765+0000] {processor.py:186} INFO - Started process (PID=35596) to work on /home/airflow/.local/lib/python3.12/site-packages/airflow/example_dags/example_trigger_target_dag.py
[2024-12-05T07:06:47.765+0000] {processor.py:914} INFO - Processing file /home/airflow/.local/lib/python3.12/site-packages/airflow/example_dags/example_trigger_target_dag.py for tasks to queue
[2024-12-05T07:06:47.767+0000] {logging_mixin.py:190} INFO - [2024-12-05T07:06:47.767+0000] {dagbag.py:588} INFO - Filling up the DagBag from /home/airflow/.local/lib/python3.12/site-packages/airflow/example_dags/example_trigger_target_dag.py
[2024-12-05T07:06:47.773+0000] {processor.py:925} INFO - DAG(s) 'example_trigger_target_dag' retrieved from /home/airflow/.local/lib/python3.12/site-packages/airflow/example_dags/example_trigger_target_dag.py
[2024-12-05T07:06:47.786+0000] {logging_mixin.py:190} INFO - [2024-12-05T07:06:47.786+0000] {dag.py:3239} INFO - Sync 1 DAGs
[2024-12-05T07:06:47.798+0000] {logging_mixin.py:190} INFO - [2024-12-05T07:06:47.798+0000] {dag.py:4180} INFO - Setting next_dagrun for example_trigger_target_dag to None, run_after=None
[2024-12-05T07:06:47.810+0000] {processor.py:208} INFO - Processing /home/airflow/.local/lib/python3.12/site-packages/airflow/example_dags/example_trigger_target_dag.py took 0.049 seconds
[2024-12-05T07:07:18.172+0000] {processor.py:186} INFO - Started process (PID=35665) to work on /home/airflow/.local/lib/python3.12/site-packages/airflow/example_dags/example_trigger_target_dag.py
[2024-12-05T07:07:18.173+0000] {processor.py:914} INFO - Processing file /home/airflow/.local/lib/python3.12/site-packages/airflow/example_dags/example_trigger_target_dag.py for tasks to queue
[2024-12-05T07:07:18.174+0000] {logging_mixin.py:190} INFO - [2024-12-05T07:07:18.174+0000] {dagbag.py:588} INFO - Filling up the DagBag from /home/airflow/.local/lib/python3.12/site-packages/airflow/example_dags/example_trigger_target_dag.py
[2024-12-05T07:07:18.179+0000] {processor.py:925} INFO - DAG(s) 'example_trigger_target_dag' retrieved from /home/airflow/.local/lib/python3.12/site-packages/airflow/example_dags/example_trigger_target_dag.py
[2024-12-05T07:07:18.194+0000] {logging_mixin.py:190} INFO - [2024-12-05T07:07:18.194+0000] {dag.py:3239} INFO - Sync 1 DAGs
[2024-12-05T07:07:18.205+0000] {logging_mixin.py:190} INFO - [2024-12-05T07:07:18.204+0000] {dag.py:4180} INFO - Setting next_dagrun for example_trigger_target_dag to None, run_after=None
[2024-12-05T07:07:18.218+0000] {processor.py:208} INFO - Processing /home/airflow/.local/lib/python3.12/site-packages/airflow/example_dags/example_trigger_target_dag.py took 0.051 seconds
[2024-12-05T07:07:48.511+0000] {processor.py:186} INFO - Started process (PID=35725) to work on /home/airflow/.local/lib/python3.12/site-packages/airflow/example_dags/example_trigger_target_dag.py
[2024-12-05T07:07:48.512+0000] {processor.py:914} INFO - Processing file /home/airflow/.local/lib/python3.12/site-packages/airflow/example_dags/example_trigger_target_dag.py for tasks to queue
[2024-12-05T07:07:48.513+0000] {logging_mixin.py:190} INFO - [2024-12-05T07:07:48.513+0000] {dagbag.py:588} INFO - Filling up the DagBag from /home/airflow/.local/lib/python3.12/site-packages/airflow/example_dags/example_trigger_target_dag.py
[2024-12-05T07:07:48.520+0000] {processor.py:925} INFO - DAG(s) 'example_trigger_target_dag' retrieved from /home/airflow/.local/lib/python3.12/site-packages/airflow/example_dags/example_trigger_target_dag.py
[2024-12-05T07:07:48.535+0000] {logging_mixin.py:190} INFO - [2024-12-05T07:07:48.535+0000] {dag.py:3239} INFO - Sync 1 DAGs
[2024-12-05T07:07:48.546+0000] {logging_mixin.py:190} INFO - [2024-12-05T07:07:48.545+0000] {dag.py:4180} INFO - Setting next_dagrun for example_trigger_target_dag to None, run_after=None
[2024-12-05T07:07:48.559+0000] {processor.py:208} INFO - Processing /home/airflow/.local/lib/python3.12/site-packages/airflow/example_dags/example_trigger_target_dag.py took 0.052 seconds
