[2024-12-05T07:04:15.449+0000] {processor.py:186} INFO - Started process (PID=35281) to work on /home/airflow/.local/lib/python3.12/site-packages/airflow/example_dags/example_datasets.py
[2024-12-05T07:04:15.449+0000] {processor.py:914} INFO - Processing file /home/airflow/.local/lib/python3.12/site-packages/airflow/example_dags/example_datasets.py for tasks to queue
[2024-12-05T07:04:15.451+0000] {logging_mixin.py:190} INFO - [2024-12-05T07:04:15.451+0000] {dagbag.py:588} INFO - Filling up the DagBag from /home/airflow/.local/lib/python3.12/site-packages/airflow/example_dags/example_datasets.py
[2024-12-05T07:04:15.775+0000] {processor.py:925} INFO - DAG(s) 'dataset_consumes_1', 'consume_1_and_2_with_dataset_expressions', 'dataset_produces_2', 'dataset_produces_1', 'consume_1_or_both_2_and_3_with_dataset_expressions', 'dataset_consumes_1_and_2', 'consume_1_or_2_with_dataset_expressions', 'dataset_consumes_unknown_never_scheduled', 'dataset_consumes_1_never_scheduled', 'conditional_dataset_and_time_based_timetable' retrieved from /home/airflow/.local/lib/python3.12/site-packages/airflow/example_dags/example_datasets.py
[2024-12-05T07:04:15.809+0000] {logging_mixin.py:190} INFO - [2024-12-05T07:04:15.809+0000] {dag.py:3239} INFO - Sync 10 DAGs
[2024-12-05T07:04:15.835+0000] {logging_mixin.py:190} INFO - [2024-12-05T07:04:15.834+0000] {dag.py:4180} INFO - Setting next_dagrun for conditional_dataset_and_time_based_timetable to 2024-12-04 01:00:00+00:00, run_after=2024-12-04 01:00:00+00:00
[2024-12-05T07:04:15.838+0000] {logging_mixin.py:190} INFO - [2024-12-05T07:04:15.838+0000] {dag.py:4180} INFO - Setting next_dagrun for consume_1_and_2_with_dataset_expressions to None, run_after=None
[2024-12-05T07:04:15.839+0000] {logging_mixin.py:190} INFO - [2024-12-05T07:04:15.839+0000] {dag.py:4180} INFO - Setting next_dagrun for consume_1_or_2_with_dataset_expressions to None, run_after=None
[2024-12-05T07:04:15.840+0000] {logging_mixin.py:190} INFO - [2024-12-05T07:04:15.840+0000] {dag.py:4180} INFO - Setting next_dagrun for consume_1_or_both_2_and_3_with_dataset_expressions to None, run_after=None
[2024-12-05T07:04:15.841+0000] {logging_mixin.py:190} INFO - [2024-12-05T07:04:15.841+0000] {dag.py:4180} INFO - Setting next_dagrun for dataset_consumes_1 to None, run_after=None
[2024-12-05T07:04:15.842+0000] {logging_mixin.py:190} INFO - [2024-12-05T07:04:15.842+0000] {dag.py:4180} INFO - Setting next_dagrun for dataset_consumes_1_and_2 to None, run_after=None
[2024-12-05T07:04:15.843+0000] {logging_mixin.py:190} INFO - [2024-12-05T07:04:15.843+0000] {dag.py:4180} INFO - Setting next_dagrun for dataset_consumes_1_never_scheduled to None, run_after=None
[2024-12-05T07:04:15.844+0000] {logging_mixin.py:190} INFO - [2024-12-05T07:04:15.844+0000] {dag.py:4180} INFO - Setting next_dagrun for dataset_consumes_unknown_never_scheduled to None, run_after=None
[2024-12-05T07:04:15.846+0000] {logging_mixin.py:190} INFO - [2024-12-05T07:04:15.846+0000] {dag.py:4180} INFO - Setting next_dagrun for dataset_produces_1 to 2024-12-04 00:00:00+00:00, run_after=2024-12-05 00:00:00+00:00
[2024-12-05T07:04:15.847+0000] {logging_mixin.py:190} INFO - [2024-12-05T07:04:15.847+0000] {dag.py:4180} INFO - Setting next_dagrun for dataset_produces_2 to None, run_after=None
[2024-12-05T07:04:16.049+0000] {processor.py:208} INFO - Processing /home/airflow/.local/lib/python3.12/site-packages/airflow/example_dags/example_datasets.py took 0.605 seconds
[2024-12-05T07:04:46.634+0000] {processor.py:186} INFO - Started process (PID=35344) to work on /home/airflow/.local/lib/python3.12/site-packages/airflow/example_dags/example_datasets.py
[2024-12-05T07:04:46.634+0000] {processor.py:914} INFO - Processing file /home/airflow/.local/lib/python3.12/site-packages/airflow/example_dags/example_datasets.py for tasks to queue
[2024-12-05T07:04:46.636+0000] {logging_mixin.py:190} INFO - [2024-12-05T07:04:46.636+0000] {dagbag.py:588} INFO - Filling up the DagBag from /home/airflow/.local/lib/python3.12/site-packages/airflow/example_dags/example_datasets.py
[2024-12-05T07:04:46.932+0000] {processor.py:925} INFO - DAG(s) 'dataset_produces_2', 'conditional_dataset_and_time_based_timetable', 'dataset_consumes_1', 'consume_1_and_2_with_dataset_expressions', 'dataset_consumes_1_never_scheduled', 'dataset_consumes_1_and_2', 'dataset_consumes_unknown_never_scheduled', 'consume_1_or_2_with_dataset_expressions', 'dataset_produces_1', 'consume_1_or_both_2_and_3_with_dataset_expressions' retrieved from /home/airflow/.local/lib/python3.12/site-packages/airflow/example_dags/example_datasets.py
[2024-12-05T07:04:46.964+0000] {logging_mixin.py:190} INFO - [2024-12-05T07:04:46.964+0000] {dag.py:3239} INFO - Sync 10 DAGs
[2024-12-05T07:04:46.983+0000] {logging_mixin.py:190} INFO - [2024-12-05T07:04:46.983+0000] {dag.py:4180} INFO - Setting next_dagrun for conditional_dataset_and_time_based_timetable to 2024-12-04 01:00:00+00:00, run_after=2024-12-04 01:00:00+00:00
[2024-12-05T07:04:46.986+0000] {logging_mixin.py:190} INFO - [2024-12-05T07:04:46.985+0000] {dag.py:4180} INFO - Setting next_dagrun for consume_1_and_2_with_dataset_expressions to None, run_after=None
[2024-12-05T07:04:46.986+0000] {logging_mixin.py:190} INFO - [2024-12-05T07:04:46.986+0000] {dag.py:4180} INFO - Setting next_dagrun for consume_1_or_2_with_dataset_expressions to None, run_after=None
[2024-12-05T07:04:46.987+0000] {logging_mixin.py:190} INFO - [2024-12-05T07:04:46.987+0000] {dag.py:4180} INFO - Setting next_dagrun for consume_1_or_both_2_and_3_with_dataset_expressions to None, run_after=None
[2024-12-05T07:04:46.988+0000] {logging_mixin.py:190} INFO - [2024-12-05T07:04:46.988+0000] {dag.py:4180} INFO - Setting next_dagrun for dataset_consumes_1 to None, run_after=None
[2024-12-05T07:04:46.989+0000] {logging_mixin.py:190} INFO - [2024-12-05T07:04:46.989+0000] {dag.py:4180} INFO - Setting next_dagrun for dataset_consumes_1_and_2 to None, run_after=None
[2024-12-05T07:04:46.990+0000] {logging_mixin.py:190} INFO - [2024-12-05T07:04:46.990+0000] {dag.py:4180} INFO - Setting next_dagrun for dataset_consumes_1_never_scheduled to None, run_after=None
[2024-12-05T07:04:46.991+0000] {logging_mixin.py:190} INFO - [2024-12-05T07:04:46.991+0000] {dag.py:4180} INFO - Setting next_dagrun for dataset_consumes_unknown_never_scheduled to None, run_after=None
[2024-12-05T07:04:46.993+0000] {logging_mixin.py:190} INFO - [2024-12-05T07:04:46.993+0000] {dag.py:4180} INFO - Setting next_dagrun for dataset_produces_1 to 2024-12-04 00:00:00+00:00, run_after=2024-12-05 00:00:00+00:00
[2024-12-05T07:04:46.994+0000] {logging_mixin.py:190} INFO - [2024-12-05T07:04:46.994+0000] {dag.py:4180} INFO - Setting next_dagrun for dataset_produces_2 to None, run_after=None
[2024-12-05T07:04:47.018+0000] {processor.py:208} INFO - Processing /home/airflow/.local/lib/python3.12/site-packages/airflow/example_dags/example_datasets.py took 0.388 seconds
[2024-12-05T07:05:17.351+0000] {processor.py:186} INFO - Started process (PID=35407) to work on /home/airflow/.local/lib/python3.12/site-packages/airflow/example_dags/example_datasets.py
[2024-12-05T07:05:17.352+0000] {processor.py:914} INFO - Processing file /home/airflow/.local/lib/python3.12/site-packages/airflow/example_dags/example_datasets.py for tasks to queue
[2024-12-05T07:05:17.354+0000] {logging_mixin.py:190} INFO - [2024-12-05T07:05:17.353+0000] {dagbag.py:588} INFO - Filling up the DagBag from /home/airflow/.local/lib/python3.12/site-packages/airflow/example_dags/example_datasets.py
[2024-12-05T07:05:17.654+0000] {processor.py:925} INFO - DAG(s) 'dataset_consumes_1_never_scheduled', 'dataset_produces_1', 'consume_1_and_2_with_dataset_expressions', 'dataset_consumes_1_and_2', 'dataset_consumes_1', 'consume_1_or_both_2_and_3_with_dataset_expressions', 'conditional_dataset_and_time_based_timetable', 'consume_1_or_2_with_dataset_expressions', 'dataset_consumes_unknown_never_scheduled', 'dataset_produces_2' retrieved from /home/airflow/.local/lib/python3.12/site-packages/airflow/example_dags/example_datasets.py
[2024-12-05T07:05:17.829+0000] {logging_mixin.py:190} INFO - [2024-12-05T07:05:17.828+0000] {dag.py:3239} INFO - Sync 10 DAGs
[2024-12-05T07:05:17.847+0000] {logging_mixin.py:190} INFO - [2024-12-05T07:05:17.847+0000] {dag.py:4180} INFO - Setting next_dagrun for conditional_dataset_and_time_based_timetable to 2024-12-04 01:00:00+00:00, run_after=2024-12-04 01:00:00+00:00
[2024-12-05T07:05:17.850+0000] {logging_mixin.py:190} INFO - [2024-12-05T07:05:17.850+0000] {dag.py:4180} INFO - Setting next_dagrun for consume_1_and_2_with_dataset_expressions to None, run_after=None
[2024-12-05T07:05:17.851+0000] {logging_mixin.py:190} INFO - [2024-12-05T07:05:17.851+0000] {dag.py:4180} INFO - Setting next_dagrun for consume_1_or_2_with_dataset_expressions to None, run_after=None
[2024-12-05T07:05:17.852+0000] {logging_mixin.py:190} INFO - [2024-12-05T07:05:17.852+0000] {dag.py:4180} INFO - Setting next_dagrun for consume_1_or_both_2_and_3_with_dataset_expressions to None, run_after=None
[2024-12-05T07:05:17.853+0000] {logging_mixin.py:190} INFO - [2024-12-05T07:05:17.853+0000] {dag.py:4180} INFO - Setting next_dagrun for dataset_consumes_1 to None, run_after=None
[2024-12-05T07:05:17.854+0000] {logging_mixin.py:190} INFO - [2024-12-05T07:05:17.854+0000] {dag.py:4180} INFO - Setting next_dagrun for dataset_consumes_1_and_2 to None, run_after=None
[2024-12-05T07:05:17.856+0000] {logging_mixin.py:190} INFO - [2024-12-05T07:05:17.856+0000] {dag.py:4180} INFO - Setting next_dagrun for dataset_consumes_1_never_scheduled to None, run_after=None
[2024-12-05T07:05:17.857+0000] {logging_mixin.py:190} INFO - [2024-12-05T07:05:17.857+0000] {dag.py:4180} INFO - Setting next_dagrun for dataset_consumes_unknown_never_scheduled to None, run_after=None
[2024-12-05T07:05:17.859+0000] {logging_mixin.py:190} INFO - [2024-12-05T07:05:17.859+0000] {dag.py:4180} INFO - Setting next_dagrun for dataset_produces_1 to 2024-12-04 00:00:00+00:00, run_after=2024-12-05 00:00:00+00:00
[2024-12-05T07:05:17.860+0000] {logging_mixin.py:190} INFO - [2024-12-05T07:05:17.860+0000] {dag.py:4180} INFO - Setting next_dagrun for dataset_produces_2 to None, run_after=None
[2024-12-05T07:05:17.885+0000] {processor.py:208} INFO - Processing /home/airflow/.local/lib/python3.12/site-packages/airflow/example_dags/example_datasets.py took 0.537 seconds
[2024-12-05T07:05:48.382+0000] {processor.py:186} INFO - Started process (PID=35475) to work on /home/airflow/.local/lib/python3.12/site-packages/airflow/example_dags/example_datasets.py
[2024-12-05T07:05:48.383+0000] {processor.py:914} INFO - Processing file /home/airflow/.local/lib/python3.12/site-packages/airflow/example_dags/example_datasets.py for tasks to queue
[2024-12-05T07:05:48.384+0000] {logging_mixin.py:190} INFO - [2024-12-05T07:05:48.384+0000] {dagbag.py:588} INFO - Filling up the DagBag from /home/airflow/.local/lib/python3.12/site-packages/airflow/example_dags/example_datasets.py
[2024-12-05T07:05:48.681+0000] {processor.py:925} INFO - DAG(s) 'dataset_consumes_unknown_never_scheduled', 'consume_1_or_both_2_and_3_with_dataset_expressions', 'dataset_consumes_1_and_2', 'consume_1_and_2_with_dataset_expressions', 'dataset_consumes_1', 'conditional_dataset_and_time_based_timetable', 'dataset_produces_1', 'dataset_consumes_1_never_scheduled', 'consume_1_or_2_with_dataset_expressions', 'dataset_produces_2' retrieved from /home/airflow/.local/lib/python3.12/site-packages/airflow/example_dags/example_datasets.py
[2024-12-05T07:05:48.842+0000] {logging_mixin.py:190} INFO - [2024-12-05T07:05:48.842+0000] {dag.py:3239} INFO - Sync 10 DAGs
[2024-12-05T07:05:48.862+0000] {logging_mixin.py:190} INFO - [2024-12-05T07:05:48.862+0000] {dag.py:4180} INFO - Setting next_dagrun for conditional_dataset_and_time_based_timetable to 2024-12-04 01:00:00+00:00, run_after=2024-12-04 01:00:00+00:00
[2024-12-05T07:05:48.865+0000] {logging_mixin.py:190} INFO - [2024-12-05T07:05:48.864+0000] {dag.py:4180} INFO - Setting next_dagrun for consume_1_and_2_with_dataset_expressions to None, run_after=None
[2024-12-05T07:05:48.866+0000] {logging_mixin.py:190} INFO - [2024-12-05T07:05:48.866+0000] {dag.py:4180} INFO - Setting next_dagrun for consume_1_or_2_with_dataset_expressions to None, run_after=None
[2024-12-05T07:05:48.867+0000] {logging_mixin.py:190} INFO - [2024-12-05T07:05:48.867+0000] {dag.py:4180} INFO - Setting next_dagrun for consume_1_or_both_2_and_3_with_dataset_expressions to None, run_after=None
[2024-12-05T07:05:48.868+0000] {logging_mixin.py:190} INFO - [2024-12-05T07:05:48.868+0000] {dag.py:4180} INFO - Setting next_dagrun for dataset_consumes_1 to None, run_after=None
[2024-12-05T07:05:48.869+0000] {logging_mixin.py:190} INFO - [2024-12-05T07:05:48.869+0000] {dag.py:4180} INFO - Setting next_dagrun for dataset_consumes_1_and_2 to None, run_after=None
[2024-12-05T07:05:48.870+0000] {logging_mixin.py:190} INFO - [2024-12-05T07:05:48.870+0000] {dag.py:4180} INFO - Setting next_dagrun for dataset_consumes_1_never_scheduled to None, run_after=None
[2024-12-05T07:05:48.871+0000] {logging_mixin.py:190} INFO - [2024-12-05T07:05:48.871+0000] {dag.py:4180} INFO - Setting next_dagrun for dataset_consumes_unknown_never_scheduled to None, run_after=None
[2024-12-05T07:05:48.873+0000] {logging_mixin.py:190} INFO - [2024-12-05T07:05:48.873+0000] {dag.py:4180} INFO - Setting next_dagrun for dataset_produces_1 to 2024-12-04 00:00:00+00:00, run_after=2024-12-05 00:00:00+00:00
[2024-12-05T07:05:48.874+0000] {logging_mixin.py:190} INFO - [2024-12-05T07:05:48.874+0000] {dag.py:4180} INFO - Setting next_dagrun for dataset_produces_2 to None, run_after=None
[2024-12-05T07:05:48.898+0000] {processor.py:208} INFO - Processing /home/airflow/.local/lib/python3.12/site-packages/airflow/example_dags/example_datasets.py took 0.520 seconds
[2024-12-05T07:06:19.722+0000] {processor.py:186} INFO - Started process (PID=35538) to work on /home/airflow/.local/lib/python3.12/site-packages/airflow/example_dags/example_datasets.py
[2024-12-05T07:06:19.723+0000] {processor.py:914} INFO - Processing file /home/airflow/.local/lib/python3.12/site-packages/airflow/example_dags/example_datasets.py for tasks to queue
[2024-12-05T07:06:19.725+0000] {logging_mixin.py:190} INFO - [2024-12-05T07:06:19.725+0000] {dagbag.py:588} INFO - Filling up the DagBag from /home/airflow/.local/lib/python3.12/site-packages/airflow/example_dags/example_datasets.py
[2024-12-05T07:06:20.048+0000] {processor.py:925} INFO - DAG(s) 'dataset_consumes_1_and_2', 'dataset_consumes_unknown_never_scheduled', 'dataset_produces_2', 'dataset_produces_1', 'consume_1_or_2_with_dataset_expressions', 'consume_1_and_2_with_dataset_expressions', 'conditional_dataset_and_time_based_timetable', 'dataset_consumes_1_never_scheduled', 'consume_1_or_both_2_and_3_with_dataset_expressions', 'dataset_consumes_1' retrieved from /home/airflow/.local/lib/python3.12/site-packages/airflow/example_dags/example_datasets.py
[2024-12-05T07:06:20.085+0000] {logging_mixin.py:190} INFO - [2024-12-05T07:06:20.085+0000] {dag.py:3239} INFO - Sync 10 DAGs
[2024-12-05T07:06:20.250+0000] {logging_mixin.py:190} INFO - [2024-12-05T07:06:20.250+0000] {dag.py:4180} INFO - Setting next_dagrun for conditional_dataset_and_time_based_timetable to 2024-12-04 01:00:00+00:00, run_after=2024-12-04 01:00:00+00:00
[2024-12-05T07:06:20.253+0000] {logging_mixin.py:190} INFO - [2024-12-05T07:06:20.253+0000] {dag.py:4180} INFO - Setting next_dagrun for consume_1_and_2_with_dataset_expressions to None, run_after=None
[2024-12-05T07:06:20.254+0000] {logging_mixin.py:190} INFO - [2024-12-05T07:06:20.254+0000] {dag.py:4180} INFO - Setting next_dagrun for consume_1_or_2_with_dataset_expressions to None, run_after=None
[2024-12-05T07:06:20.255+0000] {logging_mixin.py:190} INFO - [2024-12-05T07:06:20.255+0000] {dag.py:4180} INFO - Setting next_dagrun for consume_1_or_both_2_and_3_with_dataset_expressions to None, run_after=None
[2024-12-05T07:06:20.256+0000] {logging_mixin.py:190} INFO - [2024-12-05T07:06:20.256+0000] {dag.py:4180} INFO - Setting next_dagrun for dataset_consumes_1 to None, run_after=None
[2024-12-05T07:06:20.257+0000] {logging_mixin.py:190} INFO - [2024-12-05T07:06:20.257+0000] {dag.py:4180} INFO - Setting next_dagrun for dataset_consumes_1_and_2 to None, run_after=None
[2024-12-05T07:06:20.258+0000] {logging_mixin.py:190} INFO - [2024-12-05T07:06:20.258+0000] {dag.py:4180} INFO - Setting next_dagrun for dataset_consumes_1_never_scheduled to None, run_after=None
[2024-12-05T07:06:20.259+0000] {logging_mixin.py:190} INFO - [2024-12-05T07:06:20.259+0000] {dag.py:4180} INFO - Setting next_dagrun for dataset_consumes_unknown_never_scheduled to None, run_after=None
[2024-12-05T07:06:20.262+0000] {logging_mixin.py:190} INFO - [2024-12-05T07:06:20.262+0000] {dag.py:4180} INFO - Setting next_dagrun for dataset_produces_1 to 2024-12-04 00:00:00+00:00, run_after=2024-12-05 00:00:00+00:00
[2024-12-05T07:06:20.263+0000] {logging_mixin.py:190} INFO - [2024-12-05T07:06:20.263+0000] {dag.py:4180} INFO - Setting next_dagrun for dataset_produces_2 to None, run_after=None
[2024-12-05T07:06:20.288+0000] {processor.py:208} INFO - Processing /home/airflow/.local/lib/python3.12/site-packages/airflow/example_dags/example_datasets.py took 0.570 seconds
[2024-12-05T07:06:50.340+0000] {processor.py:186} INFO - Started process (PID=35613) to work on /home/airflow/.local/lib/python3.12/site-packages/airflow/example_dags/example_datasets.py
[2024-12-05T07:06:50.341+0000] {processor.py:914} INFO - Processing file /home/airflow/.local/lib/python3.12/site-packages/airflow/example_dags/example_datasets.py for tasks to queue
[2024-12-05T07:06:50.343+0000] {logging_mixin.py:190} INFO - [2024-12-05T07:06:50.343+0000] {dagbag.py:588} INFO - Filling up the DagBag from /home/airflow/.local/lib/python3.12/site-packages/airflow/example_dags/example_datasets.py
[2024-12-05T07:06:50.654+0000] {processor.py:925} INFO - DAG(s) 'dataset_consumes_1_and_2', 'dataset_consumes_unknown_never_scheduled', 'dataset_consumes_1_never_scheduled', 'consume_1_or_2_with_dataset_expressions', 'consume_1_or_both_2_and_3_with_dataset_expressions', 'dataset_consumes_1', 'conditional_dataset_and_time_based_timetable', 'dataset_produces_2', 'dataset_produces_1', 'consume_1_and_2_with_dataset_expressions' retrieved from /home/airflow/.local/lib/python3.12/site-packages/airflow/example_dags/example_datasets.py
[2024-12-05T07:06:50.688+0000] {logging_mixin.py:190} INFO - [2024-12-05T07:06:50.687+0000] {dag.py:3239} INFO - Sync 10 DAGs
[2024-12-05T07:06:50.851+0000] {logging_mixin.py:190} INFO - [2024-12-05T07:06:50.850+0000] {dag.py:4180} INFO - Setting next_dagrun for conditional_dataset_and_time_based_timetable to 2024-12-04 01:00:00+00:00, run_after=2024-12-04 01:00:00+00:00
[2024-12-05T07:06:50.854+0000] {logging_mixin.py:190} INFO - [2024-12-05T07:06:50.854+0000] {dag.py:4180} INFO - Setting next_dagrun for consume_1_and_2_with_dataset_expressions to None, run_after=None
[2024-12-05T07:06:50.855+0000] {logging_mixin.py:190} INFO - [2024-12-05T07:06:50.855+0000] {dag.py:4180} INFO - Setting next_dagrun for consume_1_or_2_with_dataset_expressions to None, run_after=None
[2024-12-05T07:06:50.856+0000] {logging_mixin.py:190} INFO - [2024-12-05T07:06:50.856+0000] {dag.py:4180} INFO - Setting next_dagrun for consume_1_or_both_2_and_3_with_dataset_expressions to None, run_after=None
[2024-12-05T07:06:50.857+0000] {logging_mixin.py:190} INFO - [2024-12-05T07:06:50.857+0000] {dag.py:4180} INFO - Setting next_dagrun for dataset_consumes_1 to None, run_after=None
[2024-12-05T07:06:50.858+0000] {logging_mixin.py:190} INFO - [2024-12-05T07:06:50.858+0000] {dag.py:4180} INFO - Setting next_dagrun for dataset_consumes_1_and_2 to None, run_after=None
[2024-12-05T07:06:50.859+0000] {logging_mixin.py:190} INFO - [2024-12-05T07:06:50.859+0000] {dag.py:4180} INFO - Setting next_dagrun for dataset_consumes_1_never_scheduled to None, run_after=None
[2024-12-05T07:06:50.860+0000] {logging_mixin.py:190} INFO - [2024-12-05T07:06:50.860+0000] {dag.py:4180} INFO - Setting next_dagrun for dataset_consumes_unknown_never_scheduled to None, run_after=None
[2024-12-05T07:06:50.862+0000] {logging_mixin.py:190} INFO - [2024-12-05T07:06:50.862+0000] {dag.py:4180} INFO - Setting next_dagrun for dataset_produces_1 to 2024-12-04 00:00:00+00:00, run_after=2024-12-05 00:00:00+00:00
[2024-12-05T07:06:50.864+0000] {logging_mixin.py:190} INFO - [2024-12-05T07:06:50.863+0000] {dag.py:4180} INFO - Setting next_dagrun for dataset_produces_2 to None, run_after=None
[2024-12-05T07:06:50.889+0000] {processor.py:208} INFO - Processing /home/airflow/.local/lib/python3.12/site-packages/airflow/example_dags/example_datasets.py took 0.552 seconds
[2024-12-05T07:07:21.028+0000] {processor.py:186} INFO - Started process (PID=35681) to work on /home/airflow/.local/lib/python3.12/site-packages/airflow/example_dags/example_datasets.py
[2024-12-05T07:07:21.029+0000] {processor.py:914} INFO - Processing file /home/airflow/.local/lib/python3.12/site-packages/airflow/example_dags/example_datasets.py for tasks to queue
[2024-12-05T07:07:21.031+0000] {logging_mixin.py:190} INFO - [2024-12-05T07:07:21.031+0000] {dagbag.py:588} INFO - Filling up the DagBag from /home/airflow/.local/lib/python3.12/site-packages/airflow/example_dags/example_datasets.py
[2024-12-05T07:07:21.337+0000] {processor.py:925} INFO - DAG(s) 'dataset_produces_2', 'conditional_dataset_and_time_based_timetable', 'dataset_consumes_1_and_2', 'consume_1_or_2_with_dataset_expressions', 'consume_1_or_both_2_and_3_with_dataset_expressions', 'dataset_consumes_unknown_never_scheduled', 'dataset_consumes_1', 'dataset_consumes_1_never_scheduled', 'dataset_produces_1', 'consume_1_and_2_with_dataset_expressions' retrieved from /home/airflow/.local/lib/python3.12/site-packages/airflow/example_dags/example_datasets.py
[2024-12-05T07:07:21.372+0000] {logging_mixin.py:190} INFO - [2024-12-05T07:07:21.372+0000] {dag.py:3239} INFO - Sync 10 DAGs
[2024-12-05T07:07:21.524+0000] {logging_mixin.py:190} INFO - [2024-12-05T07:07:21.523+0000] {dag.py:4180} INFO - Setting next_dagrun for conditional_dataset_and_time_based_timetable to 2024-12-04 01:00:00+00:00, run_after=2024-12-04 01:00:00+00:00
[2024-12-05T07:07:21.527+0000] {logging_mixin.py:190} INFO - [2024-12-05T07:07:21.527+0000] {dag.py:4180} INFO - Setting next_dagrun for consume_1_and_2_with_dataset_expressions to None, run_after=None
[2024-12-05T07:07:21.528+0000] {logging_mixin.py:190} INFO - [2024-12-05T07:07:21.528+0000] {dag.py:4180} INFO - Setting next_dagrun for consume_1_or_2_with_dataset_expressions to None, run_after=None
[2024-12-05T07:07:21.529+0000] {logging_mixin.py:190} INFO - [2024-12-05T07:07:21.529+0000] {dag.py:4180} INFO - Setting next_dagrun for consume_1_or_both_2_and_3_with_dataset_expressions to None, run_after=None
[2024-12-05T07:07:21.530+0000] {logging_mixin.py:190} INFO - [2024-12-05T07:07:21.530+0000] {dag.py:4180} INFO - Setting next_dagrun for dataset_consumes_1 to None, run_after=None
[2024-12-05T07:07:21.531+0000] {logging_mixin.py:190} INFO - [2024-12-05T07:07:21.531+0000] {dag.py:4180} INFO - Setting next_dagrun for dataset_consumes_1_and_2 to None, run_after=None
[2024-12-05T07:07:21.532+0000] {logging_mixin.py:190} INFO - [2024-12-05T07:07:21.532+0000] {dag.py:4180} INFO - Setting next_dagrun for dataset_consumes_1_never_scheduled to None, run_after=None
[2024-12-05T07:07:21.533+0000] {logging_mixin.py:190} INFO - [2024-12-05T07:07:21.533+0000] {dag.py:4180} INFO - Setting next_dagrun for dataset_consumes_unknown_never_scheduled to None, run_after=None
[2024-12-05T07:07:21.535+0000] {logging_mixin.py:190} INFO - [2024-12-05T07:07:21.535+0000] {dag.py:4180} INFO - Setting next_dagrun for dataset_produces_1 to 2024-12-04 00:00:00+00:00, run_after=2024-12-05 00:00:00+00:00
[2024-12-05T07:07:21.536+0000] {logging_mixin.py:190} INFO - [2024-12-05T07:07:21.536+0000] {dag.py:4180} INFO - Setting next_dagrun for dataset_produces_2 to None, run_after=None
[2024-12-05T07:07:21.561+0000] {processor.py:208} INFO - Processing /home/airflow/.local/lib/python3.12/site-packages/airflow/example_dags/example_datasets.py took 0.536 seconds
[2024-12-05T07:07:52.370+0000] {processor.py:186} INFO - Started process (PID=35744) to work on /home/airflow/.local/lib/python3.12/site-packages/airflow/example_dags/example_datasets.py
[2024-12-05T07:07:52.370+0000] {processor.py:914} INFO - Processing file /home/airflow/.local/lib/python3.12/site-packages/airflow/example_dags/example_datasets.py for tasks to queue
[2024-12-05T07:07:52.372+0000] {logging_mixin.py:190} INFO - [2024-12-05T07:07:52.372+0000] {dagbag.py:588} INFO - Filling up the DagBag from /home/airflow/.local/lib/python3.12/site-packages/airflow/example_dags/example_datasets.py
[2024-12-05T07:07:52.864+0000] {processor.py:925} INFO - DAG(s) 'dataset_produces_2', 'dataset_consumes_1_never_scheduled', 'consume_1_or_both_2_and_3_with_dataset_expressions', 'conditional_dataset_and_time_based_timetable', 'dataset_consumes_1_and_2', 'dataset_consumes_unknown_never_scheduled', 'consume_1_or_2_with_dataset_expressions', 'dataset_produces_1', 'consume_1_and_2_with_dataset_expressions', 'dataset_consumes_1' retrieved from /home/airflow/.local/lib/python3.12/site-packages/airflow/example_dags/example_datasets.py
[2024-12-05T07:07:52.899+0000] {logging_mixin.py:190} INFO - [2024-12-05T07:07:52.898+0000] {dag.py:3239} INFO - Sync 10 DAGs
[2024-12-05T07:07:52.919+0000] {logging_mixin.py:190} INFO - [2024-12-05T07:07:52.919+0000] {dag.py:4180} INFO - Setting next_dagrun for conditional_dataset_and_time_based_timetable to 2024-12-04 01:00:00+00:00, run_after=2024-12-04 01:00:00+00:00
[2024-12-05T07:07:52.922+0000] {logging_mixin.py:190} INFO - [2024-12-05T07:07:52.922+0000] {dag.py:4180} INFO - Setting next_dagrun for consume_1_and_2_with_dataset_expressions to None, run_after=None
[2024-12-05T07:07:52.924+0000] {logging_mixin.py:190} INFO - [2024-12-05T07:07:52.924+0000] {dag.py:4180} INFO - Setting next_dagrun for consume_1_or_2_with_dataset_expressions to None, run_after=None
[2024-12-05T07:07:52.925+0000] {logging_mixin.py:190} INFO - [2024-12-05T07:07:52.925+0000] {dag.py:4180} INFO - Setting next_dagrun for consume_1_or_both_2_and_3_with_dataset_expressions to None, run_after=None
[2024-12-05T07:07:52.926+0000] {logging_mixin.py:190} INFO - [2024-12-05T07:07:52.926+0000] {dag.py:4180} INFO - Setting next_dagrun for dataset_consumes_1 to None, run_after=None
[2024-12-05T07:07:52.927+0000] {logging_mixin.py:190} INFO - [2024-12-05T07:07:52.927+0000] {dag.py:4180} INFO - Setting next_dagrun for dataset_consumes_1_and_2 to None, run_after=None
[2024-12-05T07:07:52.928+0000] {logging_mixin.py:190} INFO - [2024-12-05T07:07:52.928+0000] {dag.py:4180} INFO - Setting next_dagrun for dataset_consumes_1_never_scheduled to None, run_after=None
[2024-12-05T07:07:52.930+0000] {logging_mixin.py:190} INFO - [2024-12-05T07:07:52.929+0000] {dag.py:4180} INFO - Setting next_dagrun for dataset_consumes_unknown_never_scheduled to None, run_after=None
[2024-12-05T07:07:52.932+0000] {logging_mixin.py:190} INFO - [2024-12-05T07:07:52.932+0000] {dag.py:4180} INFO - Setting next_dagrun for dataset_produces_1 to 2024-12-04 00:00:00+00:00, run_after=2024-12-05 00:00:00+00:00
[2024-12-05T07:07:52.933+0000] {logging_mixin.py:190} INFO - [2024-12-05T07:07:52.933+0000] {dag.py:4180} INFO - Setting next_dagrun for dataset_produces_2 to None, run_after=None
[2024-12-05T07:07:52.962+0000] {processor.py:208} INFO - Processing /home/airflow/.local/lib/python3.12/site-packages/airflow/example_dags/example_datasets.py took 0.597 seconds
