[2024-12-05T07:04:16.907+0000] {processor.py:186} INFO - Started process (PID=35299) to work on /home/airflow/.local/lib/python3.12/site-packages/airflow/example_dags/example_external_task_marker_dag.py
[2024-12-05T07:04:16.908+0000] {processor.py:914} INFO - Processing file /home/airflow/.local/lib/python3.12/site-packages/airflow/example_dags/example_external_task_marker_dag.py for tasks to queue
[2024-12-05T07:04:16.910+0000] {logging_mixin.py:190} INFO - [2024-12-05T07:04:16.910+0000] {dagbag.py:588} INFO - Filling up the DagBag from /home/airflow/.local/lib/python3.12/site-packages/airflow/example_dags/example_external_task_marker_dag.py
[2024-12-05T07:04:16.916+0000] {processor.py:925} INFO - DAG(s) 'example_external_task_marker_parent', 'example_external_task_marker_child' retrieved from /home/airflow/.local/lib/python3.12/site-packages/airflow/example_dags/example_external_task_marker_dag.py
[2024-12-05T07:04:16.934+0000] {logging_mixin.py:190} INFO - [2024-12-05T07:04:16.934+0000] {dag.py:3239} INFO - Sync 2 DAGs
[2024-12-05T07:04:16.948+0000] {logging_mixin.py:190} INFO - [2024-12-05T07:04:16.948+0000] {dag.py:4180} INFO - Setting next_dagrun for example_external_task_marker_child to None, run_after=None
[2024-12-05T07:04:16.952+0000] {logging_mixin.py:190} INFO - [2024-12-05T07:04:16.952+0000] {dag.py:4180} INFO - Setting next_dagrun for example_external_task_marker_parent to None, run_after=None
[2024-12-05T07:04:16.968+0000] {processor.py:208} INFO - Processing /home/airflow/.local/lib/python3.12/site-packages/airflow/example_dags/example_external_task_marker_dag.py took 0.065 seconds
[2024-12-05T07:04:48.223+0000] {processor.py:186} INFO - Started process (PID=35362) to work on /home/airflow/.local/lib/python3.12/site-packages/airflow/example_dags/example_external_task_marker_dag.py
[2024-12-05T07:04:48.224+0000] {processor.py:914} INFO - Processing file /home/airflow/.local/lib/python3.12/site-packages/airflow/example_dags/example_external_task_marker_dag.py for tasks to queue
[2024-12-05T07:04:48.226+0000] {logging_mixin.py:190} INFO - [2024-12-05T07:04:48.225+0000] {dagbag.py:588} INFO - Filling up the DagBag from /home/airflow/.local/lib/python3.12/site-packages/airflow/example_dags/example_external_task_marker_dag.py
[2024-12-05T07:04:48.230+0000] {processor.py:925} INFO - DAG(s) 'example_external_task_marker_parent', 'example_external_task_marker_child' retrieved from /home/airflow/.local/lib/python3.12/site-packages/airflow/example_dags/example_external_task_marker_dag.py
[2024-12-05T07:04:48.246+0000] {logging_mixin.py:190} INFO - [2024-12-05T07:04:48.246+0000] {dag.py:3239} INFO - Sync 2 DAGs
[2024-12-05T07:04:48.257+0000] {logging_mixin.py:190} INFO - [2024-12-05T07:04:48.257+0000] {dag.py:4180} INFO - Setting next_dagrun for example_external_task_marker_child to None, run_after=None
[2024-12-05T07:04:48.260+0000] {logging_mixin.py:190} INFO - [2024-12-05T07:04:48.260+0000] {dag.py:4180} INFO - Setting next_dagrun for example_external_task_marker_parent to None, run_after=None
[2024-12-05T07:04:48.271+0000] {processor.py:208} INFO - Processing /home/airflow/.local/lib/python3.12/site-packages/airflow/example_dags/example_external_task_marker_dag.py took 0.052 seconds
[2024-12-05T07:05:18.493+0000] {processor.py:186} INFO - Started process (PID=35424) to work on /home/airflow/.local/lib/python3.12/site-packages/airflow/example_dags/example_external_task_marker_dag.py
[2024-12-05T07:05:18.494+0000] {processor.py:914} INFO - Processing file /home/airflow/.local/lib/python3.12/site-packages/airflow/example_dags/example_external_task_marker_dag.py for tasks to queue
[2024-12-05T07:05:18.496+0000] {logging_mixin.py:190} INFO - [2024-12-05T07:05:18.495+0000] {dagbag.py:588} INFO - Filling up the DagBag from /home/airflow/.local/lib/python3.12/site-packages/airflow/example_dags/example_external_task_marker_dag.py
[2024-12-05T07:05:18.501+0000] {processor.py:925} INFO - DAG(s) 'example_external_task_marker_parent', 'example_external_task_marker_child' retrieved from /home/airflow/.local/lib/python3.12/site-packages/airflow/example_dags/example_external_task_marker_dag.py
[2024-12-05T07:05:18.516+0000] {logging_mixin.py:190} INFO - [2024-12-05T07:05:18.516+0000] {dag.py:3239} INFO - Sync 2 DAGs
[2024-12-05T07:05:18.527+0000] {logging_mixin.py:190} INFO - [2024-12-05T07:05:18.527+0000] {dag.py:4180} INFO - Setting next_dagrun for example_external_task_marker_child to None, run_after=None
[2024-12-05T07:05:18.530+0000] {logging_mixin.py:190} INFO - [2024-12-05T07:05:18.530+0000] {dag.py:4180} INFO - Setting next_dagrun for example_external_task_marker_parent to None, run_after=None
[2024-12-05T07:05:18.540+0000] {processor.py:208} INFO - Processing /home/airflow/.local/lib/python3.12/site-packages/airflow/example_dags/example_external_task_marker_dag.py took 0.051 seconds
[2024-12-05T07:05:49.999+0000] {processor.py:186} INFO - Started process (PID=35488) to work on /home/airflow/.local/lib/python3.12/site-packages/airflow/example_dags/example_external_task_marker_dag.py
[2024-12-05T07:05:50.000+0000] {processor.py:914} INFO - Processing file /home/airflow/.local/lib/python3.12/site-packages/airflow/example_dags/example_external_task_marker_dag.py for tasks to queue
[2024-12-05T07:05:50.001+0000] {logging_mixin.py:190} INFO - [2024-12-05T07:05:50.001+0000] {dagbag.py:588} INFO - Filling up the DagBag from /home/airflow/.local/lib/python3.12/site-packages/airflow/example_dags/example_external_task_marker_dag.py
[2024-12-05T07:05:50.006+0000] {processor.py:925} INFO - DAG(s) 'example_external_task_marker_child', 'example_external_task_marker_parent' retrieved from /home/airflow/.local/lib/python3.12/site-packages/airflow/example_dags/example_external_task_marker_dag.py
[2024-12-05T07:05:50.024+0000] {logging_mixin.py:190} INFO - [2024-12-05T07:05:50.024+0000] {dag.py:3239} INFO - Sync 2 DAGs
[2024-12-05T07:05:50.036+0000] {logging_mixin.py:190} INFO - [2024-12-05T07:05:50.036+0000] {dag.py:4180} INFO - Setting next_dagrun for example_external_task_marker_child to None, run_after=None
[2024-12-05T07:05:50.039+0000] {logging_mixin.py:190} INFO - [2024-12-05T07:05:50.039+0000] {dag.py:4180} INFO - Setting next_dagrun for example_external_task_marker_parent to None, run_after=None
[2024-12-05T07:05:50.051+0000] {processor.py:208} INFO - Processing /home/airflow/.local/lib/python3.12/site-packages/airflow/example_dags/example_external_task_marker_dag.py took 0.056 seconds
[2024-12-05T07:06:20.584+0000] {processor.py:186} INFO - Started process (PID=35550) to work on /home/airflow/.local/lib/python3.12/site-packages/airflow/example_dags/example_external_task_marker_dag.py
[2024-12-05T07:06:20.585+0000] {processor.py:914} INFO - Processing file /home/airflow/.local/lib/python3.12/site-packages/airflow/example_dags/example_external_task_marker_dag.py for tasks to queue
[2024-12-05T07:06:20.587+0000] {logging_mixin.py:190} INFO - [2024-12-05T07:06:20.587+0000] {dagbag.py:588} INFO - Filling up the DagBag from /home/airflow/.local/lib/python3.12/site-packages/airflow/example_dags/example_external_task_marker_dag.py
[2024-12-05T07:06:20.593+0000] {processor.py:925} INFO - DAG(s) 'example_external_task_marker_child', 'example_external_task_marker_parent' retrieved from /home/airflow/.local/lib/python3.12/site-packages/airflow/example_dags/example_external_task_marker_dag.py
[2024-12-05T07:06:20.611+0000] {logging_mixin.py:190} INFO - [2024-12-05T07:06:20.611+0000] {dag.py:3239} INFO - Sync 2 DAGs
[2024-12-05T07:06:20.622+0000] {logging_mixin.py:190} INFO - [2024-12-05T07:06:20.622+0000] {dag.py:4180} INFO - Setting next_dagrun for example_external_task_marker_child to None, run_after=None
[2024-12-05T07:06:20.625+0000] {logging_mixin.py:190} INFO - [2024-12-05T07:06:20.625+0000] {dag.py:4180} INFO - Setting next_dagrun for example_external_task_marker_parent to None, run_after=None
[2024-12-05T07:06:20.636+0000] {processor.py:208} INFO - Processing /home/airflow/.local/lib/python3.12/site-packages/airflow/example_dags/example_external_task_marker_dag.py took 0.056 seconds
[2024-12-05T07:06:50.679+0000] {processor.py:186} INFO - Started process (PID=35618) to work on /home/airflow/.local/lib/python3.12/site-packages/airflow/example_dags/example_external_task_marker_dag.py
[2024-12-05T07:06:50.680+0000] {processor.py:914} INFO - Processing file /home/airflow/.local/lib/python3.12/site-packages/airflow/example_dags/example_external_task_marker_dag.py for tasks to queue
[2024-12-05T07:06:50.682+0000] {logging_mixin.py:190} INFO - [2024-12-05T07:06:50.681+0000] {dagbag.py:588} INFO - Filling up the DagBag from /home/airflow/.local/lib/python3.12/site-packages/airflow/example_dags/example_external_task_marker_dag.py
[2024-12-05T07:06:50.687+0000] {processor.py:925} INFO - DAG(s) 'example_external_task_marker_child', 'example_external_task_marker_parent' retrieved from /home/airflow/.local/lib/python3.12/site-packages/airflow/example_dags/example_external_task_marker_dag.py
[2024-12-05T07:06:50.704+0000] {logging_mixin.py:190} INFO - [2024-12-05T07:06:50.704+0000] {dag.py:3239} INFO - Sync 2 DAGs
[2024-12-05T07:06:50.716+0000] {logging_mixin.py:190} INFO - [2024-12-05T07:06:50.716+0000] {dag.py:4180} INFO - Setting next_dagrun for example_external_task_marker_child to None, run_after=None
[2024-12-05T07:06:50.719+0000] {logging_mixin.py:190} INFO - [2024-12-05T07:06:50.719+0000] {dag.py:4180} INFO - Setting next_dagrun for example_external_task_marker_parent to None, run_after=None
[2024-12-05T07:06:50.731+0000] {processor.py:208} INFO - Processing /home/airflow/.local/lib/python3.12/site-packages/airflow/example_dags/example_external_task_marker_dag.py took 0.056 seconds
[2024-12-05T07:07:20.945+0000] {processor.py:186} INFO - Started process (PID=35680) to work on /home/airflow/.local/lib/python3.12/site-packages/airflow/example_dags/example_external_task_marker_dag.py
[2024-12-05T07:07:20.946+0000] {processor.py:914} INFO - Processing file /home/airflow/.local/lib/python3.12/site-packages/airflow/example_dags/example_external_task_marker_dag.py for tasks to queue
[2024-12-05T07:07:20.948+0000] {logging_mixin.py:190} INFO - [2024-12-05T07:07:20.947+0000] {dagbag.py:588} INFO - Filling up the DagBag from /home/airflow/.local/lib/python3.12/site-packages/airflow/example_dags/example_external_task_marker_dag.py
[2024-12-05T07:07:20.953+0000] {processor.py:925} INFO - DAG(s) 'example_external_task_marker_child', 'example_external_task_marker_parent' retrieved from /home/airflow/.local/lib/python3.12/site-packages/airflow/example_dags/example_external_task_marker_dag.py
[2024-12-05T07:07:20.970+0000] {logging_mixin.py:190} INFO - [2024-12-05T07:07:20.970+0000] {dag.py:3239} INFO - Sync 2 DAGs
[2024-12-05T07:07:20.981+0000] {logging_mixin.py:190} INFO - [2024-12-05T07:07:20.981+0000] {dag.py:4180} INFO - Setting next_dagrun for example_external_task_marker_child to None, run_after=None
[2024-12-05T07:07:20.984+0000] {logging_mixin.py:190} INFO - [2024-12-05T07:07:20.984+0000] {dag.py:4180} INFO - Setting next_dagrun for example_external_task_marker_parent to None, run_after=None
[2024-12-05T07:07:20.995+0000] {processor.py:208} INFO - Processing /home/airflow/.local/lib/python3.12/site-packages/airflow/example_dags/example_external_task_marker_dag.py took 0.054 seconds
[2024-12-05T07:07:51.347+0000] {processor.py:186} INFO - Started process (PID=35743) to work on /home/airflow/.local/lib/python3.12/site-packages/airflow/example_dags/example_external_task_marker_dag.py
[2024-12-05T07:07:51.348+0000] {processor.py:914} INFO - Processing file /home/airflow/.local/lib/python3.12/site-packages/airflow/example_dags/example_external_task_marker_dag.py for tasks to queue
[2024-12-05T07:07:51.350+0000] {logging_mixin.py:190} INFO - [2024-12-05T07:07:51.350+0000] {dagbag.py:588} INFO - Filling up the DagBag from /home/airflow/.local/lib/python3.12/site-packages/airflow/example_dags/example_external_task_marker_dag.py
[2024-12-05T07:07:51.356+0000] {processor.py:925} INFO - DAG(s) 'example_external_task_marker_child', 'example_external_task_marker_parent' retrieved from /home/airflow/.local/lib/python3.12/site-packages/airflow/example_dags/example_external_task_marker_dag.py
[2024-12-05T07:07:51.374+0000] {logging_mixin.py:190} INFO - [2024-12-05T07:07:51.373+0000] {dag.py:3239} INFO - Sync 2 DAGs
[2024-12-05T07:07:51.386+0000] {logging_mixin.py:190} INFO - [2024-12-05T07:07:51.386+0000] {dag.py:4180} INFO - Setting next_dagrun for example_external_task_marker_child to None, run_after=None
[2024-12-05T07:07:51.389+0000] {logging_mixin.py:190} INFO - [2024-12-05T07:07:51.389+0000] {dag.py:4180} INFO - Setting next_dagrun for example_external_task_marker_parent to None, run_after=None
[2024-12-05T07:07:51.402+0000] {processor.py:208} INFO - Processing /home/airflow/.local/lib/python3.12/site-packages/airflow/example_dags/example_external_task_marker_dag.py took 0.058 seconds
