[2024-12-05T07:04:13.148+0000] {processor.py:186} INFO - Started process (PID=35252) to work on /home/airflow/.local/lib/python3.12/site-packages/airflow/example_dags/example_subdag_operator.py
[2024-12-05T07:04:13.149+0000] {processor.py:914} INFO - Processing file /home/airflow/.local/lib/python3.12/site-packages/airflow/example_dags/example_subdag_operator.py for tasks to queue
[2024-12-05T07:04:13.151+0000] {logging_mixin.py:190} INFO - [2024-12-05T07:04:13.150+0000] {dagbag.py:588} INFO - Filling up the DagBag from /home/airflow/.local/lib/python3.12/site-packages/airflow/example_dags/example_subdag_operator.py
[2024-12-05T07:04:13.171+0000] {processor.py:925} INFO - DAG(s) 'example_subdag_operator.section-1', 'example_subdag_operator.section-2', 'example_subdag_operator' retrieved from /home/airflow/.local/lib/python3.12/site-packages/airflow/example_dags/example_subdag_operator.py
[2024-12-05T07:04:13.183+0000] {logging_mixin.py:190} INFO - [2024-12-05T07:04:13.183+0000] {dag.py:3239} INFO - Sync 3 DAGs
[2024-12-05T07:04:13.201+0000] {logging_mixin.py:190} INFO - [2024-12-05T07:04:13.201+0000] {dag.py:4180} INFO - Setting next_dagrun for example_subdag_operator to 2022-01-01 00:00:00+00:00, run_after=2022-01-01 00:00:00+00:00
[2024-12-05T07:04:13.204+0000] {logging_mixin.py:190} INFO - [2024-12-05T07:04:13.204+0000] {dag.py:4180} INFO - Setting next_dagrun for example_subdag_operator.section-1 to None, run_after=None
[2024-12-05T07:04:13.205+0000] {logging_mixin.py:190} INFO - [2024-12-05T07:04:13.205+0000] {dag.py:4180} INFO - Setting next_dagrun for example_subdag_operator.section-2 to None, run_after=None
[2024-12-05T07:04:13.211+0000] {logging_mixin.py:190} INFO - [2024-12-05T07:04:13.211+0000] {dag.py:3239} INFO - Sync 2 DAGs
[2024-12-05T07:04:13.216+0000] {logging_mixin.py:190} INFO - [2024-12-05T07:04:13.216+0000] {dag.py:4180} INFO - Setting next_dagrun for example_subdag_operator.section-1 to None, run_after=None
[2024-12-05T07:04:13.217+0000] {logging_mixin.py:190} INFO - [2024-12-05T07:04:13.217+0000] {dag.py:4180} INFO - Setting next_dagrun for example_subdag_operator.section-2 to None, run_after=None
[2024-12-05T07:04:13.228+0000] {processor.py:208} INFO - Processing /home/airflow/.local/lib/python3.12/site-packages/airflow/example_dags/example_subdag_operator.py took 0.084 seconds
[2024-12-05T07:04:43.744+0000] {processor.py:186} INFO - Started process (PID=35315) to work on /home/airflow/.local/lib/python3.12/site-packages/airflow/example_dags/example_subdag_operator.py
[2024-12-05T07:04:43.745+0000] {processor.py:914} INFO - Processing file /home/airflow/.local/lib/python3.12/site-packages/airflow/example_dags/example_subdag_operator.py for tasks to queue
[2024-12-05T07:04:43.746+0000] {logging_mixin.py:190} INFO - [2024-12-05T07:04:43.746+0000] {dagbag.py:588} INFO - Filling up the DagBag from /home/airflow/.local/lib/python3.12/site-packages/airflow/example_dags/example_subdag_operator.py
[2024-12-05T07:04:43.765+0000] {processor.py:925} INFO - DAG(s) 'example_subdag_operator.section-1', 'example_subdag_operator.section-2', 'example_subdag_operator' retrieved from /home/airflow/.local/lib/python3.12/site-packages/airflow/example_dags/example_subdag_operator.py
[2024-12-05T07:04:43.777+0000] {logging_mixin.py:190} INFO - [2024-12-05T07:04:43.777+0000] {dag.py:3239} INFO - Sync 3 DAGs
[2024-12-05T07:04:43.797+0000] {logging_mixin.py:190} INFO - [2024-12-05T07:04:43.797+0000] {dag.py:4180} INFO - Setting next_dagrun for example_subdag_operator to 2022-01-01 00:00:00+00:00, run_after=2022-01-01 00:00:00+00:00
[2024-12-05T07:04:43.800+0000] {logging_mixin.py:190} INFO - [2024-12-05T07:04:43.800+0000] {dag.py:4180} INFO - Setting next_dagrun for example_subdag_operator.section-1 to None, run_after=None
[2024-12-05T07:04:43.802+0000] {logging_mixin.py:190} INFO - [2024-12-05T07:04:43.801+0000] {dag.py:4180} INFO - Setting next_dagrun for example_subdag_operator.section-2 to None, run_after=None
[2024-12-05T07:04:43.807+0000] {logging_mixin.py:190} INFO - [2024-12-05T07:04:43.807+0000] {dag.py:3239} INFO - Sync 2 DAGs
[2024-12-05T07:04:43.812+0000] {logging_mixin.py:190} INFO - [2024-12-05T07:04:43.812+0000] {dag.py:4180} INFO - Setting next_dagrun for example_subdag_operator.section-1 to None, run_after=None
[2024-12-05T07:04:43.813+0000] {logging_mixin.py:190} INFO - [2024-12-05T07:04:43.812+0000] {dag.py:4180} INFO - Setting next_dagrun for example_subdag_operator.section-2 to None, run_after=None
[2024-12-05T07:04:43.821+0000] {processor.py:208} INFO - Processing /home/airflow/.local/lib/python3.12/site-packages/airflow/example_dags/example_subdag_operator.py took 0.081 seconds
[2024-12-05T07:05:13.898+0000] {processor.py:186} INFO - Started process (PID=35378) to work on /home/airflow/.local/lib/python3.12/site-packages/airflow/example_dags/example_subdag_operator.py
[2024-12-05T07:05:13.899+0000] {processor.py:914} INFO - Processing file /home/airflow/.local/lib/python3.12/site-packages/airflow/example_dags/example_subdag_operator.py for tasks to queue
[2024-12-05T07:05:13.901+0000] {logging_mixin.py:190} INFO - [2024-12-05T07:05:13.900+0000] {dagbag.py:588} INFO - Filling up the DagBag from /home/airflow/.local/lib/python3.12/site-packages/airflow/example_dags/example_subdag_operator.py
[2024-12-05T07:05:13.918+0000] {processor.py:925} INFO - DAG(s) 'example_subdag_operator.section-1', 'example_subdag_operator.section-2', 'example_subdag_operator' retrieved from /home/airflow/.local/lib/python3.12/site-packages/airflow/example_dags/example_subdag_operator.py
[2024-12-05T07:05:13.929+0000] {logging_mixin.py:190} INFO - [2024-12-05T07:05:13.928+0000] {dag.py:3239} INFO - Sync 3 DAGs
[2024-12-05T07:05:13.944+0000] {logging_mixin.py:190} INFO - [2024-12-05T07:05:13.944+0000] {dag.py:4180} INFO - Setting next_dagrun for example_subdag_operator to 2022-01-01 00:00:00+00:00, run_after=2022-01-01 00:00:00+00:00
[2024-12-05T07:05:13.947+0000] {logging_mixin.py:190} INFO - [2024-12-05T07:05:13.947+0000] {dag.py:4180} INFO - Setting next_dagrun for example_subdag_operator.section-1 to None, run_after=None
[2024-12-05T07:05:13.948+0000] {logging_mixin.py:190} INFO - [2024-12-05T07:05:13.948+0000] {dag.py:4180} INFO - Setting next_dagrun for example_subdag_operator.section-2 to None, run_after=None
[2024-12-05T07:05:13.953+0000] {logging_mixin.py:190} INFO - [2024-12-05T07:05:13.953+0000] {dag.py:3239} INFO - Sync 2 DAGs
[2024-12-05T07:05:13.957+0000] {logging_mixin.py:190} INFO - [2024-12-05T07:05:13.957+0000] {dag.py:4180} INFO - Setting next_dagrun for example_subdag_operator.section-1 to None, run_after=None
[2024-12-05T07:05:13.957+0000] {logging_mixin.py:190} INFO - [2024-12-05T07:05:13.957+0000] {dag.py:4180} INFO - Setting next_dagrun for example_subdag_operator.section-2 to None, run_after=None
[2024-12-05T07:05:13.965+0000] {processor.py:208} INFO - Processing /home/airflow/.local/lib/python3.12/site-packages/airflow/example_dags/example_subdag_operator.py took 0.070 seconds
[2024-12-05T07:05:44.421+0000] {processor.py:186} INFO - Started process (PID=35441) to work on /home/airflow/.local/lib/python3.12/site-packages/airflow/example_dags/example_subdag_operator.py
[2024-12-05T07:05:44.422+0000] {processor.py:914} INFO - Processing file /home/airflow/.local/lib/python3.12/site-packages/airflow/example_dags/example_subdag_operator.py for tasks to queue
[2024-12-05T07:05:44.424+0000] {logging_mixin.py:190} INFO - [2024-12-05T07:05:44.424+0000] {dagbag.py:588} INFO - Filling up the DagBag from /home/airflow/.local/lib/python3.12/site-packages/airflow/example_dags/example_subdag_operator.py
[2024-12-05T07:05:44.444+0000] {processor.py:925} INFO - DAG(s) 'example_subdag_operator.section-1', 'example_subdag_operator.section-2', 'example_subdag_operator' retrieved from /home/airflow/.local/lib/python3.12/site-packages/airflow/example_dags/example_subdag_operator.py
[2024-12-05T07:05:44.456+0000] {logging_mixin.py:190} INFO - [2024-12-05T07:05:44.456+0000] {dag.py:3239} INFO - Sync 3 DAGs
[2024-12-05T07:05:44.475+0000] {logging_mixin.py:190} INFO - [2024-12-05T07:05:44.475+0000] {dag.py:4180} INFO - Setting next_dagrun for example_subdag_operator to 2022-01-01 00:00:00+00:00, run_after=2022-01-01 00:00:00+00:00
[2024-12-05T07:05:44.479+0000] {logging_mixin.py:190} INFO - [2024-12-05T07:05:44.479+0000] {dag.py:4180} INFO - Setting next_dagrun for example_subdag_operator.section-1 to None, run_after=None
[2024-12-05T07:05:44.480+0000] {logging_mixin.py:190} INFO - [2024-12-05T07:05:44.480+0000] {dag.py:4180} INFO - Setting next_dagrun for example_subdag_operator.section-2 to None, run_after=None
[2024-12-05T07:05:44.485+0000] {logging_mixin.py:190} INFO - [2024-12-05T07:05:44.485+0000] {dag.py:3239} INFO - Sync 2 DAGs
[2024-12-05T07:05:44.490+0000] {logging_mixin.py:190} INFO - [2024-12-05T07:05:44.490+0000] {dag.py:4180} INFO - Setting next_dagrun for example_subdag_operator.section-1 to None, run_after=None
[2024-12-05T07:05:44.491+0000] {logging_mixin.py:190} INFO - [2024-12-05T07:05:44.490+0000] {dag.py:4180} INFO - Setting next_dagrun for example_subdag_operator.section-2 to None, run_after=None
[2024-12-05T07:05:44.499+0000] {processor.py:208} INFO - Processing /home/airflow/.local/lib/python3.12/site-packages/airflow/example_dags/example_subdag_operator.py took 0.082 seconds
[2024-12-05T07:06:14.691+0000] {processor.py:186} INFO - Started process (PID=35504) to work on /home/airflow/.local/lib/python3.12/site-packages/airflow/example_dags/example_subdag_operator.py
[2024-12-05T07:06:14.692+0000] {processor.py:914} INFO - Processing file /home/airflow/.local/lib/python3.12/site-packages/airflow/example_dags/example_subdag_operator.py for tasks to queue
[2024-12-05T07:06:14.694+0000] {logging_mixin.py:190} INFO - [2024-12-05T07:06:14.693+0000] {dagbag.py:588} INFO - Filling up the DagBag from /home/airflow/.local/lib/python3.12/site-packages/airflow/example_dags/example_subdag_operator.py
[2024-12-05T07:06:14.713+0000] {processor.py:925} INFO - DAG(s) 'example_subdag_operator.section-1', 'example_subdag_operator.section-2', 'example_subdag_operator' retrieved from /home/airflow/.local/lib/python3.12/site-packages/airflow/example_dags/example_subdag_operator.py
[2024-12-05T07:06:14.725+0000] {logging_mixin.py:190} INFO - [2024-12-05T07:06:14.725+0000] {dag.py:3239} INFO - Sync 3 DAGs
[2024-12-05T07:06:14.743+0000] {logging_mixin.py:190} INFO - [2024-12-05T07:06:14.743+0000] {dag.py:4180} INFO - Setting next_dagrun for example_subdag_operator to 2022-01-01 00:00:00+00:00, run_after=2022-01-01 00:00:00+00:00
[2024-12-05T07:06:14.746+0000] {logging_mixin.py:190} INFO - [2024-12-05T07:06:14.746+0000] {dag.py:4180} INFO - Setting next_dagrun for example_subdag_operator.section-1 to None, run_after=None
[2024-12-05T07:06:14.747+0000] {logging_mixin.py:190} INFO - [2024-12-05T07:06:14.747+0000] {dag.py:4180} INFO - Setting next_dagrun for example_subdag_operator.section-2 to None, run_after=None
[2024-12-05T07:06:14.752+0000] {logging_mixin.py:190} INFO - [2024-12-05T07:06:14.752+0000] {dag.py:3239} INFO - Sync 2 DAGs
[2024-12-05T07:06:14.757+0000] {logging_mixin.py:190} INFO - [2024-12-05T07:06:14.757+0000] {dag.py:4180} INFO - Setting next_dagrun for example_subdag_operator.section-1 to None, run_after=None
[2024-12-05T07:06:14.757+0000] {logging_mixin.py:190} INFO - [2024-12-05T07:06:14.757+0000] {dag.py:4180} INFO - Setting next_dagrun for example_subdag_operator.section-2 to None, run_after=None
[2024-12-05T07:06:14.765+0000] {processor.py:208} INFO - Processing /home/airflow/.local/lib/python3.12/site-packages/airflow/example_dags/example_subdag_operator.py took 0.078 seconds
[2024-12-05T07:06:44.935+0000] {processor.py:186} INFO - Started process (PID=35567) to work on /home/airflow/.local/lib/python3.12/site-packages/airflow/example_dags/example_subdag_operator.py
[2024-12-05T07:06:44.936+0000] {processor.py:914} INFO - Processing file /home/airflow/.local/lib/python3.12/site-packages/airflow/example_dags/example_subdag_operator.py for tasks to queue
[2024-12-05T07:06:44.938+0000] {logging_mixin.py:190} INFO - [2024-12-05T07:06:44.938+0000] {dagbag.py:588} INFO - Filling up the DagBag from /home/airflow/.local/lib/python3.12/site-packages/airflow/example_dags/example_subdag_operator.py
[2024-12-05T07:06:44.956+0000] {processor.py:925} INFO - DAG(s) 'example_subdag_operator.section-1', 'example_subdag_operator.section-2', 'example_subdag_operator' retrieved from /home/airflow/.local/lib/python3.12/site-packages/airflow/example_dags/example_subdag_operator.py
[2024-12-05T07:06:44.969+0000] {logging_mixin.py:190} INFO - [2024-12-05T07:06:44.969+0000] {dag.py:3239} INFO - Sync 3 DAGs
[2024-12-05T07:06:44.986+0000] {logging_mixin.py:190} INFO - [2024-12-05T07:06:44.986+0000] {dag.py:4180} INFO - Setting next_dagrun for example_subdag_operator to 2022-01-01 00:00:00+00:00, run_after=2022-01-01 00:00:00+00:00
[2024-12-05T07:06:44.989+0000] {logging_mixin.py:190} INFO - [2024-12-05T07:06:44.989+0000] {dag.py:4180} INFO - Setting next_dagrun for example_subdag_operator.section-1 to None, run_after=None
[2024-12-05T07:06:44.990+0000] {logging_mixin.py:190} INFO - [2024-12-05T07:06:44.990+0000] {dag.py:4180} INFO - Setting next_dagrun for example_subdag_operator.section-2 to None, run_after=None
[2024-12-05T07:06:44.995+0000] {logging_mixin.py:190} INFO - [2024-12-05T07:06:44.995+0000] {dag.py:3239} INFO - Sync 2 DAGs
[2024-12-05T07:06:45.000+0000] {logging_mixin.py:190} INFO - [2024-12-05T07:06:44.999+0000] {dag.py:4180} INFO - Setting next_dagrun for example_subdag_operator.section-1 to None, run_after=None
[2024-12-05T07:06:45.000+0000] {logging_mixin.py:190} INFO - [2024-12-05T07:06:45.000+0000] {dag.py:4180} INFO - Setting next_dagrun for example_subdag_operator.section-2 to None, run_after=None
[2024-12-05T07:06:45.008+0000] {processor.py:208} INFO - Processing /home/airflow/.local/lib/python3.12/site-packages/airflow/example_dags/example_subdag_operator.py took 0.078 seconds
[2024-12-05T07:07:15.623+0000] {processor.py:186} INFO - Started process (PID=35636) to work on /home/airflow/.local/lib/python3.12/site-packages/airflow/example_dags/example_subdag_operator.py
[2024-12-05T07:07:15.623+0000] {processor.py:914} INFO - Processing file /home/airflow/.local/lib/python3.12/site-packages/airflow/example_dags/example_subdag_operator.py for tasks to queue
[2024-12-05T07:07:15.625+0000] {logging_mixin.py:190} INFO - [2024-12-05T07:07:15.625+0000] {dagbag.py:588} INFO - Filling up the DagBag from /home/airflow/.local/lib/python3.12/site-packages/airflow/example_dags/example_subdag_operator.py
[2024-12-05T07:07:15.643+0000] {processor.py:925} INFO - DAG(s) 'example_subdag_operator.section-1', 'example_subdag_operator.section-2', 'example_subdag_operator' retrieved from /home/airflow/.local/lib/python3.12/site-packages/airflow/example_dags/example_subdag_operator.py
[2024-12-05T07:07:15.654+0000] {logging_mixin.py:190} INFO - [2024-12-05T07:07:15.654+0000] {dag.py:3239} INFO - Sync 3 DAGs
[2024-12-05T07:07:15.671+0000] {logging_mixin.py:190} INFO - [2024-12-05T07:07:15.671+0000] {dag.py:4180} INFO - Setting next_dagrun for example_subdag_operator to 2022-01-01 00:00:00+00:00, run_after=2022-01-01 00:00:00+00:00
[2024-12-05T07:07:15.673+0000] {logging_mixin.py:190} INFO - [2024-12-05T07:07:15.673+0000] {dag.py:4180} INFO - Setting next_dagrun for example_subdag_operator.section-1 to None, run_after=None
[2024-12-05T07:07:15.674+0000] {logging_mixin.py:190} INFO - [2024-12-05T07:07:15.674+0000] {dag.py:4180} INFO - Setting next_dagrun for example_subdag_operator.section-2 to None, run_after=None
[2024-12-05T07:07:15.679+0000] {logging_mixin.py:190} INFO - [2024-12-05T07:07:15.679+0000] {dag.py:3239} INFO - Sync 2 DAGs
[2024-12-05T07:07:15.684+0000] {logging_mixin.py:190} INFO - [2024-12-05T07:07:15.684+0000] {dag.py:4180} INFO - Setting next_dagrun for example_subdag_operator.section-1 to None, run_after=None
[2024-12-05T07:07:15.685+0000] {logging_mixin.py:190} INFO - [2024-12-05T07:07:15.685+0000] {dag.py:4180} INFO - Setting next_dagrun for example_subdag_operator.section-2 to None, run_after=None
[2024-12-05T07:07:15.693+0000] {processor.py:208} INFO - Processing /home/airflow/.local/lib/python3.12/site-packages/airflow/example_dags/example_subdag_operator.py took 0.074 seconds
[2024-12-05T07:07:45.935+0000] {processor.py:186} INFO - Started process (PID=35699) to work on /home/airflow/.local/lib/python3.12/site-packages/airflow/example_dags/example_subdag_operator.py
[2024-12-05T07:07:45.935+0000] {processor.py:914} INFO - Processing file /home/airflow/.local/lib/python3.12/site-packages/airflow/example_dags/example_subdag_operator.py for tasks to queue
[2024-12-05T07:07:45.937+0000] {logging_mixin.py:190} INFO - [2024-12-05T07:07:45.937+0000] {dagbag.py:588} INFO - Filling up the DagBag from /home/airflow/.local/lib/python3.12/site-packages/airflow/example_dags/example_subdag_operator.py
[2024-12-05T07:07:45.957+0000] {processor.py:925} INFO - DAG(s) 'example_subdag_operator.section-1', 'example_subdag_operator.section-2', 'example_subdag_operator' retrieved from /home/airflow/.local/lib/python3.12/site-packages/airflow/example_dags/example_subdag_operator.py
[2024-12-05T07:07:45.968+0000] {logging_mixin.py:190} INFO - [2024-12-05T07:07:45.968+0000] {dag.py:3239} INFO - Sync 3 DAGs
[2024-12-05T07:07:45.986+0000] {logging_mixin.py:190} INFO - [2024-12-05T07:07:45.985+0000] {dag.py:4180} INFO - Setting next_dagrun for example_subdag_operator to 2022-01-01 00:00:00+00:00, run_after=2022-01-01 00:00:00+00:00
[2024-12-05T07:07:45.988+0000] {logging_mixin.py:190} INFO - [2024-12-05T07:07:45.988+0000] {dag.py:4180} INFO - Setting next_dagrun for example_subdag_operator.section-1 to None, run_after=None
[2024-12-05T07:07:45.989+0000] {logging_mixin.py:190} INFO - [2024-12-05T07:07:45.989+0000] {dag.py:4180} INFO - Setting next_dagrun for example_subdag_operator.section-2 to None, run_after=None
[2024-12-05T07:07:45.994+0000] {logging_mixin.py:190} INFO - [2024-12-05T07:07:45.994+0000] {dag.py:3239} INFO - Sync 2 DAGs
[2024-12-05T07:07:45.999+0000] {logging_mixin.py:190} INFO - [2024-12-05T07:07:45.998+0000] {dag.py:4180} INFO - Setting next_dagrun for example_subdag_operator.section-1 to None, run_after=None
[2024-12-05T07:07:45.999+0000] {logging_mixin.py:190} INFO - [2024-12-05T07:07:45.999+0000] {dag.py:4180} INFO - Setting next_dagrun for example_subdag_operator.section-2 to None, run_after=None
[2024-12-05T07:07:46.007+0000] {processor.py:208} INFO - Processing /home/airflow/.local/lib/python3.12/site-packages/airflow/example_dags/example_subdag_operator.py took 0.076 seconds
