[2024-12-05T07:04:15.088+0000] {processor.py:186} INFO - Started process (PID=35274) to work on /home/airflow/.local/lib/python3.12/site-packages/airflow/example_dags/example_params_trigger_ui.py
[2024-12-05T07:04:15.089+0000] {processor.py:914} INFO - Processing file /home/airflow/.local/lib/python3.12/site-packages/airflow/example_dags/example_params_trigger_ui.py for tasks to queue
[2024-12-05T07:04:15.091+0000] {logging_mixin.py:190} INFO - [2024-12-05T07:04:15.091+0000] {dagbag.py:588} INFO - Filling up the DagBag from /home/airflow/.local/lib/python3.12/site-packages/airflow/example_dags/example_params_trigger_ui.py
[2024-12-05T07:04:15.099+0000] {processor.py:925} INFO - DAG(s) 'example_params_trigger_ui' retrieved from /home/airflow/.local/lib/python3.12/site-packages/airflow/example_dags/example_params_trigger_ui.py
[2024-12-05T07:04:15.133+0000] {logging_mixin.py:190} INFO - [2024-12-05T07:04:15.132+0000] {dag.py:3239} INFO - Sync 1 DAGs
[2024-12-05T07:04:15.144+0000] {logging_mixin.py:190} INFO - [2024-12-05T07:04:15.143+0000] {dag.py:4180} INFO - Setting next_dagrun for example_params_trigger_ui to None, run_after=None
[2024-12-05T07:04:15.160+0000] {processor.py:208} INFO - Processing /home/airflow/.local/lib/python3.12/site-packages/airflow/example_dags/example_params_trigger_ui.py took 0.076 seconds
[2024-12-05T07:04:46.267+0000] {processor.py:186} INFO - Started process (PID=35337) to work on /home/airflow/.local/lib/python3.12/site-packages/airflow/example_dags/example_params_trigger_ui.py
[2024-12-05T07:04:46.268+0000] {processor.py:914} INFO - Processing file /home/airflow/.local/lib/python3.12/site-packages/airflow/example_dags/example_params_trigger_ui.py for tasks to queue
[2024-12-05T07:04:46.270+0000] {logging_mixin.py:190} INFO - [2024-12-05T07:04:46.269+0000] {dagbag.py:588} INFO - Filling up the DagBag from /home/airflow/.local/lib/python3.12/site-packages/airflow/example_dags/example_params_trigger_ui.py
[2024-12-05T07:04:46.278+0000] {processor.py:925} INFO - DAG(s) 'example_params_trigger_ui' retrieved from /home/airflow/.local/lib/python3.12/site-packages/airflow/example_dags/example_params_trigger_ui.py
[2024-12-05T07:04:46.313+0000] {logging_mixin.py:190} INFO - [2024-12-05T07:04:46.313+0000] {dag.py:3239} INFO - Sync 1 DAGs
[2024-12-05T07:04:46.324+0000] {logging_mixin.py:190} INFO - [2024-12-05T07:04:46.324+0000] {dag.py:4180} INFO - Setting next_dagrun for example_params_trigger_ui to None, run_after=None
[2024-12-05T07:04:46.338+0000] {processor.py:208} INFO - Processing /home/airflow/.local/lib/python3.12/site-packages/airflow/example_dags/example_params_trigger_ui.py took 0.076 seconds
[2024-12-05T07:05:17.065+0000] {processor.py:186} INFO - Started process (PID=35400) to work on /home/airflow/.local/lib/python3.12/site-packages/airflow/example_dags/example_params_trigger_ui.py
[2024-12-05T07:05:17.066+0000] {processor.py:914} INFO - Processing file /home/airflow/.local/lib/python3.12/site-packages/airflow/example_dags/example_params_trigger_ui.py for tasks to queue
[2024-12-05T07:05:17.067+0000] {logging_mixin.py:190} INFO - [2024-12-05T07:05:17.067+0000] {dagbag.py:588} INFO - Filling up the DagBag from /home/airflow/.local/lib/python3.12/site-packages/airflow/example_dags/example_params_trigger_ui.py
[2024-12-05T07:05:17.075+0000] {processor.py:925} INFO - DAG(s) 'example_params_trigger_ui' retrieved from /home/airflow/.local/lib/python3.12/site-packages/airflow/example_dags/example_params_trigger_ui.py
[2024-12-05T07:05:17.107+0000] {logging_mixin.py:190} INFO - [2024-12-05T07:05:17.106+0000] {dag.py:3239} INFO - Sync 1 DAGs
[2024-12-05T07:05:17.117+0000] {logging_mixin.py:190} INFO - [2024-12-05T07:05:17.117+0000] {dag.py:4180} INFO - Setting next_dagrun for example_params_trigger_ui to None, run_after=None
[2024-12-05T07:05:17.129+0000] {processor.py:208} INFO - Processing /home/airflow/.local/lib/python3.12/site-packages/airflow/example_dags/example_params_trigger_ui.py took 0.068 seconds
[2024-12-05T07:05:47.673+0000] {processor.py:186} INFO - Started process (PID=35463) to work on /home/airflow/.local/lib/python3.12/site-packages/airflow/example_dags/example_params_trigger_ui.py
[2024-12-05T07:05:47.674+0000] {processor.py:914} INFO - Processing file /home/airflow/.local/lib/python3.12/site-packages/airflow/example_dags/example_params_trigger_ui.py for tasks to queue
[2024-12-05T07:05:47.676+0000] {logging_mixin.py:190} INFO - [2024-12-05T07:05:47.675+0000] {dagbag.py:588} INFO - Filling up the DagBag from /home/airflow/.local/lib/python3.12/site-packages/airflow/example_dags/example_params_trigger_ui.py
[2024-12-05T07:05:47.684+0000] {processor.py:925} INFO - DAG(s) 'example_params_trigger_ui' retrieved from /home/airflow/.local/lib/python3.12/site-packages/airflow/example_dags/example_params_trigger_ui.py
[2024-12-05T07:05:47.721+0000] {logging_mixin.py:190} INFO - [2024-12-05T07:05:47.720+0000] {dag.py:3239} INFO - Sync 1 DAGs
[2024-12-05T07:05:47.734+0000] {logging_mixin.py:190} INFO - [2024-12-05T07:05:47.734+0000] {dag.py:4180} INFO - Setting next_dagrun for example_params_trigger_ui to None, run_after=None
[2024-12-05T07:05:47.750+0000] {processor.py:208} INFO - Processing /home/airflow/.local/lib/python3.12/site-packages/airflow/example_dags/example_params_trigger_ui.py took 0.081 seconds
[2024-12-05T07:06:18.687+0000] {processor.py:186} INFO - Started process (PID=35526) to work on /home/airflow/.local/lib/python3.12/site-packages/airflow/example_dags/example_params_trigger_ui.py
[2024-12-05T07:06:18.688+0000] {processor.py:914} INFO - Processing file /home/airflow/.local/lib/python3.12/site-packages/airflow/example_dags/example_params_trigger_ui.py for tasks to queue
[2024-12-05T07:06:18.690+0000] {logging_mixin.py:190} INFO - [2024-12-05T07:06:18.690+0000] {dagbag.py:588} INFO - Filling up the DagBag from /home/airflow/.local/lib/python3.12/site-packages/airflow/example_dags/example_params_trigger_ui.py
[2024-12-05T07:06:18.698+0000] {processor.py:925} INFO - DAG(s) 'example_params_trigger_ui' retrieved from /home/airflow/.local/lib/python3.12/site-packages/airflow/example_dags/example_params_trigger_ui.py
[2024-12-05T07:06:18.733+0000] {logging_mixin.py:190} INFO - [2024-12-05T07:06:18.733+0000] {dag.py:3239} INFO - Sync 1 DAGs
[2024-12-05T07:06:18.744+0000] {logging_mixin.py:190} INFO - [2024-12-05T07:06:18.744+0000] {dag.py:4180} INFO - Setting next_dagrun for example_params_trigger_ui to None, run_after=None
[2024-12-05T07:06:18.757+0000] {processor.py:208} INFO - Processing /home/airflow/.local/lib/python3.12/site-packages/airflow/example_dags/example_params_trigger_ui.py took 0.073 seconds
[2024-12-05T07:06:48.851+0000] {processor.py:186} INFO - Started process (PID=35605) to work on /home/airflow/.local/lib/python3.12/site-packages/airflow/example_dags/example_params_trigger_ui.py
[2024-12-05T07:06:48.851+0000] {processor.py:914} INFO - Processing file /home/airflow/.local/lib/python3.12/site-packages/airflow/example_dags/example_params_trigger_ui.py for tasks to queue
[2024-12-05T07:06:48.853+0000] {logging_mixin.py:190} INFO - [2024-12-05T07:06:48.852+0000] {dagbag.py:588} INFO - Filling up the DagBag from /home/airflow/.local/lib/python3.12/site-packages/airflow/example_dags/example_params_trigger_ui.py
[2024-12-05T07:06:48.860+0000] {processor.py:925} INFO - DAG(s) 'example_params_trigger_ui' retrieved from /home/airflow/.local/lib/python3.12/site-packages/airflow/example_dags/example_params_trigger_ui.py
[2024-12-05T07:06:48.892+0000] {logging_mixin.py:190} INFO - [2024-12-05T07:06:48.891+0000] {dag.py:3239} INFO - Sync 1 DAGs
[2024-12-05T07:06:48.901+0000] {logging_mixin.py:190} INFO - [2024-12-05T07:06:48.901+0000] {dag.py:4180} INFO - Setting next_dagrun for example_params_trigger_ui to None, run_after=None
[2024-12-05T07:06:48.913+0000] {processor.py:208} INFO - Processing /home/airflow/.local/lib/python3.12/site-packages/airflow/example_dags/example_params_trigger_ui.py took 0.066 seconds
[2024-12-05T07:07:19.270+0000] {processor.py:186} INFO - Started process (PID=35668) to work on /home/airflow/.local/lib/python3.12/site-packages/airflow/example_dags/example_params_trigger_ui.py
[2024-12-05T07:07:19.271+0000] {processor.py:914} INFO - Processing file /home/airflow/.local/lib/python3.12/site-packages/airflow/example_dags/example_params_trigger_ui.py for tasks to queue
[2024-12-05T07:07:19.273+0000] {logging_mixin.py:190} INFO - [2024-12-05T07:07:19.272+0000] {dagbag.py:588} INFO - Filling up the DagBag from /home/airflow/.local/lib/python3.12/site-packages/airflow/example_dags/example_params_trigger_ui.py
[2024-12-05T07:07:19.280+0000] {processor.py:925} INFO - DAG(s) 'example_params_trigger_ui' retrieved from /home/airflow/.local/lib/python3.12/site-packages/airflow/example_dags/example_params_trigger_ui.py
[2024-12-05T07:07:19.315+0000] {logging_mixin.py:190} INFO - [2024-12-05T07:07:19.315+0000] {dag.py:3239} INFO - Sync 1 DAGs
[2024-12-05T07:07:19.326+0000] {logging_mixin.py:190} INFO - [2024-12-05T07:07:19.326+0000] {dag.py:4180} INFO - Setting next_dagrun for example_params_trigger_ui to None, run_after=None
[2024-12-05T07:07:19.339+0000] {processor.py:208} INFO - Processing /home/airflow/.local/lib/python3.12/site-packages/airflow/example_dags/example_params_trigger_ui.py took 0.073 seconds
[2024-12-05T07:07:49.725+0000] {processor.py:186} INFO - Started process (PID=35731) to work on /home/airflow/.local/lib/python3.12/site-packages/airflow/example_dags/example_params_trigger_ui.py
[2024-12-05T07:07:49.725+0000] {processor.py:914} INFO - Processing file /home/airflow/.local/lib/python3.12/site-packages/airflow/example_dags/example_params_trigger_ui.py for tasks to queue
[2024-12-05T07:07:49.727+0000] {logging_mixin.py:190} INFO - [2024-12-05T07:07:49.727+0000] {dagbag.py:588} INFO - Filling up the DagBag from /home/airflow/.local/lib/python3.12/site-packages/airflow/example_dags/example_params_trigger_ui.py
[2024-12-05T07:07:49.735+0000] {processor.py:925} INFO - DAG(s) 'example_params_trigger_ui' retrieved from /home/airflow/.local/lib/python3.12/site-packages/airflow/example_dags/example_params_trigger_ui.py
[2024-12-05T07:07:49.768+0000] {logging_mixin.py:190} INFO - [2024-12-05T07:07:49.768+0000] {dag.py:3239} INFO - Sync 1 DAGs
[2024-12-05T07:07:49.778+0000] {logging_mixin.py:190} INFO - [2024-12-05T07:07:49.778+0000] {dag.py:4180} INFO - Setting next_dagrun for example_params_trigger_ui to None, run_after=None
[2024-12-05T07:07:49.793+0000] {processor.py:208} INFO - Processing /home/airflow/.local/lib/python3.12/site-packages/airflow/example_dags/example_params_trigger_ui.py took 0.072 seconds
