[2024-12-05T07:04:14.785+0000] {processor.py:186} INFO - Started process (PID=35269) to work on /home/airflow/.local/lib/python3.12/site-packages/airflow/example_dags/example_workday_timetable.py
[2024-12-05T07:04:14.785+0000] {processor.py:914} INFO - Processing file /home/airflow/.local/lib/python3.12/site-packages/airflow/example_dags/example_workday_timetable.py for tasks to queue
[2024-12-05T07:04:14.787+0000] {logging_mixin.py:190} INFO - [2024-12-05T07:04:14.787+0000] {dagbag.py:588} INFO - Filling up the DagBag from /home/airflow/.local/lib/python3.12/site-packages/airflow/example_dags/example_workday_timetable.py
[2024-12-05T07:04:14.792+0000] {processor.py:925} INFO - DAG(s) 'example_workday_timetable' retrieved from /home/airflow/.local/lib/python3.12/site-packages/airflow/example_dags/example_workday_timetable.py
[2024-12-05T07:04:14.808+0000] {logging_mixin.py:190} INFO - [2024-12-05T07:04:14.808+0000] {dag.py:3239} INFO - Sync 1 DAGs
[2024-12-05T07:04:14.857+0000] {logging_mixin.py:190} INFO - [2024-12-05T07:04:14.856+0000] {dag.py:4180} INFO - Setting next_dagrun for example_workday_timetable to 2021-01-04 00:00:00+00:00, run_after=2021-01-05 00:00:00+00:00
[2024-12-05T07:04:14.871+0000] {processor.py:208} INFO - Processing /home/airflow/.local/lib/python3.12/site-packages/airflow/example_dags/example_workday_timetable.py took 0.091 seconds
[2024-12-05T07:04:46.060+0000] {processor.py:186} INFO - Started process (PID=35332) to work on /home/airflow/.local/lib/python3.12/site-packages/airflow/example_dags/example_workday_timetable.py
[2024-12-05T07:04:46.060+0000] {processor.py:914} INFO - Processing file /home/airflow/.local/lib/python3.12/site-packages/airflow/example_dags/example_workday_timetable.py for tasks to queue
[2024-12-05T07:04:46.062+0000] {logging_mixin.py:190} INFO - [2024-12-05T07:04:46.062+0000] {dagbag.py:588} INFO - Filling up the DagBag from /home/airflow/.local/lib/python3.12/site-packages/airflow/example_dags/example_workday_timetable.py
[2024-12-05T07:04:46.066+0000] {processor.py:925} INFO - DAG(s) 'example_workday_timetable' retrieved from /home/airflow/.local/lib/python3.12/site-packages/airflow/example_dags/example_workday_timetable.py
[2024-12-05T07:04:46.080+0000] {logging_mixin.py:190} INFO - [2024-12-05T07:04:46.080+0000] {dag.py:3239} INFO - Sync 1 DAGs
[2024-12-05T07:04:46.133+0000] {logging_mixin.py:190} INFO - [2024-12-05T07:04:46.133+0000] {dag.py:4180} INFO - Setting next_dagrun for example_workday_timetable to 2021-01-04 00:00:00+00:00, run_after=2021-01-05 00:00:00+00:00
[2024-12-05T07:04:46.147+0000] {processor.py:208} INFO - Processing /home/airflow/.local/lib/python3.12/site-packages/airflow/example_dags/example_workday_timetable.py took 0.092 seconds
[2024-12-05T07:05:16.853+0000] {processor.py:186} INFO - Started process (PID=35395) to work on /home/airflow/.local/lib/python3.12/site-packages/airflow/example_dags/example_workday_timetable.py
[2024-12-05T07:05:16.853+0000] {processor.py:914} INFO - Processing file /home/airflow/.local/lib/python3.12/site-packages/airflow/example_dags/example_workday_timetable.py for tasks to queue
[2024-12-05T07:05:16.855+0000] {logging_mixin.py:190} INFO - [2024-12-05T07:05:16.855+0000] {dagbag.py:588} INFO - Filling up the DagBag from /home/airflow/.local/lib/python3.12/site-packages/airflow/example_dags/example_workday_timetable.py
[2024-12-05T07:05:16.859+0000] {processor.py:925} INFO - DAG(s) 'example_workday_timetable' retrieved from /home/airflow/.local/lib/python3.12/site-packages/airflow/example_dags/example_workday_timetable.py
[2024-12-05T07:05:16.872+0000] {logging_mixin.py:190} INFO - [2024-12-05T07:05:16.872+0000] {dag.py:3239} INFO - Sync 1 DAGs
[2024-12-05T07:05:16.916+0000] {logging_mixin.py:190} INFO - [2024-12-05T07:05:16.916+0000] {dag.py:4180} INFO - Setting next_dagrun for example_workday_timetable to 2021-01-04 00:00:00+00:00, run_after=2021-01-05 00:00:00+00:00
[2024-12-05T07:05:16.929+0000] {processor.py:208} INFO - Processing /home/airflow/.local/lib/python3.12/site-packages/airflow/example_dags/example_workday_timetable.py took 0.080 seconds
[2024-12-05T07:05:47.227+0000] {processor.py:186} INFO - Started process (PID=35458) to work on /home/airflow/.local/lib/python3.12/site-packages/airflow/example_dags/example_workday_timetable.py
[2024-12-05T07:05:47.227+0000] {processor.py:914} INFO - Processing file /home/airflow/.local/lib/python3.12/site-packages/airflow/example_dags/example_workday_timetable.py for tasks to queue
[2024-12-05T07:05:47.229+0000] {logging_mixin.py:190} INFO - [2024-12-05T07:05:47.229+0000] {dagbag.py:588} INFO - Filling up the DagBag from /home/airflow/.local/lib/python3.12/site-packages/airflow/example_dags/example_workday_timetable.py
[2024-12-05T07:05:47.233+0000] {processor.py:925} INFO - DAG(s) 'example_workday_timetable' retrieved from /home/airflow/.local/lib/python3.12/site-packages/airflow/example_dags/example_workday_timetable.py
[2024-12-05T07:05:47.249+0000] {logging_mixin.py:190} INFO - [2024-12-05T07:05:47.249+0000] {dag.py:3239} INFO - Sync 1 DAGs
[2024-12-05T07:05:47.297+0000] {logging_mixin.py:190} INFO - [2024-12-05T07:05:47.297+0000] {dag.py:4180} INFO - Setting next_dagrun for example_workday_timetable to 2021-01-04 00:00:00+00:00, run_after=2021-01-05 00:00:00+00:00
[2024-12-05T07:05:47.312+0000] {processor.py:208} INFO - Processing /home/airflow/.local/lib/python3.12/site-packages/airflow/example_dags/example_workday_timetable.py took 0.089 seconds
[2024-12-05T07:06:17.397+0000] {processor.py:186} INFO - Started process (PID=35520) to work on /home/airflow/.local/lib/python3.12/site-packages/airflow/example_dags/example_workday_timetable.py
[2024-12-05T07:06:17.397+0000] {processor.py:914} INFO - Processing file /home/airflow/.local/lib/python3.12/site-packages/airflow/example_dags/example_workday_timetable.py for tasks to queue
[2024-12-05T07:06:17.399+0000] {logging_mixin.py:190} INFO - [2024-12-05T07:06:17.399+0000] {dagbag.py:588} INFO - Filling up the DagBag from /home/airflow/.local/lib/python3.12/site-packages/airflow/example_dags/example_workday_timetable.py
[2024-12-05T07:06:17.403+0000] {processor.py:925} INFO - DAG(s) 'example_workday_timetable' retrieved from /home/airflow/.local/lib/python3.12/site-packages/airflow/example_dags/example_workday_timetable.py
[2024-12-05T07:06:17.418+0000] {logging_mixin.py:190} INFO - [2024-12-05T07:06:17.417+0000] {dag.py:3239} INFO - Sync 1 DAGs
[2024-12-05T07:06:17.465+0000] {logging_mixin.py:190} INFO - [2024-12-05T07:06:17.465+0000] {dag.py:4180} INFO - Setting next_dagrun for example_workday_timetable to 2021-01-04 00:00:00+00:00, run_after=2021-01-05 00:00:00+00:00
[2024-12-05T07:06:17.479+0000] {processor.py:208} INFO - Processing /home/airflow/.local/lib/python3.12/site-packages/airflow/example_dags/example_workday_timetable.py took 0.086 seconds
[2024-12-05T07:06:47.657+0000] {processor.py:186} INFO - Started process (PID=35594) to work on /home/airflow/.local/lib/python3.12/site-packages/airflow/example_dags/example_workday_timetable.py
[2024-12-05T07:06:47.657+0000] {processor.py:914} INFO - Processing file /home/airflow/.local/lib/python3.12/site-packages/airflow/example_dags/example_workday_timetable.py for tasks to queue
[2024-12-05T07:06:47.659+0000] {logging_mixin.py:190} INFO - [2024-12-05T07:06:47.659+0000] {dagbag.py:588} INFO - Filling up the DagBag from /home/airflow/.local/lib/python3.12/site-packages/airflow/example_dags/example_workday_timetable.py
[2024-12-05T07:06:47.663+0000] {processor.py:925} INFO - DAG(s) 'example_workday_timetable' retrieved from /home/airflow/.local/lib/python3.12/site-packages/airflow/example_dags/example_workday_timetable.py
[2024-12-05T07:06:47.676+0000] {logging_mixin.py:190} INFO - [2024-12-05T07:06:47.676+0000] {dag.py:3239} INFO - Sync 1 DAGs
[2024-12-05T07:06:47.723+0000] {logging_mixin.py:190} INFO - [2024-12-05T07:06:47.723+0000] {dag.py:4180} INFO - Setting next_dagrun for example_workday_timetable to 2021-01-04 00:00:00+00:00, run_after=2021-01-05 00:00:00+00:00
[2024-12-05T07:06:47.736+0000] {processor.py:208} INFO - Processing /home/airflow/.local/lib/python3.12/site-packages/airflow/example_dags/example_workday_timetable.py took 0.084 seconds
[2024-12-05T07:07:18.060+0000] {processor.py:186} INFO - Started process (PID=35663) to work on /home/airflow/.local/lib/python3.12/site-packages/airflow/example_dags/example_workday_timetable.py
[2024-12-05T07:07:18.061+0000] {processor.py:914} INFO - Processing file /home/airflow/.local/lib/python3.12/site-packages/airflow/example_dags/example_workday_timetable.py for tasks to queue
[2024-12-05T07:07:18.063+0000] {logging_mixin.py:190} INFO - [2024-12-05T07:07:18.062+0000] {dagbag.py:588} INFO - Filling up the DagBag from /home/airflow/.local/lib/python3.12/site-packages/airflow/example_dags/example_workday_timetable.py
[2024-12-05T07:07:18.067+0000] {processor.py:925} INFO - DAG(s) 'example_workday_timetable' retrieved from /home/airflow/.local/lib/python3.12/site-packages/airflow/example_dags/example_workday_timetable.py
[2024-12-05T07:07:18.081+0000] {logging_mixin.py:190} INFO - [2024-12-05T07:07:18.081+0000] {dag.py:3239} INFO - Sync 1 DAGs
[2024-12-05T07:07:18.126+0000] {logging_mixin.py:190} INFO - [2024-12-05T07:07:18.126+0000] {dag.py:4180} INFO - Setting next_dagrun for example_workday_timetable to 2021-01-04 00:00:00+00:00, run_after=2021-01-05 00:00:00+00:00
[2024-12-05T07:07:18.140+0000] {processor.py:208} INFO - Processing /home/airflow/.local/lib/python3.12/site-packages/airflow/example_dags/example_workday_timetable.py took 0.084 seconds
[2024-12-05T07:07:48.432+0000] {processor.py:186} INFO - Started process (PID=35723) to work on /home/airflow/.local/lib/python3.12/site-packages/airflow/example_dags/example_workday_timetable.py
[2024-12-05T07:07:48.432+0000] {processor.py:914} INFO - Processing file /home/airflow/.local/lib/python3.12/site-packages/airflow/example_dags/example_workday_timetable.py for tasks to queue
[2024-12-05T07:07:48.434+0000] {logging_mixin.py:190} INFO - [2024-12-05T07:07:48.434+0000] {dagbag.py:588} INFO - Filling up the DagBag from /home/airflow/.local/lib/python3.12/site-packages/airflow/example_dags/example_workday_timetable.py
[2024-12-05T07:07:48.439+0000] {processor.py:925} INFO - DAG(s) 'example_workday_timetable' retrieved from /home/airflow/.local/lib/python3.12/site-packages/airflow/example_dags/example_workday_timetable.py
[2024-12-05T07:07:48.454+0000] {logging_mixin.py:190} INFO - [2024-12-05T07:07:48.454+0000] {dag.py:3239} INFO - Sync 1 DAGs
[2024-12-05T07:07:48.502+0000] {logging_mixin.py:190} INFO - [2024-12-05T07:07:48.502+0000] {dag.py:4180} INFO - Setting next_dagrun for example_workday_timetable to 2021-01-04 00:00:00+00:00, run_after=2021-01-05 00:00:00+00:00
[2024-12-05T07:07:48.516+0000] {processor.py:208} INFO - Processing /home/airflow/.local/lib/python3.12/site-packages/airflow/example_dags/example_workday_timetable.py took 0.089 seconds
