[2024-12-05T07:04:14.700+0000] {processor.py:186} INFO - Started process (PID=35267) to work on /home/airflow/.local/lib/python3.12/site-packages/airflow/example_dags/example_setup_teardown.py
[2024-12-05T07:04:14.701+0000] {processor.py:914} INFO - Processing file /home/airflow/.local/lib/python3.12/site-packages/airflow/example_dags/example_setup_teardown.py for tasks to queue
[2024-12-05T07:04:14.702+0000] {logging_mixin.py:190} INFO - [2024-12-05T07:04:14.702+0000] {dagbag.py:588} INFO - Filling up the DagBag from /home/airflow/.local/lib/python3.12/site-packages/airflow/example_dags/example_setup_teardown.py
[2024-12-05T07:04:14.711+0000] {processor.py:925} INFO - DAG(s) 'example_setup_teardown' retrieved from /home/airflow/.local/lib/python3.12/site-packages/airflow/example_dags/example_setup_teardown.py
[2024-12-05T07:04:14.727+0000] {logging_mixin.py:190} INFO - [2024-12-05T07:04:14.727+0000] {dag.py:3239} INFO - Sync 1 DAGs
[2024-12-05T07:04:14.739+0000] {logging_mixin.py:190} INFO - [2024-12-05T07:04:14.738+0000] {dag.py:4180} INFO - Setting next_dagrun for example_setup_teardown to None, run_after=None
[2024-12-05T07:04:14.752+0000] {processor.py:208} INFO - Processing /home/airflow/.local/lib/python3.12/site-packages/airflow/example_dags/example_setup_teardown.py took 0.058 seconds
[2024-12-05T07:04:45.901+0000] {processor.py:186} INFO - Started process (PID=35330) to work on /home/airflow/.local/lib/python3.12/site-packages/airflow/example_dags/example_setup_teardown.py
[2024-12-05T07:04:45.901+0000] {processor.py:914} INFO - Processing file /home/airflow/.local/lib/python3.12/site-packages/airflow/example_dags/example_setup_teardown.py for tasks to queue
[2024-12-05T07:04:45.903+0000] {logging_mixin.py:190} INFO - [2024-12-05T07:04:45.903+0000] {dagbag.py:588} INFO - Filling up the DagBag from /home/airflow/.local/lib/python3.12/site-packages/airflow/example_dags/example_setup_teardown.py
[2024-12-05T07:04:45.908+0000] {processor.py:925} INFO - DAG(s) 'example_setup_teardown' retrieved from /home/airflow/.local/lib/python3.12/site-packages/airflow/example_dags/example_setup_teardown.py
[2024-12-05T07:04:45.923+0000] {logging_mixin.py:190} INFO - [2024-12-05T07:04:45.923+0000] {dag.py:3239} INFO - Sync 1 DAGs
[2024-12-05T07:04:45.933+0000] {logging_mixin.py:190} INFO - [2024-12-05T07:04:45.933+0000] {dag.py:4180} INFO - Setting next_dagrun for example_setup_teardown to None, run_after=None
[2024-12-05T07:04:45.946+0000] {processor.py:208} INFO - Processing /home/airflow/.local/lib/python3.12/site-packages/airflow/example_dags/example_setup_teardown.py took 0.049 seconds
[2024-12-05T07:05:16.699+0000] {processor.py:186} INFO - Started process (PID=35393) to work on /home/airflow/.local/lib/python3.12/site-packages/airflow/example_dags/example_setup_teardown.py
[2024-12-05T07:05:16.700+0000] {processor.py:914} INFO - Processing file /home/airflow/.local/lib/python3.12/site-packages/airflow/example_dags/example_setup_teardown.py for tasks to queue
[2024-12-05T07:05:16.702+0000] {logging_mixin.py:190} INFO - [2024-12-05T07:05:16.701+0000] {dagbag.py:588} INFO - Filling up the DagBag from /home/airflow/.local/lib/python3.12/site-packages/airflow/example_dags/example_setup_teardown.py
[2024-12-05T07:05:16.707+0000] {processor.py:925} INFO - DAG(s) 'example_setup_teardown' retrieved from /home/airflow/.local/lib/python3.12/site-packages/airflow/example_dags/example_setup_teardown.py
[2024-12-05T07:05:16.721+0000] {logging_mixin.py:190} INFO - [2024-12-05T07:05:16.721+0000] {dag.py:3239} INFO - Sync 1 DAGs
[2024-12-05T07:05:16.731+0000] {logging_mixin.py:190} INFO - [2024-12-05T07:05:16.731+0000] {dag.py:4180} INFO - Setting next_dagrun for example_setup_teardown to None, run_after=None
[2024-12-05T07:05:16.744+0000] {processor.py:208} INFO - Processing /home/airflow/.local/lib/python3.12/site-packages/airflow/example_dags/example_setup_teardown.py took 0.049 seconds
[2024-12-05T07:05:47.057+0000] {processor.py:186} INFO - Started process (PID=35455) to work on /home/airflow/.local/lib/python3.12/site-packages/airflow/example_dags/example_setup_teardown.py
[2024-12-05T07:05:47.058+0000] {processor.py:914} INFO - Processing file /home/airflow/.local/lib/python3.12/site-packages/airflow/example_dags/example_setup_teardown.py for tasks to queue
[2024-12-05T07:05:47.060+0000] {logging_mixin.py:190} INFO - [2024-12-05T07:05:47.059+0000] {dagbag.py:588} INFO - Filling up the DagBag from /home/airflow/.local/lib/python3.12/site-packages/airflow/example_dags/example_setup_teardown.py
[2024-12-05T07:05:47.066+0000] {processor.py:925} INFO - DAG(s) 'example_setup_teardown' retrieved from /home/airflow/.local/lib/python3.12/site-packages/airflow/example_dags/example_setup_teardown.py
[2024-12-05T07:05:47.081+0000] {logging_mixin.py:190} INFO - [2024-12-05T07:05:47.081+0000] {dag.py:3239} INFO - Sync 1 DAGs
[2024-12-05T07:05:47.092+0000] {logging_mixin.py:190} INFO - [2024-12-05T07:05:47.092+0000] {dag.py:4180} INFO - Setting next_dagrun for example_setup_teardown to None, run_after=None
[2024-12-05T07:05:47.105+0000] {processor.py:208} INFO - Processing /home/airflow/.local/lib/python3.12/site-packages/airflow/example_dags/example_setup_teardown.py took 0.051 seconds
[2024-12-05T07:06:17.236+0000] {processor.py:186} INFO - Started process (PID=35518) to work on /home/airflow/.local/lib/python3.12/site-packages/airflow/example_dags/example_setup_teardown.py
[2024-12-05T07:06:17.236+0000] {processor.py:914} INFO - Processing file /home/airflow/.local/lib/python3.12/site-packages/airflow/example_dags/example_setup_teardown.py for tasks to queue
[2024-12-05T07:06:17.238+0000] {logging_mixin.py:190} INFO - [2024-12-05T07:06:17.238+0000] {dagbag.py:588} INFO - Filling up the DagBag from /home/airflow/.local/lib/python3.12/site-packages/airflow/example_dags/example_setup_teardown.py
[2024-12-05T07:06:17.244+0000] {processor.py:925} INFO - DAG(s) 'example_setup_teardown' retrieved from /home/airflow/.local/lib/python3.12/site-packages/airflow/example_dags/example_setup_teardown.py
[2024-12-05T07:06:17.258+0000] {logging_mixin.py:190} INFO - [2024-12-05T07:06:17.258+0000] {dag.py:3239} INFO - Sync 1 DAGs
[2024-12-05T07:06:17.269+0000] {logging_mixin.py:190} INFO - [2024-12-05T07:06:17.269+0000] {dag.py:4180} INFO - Setting next_dagrun for example_setup_teardown to None, run_after=None
[2024-12-05T07:06:17.283+0000] {processor.py:208} INFO - Processing /home/airflow/.local/lib/python3.12/site-packages/airflow/example_dags/example_setup_teardown.py took 0.052 seconds
[2024-12-05T07:06:47.455+0000] {processor.py:186} INFO - Started process (PID=35589) to work on /home/airflow/.local/lib/python3.12/site-packages/airflow/example_dags/example_setup_teardown.py
[2024-12-05T07:06:47.456+0000] {processor.py:914} INFO - Processing file /home/airflow/.local/lib/python3.12/site-packages/airflow/example_dags/example_setup_teardown.py for tasks to queue
[2024-12-05T07:06:47.457+0000] {logging_mixin.py:190} INFO - [2024-12-05T07:06:47.457+0000] {dagbag.py:588} INFO - Filling up the DagBag from /home/airflow/.local/lib/python3.12/site-packages/airflow/example_dags/example_setup_teardown.py
[2024-12-05T07:06:47.463+0000] {processor.py:925} INFO - DAG(s) 'example_setup_teardown' retrieved from /home/airflow/.local/lib/python3.12/site-packages/airflow/example_dags/example_setup_teardown.py
[2024-12-05T07:06:47.478+0000] {logging_mixin.py:190} INFO - [2024-12-05T07:06:47.477+0000] {dag.py:3239} INFO - Sync 1 DAGs
[2024-12-05T07:06:47.491+0000] {logging_mixin.py:190} INFO - [2024-12-05T07:06:47.491+0000] {dag.py:4180} INFO - Setting next_dagrun for example_setup_teardown to None, run_after=None
[2024-12-05T07:06:47.505+0000] {processor.py:208} INFO - Processing /home/airflow/.local/lib/python3.12/site-packages/airflow/example_dags/example_setup_teardown.py took 0.054 seconds
[2024-12-05T07:07:17.851+0000] {processor.py:186} INFO - Started process (PID=35658) to work on /home/airflow/.local/lib/python3.12/site-packages/airflow/example_dags/example_setup_teardown.py
[2024-12-05T07:07:17.851+0000] {processor.py:914} INFO - Processing file /home/airflow/.local/lib/python3.12/site-packages/airflow/example_dags/example_setup_teardown.py for tasks to queue
[2024-12-05T07:07:17.853+0000] {logging_mixin.py:190} INFO - [2024-12-05T07:07:17.853+0000] {dagbag.py:588} INFO - Filling up the DagBag from /home/airflow/.local/lib/python3.12/site-packages/airflow/example_dags/example_setup_teardown.py
[2024-12-05T07:07:17.859+0000] {processor.py:925} INFO - DAG(s) 'example_setup_teardown' retrieved from /home/airflow/.local/lib/python3.12/site-packages/airflow/example_dags/example_setup_teardown.py
[2024-12-05T07:07:17.874+0000] {logging_mixin.py:190} INFO - [2024-12-05T07:07:17.874+0000] {dag.py:3239} INFO - Sync 1 DAGs
[2024-12-05T07:07:17.885+0000] {logging_mixin.py:190} INFO - [2024-12-05T07:07:17.884+0000] {dag.py:4180} INFO - Setting next_dagrun for example_setup_teardown to None, run_after=None
[2024-12-05T07:07:17.899+0000] {processor.py:208} INFO - Processing /home/airflow/.local/lib/python3.12/site-packages/airflow/example_dags/example_setup_teardown.py took 0.052 seconds
[2024-12-05T07:07:48.263+0000] {processor.py:186} INFO - Started process (PID=35721) to work on /home/airflow/.local/lib/python3.12/site-packages/airflow/example_dags/example_setup_teardown.py
[2024-12-05T07:07:48.263+0000] {processor.py:914} INFO - Processing file /home/airflow/.local/lib/python3.12/site-packages/airflow/example_dags/example_setup_teardown.py for tasks to queue
[2024-12-05T07:07:48.265+0000] {logging_mixin.py:190} INFO - [2024-12-05T07:07:48.265+0000] {dagbag.py:588} INFO - Filling up the DagBag from /home/airflow/.local/lib/python3.12/site-packages/airflow/example_dags/example_setup_teardown.py
[2024-12-05T07:07:48.272+0000] {processor.py:925} INFO - DAG(s) 'example_setup_teardown' retrieved from /home/airflow/.local/lib/python3.12/site-packages/airflow/example_dags/example_setup_teardown.py
[2024-12-05T07:07:48.287+0000] {logging_mixin.py:190} INFO - [2024-12-05T07:07:48.287+0000] {dag.py:3239} INFO - Sync 1 DAGs
[2024-12-05T07:07:48.298+0000] {logging_mixin.py:190} INFO - [2024-12-05T07:07:48.298+0000] {dag.py:4180} INFO - Setting next_dagrun for example_setup_teardown to None, run_after=None
[2024-12-05T07:07:48.311+0000] {processor.py:208} INFO - Processing /home/airflow/.local/lib/python3.12/site-packages/airflow/example_dags/example_setup_teardown.py took 0.053 seconds
