[2024-12-05T07:04:16.169+0000] {processor.py:186} INFO - Started process (PID=35290) to work on /home/airflow/.local/lib/python3.12/site-packages/airflow/example_dags/example_task_group.py
[2024-12-05T07:04:16.170+0000] {processor.py:914} INFO - Processing file /home/airflow/.local/lib/python3.12/site-packages/airflow/example_dags/example_task_group.py for tasks to queue
[2024-12-05T07:04:16.172+0000] {logging_mixin.py:190} INFO - [2024-12-05T07:04:16.171+0000] {dagbag.py:588} INFO - Filling up the DagBag from /home/airflow/.local/lib/python3.12/site-packages/airflow/example_dags/example_task_group.py
[2024-12-05T07:04:16.178+0000] {processor.py:925} INFO - DAG(s) 'example_task_group' retrieved from /home/airflow/.local/lib/python3.12/site-packages/airflow/example_dags/example_task_group.py
[2024-12-05T07:04:16.194+0000] {logging_mixin.py:190} INFO - [2024-12-05T07:04:16.194+0000] {dag.py:3239} INFO - Sync 1 DAGs
[2024-12-05T07:04:16.206+0000] {logging_mixin.py:190} INFO - [2024-12-05T07:04:16.206+0000] {dag.py:4180} INFO - Setting next_dagrun for example_task_group to None, run_after=None
[2024-12-05T07:04:16.220+0000] {processor.py:208} INFO - Processing /home/airflow/.local/lib/python3.12/site-packages/airflow/example_dags/example_task_group.py took 0.055 seconds
[2024-12-05T07:04:47.356+0000] {processor.py:186} INFO - Started process (PID=35352) to work on /home/airflow/.local/lib/python3.12/site-packages/airflow/example_dags/example_task_group.py
[2024-12-05T07:04:47.356+0000] {processor.py:914} INFO - Processing file /home/airflow/.local/lib/python3.12/site-packages/airflow/example_dags/example_task_group.py for tasks to queue
[2024-12-05T07:04:47.358+0000] {logging_mixin.py:190} INFO - [2024-12-05T07:04:47.357+0000] {dagbag.py:588} INFO - Filling up the DagBag from /home/airflow/.local/lib/python3.12/site-packages/airflow/example_dags/example_task_group.py
[2024-12-05T07:04:47.363+0000] {processor.py:925} INFO - DAG(s) 'example_task_group' retrieved from /home/airflow/.local/lib/python3.12/site-packages/airflow/example_dags/example_task_group.py
[2024-12-05T07:04:47.377+0000] {logging_mixin.py:190} INFO - [2024-12-05T07:04:47.377+0000] {dag.py:3239} INFO - Sync 1 DAGs
[2024-12-05T07:04:47.387+0000] {logging_mixin.py:190} INFO - [2024-12-05T07:04:47.387+0000] {dag.py:4180} INFO - Setting next_dagrun for example_task_group to None, run_after=None
[2024-12-05T07:04:47.399+0000] {processor.py:208} INFO - Processing /home/airflow/.local/lib/python3.12/site-packages/airflow/example_dags/example_task_group.py took 0.047 seconds
[2024-12-05T07:05:17.989+0000] {processor.py:186} INFO - Started process (PID=35416) to work on /home/airflow/.local/lib/python3.12/site-packages/airflow/example_dags/example_task_group.py
[2024-12-05T07:05:17.990+0000] {processor.py:914} INFO - Processing file /home/airflow/.local/lib/python3.12/site-packages/airflow/example_dags/example_task_group.py for tasks to queue
[2024-12-05T07:05:17.992+0000] {logging_mixin.py:190} INFO - [2024-12-05T07:05:17.991+0000] {dagbag.py:588} INFO - Filling up the DagBag from /home/airflow/.local/lib/python3.12/site-packages/airflow/example_dags/example_task_group.py
[2024-12-05T07:05:17.997+0000] {processor.py:925} INFO - DAG(s) 'example_task_group' retrieved from /home/airflow/.local/lib/python3.12/site-packages/airflow/example_dags/example_task_group.py
[2024-12-05T07:05:18.012+0000] {logging_mixin.py:190} INFO - [2024-12-05T07:05:18.012+0000] {dag.py:3239} INFO - Sync 1 DAGs
[2024-12-05T07:05:18.023+0000] {logging_mixin.py:190} INFO - [2024-12-05T07:05:18.022+0000] {dag.py:4180} INFO - Setting next_dagrun for example_task_group to None, run_after=None
[2024-12-05T07:05:18.034+0000] {processor.py:208} INFO - Processing /home/airflow/.local/lib/python3.12/site-packages/airflow/example_dags/example_task_group.py took 0.049 seconds
[2024-12-05T07:05:49.019+0000] {processor.py:186} INFO - Started process (PID=35478) to work on /home/airflow/.local/lib/python3.12/site-packages/airflow/example_dags/example_task_group.py
[2024-12-05T07:05:49.020+0000] {processor.py:914} INFO - Processing file /home/airflow/.local/lib/python3.12/site-packages/airflow/example_dags/example_task_group.py for tasks to queue
[2024-12-05T07:05:49.022+0000] {logging_mixin.py:190} INFO - [2024-12-05T07:05:49.021+0000] {dagbag.py:588} INFO - Filling up the DagBag from /home/airflow/.local/lib/python3.12/site-packages/airflow/example_dags/example_task_group.py
[2024-12-05T07:05:49.030+0000] {processor.py:925} INFO - DAG(s) 'example_task_group' retrieved from /home/airflow/.local/lib/python3.12/site-packages/airflow/example_dags/example_task_group.py
[2024-12-05T07:05:49.047+0000] {logging_mixin.py:190} INFO - [2024-12-05T07:05:49.047+0000] {dag.py:3239} INFO - Sync 1 DAGs
[2024-12-05T07:05:49.057+0000] {logging_mixin.py:190} INFO - [2024-12-05T07:05:49.057+0000] {dag.py:4180} INFO - Setting next_dagrun for example_task_group to None, run_after=None
[2024-12-05T07:05:49.070+0000] {processor.py:208} INFO - Processing /home/airflow/.local/lib/python3.12/site-packages/airflow/example_dags/example_task_group.py took 0.055 seconds
[2024-12-05T07:06:19.884+0000] {processor.py:186} INFO - Started process (PID=35541) to work on /home/airflow/.local/lib/python3.12/site-packages/airflow/example_dags/example_task_group.py
[2024-12-05T07:06:19.884+0000] {processor.py:914} INFO - Processing file /home/airflow/.local/lib/python3.12/site-packages/airflow/example_dags/example_task_group.py for tasks to queue
[2024-12-05T07:06:19.886+0000] {logging_mixin.py:190} INFO - [2024-12-05T07:06:19.886+0000] {dagbag.py:588} INFO - Filling up the DagBag from /home/airflow/.local/lib/python3.12/site-packages/airflow/example_dags/example_task_group.py
[2024-12-05T07:06:19.892+0000] {processor.py:925} INFO - DAG(s) 'example_task_group' retrieved from /home/airflow/.local/lib/python3.12/site-packages/airflow/example_dags/example_task_group.py
[2024-12-05T07:06:19.908+0000] {logging_mixin.py:190} INFO - [2024-12-05T07:06:19.908+0000] {dag.py:3239} INFO - Sync 1 DAGs
[2024-12-05T07:06:19.919+0000] {logging_mixin.py:190} INFO - [2024-12-05T07:06:19.918+0000] {dag.py:4180} INFO - Setting next_dagrun for example_task_group to None, run_after=None
[2024-12-05T07:06:19.932+0000] {processor.py:208} INFO - Processing /home/airflow/.local/lib/python3.12/site-packages/airflow/example_dags/example_task_group.py took 0.053 seconds
[2024-12-05T07:06:50.097+0000] {processor.py:186} INFO - Started process (PID=35609) to work on /home/airflow/.local/lib/python3.12/site-packages/airflow/example_dags/example_task_group.py
[2024-12-05T07:06:50.098+0000] {processor.py:914} INFO - Processing file /home/airflow/.local/lib/python3.12/site-packages/airflow/example_dags/example_task_group.py for tasks to queue
[2024-12-05T07:06:50.100+0000] {logging_mixin.py:190} INFO - [2024-12-05T07:06:50.099+0000] {dagbag.py:588} INFO - Filling up the DagBag from /home/airflow/.local/lib/python3.12/site-packages/airflow/example_dags/example_task_group.py
[2024-12-05T07:06:50.106+0000] {processor.py:925} INFO - DAG(s) 'example_task_group' retrieved from /home/airflow/.local/lib/python3.12/site-packages/airflow/example_dags/example_task_group.py
[2024-12-05T07:06:50.122+0000] {logging_mixin.py:190} INFO - [2024-12-05T07:06:50.122+0000] {dag.py:3239} INFO - Sync 1 DAGs
[2024-12-05T07:06:50.132+0000] {logging_mixin.py:190} INFO - [2024-12-05T07:06:50.132+0000] {dag.py:4180} INFO - Setting next_dagrun for example_task_group to None, run_after=None
[2024-12-05T07:06:50.146+0000] {processor.py:208} INFO - Processing /home/airflow/.local/lib/python3.12/site-packages/airflow/example_dags/example_task_group.py took 0.053 seconds
[2024-12-05T07:07:20.525+0000] {processor.py:186} INFO - Started process (PID=35672) to work on /home/airflow/.local/lib/python3.12/site-packages/airflow/example_dags/example_task_group.py
[2024-12-05T07:07:20.526+0000] {processor.py:914} INFO - Processing file /home/airflow/.local/lib/python3.12/site-packages/airflow/example_dags/example_task_group.py for tasks to queue
[2024-12-05T07:07:20.527+0000] {logging_mixin.py:190} INFO - [2024-12-05T07:07:20.527+0000] {dagbag.py:588} INFO - Filling up the DagBag from /home/airflow/.local/lib/python3.12/site-packages/airflow/example_dags/example_task_group.py
[2024-12-05T07:07:20.533+0000] {processor.py:925} INFO - DAG(s) 'example_task_group' retrieved from /home/airflow/.local/lib/python3.12/site-packages/airflow/example_dags/example_task_group.py
[2024-12-05T07:07:20.550+0000] {logging_mixin.py:190} INFO - [2024-12-05T07:07:20.549+0000] {dag.py:3239} INFO - Sync 1 DAGs
[2024-12-05T07:07:20.560+0000] {logging_mixin.py:190} INFO - [2024-12-05T07:07:20.560+0000] {dag.py:4180} INFO - Setting next_dagrun for example_task_group to None, run_after=None
[2024-12-05T07:07:20.573+0000] {processor.py:208} INFO - Processing /home/airflow/.local/lib/python3.12/site-packages/airflow/example_dags/example_task_group.py took 0.052 seconds
[2024-12-05T07:07:50.994+0000] {processor.py:186} INFO - Started process (PID=35735) to work on /home/airflow/.local/lib/python3.12/site-packages/airflow/example_dags/example_task_group.py
[2024-12-05T07:07:50.994+0000] {processor.py:914} INFO - Processing file /home/airflow/.local/lib/python3.12/site-packages/airflow/example_dags/example_task_group.py for tasks to queue
[2024-12-05T07:07:50.996+0000] {logging_mixin.py:190} INFO - [2024-12-05T07:07:50.996+0000] {dagbag.py:588} INFO - Filling up the DagBag from /home/airflow/.local/lib/python3.12/site-packages/airflow/example_dags/example_task_group.py
[2024-12-05T07:07:51.003+0000] {processor.py:925} INFO - DAG(s) 'example_task_group' retrieved from /home/airflow/.local/lib/python3.12/site-packages/airflow/example_dags/example_task_group.py
[2024-12-05T07:07:51.019+0000] {logging_mixin.py:190} INFO - [2024-12-05T07:07:51.019+0000] {dag.py:3239} INFO - Sync 1 DAGs
[2024-12-05T07:07:51.031+0000] {logging_mixin.py:190} INFO - [2024-12-05T07:07:51.030+0000] {dag.py:4180} INFO - Setting next_dagrun for example_task_group to None, run_after=None
[2024-12-05T07:07:51.044+0000] {processor.py:208} INFO - Processing /home/airflow/.local/lib/python3.12/site-packages/airflow/example_dags/example_task_group.py took 0.055 seconds
