[2024-12-05T07:04:16.533+0000] {processor.py:186} INFO - Started process (PID=35294) to work on /home/airflow/.local/lib/python3.12/site-packages/airflow/example_dags/example_skip_dag.py
[2024-12-05T07:04:16.534+0000] {processor.py:914} INFO - Processing file /home/airflow/.local/lib/python3.12/site-packages/airflow/example_dags/example_skip_dag.py for tasks to queue
[2024-12-05T07:04:16.536+0000] {logging_mixin.py:190} INFO - [2024-12-05T07:04:16.535+0000] {dagbag.py:588} INFO - Filling up the DagBag from /home/airflow/.local/lib/python3.12/site-packages/airflow/example_dags/example_skip_dag.py
[2024-12-05T07:04:16.541+0000] {processor.py:925} INFO - DAG(s) 'example_skip_dag' retrieved from /home/airflow/.local/lib/python3.12/site-packages/airflow/example_dags/example_skip_dag.py
[2024-12-05T07:04:16.557+0000] {logging_mixin.py:190} INFO - [2024-12-05T07:04:16.557+0000] {dag.py:3239} INFO - Sync 1 DAGs
[2024-12-05T07:04:16.576+0000] {logging_mixin.py:190} INFO - [2024-12-05T07:04:16.576+0000] {dag.py:4180} INFO - Setting next_dagrun for example_skip_dag to 2024-12-04 00:00:00+00:00, run_after=2024-12-05 00:00:00+00:00
[2024-12-05T07:04:16.589+0000] {processor.py:208} INFO - Processing /home/airflow/.local/lib/python3.12/site-packages/airflow/example_dags/example_skip_dag.py took 0.061 seconds
[2024-12-05T07:04:47.981+0000] {processor.py:186} INFO - Started process (PID=35357) to work on /home/airflow/.local/lib/python3.12/site-packages/airflow/example_dags/example_skip_dag.py
[2024-12-05T07:04:47.981+0000] {processor.py:914} INFO - Processing file /home/airflow/.local/lib/python3.12/site-packages/airflow/example_dags/example_skip_dag.py for tasks to queue
[2024-12-05T07:04:47.983+0000] {logging_mixin.py:190} INFO - [2024-12-05T07:04:47.983+0000] {dagbag.py:588} INFO - Filling up the DagBag from /home/airflow/.local/lib/python3.12/site-packages/airflow/example_dags/example_skip_dag.py
[2024-12-05T07:04:47.988+0000] {processor.py:925} INFO - DAG(s) 'example_skip_dag' retrieved from /home/airflow/.local/lib/python3.12/site-packages/airflow/example_dags/example_skip_dag.py
[2024-12-05T07:04:48.003+0000] {logging_mixin.py:190} INFO - [2024-12-05T07:04:48.003+0000] {dag.py:3239} INFO - Sync 1 DAGs
[2024-12-05T07:04:48.018+0000] {logging_mixin.py:190} INFO - [2024-12-05T07:04:48.018+0000] {dag.py:4180} INFO - Setting next_dagrun for example_skip_dag to 2024-12-04 00:00:00+00:00, run_after=2024-12-05 00:00:00+00:00
[2024-12-05T07:04:48.030+0000] {processor.py:208} INFO - Processing /home/airflow/.local/lib/python3.12/site-packages/airflow/example_dags/example_skip_dag.py took 0.053 seconds
[2024-12-05T07:05:18.296+0000] {processor.py:186} INFO - Started process (PID=35420) to work on /home/airflow/.local/lib/python3.12/site-packages/airflow/example_dags/example_skip_dag.py
[2024-12-05T07:05:18.297+0000] {processor.py:914} INFO - Processing file /home/airflow/.local/lib/python3.12/site-packages/airflow/example_dags/example_skip_dag.py for tasks to queue
[2024-12-05T07:05:18.299+0000] {logging_mixin.py:190} INFO - [2024-12-05T07:05:18.299+0000] {dagbag.py:588} INFO - Filling up the DagBag from /home/airflow/.local/lib/python3.12/site-packages/airflow/example_dags/example_skip_dag.py
[2024-12-05T07:05:18.304+0000] {processor.py:925} INFO - DAG(s) 'example_skip_dag' retrieved from /home/airflow/.local/lib/python3.12/site-packages/airflow/example_dags/example_skip_dag.py
[2024-12-05T07:05:18.319+0000] {logging_mixin.py:190} INFO - [2024-12-05T07:05:18.319+0000] {dag.py:3239} INFO - Sync 1 DAGs
[2024-12-05T07:05:18.335+0000] {logging_mixin.py:190} INFO - [2024-12-05T07:05:18.335+0000] {dag.py:4180} INFO - Setting next_dagrun for example_skip_dag to 2024-12-04 00:00:00+00:00, run_after=2024-12-05 00:00:00+00:00
[2024-12-05T07:05:18.347+0000] {processor.py:208} INFO - Processing /home/airflow/.local/lib/python3.12/site-packages/airflow/example_dags/example_skip_dag.py took 0.055 seconds
[2024-12-05T07:05:49.180+0000] {processor.py:186} INFO - Started process (PID=35482) to work on /home/airflow/.local/lib/python3.12/site-packages/airflow/example_dags/example_skip_dag.py
[2024-12-05T07:05:49.181+0000] {processor.py:914} INFO - Processing file /home/airflow/.local/lib/python3.12/site-packages/airflow/example_dags/example_skip_dag.py for tasks to queue
[2024-12-05T07:05:49.182+0000] {logging_mixin.py:190} INFO - [2024-12-05T07:05:49.182+0000] {dagbag.py:588} INFO - Filling up the DagBag from /home/airflow/.local/lib/python3.12/site-packages/airflow/example_dags/example_skip_dag.py
[2024-12-05T07:05:49.188+0000] {processor.py:925} INFO - DAG(s) 'example_skip_dag' retrieved from /home/airflow/.local/lib/python3.12/site-packages/airflow/example_dags/example_skip_dag.py
[2024-12-05T07:05:49.203+0000] {logging_mixin.py:190} INFO - [2024-12-05T07:05:49.203+0000] {dag.py:3239} INFO - Sync 1 DAGs
[2024-12-05T07:05:49.222+0000] {logging_mixin.py:190} INFO - [2024-12-05T07:05:49.222+0000] {dag.py:4180} INFO - Setting next_dagrun for example_skip_dag to 2024-12-04 00:00:00+00:00, run_after=2024-12-05 00:00:00+00:00
[2024-12-05T07:05:49.236+0000] {processor.py:208} INFO - Processing /home/airflow/.local/lib/python3.12/site-packages/airflow/example_dags/example_skip_dag.py took 0.060 seconds
[2024-12-05T07:06:20.216+0000] {processor.py:186} INFO - Started process (PID=35545) to work on /home/airflow/.local/lib/python3.12/site-packages/airflow/example_dags/example_skip_dag.py
[2024-12-05T07:06:20.216+0000] {processor.py:914} INFO - Processing file /home/airflow/.local/lib/python3.12/site-packages/airflow/example_dags/example_skip_dag.py for tasks to queue
[2024-12-05T07:06:20.218+0000] {logging_mixin.py:190} INFO - [2024-12-05T07:06:20.218+0000] {dagbag.py:588} INFO - Filling up the DagBag from /home/airflow/.local/lib/python3.12/site-packages/airflow/example_dags/example_skip_dag.py
[2024-12-05T07:06:20.223+0000] {processor.py:925} INFO - DAG(s) 'example_skip_dag' retrieved from /home/airflow/.local/lib/python3.12/site-packages/airflow/example_dags/example_skip_dag.py
[2024-12-05T07:06:20.239+0000] {logging_mixin.py:190} INFO - [2024-12-05T07:06:20.239+0000] {dag.py:3239} INFO - Sync 1 DAGs
[2024-12-05T07:06:20.257+0000] {logging_mixin.py:190} INFO - [2024-12-05T07:06:20.257+0000] {dag.py:4180} INFO - Setting next_dagrun for example_skip_dag to 2024-12-04 00:00:00+00:00, run_after=2024-12-05 00:00:00+00:00
[2024-12-05T07:06:20.270+0000] {processor.py:208} INFO - Processing /home/airflow/.local/lib/python3.12/site-packages/airflow/example_dags/example_skip_dag.py took 0.058 seconds
[2024-12-05T07:06:50.342+0000] {processor.py:186} INFO - Started process (PID=35614) to work on /home/airflow/.local/lib/python3.12/site-packages/airflow/example_dags/example_skip_dag.py
[2024-12-05T07:06:50.343+0000] {processor.py:914} INFO - Processing file /home/airflow/.local/lib/python3.12/site-packages/airflow/example_dags/example_skip_dag.py for tasks to queue
[2024-12-05T07:06:50.345+0000] {logging_mixin.py:190} INFO - [2024-12-05T07:06:50.344+0000] {dagbag.py:588} INFO - Filling up the DagBag from /home/airflow/.local/lib/python3.12/site-packages/airflow/example_dags/example_skip_dag.py
[2024-12-05T07:06:50.350+0000] {processor.py:925} INFO - DAG(s) 'example_skip_dag' retrieved from /home/airflow/.local/lib/python3.12/site-packages/airflow/example_dags/example_skip_dag.py
[2024-12-05T07:06:50.366+0000] {logging_mixin.py:190} INFO - [2024-12-05T07:06:50.366+0000] {dag.py:3239} INFO - Sync 1 DAGs
[2024-12-05T07:06:50.383+0000] {logging_mixin.py:190} INFO - [2024-12-05T07:06:50.383+0000] {dag.py:4180} INFO - Setting next_dagrun for example_skip_dag to 2024-12-04 00:00:00+00:00, run_after=2024-12-05 00:00:00+00:00
[2024-12-05T07:06:50.397+0000] {processor.py:208} INFO - Processing /home/airflow/.local/lib/python3.12/site-packages/airflow/example_dags/example_skip_dag.py took 0.058 seconds
[2024-12-05T07:07:20.769+0000] {processor.py:186} INFO - Started process (PID=35676) to work on /home/airflow/.local/lib/python3.12/site-packages/airflow/example_dags/example_skip_dag.py
[2024-12-05T07:07:20.770+0000] {processor.py:914} INFO - Processing file /home/airflow/.local/lib/python3.12/site-packages/airflow/example_dags/example_skip_dag.py for tasks to queue
[2024-12-05T07:07:20.772+0000] {logging_mixin.py:190} INFO - [2024-12-05T07:07:20.771+0000] {dagbag.py:588} INFO - Filling up the DagBag from /home/airflow/.local/lib/python3.12/site-packages/airflow/example_dags/example_skip_dag.py
[2024-12-05T07:07:20.777+0000] {processor.py:925} INFO - DAG(s) 'example_skip_dag' retrieved from /home/airflow/.local/lib/python3.12/site-packages/airflow/example_dags/example_skip_dag.py
[2024-12-05T07:07:20.793+0000] {logging_mixin.py:190} INFO - [2024-12-05T07:07:20.792+0000] {dag.py:3239} INFO - Sync 1 DAGs
[2024-12-05T07:07:20.810+0000] {logging_mixin.py:190} INFO - [2024-12-05T07:07:20.810+0000] {dag.py:4180} INFO - Setting next_dagrun for example_skip_dag to 2024-12-04 00:00:00+00:00, run_after=2024-12-05 00:00:00+00:00
[2024-12-05T07:07:20.823+0000] {processor.py:208} INFO - Processing /home/airflow/.local/lib/python3.12/site-packages/airflow/example_dags/example_skip_dag.py took 0.058 seconds
[2024-12-05T07:07:51.154+0000] {processor.py:186} INFO - Started process (PID=35739) to work on /home/airflow/.local/lib/python3.12/site-packages/airflow/example_dags/example_skip_dag.py
[2024-12-05T07:07:51.155+0000] {processor.py:914} INFO - Processing file /home/airflow/.local/lib/python3.12/site-packages/airflow/example_dags/example_skip_dag.py for tasks to queue
[2024-12-05T07:07:51.157+0000] {logging_mixin.py:190} INFO - [2024-12-05T07:07:51.157+0000] {dagbag.py:588} INFO - Filling up the DagBag from /home/airflow/.local/lib/python3.12/site-packages/airflow/example_dags/example_skip_dag.py
[2024-12-05T07:07:51.163+0000] {processor.py:925} INFO - DAG(s) 'example_skip_dag' retrieved from /home/airflow/.local/lib/python3.12/site-packages/airflow/example_dags/example_skip_dag.py
[2024-12-05T07:07:51.180+0000] {logging_mixin.py:190} INFO - [2024-12-05T07:07:51.180+0000] {dag.py:3239} INFO - Sync 1 DAGs
[2024-12-05T07:07:51.197+0000] {logging_mixin.py:190} INFO - [2024-12-05T07:07:51.197+0000] {dag.py:4180} INFO - Setting next_dagrun for example_skip_dag to 2024-12-04 00:00:00+00:00, run_after=2024-12-05 00:00:00+00:00
[2024-12-05T07:07:51.213+0000] {processor.py:208} INFO - Processing /home/airflow/.local/lib/python3.12/site-packages/airflow/example_dags/example_skip_dag.py took 0.064 seconds
