[2024-12-05T07:04:15.989+0000] {processor.py:186} INFO - Started process (PID=35288) to work on /home/airflow/.local/lib/python3.12/site-packages/airflow/example_dags/example_dataset_alias.py
[2024-12-05T07:04:15.989+0000] {processor.py:914} INFO - Processing file /home/airflow/.local/lib/python3.12/site-packages/airflow/example_dags/example_dataset_alias.py for tasks to queue
[2024-12-05T07:04:15.991+0000] {logging_mixin.py:190} INFO - [2024-12-05T07:04:15.991+0000] {dagbag.py:588} INFO - Filling up the DagBag from /home/airflow/.local/lib/python3.12/site-packages/airflow/example_dags/example_dataset_alias.py
[2024-12-05T07:04:16.350+0000] {processor.py:925} INFO - DAG(s) 'dataset_s3_bucket_consumer', 'dataset_alias_example_alias_producer', 'dataset_alias_example_alias_consumer', 'dataset_s3_bucket_producer' retrieved from /home/airflow/.local/lib/python3.12/site-packages/airflow/example_dags/example_dataset_alias.py
[2024-12-05T07:04:16.366+0000] {logging_mixin.py:190} INFO - [2024-12-05T07:04:16.366+0000] {dag.py:3239} INFO - Sync 4 DAGs
[2024-12-05T07:04:16.385+0000] {logging_mixin.py:190} INFO - [2024-12-05T07:04:16.385+0000] {dag.py:4180} INFO - Setting next_dagrun for dataset_alias_example_alias_consumer to None, run_after=None
[2024-12-05T07:04:16.387+0000] {logging_mixin.py:190} INFO - [2024-12-05T07:04:16.387+0000] {dag.py:4180} INFO - Setting next_dagrun for dataset_alias_example_alias_producer to None, run_after=None
[2024-12-05T07:04:16.390+0000] {logging_mixin.py:190} INFO - [2024-12-05T07:04:16.390+0000] {dag.py:4180} INFO - Setting next_dagrun for dataset_s3_bucket_consumer to None, run_after=None
[2024-12-05T07:04:16.391+0000] {logging_mixin.py:190} INFO - [2024-12-05T07:04:16.391+0000] {dag.py:4180} INFO - Setting next_dagrun for dataset_s3_bucket_producer to None, run_after=None
[2024-12-05T07:04:16.581+0000] {processor.py:208} INFO - Processing /home/airflow/.local/lib/python3.12/site-packages/airflow/example_dags/example_dataset_alias.py took 0.597 seconds
[2024-12-05T07:04:47.427+0000] {processor.py:186} INFO - Started process (PID=35353) to work on /home/airflow/.local/lib/python3.12/site-packages/airflow/example_dags/example_dataset_alias.py
[2024-12-05T07:04:47.428+0000] {processor.py:914} INFO - Processing file /home/airflow/.local/lib/python3.12/site-packages/airflow/example_dags/example_dataset_alias.py for tasks to queue
[2024-12-05T07:04:47.430+0000] {logging_mixin.py:190} INFO - [2024-12-05T07:04:47.429+0000] {dagbag.py:588} INFO - Filling up the DagBag from /home/airflow/.local/lib/python3.12/site-packages/airflow/example_dags/example_dataset_alias.py
[2024-12-05T07:04:47.747+0000] {processor.py:925} INFO - DAG(s) 'dataset_alias_example_alias_producer', 'dataset_s3_bucket_consumer', 'dataset_s3_bucket_producer', 'dataset_alias_example_alias_consumer' retrieved from /home/airflow/.local/lib/python3.12/site-packages/airflow/example_dags/example_dataset_alias.py
[2024-12-05T07:04:47.762+0000] {logging_mixin.py:190} INFO - [2024-12-05T07:04:47.761+0000] {dag.py:3239} INFO - Sync 4 DAGs
[2024-12-05T07:04:47.779+0000] {logging_mixin.py:190} INFO - [2024-12-05T07:04:47.779+0000] {dag.py:4180} INFO - Setting next_dagrun for dataset_alias_example_alias_consumer to None, run_after=None
[2024-12-05T07:04:47.781+0000] {logging_mixin.py:190} INFO - [2024-12-05T07:04:47.781+0000] {dag.py:4180} INFO - Setting next_dagrun for dataset_alias_example_alias_producer to None, run_after=None
[2024-12-05T07:04:47.782+0000] {logging_mixin.py:190} INFO - [2024-12-05T07:04:47.782+0000] {dag.py:4180} INFO - Setting next_dagrun for dataset_s3_bucket_consumer to None, run_after=None
[2024-12-05T07:04:47.783+0000] {logging_mixin.py:190} INFO - [2024-12-05T07:04:47.783+0000] {dag.py:4180} INFO - Setting next_dagrun for dataset_s3_bucket_producer to None, run_after=None
[2024-12-05T07:04:47.798+0000] {processor.py:208} INFO - Processing /home/airflow/.local/lib/python3.12/site-packages/airflow/example_dags/example_dataset_alias.py took 0.375 seconds
[2024-12-05T07:05:17.863+0000] {processor.py:186} INFO - Started process (PID=35414) to work on /home/airflow/.local/lib/python3.12/site-packages/airflow/example_dags/example_dataset_alias.py
[2024-12-05T07:05:17.864+0000] {processor.py:914} INFO - Processing file /home/airflow/.local/lib/python3.12/site-packages/airflow/example_dags/example_dataset_alias.py for tasks to queue
[2024-12-05T07:05:17.866+0000] {logging_mixin.py:190} INFO - [2024-12-05T07:05:17.866+0000] {dagbag.py:588} INFO - Filling up the DagBag from /home/airflow/.local/lib/python3.12/site-packages/airflow/example_dags/example_dataset_alias.py
[2024-12-05T07:05:18.178+0000] {processor.py:925} INFO - DAG(s) 'dataset_s3_bucket_producer', 'dataset_alias_example_alias_consumer', 'dataset_s3_bucket_consumer', 'dataset_alias_example_alias_producer' retrieved from /home/airflow/.local/lib/python3.12/site-packages/airflow/example_dags/example_dataset_alias.py
[2024-12-05T07:05:18.336+0000] {logging_mixin.py:190} INFO - [2024-12-05T07:05:18.336+0000] {dag.py:3239} INFO - Sync 4 DAGs
[2024-12-05T07:05:18.352+0000] {logging_mixin.py:190} INFO - [2024-12-05T07:05:18.352+0000] {dag.py:4180} INFO - Setting next_dagrun for dataset_alias_example_alias_consumer to None, run_after=None
[2024-12-05T07:05:18.354+0000] {logging_mixin.py:190} INFO - [2024-12-05T07:05:18.354+0000] {dag.py:4180} INFO - Setting next_dagrun for dataset_alias_example_alias_producer to None, run_after=None
[2024-12-05T07:05:18.355+0000] {logging_mixin.py:190} INFO - [2024-12-05T07:05:18.355+0000] {dag.py:4180} INFO - Setting next_dagrun for dataset_s3_bucket_consumer to None, run_after=None
[2024-12-05T07:05:18.356+0000] {logging_mixin.py:190} INFO - [2024-12-05T07:05:18.356+0000] {dag.py:4180} INFO - Setting next_dagrun for dataset_s3_bucket_producer to None, run_after=None
[2024-12-05T07:05:18.371+0000] {processor.py:208} INFO - Processing /home/airflow/.local/lib/python3.12/site-packages/airflow/example_dags/example_dataset_alias.py took 0.511 seconds
[2024-12-05T07:05:49.269+0000] {processor.py:186} INFO - Started process (PID=35483) to work on /home/airflow/.local/lib/python3.12/site-packages/airflow/example_dags/example_dataset_alias.py
[2024-12-05T07:05:49.270+0000] {processor.py:914} INFO - Processing file /home/airflow/.local/lib/python3.12/site-packages/airflow/example_dags/example_dataset_alias.py for tasks to queue
[2024-12-05T07:05:49.272+0000] {logging_mixin.py:190} INFO - [2024-12-05T07:05:49.272+0000] {dagbag.py:588} INFO - Filling up the DagBag from /home/airflow/.local/lib/python3.12/site-packages/airflow/example_dags/example_dataset_alias.py
[2024-12-05T07:05:49.590+0000] {processor.py:925} INFO - DAG(s) 'dataset_alias_example_alias_producer', 'dataset_alias_example_alias_consumer', 'dataset_s3_bucket_consumer', 'dataset_s3_bucket_producer' retrieved from /home/airflow/.local/lib/python3.12/site-packages/airflow/example_dags/example_dataset_alias.py
[2024-12-05T07:05:49.751+0000] {logging_mixin.py:190} INFO - [2024-12-05T07:05:49.750+0000] {dag.py:3239} INFO - Sync 4 DAGs
[2024-12-05T07:05:49.768+0000] {logging_mixin.py:190} INFO - [2024-12-05T07:05:49.768+0000] {dag.py:4180} INFO - Setting next_dagrun for dataset_alias_example_alias_consumer to None, run_after=None
[2024-12-05T07:05:49.770+0000] {logging_mixin.py:190} INFO - [2024-12-05T07:05:49.770+0000] {dag.py:4180} INFO - Setting next_dagrun for dataset_alias_example_alias_producer to None, run_after=None
[2024-12-05T07:05:49.771+0000] {logging_mixin.py:190} INFO - [2024-12-05T07:05:49.771+0000] {dag.py:4180} INFO - Setting next_dagrun for dataset_s3_bucket_consumer to None, run_after=None
[2024-12-05T07:05:49.772+0000] {logging_mixin.py:190} INFO - [2024-12-05T07:05:49.772+0000] {dag.py:4180} INFO - Setting next_dagrun for dataset_s3_bucket_producer to None, run_after=None
[2024-12-05T07:05:49.787+0000] {processor.py:208} INFO - Processing /home/airflow/.local/lib/python3.12/site-packages/airflow/example_dags/example_dataset_alias.py took 0.522 seconds
[2024-12-05T07:06:20.296+0000] {processor.py:186} INFO - Started process (PID=35546) to work on /home/airflow/.local/lib/python3.12/site-packages/airflow/example_dags/example_dataset_alias.py
[2024-12-05T07:06:20.297+0000] {processor.py:914} INFO - Processing file /home/airflow/.local/lib/python3.12/site-packages/airflow/example_dags/example_dataset_alias.py for tasks to queue
[2024-12-05T07:06:20.299+0000] {logging_mixin.py:190} INFO - [2024-12-05T07:06:20.299+0000] {dagbag.py:588} INFO - Filling up the DagBag from /home/airflow/.local/lib/python3.12/site-packages/airflow/example_dags/example_dataset_alias.py
[2024-12-05T07:06:20.629+0000] {processor.py:925} INFO - DAG(s) 'dataset_s3_bucket_consumer', 'dataset_s3_bucket_producer', 'dataset_alias_example_alias_consumer', 'dataset_alias_example_alias_producer' retrieved from /home/airflow/.local/lib/python3.12/site-packages/airflow/example_dags/example_dataset_alias.py
[2024-12-05T07:06:20.646+0000] {logging_mixin.py:190} INFO - [2024-12-05T07:06:20.646+0000] {dag.py:3239} INFO - Sync 4 DAGs
[2024-12-05T07:06:20.833+0000] {logging_mixin.py:190} INFO - [2024-12-05T07:06:20.833+0000] {dag.py:4180} INFO - Setting next_dagrun for dataset_alias_example_alias_consumer to None, run_after=None
[2024-12-05T07:06:20.835+0000] {logging_mixin.py:190} INFO - [2024-12-05T07:06:20.835+0000] {dag.py:4180} INFO - Setting next_dagrun for dataset_alias_example_alias_producer to None, run_after=None
[2024-12-05T07:06:20.836+0000] {logging_mixin.py:190} INFO - [2024-12-05T07:06:20.836+0000] {dag.py:4180} INFO - Setting next_dagrun for dataset_s3_bucket_consumer to None, run_after=None
[2024-12-05T07:06:20.838+0000] {logging_mixin.py:190} INFO - [2024-12-05T07:06:20.837+0000] {dag.py:4180} INFO - Setting next_dagrun for dataset_s3_bucket_producer to None, run_after=None
[2024-12-05T07:06:20.854+0000] {processor.py:208} INFO - Processing /home/airflow/.local/lib/python3.12/site-packages/airflow/example_dags/example_dataset_alias.py took 0.561 seconds
[2024-12-05T07:06:50.927+0000] {processor.py:186} INFO - Started process (PID=35623) to work on /home/airflow/.local/lib/python3.12/site-packages/airflow/example_dags/example_dataset_alias.py
[2024-12-05T07:06:50.927+0000] {processor.py:914} INFO - Processing file /home/airflow/.local/lib/python3.12/site-packages/airflow/example_dags/example_dataset_alias.py for tasks to queue
[2024-12-05T07:06:50.929+0000] {logging_mixin.py:190} INFO - [2024-12-05T07:06:50.929+0000] {dagbag.py:588} INFO - Filling up the DagBag from /home/airflow/.local/lib/python3.12/site-packages/airflow/example_dags/example_dataset_alias.py
[2024-12-05T07:06:51.249+0000] {processor.py:925} INFO - DAG(s) 'dataset_s3_bucket_consumer', 'dataset_alias_example_alias_producer', 'dataset_s3_bucket_producer', 'dataset_alias_example_alias_consumer' retrieved from /home/airflow/.local/lib/python3.12/site-packages/airflow/example_dags/example_dataset_alias.py
[2024-12-05T07:06:51.266+0000] {logging_mixin.py:190} INFO - [2024-12-05T07:06:51.265+0000] {dag.py:3239} INFO - Sync 4 DAGs
[2024-12-05T07:06:51.425+0000] {logging_mixin.py:190} INFO - [2024-12-05T07:06:51.424+0000] {dag.py:4180} INFO - Setting next_dagrun for dataset_alias_example_alias_consumer to None, run_after=None
[2024-12-05T07:06:51.427+0000] {logging_mixin.py:190} INFO - [2024-12-05T07:06:51.427+0000] {dag.py:4180} INFO - Setting next_dagrun for dataset_alias_example_alias_producer to None, run_after=None
[2024-12-05T07:06:51.428+0000] {logging_mixin.py:190} INFO - [2024-12-05T07:06:51.428+0000] {dag.py:4180} INFO - Setting next_dagrun for dataset_s3_bucket_consumer to None, run_after=None
[2024-12-05T07:06:51.429+0000] {logging_mixin.py:190} INFO - [2024-12-05T07:06:51.429+0000] {dag.py:4180} INFO - Setting next_dagrun for dataset_s3_bucket_producer to None, run_after=None
[2024-12-05T07:06:51.444+0000] {processor.py:208} INFO - Processing /home/airflow/.local/lib/python3.12/site-packages/airflow/example_dags/example_dataset_alias.py took 0.521 seconds
[2024-12-05T07:07:21.736+0000] {processor.py:186} INFO - Started process (PID=35687) to work on /home/airflow/.local/lib/python3.12/site-packages/airflow/example_dags/example_dataset_alias.py
[2024-12-05T07:07:21.737+0000] {processor.py:914} INFO - Processing file /home/airflow/.local/lib/python3.12/site-packages/airflow/example_dags/example_dataset_alias.py for tasks to queue
[2024-12-05T07:07:21.738+0000] {logging_mixin.py:190} INFO - [2024-12-05T07:07:21.738+0000] {dagbag.py:588} INFO - Filling up the DagBag from /home/airflow/.local/lib/python3.12/site-packages/airflow/example_dags/example_dataset_alias.py
[2024-12-05T07:07:22.057+0000] {processor.py:925} INFO - DAG(s) 'dataset_s3_bucket_consumer', 'dataset_s3_bucket_producer', 'dataset_alias_example_alias_consumer', 'dataset_alias_example_alias_producer' retrieved from /home/airflow/.local/lib/python3.12/site-packages/airflow/example_dags/example_dataset_alias.py
[2024-12-05T07:07:22.074+0000] {logging_mixin.py:190} INFO - [2024-12-05T07:07:22.073+0000] {dag.py:3239} INFO - Sync 4 DAGs
[2024-12-05T07:07:22.245+0000] {logging_mixin.py:190} INFO - [2024-12-05T07:07:22.245+0000] {dag.py:4180} INFO - Setting next_dagrun for dataset_alias_example_alias_consumer to None, run_after=None
[2024-12-05T07:07:22.247+0000] {logging_mixin.py:190} INFO - [2024-12-05T07:07:22.247+0000] {dag.py:4180} INFO - Setting next_dagrun for dataset_alias_example_alias_producer to None, run_after=None
[2024-12-05T07:07:22.248+0000] {logging_mixin.py:190} INFO - [2024-12-05T07:07:22.248+0000] {dag.py:4180} INFO - Setting next_dagrun for dataset_s3_bucket_consumer to None, run_after=None
[2024-12-05T07:07:22.249+0000] {logging_mixin.py:190} INFO - [2024-12-05T07:07:22.249+0000] {dag.py:4180} INFO - Setting next_dagrun for dataset_s3_bucket_producer to None, run_after=None
[2024-12-05T07:07:22.264+0000] {processor.py:208} INFO - Processing /home/airflow/.local/lib/python3.12/site-packages/airflow/example_dags/example_dataset_alias.py took 0.532 seconds
[2024-12-05T07:07:52.371+0000] {processor.py:186} INFO - Started process (PID=35745) to work on /home/airflow/.local/lib/python3.12/site-packages/airflow/example_dags/example_dataset_alias.py
[2024-12-05T07:07:52.372+0000] {processor.py:914} INFO - Processing file /home/airflow/.local/lib/python3.12/site-packages/airflow/example_dags/example_dataset_alias.py for tasks to queue
[2024-12-05T07:07:52.373+0000] {logging_mixin.py:190} INFO - [2024-12-05T07:07:52.373+0000] {dagbag.py:588} INFO - Filling up the DagBag from /home/airflow/.local/lib/python3.12/site-packages/airflow/example_dags/example_dataset_alias.py
[2024-12-05T07:07:52.867+0000] {processor.py:925} INFO - DAG(s) 'dataset_s3_bucket_producer', 'dataset_s3_bucket_consumer', 'dataset_alias_example_alias_consumer', 'dataset_alias_example_alias_producer' retrieved from /home/airflow/.local/lib/python3.12/site-packages/airflow/example_dags/example_dataset_alias.py
[2024-12-05T07:07:52.884+0000] {logging_mixin.py:190} INFO - [2024-12-05T07:07:52.883+0000] {dag.py:3239} INFO - Sync 4 DAGs
[2024-12-05T07:07:52.902+0000] {logging_mixin.py:190} INFO - [2024-12-05T07:07:52.902+0000] {dag.py:4180} INFO - Setting next_dagrun for dataset_alias_example_alias_consumer to None, run_after=None
[2024-12-05T07:07:52.904+0000] {logging_mixin.py:190} INFO - [2024-12-05T07:07:52.904+0000] {dag.py:4180} INFO - Setting next_dagrun for dataset_alias_example_alias_producer to None, run_after=None
[2024-12-05T07:07:52.905+0000] {logging_mixin.py:190} INFO - [2024-12-05T07:07:52.905+0000] {dag.py:4180} INFO - Setting next_dagrun for dataset_s3_bucket_consumer to None, run_after=None
[2024-12-05T07:07:52.906+0000] {logging_mixin.py:190} INFO - [2024-12-05T07:07:52.906+0000] {dag.py:4180} INFO - Setting next_dagrun for dataset_s3_bucket_producer to None, run_after=None
[2024-12-05T07:07:52.922+0000] {processor.py:208} INFO - Processing /home/airflow/.local/lib/python3.12/site-packages/airflow/example_dags/example_dataset_alias.py took 0.555 seconds
