[2024-12-05T07:04:15.199+0000] {processor.py:186} INFO - Started process (PID=35275) to work on /home/airflow/.local/lib/python3.12/site-packages/airflow/example_dags/example_short_circuit_operator.py
[2024-12-05T07:04:15.199+0000] {processor.py:914} INFO - Processing file /home/airflow/.local/lib/python3.12/site-packages/airflow/example_dags/example_short_circuit_operator.py for tasks to queue
[2024-12-05T07:04:15.201+0000] {logging_mixin.py:190} INFO - [2024-12-05T07:04:15.201+0000] {dagbag.py:588} INFO - Filling up the DagBag from /home/airflow/.local/lib/python3.12/site-packages/airflow/example_dags/example_short_circuit_operator.py
[2024-12-05T07:04:15.208+0000] {processor.py:925} INFO - DAG(s) 'example_short_circuit_operator' retrieved from /home/airflow/.local/lib/python3.12/site-packages/airflow/example_dags/example_short_circuit_operator.py
[2024-12-05T07:04:15.225+0000] {logging_mixin.py:190} INFO - [2024-12-05T07:04:15.225+0000] {dag.py:3239} INFO - Sync 1 DAGs
[2024-12-05T07:04:15.236+0000] {logging_mixin.py:190} INFO - [2024-12-05T07:04:15.236+0000] {dag.py:4180} INFO - Setting next_dagrun for example_short_circuit_operator to None, run_after=None
[2024-12-05T07:04:15.249+0000] {processor.py:208} INFO - Processing /home/airflow/.local/lib/python3.12/site-packages/airflow/example_dags/example_short_circuit_operator.py took 0.055 seconds
[2024-12-05T07:04:46.307+0000] {processor.py:186} INFO - Started process (PID=35338) to work on /home/airflow/.local/lib/python3.12/site-packages/airflow/example_dags/example_short_circuit_operator.py
[2024-12-05T07:04:46.307+0000] {processor.py:914} INFO - Processing file /home/airflow/.local/lib/python3.12/site-packages/airflow/example_dags/example_short_circuit_operator.py for tasks to queue
[2024-12-05T07:04:46.309+0000] {logging_mixin.py:190} INFO - [2024-12-05T07:04:46.309+0000] {dagbag.py:588} INFO - Filling up the DagBag from /home/airflow/.local/lib/python3.12/site-packages/airflow/example_dags/example_short_circuit_operator.py
[2024-12-05T07:04:46.315+0000] {processor.py:925} INFO - DAG(s) 'example_short_circuit_operator' retrieved from /home/airflow/.local/lib/python3.12/site-packages/airflow/example_dags/example_short_circuit_operator.py
[2024-12-05T07:04:46.332+0000] {logging_mixin.py:190} INFO - [2024-12-05T07:04:46.332+0000] {dag.py:3239} INFO - Sync 1 DAGs
[2024-12-05T07:04:46.344+0000] {logging_mixin.py:190} INFO - [2024-12-05T07:04:46.344+0000] {dag.py:4180} INFO - Setting next_dagrun for example_short_circuit_operator to None, run_after=None
[2024-12-05T07:04:46.358+0000] {processor.py:208} INFO - Processing /home/airflow/.local/lib/python3.12/site-packages/airflow/example_dags/example_short_circuit_operator.py took 0.055 seconds
[2024-12-05T07:05:17.111+0000] {processor.py:186} INFO - Started process (PID=35401) to work on /home/airflow/.local/lib/python3.12/site-packages/airflow/example_dags/example_short_circuit_operator.py
[2024-12-05T07:05:17.112+0000] {processor.py:914} INFO - Processing file /home/airflow/.local/lib/python3.12/site-packages/airflow/example_dags/example_short_circuit_operator.py for tasks to queue
[2024-12-05T07:05:17.114+0000] {logging_mixin.py:190} INFO - [2024-12-05T07:05:17.114+0000] {dagbag.py:588} INFO - Filling up the DagBag from /home/airflow/.local/lib/python3.12/site-packages/airflow/example_dags/example_short_circuit_operator.py
[2024-12-05T07:05:17.120+0000] {processor.py:925} INFO - DAG(s) 'example_short_circuit_operator' retrieved from /home/airflow/.local/lib/python3.12/site-packages/airflow/example_dags/example_short_circuit_operator.py
[2024-12-05T07:05:17.136+0000] {logging_mixin.py:190} INFO - [2024-12-05T07:05:17.136+0000] {dag.py:3239} INFO - Sync 1 DAGs
[2024-12-05T07:05:17.147+0000] {logging_mixin.py:190} INFO - [2024-12-05T07:05:17.146+0000] {dag.py:4180} INFO - Setting next_dagrun for example_short_circuit_operator to None, run_after=None
[2024-12-05T07:05:17.159+0000] {processor.py:208} INFO - Processing /home/airflow/.local/lib/python3.12/site-packages/airflow/example_dags/example_short_circuit_operator.py took 0.052 seconds
[2024-12-05T07:05:47.783+0000] {processor.py:186} INFO - Started process (PID=35464) to work on /home/airflow/.local/lib/python3.12/site-packages/airflow/example_dags/example_short_circuit_operator.py
[2024-12-05T07:05:47.784+0000] {processor.py:914} INFO - Processing file /home/airflow/.local/lib/python3.12/site-packages/airflow/example_dags/example_short_circuit_operator.py for tasks to queue
[2024-12-05T07:05:47.785+0000] {logging_mixin.py:190} INFO - [2024-12-05T07:05:47.785+0000] {dagbag.py:588} INFO - Filling up the DagBag from /home/airflow/.local/lib/python3.12/site-packages/airflow/example_dags/example_short_circuit_operator.py
[2024-12-05T07:05:47.791+0000] {processor.py:925} INFO - DAG(s) 'example_short_circuit_operator' retrieved from /home/airflow/.local/lib/python3.12/site-packages/airflow/example_dags/example_short_circuit_operator.py
[2024-12-05T07:05:47.808+0000] {logging_mixin.py:190} INFO - [2024-12-05T07:05:47.808+0000] {dag.py:3239} INFO - Sync 1 DAGs
[2024-12-05T07:05:47.819+0000] {logging_mixin.py:190} INFO - [2024-12-05T07:05:47.819+0000] {dag.py:4180} INFO - Setting next_dagrun for example_short_circuit_operator to None, run_after=None
[2024-12-05T07:05:47.831+0000] {processor.py:208} INFO - Processing /home/airflow/.local/lib/python3.12/site-packages/airflow/example_dags/example_short_circuit_operator.py took 0.052 seconds
[2024-12-05T07:06:18.783+0000] {processor.py:186} INFO - Started process (PID=35527) to work on /home/airflow/.local/lib/python3.12/site-packages/airflow/example_dags/example_short_circuit_operator.py
[2024-12-05T07:06:18.784+0000] {processor.py:914} INFO - Processing file /home/airflow/.local/lib/python3.12/site-packages/airflow/example_dags/example_short_circuit_operator.py for tasks to queue
[2024-12-05T07:06:18.786+0000] {logging_mixin.py:190} INFO - [2024-12-05T07:06:18.786+0000] {dagbag.py:588} INFO - Filling up the DagBag from /home/airflow/.local/lib/python3.12/site-packages/airflow/example_dags/example_short_circuit_operator.py
[2024-12-05T07:06:18.792+0000] {processor.py:925} INFO - DAG(s) 'example_short_circuit_operator' retrieved from /home/airflow/.local/lib/python3.12/site-packages/airflow/example_dags/example_short_circuit_operator.py
[2024-12-05T07:06:18.808+0000] {logging_mixin.py:190} INFO - [2024-12-05T07:06:18.808+0000] {dag.py:3239} INFO - Sync 1 DAGs
[2024-12-05T07:06:18.819+0000] {logging_mixin.py:190} INFO - [2024-12-05T07:06:18.819+0000] {dag.py:4180} INFO - Setting next_dagrun for example_short_circuit_operator to None, run_after=None
[2024-12-05T07:06:19.183+0000] {processor.py:208} INFO - Processing /home/airflow/.local/lib/python3.12/site-packages/airflow/example_dags/example_short_circuit_operator.py took 0.054 seconds
[2024-12-05T07:06:49.946+0000] {processor.py:186} INFO - Started process (PID=35606) to work on /home/airflow/.local/lib/python3.12/site-packages/airflow/example_dags/example_short_circuit_operator.py
[2024-12-05T07:06:49.947+0000] {processor.py:914} INFO - Processing file /home/airflow/.local/lib/python3.12/site-packages/airflow/example_dags/example_short_circuit_operator.py for tasks to queue
[2024-12-05T07:06:49.948+0000] {logging_mixin.py:190} INFO - [2024-12-05T07:06:49.948+0000] {dagbag.py:588} INFO - Filling up the DagBag from /home/airflow/.local/lib/python3.12/site-packages/airflow/example_dags/example_short_circuit_operator.py
[2024-12-05T07:06:49.955+0000] {processor.py:925} INFO - DAG(s) 'example_short_circuit_operator' retrieved from /home/airflow/.local/lib/python3.12/site-packages/airflow/example_dags/example_short_circuit_operator.py
[2024-12-05T07:06:49.971+0000] {logging_mixin.py:190} INFO - [2024-12-05T07:06:49.971+0000] {dag.py:3239} INFO - Sync 1 DAGs
[2024-12-05T07:06:49.982+0000] {logging_mixin.py:190} INFO - [2024-12-05T07:06:49.982+0000] {dag.py:4180} INFO - Setting next_dagrun for example_short_circuit_operator to None, run_after=None
[2024-12-05T07:06:49.995+0000] {processor.py:208} INFO - Processing /home/airflow/.local/lib/python3.12/site-packages/airflow/example_dags/example_short_circuit_operator.py took 0.053 seconds
[2024-12-05T07:07:20.375+0000] {processor.py:186} INFO - Started process (PID=35669) to work on /home/airflow/.local/lib/python3.12/site-packages/airflow/example_dags/example_short_circuit_operator.py
[2024-12-05T07:07:20.375+0000] {processor.py:914} INFO - Processing file /home/airflow/.local/lib/python3.12/site-packages/airflow/example_dags/example_short_circuit_operator.py for tasks to queue
[2024-12-05T07:07:20.377+0000] {logging_mixin.py:190} INFO - [2024-12-05T07:07:20.377+0000] {dagbag.py:588} INFO - Filling up the DagBag from /home/airflow/.local/lib/python3.12/site-packages/airflow/example_dags/example_short_circuit_operator.py
[2024-12-05T07:07:20.383+0000] {processor.py:925} INFO - DAG(s) 'example_short_circuit_operator' retrieved from /home/airflow/.local/lib/python3.12/site-packages/airflow/example_dags/example_short_circuit_operator.py
[2024-12-05T07:07:20.400+0000] {logging_mixin.py:190} INFO - [2024-12-05T07:07:20.400+0000] {dag.py:3239} INFO - Sync 1 DAGs
[2024-12-05T07:07:20.410+0000] {logging_mixin.py:190} INFO - [2024-12-05T07:07:20.410+0000] {dag.py:4180} INFO - Setting next_dagrun for example_short_circuit_operator to None, run_after=None
[2024-12-05T07:07:20.422+0000] {processor.py:208} INFO - Processing /home/airflow/.local/lib/python3.12/site-packages/airflow/example_dags/example_short_circuit_operator.py took 0.052 seconds
[2024-12-05T07:07:50.824+0000] {processor.py:186} INFO - Started process (PID=35732) to work on /home/airflow/.local/lib/python3.12/site-packages/airflow/example_dags/example_short_circuit_operator.py
[2024-12-05T07:07:50.825+0000] {processor.py:914} INFO - Processing file /home/airflow/.local/lib/python3.12/site-packages/airflow/example_dags/example_short_circuit_operator.py for tasks to queue
[2024-12-05T07:07:50.827+0000] {logging_mixin.py:190} INFO - [2024-12-05T07:07:50.827+0000] {dagbag.py:588} INFO - Filling up the DagBag from /home/airflow/.local/lib/python3.12/site-packages/airflow/example_dags/example_short_circuit_operator.py
[2024-12-05T07:07:50.833+0000] {processor.py:925} INFO - DAG(s) 'example_short_circuit_operator' retrieved from /home/airflow/.local/lib/python3.12/site-packages/airflow/example_dags/example_short_circuit_operator.py
[2024-12-05T07:07:50.852+0000] {logging_mixin.py:190} INFO - [2024-12-05T07:07:50.851+0000] {dag.py:3239} INFO - Sync 1 DAGs
[2024-12-05T07:07:50.862+0000] {logging_mixin.py:190} INFO - [2024-12-05T07:07:50.862+0000] {dag.py:4180} INFO - Setting next_dagrun for example_short_circuit_operator to None, run_after=None
[2024-12-05T07:07:50.876+0000] {processor.py:208} INFO - Processing /home/airflow/.local/lib/python3.12/site-packages/airflow/example_dags/example_short_circuit_operator.py took 0.056 seconds
