[2024-12-05T07:04:15.365+0000] {processor.py:186} INFO - Started process (PID=35279) to work on /home/airflow/.local/lib/python3.12/site-packages/airflow/example_dags/example_sensors.py
[2024-12-05T07:04:15.365+0000] {processor.py:914} INFO - Processing file /home/airflow/.local/lib/python3.12/site-packages/airflow/example_dags/example_sensors.py for tasks to queue
[2024-12-05T07:04:15.367+0000] {logging_mixin.py:190} INFO - [2024-12-05T07:04:15.367+0000] {dagbag.py:588} INFO - Filling up the DagBag from /home/airflow/.local/lib/python3.12/site-packages/airflow/example_dags/example_sensors.py
[2024-12-05T07:04:15.375+0000] {processor.py:925} INFO - DAG(s) 'example_sensors' retrieved from /home/airflow/.local/lib/python3.12/site-packages/airflow/example_dags/example_sensors.py
[2024-12-05T07:04:15.394+0000] {logging_mixin.py:190} INFO - [2024-12-05T07:04:15.394+0000] {dag.py:3239} INFO - Sync 1 DAGs
[2024-12-05T07:04:15.405+0000] {logging_mixin.py:190} INFO - [2024-12-05T07:04:15.405+0000] {dag.py:4180} INFO - Setting next_dagrun for example_sensors to None, run_after=None
[2024-12-05T07:04:15.419+0000] {processor.py:208} INFO - Processing /home/airflow/.local/lib/python3.12/site-packages/airflow/example_dags/example_sensors.py took 0.058 seconds
[2024-12-05T07:04:46.552+0000] {processor.py:186} INFO - Started process (PID=35342) to work on /home/airflow/.local/lib/python3.12/site-packages/airflow/example_dags/example_sensors.py
[2024-12-05T07:04:46.553+0000] {processor.py:914} INFO - Processing file /home/airflow/.local/lib/python3.12/site-packages/airflow/example_dags/example_sensors.py for tasks to queue
[2024-12-05T07:04:46.554+0000] {logging_mixin.py:190} INFO - [2024-12-05T07:04:46.554+0000] {dagbag.py:588} INFO - Filling up the DagBag from /home/airflow/.local/lib/python3.12/site-packages/airflow/example_dags/example_sensors.py
[2024-12-05T07:04:46.561+0000] {processor.py:925} INFO - DAG(s) 'example_sensors' retrieved from /home/airflow/.local/lib/python3.12/site-packages/airflow/example_dags/example_sensors.py
[2024-12-05T07:04:46.581+0000] {logging_mixin.py:190} INFO - [2024-12-05T07:04:46.580+0000] {dag.py:3239} INFO - Sync 1 DAGs
[2024-12-05T07:04:46.590+0000] {logging_mixin.py:190} INFO - [2024-12-05T07:04:46.590+0000] {dag.py:4180} INFO - Setting next_dagrun for example_sensors to None, run_after=None
[2024-12-05T07:04:46.602+0000] {processor.py:208} INFO - Processing /home/airflow/.local/lib/python3.12/site-packages/airflow/example_dags/example_sensors.py took 0.054 seconds
[2024-12-05T07:05:17.272+0000] {processor.py:186} INFO - Started process (PID=35405) to work on /home/airflow/.local/lib/python3.12/site-packages/airflow/example_dags/example_sensors.py
[2024-12-05T07:05:17.273+0000] {processor.py:914} INFO - Processing file /home/airflow/.local/lib/python3.12/site-packages/airflow/example_dags/example_sensors.py for tasks to queue
[2024-12-05T07:05:17.274+0000] {logging_mixin.py:190} INFO - [2024-12-05T07:05:17.274+0000] {dagbag.py:588} INFO - Filling up the DagBag from /home/airflow/.local/lib/python3.12/site-packages/airflow/example_dags/example_sensors.py
[2024-12-05T07:05:17.282+0000] {processor.py:925} INFO - DAG(s) 'example_sensors' retrieved from /home/airflow/.local/lib/python3.12/site-packages/airflow/example_dags/example_sensors.py
[2024-12-05T07:05:17.301+0000] {logging_mixin.py:190} INFO - [2024-12-05T07:05:17.301+0000] {dag.py:3239} INFO - Sync 1 DAGs
[2024-12-05T07:05:17.311+0000] {logging_mixin.py:190} INFO - [2024-12-05T07:05:17.311+0000] {dag.py:4180} INFO - Setting next_dagrun for example_sensors to None, run_after=None
[2024-12-05T07:05:17.323+0000] {processor.py:208} INFO - Processing /home/airflow/.local/lib/python3.12/site-packages/airflow/example_dags/example_sensors.py took 0.056 seconds
[2024-12-05T07:05:47.957+0000] {processor.py:186} INFO - Started process (PID=35468) to work on /home/airflow/.local/lib/python3.12/site-packages/airflow/example_dags/example_sensors.py
[2024-12-05T07:05:47.957+0000] {processor.py:914} INFO - Processing file /home/airflow/.local/lib/python3.12/site-packages/airflow/example_dags/example_sensors.py for tasks to queue
[2024-12-05T07:05:47.959+0000] {logging_mixin.py:190} INFO - [2024-12-05T07:05:47.959+0000] {dagbag.py:588} INFO - Filling up the DagBag from /home/airflow/.local/lib/python3.12/site-packages/airflow/example_dags/example_sensors.py
[2024-12-05T07:05:47.966+0000] {processor.py:925} INFO - DAG(s) 'example_sensors' retrieved from /home/airflow/.local/lib/python3.12/site-packages/airflow/example_dags/example_sensors.py
[2024-12-05T07:05:47.986+0000] {logging_mixin.py:190} INFO - [2024-12-05T07:05:47.985+0000] {dag.py:3239} INFO - Sync 1 DAGs
[2024-12-05T07:05:47.997+0000] {logging_mixin.py:190} INFO - [2024-12-05T07:05:47.996+0000] {dag.py:4180} INFO - Setting next_dagrun for example_sensors to None, run_after=None
[2024-12-05T07:05:48.010+0000] {processor.py:208} INFO - Processing /home/airflow/.local/lib/python3.12/site-packages/airflow/example_dags/example_sensors.py took 0.058 seconds
[2024-12-05T07:06:16.422+0000] {processor.py:186} INFO - Started process (PID=35531) to work on /home/airflow/.local/lib/python3.12/site-packages/airflow/example_dags/example_sensors.py
[2024-12-05T07:06:16.423+0000] {processor.py:914} INFO - Processing file /home/airflow/.local/lib/python3.12/site-packages/airflow/example_dags/example_sensors.py for tasks to queue
[2024-12-05T07:06:16.425+0000] {logging_mixin.py:190} INFO - [2024-12-05T07:06:16.425+0000] {dagbag.py:588} INFO - Filling up the DagBag from /home/airflow/.local/lib/python3.12/site-packages/airflow/example_dags/example_sensors.py
[2024-12-05T07:06:16.432+0000] {processor.py:925} INFO - DAG(s) 'example_sensors' retrieved from /home/airflow/.local/lib/python3.12/site-packages/airflow/example_dags/example_sensors.py
[2024-12-05T07:06:16.452+0000] {logging_mixin.py:190} INFO - [2024-12-05T07:06:16.451+0000] {dag.py:3239} INFO - Sync 1 DAGs
[2024-12-05T07:06:16.463+0000] {logging_mixin.py:190} INFO - [2024-12-05T07:06:16.463+0000] {dag.py:4180} INFO - Setting next_dagrun for example_sensors to None, run_after=None
[2024-12-05T07:06:16.476+0000] {processor.py:208} INFO - Processing /home/airflow/.local/lib/python3.12/site-packages/airflow/example_dags/example_sensors.py took 0.059 seconds
[2024-12-05T07:06:47.132+0000] {processor.py:186} INFO - Started process (PID=35581) to work on /home/airflow/.local/lib/python3.12/site-packages/airflow/example_dags/example_sensors.py
[2024-12-05T07:06:47.133+0000] {processor.py:914} INFO - Processing file /home/airflow/.local/lib/python3.12/site-packages/airflow/example_dags/example_sensors.py for tasks to queue
[2024-12-05T07:06:47.135+0000] {logging_mixin.py:190} INFO - [2024-12-05T07:06:47.134+0000] {dagbag.py:588} INFO - Filling up the DagBag from /home/airflow/.local/lib/python3.12/site-packages/airflow/example_dags/example_sensors.py
[2024-12-05T07:06:47.143+0000] {processor.py:925} INFO - DAG(s) 'example_sensors' retrieved from /home/airflow/.local/lib/python3.12/site-packages/airflow/example_dags/example_sensors.py
[2024-12-05T07:06:47.161+0000] {logging_mixin.py:190} INFO - [2024-12-05T07:06:47.161+0000] {dag.py:3239} INFO - Sync 1 DAGs
[2024-12-05T07:06:47.172+0000] {logging_mixin.py:190} INFO - [2024-12-05T07:06:47.172+0000] {dag.py:4180} INFO - Setting next_dagrun for example_sensors to None, run_after=None
[2024-12-05T07:06:47.186+0000] {processor.py:208} INFO - Processing /home/airflow/.local/lib/python3.12/site-packages/airflow/example_dags/example_sensors.py took 0.058 seconds
[2024-12-05T07:07:17.357+0000] {processor.py:186} INFO - Started process (PID=35650) to work on /home/airflow/.local/lib/python3.12/site-packages/airflow/example_dags/example_sensors.py
[2024-12-05T07:07:17.358+0000] {processor.py:914} INFO - Processing file /home/airflow/.local/lib/python3.12/site-packages/airflow/example_dags/example_sensors.py for tasks to queue
[2024-12-05T07:07:17.359+0000] {logging_mixin.py:190} INFO - [2024-12-05T07:07:17.359+0000] {dagbag.py:588} INFO - Filling up the DagBag from /home/airflow/.local/lib/python3.12/site-packages/airflow/example_dags/example_sensors.py
[2024-12-05T07:07:17.367+0000] {processor.py:925} INFO - DAG(s) 'example_sensors' retrieved from /home/airflow/.local/lib/python3.12/site-packages/airflow/example_dags/example_sensors.py
[2024-12-05T07:07:17.387+0000] {logging_mixin.py:190} INFO - [2024-12-05T07:07:17.386+0000] {dag.py:3239} INFO - Sync 1 DAGs
[2024-12-05T07:07:17.397+0000] {logging_mixin.py:190} INFO - [2024-12-05T07:07:17.396+0000] {dag.py:4180} INFO - Setting next_dagrun for example_sensors to None, run_after=None
[2024-12-05T07:07:17.410+0000] {processor.py:208} INFO - Processing /home/airflow/.local/lib/python3.12/site-packages/airflow/example_dags/example_sensors.py took 0.057 seconds
[2024-12-05T07:07:47.580+0000] {processor.py:186} INFO - Started process (PID=35712) to work on /home/airflow/.local/lib/python3.12/site-packages/airflow/example_dags/example_sensors.py
[2024-12-05T07:07:47.581+0000] {processor.py:914} INFO - Processing file /home/airflow/.local/lib/python3.12/site-packages/airflow/example_dags/example_sensors.py for tasks to queue
[2024-12-05T07:07:47.582+0000] {logging_mixin.py:190} INFO - [2024-12-05T07:07:47.582+0000] {dagbag.py:588} INFO - Filling up the DagBag from /home/airflow/.local/lib/python3.12/site-packages/airflow/example_dags/example_sensors.py
[2024-12-05T07:07:47.590+0000] {processor.py:925} INFO - DAG(s) 'example_sensors' retrieved from /home/airflow/.local/lib/python3.12/site-packages/airflow/example_dags/example_sensors.py
[2024-12-05T07:07:47.609+0000] {logging_mixin.py:190} INFO - [2024-12-05T07:07:47.609+0000] {dag.py:3239} INFO - Sync 1 DAGs
[2024-12-05T07:07:47.619+0000] {logging_mixin.py:190} INFO - [2024-12-05T07:07:47.619+0000] {dag.py:4180} INFO - Setting next_dagrun for example_sensors to None, run_after=None
[2024-12-05T07:07:47.633+0000] {processor.py:208} INFO - Processing /home/airflow/.local/lib/python3.12/site-packages/airflow/example_dags/example_sensors.py took 0.057 seconds
