[2024-12-05T07:04:13.453+0000] {processor.py:186} INFO - Started process (PID=35257) to work on /home/airflow/.local/lib/python3.12/site-packages/airflow/example_dags/example_inlet_event_extra.py
[2024-12-05T07:04:13.453+0000] {processor.py:914} INFO - Processing file /home/airflow/.local/lib/python3.12/site-packages/airflow/example_dags/example_inlet_event_extra.py for tasks to queue
[2024-12-05T07:04:13.455+0000] {logging_mixin.py:190} INFO - [2024-12-05T07:04:13.455+0000] {dagbag.py:588} INFO - Filling up the DagBag from /home/airflow/.local/lib/python3.12/site-packages/airflow/example_dags/example_inlet_event_extra.py
[2024-12-05T07:04:14.255+0000] {processor.py:925} INFO - DAG(s) 'read_dataset_event_from_classic', 'read_dataset_event' retrieved from /home/airflow/.local/lib/python3.12/site-packages/airflow/example_dags/example_inlet_event_extra.py
[2024-12-05T07:04:14.284+0000] {logging_mixin.py:190} INFO - [2024-12-05T07:04:14.284+0000] {dag.py:3239} INFO - Sync 2 DAGs
[2024-12-05T07:04:14.544+0000] {logging_mixin.py:190} INFO - [2024-12-05T07:04:14.544+0000] {dag.py:4180} INFO - Setting next_dagrun for read_dataset_event to 2024-12-04 00:00:00+00:00, run_after=2024-12-05 00:00:00+00:00
[2024-12-05T07:04:14.549+0000] {logging_mixin.py:190} INFO - [2024-12-05T07:04:14.549+0000] {dag.py:4180} INFO - Setting next_dagrun for read_dataset_event_from_classic to 2024-12-04 00:00:00+00:00, run_after=2024-12-05 00:00:00+00:00
[2024-12-05T07:04:14.565+0000] {processor.py:208} INFO - Processing /home/airflow/.local/lib/python3.12/site-packages/airflow/example_dags/example_inlet_event_extra.py took 1.117 seconds
[2024-12-05T07:04:45.230+0000] {processor.py:186} INFO - Started process (PID=35324) to work on /home/airflow/.local/lib/python3.12/site-packages/airflow/example_dags/example_inlet_event_extra.py
[2024-12-05T07:04:45.230+0000] {processor.py:914} INFO - Processing file /home/airflow/.local/lib/python3.12/site-packages/airflow/example_dags/example_inlet_event_extra.py for tasks to queue
[2024-12-05T07:04:45.232+0000] {logging_mixin.py:190} INFO - [2024-12-05T07:04:45.232+0000] {dagbag.py:588} INFO - Filling up the DagBag from /home/airflow/.local/lib/python3.12/site-packages/airflow/example_dags/example_inlet_event_extra.py
[2024-12-05T07:04:45.521+0000] {processor.py:925} INFO - DAG(s) 'read_dataset_event_from_classic', 'read_dataset_event' retrieved from /home/airflow/.local/lib/python3.12/site-packages/airflow/example_dags/example_inlet_event_extra.py
[2024-12-05T07:04:45.537+0000] {logging_mixin.py:190} INFO - [2024-12-05T07:04:45.537+0000] {dag.py:3239} INFO - Sync 2 DAGs
[2024-12-05T07:04:45.685+0000] {logging_mixin.py:190} INFO - [2024-12-05T07:04:45.685+0000] {dag.py:4180} INFO - Setting next_dagrun for read_dataset_event to 2024-12-04 00:00:00+00:00, run_after=2024-12-05 00:00:00+00:00
[2024-12-05T07:04:45.689+0000] {logging_mixin.py:190} INFO - [2024-12-05T07:04:45.689+0000] {dag.py:4180} INFO - Setting next_dagrun for read_dataset_event_from_classic to 2024-12-04 00:00:00+00:00, run_after=2024-12-05 00:00:00+00:00
[2024-12-05T07:04:45.700+0000] {processor.py:208} INFO - Processing /home/airflow/.local/lib/python3.12/site-packages/airflow/example_dags/example_inlet_event_extra.py took 0.474 seconds
[2024-12-05T07:05:16.379+0000] {processor.py:186} INFO - Started process (PID=35388) to work on /home/airflow/.local/lib/python3.12/site-packages/airflow/example_dags/example_inlet_event_extra.py
[2024-12-05T07:05:16.379+0000] {processor.py:914} INFO - Processing file /home/airflow/.local/lib/python3.12/site-packages/airflow/example_dags/example_inlet_event_extra.py for tasks to queue
[2024-12-05T07:05:16.381+0000] {logging_mixin.py:190} INFO - [2024-12-05T07:05:16.381+0000] {dagbag.py:588} INFO - Filling up the DagBag from /home/airflow/.local/lib/python3.12/site-packages/airflow/example_dags/example_inlet_event_extra.py
[2024-12-05T07:05:16.682+0000] {processor.py:925} INFO - DAG(s) 'read_dataset_event', 'read_dataset_event_from_classic' retrieved from /home/airflow/.local/lib/python3.12/site-packages/airflow/example_dags/example_inlet_event_extra.py
[2024-12-05T07:05:16.698+0000] {logging_mixin.py:190} INFO - [2024-12-05T07:05:16.698+0000] {dag.py:3239} INFO - Sync 2 DAGs
[2024-12-05T07:05:16.717+0000] {logging_mixin.py:190} INFO - [2024-12-05T07:05:16.717+0000] {dag.py:4180} INFO - Setting next_dagrun for read_dataset_event to 2024-12-04 00:00:00+00:00, run_after=2024-12-05 00:00:00+00:00
[2024-12-05T07:05:16.721+0000] {logging_mixin.py:190} INFO - [2024-12-05T07:05:16.721+0000] {dag.py:4180} INFO - Setting next_dagrun for read_dataset_event_from_classic to 2024-12-04 00:00:00+00:00, run_after=2024-12-05 00:00:00+00:00
[2024-12-05T07:05:16.879+0000] {processor.py:208} INFO - Processing /home/airflow/.local/lib/python3.12/site-packages/airflow/example_dags/example_inlet_event_extra.py took 0.505 seconds
[2024-12-05T07:05:47.226+0000] {processor.py:186} INFO - Started process (PID=35457) to work on /home/airflow/.local/lib/python3.12/site-packages/airflow/example_dags/example_inlet_event_extra.py
[2024-12-05T07:05:47.227+0000] {processor.py:914} INFO - Processing file /home/airflow/.local/lib/python3.12/site-packages/airflow/example_dags/example_inlet_event_extra.py for tasks to queue
[2024-12-05T07:05:47.229+0000] {logging_mixin.py:190} INFO - [2024-12-05T07:05:47.229+0000] {dagbag.py:588} INFO - Filling up the DagBag from /home/airflow/.local/lib/python3.12/site-packages/airflow/example_dags/example_inlet_event_extra.py
[2024-12-05T07:05:47.544+0000] {processor.py:925} INFO - DAG(s) 'read_dataset_event', 'read_dataset_event_from_classic' retrieved from /home/airflow/.local/lib/python3.12/site-packages/airflow/example_dags/example_inlet_event_extra.py
[2024-12-05T07:05:47.562+0000] {logging_mixin.py:190} INFO - [2024-12-05T07:05:47.562+0000] {dag.py:3239} INFO - Sync 2 DAGs
[2024-12-05T07:05:47.584+0000] {logging_mixin.py:190} INFO - [2024-12-05T07:05:47.584+0000] {dag.py:4180} INFO - Setting next_dagrun for read_dataset_event to 2024-12-04 00:00:00+00:00, run_after=2024-12-05 00:00:00+00:00
[2024-12-05T07:05:47.589+0000] {logging_mixin.py:190} INFO - [2024-12-05T07:05:47.588+0000] {dag.py:4180} INFO - Setting next_dagrun for read_dataset_event_from_classic to 2024-12-04 00:00:00+00:00, run_after=2024-12-05 00:00:00+00:00
[2024-12-05T07:05:47.749+0000] {processor.py:208} INFO - Processing /home/airflow/.local/lib/python3.12/site-packages/airflow/example_dags/example_inlet_event_extra.py took 0.527 seconds
[2024-12-05T07:06:18.600+0000] {processor.py:186} INFO - Started process (PID=35524) to work on /home/airflow/.local/lib/python3.12/site-packages/airflow/example_dags/example_inlet_event_extra.py
[2024-12-05T07:06:18.601+0000] {processor.py:914} INFO - Processing file /home/airflow/.local/lib/python3.12/site-packages/airflow/example_dags/example_inlet_event_extra.py for tasks to queue
[2024-12-05T07:06:18.603+0000] {logging_mixin.py:190} INFO - [2024-12-05T07:06:18.602+0000] {dagbag.py:588} INFO - Filling up the DagBag from /home/airflow/.local/lib/python3.12/site-packages/airflow/example_dags/example_inlet_event_extra.py
[2024-12-05T07:06:19.255+0000] {processor.py:925} INFO - DAG(s) 'read_dataset_event', 'read_dataset_event_from_classic' retrieved from /home/airflow/.local/lib/python3.12/site-packages/airflow/example_dags/example_inlet_event_extra.py
[2024-12-05T07:06:19.272+0000] {logging_mixin.py:190} INFO - [2024-12-05T07:06:19.271+0000] {dag.py:3239} INFO - Sync 2 DAGs
[2024-12-05T07:06:16.214+0000] {logging_mixin.py:190} INFO - [2024-12-05T07:06:16.214+0000] {dag.py:4180} INFO - Setting next_dagrun for read_dataset_event to 2024-12-04 00:00:00+00:00, run_after=2024-12-05 00:00:00+00:00
[2024-12-05T07:06:16.219+0000] {logging_mixin.py:190} INFO - [2024-12-05T07:06:16.219+0000] {dag.py:4180} INFO - Setting next_dagrun for read_dataset_event_from_classic to 2024-12-04 00:00:00+00:00, run_after=2024-12-05 00:00:00+00:00
[2024-12-05T07:06:16.386+0000] {processor.py:208} INFO - Processing /home/airflow/.local/lib/python3.12/site-packages/airflow/example_dags/example_inlet_event_extra.py took 0.521 seconds
[2024-12-05T07:06:46.741+0000] {processor.py:186} INFO - Started process (PID=35575) to work on /home/airflow/.local/lib/python3.12/site-packages/airflow/example_dags/example_inlet_event_extra.py
[2024-12-05T07:06:46.741+0000] {processor.py:914} INFO - Processing file /home/airflow/.local/lib/python3.12/site-packages/airflow/example_dags/example_inlet_event_extra.py for tasks to queue
[2024-12-05T07:06:46.743+0000] {logging_mixin.py:190} INFO - [2024-12-05T07:06:46.743+0000] {dagbag.py:588} INFO - Filling up the DagBag from /home/airflow/.local/lib/python3.12/site-packages/airflow/example_dags/example_inlet_event_extra.py
[2024-12-05T07:06:47.046+0000] {processor.py:925} INFO - DAG(s) 'read_dataset_event_from_classic', 'read_dataset_event' retrieved from /home/airflow/.local/lib/python3.12/site-packages/airflow/example_dags/example_inlet_event_extra.py
[2024-12-05T07:06:47.063+0000] {logging_mixin.py:190} INFO - [2024-12-05T07:06:47.063+0000] {dag.py:3239} INFO - Sync 2 DAGs
[2024-12-05T07:06:47.083+0000] {logging_mixin.py:190} INFO - [2024-12-05T07:06:47.083+0000] {dag.py:4180} INFO - Setting next_dagrun for read_dataset_event to 2024-12-04 00:00:00+00:00, run_after=2024-12-05 00:00:00+00:00
[2024-12-05T07:06:47.087+0000] {logging_mixin.py:190} INFO - [2024-12-05T07:06:47.087+0000] {dag.py:4180} INFO - Setting next_dagrun for read_dataset_event_from_classic to 2024-12-04 00:00:00+00:00, run_after=2024-12-05 00:00:00+00:00
[2024-12-05T07:06:47.100+0000] {processor.py:208} INFO - Processing /home/airflow/.local/lib/python3.12/site-packages/airflow/example_dags/example_inlet_event_extra.py took 0.363 seconds
[2024-12-05T07:07:17.173+0000] {processor.py:186} INFO - Started process (PID=35647) to work on /home/airflow/.local/lib/python3.12/site-packages/airflow/example_dags/example_inlet_event_extra.py
[2024-12-05T07:07:17.173+0000] {processor.py:914} INFO - Processing file /home/airflow/.local/lib/python3.12/site-packages/airflow/example_dags/example_inlet_event_extra.py for tasks to queue
[2024-12-05T07:07:17.175+0000] {logging_mixin.py:190} INFO - [2024-12-05T07:07:17.175+0000] {dagbag.py:588} INFO - Filling up the DagBag from /home/airflow/.local/lib/python3.12/site-packages/airflow/example_dags/example_inlet_event_extra.py
[2024-12-05T07:07:17.636+0000] {processor.py:925} INFO - DAG(s) 'read_dataset_event_from_classic', 'read_dataset_event' retrieved from /home/airflow/.local/lib/python3.12/site-packages/airflow/example_dags/example_inlet_event_extra.py
[2024-12-05T07:07:17.651+0000] {logging_mixin.py:190} INFO - [2024-12-05T07:07:17.651+0000] {dag.py:3239} INFO - Sync 2 DAGs
[2024-12-05T07:07:17.670+0000] {logging_mixin.py:190} INFO - [2024-12-05T07:07:17.670+0000] {dag.py:4180} INFO - Setting next_dagrun for read_dataset_event to 2024-12-04 00:00:00+00:00, run_after=2024-12-05 00:00:00+00:00
[2024-12-05T07:07:17.674+0000] {logging_mixin.py:190} INFO - [2024-12-05T07:07:17.674+0000] {dag.py:4180} INFO - Setting next_dagrun for read_dataset_event_from_classic to 2024-12-04 00:00:00+00:00, run_after=2024-12-05 00:00:00+00:00
[2024-12-05T07:07:17.686+0000] {processor.py:208} INFO - Processing /home/airflow/.local/lib/python3.12/site-packages/airflow/example_dags/example_inlet_event_extra.py took 0.517 seconds
[2024-12-05T07:07:47.744+0000] {processor.py:186} INFO - Started process (PID=35714) to work on /home/airflow/.local/lib/python3.12/site-packages/airflow/example_dags/example_inlet_event_extra.py
[2024-12-05T07:07:47.744+0000] {processor.py:914} INFO - Processing file /home/airflow/.local/lib/python3.12/site-packages/airflow/example_dags/example_inlet_event_extra.py for tasks to queue
[2024-12-05T07:07:47.746+0000] {logging_mixin.py:190} INFO - [2024-12-05T07:07:47.746+0000] {dagbag.py:588} INFO - Filling up the DagBag from /home/airflow/.local/lib/python3.12/site-packages/airflow/example_dags/example_inlet_event_extra.py
[2024-12-05T07:07:48.066+0000] {processor.py:925} INFO - DAG(s) 'read_dataset_event_from_classic', 'read_dataset_event' retrieved from /home/airflow/.local/lib/python3.12/site-packages/airflow/example_dags/example_inlet_event_extra.py
[2024-12-05T07:07:48.258+0000] {logging_mixin.py:190} INFO - [2024-12-05T07:07:48.258+0000] {dag.py:3239} INFO - Sync 2 DAGs
[2024-12-05T07:07:48.279+0000] {logging_mixin.py:190} INFO - [2024-12-05T07:07:48.279+0000] {dag.py:4180} INFO - Setting next_dagrun for read_dataset_event to 2024-12-04 00:00:00+00:00, run_after=2024-12-05 00:00:00+00:00
[2024-12-05T07:07:48.284+0000] {logging_mixin.py:190} INFO - [2024-12-05T07:07:48.284+0000] {dag.py:4180} INFO - Setting next_dagrun for read_dataset_event_from_classic to 2024-12-04 00:00:00+00:00, run_after=2024-12-05 00:00:00+00:00
[2024-12-05T07:07:48.296+0000] {processor.py:208} INFO - Processing /home/airflow/.local/lib/python3.12/site-packages/airflow/example_dags/example_inlet_event_extra.py took 0.557 seconds
