[2024-12-05T07:04:14.209+0000] {processor.py:186} INFO - Started process (PID=35262) to work on /home/airflow/.local/lib/python3.12/site-packages/airflow/example_dags/example_xcomargs.py
[2024-12-05T07:04:14.211+0000] {processor.py:914} INFO - Processing file /home/airflow/.local/lib/python3.12/site-packages/airflow/example_dags/example_xcomargs.py for tasks to queue
[2024-12-05T07:04:14.216+0000] {logging_mixin.py:190} INFO - [2024-12-05T07:04:14.216+0000] {dagbag.py:588} INFO - Filling up the DagBag from /home/airflow/.local/lib/python3.12/site-packages/airflow/example_dags/example_xcomargs.py
[2024-12-05T07:04:14.229+0000] {processor.py:925} INFO - DAG(s) 'example_xcom_args', 'example_xcom_args_with_operators' retrieved from /home/airflow/.local/lib/python3.12/site-packages/airflow/example_dags/example_xcomargs.py
[2024-12-05T07:04:14.257+0000] {logging_mixin.py:190} INFO - [2024-12-05T07:04:14.257+0000] {dag.py:3239} INFO - Sync 2 DAGs
[2024-12-05T07:04:14.276+0000] {logging_mixin.py:190} INFO - [2024-12-05T07:04:14.276+0000] {dag.py:4180} INFO - Setting next_dagrun for example_xcom_args to None, run_after=None
[2024-12-05T07:04:14.281+0000] {logging_mixin.py:190} INFO - [2024-12-05T07:04:14.281+0000] {dag.py:4180} INFO - Setting next_dagrun for example_xcom_args_with_operators to None, run_after=None
[2024-12-05T07:04:14.305+0000] {processor.py:208} INFO - Processing /home/airflow/.local/lib/python3.12/site-packages/airflow/example_dags/example_xcomargs.py took 0.103 seconds
[2024-12-05T07:04:45.234+0000] {processor.py:186} INFO - Started process (PID=35325) to work on /home/airflow/.local/lib/python3.12/site-packages/airflow/example_dags/example_xcomargs.py
[2024-12-05T07:04:45.235+0000] {processor.py:914} INFO - Processing file /home/airflow/.local/lib/python3.12/site-packages/airflow/example_dags/example_xcomargs.py for tasks to queue
[2024-12-05T07:04:45.236+0000] {logging_mixin.py:190} INFO - [2024-12-05T07:04:45.236+0000] {dagbag.py:588} INFO - Filling up the DagBag from /home/airflow/.local/lib/python3.12/site-packages/airflow/example_dags/example_xcomargs.py
[2024-12-05T07:04:45.243+0000] {processor.py:925} INFO - DAG(s) 'example_xcom_args', 'example_xcom_args_with_operators' retrieved from /home/airflow/.local/lib/python3.12/site-packages/airflow/example_dags/example_xcomargs.py
[2024-12-05T07:04:45.259+0000] {logging_mixin.py:190} INFO - [2024-12-05T07:04:45.259+0000] {dag.py:3239} INFO - Sync 2 DAGs
[2024-12-05T07:04:45.269+0000] {logging_mixin.py:190} INFO - [2024-12-05T07:04:45.269+0000] {dag.py:4180} INFO - Setting next_dagrun for example_xcom_args to None, run_after=None
[2024-12-05T07:04:45.272+0000] {logging_mixin.py:190} INFO - [2024-12-05T07:04:45.272+0000] {dag.py:4180} INFO - Setting next_dagrun for example_xcom_args_with_operators to None, run_after=None
[2024-12-05T07:04:45.283+0000] {processor.py:208} INFO - Processing /home/airflow/.local/lib/python3.12/site-packages/airflow/example_dags/example_xcomargs.py took 0.053 seconds
[2024-12-05T07:05:15.365+0000] {processor.py:186} INFO - Started process (PID=35387) to work on /home/airflow/.local/lib/python3.12/site-packages/airflow/example_dags/example_xcomargs.py
[2024-12-05T07:05:15.366+0000] {processor.py:914} INFO - Processing file /home/airflow/.local/lib/python3.12/site-packages/airflow/example_dags/example_xcomargs.py for tasks to queue
[2024-12-05T07:05:15.368+0000] {logging_mixin.py:190} INFO - [2024-12-05T07:05:15.367+0000] {dagbag.py:588} INFO - Filling up the DagBag from /home/airflow/.local/lib/python3.12/site-packages/airflow/example_dags/example_xcomargs.py
[2024-12-05T07:05:15.374+0000] {processor.py:925} INFO - DAG(s) 'example_xcom_args_with_operators', 'example_xcom_args' retrieved from /home/airflow/.local/lib/python3.12/site-packages/airflow/example_dags/example_xcomargs.py
[2024-12-05T07:05:15.390+0000] {logging_mixin.py:190} INFO - [2024-12-05T07:05:15.390+0000] {dag.py:3239} INFO - Sync 2 DAGs
[2024-12-05T07:05:15.401+0000] {logging_mixin.py:190} INFO - [2024-12-05T07:05:15.401+0000] {dag.py:4180} INFO - Setting next_dagrun for example_xcom_args to None, run_after=None
[2024-12-05T07:05:15.403+0000] {logging_mixin.py:190} INFO - [2024-12-05T07:05:15.403+0000] {dag.py:4180} INFO - Setting next_dagrun for example_xcom_args_with_operators to None, run_after=None
[2024-12-05T07:05:15.414+0000] {processor.py:208} INFO - Processing /home/airflow/.local/lib/python3.12/site-packages/airflow/example_dags/example_xcomargs.py took 0.053 seconds
[2024-12-05T07:05:45.801+0000] {processor.py:186} INFO - Started process (PID=35450) to work on /home/airflow/.local/lib/python3.12/site-packages/airflow/example_dags/example_xcomargs.py
[2024-12-05T07:05:45.802+0000] {processor.py:914} INFO - Processing file /home/airflow/.local/lib/python3.12/site-packages/airflow/example_dags/example_xcomargs.py for tasks to queue
[2024-12-05T07:05:45.803+0000] {logging_mixin.py:190} INFO - [2024-12-05T07:05:45.803+0000] {dagbag.py:588} INFO - Filling up the DagBag from /home/airflow/.local/lib/python3.12/site-packages/airflow/example_dags/example_xcomargs.py
[2024-12-05T07:05:45.810+0000] {processor.py:925} INFO - DAG(s) 'example_xcom_args', 'example_xcom_args_with_operators' retrieved from /home/airflow/.local/lib/python3.12/site-packages/airflow/example_dags/example_xcomargs.py
[2024-12-05T07:05:45.826+0000] {logging_mixin.py:190} INFO - [2024-12-05T07:05:45.826+0000] {dag.py:3239} INFO - Sync 2 DAGs
[2024-12-05T07:05:45.837+0000] {logging_mixin.py:190} INFO - [2024-12-05T07:05:45.837+0000] {dag.py:4180} INFO - Setting next_dagrun for example_xcom_args to None, run_after=None
[2024-12-05T07:05:45.840+0000] {logging_mixin.py:190} INFO - [2024-12-05T07:05:45.840+0000] {dag.py:4180} INFO - Setting next_dagrun for example_xcom_args_with_operators to None, run_after=None
[2024-12-05T07:05:45.852+0000] {processor.py:208} INFO - Processing /home/airflow/.local/lib/python3.12/site-packages/airflow/example_dags/example_xcomargs.py took 0.055 seconds
[2024-12-05T07:06:16.001+0000] {processor.py:186} INFO - Started process (PID=35513) to work on /home/airflow/.local/lib/python3.12/site-packages/airflow/example_dags/example_xcomargs.py
[2024-12-05T07:06:16.001+0000] {processor.py:914} INFO - Processing file /home/airflow/.local/lib/python3.12/site-packages/airflow/example_dags/example_xcomargs.py for tasks to queue
[2024-12-05T07:06:16.003+0000] {logging_mixin.py:190} INFO - [2024-12-05T07:06:16.002+0000] {dagbag.py:588} INFO - Filling up the DagBag from /home/airflow/.local/lib/python3.12/site-packages/airflow/example_dags/example_xcomargs.py
[2024-12-05T07:06:16.009+0000] {processor.py:925} INFO - DAG(s) 'example_xcom_args', 'example_xcom_args_with_operators' retrieved from /home/airflow/.local/lib/python3.12/site-packages/airflow/example_dags/example_xcomargs.py
[2024-12-05T07:06:16.024+0000] {logging_mixin.py:190} INFO - [2024-12-05T07:06:16.024+0000] {dag.py:3239} INFO - Sync 2 DAGs
[2024-12-05T07:06:16.035+0000] {logging_mixin.py:190} INFO - [2024-12-05T07:06:16.035+0000] {dag.py:4180} INFO - Setting next_dagrun for example_xcom_args to None, run_after=None
[2024-12-05T07:06:16.039+0000] {logging_mixin.py:190} INFO - [2024-12-05T07:06:16.038+0000] {dag.py:4180} INFO - Setting next_dagrun for example_xcom_args_with_operators to None, run_after=None
[2024-12-05T07:06:16.050+0000] {processor.py:208} INFO - Processing /home/airflow/.local/lib/python3.12/site-packages/airflow/example_dags/example_xcomargs.py took 0.053 seconds
[2024-12-05T07:06:46.815+0000] {processor.py:186} INFO - Started process (PID=35577) to work on /home/airflow/.local/lib/python3.12/site-packages/airflow/example_dags/example_xcomargs.py
[2024-12-05T07:06:46.816+0000] {processor.py:914} INFO - Processing file /home/airflow/.local/lib/python3.12/site-packages/airflow/example_dags/example_xcomargs.py for tasks to queue
[2024-12-05T07:06:46.818+0000] {logging_mixin.py:190} INFO - [2024-12-05T07:06:46.818+0000] {dagbag.py:588} INFO - Filling up the DagBag from /home/airflow/.local/lib/python3.12/site-packages/airflow/example_dags/example_xcomargs.py
[2024-12-05T07:06:46.825+0000] {processor.py:925} INFO - DAG(s) 'example_xcom_args_with_operators', 'example_xcom_args' retrieved from /home/airflow/.local/lib/python3.12/site-packages/airflow/example_dags/example_xcomargs.py
[2024-12-05T07:06:46.843+0000] {logging_mixin.py:190} INFO - [2024-12-05T07:06:46.842+0000] {dag.py:3239} INFO - Sync 2 DAGs
[2024-12-05T07:06:46.854+0000] {logging_mixin.py:190} INFO - [2024-12-05T07:06:46.854+0000] {dag.py:4180} INFO - Setting next_dagrun for example_xcom_args to None, run_after=None
[2024-12-05T07:06:46.857+0000] {logging_mixin.py:190} INFO - [2024-12-05T07:06:46.856+0000] {dag.py:4180} INFO - Setting next_dagrun for example_xcom_args_with_operators to None, run_after=None
[2024-12-05T07:06:46.869+0000] {processor.py:208} INFO - Processing /home/airflow/.local/lib/python3.12/site-packages/airflow/example_dags/example_xcomargs.py took 0.058 seconds
[2024-12-05T07:07:16.988+0000] {processor.py:186} INFO - Started process (PID=35645) to work on /home/airflow/.local/lib/python3.12/site-packages/airflow/example_dags/example_xcomargs.py
[2024-12-05T07:07:16.989+0000] {processor.py:914} INFO - Processing file /home/airflow/.local/lib/python3.12/site-packages/airflow/example_dags/example_xcomargs.py for tasks to queue
[2024-12-05T07:07:16.990+0000] {logging_mixin.py:190} INFO - [2024-12-05T07:07:16.990+0000] {dagbag.py:588} INFO - Filling up the DagBag from /home/airflow/.local/lib/python3.12/site-packages/airflow/example_dags/example_xcomargs.py
[2024-12-05T07:07:16.997+0000] {processor.py:925} INFO - DAG(s) 'example_xcom_args_with_operators', 'example_xcom_args' retrieved from /home/airflow/.local/lib/python3.12/site-packages/airflow/example_dags/example_xcomargs.py
[2024-12-05T07:07:17.013+0000] {logging_mixin.py:190} INFO - [2024-12-05T07:07:17.013+0000] {dag.py:3239} INFO - Sync 2 DAGs
[2024-12-05T07:07:17.023+0000] {logging_mixin.py:190} INFO - [2024-12-05T07:07:17.023+0000] {dag.py:4180} INFO - Setting next_dagrun for example_xcom_args to None, run_after=None
[2024-12-05T07:07:17.026+0000] {logging_mixin.py:190} INFO - [2024-12-05T07:07:17.026+0000] {dag.py:4180} INFO - Setting next_dagrun for example_xcom_args_with_operators to None, run_after=None
[2024-12-05T07:07:17.037+0000] {processor.py:208} INFO - Processing /home/airflow/.local/lib/python3.12/site-packages/airflow/example_dags/example_xcomargs.py took 0.052 seconds
[2024-12-05T07:07:47.319+0000] {processor.py:186} INFO - Started process (PID=35708) to work on /home/airflow/.local/lib/python3.12/site-packages/airflow/example_dags/example_xcomargs.py
[2024-12-05T07:07:47.319+0000] {processor.py:914} INFO - Processing file /home/airflow/.local/lib/python3.12/site-packages/airflow/example_dags/example_xcomargs.py for tasks to queue
[2024-12-05T07:07:47.320+0000] {logging_mixin.py:190} INFO - [2024-12-05T07:07:47.320+0000] {dagbag.py:588} INFO - Filling up the DagBag from /home/airflow/.local/lib/python3.12/site-packages/airflow/example_dags/example_xcomargs.py
[2024-12-05T07:07:47.327+0000] {processor.py:925} INFO - DAG(s) 'example_xcom_args_with_operators', 'example_xcom_args' retrieved from /home/airflow/.local/lib/python3.12/site-packages/airflow/example_dags/example_xcomargs.py
[2024-12-05T07:07:47.344+0000] {logging_mixin.py:190} INFO - [2024-12-05T07:07:47.344+0000] {dag.py:3239} INFO - Sync 2 DAGs
[2024-12-05T07:07:47.354+0000] {logging_mixin.py:190} INFO - [2024-12-05T07:07:47.354+0000] {dag.py:4180} INFO - Setting next_dagrun for example_xcom_args to None, run_after=None
[2024-12-05T07:07:47.357+0000] {logging_mixin.py:190} INFO - [2024-12-05T07:07:47.357+0000] {dag.py:4180} INFO - Setting next_dagrun for example_xcom_args_with_operators to None, run_after=None
[2024-12-05T07:07:47.369+0000] {processor.py:208} INFO - Processing /home/airflow/.local/lib/python3.12/site-packages/airflow/example_dags/example_xcomargs.py took 0.054 seconds
