[2024-12-05T07:04:16.430+0000] {processor.py:186} INFO - Started process (PID=35293) to work on /home/airflow/.local/lib/python3.12/site-packages/airflow/example_dags/example_local_kubernetes_executor.py
[2024-12-05T07:04:16.431+0000] {processor.py:914} INFO - Processing file /home/airflow/.local/lib/python3.12/site-packages/airflow/example_dags/example_local_kubernetes_executor.py for tasks to queue
[2024-12-05T07:04:16.433+0000] {logging_mixin.py:190} INFO - [2024-12-05T07:04:16.433+0000] {dagbag.py:588} INFO - Filling up the DagBag from /home/airflow/.local/lib/python3.12/site-packages/airflow/example_dags/example_local_kubernetes_executor.py
[2024-12-05T07:04:16.440+0000] {processor.py:925} INFO - DAG(s) 'example_local_kubernetes_executor' retrieved from /home/airflow/.local/lib/python3.12/site-packages/airflow/example_dags/example_local_kubernetes_executor.py
[2024-12-05T07:04:16.465+0000] {logging_mixin.py:190} INFO - [2024-12-05T07:04:16.465+0000] {dag.py:3239} INFO - Sync 1 DAGs
[2024-12-05T07:04:16.478+0000] {logging_mixin.py:190} INFO - [2024-12-05T07:04:16.477+0000] {dag.py:4180} INFO - Setting next_dagrun for example_local_kubernetes_executor to None, run_after=None
[2024-12-05T07:04:16.502+0000] {processor.py:208} INFO - Processing /home/airflow/.local/lib/python3.12/site-packages/airflow/example_dags/example_local_kubernetes_executor.py took 0.076 seconds
[2024-12-05T07:04:47.901+0000] {processor.py:186} INFO - Started process (PID=35356) to work on /home/airflow/.local/lib/python3.12/site-packages/airflow/example_dags/example_local_kubernetes_executor.py
[2024-12-05T07:04:47.902+0000] {processor.py:914} INFO - Processing file /home/airflow/.local/lib/python3.12/site-packages/airflow/example_dags/example_local_kubernetes_executor.py for tasks to queue
[2024-12-05T07:04:47.904+0000] {logging_mixin.py:190} INFO - [2024-12-05T07:04:47.904+0000] {dagbag.py:588} INFO - Filling up the DagBag from /home/airflow/.local/lib/python3.12/site-packages/airflow/example_dags/example_local_kubernetes_executor.py
[2024-12-05T07:04:47.910+0000] {processor.py:925} INFO - DAG(s) 'example_local_kubernetes_executor' retrieved from /home/airflow/.local/lib/python3.12/site-packages/airflow/example_dags/example_local_kubernetes_executor.py
[2024-12-05T07:04:47.932+0000] {logging_mixin.py:190} INFO - [2024-12-05T07:04:47.931+0000] {dag.py:3239} INFO - Sync 1 DAGs
[2024-12-05T07:04:47.941+0000] {logging_mixin.py:190} INFO - [2024-12-05T07:04:47.941+0000] {dag.py:4180} INFO - Setting next_dagrun for example_local_kubernetes_executor to None, run_after=None
[2024-12-05T07:04:47.954+0000] {processor.py:208} INFO - Processing /home/airflow/.local/lib/python3.12/site-packages/airflow/example_dags/example_local_kubernetes_executor.py took 0.056 seconds
[2024-12-05T07:05:18.211+0000] {processor.py:186} INFO - Started process (PID=35419) to work on /home/airflow/.local/lib/python3.12/site-packages/airflow/example_dags/example_local_kubernetes_executor.py
[2024-12-05T07:05:18.212+0000] {processor.py:914} INFO - Processing file /home/airflow/.local/lib/python3.12/site-packages/airflow/example_dags/example_local_kubernetes_executor.py for tasks to queue
[2024-12-05T07:05:18.213+0000] {logging_mixin.py:190} INFO - [2024-12-05T07:05:18.213+0000] {dagbag.py:588} INFO - Filling up the DagBag from /home/airflow/.local/lib/python3.12/site-packages/airflow/example_dags/example_local_kubernetes_executor.py
[2024-12-05T07:05:18.220+0000] {processor.py:925} INFO - DAG(s) 'example_local_kubernetes_executor' retrieved from /home/airflow/.local/lib/python3.12/site-packages/airflow/example_dags/example_local_kubernetes_executor.py
[2024-12-05T07:05:18.244+0000] {logging_mixin.py:190} INFO - [2024-12-05T07:05:18.244+0000] {dag.py:3239} INFO - Sync 1 DAGs
[2024-12-05T07:05:18.255+0000] {logging_mixin.py:190} INFO - [2024-12-05T07:05:18.255+0000] {dag.py:4180} INFO - Setting next_dagrun for example_local_kubernetes_executor to None, run_after=None
[2024-12-05T07:05:18.269+0000] {processor.py:208} INFO - Processing /home/airflow/.local/lib/python3.12/site-packages/airflow/example_dags/example_local_kubernetes_executor.py took 0.062 seconds
[2024-12-05T07:05:49.179+0000] {processor.py:186} INFO - Started process (PID=35481) to work on /home/airflow/.local/lib/python3.12/site-packages/airflow/example_dags/example_local_kubernetes_executor.py
[2024-12-05T07:05:49.180+0000] {processor.py:914} INFO - Processing file /home/airflow/.local/lib/python3.12/site-packages/airflow/example_dags/example_local_kubernetes_executor.py for tasks to queue
[2024-12-05T07:05:49.182+0000] {logging_mixin.py:190} INFO - [2024-12-05T07:05:49.182+0000] {dagbag.py:588} INFO - Filling up the DagBag from /home/airflow/.local/lib/python3.12/site-packages/airflow/example_dags/example_local_kubernetes_executor.py
[2024-12-05T07:05:49.189+0000] {processor.py:925} INFO - DAG(s) 'example_local_kubernetes_executor' retrieved from /home/airflow/.local/lib/python3.12/site-packages/airflow/example_dags/example_local_kubernetes_executor.py
[2024-12-05T07:05:49.213+0000] {logging_mixin.py:190} INFO - [2024-12-05T07:05:49.212+0000] {dag.py:3239} INFO - Sync 1 DAGs
[2024-12-05T07:05:49.226+0000] {logging_mixin.py:190} INFO - [2024-12-05T07:05:49.226+0000] {dag.py:4180} INFO - Setting next_dagrun for example_local_kubernetes_executor to None, run_after=None
[2024-12-05T07:05:49.238+0000] {processor.py:208} INFO - Processing /home/airflow/.local/lib/python3.12/site-packages/airflow/example_dags/example_local_kubernetes_executor.py took 0.064 seconds
[2024-12-05T07:06:20.127+0000] {processor.py:186} INFO - Started process (PID=35544) to work on /home/airflow/.local/lib/python3.12/site-packages/airflow/example_dags/example_local_kubernetes_executor.py
[2024-12-05T07:06:20.128+0000] {processor.py:914} INFO - Processing file /home/airflow/.local/lib/python3.12/site-packages/airflow/example_dags/example_local_kubernetes_executor.py for tasks to queue
[2024-12-05T07:06:20.130+0000] {logging_mixin.py:190} INFO - [2024-12-05T07:06:20.129+0000] {dagbag.py:588} INFO - Filling up the DagBag from /home/airflow/.local/lib/python3.12/site-packages/airflow/example_dags/example_local_kubernetes_executor.py
[2024-12-05T07:06:20.136+0000] {processor.py:925} INFO - DAG(s) 'example_local_kubernetes_executor' retrieved from /home/airflow/.local/lib/python3.12/site-packages/airflow/example_dags/example_local_kubernetes_executor.py
[2024-12-05T07:06:20.163+0000] {logging_mixin.py:190} INFO - [2024-12-05T07:06:20.162+0000] {dag.py:3239} INFO - Sync 1 DAGs
[2024-12-05T07:06:20.174+0000] {logging_mixin.py:190} INFO - [2024-12-05T07:06:20.174+0000] {dag.py:4180} INFO - Setting next_dagrun for example_local_kubernetes_executor to None, run_after=None
[2024-12-05T07:06:20.187+0000] {processor.py:208} INFO - Processing /home/airflow/.local/lib/python3.12/site-packages/airflow/example_dags/example_local_kubernetes_executor.py took 0.064 seconds
[2024-12-05T07:06:50.253+0000] {processor.py:186} INFO - Started process (PID=35612) to work on /home/airflow/.local/lib/python3.12/site-packages/airflow/example_dags/example_local_kubernetes_executor.py
[2024-12-05T07:06:50.254+0000] {processor.py:914} INFO - Processing file /home/airflow/.local/lib/python3.12/site-packages/airflow/example_dags/example_local_kubernetes_executor.py for tasks to queue
[2024-12-05T07:06:50.256+0000] {logging_mixin.py:190} INFO - [2024-12-05T07:06:50.255+0000] {dagbag.py:588} INFO - Filling up the DagBag from /home/airflow/.local/lib/python3.12/site-packages/airflow/example_dags/example_local_kubernetes_executor.py
[2024-12-05T07:06:50.262+0000] {processor.py:925} INFO - DAG(s) 'example_local_kubernetes_executor' retrieved from /home/airflow/.local/lib/python3.12/site-packages/airflow/example_dags/example_local_kubernetes_executor.py
[2024-12-05T07:06:50.285+0000] {logging_mixin.py:190} INFO - [2024-12-05T07:06:50.285+0000] {dag.py:3239} INFO - Sync 1 DAGs
[2024-12-05T07:06:50.296+0000] {logging_mixin.py:190} INFO - [2024-12-05T07:06:50.295+0000] {dag.py:4180} INFO - Setting next_dagrun for example_local_kubernetes_executor to None, run_after=None
[2024-12-05T07:06:50.308+0000] {processor.py:208} INFO - Processing /home/airflow/.local/lib/python3.12/site-packages/airflow/example_dags/example_local_kubernetes_executor.py took 0.059 seconds
[2024-12-05T07:07:20.681+0000] {processor.py:186} INFO - Started process (PID=35675) to work on /home/airflow/.local/lib/python3.12/site-packages/airflow/example_dags/example_local_kubernetes_executor.py
[2024-12-05T07:07:20.681+0000] {processor.py:914} INFO - Processing file /home/airflow/.local/lib/python3.12/site-packages/airflow/example_dags/example_local_kubernetes_executor.py for tasks to queue
[2024-12-05T07:07:20.683+0000] {logging_mixin.py:190} INFO - [2024-12-05T07:07:20.683+0000] {dagbag.py:588} INFO - Filling up the DagBag from /home/airflow/.local/lib/python3.12/site-packages/airflow/example_dags/example_local_kubernetes_executor.py
[2024-12-05T07:07:20.689+0000] {processor.py:925} INFO - DAG(s) 'example_local_kubernetes_executor' retrieved from /home/airflow/.local/lib/python3.12/site-packages/airflow/example_dags/example_local_kubernetes_executor.py
[2024-12-05T07:07:20.713+0000] {logging_mixin.py:190} INFO - [2024-12-05T07:07:20.713+0000] {dag.py:3239} INFO - Sync 1 DAGs
[2024-12-05T07:07:20.724+0000] {logging_mixin.py:190} INFO - [2024-12-05T07:07:20.724+0000] {dag.py:4180} INFO - Setting next_dagrun for example_local_kubernetes_executor to None, run_after=None
[2024-12-05T07:07:20.737+0000] {processor.py:208} INFO - Processing /home/airflow/.local/lib/python3.12/site-packages/airflow/example_dags/example_local_kubernetes_executor.py took 0.060 seconds
[2024-12-05T07:07:51.084+0000] {processor.py:186} INFO - Started process (PID=35738) to work on /home/airflow/.local/lib/python3.12/site-packages/airflow/example_dags/example_local_kubernetes_executor.py
[2024-12-05T07:07:51.085+0000] {processor.py:914} INFO - Processing file /home/airflow/.local/lib/python3.12/site-packages/airflow/example_dags/example_local_kubernetes_executor.py for tasks to queue
[2024-12-05T07:07:51.087+0000] {logging_mixin.py:190} INFO - [2024-12-05T07:07:51.086+0000] {dagbag.py:588} INFO - Filling up the DagBag from /home/airflow/.local/lib/python3.12/site-packages/airflow/example_dags/example_local_kubernetes_executor.py
[2024-12-05T07:07:51.094+0000] {processor.py:925} INFO - DAG(s) 'example_local_kubernetes_executor' retrieved from /home/airflow/.local/lib/python3.12/site-packages/airflow/example_dags/example_local_kubernetes_executor.py
[2024-12-05T07:07:51.120+0000] {logging_mixin.py:190} INFO - [2024-12-05T07:07:51.120+0000] {dag.py:3239} INFO - Sync 1 DAGs
[2024-12-05T07:07:51.133+0000] {logging_mixin.py:190} INFO - [2024-12-05T07:07:51.132+0000] {dag.py:4180} INFO - Setting next_dagrun for example_local_kubernetes_executor to None, run_after=None
[2024-12-05T07:07:51.148+0000] {processor.py:208} INFO - Processing /home/airflow/.local/lib/python3.12/site-packages/airflow/example_dags/example_local_kubernetes_executor.py took 0.068 seconds
