[2024-12-05T07:04:15.639+0000] {processor.py:186} INFO - Started process (PID=35284) to work on /home/airflow/.local/lib/python3.12/site-packages/airflow/example_dags/example_branch_python_dop_operator_3.py
[2024-12-05T07:04:15.640+0000] {processor.py:914} INFO - Processing file /home/airflow/.local/lib/python3.12/site-packages/airflow/example_dags/example_branch_python_dop_operator_3.py for tasks to queue
[2024-12-05T07:04:15.642+0000] {logging_mixin.py:190} INFO - [2024-12-05T07:04:15.642+0000] {dagbag.py:588} INFO - Filling up the DagBag from /home/airflow/.local/lib/python3.12/site-packages/airflow/example_dags/example_branch_python_dop_operator_3.py
[2024-12-05T07:04:15.652+0000] {processor.py:925} INFO - DAG(s) 'example_branch_dop_operator_v3' retrieved from /home/airflow/.local/lib/python3.12/site-packages/airflow/example_dags/example_branch_python_dop_operator_3.py
[2024-12-05T07:04:15.668+0000] {logging_mixin.py:190} INFO - [2024-12-05T07:04:15.668+0000] {dag.py:3239} INFO - Sync 1 DAGs
[2024-12-05T07:04:15.689+0000] {logging_mixin.py:190} INFO - [2024-12-05T07:04:15.689+0000] {dag.py:4180} INFO - Setting next_dagrun for example_branch_dop_operator_v3 to 2024-12-05 07:03:00+00:00, run_after=2024-12-05 07:04:00+00:00
[2024-12-05T07:04:15.705+0000] {processor.py:208} INFO - Processing /home/airflow/.local/lib/python3.12/site-packages/airflow/example_dags/example_branch_python_dop_operator_3.py took 0.070 seconds
[2024-12-05T07:04:47.129+0000] {processor.py:186} INFO - Started process (PID=35347) to work on /home/airflow/.local/lib/python3.12/site-packages/airflow/example_dags/example_branch_python_dop_operator_3.py
[2024-12-05T07:04:47.130+0000] {processor.py:914} INFO - Processing file /home/airflow/.local/lib/python3.12/site-packages/airflow/example_dags/example_branch_python_dop_operator_3.py for tasks to queue
[2024-12-05T07:04:47.131+0000] {logging_mixin.py:190} INFO - [2024-12-05T07:04:47.131+0000] {dagbag.py:588} INFO - Filling up the DagBag from /home/airflow/.local/lib/python3.12/site-packages/airflow/example_dags/example_branch_python_dop_operator_3.py
[2024-12-05T07:04:47.138+0000] {processor.py:925} INFO - DAG(s) 'example_branch_dop_operator_v3' retrieved from /home/airflow/.local/lib/python3.12/site-packages/airflow/example_dags/example_branch_python_dop_operator_3.py
[2024-12-05T07:04:47.151+0000] {logging_mixin.py:190} INFO - [2024-12-05T07:04:47.151+0000] {dag.py:3239} INFO - Sync 1 DAGs
[2024-12-05T07:04:47.169+0000] {logging_mixin.py:190} INFO - [2024-12-05T07:04:47.169+0000] {dag.py:4180} INFO - Setting next_dagrun for example_branch_dop_operator_v3 to 2024-12-05 07:03:00+00:00, run_after=2024-12-05 07:04:00+00:00
[2024-12-05T07:04:47.181+0000] {processor.py:208} INFO - Processing /home/airflow/.local/lib/python3.12/site-packages/airflow/example_dags/example_branch_python_dop_operator_3.py took 0.055 seconds
[2024-12-05T07:05:17.558+0000] {processor.py:186} INFO - Started process (PID=35410) to work on /home/airflow/.local/lib/python3.12/site-packages/airflow/example_dags/example_branch_python_dop_operator_3.py
[2024-12-05T07:05:17.558+0000] {processor.py:914} INFO - Processing file /home/airflow/.local/lib/python3.12/site-packages/airflow/example_dags/example_branch_python_dop_operator_3.py for tasks to queue
[2024-12-05T07:05:17.560+0000] {logging_mixin.py:190} INFO - [2024-12-05T07:05:17.560+0000] {dagbag.py:588} INFO - Filling up the DagBag from /home/airflow/.local/lib/python3.12/site-packages/airflow/example_dags/example_branch_python_dop_operator_3.py
[2024-12-05T07:05:17.567+0000] {processor.py:925} INFO - DAG(s) 'example_branch_dop_operator_v3' retrieved from /home/airflow/.local/lib/python3.12/site-packages/airflow/example_dags/example_branch_python_dop_operator_3.py
[2024-12-05T07:05:17.581+0000] {logging_mixin.py:190} INFO - [2024-12-05T07:05:17.581+0000] {dag.py:3239} INFO - Sync 1 DAGs
[2024-12-05T07:05:17.600+0000] {logging_mixin.py:190} INFO - [2024-12-05T07:05:17.599+0000] {dag.py:4180} INFO - Setting next_dagrun for example_branch_dop_operator_v3 to 2024-12-05 07:04:00+00:00, run_after=2024-12-05 07:05:00+00:00
[2024-12-05T07:05:17.612+0000] {processor.py:208} INFO - Processing /home/airflow/.local/lib/python3.12/site-packages/airflow/example_dags/example_branch_python_dop_operator_3.py took 0.059 seconds
[2024-12-05T07:05:48.207+0000] {processor.py:186} INFO - Started process (PID=35472) to work on /home/airflow/.local/lib/python3.12/site-packages/airflow/example_dags/example_branch_python_dop_operator_3.py
[2024-12-05T07:05:48.207+0000] {processor.py:914} INFO - Processing file /home/airflow/.local/lib/python3.12/site-packages/airflow/example_dags/example_branch_python_dop_operator_3.py for tasks to queue
[2024-12-05T07:05:48.209+0000] {logging_mixin.py:190} INFO - [2024-12-05T07:05:48.209+0000] {dagbag.py:588} INFO - Filling up the DagBag from /home/airflow/.local/lib/python3.12/site-packages/airflow/example_dags/example_branch_python_dop_operator_3.py
[2024-12-05T07:05:48.217+0000] {processor.py:925} INFO - DAG(s) 'example_branch_dop_operator_v3' retrieved from /home/airflow/.local/lib/python3.12/site-packages/airflow/example_dags/example_branch_python_dop_operator_3.py
[2024-12-05T07:05:48.233+0000] {logging_mixin.py:190} INFO - [2024-12-05T07:05:48.233+0000] {dag.py:3239} INFO - Sync 1 DAGs
[2024-12-05T07:05:48.253+0000] {logging_mixin.py:190} INFO - [2024-12-05T07:05:48.253+0000] {dag.py:4180} INFO - Setting next_dagrun for example_branch_dop_operator_v3 to 2024-12-05 07:04:00+00:00, run_after=2024-12-05 07:05:00+00:00
[2024-12-05T07:05:48.266+0000] {processor.py:208} INFO - Processing /home/airflow/.local/lib/python3.12/site-packages/airflow/example_dags/example_branch_python_dop_operator_3.py took 0.063 seconds
[2024-12-05T07:06:16.595+0000] {processor.py:186} INFO - Started process (PID=35535) to work on /home/airflow/.local/lib/python3.12/site-packages/airflow/example_dags/example_branch_python_dop_operator_3.py
[2024-12-05T07:06:16.596+0000] {processor.py:914} INFO - Processing file /home/airflow/.local/lib/python3.12/site-packages/airflow/example_dags/example_branch_python_dop_operator_3.py for tasks to queue
[2024-12-05T07:06:16.597+0000] {logging_mixin.py:190} INFO - [2024-12-05T07:06:16.597+0000] {dagbag.py:588} INFO - Filling up the DagBag from /home/airflow/.local/lib/python3.12/site-packages/airflow/example_dags/example_branch_python_dop_operator_3.py
[2024-12-05T07:06:16.605+0000] {processor.py:925} INFO - DAG(s) 'example_branch_dop_operator_v3' retrieved from /home/airflow/.local/lib/python3.12/site-packages/airflow/example_dags/example_branch_python_dop_operator_3.py
[2024-12-05T07:06:16.620+0000] {logging_mixin.py:190} INFO - [2024-12-05T07:06:16.620+0000] {dag.py:3239} INFO - Sync 1 DAGs
[2024-12-05T07:06:16.641+0000] {logging_mixin.py:190} INFO - [2024-12-05T07:06:16.641+0000] {dag.py:4180} INFO - Setting next_dagrun for example_branch_dop_operator_v3 to 2024-12-05 07:05:00+00:00, run_after=2024-12-05 07:06:00+00:00
[2024-12-05T07:06:16.655+0000] {processor.py:208} INFO - Processing /home/airflow/.local/lib/python3.12/site-packages/airflow/example_dags/example_branch_python_dop_operator_3.py took 0.063 seconds
[2024-12-05T07:06:47.293+0000] {processor.py:186} INFO - Started process (PID=35585) to work on /home/airflow/.local/lib/python3.12/site-packages/airflow/example_dags/example_branch_python_dop_operator_3.py
[2024-12-05T07:06:47.294+0000] {processor.py:914} INFO - Processing file /home/airflow/.local/lib/python3.12/site-packages/airflow/example_dags/example_branch_python_dop_operator_3.py for tasks to queue
[2024-12-05T07:06:47.295+0000] {logging_mixin.py:190} INFO - [2024-12-05T07:06:47.295+0000] {dagbag.py:588} INFO - Filling up the DagBag from /home/airflow/.local/lib/python3.12/site-packages/airflow/example_dags/example_branch_python_dop_operator_3.py
[2024-12-05T07:06:47.302+0000] {processor.py:925} INFO - DAG(s) 'example_branch_dop_operator_v3' retrieved from /home/airflow/.local/lib/python3.12/site-packages/airflow/example_dags/example_branch_python_dop_operator_3.py
[2024-12-05T07:06:47.316+0000] {logging_mixin.py:190} INFO - [2024-12-05T07:06:47.316+0000] {dag.py:3239} INFO - Sync 1 DAGs
[2024-12-05T07:06:47.335+0000] {logging_mixin.py:190} INFO - [2024-12-05T07:06:47.335+0000] {dag.py:4180} INFO - Setting next_dagrun for example_branch_dop_operator_v3 to 2024-12-05 07:05:00+00:00, run_after=2024-12-05 07:06:00+00:00
[2024-12-05T07:06:47.348+0000] {processor.py:208} INFO - Processing /home/airflow/.local/lib/python3.12/site-packages/airflow/example_dags/example_branch_python_dop_operator_3.py took 0.060 seconds
[2024-12-05T07:07:17.891+0000] {processor.py:186} INFO - Started process (PID=35659) to work on /home/airflow/.local/lib/python3.12/site-packages/airflow/example_dags/example_branch_python_dop_operator_3.py
[2024-12-05T07:07:17.892+0000] {processor.py:914} INFO - Processing file /home/airflow/.local/lib/python3.12/site-packages/airflow/example_dags/example_branch_python_dop_operator_3.py for tasks to queue
[2024-12-05T07:07:17.894+0000] {logging_mixin.py:190} INFO - [2024-12-05T07:07:17.894+0000] {dagbag.py:588} INFO - Filling up the DagBag from /home/airflow/.local/lib/python3.12/site-packages/airflow/example_dags/example_branch_python_dop_operator_3.py
[2024-12-05T07:07:17.901+0000] {processor.py:925} INFO - DAG(s) 'example_branch_dop_operator_v3' retrieved from /home/airflow/.local/lib/python3.12/site-packages/airflow/example_dags/example_branch_python_dop_operator_3.py
[2024-12-05T07:07:17.918+0000] {logging_mixin.py:190} INFO - [2024-12-05T07:07:17.917+0000] {dag.py:3239} INFO - Sync 1 DAGs
[2024-12-05T07:07:17.938+0000] {logging_mixin.py:190} INFO - [2024-12-05T07:07:17.938+0000] {dag.py:4180} INFO - Setting next_dagrun for example_branch_dop_operator_v3 to 2024-12-05 07:06:00+00:00, run_after=2024-12-05 07:07:00+00:00
[2024-12-05T07:07:17.952+0000] {processor.py:208} INFO - Processing /home/airflow/.local/lib/python3.12/site-packages/airflow/example_dags/example_branch_python_dop_operator_3.py took 0.064 seconds
[2024-12-05T07:07:48.544+0000] {processor.py:186} INFO - Started process (PID=35726) to work on /home/airflow/.local/lib/python3.12/site-packages/airflow/example_dags/example_branch_python_dop_operator_3.py
[2024-12-05T07:07:48.545+0000] {processor.py:914} INFO - Processing file /home/airflow/.local/lib/python3.12/site-packages/airflow/example_dags/example_branch_python_dop_operator_3.py for tasks to queue
[2024-12-05T07:07:48.547+0000] {logging_mixin.py:190} INFO - [2024-12-05T07:07:48.546+0000] {dagbag.py:588} INFO - Filling up the DagBag from /home/airflow/.local/lib/python3.12/site-packages/airflow/example_dags/example_branch_python_dop_operator_3.py
[2024-12-05T07:07:48.553+0000] {processor.py:925} INFO - DAG(s) 'example_branch_dop_operator_v3' retrieved from /home/airflow/.local/lib/python3.12/site-packages/airflow/example_dags/example_branch_python_dop_operator_3.py
[2024-12-05T07:07:48.569+0000] {logging_mixin.py:190} INFO - [2024-12-05T07:07:48.568+0000] {dag.py:3239} INFO - Sync 1 DAGs
[2024-12-05T07:07:48.589+0000] {logging_mixin.py:190} INFO - [2024-12-05T07:07:48.588+0000] {dag.py:4180} INFO - Setting next_dagrun for example_branch_dop_operator_v3 to 2024-12-05 07:06:00+00:00, run_after=2024-12-05 07:07:00+00:00
[2024-12-05T07:07:48.602+0000] {processor.py:208} INFO - Processing /home/airflow/.local/lib/python3.12/site-packages/airflow/example_dags/example_branch_python_dop_operator_3.py took 0.062 seconds
