[2024-12-05T07:04:12.945+0000] {processor.py:186} INFO - Started process (PID=35249) to work on /home/airflow/.local/lib/python3.12/site-packages/airflow/example_dags/example_dag_decorator.py
[2024-12-05T07:04:12.946+0000] {processor.py:914} INFO - Processing file /home/airflow/.local/lib/python3.12/site-packages/airflow/example_dags/example_dag_decorator.py for tasks to queue
[2024-12-05T07:04:12.948+0000] {logging_mixin.py:190} INFO - [2024-12-05T07:04:12.948+0000] {dagbag.py:588} INFO - Filling up the DagBag from /home/airflow/.local/lib/python3.12/site-packages/airflow/example_dags/example_dag_decorator.py
[2024-12-05T07:04:12.959+0000] {processor.py:925} INFO - DAG(s) 'example_dag_decorator' retrieved from /home/airflow/.local/lib/python3.12/site-packages/airflow/example_dags/example_dag_decorator.py
[2024-12-05T07:04:13.062+0000] {logging_mixin.py:190} INFO - [2024-12-05T07:04:13.061+0000] {dag.py:3239} INFO - Sync 1 DAGs
[2024-12-05T07:04:13.075+0000] {logging_mixin.py:190} INFO - [2024-12-05T07:04:13.075+0000] {dag.py:4180} INFO - Setting next_dagrun for example_dag_decorator to None, run_after=None
[2024-12-05T07:04:13.091+0000] {processor.py:208} INFO - Processing /home/airflow/.local/lib/python3.12/site-packages/airflow/example_dags/example_dag_decorator.py took 0.153 seconds
[2024-12-05T07:04:43.567+0000] {processor.py:186} INFO - Started process (PID=35312) to work on /home/airflow/.local/lib/python3.12/site-packages/airflow/example_dags/example_dag_decorator.py
[2024-12-05T07:04:43.568+0000] {processor.py:914} INFO - Processing file /home/airflow/.local/lib/python3.12/site-packages/airflow/example_dags/example_dag_decorator.py for tasks to queue
[2024-12-05T07:04:43.569+0000] {logging_mixin.py:190} INFO - [2024-12-05T07:04:43.569+0000] {dagbag.py:588} INFO - Filling up the DagBag from /home/airflow/.local/lib/python3.12/site-packages/airflow/example_dags/example_dag_decorator.py
[2024-12-05T07:04:43.580+0000] {processor.py:925} INFO - DAG(s) 'example_dag_decorator' retrieved from /home/airflow/.local/lib/python3.12/site-packages/airflow/example_dags/example_dag_decorator.py
[2024-12-05T07:04:43.677+0000] {logging_mixin.py:190} INFO - [2024-12-05T07:04:43.677+0000] {dag.py:3239} INFO - Sync 1 DAGs
[2024-12-05T07:04:43.689+0000] {logging_mixin.py:190} INFO - [2024-12-05T07:04:43.688+0000] {dag.py:4180} INFO - Setting next_dagrun for example_dag_decorator to None, run_after=None
[2024-12-05T07:04:43.707+0000] {processor.py:208} INFO - Processing /home/airflow/.local/lib/python3.12/site-packages/airflow/example_dags/example_dag_decorator.py took 0.144 seconds
[2024-12-05T07:05:13.818+0000] {processor.py:186} INFO - Started process (PID=35376) to work on /home/airflow/.local/lib/python3.12/site-packages/airflow/example_dags/example_dag_decorator.py
[2024-12-05T07:05:13.819+0000] {processor.py:914} INFO - Processing file /home/airflow/.local/lib/python3.12/site-packages/airflow/example_dags/example_dag_decorator.py for tasks to queue
[2024-12-05T07:05:13.821+0000] {logging_mixin.py:190} INFO - [2024-12-05T07:05:13.820+0000] {dagbag.py:588} INFO - Filling up the DagBag from /home/airflow/.local/lib/python3.12/site-packages/airflow/example_dags/example_dag_decorator.py
[2024-12-05T07:05:13.828+0000] {processor.py:925} INFO - DAG(s) 'example_dag_decorator' retrieved from /home/airflow/.local/lib/python3.12/site-packages/airflow/example_dags/example_dag_decorator.py
[2024-12-05T07:05:13.909+0000] {logging_mixin.py:190} INFO - [2024-12-05T07:05:13.909+0000] {dag.py:3239} INFO - Sync 1 DAGs
[2024-12-05T07:05:13.920+0000] {logging_mixin.py:190} INFO - [2024-12-05T07:05:13.920+0000] {dag.py:4180} INFO - Setting next_dagrun for example_dag_decorator to None, run_after=None
[2024-12-05T07:05:13.932+0000] {processor.py:208} INFO - Processing /home/airflow/.local/lib/python3.12/site-packages/airflow/example_dags/example_dag_decorator.py took 0.117 seconds
[2024-12-05T07:05:44.275+0000] {processor.py:186} INFO - Started process (PID=35438) to work on /home/airflow/.local/lib/python3.12/site-packages/airflow/example_dags/example_dag_decorator.py
[2024-12-05T07:05:44.276+0000] {processor.py:914} INFO - Processing file /home/airflow/.local/lib/python3.12/site-packages/airflow/example_dags/example_dag_decorator.py for tasks to queue
[2024-12-05T07:05:44.277+0000] {logging_mixin.py:190} INFO - [2024-12-05T07:05:44.277+0000] {dagbag.py:588} INFO - Filling up the DagBag from /home/airflow/.local/lib/python3.12/site-packages/airflow/example_dags/example_dag_decorator.py
[2024-12-05T07:05:44.285+0000] {processor.py:925} INFO - DAG(s) 'example_dag_decorator' retrieved from /home/airflow/.local/lib/python3.12/site-packages/airflow/example_dags/example_dag_decorator.py
[2024-12-05T07:05:44.368+0000] {logging_mixin.py:190} INFO - [2024-12-05T07:05:44.368+0000] {dag.py:3239} INFO - Sync 1 DAGs
[2024-12-05T07:05:44.378+0000] {logging_mixin.py:190} INFO - [2024-12-05T07:05:44.378+0000] {dag.py:4180} INFO - Setting next_dagrun for example_dag_decorator to None, run_after=None
[2024-12-05T07:05:44.393+0000] {processor.py:208} INFO - Processing /home/airflow/.local/lib/python3.12/site-packages/airflow/example_dags/example_dag_decorator.py took 0.123 seconds
[2024-12-05T07:06:14.536+0000] {processor.py:186} INFO - Started process (PID=35501) to work on /home/airflow/.local/lib/python3.12/site-packages/airflow/example_dags/example_dag_decorator.py
[2024-12-05T07:06:14.537+0000] {processor.py:914} INFO - Processing file /home/airflow/.local/lib/python3.12/site-packages/airflow/example_dags/example_dag_decorator.py for tasks to queue
[2024-12-05T07:06:14.539+0000] {logging_mixin.py:190} INFO - [2024-12-05T07:06:14.538+0000] {dagbag.py:588} INFO - Filling up the DagBag from /home/airflow/.local/lib/python3.12/site-packages/airflow/example_dags/example_dag_decorator.py
[2024-12-05T07:06:14.547+0000] {processor.py:925} INFO - DAG(s) 'example_dag_decorator' retrieved from /home/airflow/.local/lib/python3.12/site-packages/airflow/example_dags/example_dag_decorator.py
[2024-12-05T07:06:14.636+0000] {logging_mixin.py:190} INFO - [2024-12-05T07:06:14.636+0000] {dag.py:3239} INFO - Sync 1 DAGs
[2024-12-05T07:06:14.646+0000] {logging_mixin.py:190} INFO - [2024-12-05T07:06:14.646+0000] {dag.py:4180} INFO - Setting next_dagrun for example_dag_decorator to None, run_after=None
[2024-12-05T07:06:14.662+0000] {processor.py:208} INFO - Processing /home/airflow/.local/lib/python3.12/site-packages/airflow/example_dags/example_dag_decorator.py took 0.130 seconds
[2024-12-05T07:06:44.789+0000] {processor.py:186} INFO - Started process (PID=35564) to work on /home/airflow/.local/lib/python3.12/site-packages/airflow/example_dags/example_dag_decorator.py
[2024-12-05T07:06:44.790+0000] {processor.py:914} INFO - Processing file /home/airflow/.local/lib/python3.12/site-packages/airflow/example_dags/example_dag_decorator.py for tasks to queue
[2024-12-05T07:06:44.792+0000] {logging_mixin.py:190} INFO - [2024-12-05T07:06:44.791+0000] {dagbag.py:588} INFO - Filling up the DagBag from /home/airflow/.local/lib/python3.12/site-packages/airflow/example_dags/example_dag_decorator.py
[2024-12-05T07:06:44.800+0000] {processor.py:925} INFO - DAG(s) 'example_dag_decorator' retrieved from /home/airflow/.local/lib/python3.12/site-packages/airflow/example_dags/example_dag_decorator.py
[2024-12-05T07:06:44.882+0000] {logging_mixin.py:190} INFO - [2024-12-05T07:06:44.882+0000] {dag.py:3239} INFO - Sync 1 DAGs
[2024-12-05T07:06:44.892+0000] {logging_mixin.py:190} INFO - [2024-12-05T07:06:44.891+0000] {dag.py:4180} INFO - Setting next_dagrun for example_dag_decorator to None, run_after=None
[2024-12-05T07:06:44.906+0000] {processor.py:208} INFO - Processing /home/airflow/.local/lib/python3.12/site-packages/airflow/example_dags/example_dag_decorator.py took 0.121 seconds
[2024-12-05T07:07:15.482+0000] {processor.py:186} INFO - Started process (PID=35633) to work on /home/airflow/.local/lib/python3.12/site-packages/airflow/example_dags/example_dag_decorator.py
[2024-12-05T07:07:15.482+0000] {processor.py:914} INFO - Processing file /home/airflow/.local/lib/python3.12/site-packages/airflow/example_dags/example_dag_decorator.py for tasks to queue
[2024-12-05T07:07:15.484+0000] {logging_mixin.py:190} INFO - [2024-12-05T07:07:15.484+0000] {dagbag.py:588} INFO - Filling up the DagBag from /home/airflow/.local/lib/python3.12/site-packages/airflow/example_dags/example_dag_decorator.py
[2024-12-05T07:07:15.492+0000] {processor.py:925} INFO - DAG(s) 'example_dag_decorator' retrieved from /home/airflow/.local/lib/python3.12/site-packages/airflow/example_dags/example_dag_decorator.py
[2024-12-05T07:07:15.573+0000] {logging_mixin.py:190} INFO - [2024-12-05T07:07:15.572+0000] {dag.py:3239} INFO - Sync 1 DAGs
[2024-12-05T07:07:15.582+0000] {logging_mixin.py:190} INFO - [2024-12-05T07:07:15.582+0000] {dag.py:4180} INFO - Setting next_dagrun for example_dag_decorator to None, run_after=None
[2024-12-05T07:07:15.595+0000] {processor.py:208} INFO - Processing /home/airflow/.local/lib/python3.12/site-packages/airflow/example_dags/example_dag_decorator.py took 0.118 seconds
[2024-12-05T07:07:45.786+0000] {processor.py:186} INFO - Started process (PID=35696) to work on /home/airflow/.local/lib/python3.12/site-packages/airflow/example_dags/example_dag_decorator.py
[2024-12-05T07:07:45.786+0000] {processor.py:914} INFO - Processing file /home/airflow/.local/lib/python3.12/site-packages/airflow/example_dags/example_dag_decorator.py for tasks to queue
[2024-12-05T07:07:45.788+0000] {logging_mixin.py:190} INFO - [2024-12-05T07:07:45.788+0000] {dagbag.py:588} INFO - Filling up the DagBag from /home/airflow/.local/lib/python3.12/site-packages/airflow/example_dags/example_dag_decorator.py
[2024-12-05T07:07:45.797+0000] {processor.py:925} INFO - DAG(s) 'example_dag_decorator' retrieved from /home/airflow/.local/lib/python3.12/site-packages/airflow/example_dags/example_dag_decorator.py
[2024-12-05T07:07:45.883+0000] {logging_mixin.py:190} INFO - [2024-12-05T07:07:45.883+0000] {dag.py:3239} INFO - Sync 1 DAGs
[2024-12-05T07:07:45.892+0000] {logging_mixin.py:190} INFO - [2024-12-05T07:07:45.892+0000] {dag.py:4180} INFO - Setting next_dagrun for example_dag_decorator to None, run_after=None
[2024-12-05T07:07:45.907+0000] {processor.py:208} INFO - Processing /home/airflow/.local/lib/python3.12/site-packages/airflow/example_dags/example_dag_decorator.py took 0.125 seconds
