[2024-12-05T07:04:13.228+0000] {processor.py:186} INFO - Started process (PID=35253) to work on /home/airflow/.local/lib/python3.12/site-packages/airflow/example_dags/example_time_delta_sensor_async.py
[2024-12-05T07:04:13.229+0000] {processor.py:914} INFO - Processing file /home/airflow/.local/lib/python3.12/site-packages/airflow/example_dags/example_time_delta_sensor_async.py for tasks to queue
[2024-12-05T07:04:13.232+0000] {logging_mixin.py:190} INFO - [2024-12-05T07:04:13.231+0000] {dagbag.py:588} INFO - Filling up the DagBag from /home/airflow/.local/lib/python3.12/site-packages/airflow/example_dags/example_time_delta_sensor_async.py
[2024-12-05T07:04:13.238+0000] {processor.py:925} INFO - DAG(s) 'example_time_delta_sensor_async' retrieved from /home/airflow/.local/lib/python3.12/site-packages/airflow/example_dags/example_time_delta_sensor_async.py
[2024-12-05T07:04:13.259+0000] {logging_mixin.py:190} INFO - [2024-12-05T07:04:13.259+0000] {dag.py:3239} INFO - Sync 1 DAGs
[2024-12-05T07:04:13.274+0000] {logging_mixin.py:190} INFO - [2024-12-05T07:04:13.274+0000] {dag.py:4180} INFO - Setting next_dagrun for example_time_delta_sensor_async to None, run_after=None
[2024-12-05T07:04:13.291+0000] {processor.py:208} INFO - Processing /home/airflow/.local/lib/python3.12/site-packages/airflow/example_dags/example_time_delta_sensor_async.py took 0.069 seconds
[2024-12-05T07:04:43.790+0000] {processor.py:186} INFO - Started process (PID=35316) to work on /home/airflow/.local/lib/python3.12/site-packages/airflow/example_dags/example_time_delta_sensor_async.py
[2024-12-05T07:04:43.791+0000] {processor.py:914} INFO - Processing file /home/airflow/.local/lib/python3.12/site-packages/airflow/example_dags/example_time_delta_sensor_async.py for tasks to queue
[2024-12-05T07:04:43.793+0000] {logging_mixin.py:190} INFO - [2024-12-05T07:04:43.792+0000] {dagbag.py:588} INFO - Filling up the DagBag from /home/airflow/.local/lib/python3.12/site-packages/airflow/example_dags/example_time_delta_sensor_async.py
[2024-12-05T07:04:43.799+0000] {processor.py:925} INFO - DAG(s) 'example_time_delta_sensor_async' retrieved from /home/airflow/.local/lib/python3.12/site-packages/airflow/example_dags/example_time_delta_sensor_async.py
[2024-12-05T07:04:43.815+0000] {logging_mixin.py:190} INFO - [2024-12-05T07:04:43.814+0000] {dag.py:3239} INFO - Sync 1 DAGs
[2024-12-05T07:04:43.826+0000] {logging_mixin.py:190} INFO - [2024-12-05T07:04:43.825+0000] {dag.py:4180} INFO - Setting next_dagrun for example_time_delta_sensor_async to None, run_after=None
[2024-12-05T07:04:43.839+0000] {processor.py:208} INFO - Processing /home/airflow/.local/lib/python3.12/site-packages/airflow/example_dags/example_time_delta_sensor_async.py took 0.053 seconds
[2024-12-05T07:05:13.957+0000] {processor.py:186} INFO - Started process (PID=35379) to work on /home/airflow/.local/lib/python3.12/site-packages/airflow/example_dags/example_time_delta_sensor_async.py
[2024-12-05T07:05:13.958+0000] {processor.py:914} INFO - Processing file /home/airflow/.local/lib/python3.12/site-packages/airflow/example_dags/example_time_delta_sensor_async.py for tasks to queue
[2024-12-05T07:05:13.960+0000] {logging_mixin.py:190} INFO - [2024-12-05T07:05:13.959+0000] {dagbag.py:588} INFO - Filling up the DagBag from /home/airflow/.local/lib/python3.12/site-packages/airflow/example_dags/example_time_delta_sensor_async.py
[2024-12-05T07:05:13.964+0000] {processor.py:925} INFO - DAG(s) 'example_time_delta_sensor_async' retrieved from /home/airflow/.local/lib/python3.12/site-packages/airflow/example_dags/example_time_delta_sensor_async.py
[2024-12-05T07:05:13.977+0000] {logging_mixin.py:190} INFO - [2024-12-05T07:05:13.977+0000] {dag.py:3239} INFO - Sync 1 DAGs
[2024-12-05T07:05:13.989+0000] {logging_mixin.py:190} INFO - [2024-12-05T07:05:13.988+0000] {dag.py:4180} INFO - Setting next_dagrun for example_time_delta_sensor_async to None, run_after=None
[2024-12-05T07:05:14.001+0000] {processor.py:208} INFO - Processing /home/airflow/.local/lib/python3.12/site-packages/airflow/example_dags/example_time_delta_sensor_async.py took 0.047 seconds
[2024-12-05T07:05:44.465+0000] {processor.py:186} INFO - Started process (PID=35442) to work on /home/airflow/.local/lib/python3.12/site-packages/airflow/example_dags/example_time_delta_sensor_async.py
[2024-12-05T07:05:44.465+0000] {processor.py:914} INFO - Processing file /home/airflow/.local/lib/python3.12/site-packages/airflow/example_dags/example_time_delta_sensor_async.py for tasks to queue
[2024-12-05T07:05:44.467+0000] {logging_mixin.py:190} INFO - [2024-12-05T07:05:44.467+0000] {dagbag.py:588} INFO - Filling up the DagBag from /home/airflow/.local/lib/python3.12/site-packages/airflow/example_dags/example_time_delta_sensor_async.py
[2024-12-05T07:05:44.472+0000] {processor.py:925} INFO - DAG(s) 'example_time_delta_sensor_async' retrieved from /home/airflow/.local/lib/python3.12/site-packages/airflow/example_dags/example_time_delta_sensor_async.py
[2024-12-05T07:05:44.487+0000] {logging_mixin.py:190} INFO - [2024-12-05T07:05:44.487+0000] {dag.py:3239} INFO - Sync 1 DAGs
[2024-12-05T07:05:44.498+0000] {logging_mixin.py:190} INFO - [2024-12-05T07:05:44.498+0000] {dag.py:4180} INFO - Setting next_dagrun for example_time_delta_sensor_async to None, run_after=None
[2024-12-05T07:05:44.511+0000] {processor.py:208} INFO - Processing /home/airflow/.local/lib/python3.12/site-packages/airflow/example_dags/example_time_delta_sensor_async.py took 0.050 seconds
[2024-12-05T07:06:14.728+0000] {processor.py:186} INFO - Started process (PID=35505) to work on /home/airflow/.local/lib/python3.12/site-packages/airflow/example_dags/example_time_delta_sensor_async.py
[2024-12-05T07:06:14.729+0000] {processor.py:914} INFO - Processing file /home/airflow/.local/lib/python3.12/site-packages/airflow/example_dags/example_time_delta_sensor_async.py for tasks to queue
[2024-12-05T07:06:14.730+0000] {logging_mixin.py:190} INFO - [2024-12-05T07:06:14.730+0000] {dagbag.py:588} INFO - Filling up the DagBag from /home/airflow/.local/lib/python3.12/site-packages/airflow/example_dags/example_time_delta_sensor_async.py
[2024-12-05T07:06:14.735+0000] {processor.py:925} INFO - DAG(s) 'example_time_delta_sensor_async' retrieved from /home/airflow/.local/lib/python3.12/site-packages/airflow/example_dags/example_time_delta_sensor_async.py
[2024-12-05T07:06:14.750+0000] {logging_mixin.py:190} INFO - [2024-12-05T07:06:14.750+0000] {dag.py:3239} INFO - Sync 1 DAGs
[2024-12-05T07:06:14.762+0000] {logging_mixin.py:190} INFO - [2024-12-05T07:06:14.762+0000] {dag.py:4180} INFO - Setting next_dagrun for example_time_delta_sensor_async to None, run_after=None
[2024-12-05T07:06:14.775+0000] {processor.py:208} INFO - Processing /home/airflow/.local/lib/python3.12/site-packages/airflow/example_dags/example_time_delta_sensor_async.py took 0.052 seconds
[2024-12-05T07:06:44.972+0000] {processor.py:186} INFO - Started process (PID=35568) to work on /home/airflow/.local/lib/python3.12/site-packages/airflow/example_dags/example_time_delta_sensor_async.py
[2024-12-05T07:06:44.973+0000] {processor.py:914} INFO - Processing file /home/airflow/.local/lib/python3.12/site-packages/airflow/example_dags/example_time_delta_sensor_async.py for tasks to queue
[2024-12-05T07:06:44.974+0000] {logging_mixin.py:190} INFO - [2024-12-05T07:06:44.974+0000] {dagbag.py:588} INFO - Filling up the DagBag from /home/airflow/.local/lib/python3.12/site-packages/airflow/example_dags/example_time_delta_sensor_async.py
[2024-12-05T07:06:44.979+0000] {processor.py:925} INFO - DAG(s) 'example_time_delta_sensor_async' retrieved from /home/airflow/.local/lib/python3.12/site-packages/airflow/example_dags/example_time_delta_sensor_async.py
[2024-12-05T07:06:44.993+0000] {logging_mixin.py:190} INFO - [2024-12-05T07:06:44.993+0000] {dag.py:3239} INFO - Sync 1 DAGs
[2024-12-05T07:06:45.003+0000] {logging_mixin.py:190} INFO - [2024-12-05T07:06:45.003+0000] {dag.py:4180} INFO - Setting next_dagrun for example_time_delta_sensor_async to None, run_after=None
[2024-12-05T07:06:45.016+0000] {processor.py:208} INFO - Processing /home/airflow/.local/lib/python3.12/site-packages/airflow/example_dags/example_time_delta_sensor_async.py took 0.048 seconds
[2024-12-05T07:07:15.662+0000] {processor.py:186} INFO - Started process (PID=35637) to work on /home/airflow/.local/lib/python3.12/site-packages/airflow/example_dags/example_time_delta_sensor_async.py
[2024-12-05T07:07:15.663+0000] {processor.py:914} INFO - Processing file /home/airflow/.local/lib/python3.12/site-packages/airflow/example_dags/example_time_delta_sensor_async.py for tasks to queue
[2024-12-05T07:07:15.665+0000] {logging_mixin.py:190} INFO - [2024-12-05T07:07:15.664+0000] {dagbag.py:588} INFO - Filling up the DagBag from /home/airflow/.local/lib/python3.12/site-packages/airflow/example_dags/example_time_delta_sensor_async.py
[2024-12-05T07:07:15.669+0000] {processor.py:925} INFO - DAG(s) 'example_time_delta_sensor_async' retrieved from /home/airflow/.local/lib/python3.12/site-packages/airflow/example_dags/example_time_delta_sensor_async.py
[2024-12-05T07:07:15.683+0000] {logging_mixin.py:190} INFO - [2024-12-05T07:07:15.683+0000] {dag.py:3239} INFO - Sync 1 DAGs
[2024-12-05T07:07:15.693+0000] {logging_mixin.py:190} INFO - [2024-12-05T07:07:15.693+0000] {dag.py:4180} INFO - Setting next_dagrun for example_time_delta_sensor_async to None, run_after=None
[2024-12-05T07:07:15.707+0000] {processor.py:208} INFO - Processing /home/airflow/.local/lib/python3.12/site-packages/airflow/example_dags/example_time_delta_sensor_async.py took 0.048 seconds
[2024-12-05T07:07:45.963+0000] {processor.py:186} INFO - Started process (PID=35700) to work on /home/airflow/.local/lib/python3.12/site-packages/airflow/example_dags/example_time_delta_sensor_async.py
[2024-12-05T07:07:45.964+0000] {processor.py:914} INFO - Processing file /home/airflow/.local/lib/python3.12/site-packages/airflow/example_dags/example_time_delta_sensor_async.py for tasks to queue
[2024-12-05T07:07:45.965+0000] {logging_mixin.py:190} INFO - [2024-12-05T07:07:45.965+0000] {dagbag.py:588} INFO - Filling up the DagBag from /home/airflow/.local/lib/python3.12/site-packages/airflow/example_dags/example_time_delta_sensor_async.py
[2024-12-05T07:07:45.970+0000] {processor.py:925} INFO - DAG(s) 'example_time_delta_sensor_async' retrieved from /home/airflow/.local/lib/python3.12/site-packages/airflow/example_dags/example_time_delta_sensor_async.py
[2024-12-05T07:07:45.983+0000] {logging_mixin.py:190} INFO - [2024-12-05T07:07:45.983+0000] {dag.py:3239} INFO - Sync 1 DAGs
[2024-12-05T07:07:45.994+0000] {logging_mixin.py:190} INFO - [2024-12-05T07:07:45.994+0000] {dag.py:4180} INFO - Setting next_dagrun for example_time_delta_sensor_async to None, run_after=None
[2024-12-05T07:07:46.007+0000] {processor.py:208} INFO - Processing /home/airflow/.local/lib/python3.12/site-packages/airflow/example_dags/example_time_delta_sensor_async.py took 0.047 seconds
