[2024-12-05T07:04:15.298+0000] {processor.py:186} INFO - Started process (PID=35278) to work on /home/airflow/.local/lib/python3.12/site-packages/airflow/example_dags/example_kubernetes_executor.py
[2024-12-05T07:04:15.299+0000] {processor.py:914} INFO - Processing file /home/airflow/.local/lib/python3.12/site-packages/airflow/example_dags/example_kubernetes_executor.py for tasks to queue
[2024-12-05T07:04:15.301+0000] {logging_mixin.py:190} INFO - [2024-12-05T07:04:15.300+0000] {dagbag.py:588} INFO - Filling up the DagBag from /home/airflow/.local/lib/python3.12/site-packages/airflow/example_dags/example_kubernetes_executor.py
[2024-12-05T07:04:15.311+0000] {processor.py:925} INFO - DAG(s) 'example_kubernetes_executor' retrieved from /home/airflow/.local/lib/python3.12/site-packages/airflow/example_dags/example_kubernetes_executor.py
[2024-12-05T07:04:15.338+0000] {logging_mixin.py:190} INFO - [2024-12-05T07:04:15.338+0000] {dag.py:3239} INFO - Sync 1 DAGs
[2024-12-05T07:04:15.350+0000] {logging_mixin.py:190} INFO - [2024-12-05T07:04:15.349+0000] {dag.py:4180} INFO - Setting next_dagrun for example_kubernetes_executor to None, run_after=None
[2024-12-05T07:04:15.363+0000] {processor.py:208} INFO - Processing /home/airflow/.local/lib/python3.12/site-packages/airflow/example_dags/example_kubernetes_executor.py took 0.069 seconds
[2024-12-05T07:04:46.462+0000] {processor.py:186} INFO - Started process (PID=35341) to work on /home/airflow/.local/lib/python3.12/site-packages/airflow/example_dags/example_kubernetes_executor.py
[2024-12-05T07:04:46.463+0000] {processor.py:914} INFO - Processing file /home/airflow/.local/lib/python3.12/site-packages/airflow/example_dags/example_kubernetes_executor.py for tasks to queue
[2024-12-05T07:04:46.464+0000] {logging_mixin.py:190} INFO - [2024-12-05T07:04:46.464+0000] {dagbag.py:588} INFO - Filling up the DagBag from /home/airflow/.local/lib/python3.12/site-packages/airflow/example_dags/example_kubernetes_executor.py
[2024-12-05T07:04:46.474+0000] {processor.py:925} INFO - DAG(s) 'example_kubernetes_executor' retrieved from /home/airflow/.local/lib/python3.12/site-packages/airflow/example_dags/example_kubernetes_executor.py
[2024-12-05T07:04:46.499+0000] {logging_mixin.py:190} INFO - [2024-12-05T07:04:46.499+0000] {dag.py:3239} INFO - Sync 1 DAGs
[2024-12-05T07:04:46.509+0000] {logging_mixin.py:190} INFO - [2024-12-05T07:04:46.509+0000] {dag.py:4180} INFO - Setting next_dagrun for example_kubernetes_executor to None, run_after=None
[2024-12-05T07:04:46.521+0000] {processor.py:208} INFO - Processing /home/airflow/.local/lib/python3.12/site-packages/airflow/example_dags/example_kubernetes_executor.py took 0.063 seconds
[2024-12-05T07:05:17.249+0000] {processor.py:186} INFO - Started process (PID=35404) to work on /home/airflow/.local/lib/python3.12/site-packages/airflow/example_dags/example_kubernetes_executor.py
[2024-12-05T07:05:17.250+0000] {processor.py:914} INFO - Processing file /home/airflow/.local/lib/python3.12/site-packages/airflow/example_dags/example_kubernetes_executor.py for tasks to queue
[2024-12-05T07:05:17.251+0000] {logging_mixin.py:190} INFO - [2024-12-05T07:05:17.251+0000] {dagbag.py:588} INFO - Filling up the DagBag from /home/airflow/.local/lib/python3.12/site-packages/airflow/example_dags/example_kubernetes_executor.py
[2024-12-05T07:05:17.262+0000] {processor.py:925} INFO - DAG(s) 'example_kubernetes_executor' retrieved from /home/airflow/.local/lib/python3.12/site-packages/airflow/example_dags/example_kubernetes_executor.py
[2024-12-05T07:05:17.288+0000] {logging_mixin.py:190} INFO - [2024-12-05T07:05:17.287+0000] {dag.py:3239} INFO - Sync 1 DAGs
[2024-12-05T07:05:17.298+0000] {logging_mixin.py:190} INFO - [2024-12-05T07:05:17.298+0000] {dag.py:4180} INFO - Setting next_dagrun for example_kubernetes_executor to None, run_after=None
[2024-12-05T07:05:17.310+0000] {processor.py:208} INFO - Processing /home/airflow/.local/lib/python3.12/site-packages/airflow/example_dags/example_kubernetes_executor.py took 0.065 seconds
[2024-12-05T07:05:47.947+0000] {processor.py:186} INFO - Started process (PID=35467) to work on /home/airflow/.local/lib/python3.12/site-packages/airflow/example_dags/example_kubernetes_executor.py
[2024-12-05T07:05:47.948+0000] {processor.py:914} INFO - Processing file /home/airflow/.local/lib/python3.12/site-packages/airflow/example_dags/example_kubernetes_executor.py for tasks to queue
[2024-12-05T07:05:47.950+0000] {logging_mixin.py:190} INFO - [2024-12-05T07:05:47.949+0000] {dagbag.py:588} INFO - Filling up the DagBag from /home/airflow/.local/lib/python3.12/site-packages/airflow/example_dags/example_kubernetes_executor.py
[2024-12-05T07:05:47.960+0000] {processor.py:925} INFO - DAG(s) 'example_kubernetes_executor' retrieved from /home/airflow/.local/lib/python3.12/site-packages/airflow/example_dags/example_kubernetes_executor.py
[2024-12-05T07:05:47.987+0000] {logging_mixin.py:190} INFO - [2024-12-05T07:05:47.987+0000] {dag.py:3239} INFO - Sync 1 DAGs
[2024-12-05T07:05:47.998+0000] {logging_mixin.py:190} INFO - [2024-12-05T07:05:47.998+0000] {dag.py:4180} INFO - Setting next_dagrun for example_kubernetes_executor to None, run_after=None
[2024-12-05T07:05:48.011+0000] {processor.py:208} INFO - Processing /home/airflow/.local/lib/python3.12/site-packages/airflow/example_dags/example_kubernetes_executor.py took 0.067 seconds
[2024-12-05T07:06:16.321+0000] {processor.py:186} INFO - Started process (PID=35530) to work on /home/airflow/.local/lib/python3.12/site-packages/airflow/example_dags/example_kubernetes_executor.py
[2024-12-05T07:06:16.322+0000] {processor.py:914} INFO - Processing file /home/airflow/.local/lib/python3.12/site-packages/airflow/example_dags/example_kubernetes_executor.py for tasks to queue
[2024-12-05T07:06:16.323+0000] {logging_mixin.py:190} INFO - [2024-12-05T07:06:16.323+0000] {dagbag.py:588} INFO - Filling up the DagBag from /home/airflow/.local/lib/python3.12/site-packages/airflow/example_dags/example_kubernetes_executor.py
[2024-12-05T07:06:16.334+0000] {processor.py:925} INFO - DAG(s) 'example_kubernetes_executor' retrieved from /home/airflow/.local/lib/python3.12/site-packages/airflow/example_dags/example_kubernetes_executor.py
[2024-12-05T07:06:16.362+0000] {logging_mixin.py:190} INFO - [2024-12-05T07:06:16.361+0000] {dag.py:3239} INFO - Sync 1 DAGs
[2024-12-05T07:06:16.372+0000] {logging_mixin.py:190} INFO - [2024-12-05T07:06:16.372+0000] {dag.py:4180} INFO - Setting next_dagrun for example_kubernetes_executor to None, run_after=None
[2024-12-05T07:06:16.386+0000] {processor.py:208} INFO - Processing /home/airflow/.local/lib/python3.12/site-packages/airflow/example_dags/example_kubernetes_executor.py took 0.070 seconds
[2024-12-05T07:06:47.070+0000] {processor.py:186} INFO - Started process (PID=35580) to work on /home/airflow/.local/lib/python3.12/site-packages/airflow/example_dags/example_kubernetes_executor.py
[2024-12-05T07:06:47.070+0000] {processor.py:914} INFO - Processing file /home/airflow/.local/lib/python3.12/site-packages/airflow/example_dags/example_kubernetes_executor.py for tasks to queue
[2024-12-05T07:06:47.072+0000] {logging_mixin.py:190} INFO - [2024-12-05T07:06:47.072+0000] {dagbag.py:588} INFO - Filling up the DagBag from /home/airflow/.local/lib/python3.12/site-packages/airflow/example_dags/example_kubernetes_executor.py
[2024-12-05T07:06:47.082+0000] {processor.py:925} INFO - DAG(s) 'example_kubernetes_executor' retrieved from /home/airflow/.local/lib/python3.12/site-packages/airflow/example_dags/example_kubernetes_executor.py
[2024-12-05T07:06:47.109+0000] {logging_mixin.py:190} INFO - [2024-12-05T07:06:47.109+0000] {dag.py:3239} INFO - Sync 1 DAGs
[2024-12-05T07:06:47.119+0000] {logging_mixin.py:190} INFO - [2024-12-05T07:06:47.119+0000] {dag.py:4180} INFO - Setting next_dagrun for example_kubernetes_executor to None, run_after=None
[2024-12-05T07:06:47.133+0000] {processor.py:208} INFO - Processing /home/airflow/.local/lib/python3.12/site-packages/airflow/example_dags/example_kubernetes_executor.py took 0.067 seconds
[2024-12-05T07:07:17.263+0000] {processor.py:186} INFO - Started process (PID=35649) to work on /home/airflow/.local/lib/python3.12/site-packages/airflow/example_dags/example_kubernetes_executor.py
[2024-12-05T07:07:17.263+0000] {processor.py:914} INFO - Processing file /home/airflow/.local/lib/python3.12/site-packages/airflow/example_dags/example_kubernetes_executor.py for tasks to queue
[2024-12-05T07:07:17.265+0000] {logging_mixin.py:190} INFO - [2024-12-05T07:07:17.265+0000] {dagbag.py:588} INFO - Filling up the DagBag from /home/airflow/.local/lib/python3.12/site-packages/airflow/example_dags/example_kubernetes_executor.py
[2024-12-05T07:07:17.277+0000] {processor.py:925} INFO - DAG(s) 'example_kubernetes_executor' retrieved from /home/airflow/.local/lib/python3.12/site-packages/airflow/example_dags/example_kubernetes_executor.py
[2024-12-05T07:07:17.305+0000] {logging_mixin.py:190} INFO - [2024-12-05T07:07:17.305+0000] {dag.py:3239} INFO - Sync 1 DAGs
[2024-12-05T07:07:17.316+0000] {logging_mixin.py:190} INFO - [2024-12-05T07:07:17.316+0000] {dag.py:4180} INFO - Setting next_dagrun for example_kubernetes_executor to None, run_after=None
[2024-12-05T07:07:17.331+0000] {processor.py:208} INFO - Processing /home/airflow/.local/lib/python3.12/site-packages/airflow/example_dags/example_kubernetes_executor.py took 0.072 seconds
[2024-12-05T07:07:47.580+0000] {processor.py:186} INFO - Started process (PID=35711) to work on /home/airflow/.local/lib/python3.12/site-packages/airflow/example_dags/example_kubernetes_executor.py
[2024-12-05T07:07:47.581+0000] {processor.py:914} INFO - Processing file /home/airflow/.local/lib/python3.12/site-packages/airflow/example_dags/example_kubernetes_executor.py for tasks to queue
[2024-12-05T07:07:47.583+0000] {logging_mixin.py:190} INFO - [2024-12-05T07:07:47.582+0000] {dagbag.py:588} INFO - Filling up the DagBag from /home/airflow/.local/lib/python3.12/site-packages/airflow/example_dags/example_kubernetes_executor.py
[2024-12-05T07:07:47.593+0000] {processor.py:925} INFO - DAG(s) 'example_kubernetes_executor' retrieved from /home/airflow/.local/lib/python3.12/site-packages/airflow/example_dags/example_kubernetes_executor.py
[2024-12-05T07:07:47.618+0000] {logging_mixin.py:190} INFO - [2024-12-05T07:07:47.617+0000] {dag.py:3239} INFO - Sync 1 DAGs
[2024-12-05T07:07:47.627+0000] {logging_mixin.py:190} INFO - [2024-12-05T07:07:47.627+0000] {dag.py:4180} INFO - Setting next_dagrun for example_kubernetes_executor to None, run_after=None
[2024-12-05T07:07:47.640+0000] {processor.py:208} INFO - Processing /home/airflow/.local/lib/python3.12/site-packages/airflow/example_dags/example_kubernetes_executor.py took 0.064 seconds
