[2024-12-05T07:04:15.477+0000] {processor.py:186} INFO - Started process (PID=35282) to work on /home/airflow/.local/lib/python3.12/site-packages/airflow/example_dags/example_setup_teardown_taskflow.py
[2024-12-05T07:04:15.477+0000] {processor.py:914} INFO - Processing file /home/airflow/.local/lib/python3.12/site-packages/airflow/example_dags/example_setup_teardown_taskflow.py for tasks to queue
[2024-12-05T07:04:15.479+0000] {logging_mixin.py:190} INFO - [2024-12-05T07:04:15.479+0000] {dagbag.py:588} INFO - Filling up the DagBag from /home/airflow/.local/lib/python3.12/site-packages/airflow/example_dags/example_setup_teardown_taskflow.py
[2024-12-05T07:04:15.487+0000] {processor.py:925} INFO - DAG(s) 'example_setup_teardown_taskflow' retrieved from /home/airflow/.local/lib/python3.12/site-packages/airflow/example_dags/example_setup_teardown_taskflow.py
[2024-12-05T07:04:15.504+0000] {logging_mixin.py:190} INFO - [2024-12-05T07:04:15.504+0000] {dag.py:3239} INFO - Sync 1 DAGs
[2024-12-05T07:04:15.515+0000] {logging_mixin.py:190} INFO - [2024-12-05T07:04:15.514+0000] {dag.py:4180} INFO - Setting next_dagrun for example_setup_teardown_taskflow to None, run_after=None
[2024-12-05T07:04:15.529+0000] {processor.py:208} INFO - Processing /home/airflow/.local/lib/python3.12/site-packages/airflow/example_dags/example_setup_teardown_taskflow.py took 0.056 seconds
[2024-12-05T07:04:47.052+0000] {processor.py:186} INFO - Started process (PID=35345) to work on /home/airflow/.local/lib/python3.12/site-packages/airflow/example_dags/example_setup_teardown_taskflow.py
[2024-12-05T07:04:47.052+0000] {processor.py:914} INFO - Processing file /home/airflow/.local/lib/python3.12/site-packages/airflow/example_dags/example_setup_teardown_taskflow.py for tasks to queue
[2024-12-05T07:04:47.054+0000] {logging_mixin.py:190} INFO - [2024-12-05T07:04:47.054+0000] {dagbag.py:588} INFO - Filling up the DagBag from /home/airflow/.local/lib/python3.12/site-packages/airflow/example_dags/example_setup_teardown_taskflow.py
[2024-12-05T07:04:47.061+0000] {processor.py:925} INFO - DAG(s) 'example_setup_teardown_taskflow' retrieved from /home/airflow/.local/lib/python3.12/site-packages/airflow/example_dags/example_setup_teardown_taskflow.py
[2024-12-05T07:04:47.077+0000] {logging_mixin.py:190} INFO - [2024-12-05T07:04:47.077+0000] {dag.py:3239} INFO - Sync 1 DAGs
[2024-12-05T07:04:47.088+0000] {logging_mixin.py:190} INFO - [2024-12-05T07:04:47.088+0000] {dag.py:4180} INFO - Setting next_dagrun for example_setup_teardown_taskflow to None, run_after=None
[2024-12-05T07:04:47.100+0000] {processor.py:208} INFO - Processing /home/airflow/.local/lib/python3.12/site-packages/airflow/example_dags/example_setup_teardown_taskflow.py took 0.052 seconds
[2024-12-05T07:05:17.412+0000] {processor.py:186} INFO - Started process (PID=35408) to work on /home/airflow/.local/lib/python3.12/site-packages/airflow/example_dags/example_setup_teardown_taskflow.py
[2024-12-05T07:05:17.413+0000] {processor.py:914} INFO - Processing file /home/airflow/.local/lib/python3.12/site-packages/airflow/example_dags/example_setup_teardown_taskflow.py for tasks to queue
[2024-12-05T07:05:17.414+0000] {logging_mixin.py:190} INFO - [2024-12-05T07:05:17.414+0000] {dagbag.py:588} INFO - Filling up the DagBag from /home/airflow/.local/lib/python3.12/site-packages/airflow/example_dags/example_setup_teardown_taskflow.py
[2024-12-05T07:05:17.422+0000] {processor.py:925} INFO - DAG(s) 'example_setup_teardown_taskflow' retrieved from /home/airflow/.local/lib/python3.12/site-packages/airflow/example_dags/example_setup_teardown_taskflow.py
[2024-12-05T07:05:17.437+0000] {logging_mixin.py:190} INFO - [2024-12-05T07:05:17.437+0000] {dag.py:3239} INFO - Sync 1 DAGs
[2024-12-05T07:05:17.448+0000] {logging_mixin.py:190} INFO - [2024-12-05T07:05:17.448+0000] {dag.py:4180} INFO - Setting next_dagrun for example_setup_teardown_taskflow to None, run_after=None
[2024-12-05T07:05:17.460+0000] {processor.py:208} INFO - Processing /home/airflow/.local/lib/python3.12/site-packages/airflow/example_dags/example_setup_teardown_taskflow.py took 0.052 seconds
[2024-12-05T07:05:48.128+0000] {processor.py:186} INFO - Started process (PID=35470) to work on /home/airflow/.local/lib/python3.12/site-packages/airflow/example_dags/example_setup_teardown_taskflow.py
[2024-12-05T07:05:48.129+0000] {processor.py:914} INFO - Processing file /home/airflow/.local/lib/python3.12/site-packages/airflow/example_dags/example_setup_teardown_taskflow.py for tasks to queue
[2024-12-05T07:05:48.130+0000] {logging_mixin.py:190} INFO - [2024-12-05T07:05:48.130+0000] {dagbag.py:588} INFO - Filling up the DagBag from /home/airflow/.local/lib/python3.12/site-packages/airflow/example_dags/example_setup_teardown_taskflow.py
[2024-12-05T07:05:48.138+0000] {processor.py:925} INFO - DAG(s) 'example_setup_teardown_taskflow' retrieved from /home/airflow/.local/lib/python3.12/site-packages/airflow/example_dags/example_setup_teardown_taskflow.py
[2024-12-05T07:05:48.154+0000] {logging_mixin.py:190} INFO - [2024-12-05T07:05:48.154+0000] {dag.py:3239} INFO - Sync 1 DAGs
[2024-12-05T07:05:48.163+0000] {logging_mixin.py:190} INFO - [2024-12-05T07:05:48.163+0000] {dag.py:4180} INFO - Setting next_dagrun for example_setup_teardown_taskflow to None, run_after=None
[2024-12-05T07:05:48.177+0000] {processor.py:208} INFO - Processing /home/airflow/.local/lib/python3.12/site-packages/airflow/example_dags/example_setup_teardown_taskflow.py took 0.053 seconds
[2024-12-05T07:06:16.510+0000] {processor.py:186} INFO - Started process (PID=35533) to work on /home/airflow/.local/lib/python3.12/site-packages/airflow/example_dags/example_setup_teardown_taskflow.py
[2024-12-05T07:06:16.511+0000] {processor.py:914} INFO - Processing file /home/airflow/.local/lib/python3.12/site-packages/airflow/example_dags/example_setup_teardown_taskflow.py for tasks to queue
[2024-12-05T07:06:16.512+0000] {logging_mixin.py:190} INFO - [2024-12-05T07:06:16.512+0000] {dagbag.py:588} INFO - Filling up the DagBag from /home/airflow/.local/lib/python3.12/site-packages/airflow/example_dags/example_setup_teardown_taskflow.py
[2024-12-05T07:06:16.520+0000] {processor.py:925} INFO - DAG(s) 'example_setup_teardown_taskflow' retrieved from /home/airflow/.local/lib/python3.12/site-packages/airflow/example_dags/example_setup_teardown_taskflow.py
[2024-12-05T07:06:16.537+0000] {logging_mixin.py:190} INFO - [2024-12-05T07:06:16.537+0000] {dag.py:3239} INFO - Sync 1 DAGs
[2024-12-05T07:06:16.548+0000] {logging_mixin.py:190} INFO - [2024-12-05T07:06:16.547+0000] {dag.py:4180} INFO - Setting next_dagrun for example_setup_teardown_taskflow to None, run_after=None
[2024-12-05T07:06:16.562+0000] {processor.py:208} INFO - Processing /home/airflow/.local/lib/python3.12/site-packages/airflow/example_dags/example_setup_teardown_taskflow.py took 0.057 seconds
[2024-12-05T07:06:47.214+0000] {processor.py:186} INFO - Started process (PID=35583) to work on /home/airflow/.local/lib/python3.12/site-packages/airflow/example_dags/example_setup_teardown_taskflow.py
[2024-12-05T07:06:47.215+0000] {processor.py:914} INFO - Processing file /home/airflow/.local/lib/python3.12/site-packages/airflow/example_dags/example_setup_teardown_taskflow.py for tasks to queue
[2024-12-05T07:06:47.217+0000] {logging_mixin.py:190} INFO - [2024-12-05T07:06:47.216+0000] {dagbag.py:588} INFO - Filling up the DagBag from /home/airflow/.local/lib/python3.12/site-packages/airflow/example_dags/example_setup_teardown_taskflow.py
[2024-12-05T07:06:47.224+0000] {processor.py:925} INFO - DAG(s) 'example_setup_teardown_taskflow' retrieved from /home/airflow/.local/lib/python3.12/site-packages/airflow/example_dags/example_setup_teardown_taskflow.py
[2024-12-05T07:06:47.241+0000] {logging_mixin.py:190} INFO - [2024-12-05T07:06:47.241+0000] {dag.py:3239} INFO - Sync 1 DAGs
[2024-12-05T07:06:47.253+0000] {logging_mixin.py:190} INFO - [2024-12-05T07:06:47.253+0000] {dag.py:4180} INFO - Setting next_dagrun for example_setup_teardown_taskflow to None, run_after=None
[2024-12-05T07:06:47.266+0000] {processor.py:208} INFO - Processing /home/airflow/.local/lib/python3.12/site-packages/airflow/example_dags/example_setup_teardown_taskflow.py took 0.056 seconds
[2024-12-05T07:07:17.517+0000] {processor.py:186} INFO - Started process (PID=35652) to work on /home/airflow/.local/lib/python3.12/site-packages/airflow/example_dags/example_setup_teardown_taskflow.py
[2024-12-05T07:07:17.518+0000] {processor.py:914} INFO - Processing file /home/airflow/.local/lib/python3.12/site-packages/airflow/example_dags/example_setup_teardown_taskflow.py for tasks to queue
[2024-12-05T07:07:17.520+0000] {logging_mixin.py:190} INFO - [2024-12-05T07:07:17.520+0000] {dagbag.py:588} INFO - Filling up the DagBag from /home/airflow/.local/lib/python3.12/site-packages/airflow/example_dags/example_setup_teardown_taskflow.py
[2024-12-05T07:07:17.528+0000] {processor.py:925} INFO - DAG(s) 'example_setup_teardown_taskflow' retrieved from /home/airflow/.local/lib/python3.12/site-packages/airflow/example_dags/example_setup_teardown_taskflow.py
[2024-12-05T07:07:17.544+0000] {logging_mixin.py:190} INFO - [2024-12-05T07:07:17.544+0000] {dag.py:3239} INFO - Sync 1 DAGs
[2024-12-05T07:07:17.556+0000] {logging_mixin.py:190} INFO - [2024-12-05T07:07:17.556+0000] {dag.py:4180} INFO - Setting next_dagrun for example_setup_teardown_taskflow to None, run_after=None
[2024-12-05T07:07:17.571+0000] {processor.py:208} INFO - Processing /home/airflow/.local/lib/python3.12/site-packages/airflow/example_dags/example_setup_teardown_taskflow.py took 0.059 seconds
[2024-12-05T07:07:47.743+0000] {processor.py:186} INFO - Started process (PID=35715) to work on /home/airflow/.local/lib/python3.12/site-packages/airflow/example_dags/example_setup_teardown_taskflow.py
[2024-12-05T07:07:47.744+0000] {processor.py:914} INFO - Processing file /home/airflow/.local/lib/python3.12/site-packages/airflow/example_dags/example_setup_teardown_taskflow.py for tasks to queue
[2024-12-05T07:07:47.746+0000] {logging_mixin.py:190} INFO - [2024-12-05T07:07:47.745+0000] {dagbag.py:588} INFO - Filling up the DagBag from /home/airflow/.local/lib/python3.12/site-packages/airflow/example_dags/example_setup_teardown_taskflow.py
[2024-12-05T07:07:47.753+0000] {processor.py:925} INFO - DAG(s) 'example_setup_teardown_taskflow' retrieved from /home/airflow/.local/lib/python3.12/site-packages/airflow/example_dags/example_setup_teardown_taskflow.py
[2024-12-05T07:07:47.769+0000] {logging_mixin.py:190} INFO - [2024-12-05T07:07:47.769+0000] {dag.py:3239} INFO - Sync 1 DAGs
[2024-12-05T07:07:47.780+0000] {logging_mixin.py:190} INFO - [2024-12-05T07:07:47.780+0000] {dag.py:4180} INFO - Setting next_dagrun for example_setup_teardown_taskflow to None, run_after=None
[2024-12-05T07:07:47.793+0000] {processor.py:208} INFO - Processing /home/airflow/.local/lib/python3.12/site-packages/airflow/example_dags/example_setup_teardown_taskflow.py took 0.054 seconds
