[2024-12-05T07:04:13.270+0000] {processor.py:186} INFO - Started process (PID=35254) to work on /home/airflow/.local/lib/python3.12/site-packages/airflow/example_dags/example_trigger_controller_dag.py
[2024-12-05T07:04:13.271+0000] {processor.py:914} INFO - Processing file /home/airflow/.local/lib/python3.12/site-packages/airflow/example_dags/example_trigger_controller_dag.py for tasks to queue
[2024-12-05T07:04:13.274+0000] {logging_mixin.py:190} INFO - [2024-12-05T07:04:13.273+0000] {dagbag.py:588} INFO - Filling up the DagBag from /home/airflow/.local/lib/python3.12/site-packages/airflow/example_dags/example_trigger_controller_dag.py
[2024-12-05T07:04:13.279+0000] {processor.py:925} INFO - DAG(s) 'example_trigger_controller_dag' retrieved from /home/airflow/.local/lib/python3.12/site-packages/airflow/example_dags/example_trigger_controller_dag.py
[2024-12-05T07:04:13.296+0000] {logging_mixin.py:190} INFO - [2024-12-05T07:04:13.295+0000] {dag.py:3239} INFO - Sync 1 DAGs
[2024-12-05T07:04:13.317+0000] {logging_mixin.py:190} INFO - [2024-12-05T07:04:13.316+0000] {dag.py:4180} INFO - Setting next_dagrun for example_trigger_controller_dag to 2021-01-01 00:00:00+00:00, run_after=2021-01-01 00:00:00+00:00
[2024-12-05T07:04:13.344+0000] {processor.py:208} INFO - Processing /home/airflow/.local/lib/python3.12/site-packages/airflow/example_dags/example_trigger_controller_dag.py took 0.079 seconds
[2024-12-05T07:04:43.849+0000] {processor.py:186} INFO - Started process (PID=35317) to work on /home/airflow/.local/lib/python3.12/site-packages/airflow/example_dags/example_trigger_controller_dag.py
[2024-12-05T07:04:43.850+0000] {processor.py:914} INFO - Processing file /home/airflow/.local/lib/python3.12/site-packages/airflow/example_dags/example_trigger_controller_dag.py for tasks to queue
[2024-12-05T07:04:43.851+0000] {logging_mixin.py:190} INFO - [2024-12-05T07:04:43.851+0000] {dagbag.py:588} INFO - Filling up the DagBag from /home/airflow/.local/lib/python3.12/site-packages/airflow/example_dags/example_trigger_controller_dag.py
[2024-12-05T07:04:43.856+0000] {processor.py:925} INFO - DAG(s) 'example_trigger_controller_dag' retrieved from /home/airflow/.local/lib/python3.12/site-packages/airflow/example_dags/example_trigger_controller_dag.py
[2024-12-05T07:04:43.870+0000] {logging_mixin.py:190} INFO - [2024-12-05T07:04:43.869+0000] {dag.py:3239} INFO - Sync 1 DAGs
[2024-12-05T07:04:43.890+0000] {logging_mixin.py:190} INFO - [2024-12-05T07:04:43.890+0000] {dag.py:4180} INFO - Setting next_dagrun for example_trigger_controller_dag to 2021-01-01 00:00:00+00:00, run_after=2021-01-01 00:00:00+00:00
[2024-12-05T07:04:43.905+0000] {processor.py:208} INFO - Processing /home/airflow/.local/lib/python3.12/site-packages/airflow/example_dags/example_trigger_controller_dag.py took 0.060 seconds
[2024-12-05T07:05:13.991+0000] {processor.py:186} INFO - Started process (PID=35380) to work on /home/airflow/.local/lib/python3.12/site-packages/airflow/example_dags/example_trigger_controller_dag.py
[2024-12-05T07:05:13.992+0000] {processor.py:914} INFO - Processing file /home/airflow/.local/lib/python3.12/site-packages/airflow/example_dags/example_trigger_controller_dag.py for tasks to queue
[2024-12-05T07:05:13.993+0000] {logging_mixin.py:190} INFO - [2024-12-05T07:05:13.993+0000] {dagbag.py:588} INFO - Filling up the DagBag from /home/airflow/.local/lib/python3.12/site-packages/airflow/example_dags/example_trigger_controller_dag.py
[2024-12-05T07:05:13.998+0000] {processor.py:925} INFO - DAG(s) 'example_trigger_controller_dag' retrieved from /home/airflow/.local/lib/python3.12/site-packages/airflow/example_dags/example_trigger_controller_dag.py
[2024-12-05T07:05:14.011+0000] {logging_mixin.py:190} INFO - [2024-12-05T07:05:14.011+0000] {dag.py:3239} INFO - Sync 1 DAGs
[2024-12-05T07:05:14.027+0000] {logging_mixin.py:190} INFO - [2024-12-05T07:05:14.027+0000] {dag.py:4180} INFO - Setting next_dagrun for example_trigger_controller_dag to 2021-01-01 00:00:00+00:00, run_after=2021-01-01 00:00:00+00:00
[2024-12-05T07:05:14.040+0000] {processor.py:208} INFO - Processing /home/airflow/.local/lib/python3.12/site-packages/airflow/example_dags/example_trigger_controller_dag.py took 0.053 seconds
[2024-12-05T07:05:44.531+0000] {processor.py:186} INFO - Started process (PID=35443) to work on /home/airflow/.local/lib/python3.12/site-packages/airflow/example_dags/example_trigger_controller_dag.py
[2024-12-05T07:05:44.532+0000] {processor.py:914} INFO - Processing file /home/airflow/.local/lib/python3.12/site-packages/airflow/example_dags/example_trigger_controller_dag.py for tasks to queue
[2024-12-05T07:05:44.534+0000] {logging_mixin.py:190} INFO - [2024-12-05T07:05:44.533+0000] {dagbag.py:588} INFO - Filling up the DagBag from /home/airflow/.local/lib/python3.12/site-packages/airflow/example_dags/example_trigger_controller_dag.py
[2024-12-05T07:05:44.538+0000] {processor.py:925} INFO - DAG(s) 'example_trigger_controller_dag' retrieved from /home/airflow/.local/lib/python3.12/site-packages/airflow/example_dags/example_trigger_controller_dag.py
[2024-12-05T07:05:44.552+0000] {logging_mixin.py:190} INFO - [2024-12-05T07:05:44.552+0000] {dag.py:3239} INFO - Sync 1 DAGs
[2024-12-05T07:05:44.570+0000] {logging_mixin.py:190} INFO - [2024-12-05T07:05:44.570+0000] {dag.py:4180} INFO - Setting next_dagrun for example_trigger_controller_dag to 2021-01-01 00:00:00+00:00, run_after=2021-01-01 00:00:00+00:00
[2024-12-05T07:05:44.583+0000] {processor.py:208} INFO - Processing /home/airflow/.local/lib/python3.12/site-packages/airflow/example_dags/example_trigger_controller_dag.py took 0.056 seconds
[2024-12-05T07:06:14.794+0000] {processor.py:186} INFO - Started process (PID=35506) to work on /home/airflow/.local/lib/python3.12/site-packages/airflow/example_dags/example_trigger_controller_dag.py
[2024-12-05T07:06:14.794+0000] {processor.py:914} INFO - Processing file /home/airflow/.local/lib/python3.12/site-packages/airflow/example_dags/example_trigger_controller_dag.py for tasks to queue
[2024-12-05T07:06:14.796+0000] {logging_mixin.py:190} INFO - [2024-12-05T07:06:14.796+0000] {dagbag.py:588} INFO - Filling up the DagBag from /home/airflow/.local/lib/python3.12/site-packages/airflow/example_dags/example_trigger_controller_dag.py
[2024-12-05T07:06:14.801+0000] {processor.py:925} INFO - DAG(s) 'example_trigger_controller_dag' retrieved from /home/airflow/.local/lib/python3.12/site-packages/airflow/example_dags/example_trigger_controller_dag.py
[2024-12-05T07:06:14.815+0000] {logging_mixin.py:190} INFO - [2024-12-05T07:06:14.814+0000] {dag.py:3239} INFO - Sync 1 DAGs
[2024-12-05T07:06:14.830+0000] {logging_mixin.py:190} INFO - [2024-12-05T07:06:14.830+0000] {dag.py:4180} INFO - Setting next_dagrun for example_trigger_controller_dag to 2021-01-01 00:00:00+00:00, run_after=2021-01-01 00:00:00+00:00
[2024-12-05T07:06:14.845+0000] {processor.py:208} INFO - Processing /home/airflow/.local/lib/python3.12/site-packages/airflow/example_dags/example_trigger_controller_dag.py took 0.055 seconds
[2024-12-05T07:06:45.038+0000] {processor.py:186} INFO - Started process (PID=35569) to work on /home/airflow/.local/lib/python3.12/site-packages/airflow/example_dags/example_trigger_controller_dag.py
[2024-12-05T07:06:45.039+0000] {processor.py:914} INFO - Processing file /home/airflow/.local/lib/python3.12/site-packages/airflow/example_dags/example_trigger_controller_dag.py for tasks to queue
[2024-12-05T07:06:45.041+0000] {logging_mixin.py:190} INFO - [2024-12-05T07:06:45.040+0000] {dagbag.py:588} INFO - Filling up the DagBag from /home/airflow/.local/lib/python3.12/site-packages/airflow/example_dags/example_trigger_controller_dag.py
[2024-12-05T07:06:45.045+0000] {processor.py:925} INFO - DAG(s) 'example_trigger_controller_dag' retrieved from /home/airflow/.local/lib/python3.12/site-packages/airflow/example_dags/example_trigger_controller_dag.py
[2024-12-05T07:06:45.059+0000] {logging_mixin.py:190} INFO - [2024-12-05T07:06:45.058+0000] {dag.py:3239} INFO - Sync 1 DAGs
[2024-12-05T07:06:45.075+0000] {logging_mixin.py:190} INFO - [2024-12-05T07:06:45.075+0000] {dag.py:4180} INFO - Setting next_dagrun for example_trigger_controller_dag to 2021-01-01 00:00:00+00:00, run_after=2021-01-01 00:00:00+00:00
[2024-12-05T07:06:45.088+0000] {processor.py:208} INFO - Processing /home/airflow/.local/lib/python3.12/site-packages/airflow/example_dags/example_trigger_controller_dag.py took 0.054 seconds
[2024-12-05T07:07:15.719+0000] {processor.py:186} INFO - Started process (PID=35638) to work on /home/airflow/.local/lib/python3.12/site-packages/airflow/example_dags/example_trigger_controller_dag.py
[2024-12-05T07:07:15.720+0000] {processor.py:914} INFO - Processing file /home/airflow/.local/lib/python3.12/site-packages/airflow/example_dags/example_trigger_controller_dag.py for tasks to queue
[2024-12-05T07:07:15.722+0000] {logging_mixin.py:190} INFO - [2024-12-05T07:07:15.722+0000] {dagbag.py:588} INFO - Filling up the DagBag from /home/airflow/.local/lib/python3.12/site-packages/airflow/example_dags/example_trigger_controller_dag.py
[2024-12-05T07:07:15.727+0000] {processor.py:925} INFO - DAG(s) 'example_trigger_controller_dag' retrieved from /home/airflow/.local/lib/python3.12/site-packages/airflow/example_dags/example_trigger_controller_dag.py
[2024-12-05T07:07:15.740+0000] {logging_mixin.py:190} INFO - [2024-12-05T07:07:15.740+0000] {dag.py:3239} INFO - Sync 1 DAGs
[2024-12-05T07:07:15.757+0000] {logging_mixin.py:190} INFO - [2024-12-05T07:07:15.757+0000] {dag.py:4180} INFO - Setting next_dagrun for example_trigger_controller_dag to 2021-01-01 00:00:00+00:00, run_after=2021-01-01 00:00:00+00:00
[2024-12-05T07:07:15.770+0000] {processor.py:208} INFO - Processing /home/airflow/.local/lib/python3.12/site-packages/airflow/example_dags/example_trigger_controller_dag.py took 0.054 seconds
[2024-12-05T07:07:46.038+0000] {processor.py:186} INFO - Started process (PID=35701) to work on /home/airflow/.local/lib/python3.12/site-packages/airflow/example_dags/example_trigger_controller_dag.py
[2024-12-05T07:07:46.039+0000] {processor.py:914} INFO - Processing file /home/airflow/.local/lib/python3.12/site-packages/airflow/example_dags/example_trigger_controller_dag.py for tasks to queue
[2024-12-05T07:07:46.041+0000] {logging_mixin.py:190} INFO - [2024-12-05T07:07:46.041+0000] {dagbag.py:588} INFO - Filling up the DagBag from /home/airflow/.local/lib/python3.12/site-packages/airflow/example_dags/example_trigger_controller_dag.py
[2024-12-05T07:07:46.046+0000] {processor.py:925} INFO - DAG(s) 'example_trigger_controller_dag' retrieved from /home/airflow/.local/lib/python3.12/site-packages/airflow/example_dags/example_trigger_controller_dag.py
[2024-12-05T07:07:46.061+0000] {logging_mixin.py:190} INFO - [2024-12-05T07:07:46.061+0000] {dag.py:3239} INFO - Sync 1 DAGs
[2024-12-05T07:07:46.078+0000] {logging_mixin.py:190} INFO - [2024-12-05T07:07:46.078+0000] {dag.py:4180} INFO - Setting next_dagrun for example_trigger_controller_dag to 2021-01-01 00:00:00+00:00, run_after=2021-01-01 00:00:00+00:00
[2024-12-05T07:07:46.091+0000] {processor.py:208} INFO - Processing /home/airflow/.local/lib/python3.12/site-packages/airflow/example_dags/example_trigger_controller_dag.py took 0.057 seconds
