[2024-12-05T07:04:16.818+0000] {processor.py:186} INFO - Started process (PID=35298) to work on /home/airflow/.local/lib/python3.12/site-packages/airflow/example_dags/example_task_group_decorator.py
[2024-12-05T07:04:16.818+0000] {processor.py:914} INFO - Processing file /home/airflow/.local/lib/python3.12/site-packages/airflow/example_dags/example_task_group_decorator.py for tasks to queue
[2024-12-05T07:04:16.820+0000] {logging_mixin.py:190} INFO - [2024-12-05T07:04:16.820+0000] {dagbag.py:588} INFO - Filling up the DagBag from /home/airflow/.local/lib/python3.12/site-packages/airflow/example_dags/example_task_group_decorator.py
[2024-12-05T07:04:16.832+0000] {processor.py:925} INFO - DAG(s) 'example_task_group_decorator' retrieved from /home/airflow/.local/lib/python3.12/site-packages/airflow/example_dags/example_task_group_decorator.py
[2024-12-05T07:04:16.851+0000] {logging_mixin.py:190} INFO - [2024-12-05T07:04:16.851+0000] {dag.py:3239} INFO - Sync 1 DAGs
[2024-12-05T07:04:16.863+0000] {logging_mixin.py:190} INFO - [2024-12-05T07:04:16.863+0000] {dag.py:4180} INFO - Setting next_dagrun for example_task_group_decorator to None, run_after=None
[2024-12-05T07:04:16.877+0000] {processor.py:208} INFO - Processing /home/airflow/.local/lib/python3.12/site-packages/airflow/example_dags/example_task_group_decorator.py took 0.063 seconds
[2024-12-05T07:04:48.146+0000] {processor.py:186} INFO - Started process (PID=35361) to work on /home/airflow/.local/lib/python3.12/site-packages/airflow/example_dags/example_task_group_decorator.py
[2024-12-05T07:04:48.146+0000] {processor.py:914} INFO - Processing file /home/airflow/.local/lib/python3.12/site-packages/airflow/example_dags/example_task_group_decorator.py for tasks to queue
[2024-12-05T07:04:48.148+0000] {logging_mixin.py:190} INFO - [2024-12-05T07:04:48.148+0000] {dagbag.py:588} INFO - Filling up the DagBag from /home/airflow/.local/lib/python3.12/site-packages/airflow/example_dags/example_task_group_decorator.py
[2024-12-05T07:04:48.159+0000] {processor.py:925} INFO - DAG(s) 'example_task_group_decorator' retrieved from /home/airflow/.local/lib/python3.12/site-packages/airflow/example_dags/example_task_group_decorator.py
[2024-12-05T07:04:48.176+0000] {logging_mixin.py:190} INFO - [2024-12-05T07:04:48.176+0000] {dag.py:3239} INFO - Sync 1 DAGs
[2024-12-05T07:04:48.186+0000] {logging_mixin.py:190} INFO - [2024-12-05T07:04:48.186+0000] {dag.py:4180} INFO - Setting next_dagrun for example_task_group_decorator to None, run_after=None
[2024-12-05T07:04:48.199+0000] {processor.py:208} INFO - Processing /home/airflow/.local/lib/python3.12/site-packages/airflow/example_dags/example_task_group_decorator.py took 0.057 seconds
[2024-12-05T07:05:18.446+0000] {processor.py:186} INFO - Started process (PID=35423) to work on /home/airflow/.local/lib/python3.12/site-packages/airflow/example_dags/example_task_group_decorator.py
[2024-12-05T07:05:18.447+0000] {processor.py:914} INFO - Processing file /home/airflow/.local/lib/python3.12/site-packages/airflow/example_dags/example_task_group_decorator.py for tasks to queue
[2024-12-05T07:05:18.448+0000] {logging_mixin.py:190} INFO - [2024-12-05T07:05:18.448+0000] {dagbag.py:588} INFO - Filling up the DagBag from /home/airflow/.local/lib/python3.12/site-packages/airflow/example_dags/example_task_group_decorator.py
[2024-12-05T07:05:18.459+0000] {processor.py:925} INFO - DAG(s) 'example_task_group_decorator' retrieved from /home/airflow/.local/lib/python3.12/site-packages/airflow/example_dags/example_task_group_decorator.py
[2024-12-05T07:05:18.478+0000] {logging_mixin.py:190} INFO - [2024-12-05T07:05:18.477+0000] {dag.py:3239} INFO - Sync 1 DAGs
[2024-12-05T07:05:18.488+0000] {logging_mixin.py:190} INFO - [2024-12-05T07:05:18.488+0000] {dag.py:4180} INFO - Setting next_dagrun for example_task_group_decorator to None, run_after=None
[2024-12-05T07:05:18.500+0000] {processor.py:208} INFO - Processing /home/airflow/.local/lib/python3.12/site-packages/airflow/example_dags/example_task_group_decorator.py took 0.058 seconds
[2024-12-05T07:05:49.915+0000] {processor.py:186} INFO - Started process (PID=35487) to work on /home/airflow/.local/lib/python3.12/site-packages/airflow/example_dags/example_task_group_decorator.py
[2024-12-05T07:05:49.916+0000] {processor.py:914} INFO - Processing file /home/airflow/.local/lib/python3.12/site-packages/airflow/example_dags/example_task_group_decorator.py for tasks to queue
[2024-12-05T07:05:49.917+0000] {logging_mixin.py:190} INFO - [2024-12-05T07:05:49.917+0000] {dagbag.py:588} INFO - Filling up the DagBag from /home/airflow/.local/lib/python3.12/site-packages/airflow/example_dags/example_task_group_decorator.py
[2024-12-05T07:05:49.929+0000] {processor.py:925} INFO - DAG(s) 'example_task_group_decorator' retrieved from /home/airflow/.local/lib/python3.12/site-packages/airflow/example_dags/example_task_group_decorator.py
[2024-12-05T07:05:49.948+0000] {logging_mixin.py:190} INFO - [2024-12-05T07:05:49.948+0000] {dag.py:3239} INFO - Sync 1 DAGs
[2024-12-05T07:05:49.959+0000] {logging_mixin.py:190} INFO - [2024-12-05T07:05:49.959+0000] {dag.py:4180} INFO - Setting next_dagrun for example_task_group_decorator to None, run_after=None
[2024-12-05T07:05:49.972+0000] {processor.py:208} INFO - Processing /home/airflow/.local/lib/python3.12/site-packages/airflow/example_dags/example_task_group_decorator.py took 0.061 seconds
[2024-12-05T07:06:20.495+0000] {processor.py:186} INFO - Started process (PID=35549) to work on /home/airflow/.local/lib/python3.12/site-packages/airflow/example_dags/example_task_group_decorator.py
[2024-12-05T07:06:20.496+0000] {processor.py:914} INFO - Processing file /home/airflow/.local/lib/python3.12/site-packages/airflow/example_dags/example_task_group_decorator.py for tasks to queue
[2024-12-05T07:06:20.498+0000] {logging_mixin.py:190} INFO - [2024-12-05T07:06:20.497+0000] {dagbag.py:588} INFO - Filling up the DagBag from /home/airflow/.local/lib/python3.12/site-packages/airflow/example_dags/example_task_group_decorator.py
[2024-12-05T07:06:20.509+0000] {processor.py:925} INFO - DAG(s) 'example_task_group_decorator' retrieved from /home/airflow/.local/lib/python3.12/site-packages/airflow/example_dags/example_task_group_decorator.py
[2024-12-05T07:06:20.529+0000] {logging_mixin.py:190} INFO - [2024-12-05T07:06:20.528+0000] {dag.py:3239} INFO - Sync 1 DAGs
[2024-12-05T07:06:20.539+0000] {logging_mixin.py:190} INFO - [2024-12-05T07:06:20.539+0000] {dag.py:4180} INFO - Setting next_dagrun for example_task_group_decorator to None, run_after=None
[2024-12-05T07:06:20.558+0000] {processor.py:208} INFO - Processing /home/airflow/.local/lib/python3.12/site-packages/airflow/example_dags/example_task_group_decorator.py took 0.066 seconds
[2024-12-05T07:06:50.596+0000] {processor.py:186} INFO - Started process (PID=35617) to work on /home/airflow/.local/lib/python3.12/site-packages/airflow/example_dags/example_task_group_decorator.py
[2024-12-05T07:06:50.596+0000] {processor.py:914} INFO - Processing file /home/airflow/.local/lib/python3.12/site-packages/airflow/example_dags/example_task_group_decorator.py for tasks to queue
[2024-12-05T07:06:50.598+0000] {logging_mixin.py:190} INFO - [2024-12-05T07:06:50.598+0000] {dagbag.py:588} INFO - Filling up the DagBag from /home/airflow/.local/lib/python3.12/site-packages/airflow/example_dags/example_task_group_decorator.py
[2024-12-05T07:06:50.609+0000] {processor.py:925} INFO - DAG(s) 'example_task_group_decorator' retrieved from /home/airflow/.local/lib/python3.12/site-packages/airflow/example_dags/example_task_group_decorator.py
[2024-12-05T07:06:50.628+0000] {logging_mixin.py:190} INFO - [2024-12-05T07:06:50.628+0000] {dag.py:3239} INFO - Sync 1 DAGs
[2024-12-05T07:06:50.639+0000] {logging_mixin.py:190} INFO - [2024-12-05T07:06:50.638+0000] {dag.py:4180} INFO - Setting next_dagrun for example_task_group_decorator to None, run_after=None
[2024-12-05T07:06:50.652+0000] {processor.py:208} INFO - Processing /home/airflow/.local/lib/python3.12/site-packages/airflow/example_dags/example_task_group_decorator.py took 0.061 seconds
[2024-12-05T07:07:20.945+0000] {processor.py:186} INFO - Started process (PID=35679) to work on /home/airflow/.local/lib/python3.12/site-packages/airflow/example_dags/example_task_group_decorator.py
[2024-12-05T07:07:20.945+0000] {processor.py:914} INFO - Processing file /home/airflow/.local/lib/python3.12/site-packages/airflow/example_dags/example_task_group_decorator.py for tasks to queue
[2024-12-05T07:07:20.947+0000] {logging_mixin.py:190} INFO - [2024-12-05T07:07:20.947+0000] {dagbag.py:588} INFO - Filling up the DagBag from /home/airflow/.local/lib/python3.12/site-packages/airflow/example_dags/example_task_group_decorator.py
[2024-12-05T07:07:20.959+0000] {processor.py:925} INFO - DAG(s) 'example_task_group_decorator' retrieved from /home/airflow/.local/lib/python3.12/site-packages/airflow/example_dags/example_task_group_decorator.py
[2024-12-05T07:07:20.977+0000] {logging_mixin.py:190} INFO - [2024-12-05T07:07:20.977+0000] {dag.py:3239} INFO - Sync 1 DAGs
[2024-12-05T07:07:20.987+0000] {logging_mixin.py:190} INFO - [2024-12-05T07:07:20.986+0000] {dag.py:4180} INFO - Setting next_dagrun for example_task_group_decorator to None, run_after=None
[2024-12-05T07:07:20.999+0000] {processor.py:208} INFO - Processing /home/airflow/.local/lib/python3.12/site-packages/airflow/example_dags/example_task_group_decorator.py took 0.058 seconds
[2024-12-05T07:07:51.271+0000] {processor.py:186} INFO - Started process (PID=35742) to work on /home/airflow/.local/lib/python3.12/site-packages/airflow/example_dags/example_task_group_decorator.py
[2024-12-05T07:07:51.272+0000] {processor.py:914} INFO - Processing file /home/airflow/.local/lib/python3.12/site-packages/airflow/example_dags/example_task_group_decorator.py for tasks to queue
[2024-12-05T07:07:51.274+0000] {logging_mixin.py:190} INFO - [2024-12-05T07:07:51.274+0000] {dagbag.py:588} INFO - Filling up the DagBag from /home/airflow/.local/lib/python3.12/site-packages/airflow/example_dags/example_task_group_decorator.py
[2024-12-05T07:07:51.286+0000] {processor.py:925} INFO - DAG(s) 'example_task_group_decorator' retrieved from /home/airflow/.local/lib/python3.12/site-packages/airflow/example_dags/example_task_group_decorator.py
[2024-12-05T07:07:51.305+0000] {logging_mixin.py:190} INFO - [2024-12-05T07:07:51.305+0000] {dag.py:3239} INFO - Sync 1 DAGs
[2024-12-05T07:07:51.316+0000] {logging_mixin.py:190} INFO - [2024-12-05T07:07:51.316+0000] {dag.py:4180} INFO - Setting next_dagrun for example_task_group_decorator to None, run_after=None
[2024-12-05T07:07:51.329+0000] {processor.py:208} INFO - Processing /home/airflow/.local/lib/python3.12/site-packages/airflow/example_dags/example_task_group_decorator.py took 0.062 seconds
