[2024-12-05T07:04:14.052+0000] {processor.py:186} INFO - Started process (PID=35261) to work on /home/airflow/.local/lib/python3.12/site-packages/airflow/example_dags/example_dynamic_task_mapping.py
[2024-12-05T07:04:14.055+0000] {processor.py:914} INFO - Processing file /home/airflow/.local/lib/python3.12/site-packages/airflow/example_dags/example_dynamic_task_mapping.py for tasks to queue
[2024-12-05T07:04:14.057+0000] {logging_mixin.py:190} INFO - [2024-12-05T07:04:14.057+0000] {dagbag.py:588} INFO - Filling up the DagBag from /home/airflow/.local/lib/python3.12/site-packages/airflow/example_dags/example_dynamic_task_mapping.py
[2024-12-05T07:04:14.066+0000] {processor.py:925} INFO - DAG(s) 'example_dynamic_task_mapping' retrieved from /home/airflow/.local/lib/python3.12/site-packages/airflow/example_dags/example_dynamic_task_mapping.py
[2024-12-05T07:04:14.097+0000] {logging_mixin.py:190} INFO - [2024-12-05T07:04:14.097+0000] {dag.py:3239} INFO - Sync 1 DAGs
[2024-12-05T07:04:14.119+0000] {logging_mixin.py:190} INFO - [2024-12-05T07:04:14.119+0000] {dag.py:4180} INFO - Setting next_dagrun for example_dynamic_task_mapping to None, run_after=None
[2024-12-05T07:04:14.154+0000] {processor.py:208} INFO - Processing /home/airflow/.local/lib/python3.12/site-packages/airflow/example_dags/example_dynamic_task_mapping.py took 0.108 seconds
[2024-12-05T07:04:44.221+0000] {processor.py:186} INFO - Started process (PID=35323) to work on /home/airflow/.local/lib/python3.12/site-packages/airflow/example_dags/example_dynamic_task_mapping.py
[2024-12-05T07:04:44.222+0000] {processor.py:914} INFO - Processing file /home/airflow/.local/lib/python3.12/site-packages/airflow/example_dags/example_dynamic_task_mapping.py for tasks to queue
[2024-12-05T07:04:44.223+0000] {logging_mixin.py:190} INFO - [2024-12-05T07:04:44.223+0000] {dagbag.py:588} INFO - Filling up the DagBag from /home/airflow/.local/lib/python3.12/site-packages/airflow/example_dags/example_dynamic_task_mapping.py
[2024-12-05T07:04:44.230+0000] {processor.py:925} INFO - DAG(s) 'example_dynamic_task_mapping' retrieved from /home/airflow/.local/lib/python3.12/site-packages/airflow/example_dags/example_dynamic_task_mapping.py
[2024-12-05T07:04:44.245+0000] {logging_mixin.py:190} INFO - [2024-12-05T07:04:44.245+0000] {dag.py:3239} INFO - Sync 1 DAGs
[2024-12-05T07:04:44.256+0000] {logging_mixin.py:190} INFO - [2024-12-05T07:04:44.256+0000] {dag.py:4180} INFO - Setting next_dagrun for example_dynamic_task_mapping to None, run_after=None
[2024-12-05T07:04:44.270+0000] {processor.py:208} INFO - Processing /home/airflow/.local/lib/python3.12/site-packages/airflow/example_dags/example_dynamic_task_mapping.py took 0.053 seconds
[2024-12-05T07:05:15.295+0000] {processor.py:186} INFO - Started process (PID=35386) to work on /home/airflow/.local/lib/python3.12/site-packages/airflow/example_dags/example_dynamic_task_mapping.py
[2024-12-05T07:05:15.295+0000] {processor.py:914} INFO - Processing file /home/airflow/.local/lib/python3.12/site-packages/airflow/example_dags/example_dynamic_task_mapping.py for tasks to queue
[2024-12-05T07:05:15.297+0000] {logging_mixin.py:190} INFO - [2024-12-05T07:05:15.297+0000] {dagbag.py:588} INFO - Filling up the DagBag from /home/airflow/.local/lib/python3.12/site-packages/airflow/example_dags/example_dynamic_task_mapping.py
[2024-12-05T07:05:15.302+0000] {processor.py:925} INFO - DAG(s) 'example_dynamic_task_mapping' retrieved from /home/airflow/.local/lib/python3.12/site-packages/airflow/example_dags/example_dynamic_task_mapping.py
[2024-12-05T07:05:15.315+0000] {logging_mixin.py:190} INFO - [2024-12-05T07:05:15.315+0000] {dag.py:3239} INFO - Sync 1 DAGs
[2024-12-05T07:05:15.325+0000] {logging_mixin.py:190} INFO - [2024-12-05T07:05:15.325+0000] {dag.py:4180} INFO - Setting next_dagrun for example_dynamic_task_mapping to None, run_after=None
[2024-12-05T07:05:15.336+0000] {processor.py:208} INFO - Processing /home/airflow/.local/lib/python3.12/site-packages/airflow/example_dags/example_dynamic_task_mapping.py took 0.045 seconds
[2024-12-05T07:05:45.800+0000] {processor.py:186} INFO - Started process (PID=35449) to work on /home/airflow/.local/lib/python3.12/site-packages/airflow/example_dags/example_dynamic_task_mapping.py
[2024-12-05T07:05:45.800+0000] {processor.py:914} INFO - Processing file /home/airflow/.local/lib/python3.12/site-packages/airflow/example_dags/example_dynamic_task_mapping.py for tasks to queue
[2024-12-05T07:05:45.802+0000] {logging_mixin.py:190} INFO - [2024-12-05T07:05:45.802+0000] {dagbag.py:588} INFO - Filling up the DagBag from /home/airflow/.local/lib/python3.12/site-packages/airflow/example_dags/example_dynamic_task_mapping.py
[2024-12-05T07:05:45.808+0000] {processor.py:925} INFO - DAG(s) 'example_dynamic_task_mapping' retrieved from /home/airflow/.local/lib/python3.12/site-packages/airflow/example_dags/example_dynamic_task_mapping.py
[2024-12-05T07:05:45.823+0000] {logging_mixin.py:190} INFO - [2024-12-05T07:05:45.823+0000] {dag.py:3239} INFO - Sync 1 DAGs
[2024-12-05T07:05:45.834+0000] {logging_mixin.py:190} INFO - [2024-12-05T07:05:45.834+0000] {dag.py:4180} INFO - Setting next_dagrun for example_dynamic_task_mapping to None, run_after=None
[2024-12-05T07:05:45.846+0000] {processor.py:208} INFO - Processing /home/airflow/.local/lib/python3.12/site-packages/airflow/example_dags/example_dynamic_task_mapping.py took 0.051 seconds
[2024-12-05T07:06:15.999+0000] {processor.py:186} INFO - Started process (PID=35512) to work on /home/airflow/.local/lib/python3.12/site-packages/airflow/example_dags/example_dynamic_task_mapping.py
[2024-12-05T07:06:16.000+0000] {processor.py:914} INFO - Processing file /home/airflow/.local/lib/python3.12/site-packages/airflow/example_dags/example_dynamic_task_mapping.py for tasks to queue
[2024-12-05T07:06:16.002+0000] {logging_mixin.py:190} INFO - [2024-12-05T07:06:16.002+0000] {dagbag.py:588} INFO - Filling up the DagBag from /home/airflow/.local/lib/python3.12/site-packages/airflow/example_dags/example_dynamic_task_mapping.py
[2024-12-05T07:06:16.007+0000] {processor.py:925} INFO - DAG(s) 'example_dynamic_task_mapping' retrieved from /home/airflow/.local/lib/python3.12/site-packages/airflow/example_dags/example_dynamic_task_mapping.py
[2024-12-05T07:06:16.022+0000] {logging_mixin.py:190} INFO - [2024-12-05T07:06:16.022+0000] {dag.py:3239} INFO - Sync 1 DAGs
[2024-12-05T07:06:16.033+0000] {logging_mixin.py:190} INFO - [2024-12-05T07:06:16.033+0000] {dag.py:4180} INFO - Setting next_dagrun for example_dynamic_task_mapping to None, run_after=None
[2024-12-05T07:06:16.046+0000] {processor.py:208} INFO - Processing /home/airflow/.local/lib/python3.12/site-packages/airflow/example_dags/example_dynamic_task_mapping.py took 0.050 seconds
[2024-12-05T07:06:46.741+0000] {processor.py:186} INFO - Started process (PID=35576) to work on /home/airflow/.local/lib/python3.12/site-packages/airflow/example_dags/example_dynamic_task_mapping.py
[2024-12-05T07:06:46.742+0000] {processor.py:914} INFO - Processing file /home/airflow/.local/lib/python3.12/site-packages/airflow/example_dags/example_dynamic_task_mapping.py for tasks to queue
[2024-12-05T07:06:46.744+0000] {logging_mixin.py:190} INFO - [2024-12-05T07:06:46.744+0000] {dagbag.py:588} INFO - Filling up the DagBag from /home/airflow/.local/lib/python3.12/site-packages/airflow/example_dags/example_dynamic_task_mapping.py
[2024-12-05T07:06:46.749+0000] {processor.py:925} INFO - DAG(s) 'example_dynamic_task_mapping' retrieved from /home/airflow/.local/lib/python3.12/site-packages/airflow/example_dags/example_dynamic_task_mapping.py
[2024-12-05T07:06:46.764+0000] {logging_mixin.py:190} INFO - [2024-12-05T07:06:46.764+0000] {dag.py:3239} INFO - Sync 1 DAGs
[2024-12-05T07:06:46.775+0000] {logging_mixin.py:190} INFO - [2024-12-05T07:06:46.775+0000] {dag.py:4180} INFO - Setting next_dagrun for example_dynamic_task_mapping to None, run_after=None
[2024-12-05T07:06:46.788+0000] {processor.py:208} INFO - Processing /home/airflow/.local/lib/python3.12/site-packages/airflow/example_dags/example_dynamic_task_mapping.py took 0.051 seconds
[2024-12-05T07:07:16.988+0000] {processor.py:186} INFO - Started process (PID=35644) to work on /home/airflow/.local/lib/python3.12/site-packages/airflow/example_dags/example_dynamic_task_mapping.py
[2024-12-05T07:07:16.989+0000] {processor.py:914} INFO - Processing file /home/airflow/.local/lib/python3.12/site-packages/airflow/example_dags/example_dynamic_task_mapping.py for tasks to queue
[2024-12-05T07:07:16.990+0000] {logging_mixin.py:190} INFO - [2024-12-05T07:07:16.990+0000] {dagbag.py:588} INFO - Filling up the DagBag from /home/airflow/.local/lib/python3.12/site-packages/airflow/example_dags/example_dynamic_task_mapping.py
[2024-12-05T07:07:16.996+0000] {processor.py:925} INFO - DAG(s) 'example_dynamic_task_mapping' retrieved from /home/airflow/.local/lib/python3.12/site-packages/airflow/example_dags/example_dynamic_task_mapping.py
[2024-12-05T07:07:17.010+0000] {logging_mixin.py:190} INFO - [2024-12-05T07:07:17.010+0000] {dag.py:3239} INFO - Sync 1 DAGs
[2024-12-05T07:07:17.021+0000] {logging_mixin.py:190} INFO - [2024-12-05T07:07:17.021+0000] {dag.py:4180} INFO - Setting next_dagrun for example_dynamic_task_mapping to None, run_after=None
[2024-12-05T07:07:17.034+0000] {processor.py:208} INFO - Processing /home/airflow/.local/lib/python3.12/site-packages/airflow/example_dags/example_dynamic_task_mapping.py took 0.050 seconds
[2024-12-05T07:07:47.318+0000] {processor.py:186} INFO - Started process (PID=35707) to work on /home/airflow/.local/lib/python3.12/site-packages/airflow/example_dags/example_dynamic_task_mapping.py
[2024-12-05T07:07:47.318+0000] {processor.py:914} INFO - Processing file /home/airflow/.local/lib/python3.12/site-packages/airflow/example_dags/example_dynamic_task_mapping.py for tasks to queue
[2024-12-05T07:07:47.320+0000] {logging_mixin.py:190} INFO - [2024-12-05T07:07:47.320+0000] {dagbag.py:588} INFO - Filling up the DagBag from /home/airflow/.local/lib/python3.12/site-packages/airflow/example_dags/example_dynamic_task_mapping.py
[2024-12-05T07:07:47.326+0000] {processor.py:925} INFO - DAG(s) 'example_dynamic_task_mapping' retrieved from /home/airflow/.local/lib/python3.12/site-packages/airflow/example_dags/example_dynamic_task_mapping.py
[2024-12-05T07:07:47.340+0000] {logging_mixin.py:190} INFO - [2024-12-05T07:07:47.340+0000] {dag.py:3239} INFO - Sync 1 DAGs
[2024-12-05T07:07:47.351+0000] {logging_mixin.py:190} INFO - [2024-12-05T07:07:47.351+0000] {dag.py:4180} INFO - Setting next_dagrun for example_dynamic_task_mapping to None, run_after=None
[2024-12-05T07:07:47.364+0000] {processor.py:208} INFO - Processing /home/airflow/.local/lib/python3.12/site-packages/airflow/example_dags/example_dynamic_task_mapping.py took 0.050 seconds
