[2024-12-05T07:04:17.000+0000] {processor.py:186} INFO - Started process (PID=35300) to work on /home/airflow/.local/lib/python3.12/site-packages/airflow/example_dags/example_dataset_alias_with_no_taskflow.py
[2024-12-05T07:04:17.001+0000] {processor.py:914} INFO - Processing file /home/airflow/.local/lib/python3.12/site-packages/airflow/example_dags/example_dataset_alias_with_no_taskflow.py for tasks to queue
[2024-12-05T07:04:17.003+0000] {logging_mixin.py:190} INFO - [2024-12-05T07:04:17.003+0000] {dagbag.py:588} INFO - Filling up the DagBag from /home/airflow/.local/lib/python3.12/site-packages/airflow/example_dags/example_dataset_alias_with_no_taskflow.py
[2024-12-05T07:04:17.384+0000] {processor.py:925} INFO - DAG(s) 'dataset_alias_example_alias_producer_with_no_taskflow', 'dataset_s3_bucket_consumer_with_no_taskflow', 'dataset_s3_bucket_producer_with_no_taskflow', 'dataset_alias_example_alias_consumer_with_no_taskflow' retrieved from /home/airflow/.local/lib/python3.12/site-packages/airflow/example_dags/example_dataset_alias_with_no_taskflow.py
[2024-12-05T07:04:17.404+0000] {logging_mixin.py:190} INFO - [2024-12-05T07:04:17.403+0000] {dag.py:3239} INFO - Sync 4 DAGs
[2024-12-05T07:04:17.426+0000] {logging_mixin.py:190} INFO - [2024-12-05T07:04:17.426+0000] {dag.py:4180} INFO - Setting next_dagrun for dataset_alias_example_alias_consumer_with_no_taskflow to None, run_after=None
[2024-12-05T07:04:17.429+0000] {logging_mixin.py:190} INFO - [2024-12-05T07:04:17.429+0000] {dag.py:4180} INFO - Setting next_dagrun for dataset_alias_example_alias_producer_with_no_taskflow to None, run_after=None
[2024-12-05T07:04:17.589+0000] {logging_mixin.py:190} INFO - [2024-12-05T07:04:17.588+0000] {dag.py:4180} INFO - Setting next_dagrun for dataset_s3_bucket_consumer_with_no_taskflow to None, run_after=None
[2024-12-05T07:04:17.590+0000] {logging_mixin.py:190} INFO - [2024-12-05T07:04:17.590+0000] {dag.py:4180} INFO - Setting next_dagrun for dataset_s3_bucket_producer_with_no_taskflow to None, run_after=None
[2024-12-05T07:04:17.606+0000] {processor.py:208} INFO - Processing /home/airflow/.local/lib/python3.12/site-packages/airflow/example_dags/example_dataset_alias_with_no_taskflow.py took 0.610 seconds
[2024-12-05T07:04:48.336+0000] {processor.py:186} INFO - Started process (PID=35364) to work on /home/airflow/.local/lib/python3.12/site-packages/airflow/example_dags/example_dataset_alias_with_no_taskflow.py
[2024-12-05T07:04:48.337+0000] {processor.py:914} INFO - Processing file /home/airflow/.local/lib/python3.12/site-packages/airflow/example_dags/example_dataset_alias_with_no_taskflow.py for tasks to queue
[2024-12-05T07:04:48.339+0000] {logging_mixin.py:190} INFO - [2024-12-05T07:04:48.338+0000] {dagbag.py:588} INFO - Filling up the DagBag from /home/airflow/.local/lib/python3.12/site-packages/airflow/example_dags/example_dataset_alias_with_no_taskflow.py
[2024-12-05T07:04:48.650+0000] {processor.py:925} INFO - DAG(s) 'dataset_alias_example_alias_producer_with_no_taskflow', 'dataset_s3_bucket_consumer_with_no_taskflow', 'dataset_alias_example_alias_consumer_with_no_taskflow', 'dataset_s3_bucket_producer_with_no_taskflow' retrieved from /home/airflow/.local/lib/python3.12/site-packages/airflow/example_dags/example_dataset_alias_with_no_taskflow.py
[2024-12-05T07:04:48.665+0000] {logging_mixin.py:190} INFO - [2024-12-05T07:04:48.665+0000] {dag.py:3239} INFO - Sync 4 DAGs
[2024-12-05T07:04:48.683+0000] {logging_mixin.py:190} INFO - [2024-12-05T07:04:48.682+0000] {dag.py:4180} INFO - Setting next_dagrun for dataset_alias_example_alias_consumer_with_no_taskflow to None, run_after=None
[2024-12-05T07:04:48.684+0000] {logging_mixin.py:190} INFO - [2024-12-05T07:04:48.684+0000] {dag.py:4180} INFO - Setting next_dagrun for dataset_alias_example_alias_producer_with_no_taskflow to None, run_after=None
[2024-12-05T07:04:48.685+0000] {logging_mixin.py:190} INFO - [2024-12-05T07:04:48.685+0000] {dag.py:4180} INFO - Setting next_dagrun for dataset_s3_bucket_consumer_with_no_taskflow to None, run_after=None
[2024-12-05T07:04:48.686+0000] {logging_mixin.py:190} INFO - [2024-12-05T07:04:48.686+0000] {dag.py:4180} INFO - Setting next_dagrun for dataset_s3_bucket_producer_with_no_taskflow to None, run_after=None
[2024-12-05T07:04:48.701+0000] {processor.py:208} INFO - Processing /home/airflow/.local/lib/python3.12/site-packages/airflow/example_dags/example_dataset_alias_with_no_taskflow.py took 0.369 seconds
[2024-12-05T07:05:19.211+0000] {processor.py:186} INFO - Started process (PID=35430) to work on /home/airflow/.local/lib/python3.12/site-packages/airflow/example_dags/example_dataset_alias_with_no_taskflow.py
[2024-12-05T07:05:19.212+0000] {processor.py:914} INFO - Processing file /home/airflow/.local/lib/python3.12/site-packages/airflow/example_dags/example_dataset_alias_with_no_taskflow.py for tasks to queue
[2024-12-05T07:05:19.214+0000] {logging_mixin.py:190} INFO - [2024-12-05T07:05:19.214+0000] {dagbag.py:588} INFO - Filling up the DagBag from /home/airflow/.local/lib/python3.12/site-packages/airflow/example_dags/example_dataset_alias_with_no_taskflow.py
[2024-12-05T07:05:19.552+0000] {processor.py:925} INFO - DAG(s) 'dataset_s3_bucket_producer_with_no_taskflow', 'dataset_alias_example_alias_producer_with_no_taskflow', 'dataset_s3_bucket_consumer_with_no_taskflow', 'dataset_alias_example_alias_consumer_with_no_taskflow' retrieved from /home/airflow/.local/lib/python3.12/site-packages/airflow/example_dags/example_dataset_alias_with_no_taskflow.py
[2024-12-05T07:05:19.570+0000] {logging_mixin.py:190} INFO - [2024-12-05T07:05:19.569+0000] {dag.py:3239} INFO - Sync 4 DAGs
[2024-12-05T07:05:19.590+0000] {logging_mixin.py:190} INFO - [2024-12-05T07:05:19.590+0000] {dag.py:4180} INFO - Setting next_dagrun for dataset_alias_example_alias_consumer_with_no_taskflow to None, run_after=None
[2024-12-05T07:05:19.593+0000] {logging_mixin.py:190} INFO - [2024-12-05T07:05:19.593+0000] {dag.py:4180} INFO - Setting next_dagrun for dataset_alias_example_alias_producer_with_no_taskflow to None, run_after=None
[2024-12-05T07:05:19.594+0000] {logging_mixin.py:190} INFO - [2024-12-05T07:05:19.594+0000] {dag.py:4180} INFO - Setting next_dagrun for dataset_s3_bucket_consumer_with_no_taskflow to None, run_after=None
[2024-12-05T07:05:19.595+0000] {logging_mixin.py:190} INFO - [2024-12-05T07:05:19.595+0000] {dag.py:4180} INFO - Setting next_dagrun for dataset_s3_bucket_producer_with_no_taskflow to None, run_after=None
[2024-12-05T07:05:19.614+0000] {processor.py:208} INFO - Processing /home/airflow/.local/lib/python3.12/site-packages/airflow/example_dags/example_dataset_alias_with_no_taskflow.py took 0.406 seconds
[2024-12-05T07:05:50.282+0000] {processor.py:186} INFO - Started process (PID=35494) to work on /home/airflow/.local/lib/python3.12/site-packages/airflow/example_dags/example_dataset_alias_with_no_taskflow.py
[2024-12-05T07:05:50.283+0000] {processor.py:914} INFO - Processing file /home/airflow/.local/lib/python3.12/site-packages/airflow/example_dags/example_dataset_alias_with_no_taskflow.py for tasks to queue
[2024-12-05T07:05:50.284+0000] {logging_mixin.py:190} INFO - [2024-12-05T07:05:50.284+0000] {dagbag.py:588} INFO - Filling up the DagBag from /home/airflow/.local/lib/python3.12/site-packages/airflow/example_dags/example_dataset_alias_with_no_taskflow.py
[2024-12-05T07:05:50.599+0000] {processor.py:925} INFO - DAG(s) 'dataset_s3_bucket_consumer_with_no_taskflow', 'dataset_s3_bucket_producer_with_no_taskflow', 'dataset_alias_example_alias_consumer_with_no_taskflow', 'dataset_alias_example_alias_producer_with_no_taskflow' retrieved from /home/airflow/.local/lib/python3.12/site-packages/airflow/example_dags/example_dataset_alias_with_no_taskflow.py
[2024-12-05T07:05:50.750+0000] {logging_mixin.py:190} INFO - [2024-12-05T07:05:50.749+0000] {dag.py:3239} INFO - Sync 4 DAGs
[2024-12-05T07:05:50.766+0000] {logging_mixin.py:190} INFO - [2024-12-05T07:05:50.766+0000] {dag.py:4180} INFO - Setting next_dagrun for dataset_alias_example_alias_consumer_with_no_taskflow to None, run_after=None
[2024-12-05T07:05:50.768+0000] {logging_mixin.py:190} INFO - [2024-12-05T07:05:50.768+0000] {dag.py:4180} INFO - Setting next_dagrun for dataset_alias_example_alias_producer_with_no_taskflow to None, run_after=None
[2024-12-05T07:05:50.769+0000] {logging_mixin.py:190} INFO - [2024-12-05T07:05:50.769+0000] {dag.py:4180} INFO - Setting next_dagrun for dataset_s3_bucket_consumer_with_no_taskflow to None, run_after=None
[2024-12-05T07:05:50.770+0000] {logging_mixin.py:190} INFO - [2024-12-05T07:05:50.770+0000] {dag.py:4180} INFO - Setting next_dagrun for dataset_s3_bucket_producer_with_no_taskflow to None, run_after=None
[2024-12-05T07:05:50.786+0000] {processor.py:208} INFO - Processing /home/airflow/.local/lib/python3.12/site-packages/airflow/example_dags/example_dataset_alias_with_no_taskflow.py took 0.508 seconds
[2024-12-05T07:06:20.891+0000] {processor.py:186} INFO - Started process (PID=35563) to work on /home/airflow/.local/lib/python3.12/site-packages/airflow/example_dags/example_dataset_alias_with_no_taskflow.py
[2024-12-05T07:06:20.891+0000] {processor.py:914} INFO - Processing file /home/airflow/.local/lib/python3.12/site-packages/airflow/example_dags/example_dataset_alias_with_no_taskflow.py for tasks to queue
[2024-12-05T07:06:20.893+0000] {logging_mixin.py:190} INFO - [2024-12-05T07:06:20.893+0000] {dagbag.py:588} INFO - Filling up the DagBag from /home/airflow/.local/lib/python3.12/site-packages/airflow/example_dags/example_dataset_alias_with_no_taskflow.py
[2024-12-05T07:06:21.212+0000] {processor.py:925} INFO - DAG(s) 'dataset_s3_bucket_consumer_with_no_taskflow', 'dataset_alias_example_alias_producer_with_no_taskflow', 'dataset_alias_example_alias_consumer_with_no_taskflow', 'dataset_s3_bucket_producer_with_no_taskflow' retrieved from /home/airflow/.local/lib/python3.12/site-packages/airflow/example_dags/example_dataset_alias_with_no_taskflow.py
[2024-12-05T07:06:21.391+0000] {logging_mixin.py:190} INFO - [2024-12-05T07:06:21.391+0000] {dag.py:3239} INFO - Sync 4 DAGs
[2024-12-05T07:06:21.409+0000] {logging_mixin.py:190} INFO - [2024-12-05T07:06:21.409+0000] {dag.py:4180} INFO - Setting next_dagrun for dataset_alias_example_alias_consumer_with_no_taskflow to None, run_after=None
[2024-12-05T07:06:21.411+0000] {logging_mixin.py:190} INFO - [2024-12-05T07:06:21.411+0000] {dag.py:4180} INFO - Setting next_dagrun for dataset_alias_example_alias_producer_with_no_taskflow to None, run_after=None
[2024-12-05T07:06:21.413+0000] {logging_mixin.py:190} INFO - [2024-12-05T07:06:21.412+0000] {dag.py:4180} INFO - Setting next_dagrun for dataset_s3_bucket_consumer_with_no_taskflow to None, run_after=None
[2024-12-05T07:06:21.414+0000] {logging_mixin.py:190} INFO - [2024-12-05T07:06:21.414+0000] {dag.py:4180} INFO - Setting next_dagrun for dataset_s3_bucket_producer_with_no_taskflow to None, run_after=None
[2024-12-05T07:06:21.430+0000] {processor.py:208} INFO - Processing /home/airflow/.local/lib/python3.12/site-packages/airflow/example_dags/example_dataset_alias_with_no_taskflow.py took 0.544 seconds
[2024-12-05T07:06:51.485+0000] {processor.py:186} INFO - Started process (PID=35626) to work on /home/airflow/.local/lib/python3.12/site-packages/airflow/example_dags/example_dataset_alias_with_no_taskflow.py
[2024-12-05T07:06:51.486+0000] {processor.py:914} INFO - Processing file /home/airflow/.local/lib/python3.12/site-packages/airflow/example_dags/example_dataset_alias_with_no_taskflow.py for tasks to queue
[2024-12-05T07:06:51.487+0000] {logging_mixin.py:190} INFO - [2024-12-05T07:06:51.487+0000] {dagbag.py:588} INFO - Filling up the DagBag from /home/airflow/.local/lib/python3.12/site-packages/airflow/example_dags/example_dataset_alias_with_no_taskflow.py
[2024-12-05T07:06:51.804+0000] {processor.py:925} INFO - DAG(s) 'dataset_s3_bucket_producer_with_no_taskflow', 'dataset_alias_example_alias_consumer_with_no_taskflow', 'dataset_s3_bucket_consumer_with_no_taskflow', 'dataset_alias_example_alias_producer_with_no_taskflow' retrieved from /home/airflow/.local/lib/python3.12/site-packages/airflow/example_dags/example_dataset_alias_with_no_taskflow.py
[2024-12-05T07:06:51.820+0000] {logging_mixin.py:190} INFO - [2024-12-05T07:06:51.819+0000] {dag.py:3239} INFO - Sync 4 DAGs
[2024-12-05T07:06:51.982+0000] {logging_mixin.py:190} INFO - [2024-12-05T07:06:51.982+0000] {dag.py:4180} INFO - Setting next_dagrun for dataset_alias_example_alias_consumer_with_no_taskflow to None, run_after=None
[2024-12-05T07:06:51.984+0000] {logging_mixin.py:190} INFO - [2024-12-05T07:06:51.984+0000] {dag.py:4180} INFO - Setting next_dagrun for dataset_alias_example_alias_producer_with_no_taskflow to None, run_after=None
[2024-12-05T07:06:51.985+0000] {logging_mixin.py:190} INFO - [2024-12-05T07:06:51.985+0000] {dag.py:4180} INFO - Setting next_dagrun for dataset_s3_bucket_consumer_with_no_taskflow to None, run_after=None
[2024-12-05T07:06:51.986+0000] {logging_mixin.py:190} INFO - [2024-12-05T07:06:51.986+0000] {dag.py:4180} INFO - Setting next_dagrun for dataset_s3_bucket_producer_with_no_taskflow to None, run_after=None
[2024-12-05T07:06:52.001+0000] {processor.py:208} INFO - Processing /home/airflow/.local/lib/python3.12/site-packages/airflow/example_dags/example_dataset_alias_with_no_taskflow.py took 0.520 seconds
[2024-12-05T07:07:22.305+0000] {processor.py:186} INFO - Started process (PID=35689) to work on /home/airflow/.local/lib/python3.12/site-packages/airflow/example_dags/example_dataset_alias_with_no_taskflow.py
[2024-12-05T07:07:22.305+0000] {processor.py:914} INFO - Processing file /home/airflow/.local/lib/python3.12/site-packages/airflow/example_dags/example_dataset_alias_with_no_taskflow.py for tasks to queue
[2024-12-05T07:07:22.307+0000] {logging_mixin.py:190} INFO - [2024-12-05T07:07:22.307+0000] {dagbag.py:588} INFO - Filling up the DagBag from /home/airflow/.local/lib/python3.12/site-packages/airflow/example_dags/example_dataset_alias_with_no_taskflow.py
[2024-12-05T07:07:22.619+0000] {processor.py:925} INFO - DAG(s) 'dataset_s3_bucket_consumer_with_no_taskflow', 'dataset_s3_bucket_producer_with_no_taskflow', 'dataset_alias_example_alias_consumer_with_no_taskflow', 'dataset_alias_example_alias_producer_with_no_taskflow' retrieved from /home/airflow/.local/lib/python3.12/site-packages/airflow/example_dags/example_dataset_alias_with_no_taskflow.py
[2024-12-05T07:07:22.636+0000] {logging_mixin.py:190} INFO - [2024-12-05T07:07:22.636+0000] {dag.py:3239} INFO - Sync 4 DAGs
[2024-12-05T07:07:22.820+0000] {logging_mixin.py:190} INFO - [2024-12-05T07:07:22.820+0000] {dag.py:4180} INFO - Setting next_dagrun for dataset_alias_example_alias_consumer_with_no_taskflow to None, run_after=None
[2024-12-05T07:07:22.823+0000] {logging_mixin.py:190} INFO - [2024-12-05T07:07:22.823+0000] {dag.py:4180} INFO - Setting next_dagrun for dataset_alias_example_alias_producer_with_no_taskflow to None, run_after=None
[2024-12-05T07:07:22.824+0000] {logging_mixin.py:190} INFO - [2024-12-05T07:07:22.824+0000] {dag.py:4180} INFO - Setting next_dagrun for dataset_s3_bucket_consumer_with_no_taskflow to None, run_after=None
[2024-12-05T07:07:22.825+0000] {logging_mixin.py:190} INFO - [2024-12-05T07:07:22.825+0000] {dag.py:4180} INFO - Setting next_dagrun for dataset_s3_bucket_producer_with_no_taskflow to None, run_after=None
[2024-12-05T07:07:22.841+0000] {processor.py:208} INFO - Processing /home/airflow/.local/lib/python3.12/site-packages/airflow/example_dags/example_dataset_alias_with_no_taskflow.py took 0.540 seconds
[2024-12-05T07:07:53.169+0000] {processor.py:186} INFO - Started process (PID=35752) to work on /home/airflow/.local/lib/python3.12/site-packages/airflow/example_dags/example_dataset_alias_with_no_taskflow.py
[2024-12-05T07:07:53.170+0000] {processor.py:914} INFO - Processing file /home/airflow/.local/lib/python3.12/site-packages/airflow/example_dags/example_dataset_alias_with_no_taskflow.py for tasks to queue
[2024-12-05T07:07:53.172+0000] {logging_mixin.py:190} INFO - [2024-12-05T07:07:53.172+0000] {dagbag.py:588} INFO - Filling up the DagBag from /home/airflow/.local/lib/python3.12/site-packages/airflow/example_dags/example_dataset_alias_with_no_taskflow.py
[2024-12-05T07:07:53.652+0000] {processor.py:925} INFO - DAG(s) 'dataset_s3_bucket_producer_with_no_taskflow', 'dataset_alias_example_alias_consumer_with_no_taskflow', 'dataset_alias_example_alias_producer_with_no_taskflow', 'dataset_s3_bucket_consumer_with_no_taskflow' retrieved from /home/airflow/.local/lib/python3.12/site-packages/airflow/example_dags/example_dataset_alias_with_no_taskflow.py
[2024-12-05T07:07:53.668+0000] {logging_mixin.py:190} INFO - [2024-12-05T07:07:53.667+0000] {dag.py:3239} INFO - Sync 4 DAGs
[2024-12-05T07:07:53.685+0000] {logging_mixin.py:190} INFO - [2024-12-05T07:07:53.685+0000] {dag.py:4180} INFO - Setting next_dagrun for dataset_alias_example_alias_consumer_with_no_taskflow to None, run_after=None
[2024-12-05T07:07:53.687+0000] {logging_mixin.py:190} INFO - [2024-12-05T07:07:53.687+0000] {dag.py:4180} INFO - Setting next_dagrun for dataset_alias_example_alias_producer_with_no_taskflow to None, run_after=None
[2024-12-05T07:07:53.689+0000] {logging_mixin.py:190} INFO - [2024-12-05T07:07:53.688+0000] {dag.py:4180} INFO - Setting next_dagrun for dataset_s3_bucket_consumer_with_no_taskflow to None, run_after=None
[2024-12-05T07:07:53.690+0000] {logging_mixin.py:190} INFO - [2024-12-05T07:07:53.690+0000] {dag.py:4180} INFO - Setting next_dagrun for dataset_s3_bucket_producer_with_no_taskflow to None, run_after=None
[2024-12-05T07:07:53.706+0000] {processor.py:208} INFO - Processing /home/airflow/.local/lib/python3.12/site-packages/airflow/example_dags/example_dataset_alias_with_no_taskflow.py took 0.541 seconds
