[2024-12-05T07:04:14.987+0000] {processor.py:186} INFO - Started process (PID=35272) to work on /home/airflow/.local/lib/python3.12/site-packages/airflow/example_dags/example_python_decorator.py
[2024-12-05T07:04:14.988+0000] {processor.py:914} INFO - Processing file /home/airflow/.local/lib/python3.12/site-packages/airflow/example_dags/example_python_decorator.py for tasks to queue
[2024-12-05T07:04:14.990+0000] {logging_mixin.py:190} INFO - [2024-12-05T07:04:14.990+0000] {dagbag.py:588} INFO - Filling up the DagBag from /home/airflow/.local/lib/python3.12/site-packages/airflow/example_dags/example_python_decorator.py
[2024-12-05T07:04:15.005+0000] {processor.py:925} INFO - DAG(s) 'example_python_decorator' retrieved from /home/airflow/.local/lib/python3.12/site-packages/airflow/example_dags/example_python_decorator.py
[2024-12-05T07:04:15.023+0000] {logging_mixin.py:190} INFO - [2024-12-05T07:04:15.023+0000] {dag.py:3239} INFO - Sync 1 DAGs
[2024-12-05T07:04:15.035+0000] {logging_mixin.py:190} INFO - [2024-12-05T07:04:15.034+0000] {dag.py:4180} INFO - Setting next_dagrun for example_python_decorator to None, run_after=None
[2024-12-05T07:04:15.049+0000] {processor.py:208} INFO - Processing /home/airflow/.local/lib/python3.12/site-packages/airflow/example_dags/example_python_decorator.py took 0.066 seconds
[2024-12-05T07:04:46.176+0000] {processor.py:186} INFO - Started process (PID=35335) to work on /home/airflow/.local/lib/python3.12/site-packages/airflow/example_dags/example_python_decorator.py
[2024-12-05T07:04:46.176+0000] {processor.py:914} INFO - Processing file /home/airflow/.local/lib/python3.12/site-packages/airflow/example_dags/example_python_decorator.py for tasks to queue
[2024-12-05T07:04:46.178+0000] {logging_mixin.py:190} INFO - [2024-12-05T07:04:46.178+0000] {dagbag.py:588} INFO - Filling up the DagBag from /home/airflow/.local/lib/python3.12/site-packages/airflow/example_dags/example_python_decorator.py
[2024-12-05T07:04:46.189+0000] {processor.py:925} INFO - DAG(s) 'example_python_decorator' retrieved from /home/airflow/.local/lib/python3.12/site-packages/airflow/example_dags/example_python_decorator.py
[2024-12-05T07:04:46.209+0000] {logging_mixin.py:190} INFO - [2024-12-05T07:04:46.209+0000] {dag.py:3239} INFO - Sync 1 DAGs
[2024-12-05T07:04:46.222+0000] {logging_mixin.py:190} INFO - [2024-12-05T07:04:46.222+0000] {dag.py:4180} INFO - Setting next_dagrun for example_python_decorator to None, run_after=None
[2024-12-05T07:04:46.236+0000] {processor.py:208} INFO - Processing /home/airflow/.local/lib/python3.12/site-packages/airflow/example_dags/example_python_decorator.py took 0.064 seconds
[2024-12-05T07:05:16.988+0000] {processor.py:186} INFO - Started process (PID=35398) to work on /home/airflow/.local/lib/python3.12/site-packages/airflow/example_dags/example_python_decorator.py
[2024-12-05T07:05:16.988+0000] {processor.py:914} INFO - Processing file /home/airflow/.local/lib/python3.12/site-packages/airflow/example_dags/example_python_decorator.py for tasks to queue
[2024-12-05T07:05:16.990+0000] {logging_mixin.py:190} INFO - [2024-12-05T07:05:16.990+0000] {dagbag.py:588} INFO - Filling up the DagBag from /home/airflow/.local/lib/python3.12/site-packages/airflow/example_dags/example_python_decorator.py
[2024-12-05T07:05:17.000+0000] {processor.py:925} INFO - DAG(s) 'example_python_decorator' retrieved from /home/airflow/.local/lib/python3.12/site-packages/airflow/example_dags/example_python_decorator.py
[2024-12-05T07:05:17.015+0000] {logging_mixin.py:190} INFO - [2024-12-05T07:05:17.015+0000] {dag.py:3239} INFO - Sync 1 DAGs
[2024-12-05T07:05:17.025+0000] {logging_mixin.py:190} INFO - [2024-12-05T07:05:17.025+0000] {dag.py:4180} INFO - Setting next_dagrun for example_python_decorator to None, run_after=None
[2024-12-05T07:05:17.037+0000] {processor.py:208} INFO - Processing /home/airflow/.local/lib/python3.12/site-packages/airflow/example_dags/example_python_decorator.py took 0.054 seconds
[2024-12-05T07:05:47.493+0000] {processor.py:186} INFO - Started process (PID=35461) to work on /home/airflow/.local/lib/python3.12/site-packages/airflow/example_dags/example_python_decorator.py
[2024-12-05T07:05:47.493+0000] {processor.py:914} INFO - Processing file /home/airflow/.local/lib/python3.12/site-packages/airflow/example_dags/example_python_decorator.py for tasks to queue
[2024-12-05T07:05:47.495+0000] {logging_mixin.py:190} INFO - [2024-12-05T07:05:47.495+0000] {dagbag.py:588} INFO - Filling up the DagBag from /home/airflow/.local/lib/python3.12/site-packages/airflow/example_dags/example_python_decorator.py
[2024-12-05T07:05:47.505+0000] {processor.py:925} INFO - DAG(s) 'example_python_decorator' retrieved from /home/airflow/.local/lib/python3.12/site-packages/airflow/example_dags/example_python_decorator.py
[2024-12-05T07:05:47.522+0000] {logging_mixin.py:190} INFO - [2024-12-05T07:05:47.521+0000] {dag.py:3239} INFO - Sync 1 DAGs
[2024-12-05T07:05:47.533+0000] {logging_mixin.py:190} INFO - [2024-12-05T07:05:47.533+0000] {dag.py:4180} INFO - Setting next_dagrun for example_python_decorator to None, run_after=None
[2024-12-05T07:05:47.548+0000] {processor.py:208} INFO - Processing /home/airflow/.local/lib/python3.12/site-packages/airflow/example_dags/example_python_decorator.py took 0.059 seconds
[2024-12-05T07:06:17.588+0000] {processor.py:186} INFO - Started process (PID=35523) to work on /home/airflow/.local/lib/python3.12/site-packages/airflow/example_dags/example_python_decorator.py
[2024-12-05T07:06:17.589+0000] {processor.py:914} INFO - Processing file /home/airflow/.local/lib/python3.12/site-packages/airflow/example_dags/example_python_decorator.py for tasks to queue
[2024-12-05T07:06:17.590+0000] {logging_mixin.py:190} INFO - [2024-12-05T07:06:17.590+0000] {dagbag.py:588} INFO - Filling up the DagBag from /home/airflow/.local/lib/python3.12/site-packages/airflow/example_dags/example_python_decorator.py
[2024-12-05T07:06:17.600+0000] {processor.py:925} INFO - DAG(s) 'example_python_decorator' retrieved from /home/airflow/.local/lib/python3.12/site-packages/airflow/example_dags/example_python_decorator.py
[2024-12-05T07:06:17.616+0000] {logging_mixin.py:190} INFO - [2024-12-05T07:06:17.616+0000] {dag.py:3239} INFO - Sync 1 DAGs
[2024-12-05T07:06:17.626+0000] {logging_mixin.py:190} INFO - [2024-12-05T07:06:17.626+0000] {dag.py:4180} INFO - Setting next_dagrun for example_python_decorator to None, run_after=None
[2024-12-05T07:06:17.639+0000] {processor.py:208} INFO - Processing /home/airflow/.local/lib/python3.12/site-packages/airflow/example_dags/example_python_decorator.py took 0.054 seconds
[2024-12-05T07:06:47.781+0000] {processor.py:186} INFO - Started process (PID=35597) to work on /home/airflow/.local/lib/python3.12/site-packages/airflow/example_dags/example_python_decorator.py
[2024-12-05T07:06:47.781+0000] {processor.py:914} INFO - Processing file /home/airflow/.local/lib/python3.12/site-packages/airflow/example_dags/example_python_decorator.py for tasks to queue
[2024-12-05T07:06:47.783+0000] {logging_mixin.py:190} INFO - [2024-12-05T07:06:47.783+0000] {dagbag.py:588} INFO - Filling up the DagBag from /home/airflow/.local/lib/python3.12/site-packages/airflow/example_dags/example_python_decorator.py
[2024-12-05T07:06:47.792+0000] {processor.py:925} INFO - DAG(s) 'example_python_decorator' retrieved from /home/airflow/.local/lib/python3.12/site-packages/airflow/example_dags/example_python_decorator.py
[2024-12-05T07:06:47.808+0000] {logging_mixin.py:190} INFO - [2024-12-05T07:06:47.808+0000] {dag.py:3239} INFO - Sync 1 DAGs
[2024-12-05T07:06:47.819+0000] {logging_mixin.py:190} INFO - [2024-12-05T07:06:47.819+0000] {dag.py:4180} INFO - Setting next_dagrun for example_python_decorator to None, run_after=None
[2024-12-05T07:06:47.833+0000] {processor.py:208} INFO - Processing /home/airflow/.local/lib/python3.12/site-packages/airflow/example_dags/example_python_decorator.py took 0.056 seconds
[2024-12-05T07:07:18.250+0000] {processor.py:186} INFO - Started process (PID=35666) to work on /home/airflow/.local/lib/python3.12/site-packages/airflow/example_dags/example_python_decorator.py
[2024-12-05T07:07:18.251+0000] {processor.py:914} INFO - Processing file /home/airflow/.local/lib/python3.12/site-packages/airflow/example_dags/example_python_decorator.py for tasks to queue
[2024-12-05T07:07:18.252+0000] {logging_mixin.py:190} INFO - [2024-12-05T07:07:18.252+0000] {dagbag.py:588} INFO - Filling up the DagBag from /home/airflow/.local/lib/python3.12/site-packages/airflow/example_dags/example_python_decorator.py
[2024-12-05T07:07:18.262+0000] {processor.py:925} INFO - DAG(s) 'example_python_decorator' retrieved from /home/airflow/.local/lib/python3.12/site-packages/airflow/example_dags/example_python_decorator.py
[2024-12-05T07:07:18.279+0000] {logging_mixin.py:190} INFO - [2024-12-05T07:07:18.279+0000] {dag.py:3239} INFO - Sync 1 DAGs
[2024-12-05T07:07:18.290+0000] {logging_mixin.py:190} INFO - [2024-12-05T07:07:18.290+0000] {dag.py:4180} INFO - Setting next_dagrun for example_python_decorator to None, run_after=None
[2024-12-05T07:07:18.303+0000] {processor.py:208} INFO - Processing /home/airflow/.local/lib/python3.12/site-packages/airflow/example_dags/example_python_decorator.py took 0.057 seconds
[2024-12-05T07:07:48.673+0000] {processor.py:186} INFO - Started process (PID=35729) to work on /home/airflow/.local/lib/python3.12/site-packages/airflow/example_dags/example_python_decorator.py
[2024-12-05T07:07:48.673+0000] {processor.py:914} INFO - Processing file /home/airflow/.local/lib/python3.12/site-packages/airflow/example_dags/example_python_decorator.py for tasks to queue
[2024-12-05T07:07:48.675+0000] {logging_mixin.py:190} INFO - [2024-12-05T07:07:48.675+0000] {dagbag.py:588} INFO - Filling up the DagBag from /home/airflow/.local/lib/python3.12/site-packages/airflow/example_dags/example_python_decorator.py
[2024-12-05T07:07:48.685+0000] {processor.py:925} INFO - DAG(s) 'example_python_decorator' retrieved from /home/airflow/.local/lib/python3.12/site-packages/airflow/example_dags/example_python_decorator.py
[2024-12-05T07:07:48.702+0000] {logging_mixin.py:190} INFO - [2024-12-05T07:07:48.702+0000] {dag.py:3239} INFO - Sync 1 DAGs
[2024-12-05T07:07:48.712+0000] {logging_mixin.py:190} INFO - [2024-12-05T07:07:48.712+0000] {dag.py:4180} INFO - Setting next_dagrun for example_python_decorator to None, run_after=None
[2024-12-05T07:07:48.724+0000] {processor.py:208} INFO - Processing /home/airflow/.local/lib/python3.12/site-packages/airflow/example_dags/example_python_decorator.py took 0.056 seconds
