[2024-12-05T07:04:15.908+0000] {processor.py:186} INFO - Started process (PID=35287) to work on /home/airflow/.local/lib/python3.12/site-packages/airflow/example_dags/example_sensor_decorator.py
[2024-12-05T07:04:15.909+0000] {processor.py:914} INFO - Processing file /home/airflow/.local/lib/python3.12/site-packages/airflow/example_dags/example_sensor_decorator.py for tasks to queue
[2024-12-05T07:04:15.911+0000] {logging_mixin.py:190} INFO - [2024-12-05T07:04:15.910+0000] {dagbag.py:588} INFO - Filling up the DagBag from /home/airflow/.local/lib/python3.12/site-packages/airflow/example_dags/example_sensor_decorator.py
[2024-12-05T07:04:15.917+0000] {processor.py:925} INFO - DAG(s) 'example_sensor_decorator' retrieved from /home/airflow/.local/lib/python3.12/site-packages/airflow/example_dags/example_sensor_decorator.py
[2024-12-05T07:04:15.932+0000] {logging_mixin.py:190} INFO - [2024-12-05T07:04:15.932+0000] {dag.py:3239} INFO - Sync 1 DAGs
[2024-12-05T07:04:15.943+0000] {logging_mixin.py:190} INFO - [2024-12-05T07:04:15.943+0000] {dag.py:4180} INFO - Setting next_dagrun for example_sensor_decorator to None, run_after=None
[2024-12-05T07:04:15.958+0000] {processor.py:208} INFO - Processing /home/airflow/.local/lib/python3.12/site-packages/airflow/example_dags/example_sensor_decorator.py took 0.054 seconds
[2024-12-05T07:04:47.286+0000] {processor.py:186} INFO - Started process (PID=35350) to work on /home/airflow/.local/lib/python3.12/site-packages/airflow/example_dags/example_sensor_decorator.py
[2024-12-05T07:04:47.286+0000] {processor.py:914} INFO - Processing file /home/airflow/.local/lib/python3.12/site-packages/airflow/example_dags/example_sensor_decorator.py for tasks to queue
[2024-12-05T07:04:47.288+0000] {logging_mixin.py:190} INFO - [2024-12-05T07:04:47.288+0000] {dagbag.py:588} INFO - Filling up the DagBag from /home/airflow/.local/lib/python3.12/site-packages/airflow/example_dags/example_sensor_decorator.py
[2024-12-05T07:04:47.293+0000] {processor.py:925} INFO - DAG(s) 'example_sensor_decorator' retrieved from /home/airflow/.local/lib/python3.12/site-packages/airflow/example_dags/example_sensor_decorator.py
[2024-12-05T07:04:47.306+0000] {logging_mixin.py:190} INFO - [2024-12-05T07:04:47.306+0000] {dag.py:3239} INFO - Sync 1 DAGs
[2024-12-05T07:04:47.316+0000] {logging_mixin.py:190} INFO - [2024-12-05T07:04:47.316+0000] {dag.py:4180} INFO - Setting next_dagrun for example_sensor_decorator to None, run_after=None
[2024-12-05T07:04:47.327+0000] {processor.py:208} INFO - Processing /home/airflow/.local/lib/python3.12/site-packages/airflow/example_dags/example_sensor_decorator.py took 0.046 seconds
[2024-12-05T07:05:17.794+0000] {processor.py:186} INFO - Started process (PID=35413) to work on /home/airflow/.local/lib/python3.12/site-packages/airflow/example_dags/example_sensor_decorator.py
[2024-12-05T07:05:17.795+0000] {processor.py:914} INFO - Processing file /home/airflow/.local/lib/python3.12/site-packages/airflow/example_dags/example_sensor_decorator.py for tasks to queue
[2024-12-05T07:05:17.797+0000] {logging_mixin.py:190} INFO - [2024-12-05T07:05:17.796+0000] {dagbag.py:588} INFO - Filling up the DagBag from /home/airflow/.local/lib/python3.12/site-packages/airflow/example_dags/example_sensor_decorator.py
[2024-12-05T07:05:17.802+0000] {processor.py:925} INFO - DAG(s) 'example_sensor_decorator' retrieved from /home/airflow/.local/lib/python3.12/site-packages/airflow/example_dags/example_sensor_decorator.py
[2024-12-05T07:05:17.815+0000] {logging_mixin.py:190} INFO - [2024-12-05T07:05:17.815+0000] {dag.py:3239} INFO - Sync 1 DAGs
[2024-12-05T07:05:17.824+0000] {logging_mixin.py:190} INFO - [2024-12-05T07:05:17.824+0000] {dag.py:4180} INFO - Setting next_dagrun for example_sensor_decorator to None, run_after=None
[2024-12-05T07:05:17.836+0000] {processor.py:208} INFO - Processing /home/airflow/.local/lib/python3.12/site-packages/airflow/example_dags/example_sensor_decorator.py took 0.046 seconds
[2024-12-05T07:05:48.939+0000] {processor.py:186} INFO - Started process (PID=35476) to work on /home/airflow/.local/lib/python3.12/site-packages/airflow/example_dags/example_sensor_decorator.py
[2024-12-05T07:05:48.940+0000] {processor.py:914} INFO - Processing file /home/airflow/.local/lib/python3.12/site-packages/airflow/example_dags/example_sensor_decorator.py for tasks to queue
[2024-12-05T07:05:48.942+0000] {logging_mixin.py:190} INFO - [2024-12-05T07:05:48.941+0000] {dagbag.py:588} INFO - Filling up the DagBag from /home/airflow/.local/lib/python3.12/site-packages/airflow/example_dags/example_sensor_decorator.py
[2024-12-05T07:05:48.948+0000] {processor.py:925} INFO - DAG(s) 'example_sensor_decorator' retrieved from /home/airflow/.local/lib/python3.12/site-packages/airflow/example_dags/example_sensor_decorator.py
[2024-12-05T07:05:48.963+0000] {logging_mixin.py:190} INFO - [2024-12-05T07:05:48.963+0000] {dag.py:3239} INFO - Sync 1 DAGs
[2024-12-05T07:05:48.974+0000] {logging_mixin.py:190} INFO - [2024-12-05T07:05:48.973+0000] {dag.py:4180} INFO - Setting next_dagrun for example_sensor_decorator to None, run_after=None
[2024-12-05T07:05:48.987+0000] {processor.py:208} INFO - Processing /home/airflow/.local/lib/python3.12/site-packages/airflow/example_dags/example_sensor_decorator.py took 0.051 seconds
[2024-12-05T07:06:19.724+0000] {processor.py:186} INFO - Started process (PID=35539) to work on /home/airflow/.local/lib/python3.12/site-packages/airflow/example_dags/example_sensor_decorator.py
[2024-12-05T07:06:19.725+0000] {processor.py:914} INFO - Processing file /home/airflow/.local/lib/python3.12/site-packages/airflow/example_dags/example_sensor_decorator.py for tasks to queue
[2024-12-05T07:06:19.726+0000] {logging_mixin.py:190} INFO - [2024-12-05T07:06:19.726+0000] {dagbag.py:588} INFO - Filling up the DagBag from /home/airflow/.local/lib/python3.12/site-packages/airflow/example_dags/example_sensor_decorator.py
[2024-12-05T07:06:19.732+0000] {processor.py:925} INFO - DAG(s) 'example_sensor_decorator' retrieved from /home/airflow/.local/lib/python3.12/site-packages/airflow/example_dags/example_sensor_decorator.py
[2024-12-05T07:06:19.746+0000] {logging_mixin.py:190} INFO - [2024-12-05T07:06:19.746+0000] {dag.py:3239} INFO - Sync 1 DAGs
[2024-12-05T07:06:19.759+0000] {logging_mixin.py:190} INFO - [2024-12-05T07:06:19.758+0000] {dag.py:4180} INFO - Setting next_dagrun for example_sensor_decorator to None, run_after=None
[2024-12-05T07:06:19.776+0000] {processor.py:208} INFO - Processing /home/airflow/.local/lib/python3.12/site-packages/airflow/example_dags/example_sensor_decorator.py took 0.056 seconds
[2024-12-05T07:06:49.946+0000] {processor.py:186} INFO - Started process (PID=35607) to work on /home/airflow/.local/lib/python3.12/site-packages/airflow/example_dags/example_sensor_decorator.py
[2024-12-05T07:06:49.947+0000] {processor.py:914} INFO - Processing file /home/airflow/.local/lib/python3.12/site-packages/airflow/example_dags/example_sensor_decorator.py for tasks to queue
[2024-12-05T07:06:49.948+0000] {logging_mixin.py:190} INFO - [2024-12-05T07:06:49.948+0000] {dagbag.py:588} INFO - Filling up the DagBag from /home/airflow/.local/lib/python3.12/site-packages/airflow/example_dags/example_sensor_decorator.py
[2024-12-05T07:06:49.954+0000] {processor.py:925} INFO - DAG(s) 'example_sensor_decorator' retrieved from /home/airflow/.local/lib/python3.12/site-packages/airflow/example_dags/example_sensor_decorator.py
[2024-12-05T07:06:49.969+0000] {logging_mixin.py:190} INFO - [2024-12-05T07:06:49.968+0000] {dag.py:3239} INFO - Sync 1 DAGs
[2024-12-05T07:06:49.979+0000] {logging_mixin.py:190} INFO - [2024-12-05T07:06:49.979+0000] {dag.py:4180} INFO - Setting next_dagrun for example_sensor_decorator to None, run_after=None
[2024-12-05T07:06:49.992+0000] {processor.py:208} INFO - Processing /home/airflow/.local/lib/python3.12/site-packages/airflow/example_dags/example_sensor_decorator.py took 0.050 seconds
[2024-12-05T07:07:20.376+0000] {processor.py:186} INFO - Started process (PID=35670) to work on /home/airflow/.local/lib/python3.12/site-packages/airflow/example_dags/example_sensor_decorator.py
[2024-12-05T07:07:20.376+0000] {processor.py:914} INFO - Processing file /home/airflow/.local/lib/python3.12/site-packages/airflow/example_dags/example_sensor_decorator.py for tasks to queue
[2024-12-05T07:07:20.378+0000] {logging_mixin.py:190} INFO - [2024-12-05T07:07:20.378+0000] {dagbag.py:588} INFO - Filling up the DagBag from /home/airflow/.local/lib/python3.12/site-packages/airflow/example_dags/example_sensor_decorator.py
[2024-12-05T07:07:20.383+0000] {processor.py:925} INFO - DAG(s) 'example_sensor_decorator' retrieved from /home/airflow/.local/lib/python3.12/site-packages/airflow/example_dags/example_sensor_decorator.py
[2024-12-05T07:07:20.397+0000] {logging_mixin.py:190} INFO - [2024-12-05T07:07:20.397+0000] {dag.py:3239} INFO - Sync 1 DAGs
[2024-12-05T07:07:20.409+0000] {logging_mixin.py:190} INFO - [2024-12-05T07:07:20.409+0000] {dag.py:4180} INFO - Setting next_dagrun for example_sensor_decorator to None, run_after=None
[2024-12-05T07:07:20.422+0000] {processor.py:208} INFO - Processing /home/airflow/.local/lib/python3.12/site-packages/airflow/example_dags/example_sensor_decorator.py took 0.051 seconds
[2024-12-05T07:07:50.825+0000] {processor.py:186} INFO - Started process (PID=35733) to work on /home/airflow/.local/lib/python3.12/site-packages/airflow/example_dags/example_sensor_decorator.py
[2024-12-05T07:07:50.826+0000] {processor.py:914} INFO - Processing file /home/airflow/.local/lib/python3.12/site-packages/airflow/example_dags/example_sensor_decorator.py for tasks to queue
[2024-12-05T07:07:50.828+0000] {logging_mixin.py:190} INFO - [2024-12-05T07:07:50.828+0000] {dagbag.py:588} INFO - Filling up the DagBag from /home/airflow/.local/lib/python3.12/site-packages/airflow/example_dags/example_sensor_decorator.py
[2024-12-05T07:07:50.834+0000] {processor.py:925} INFO - DAG(s) 'example_sensor_decorator' retrieved from /home/airflow/.local/lib/python3.12/site-packages/airflow/example_dags/example_sensor_decorator.py
[2024-12-05T07:07:50.849+0000] {logging_mixin.py:190} INFO - [2024-12-05T07:07:50.849+0000] {dag.py:3239} INFO - Sync 1 DAGs
[2024-12-05T07:07:50.860+0000] {logging_mixin.py:190} INFO - [2024-12-05T07:07:50.860+0000] {dag.py:4180} INFO - Setting next_dagrun for example_sensor_decorator to None, run_after=None
[2024-12-05T07:07:50.874+0000] {processor.py:208} INFO - Processing /home/airflow/.local/lib/python3.12/site-packages/airflow/example_dags/example_sensor_decorator.py took 0.052 seconds
