[2024-12-05T07:04:13.533+0000] {processor.py:186} INFO - Started process (PID=35258) to work on /home/airflow/.local/lib/python3.12/site-packages/airflow/example_dags/example_latest_only.py
[2024-12-05T07:04:13.534+0000] {processor.py:914} INFO - Processing file /home/airflow/.local/lib/python3.12/site-packages/airflow/example_dags/example_latest_only.py for tasks to queue
[2024-12-05T07:04:13.541+0000] {logging_mixin.py:190} INFO - [2024-12-05T07:04:13.539+0000] {dagbag.py:588} INFO - Filling up the DagBag from /home/airflow/.local/lib/python3.12/site-packages/airflow/example_dags/example_latest_only.py
[2024-12-05T07:04:13.550+0000] {processor.py:925} INFO - DAG(s) 'latest_only' retrieved from /home/airflow/.local/lib/python3.12/site-packages/airflow/example_dags/example_latest_only.py
[2024-12-05T07:04:13.592+0000] {logging_mixin.py:190} INFO - [2024-12-05T07:04:13.592+0000] {dag.py:3239} INFO - Sync 1 DAGs
[2024-12-05T07:04:13.634+0000] {logging_mixin.py:190} INFO - [2024-12-05T07:04:13.634+0000] {dag.py:4180} INFO - Setting next_dagrun for latest_only to 2024-12-05 00:00:00+00:00, run_after=2024-12-05 04:00:00+00:00
[2024-12-05T07:04:13.666+0000] {processor.py:208} INFO - Processing /home/airflow/.local/lib/python3.12/site-packages/airflow/example_dags/example_latest_only.py took 0.140 seconds
[2024-12-05T07:04:43.974+0000] {processor.py:186} INFO - Started process (PID=35320) to work on /home/airflow/.local/lib/python3.12/site-packages/airflow/example_dags/example_latest_only.py
[2024-12-05T07:04:43.975+0000] {processor.py:914} INFO - Processing file /home/airflow/.local/lib/python3.12/site-packages/airflow/example_dags/example_latest_only.py for tasks to queue
[2024-12-05T07:04:43.976+0000] {logging_mixin.py:190} INFO - [2024-12-05T07:04:43.976+0000] {dagbag.py:588} INFO - Filling up the DagBag from /home/airflow/.local/lib/python3.12/site-packages/airflow/example_dags/example_latest_only.py
[2024-12-05T07:04:43.981+0000] {processor.py:925} INFO - DAG(s) 'latest_only' retrieved from /home/airflow/.local/lib/python3.12/site-packages/airflow/example_dags/example_latest_only.py
[2024-12-05T07:04:43.996+0000] {logging_mixin.py:190} INFO - [2024-12-05T07:04:43.996+0000] {dag.py:3239} INFO - Sync 1 DAGs
[2024-12-05T07:04:44.016+0000] {logging_mixin.py:190} INFO - [2024-12-05T07:04:44.016+0000] {dag.py:4180} INFO - Setting next_dagrun for latest_only to 2024-12-05 00:00:00+00:00, run_after=2024-12-05 04:00:00+00:00
[2024-12-05T07:04:44.032+0000] {processor.py:208} INFO - Processing /home/airflow/.local/lib/python3.12/site-packages/airflow/example_dags/example_latest_only.py took 0.062 seconds
[2024-12-05T07:05:14.125+0000] {processor.py:186} INFO - Started process (PID=35383) to work on /home/airflow/.local/lib/python3.12/site-packages/airflow/example_dags/example_latest_only.py
[2024-12-05T07:05:14.126+0000] {processor.py:914} INFO - Processing file /home/airflow/.local/lib/python3.12/site-packages/airflow/example_dags/example_latest_only.py for tasks to queue
[2024-12-05T07:05:14.128+0000] {logging_mixin.py:190} INFO - [2024-12-05T07:05:14.128+0000] {dagbag.py:588} INFO - Filling up the DagBag from /home/airflow/.local/lib/python3.12/site-packages/airflow/example_dags/example_latest_only.py
[2024-12-05T07:05:14.134+0000] {processor.py:925} INFO - DAG(s) 'latest_only' retrieved from /home/airflow/.local/lib/python3.12/site-packages/airflow/example_dags/example_latest_only.py
[2024-12-05T07:05:14.151+0000] {logging_mixin.py:190} INFO - [2024-12-05T07:05:14.151+0000] {dag.py:3239} INFO - Sync 1 DAGs
[2024-12-05T07:05:14.171+0000] {logging_mixin.py:190} INFO - [2024-12-05T07:05:14.171+0000] {dag.py:4180} INFO - Setting next_dagrun for latest_only to 2024-12-05 00:00:00+00:00, run_after=2024-12-05 04:00:00+00:00
[2024-12-05T07:05:14.184+0000] {processor.py:208} INFO - Processing /home/airflow/.local/lib/python3.12/site-packages/airflow/example_dags/example_latest_only.py took 0.065 seconds
[2024-12-05T07:05:44.637+0000] {processor.py:186} INFO - Started process (PID=35446) to work on /home/airflow/.local/lib/python3.12/site-packages/airflow/example_dags/example_latest_only.py
[2024-12-05T07:05:44.638+0000] {processor.py:914} INFO - Processing file /home/airflow/.local/lib/python3.12/site-packages/airflow/example_dags/example_latest_only.py for tasks to queue
[2024-12-05T07:05:44.640+0000] {logging_mixin.py:190} INFO - [2024-12-05T07:05:44.640+0000] {dagbag.py:588} INFO - Filling up the DagBag from /home/airflow/.local/lib/python3.12/site-packages/airflow/example_dags/example_latest_only.py
[2024-12-05T07:05:44.645+0000] {processor.py:925} INFO - DAG(s) 'latest_only' retrieved from /home/airflow/.local/lib/python3.12/site-packages/airflow/example_dags/example_latest_only.py
[2024-12-05T07:05:44.660+0000] {logging_mixin.py:190} INFO - [2024-12-05T07:05:44.659+0000] {dag.py:3239} INFO - Sync 1 DAGs
[2024-12-05T07:05:44.677+0000] {logging_mixin.py:190} INFO - [2024-12-05T07:05:44.676+0000] {dag.py:4180} INFO - Setting next_dagrun for latest_only to 2024-12-05 00:00:00+00:00, run_after=2024-12-05 04:00:00+00:00
[2024-12-05T07:05:44.690+0000] {processor.py:208} INFO - Processing /home/airflow/.local/lib/python3.12/site-packages/airflow/example_dags/example_latest_only.py took 0.057 seconds
[2024-12-05T07:06:14.902+0000] {processor.py:186} INFO - Started process (PID=35509) to work on /home/airflow/.local/lib/python3.12/site-packages/airflow/example_dags/example_latest_only.py
[2024-12-05T07:06:14.903+0000] {processor.py:914} INFO - Processing file /home/airflow/.local/lib/python3.12/site-packages/airflow/example_dags/example_latest_only.py for tasks to queue
[2024-12-05T07:06:14.904+0000] {logging_mixin.py:190} INFO - [2024-12-05T07:06:14.904+0000] {dagbag.py:588} INFO - Filling up the DagBag from /home/airflow/.local/lib/python3.12/site-packages/airflow/example_dags/example_latest_only.py
[2024-12-05T07:06:14.909+0000] {processor.py:925} INFO - DAG(s) 'latest_only' retrieved from /home/airflow/.local/lib/python3.12/site-packages/airflow/example_dags/example_latest_only.py
[2024-12-05T07:06:14.923+0000] {logging_mixin.py:190} INFO - [2024-12-05T07:06:14.923+0000] {dag.py:3239} INFO - Sync 1 DAGs
[2024-12-05T07:06:14.941+0000] {logging_mixin.py:190} INFO - [2024-12-05T07:06:14.941+0000] {dag.py:4180} INFO - Setting next_dagrun for latest_only to 2024-12-05 00:00:00+00:00, run_after=2024-12-05 04:00:00+00:00
[2024-12-05T07:06:14.954+0000] {processor.py:208} INFO - Processing /home/airflow/.local/lib/python3.12/site-packages/airflow/example_dags/example_latest_only.py took 0.057 seconds
[2024-12-05T07:06:45.218+0000] {processor.py:186} INFO - Started process (PID=35572) to work on /home/airflow/.local/lib/python3.12/site-packages/airflow/example_dags/example_latest_only.py
[2024-12-05T07:06:45.219+0000] {processor.py:914} INFO - Processing file /home/airflow/.local/lib/python3.12/site-packages/airflow/example_dags/example_latest_only.py for tasks to queue
[2024-12-05T07:06:45.220+0000] {logging_mixin.py:190} INFO - [2024-12-05T07:06:45.220+0000] {dagbag.py:588} INFO - Filling up the DagBag from /home/airflow/.local/lib/python3.12/site-packages/airflow/example_dags/example_latest_only.py
[2024-12-05T07:06:45.225+0000] {processor.py:925} INFO - DAG(s) 'latest_only' retrieved from /home/airflow/.local/lib/python3.12/site-packages/airflow/example_dags/example_latest_only.py
[2024-12-05T07:06:45.240+0000] {logging_mixin.py:190} INFO - [2024-12-05T07:06:45.240+0000] {dag.py:3239} INFO - Sync 1 DAGs
[2024-12-05T07:06:45.258+0000] {logging_mixin.py:190} INFO - [2024-12-05T07:06:45.258+0000] {dag.py:4180} INFO - Setting next_dagrun for latest_only to 2024-12-05 00:00:00+00:00, run_after=2024-12-05 04:00:00+00:00
[2024-12-05T07:06:45.271+0000] {processor.py:208} INFO - Processing /home/airflow/.local/lib/python3.12/site-packages/airflow/example_dags/example_latest_only.py took 0.057 seconds
[2024-12-05T07:07:15.836+0000] {processor.py:186} INFO - Started process (PID=35641) to work on /home/airflow/.local/lib/python3.12/site-packages/airflow/example_dags/example_latest_only.py
[2024-12-05T07:07:15.837+0000] {processor.py:914} INFO - Processing file /home/airflow/.local/lib/python3.12/site-packages/airflow/example_dags/example_latest_only.py for tasks to queue
[2024-12-05T07:07:15.838+0000] {logging_mixin.py:190} INFO - [2024-12-05T07:07:15.838+0000] {dagbag.py:588} INFO - Filling up the DagBag from /home/airflow/.local/lib/python3.12/site-packages/airflow/example_dags/example_latest_only.py
[2024-12-05T07:07:15.843+0000] {processor.py:925} INFO - DAG(s) 'latest_only' retrieved from /home/airflow/.local/lib/python3.12/site-packages/airflow/example_dags/example_latest_only.py
[2024-12-05T07:07:15.858+0000] {logging_mixin.py:190} INFO - [2024-12-05T07:07:15.858+0000] {dag.py:3239} INFO - Sync 1 DAGs
[2024-12-05T07:07:15.876+0000] {logging_mixin.py:190} INFO - [2024-12-05T07:07:15.876+0000] {dag.py:4180} INFO - Setting next_dagrun for latest_only to 2024-12-05 00:00:00+00:00, run_after=2024-12-05 04:00:00+00:00
[2024-12-05T07:07:15.891+0000] {processor.py:208} INFO - Processing /home/airflow/.local/lib/python3.12/site-packages/airflow/example_dags/example_latest_only.py took 0.059 seconds
[2024-12-05T07:07:46.221+0000] {processor.py:186} INFO - Started process (PID=35704) to work on /home/airflow/.local/lib/python3.12/site-packages/airflow/example_dags/example_latest_only.py
[2024-12-05T07:07:46.222+0000] {processor.py:914} INFO - Processing file /home/airflow/.local/lib/python3.12/site-packages/airflow/example_dags/example_latest_only.py for tasks to queue
[2024-12-05T07:07:46.223+0000] {logging_mixin.py:190} INFO - [2024-12-05T07:07:46.223+0000] {dagbag.py:588} INFO - Filling up the DagBag from /home/airflow/.local/lib/python3.12/site-packages/airflow/example_dags/example_latest_only.py
[2024-12-05T07:07:46.228+0000] {processor.py:925} INFO - DAG(s) 'latest_only' retrieved from /home/airflow/.local/lib/python3.12/site-packages/airflow/example_dags/example_latest_only.py
[2024-12-05T07:07:46.242+0000] {logging_mixin.py:190} INFO - [2024-12-05T07:07:46.241+0000] {dag.py:3239} INFO - Sync 1 DAGs
[2024-12-05T07:07:46.258+0000] {logging_mixin.py:190} INFO - [2024-12-05T07:07:46.258+0000] {dag.py:4180} INFO - Setting next_dagrun for latest_only to 2024-12-05 00:00:00+00:00, run_after=2024-12-05 04:00:00+00:00
[2024-12-05T07:07:46.270+0000] {processor.py:208} INFO - Processing /home/airflow/.local/lib/python3.12/site-packages/airflow/example_dags/example_latest_only.py took 0.053 seconds
