[2024-12-05T07:04:13.331+0000] {processor.py:186} INFO - Started process (PID=35255) to work on /home/airflow/.local/lib/python3.12/site-packages/airflow/example_dags/example_branch_operator.py
[2024-12-05T07:04:13.332+0000] {processor.py:914} INFO - Processing file /home/airflow/.local/lib/python3.12/site-packages/airflow/example_dags/example_branch_operator.py for tasks to queue
[2024-12-05T07:04:13.335+0000] {logging_mixin.py:190} INFO - [2024-12-05T07:04:13.335+0000] {dagbag.py:588} INFO - Filling up the DagBag from /home/airflow/.local/lib/python3.12/site-packages/airflow/example_dags/example_branch_operator.py
[2024-12-05T07:04:13.354+0000] {processor.py:925} INFO - DAG(s) 'example_branch_operator' retrieved from /home/airflow/.local/lib/python3.12/site-packages/airflow/example_dags/example_branch_operator.py
[2024-12-05T07:04:13.382+0000] {logging_mixin.py:190} INFO - [2024-12-05T07:04:13.382+0000] {dag.py:3239} INFO - Sync 1 DAGs
[2024-12-05T07:04:13.407+0000] {logging_mixin.py:190} INFO - [2024-12-05T07:04:13.406+0000] {dag.py:4180} INFO - Setting next_dagrun for example_branch_operator to 2024-12-04 00:00:00+00:00, run_after=2024-12-05 00:00:00+00:00
[2024-12-05T07:04:13.421+0000] {processor.py:208} INFO - Processing /home/airflow/.local/lib/python3.12/site-packages/airflow/example_dags/example_branch_operator.py took 0.097 seconds
[2024-12-05T07:04:43.868+0000] {processor.py:186} INFO - Started process (PID=35318) to work on /home/airflow/.local/lib/python3.12/site-packages/airflow/example_dags/example_branch_operator.py
[2024-12-05T07:04:43.869+0000] {processor.py:914} INFO - Processing file /home/airflow/.local/lib/python3.12/site-packages/airflow/example_dags/example_branch_operator.py for tasks to queue
[2024-12-05T07:04:43.871+0000] {logging_mixin.py:190} INFO - [2024-12-05T07:04:43.870+0000] {dagbag.py:588} INFO - Filling up the DagBag from /home/airflow/.local/lib/python3.12/site-packages/airflow/example_dags/example_branch_operator.py
[2024-12-05T07:04:43.884+0000] {processor.py:925} INFO - DAG(s) 'example_branch_operator' retrieved from /home/airflow/.local/lib/python3.12/site-packages/airflow/example_dags/example_branch_operator.py
[2024-12-05T07:04:43.907+0000] {logging_mixin.py:190} INFO - [2024-12-05T07:04:43.906+0000] {dag.py:3239} INFO - Sync 1 DAGs
[2024-12-05T07:04:43.928+0000] {logging_mixin.py:190} INFO - [2024-12-05T07:04:43.928+0000] {dag.py:4180} INFO - Setting next_dagrun for example_branch_operator to 2024-12-04 00:00:00+00:00, run_after=2024-12-05 00:00:00+00:00
[2024-12-05T07:04:43.944+0000] {processor.py:208} INFO - Processing /home/airflow/.local/lib/python3.12/site-packages/airflow/example_dags/example_branch_operator.py took 0.080 seconds
[2024-12-05T07:05:14.027+0000] {processor.py:186} INFO - Started process (PID=35381) to work on /home/airflow/.local/lib/python3.12/site-packages/airflow/example_dags/example_branch_operator.py
[2024-12-05T07:05:14.027+0000] {processor.py:914} INFO - Processing file /home/airflow/.local/lib/python3.12/site-packages/airflow/example_dags/example_branch_operator.py for tasks to queue
[2024-12-05T07:05:14.029+0000] {logging_mixin.py:190} INFO - [2024-12-05T07:05:14.029+0000] {dagbag.py:588} INFO - Filling up the DagBag from /home/airflow/.local/lib/python3.12/site-packages/airflow/example_dags/example_branch_operator.py
[2024-12-05T07:05:14.041+0000] {processor.py:925} INFO - DAG(s) 'example_branch_operator' retrieved from /home/airflow/.local/lib/python3.12/site-packages/airflow/example_dags/example_branch_operator.py
[2024-12-05T07:05:14.062+0000] {logging_mixin.py:190} INFO - [2024-12-05T07:05:14.062+0000] {dag.py:3239} INFO - Sync 1 DAGs
[2024-12-05T07:05:14.079+0000] {logging_mixin.py:190} INFO - [2024-12-05T07:05:14.079+0000] {dag.py:4180} INFO - Setting next_dagrun for example_branch_operator to 2024-12-04 00:00:00+00:00, run_after=2024-12-05 00:00:00+00:00
[2024-12-05T07:05:14.092+0000] {processor.py:208} INFO - Processing /home/airflow/.local/lib/python3.12/site-packages/airflow/example_dags/example_branch_operator.py took 0.069 seconds
[2024-12-05T07:05:44.539+0000] {processor.py:186} INFO - Started process (PID=35444) to work on /home/airflow/.local/lib/python3.12/site-packages/airflow/example_dags/example_branch_operator.py
[2024-12-05T07:05:44.540+0000] {processor.py:914} INFO - Processing file /home/airflow/.local/lib/python3.12/site-packages/airflow/example_dags/example_branch_operator.py for tasks to queue
[2024-12-05T07:05:44.542+0000] {logging_mixin.py:190} INFO - [2024-12-05T07:05:44.541+0000] {dagbag.py:588} INFO - Filling up the DagBag from /home/airflow/.local/lib/python3.12/site-packages/airflow/example_dags/example_branch_operator.py
[2024-12-05T07:05:44.555+0000] {processor.py:925} INFO - DAG(s) 'example_branch_operator' retrieved from /home/airflow/.local/lib/python3.12/site-packages/airflow/example_dags/example_branch_operator.py
[2024-12-05T07:05:44.576+0000] {logging_mixin.py:190} INFO - [2024-12-05T07:05:44.576+0000] {dag.py:3239} INFO - Sync 1 DAGs
[2024-12-05T07:05:44.594+0000] {logging_mixin.py:190} INFO - [2024-12-05T07:05:44.594+0000] {dag.py:4180} INFO - Setting next_dagrun for example_branch_operator to 2024-12-04 00:00:00+00:00, run_after=2024-12-05 00:00:00+00:00
[2024-12-05T07:05:44.608+0000] {processor.py:208} INFO - Processing /home/airflow/.local/lib/python3.12/site-packages/airflow/example_dags/example_branch_operator.py took 0.073 seconds
[2024-12-05T07:06:14.805+0000] {processor.py:186} INFO - Started process (PID=35507) to work on /home/airflow/.local/lib/python3.12/site-packages/airflow/example_dags/example_branch_operator.py
[2024-12-05T07:06:14.806+0000] {processor.py:914} INFO - Processing file /home/airflow/.local/lib/python3.12/site-packages/airflow/example_dags/example_branch_operator.py for tasks to queue
[2024-12-05T07:06:14.808+0000] {logging_mixin.py:190} INFO - [2024-12-05T07:06:14.807+0000] {dagbag.py:588} INFO - Filling up the DagBag from /home/airflow/.local/lib/python3.12/site-packages/airflow/example_dags/example_branch_operator.py
[2024-12-05T07:06:14.820+0000] {processor.py:925} INFO - DAG(s) 'example_branch_operator' retrieved from /home/airflow/.local/lib/python3.12/site-packages/airflow/example_dags/example_branch_operator.py
[2024-12-05T07:06:14.842+0000] {logging_mixin.py:190} INFO - [2024-12-05T07:06:14.842+0000] {dag.py:3239} INFO - Sync 1 DAGs
[2024-12-05T07:06:14.861+0000] {logging_mixin.py:190} INFO - [2024-12-05T07:06:14.860+0000] {dag.py:4180} INFO - Setting next_dagrun for example_branch_operator to 2024-12-04 00:00:00+00:00, run_after=2024-12-05 00:00:00+00:00
[2024-12-05T07:06:14.874+0000] {processor.py:208} INFO - Processing /home/airflow/.local/lib/python3.12/site-packages/airflow/example_dags/example_branch_operator.py took 0.073 seconds
[2024-12-05T07:06:45.120+0000] {processor.py:186} INFO - Started process (PID=35570) to work on /home/airflow/.local/lib/python3.12/site-packages/airflow/example_dags/example_branch_operator.py
[2024-12-05T07:06:45.121+0000] {processor.py:914} INFO - Processing file /home/airflow/.local/lib/python3.12/site-packages/airflow/example_dags/example_branch_operator.py for tasks to queue
[2024-12-05T07:06:45.123+0000] {logging_mixin.py:190} INFO - [2024-12-05T07:06:45.123+0000] {dagbag.py:588} INFO - Filling up the DagBag from /home/airflow/.local/lib/python3.12/site-packages/airflow/example_dags/example_branch_operator.py
[2024-12-05T07:06:45.136+0000] {processor.py:925} INFO - DAG(s) 'example_branch_operator' retrieved from /home/airflow/.local/lib/python3.12/site-packages/airflow/example_dags/example_branch_operator.py
[2024-12-05T07:06:45.156+0000] {logging_mixin.py:190} INFO - [2024-12-05T07:06:45.156+0000] {dag.py:3239} INFO - Sync 1 DAGs
[2024-12-05T07:06:45.174+0000] {logging_mixin.py:190} INFO - [2024-12-05T07:06:45.174+0000] {dag.py:4180} INFO - Setting next_dagrun for example_branch_operator to 2024-12-04 00:00:00+00:00, run_after=2024-12-05 00:00:00+00:00
[2024-12-05T07:06:45.186+0000] {processor.py:208} INFO - Processing /home/airflow/.local/lib/python3.12/site-packages/airflow/example_dags/example_branch_operator.py took 0.070 seconds
[2024-12-05T07:07:15.736+0000] {processor.py:186} INFO - Started process (PID=35639) to work on /home/airflow/.local/lib/python3.12/site-packages/airflow/example_dags/example_branch_operator.py
[2024-12-05T07:07:15.737+0000] {processor.py:914} INFO - Processing file /home/airflow/.local/lib/python3.12/site-packages/airflow/example_dags/example_branch_operator.py for tasks to queue
[2024-12-05T07:07:15.738+0000] {logging_mixin.py:190} INFO - [2024-12-05T07:07:15.738+0000] {dagbag.py:588} INFO - Filling up the DagBag from /home/airflow/.local/lib/python3.12/site-packages/airflow/example_dags/example_branch_operator.py
[2024-12-05T07:07:15.751+0000] {processor.py:925} INFO - DAG(s) 'example_branch_operator' retrieved from /home/airflow/.local/lib/python3.12/site-packages/airflow/example_dags/example_branch_operator.py
[2024-12-05T07:07:15.774+0000] {logging_mixin.py:190} INFO - [2024-12-05T07:07:15.774+0000] {dag.py:3239} INFO - Sync 1 DAGs
[2024-12-05T07:07:15.793+0000] {logging_mixin.py:190} INFO - [2024-12-05T07:07:15.793+0000] {dag.py:4180} INFO - Setting next_dagrun for example_branch_operator to 2024-12-04 00:00:00+00:00, run_after=2024-12-05 00:00:00+00:00
[2024-12-05T07:07:15.807+0000] {processor.py:208} INFO - Processing /home/airflow/.local/lib/python3.12/site-packages/airflow/example_dags/example_branch_operator.py took 0.075 seconds
[2024-12-05T07:07:46.121+0000] {processor.py:186} INFO - Started process (PID=35702) to work on /home/airflow/.local/lib/python3.12/site-packages/airflow/example_dags/example_branch_operator.py
[2024-12-05T07:07:46.122+0000] {processor.py:914} INFO - Processing file /home/airflow/.local/lib/python3.12/site-packages/airflow/example_dags/example_branch_operator.py for tasks to queue
[2024-12-05T07:07:46.123+0000] {logging_mixin.py:190} INFO - [2024-12-05T07:07:46.123+0000] {dagbag.py:588} INFO - Filling up the DagBag from /home/airflow/.local/lib/python3.12/site-packages/airflow/example_dags/example_branch_operator.py
[2024-12-05T07:07:46.135+0000] {processor.py:925} INFO - DAG(s) 'example_branch_operator' retrieved from /home/airflow/.local/lib/python3.12/site-packages/airflow/example_dags/example_branch_operator.py
[2024-12-05T07:07:46.157+0000] {logging_mixin.py:190} INFO - [2024-12-05T07:07:46.157+0000] {dag.py:3239} INFO - Sync 1 DAGs
[2024-12-05T07:07:46.176+0000] {logging_mixin.py:190} INFO - [2024-12-05T07:07:46.176+0000] {dag.py:4180} INFO - Setting next_dagrun for example_branch_operator to 2024-12-04 00:00:00+00:00, run_after=2024-12-05 00:00:00+00:00
[2024-12-05T07:07:46.189+0000] {processor.py:208} INFO - Processing /home/airflow/.local/lib/python3.12/site-packages/airflow/example_dags/example_branch_operator.py took 0.072 seconds
