[2024-12-05T07:04:14.591+0000] {processor.py:186} INFO - Started process (PID=35265) to work on /home/airflow/.local/lib/python3.12/site-packages/airflow/example_dags/example_bash_decorator.py
[2024-12-05T07:04:14.592+0000] {processor.py:914} INFO - Processing file /home/airflow/.local/lib/python3.12/site-packages/airflow/example_dags/example_bash_decorator.py for tasks to queue
[2024-12-05T07:04:14.594+0000] {logging_mixin.py:190} INFO - [2024-12-05T07:04:14.594+0000] {dagbag.py:588} INFO - Filling up the DagBag from /home/airflow/.local/lib/python3.12/site-packages/airflow/example_dags/example_bash_decorator.py
[2024-12-05T07:04:14.608+0000] {processor.py:925} INFO - DAG(s) 'example_bash_decorator' retrieved from /home/airflow/.local/lib/python3.12/site-packages/airflow/example_dags/example_bash_decorator.py
[2024-12-05T07:04:14.633+0000] {logging_mixin.py:190} INFO - [2024-12-05T07:04:14.633+0000] {dag.py:3239} INFO - Sync 1 DAGs
[2024-12-05T07:04:14.647+0000] {logging_mixin.py:190} INFO - [2024-12-05T07:04:14.647+0000] {dag.py:4180} INFO - Setting next_dagrun for example_bash_decorator to None, run_after=None
[2024-12-05T07:04:14.663+0000] {processor.py:208} INFO - Processing /home/airflow/.local/lib/python3.12/site-packages/airflow/example_dags/example_bash_decorator.py took 0.078 seconds
[2024-12-05T07:04:45.820+0000] {processor.py:186} INFO - Started process (PID=35328) to work on /home/airflow/.local/lib/python3.12/site-packages/airflow/example_dags/example_bash_decorator.py
[2024-12-05T07:04:45.821+0000] {processor.py:914} INFO - Processing file /home/airflow/.local/lib/python3.12/site-packages/airflow/example_dags/example_bash_decorator.py for tasks to queue
[2024-12-05T07:04:45.822+0000] {logging_mixin.py:190} INFO - [2024-12-05T07:04:45.822+0000] {dagbag.py:588} INFO - Filling up the DagBag from /home/airflow/.local/lib/python3.12/site-packages/airflow/example_dags/example_bash_decorator.py
[2024-12-05T07:04:45.832+0000] {processor.py:925} INFO - DAG(s) 'example_bash_decorator' retrieved from /home/airflow/.local/lib/python3.12/site-packages/airflow/example_dags/example_bash_decorator.py
[2024-12-05T07:04:45.849+0000] {logging_mixin.py:190} INFO - [2024-12-05T07:04:45.848+0000] {dag.py:3239} INFO - Sync 1 DAGs
[2024-12-05T07:04:45.859+0000] {logging_mixin.py:190} INFO - [2024-12-05T07:04:45.858+0000] {dag.py:4180} INFO - Setting next_dagrun for example_bash_decorator to None, run_after=None
[2024-12-05T07:04:45.870+0000] {processor.py:208} INFO - Processing /home/airflow/.local/lib/python3.12/site-packages/airflow/example_dags/example_bash_decorator.py took 0.054 seconds
[2024-12-05T07:05:16.543+0000] {processor.py:186} INFO - Started process (PID=35391) to work on /home/airflow/.local/lib/python3.12/site-packages/airflow/example_dags/example_bash_decorator.py
[2024-12-05T07:05:16.543+0000] {processor.py:914} INFO - Processing file /home/airflow/.local/lib/python3.12/site-packages/airflow/example_dags/example_bash_decorator.py for tasks to queue
[2024-12-05T07:05:16.545+0000] {logging_mixin.py:190} INFO - [2024-12-05T07:05:16.545+0000] {dagbag.py:588} INFO - Filling up the DagBag from /home/airflow/.local/lib/python3.12/site-packages/airflow/example_dags/example_bash_decorator.py
[2024-12-05T07:05:16.554+0000] {processor.py:925} INFO - DAG(s) 'example_bash_decorator' retrieved from /home/airflow/.local/lib/python3.12/site-packages/airflow/example_dags/example_bash_decorator.py
[2024-12-05T07:05:16.571+0000] {logging_mixin.py:190} INFO - [2024-12-05T07:05:16.571+0000] {dag.py:3239} INFO - Sync 1 DAGs
[2024-12-05T07:05:16.581+0000] {logging_mixin.py:190} INFO - [2024-12-05T07:05:16.581+0000] {dag.py:4180} INFO - Setting next_dagrun for example_bash_decorator to None, run_after=None
[2024-12-05T07:05:16.593+0000] {processor.py:208} INFO - Processing /home/airflow/.local/lib/python3.12/site-packages/airflow/example_dags/example_bash_decorator.py took 0.055 seconds
[2024-12-05T07:05:46.970+0000] {processor.py:186} INFO - Started process (PID=35453) to work on /home/airflow/.local/lib/python3.12/site-packages/airflow/example_dags/example_bash_decorator.py
[2024-12-05T07:05:46.970+0000] {processor.py:914} INFO - Processing file /home/airflow/.local/lib/python3.12/site-packages/airflow/example_dags/example_bash_decorator.py for tasks to queue
[2024-12-05T07:05:46.972+0000] {logging_mixin.py:190} INFO - [2024-12-05T07:05:46.972+0000] {dagbag.py:588} INFO - Filling up the DagBag from /home/airflow/.local/lib/python3.12/site-packages/airflow/example_dags/example_bash_decorator.py
[2024-12-05T07:05:46.982+0000] {processor.py:925} INFO - DAG(s) 'example_bash_decorator' retrieved from /home/airflow/.local/lib/python3.12/site-packages/airflow/example_dags/example_bash_decorator.py
[2024-12-05T07:05:47.000+0000] {logging_mixin.py:190} INFO - [2024-12-05T07:05:47.000+0000] {dag.py:3239} INFO - Sync 1 DAGs
[2024-12-05T07:05:47.012+0000] {logging_mixin.py:190} INFO - [2024-12-05T07:05:47.011+0000] {dag.py:4180} INFO - Setting next_dagrun for example_bash_decorator to None, run_after=None
[2024-12-05T07:05:47.024+0000] {processor.py:208} INFO - Processing /home/airflow/.local/lib/python3.12/site-packages/airflow/example_dags/example_bash_decorator.py took 0.058 seconds
[2024-12-05T07:06:17.151+0000] {processor.py:186} INFO - Started process (PID=35516) to work on /home/airflow/.local/lib/python3.12/site-packages/airflow/example_dags/example_bash_decorator.py
[2024-12-05T07:06:17.152+0000] {processor.py:914} INFO - Processing file /home/airflow/.local/lib/python3.12/site-packages/airflow/example_dags/example_bash_decorator.py for tasks to queue
[2024-12-05T07:06:17.154+0000] {logging_mixin.py:190} INFO - [2024-12-05T07:06:17.153+0000] {dagbag.py:588} INFO - Filling up the DagBag from /home/airflow/.local/lib/python3.12/site-packages/airflow/example_dags/example_bash_decorator.py
[2024-12-05T07:06:17.164+0000] {processor.py:925} INFO - DAG(s) 'example_bash_decorator' retrieved from /home/airflow/.local/lib/python3.12/site-packages/airflow/example_dags/example_bash_decorator.py
[2024-12-05T07:06:17.181+0000] {logging_mixin.py:190} INFO - [2024-12-05T07:06:17.181+0000] {dag.py:3239} INFO - Sync 1 DAGs
[2024-12-05T07:06:17.193+0000] {logging_mixin.py:190} INFO - [2024-12-05T07:06:17.193+0000] {dag.py:4180} INFO - Setting next_dagrun for example_bash_decorator to None, run_after=None
[2024-12-05T07:06:17.205+0000] {processor.py:208} INFO - Processing /home/airflow/.local/lib/python3.12/site-packages/airflow/example_dags/example_bash_decorator.py took 0.058 seconds
[2024-12-05T07:06:47.400+0000] {processor.py:186} INFO - Started process (PID=35588) to work on /home/airflow/.local/lib/python3.12/site-packages/airflow/example_dags/example_bash_decorator.py
[2024-12-05T07:06:47.401+0000] {processor.py:914} INFO - Processing file /home/airflow/.local/lib/python3.12/site-packages/airflow/example_dags/example_bash_decorator.py for tasks to queue
[2024-12-05T07:06:47.403+0000] {logging_mixin.py:190} INFO - [2024-12-05T07:06:47.402+0000] {dagbag.py:588} INFO - Filling up the DagBag from /home/airflow/.local/lib/python3.12/site-packages/airflow/example_dags/example_bash_decorator.py
[2024-12-05T07:06:47.413+0000] {processor.py:925} INFO - DAG(s) 'example_bash_decorator' retrieved from /home/airflow/.local/lib/python3.12/site-packages/airflow/example_dags/example_bash_decorator.py
[2024-12-05T07:06:47.429+0000] {logging_mixin.py:190} INFO - [2024-12-05T07:06:47.429+0000] {dag.py:3239} INFO - Sync 1 DAGs
[2024-12-05T07:06:47.441+0000] {logging_mixin.py:190} INFO - [2024-12-05T07:06:47.441+0000] {dag.py:4180} INFO - Setting next_dagrun for example_bash_decorator to None, run_after=None
[2024-12-05T07:06:47.454+0000] {processor.py:208} INFO - Processing /home/airflow/.local/lib/python3.12/site-packages/airflow/example_dags/example_bash_decorator.py took 0.058 seconds
[2024-12-05T07:07:17.767+0000] {processor.py:186} INFO - Started process (PID=35656) to work on /home/airflow/.local/lib/python3.12/site-packages/airflow/example_dags/example_bash_decorator.py
[2024-12-05T07:07:17.768+0000] {processor.py:914} INFO - Processing file /home/airflow/.local/lib/python3.12/site-packages/airflow/example_dags/example_bash_decorator.py for tasks to queue
[2024-12-05T07:07:17.769+0000] {logging_mixin.py:190} INFO - [2024-12-05T07:07:17.769+0000] {dagbag.py:588} INFO - Filling up the DagBag from /home/airflow/.local/lib/python3.12/site-packages/airflow/example_dags/example_bash_decorator.py
[2024-12-05T07:07:17.780+0000] {processor.py:925} INFO - DAG(s) 'example_bash_decorator' retrieved from /home/airflow/.local/lib/python3.12/site-packages/airflow/example_dags/example_bash_decorator.py
[2024-12-05T07:07:17.798+0000] {logging_mixin.py:190} INFO - [2024-12-05T07:07:17.798+0000] {dag.py:3239} INFO - Sync 1 DAGs
[2024-12-05T07:07:17.809+0000] {logging_mixin.py:190} INFO - [2024-12-05T07:07:17.809+0000] {dag.py:4180} INFO - Setting next_dagrun for example_bash_decorator to None, run_after=None
[2024-12-05T07:07:17.824+0000] {processor.py:208} INFO - Processing /home/airflow/.local/lib/python3.12/site-packages/airflow/example_dags/example_bash_decorator.py took 0.061 seconds
[2024-12-05T07:07:48.067+0000] {processor.py:186} INFO - Started process (PID=35719) to work on /home/airflow/.local/lib/python3.12/site-packages/airflow/example_dags/example_bash_decorator.py
[2024-12-05T07:07:48.068+0000] {processor.py:914} INFO - Processing file /home/airflow/.local/lib/python3.12/site-packages/airflow/example_dags/example_bash_decorator.py for tasks to queue
[2024-12-05T07:07:48.069+0000] {logging_mixin.py:190} INFO - [2024-12-05T07:07:48.069+0000] {dagbag.py:588} INFO - Filling up the DagBag from /home/airflow/.local/lib/python3.12/site-packages/airflow/example_dags/example_bash_decorator.py
[2024-12-05T07:07:48.084+0000] {processor.py:925} INFO - DAG(s) 'example_bash_decorator' retrieved from /home/airflow/.local/lib/python3.12/site-packages/airflow/example_dags/example_bash_decorator.py
[2024-12-05T07:07:48.105+0000] {logging_mixin.py:190} INFO - [2024-12-05T07:07:48.105+0000] {dag.py:3239} INFO - Sync 1 DAGs
[2024-12-05T07:07:48.117+0000] {logging_mixin.py:190} INFO - [2024-12-05T07:07:48.116+0000] {dag.py:4180} INFO - Setting next_dagrun for example_bash_decorator to None, run_after=None
[2024-12-05T07:07:48.131+0000] {processor.py:208} INFO - Processing /home/airflow/.local/lib/python3.12/site-packages/airflow/example_dags/example_bash_decorator.py took 0.070 seconds
