[2024-12-05T07:04:15.822+0000] {processor.py:186} INFO - Started process (PID=35286) to work on /home/airflow/.local/lib/python3.12/site-packages/airflow/example_dags/example_python_operator.py
[2024-12-05T07:04:15.823+0000] {processor.py:914} INFO - Processing file /home/airflow/.local/lib/python3.12/site-packages/airflow/example_dags/example_python_operator.py for tasks to queue
[2024-12-05T07:04:15.825+0000] {logging_mixin.py:190} INFO - [2024-12-05T07:04:15.825+0000] {dagbag.py:588} INFO - Filling up the DagBag from /home/airflow/.local/lib/python3.12/site-packages/airflow/example_dags/example_python_operator.py
[2024-12-05T07:04:15.834+0000] {processor.py:925} INFO - DAG(s) 'example_python_operator' retrieved from /home/airflow/.local/lib/python3.12/site-packages/airflow/example_dags/example_python_operator.py
[2024-12-05T07:04:15.851+0000] {logging_mixin.py:190} INFO - [2024-12-05T07:04:15.851+0000] {dag.py:3239} INFO - Sync 1 DAGs
[2024-12-05T07:04:15.862+0000] {logging_mixin.py:190} INFO - [2024-12-05T07:04:15.862+0000] {dag.py:4180} INFO - Setting next_dagrun for example_python_operator to None, run_after=None
[2024-12-05T07:04:15.877+0000] {processor.py:208} INFO - Processing /home/airflow/.local/lib/python3.12/site-packages/airflow/example_dags/example_python_operator.py took 0.059 seconds
[2024-12-05T07:04:47.210+0000] {processor.py:186} INFO - Started process (PID=35349) to work on /home/airflow/.local/lib/python3.12/site-packages/airflow/example_dags/example_python_operator.py
[2024-12-05T07:04:47.211+0000] {processor.py:914} INFO - Processing file /home/airflow/.local/lib/python3.12/site-packages/airflow/example_dags/example_python_operator.py for tasks to queue
[2024-12-05T07:04:47.212+0000] {logging_mixin.py:190} INFO - [2024-12-05T07:04:47.212+0000] {dagbag.py:588} INFO - Filling up the DagBag from /home/airflow/.local/lib/python3.12/site-packages/airflow/example_dags/example_python_operator.py
[2024-12-05T07:04:47.220+0000] {processor.py:925} INFO - DAG(s) 'example_python_operator' retrieved from /home/airflow/.local/lib/python3.12/site-packages/airflow/example_dags/example_python_operator.py
[2024-12-05T07:04:47.236+0000] {logging_mixin.py:190} INFO - [2024-12-05T07:04:47.235+0000] {dag.py:3239} INFO - Sync 1 DAGs
[2024-12-05T07:04:47.245+0000] {logging_mixin.py:190} INFO - [2024-12-05T07:04:47.245+0000] {dag.py:4180} INFO - Setting next_dagrun for example_python_operator to None, run_after=None
[2024-12-05T07:04:47.257+0000] {processor.py:208} INFO - Processing /home/airflow/.local/lib/python3.12/site-packages/airflow/example_dags/example_python_operator.py took 0.051 seconds
[2024-12-05T07:05:17.721+0000] {processor.py:186} INFO - Started process (PID=35412) to work on /home/airflow/.local/lib/python3.12/site-packages/airflow/example_dags/example_python_operator.py
[2024-12-05T07:05:17.721+0000] {processor.py:914} INFO - Processing file /home/airflow/.local/lib/python3.12/site-packages/airflow/example_dags/example_python_operator.py for tasks to queue
[2024-12-05T07:05:17.723+0000] {logging_mixin.py:190} INFO - [2024-12-05T07:05:17.723+0000] {dagbag.py:588} INFO - Filling up the DagBag from /home/airflow/.local/lib/python3.12/site-packages/airflow/example_dags/example_python_operator.py
[2024-12-05T07:05:17.731+0000] {processor.py:925} INFO - DAG(s) 'example_python_operator' retrieved from /home/airflow/.local/lib/python3.12/site-packages/airflow/example_dags/example_python_operator.py
[2024-12-05T07:05:17.747+0000] {logging_mixin.py:190} INFO - [2024-12-05T07:05:17.747+0000] {dag.py:3239} INFO - Sync 1 DAGs
[2024-12-05T07:05:17.757+0000] {logging_mixin.py:190} INFO - [2024-12-05T07:05:17.757+0000] {dag.py:4180} INFO - Setting next_dagrun for example_python_operator to None, run_after=None
[2024-12-05T07:05:17.769+0000] {processor.py:208} INFO - Processing /home/airflow/.local/lib/python3.12/site-packages/airflow/example_dags/example_python_operator.py took 0.052 seconds
[2024-12-05T07:05:48.299+0000] {processor.py:186} INFO - Started process (PID=35474) to work on /home/airflow/.local/lib/python3.12/site-packages/airflow/example_dags/example_python_operator.py
[2024-12-05T07:05:48.300+0000] {processor.py:914} INFO - Processing file /home/airflow/.local/lib/python3.12/site-packages/airflow/example_dags/example_python_operator.py for tasks to queue
[2024-12-05T07:05:48.301+0000] {logging_mixin.py:190} INFO - [2024-12-05T07:05:48.301+0000] {dagbag.py:588} INFO - Filling up the DagBag from /home/airflow/.local/lib/python3.12/site-packages/airflow/example_dags/example_python_operator.py
[2024-12-05T07:05:48.309+0000] {processor.py:925} INFO - DAG(s) 'example_python_operator' retrieved from /home/airflow/.local/lib/python3.12/site-packages/airflow/example_dags/example_python_operator.py
[2024-12-05T07:05:48.327+0000] {logging_mixin.py:190} INFO - [2024-12-05T07:05:48.327+0000] {dag.py:3239} INFO - Sync 1 DAGs
[2024-12-05T07:05:48.337+0000] {logging_mixin.py:190} INFO - [2024-12-05T07:05:48.337+0000] {dag.py:4180} INFO - Setting next_dagrun for example_python_operator to None, run_after=None
[2024-12-05T07:05:48.350+0000] {processor.py:208} INFO - Processing /home/airflow/.local/lib/python3.12/site-packages/airflow/example_dags/example_python_operator.py took 0.055 seconds
[2024-12-05T07:06:16.684+0000] {processor.py:186} INFO - Started process (PID=35537) to work on /home/airflow/.local/lib/python3.12/site-packages/airflow/example_dags/example_python_operator.py
[2024-12-05T07:06:16.685+0000] {processor.py:914} INFO - Processing file /home/airflow/.local/lib/python3.12/site-packages/airflow/example_dags/example_python_operator.py for tasks to queue
[2024-12-05T07:06:16.687+0000] {logging_mixin.py:190} INFO - [2024-12-05T07:06:16.686+0000] {dagbag.py:588} INFO - Filling up the DagBag from /home/airflow/.local/lib/python3.12/site-packages/airflow/example_dags/example_python_operator.py
[2024-12-05T07:06:16.695+0000] {processor.py:925} INFO - DAG(s) 'example_python_operator' retrieved from /home/airflow/.local/lib/python3.12/site-packages/airflow/example_dags/example_python_operator.py
[2024-12-05T07:06:16.712+0000] {logging_mixin.py:190} INFO - [2024-12-05T07:06:16.712+0000] {dag.py:3239} INFO - Sync 1 DAGs
[2024-12-05T07:06:16.722+0000] {logging_mixin.py:190} INFO - [2024-12-05T07:06:16.722+0000] {dag.py:4180} INFO - Setting next_dagrun for example_python_operator to None, run_after=None
[2024-12-05T07:06:16.735+0000] {processor.py:208} INFO - Processing /home/airflow/.local/lib/python3.12/site-packages/airflow/example_dags/example_python_operator.py took 0.054 seconds
[2024-12-05T07:06:47.534+0000] {processor.py:186} INFO - Started process (PID=35591) to work on /home/airflow/.local/lib/python3.12/site-packages/airflow/example_dags/example_python_operator.py
[2024-12-05T07:06:47.535+0000] {processor.py:914} INFO - Processing file /home/airflow/.local/lib/python3.12/site-packages/airflow/example_dags/example_python_operator.py for tasks to queue
[2024-12-05T07:06:47.537+0000] {logging_mixin.py:190} INFO - [2024-12-05T07:06:47.536+0000] {dagbag.py:588} INFO - Filling up the DagBag from /home/airflow/.local/lib/python3.12/site-packages/airflow/example_dags/example_python_operator.py
[2024-12-05T07:06:47.546+0000] {processor.py:925} INFO - DAG(s) 'example_python_operator' retrieved from /home/airflow/.local/lib/python3.12/site-packages/airflow/example_dags/example_python_operator.py
[2024-12-05T07:06:47.563+0000] {logging_mixin.py:190} INFO - [2024-12-05T07:06:47.563+0000] {dag.py:3239} INFO - Sync 1 DAGs
[2024-12-05T07:06:47.574+0000] {logging_mixin.py:190} INFO - [2024-12-05T07:06:47.574+0000] {dag.py:4180} INFO - Setting next_dagrun for example_python_operator to None, run_after=None
[2024-12-05T07:06:47.587+0000] {processor.py:208} INFO - Processing /home/airflow/.local/lib/python3.12/site-packages/airflow/example_dags/example_python_operator.py took 0.057 seconds
[2024-12-05T07:07:17.980+0000] {processor.py:186} INFO - Started process (PID=35661) to work on /home/airflow/.local/lib/python3.12/site-packages/airflow/example_dags/example_python_operator.py
[2024-12-05T07:07:17.981+0000] {processor.py:914} INFO - Processing file /home/airflow/.local/lib/python3.12/site-packages/airflow/example_dags/example_python_operator.py for tasks to queue
[2024-12-05T07:07:17.983+0000] {logging_mixin.py:190} INFO - [2024-12-05T07:07:17.982+0000] {dagbag.py:588} INFO - Filling up the DagBag from /home/airflow/.local/lib/python3.12/site-packages/airflow/example_dags/example_python_operator.py
[2024-12-05T07:07:17.991+0000] {processor.py:925} INFO - DAG(s) 'example_python_operator' retrieved from /home/airflow/.local/lib/python3.12/site-packages/airflow/example_dags/example_python_operator.py
[2024-12-05T07:07:18.008+0000] {logging_mixin.py:190} INFO - [2024-12-05T07:07:18.008+0000] {dag.py:3239} INFO - Sync 1 DAGs
[2024-12-05T07:07:18.019+0000] {logging_mixin.py:190} INFO - [2024-12-05T07:07:18.019+0000] {dag.py:4180} INFO - Setting next_dagrun for example_python_operator to None, run_after=None
[2024-12-05T07:07:18.033+0000] {processor.py:208} INFO - Processing /home/airflow/.local/lib/python3.12/site-packages/airflow/example_dags/example_python_operator.py took 0.057 seconds
[2024-12-05T07:07:48.630+0000] {processor.py:186} INFO - Started process (PID=35728) to work on /home/airflow/.local/lib/python3.12/site-packages/airflow/example_dags/example_python_operator.py
[2024-12-05T07:07:48.631+0000] {processor.py:914} INFO - Processing file /home/airflow/.local/lib/python3.12/site-packages/airflow/example_dags/example_python_operator.py for tasks to queue
[2024-12-05T07:07:48.633+0000] {logging_mixin.py:190} INFO - [2024-12-05T07:07:48.632+0000] {dagbag.py:588} INFO - Filling up the DagBag from /home/airflow/.local/lib/python3.12/site-packages/airflow/example_dags/example_python_operator.py
[2024-12-05T07:07:48.641+0000] {processor.py:925} INFO - DAG(s) 'example_python_operator' retrieved from /home/airflow/.local/lib/python3.12/site-packages/airflow/example_dags/example_python_operator.py
[2024-12-05T07:07:48.657+0000] {logging_mixin.py:190} INFO - [2024-12-05T07:07:48.657+0000] {dag.py:3239} INFO - Sync 1 DAGs
[2024-12-05T07:07:48.669+0000] {logging_mixin.py:190} INFO - [2024-12-05T07:07:48.668+0000] {dag.py:4180} INFO - Setting next_dagrun for example_python_operator to None, run_after=None
[2024-12-05T07:07:48.682+0000] {processor.py:208} INFO - Processing /home/airflow/.local/lib/python3.12/site-packages/airflow/example_dags/example_python_operator.py took 0.056 seconds
