[2024-12-05T07:04:14.814+0000] {processor.py:186} INFO - Started process (PID=35270) to work on /home/airflow/.local/lib/python3.12/site-packages/airflow/example_dags/tutorial_dag.py
[2024-12-05T07:04:14.815+0000] {processor.py:914} INFO - Processing file /home/airflow/.local/lib/python3.12/site-packages/airflow/example_dags/tutorial_dag.py for tasks to queue
[2024-12-05T07:04:14.817+0000] {logging_mixin.py:190} INFO - [2024-12-05T07:04:14.817+0000] {dagbag.py:588} INFO - Filling up the DagBag from /home/airflow/.local/lib/python3.12/site-packages/airflow/example_dags/tutorial_dag.py
[2024-12-05T07:04:14.823+0000] {processor.py:925} INFO - DAG(s) 'tutorial_dag' retrieved from /home/airflow/.local/lib/python3.12/site-packages/airflow/example_dags/tutorial_dag.py
[2024-12-05T07:04:14.839+0000] {logging_mixin.py:190} INFO - [2024-12-05T07:04:14.839+0000] {dag.py:3239} INFO - Sync 1 DAGs
[2024-12-05T07:04:14.851+0000] {logging_mixin.py:190} INFO - [2024-12-05T07:04:14.850+0000] {dag.py:4180} INFO - Setting next_dagrun for tutorial_dag to None, run_after=None
[2024-12-05T07:04:14.865+0000] {processor.py:208} INFO - Processing /home/airflow/.local/lib/python3.12/site-packages/airflow/example_dags/tutorial_dag.py took 0.055 seconds
[2024-12-05T07:04:46.061+0000] {processor.py:186} INFO - Started process (PID=35333) to work on /home/airflow/.local/lib/python3.12/site-packages/airflow/example_dags/tutorial_dag.py
[2024-12-05T07:04:46.061+0000] {processor.py:914} INFO - Processing file /home/airflow/.local/lib/python3.12/site-packages/airflow/example_dags/tutorial_dag.py for tasks to queue
[2024-12-05T07:04:46.063+0000] {logging_mixin.py:190} INFO - [2024-12-05T07:04:46.063+0000] {dagbag.py:588} INFO - Filling up the DagBag from /home/airflow/.local/lib/python3.12/site-packages/airflow/example_dags/tutorial_dag.py
[2024-12-05T07:04:46.067+0000] {processor.py:925} INFO - DAG(s) 'tutorial_dag' retrieved from /home/airflow/.local/lib/python3.12/site-packages/airflow/example_dags/tutorial_dag.py
[2024-12-05T07:04:46.081+0000] {logging_mixin.py:190} INFO - [2024-12-05T07:04:46.081+0000] {dag.py:3239} INFO - Sync 1 DAGs
[2024-12-05T07:04:46.094+0000] {logging_mixin.py:190} INFO - [2024-12-05T07:04:46.094+0000] {dag.py:4180} INFO - Setting next_dagrun for tutorial_dag to None, run_after=None
[2024-12-05T07:04:46.109+0000] {processor.py:208} INFO - Processing /home/airflow/.local/lib/python3.12/site-packages/airflow/example_dags/tutorial_dag.py took 0.052 seconds
[2024-12-05T07:05:16.915+0000] {processor.py:186} INFO - Started process (PID=35396) to work on /home/airflow/.local/lib/python3.12/site-packages/airflow/example_dags/tutorial_dag.py
[2024-12-05T07:05:16.915+0000] {processor.py:914} INFO - Processing file /home/airflow/.local/lib/python3.12/site-packages/airflow/example_dags/tutorial_dag.py for tasks to queue
[2024-12-05T07:05:16.917+0000] {logging_mixin.py:190} INFO - [2024-12-05T07:05:16.917+0000] {dagbag.py:588} INFO - Filling up the DagBag from /home/airflow/.local/lib/python3.12/site-packages/airflow/example_dags/tutorial_dag.py
[2024-12-05T07:05:16.922+0000] {processor.py:925} INFO - DAG(s) 'tutorial_dag' retrieved from /home/airflow/.local/lib/python3.12/site-packages/airflow/example_dags/tutorial_dag.py
[2024-12-05T07:05:16.936+0000] {logging_mixin.py:190} INFO - [2024-12-05T07:05:16.936+0000] {dag.py:3239} INFO - Sync 1 DAGs
[2024-12-05T07:05:16.947+0000] {logging_mixin.py:190} INFO - [2024-12-05T07:05:16.946+0000] {dag.py:4180} INFO - Setting next_dagrun for tutorial_dag to None, run_after=None
[2024-12-05T07:05:16.959+0000] {processor.py:208} INFO - Processing /home/airflow/.local/lib/python3.12/site-packages/airflow/example_dags/tutorial_dag.py took 0.049 seconds
[2024-12-05T07:05:47.340+0000] {processor.py:186} INFO - Started process (PID=35459) to work on /home/airflow/.local/lib/python3.12/site-packages/airflow/example_dags/tutorial_dag.py
[2024-12-05T07:05:47.341+0000] {processor.py:914} INFO - Processing file /home/airflow/.local/lib/python3.12/site-packages/airflow/example_dags/tutorial_dag.py for tasks to queue
[2024-12-05T07:05:47.343+0000] {logging_mixin.py:190} INFO - [2024-12-05T07:05:47.343+0000] {dagbag.py:588} INFO - Filling up the DagBag from /home/airflow/.local/lib/python3.12/site-packages/airflow/example_dags/tutorial_dag.py
[2024-12-05T07:05:47.348+0000] {processor.py:925} INFO - DAG(s) 'tutorial_dag' retrieved from /home/airflow/.local/lib/python3.12/site-packages/airflow/example_dags/tutorial_dag.py
[2024-12-05T07:05:47.362+0000] {logging_mixin.py:190} INFO - [2024-12-05T07:05:47.362+0000] {dag.py:3239} INFO - Sync 1 DAGs
[2024-12-05T07:05:47.372+0000] {logging_mixin.py:190} INFO - [2024-12-05T07:05:47.372+0000] {dag.py:4180} INFO - Setting next_dagrun for tutorial_dag to None, run_after=None
[2024-12-05T07:05:47.385+0000] {processor.py:208} INFO - Processing /home/airflow/.local/lib/python3.12/site-packages/airflow/example_dags/tutorial_dag.py took 0.049 seconds
[2024-12-05T07:06:17.510+0000] {processor.py:186} INFO - Started process (PID=35521) to work on /home/airflow/.local/lib/python3.12/site-packages/airflow/example_dags/tutorial_dag.py
[2024-12-05T07:06:17.511+0000] {processor.py:914} INFO - Processing file /home/airflow/.local/lib/python3.12/site-packages/airflow/example_dags/tutorial_dag.py for tasks to queue
[2024-12-05T07:06:17.512+0000] {logging_mixin.py:190} INFO - [2024-12-05T07:06:17.512+0000] {dagbag.py:588} INFO - Filling up the DagBag from /home/airflow/.local/lib/python3.12/site-packages/airflow/example_dags/tutorial_dag.py
[2024-12-05T07:06:17.517+0000] {processor.py:925} INFO - DAG(s) 'tutorial_dag' retrieved from /home/airflow/.local/lib/python3.12/site-packages/airflow/example_dags/tutorial_dag.py
[2024-12-05T07:06:17.531+0000] {logging_mixin.py:190} INFO - [2024-12-05T07:06:17.531+0000] {dag.py:3239} INFO - Sync 1 DAGs
[2024-12-05T07:06:17.542+0000] {logging_mixin.py:190} INFO - [2024-12-05T07:06:17.542+0000] {dag.py:4180} INFO - Setting next_dagrun for tutorial_dag to None, run_after=None
[2024-12-05T07:06:17.555+0000] {processor.py:208} INFO - Processing /home/airflow/.local/lib/python3.12/site-packages/airflow/example_dags/tutorial_dag.py took 0.049 seconds
[2024-12-05T07:06:47.704+0000] {processor.py:186} INFO - Started process (PID=35595) to work on /home/airflow/.local/lib/python3.12/site-packages/airflow/example_dags/tutorial_dag.py
[2024-12-05T07:06:47.704+0000] {processor.py:914} INFO - Processing file /home/airflow/.local/lib/python3.12/site-packages/airflow/example_dags/tutorial_dag.py for tasks to queue
[2024-12-05T07:06:47.706+0000] {logging_mixin.py:190} INFO - [2024-12-05T07:06:47.706+0000] {dagbag.py:588} INFO - Filling up the DagBag from /home/airflow/.local/lib/python3.12/site-packages/airflow/example_dags/tutorial_dag.py
[2024-12-05T07:06:47.711+0000] {processor.py:925} INFO - DAG(s) 'tutorial_dag' retrieved from /home/airflow/.local/lib/python3.12/site-packages/airflow/example_dags/tutorial_dag.py
[2024-12-05T07:06:47.726+0000] {logging_mixin.py:190} INFO - [2024-12-05T07:06:47.726+0000] {dag.py:3239} INFO - Sync 1 DAGs
[2024-12-05T07:06:47.737+0000] {logging_mixin.py:190} INFO - [2024-12-05T07:06:47.737+0000] {dag.py:4180} INFO - Setting next_dagrun for tutorial_dag to None, run_after=None
[2024-12-05T07:06:47.750+0000] {processor.py:208} INFO - Processing /home/airflow/.local/lib/python3.12/site-packages/airflow/example_dags/tutorial_dag.py took 0.051 seconds
[2024-12-05T07:07:18.096+0000] {processor.py:186} INFO - Started process (PID=35664) to work on /home/airflow/.local/lib/python3.12/site-packages/airflow/example_dags/tutorial_dag.py
[2024-12-05T07:07:18.097+0000] {processor.py:914} INFO - Processing file /home/airflow/.local/lib/python3.12/site-packages/airflow/example_dags/tutorial_dag.py for tasks to queue
[2024-12-05T07:07:18.099+0000] {logging_mixin.py:190} INFO - [2024-12-05T07:07:18.098+0000] {dagbag.py:588} INFO - Filling up the DagBag from /home/airflow/.local/lib/python3.12/site-packages/airflow/example_dags/tutorial_dag.py
[2024-12-05T07:07:18.104+0000] {processor.py:925} INFO - DAG(s) 'tutorial_dag' retrieved from /home/airflow/.local/lib/python3.12/site-packages/airflow/example_dags/tutorial_dag.py
[2024-12-05T07:07:18.118+0000] {logging_mixin.py:190} INFO - [2024-12-05T07:07:18.118+0000] {dag.py:3239} INFO - Sync 1 DAGs
[2024-12-05T07:07:18.128+0000] {logging_mixin.py:190} INFO - [2024-12-05T07:07:18.128+0000] {dag.py:4180} INFO - Setting next_dagrun for tutorial_dag to None, run_after=None
[2024-12-05T07:07:18.142+0000] {processor.py:208} INFO - Processing /home/airflow/.local/lib/python3.12/site-packages/airflow/example_dags/tutorial_dag.py took 0.051 seconds
[2024-12-05T07:07:48.434+0000] {processor.py:186} INFO - Started process (PID=35724) to work on /home/airflow/.local/lib/python3.12/site-packages/airflow/example_dags/tutorial_dag.py
[2024-12-05T07:07:48.434+0000] {processor.py:914} INFO - Processing file /home/airflow/.local/lib/python3.12/site-packages/airflow/example_dags/tutorial_dag.py for tasks to queue
[2024-12-05T07:07:48.436+0000] {logging_mixin.py:190} INFO - [2024-12-05T07:07:48.436+0000] {dagbag.py:588} INFO - Filling up the DagBag from /home/airflow/.local/lib/python3.12/site-packages/airflow/example_dags/tutorial_dag.py
[2024-12-05T07:07:48.442+0000] {processor.py:925} INFO - DAG(s) 'tutorial_dag' retrieved from /home/airflow/.local/lib/python3.12/site-packages/airflow/example_dags/tutorial_dag.py
[2024-12-05T07:07:48.456+0000] {logging_mixin.py:190} INFO - [2024-12-05T07:07:48.456+0000] {dag.py:3239} INFO - Sync 1 DAGs
[2024-12-05T07:07:48.467+0000] {logging_mixin.py:190} INFO - [2024-12-05T07:07:48.467+0000] {dag.py:4180} INFO - Setting next_dagrun for tutorial_dag to None, run_after=None
[2024-12-05T07:07:48.481+0000] {processor.py:208} INFO - Processing /home/airflow/.local/lib/python3.12/site-packages/airflow/example_dags/tutorial_dag.py took 0.051 seconds
