[2024-12-05T07:04:15.558+0000] {processor.py:186} INFO - Started process (PID=35283) to work on /home/airflow/.local/lib/python3.12/site-packages/airflow/example_dags/tutorial_taskflow_api_virtualenv.py
[2024-12-05T07:04:15.559+0000] {processor.py:914} INFO - Processing file /home/airflow/.local/lib/python3.12/site-packages/airflow/example_dags/tutorial_taskflow_api_virtualenv.py for tasks to queue
[2024-12-05T07:04:15.561+0000] {logging_mixin.py:190} INFO - [2024-12-05T07:04:15.560+0000] {dagbag.py:588} INFO - Filling up the DagBag from /home/airflow/.local/lib/python3.12/site-packages/airflow/example_dags/tutorial_taskflow_api_virtualenv.py
[2024-12-05T07:04:15.570+0000] {processor.py:925} INFO - DAG(s) 'tutorial_taskflow_api_virtualenv' retrieved from /home/airflow/.local/lib/python3.12/site-packages/airflow/example_dags/tutorial_taskflow_api_virtualenv.py
[2024-12-05T07:04:15.584+0000] {logging_mixin.py:190} INFO - [2024-12-05T07:04:15.584+0000] {dag.py:3239} INFO - Sync 1 DAGs
[2024-12-05T07:04:15.595+0000] {logging_mixin.py:190} INFO - [2024-12-05T07:04:15.595+0000] {dag.py:4180} INFO - Setting next_dagrun for tutorial_taskflow_api_virtualenv to None, run_after=None
[2024-12-05T07:04:15.609+0000] {processor.py:208} INFO - Processing /home/airflow/.local/lib/python3.12/site-packages/airflow/example_dags/tutorial_taskflow_api_virtualenv.py took 0.054 seconds
[2024-12-05T07:04:47.052+0000] {processor.py:186} INFO - Started process (PID=35346) to work on /home/airflow/.local/lib/python3.12/site-packages/airflow/example_dags/tutorial_taskflow_api_virtualenv.py
[2024-12-05T07:04:47.053+0000] {processor.py:914} INFO - Processing file /home/airflow/.local/lib/python3.12/site-packages/airflow/example_dags/tutorial_taskflow_api_virtualenv.py for tasks to queue
[2024-12-05T07:04:47.055+0000] {logging_mixin.py:190} INFO - [2024-12-05T07:04:47.055+0000] {dagbag.py:588} INFO - Filling up the DagBag from /home/airflow/.local/lib/python3.12/site-packages/airflow/example_dags/tutorial_taskflow_api_virtualenv.py
[2024-12-05T07:04:47.065+0000] {processor.py:925} INFO - DAG(s) 'tutorial_taskflow_api_virtualenv' retrieved from /home/airflow/.local/lib/python3.12/site-packages/airflow/example_dags/tutorial_taskflow_api_virtualenv.py
[2024-12-05T07:04:47.080+0000] {logging_mixin.py:190} INFO - [2024-12-05T07:04:47.080+0000] {dag.py:3239} INFO - Sync 1 DAGs
[2024-12-05T07:04:47.091+0000] {logging_mixin.py:190} INFO - [2024-12-05T07:04:47.091+0000] {dag.py:4180} INFO - Setting next_dagrun for tutorial_taskflow_api_virtualenv to None, run_after=None
[2024-12-05T07:04:47.103+0000] {processor.py:208} INFO - Processing /home/airflow/.local/lib/python3.12/site-packages/airflow/example_dags/tutorial_taskflow_api_virtualenv.py took 0.054 seconds
[2024-12-05T07:05:17.486+0000] {processor.py:186} INFO - Started process (PID=35409) to work on /home/airflow/.local/lib/python3.12/site-packages/airflow/example_dags/tutorial_taskflow_api_virtualenv.py
[2024-12-05T07:05:17.487+0000] {processor.py:914} INFO - Processing file /home/airflow/.local/lib/python3.12/site-packages/airflow/example_dags/tutorial_taskflow_api_virtualenv.py for tasks to queue
[2024-12-05T07:05:17.488+0000] {logging_mixin.py:190} INFO - [2024-12-05T07:05:17.488+0000] {dagbag.py:588} INFO - Filling up the DagBag from /home/airflow/.local/lib/python3.12/site-packages/airflow/example_dags/tutorial_taskflow_api_virtualenv.py
[2024-12-05T07:05:17.496+0000] {processor.py:925} INFO - DAG(s) 'tutorial_taskflow_api_virtualenv' retrieved from /home/airflow/.local/lib/python3.12/site-packages/airflow/example_dags/tutorial_taskflow_api_virtualenv.py
[2024-12-05T07:05:17.510+0000] {logging_mixin.py:190} INFO - [2024-12-05T07:05:17.510+0000] {dag.py:3239} INFO - Sync 1 DAGs
[2024-12-05T07:05:17.520+0000] {logging_mixin.py:190} INFO - [2024-12-05T07:05:17.520+0000] {dag.py:4180} INFO - Setting next_dagrun for tutorial_taskflow_api_virtualenv to None, run_after=None
[2024-12-05T07:05:17.532+0000] {processor.py:208} INFO - Processing /home/airflow/.local/lib/python3.12/site-packages/airflow/example_dags/tutorial_taskflow_api_virtualenv.py took 0.050 seconds
[2024-12-05T07:05:48.128+0000] {processor.py:186} INFO - Started process (PID=35471) to work on /home/airflow/.local/lib/python3.12/site-packages/airflow/example_dags/tutorial_taskflow_api_virtualenv.py
[2024-12-05T07:05:48.129+0000] {processor.py:914} INFO - Processing file /home/airflow/.local/lib/python3.12/site-packages/airflow/example_dags/tutorial_taskflow_api_virtualenv.py for tasks to queue
[2024-12-05T07:05:48.130+0000] {logging_mixin.py:190} INFO - [2024-12-05T07:05:48.130+0000] {dagbag.py:588} INFO - Filling up the DagBag from /home/airflow/.local/lib/python3.12/site-packages/airflow/example_dags/tutorial_taskflow_api_virtualenv.py
[2024-12-05T07:05:48.138+0000] {processor.py:925} INFO - DAG(s) 'tutorial_taskflow_api_virtualenv' retrieved from /home/airflow/.local/lib/python3.12/site-packages/airflow/example_dags/tutorial_taskflow_api_virtualenv.py
[2024-12-05T07:05:48.152+0000] {logging_mixin.py:190} INFO - [2024-12-05T07:05:48.152+0000] {dag.py:3239} INFO - Sync 1 DAGs
[2024-12-05T07:05:48.163+0000] {logging_mixin.py:190} INFO - [2024-12-05T07:05:48.163+0000] {dag.py:4180} INFO - Setting next_dagrun for tutorial_taskflow_api_virtualenv to None, run_after=None
[2024-12-05T07:05:48.176+0000] {processor.py:208} INFO - Processing /home/airflow/.local/lib/python3.12/site-packages/airflow/example_dags/tutorial_taskflow_api_virtualenv.py took 0.051 seconds
[2024-12-05T07:06:16.594+0000] {processor.py:186} INFO - Started process (PID=35534) to work on /home/airflow/.local/lib/python3.12/site-packages/airflow/example_dags/tutorial_taskflow_api_virtualenv.py
[2024-12-05T07:06:16.595+0000] {processor.py:914} INFO - Processing file /home/airflow/.local/lib/python3.12/site-packages/airflow/example_dags/tutorial_taskflow_api_virtualenv.py for tasks to queue
[2024-12-05T07:06:16.597+0000] {logging_mixin.py:190} INFO - [2024-12-05T07:06:16.597+0000] {dagbag.py:588} INFO - Filling up the DagBag from /home/airflow/.local/lib/python3.12/site-packages/airflow/example_dags/tutorial_taskflow_api_virtualenv.py
[2024-12-05T07:06:16.606+0000] {processor.py:925} INFO - DAG(s) 'tutorial_taskflow_api_virtualenv' retrieved from /home/airflow/.local/lib/python3.12/site-packages/airflow/example_dags/tutorial_taskflow_api_virtualenv.py
[2024-12-05T07:06:16.620+0000] {logging_mixin.py:190} INFO - [2024-12-05T07:06:16.620+0000] {dag.py:3239} INFO - Sync 1 DAGs
[2024-12-05T07:06:16.630+0000] {logging_mixin.py:190} INFO - [2024-12-05T07:06:16.630+0000] {dag.py:4180} INFO - Setting next_dagrun for tutorial_taskflow_api_virtualenv to None, run_after=None
[2024-12-05T07:06:16.644+0000] {processor.py:208} INFO - Processing /home/airflow/.local/lib/python3.12/site-packages/airflow/example_dags/tutorial_taskflow_api_virtualenv.py took 0.053 seconds
[2024-12-05T07:06:47.240+0000] {processor.py:186} INFO - Started process (PID=35584) to work on /home/airflow/.local/lib/python3.12/site-packages/airflow/example_dags/tutorial_taskflow_api_virtualenv.py
[2024-12-05T07:06:47.241+0000] {processor.py:914} INFO - Processing file /home/airflow/.local/lib/python3.12/site-packages/airflow/example_dags/tutorial_taskflow_api_virtualenv.py for tasks to queue
[2024-12-05T07:06:47.243+0000] {logging_mixin.py:190} INFO - [2024-12-05T07:06:47.242+0000] {dagbag.py:588} INFO - Filling up the DagBag from /home/airflow/.local/lib/python3.12/site-packages/airflow/example_dags/tutorial_taskflow_api_virtualenv.py
[2024-12-05T07:06:47.251+0000] {processor.py:925} INFO - DAG(s) 'tutorial_taskflow_api_virtualenv' retrieved from /home/airflow/.local/lib/python3.12/site-packages/airflow/example_dags/tutorial_taskflow_api_virtualenv.py
[2024-12-05T07:06:47.264+0000] {logging_mixin.py:190} INFO - [2024-12-05T07:06:47.264+0000] {dag.py:3239} INFO - Sync 1 DAGs
[2024-12-05T07:06:47.275+0000] {logging_mixin.py:190} INFO - [2024-12-05T07:06:47.275+0000] {dag.py:4180} INFO - Setting next_dagrun for tutorial_taskflow_api_virtualenv to None, run_after=None
[2024-12-05T07:06:47.288+0000] {processor.py:208} INFO - Processing /home/airflow/.local/lib/python3.12/site-packages/airflow/example_dags/tutorial_taskflow_api_virtualenv.py took 0.051 seconds
[2024-12-05T07:07:17.599+0000] {processor.py:186} INFO - Started process (PID=35653) to work on /home/airflow/.local/lib/python3.12/site-packages/airflow/example_dags/tutorial_taskflow_api_virtualenv.py
[2024-12-05T07:07:17.600+0000] {processor.py:914} INFO - Processing file /home/airflow/.local/lib/python3.12/site-packages/airflow/example_dags/tutorial_taskflow_api_virtualenv.py for tasks to queue
[2024-12-05T07:07:17.602+0000] {logging_mixin.py:190} INFO - [2024-12-05T07:07:17.602+0000] {dagbag.py:588} INFO - Filling up the DagBag from /home/airflow/.local/lib/python3.12/site-packages/airflow/example_dags/tutorial_taskflow_api_virtualenv.py
[2024-12-05T07:07:17.610+0000] {processor.py:925} INFO - DAG(s) 'tutorial_taskflow_api_virtualenv' retrieved from /home/airflow/.local/lib/python3.12/site-packages/airflow/example_dags/tutorial_taskflow_api_virtualenv.py
[2024-12-05T07:07:17.624+0000] {logging_mixin.py:190} INFO - [2024-12-05T07:07:17.624+0000] {dag.py:3239} INFO - Sync 1 DAGs
[2024-12-05T07:07:17.635+0000] {logging_mixin.py:190} INFO - [2024-12-05T07:07:17.635+0000] {dag.py:4180} INFO - Setting next_dagrun for tutorial_taskflow_api_virtualenv to None, run_after=None
[2024-12-05T07:07:17.654+0000] {processor.py:208} INFO - Processing /home/airflow/.local/lib/python3.12/site-packages/airflow/example_dags/tutorial_taskflow_api_virtualenv.py took 0.059 seconds
[2024-12-05T07:07:47.822+0000] {processor.py:186} INFO - Started process (PID=35716) to work on /home/airflow/.local/lib/python3.12/site-packages/airflow/example_dags/tutorial_taskflow_api_virtualenv.py
[2024-12-05T07:07:47.823+0000] {processor.py:914} INFO - Processing file /home/airflow/.local/lib/python3.12/site-packages/airflow/example_dags/tutorial_taskflow_api_virtualenv.py for tasks to queue
[2024-12-05T07:07:47.825+0000] {logging_mixin.py:190} INFO - [2024-12-05T07:07:47.824+0000] {dagbag.py:588} INFO - Filling up the DagBag from /home/airflow/.local/lib/python3.12/site-packages/airflow/example_dags/tutorial_taskflow_api_virtualenv.py
[2024-12-05T07:07:47.834+0000] {processor.py:925} INFO - DAG(s) 'tutorial_taskflow_api_virtualenv' retrieved from /home/airflow/.local/lib/python3.12/site-packages/airflow/example_dags/tutorial_taskflow_api_virtualenv.py
[2024-12-05T07:07:47.849+0000] {logging_mixin.py:190} INFO - [2024-12-05T07:07:47.848+0000] {dag.py:3239} INFO - Sync 1 DAGs
[2024-12-05T07:07:47.860+0000] {logging_mixin.py:190} INFO - [2024-12-05T07:07:47.859+0000] {dag.py:4180} INFO - Setting next_dagrun for tutorial_taskflow_api_virtualenv to None, run_after=None
[2024-12-05T07:07:47.873+0000] {processor.py:208} INFO - Processing /home/airflow/.local/lib/python3.12/site-packages/airflow/example_dags/tutorial_taskflow_api_virtualenv.py took 0.055 seconds
