[2024-12-05T07:04:16.352+0000] {processor.py:186} INFO - Started process (PID=35292) to work on /home/airflow/.local/lib/python3.12/site-packages/airflow/example_dags/tutorial_taskflow_api.py
[2024-12-05T07:04:16.353+0000] {processor.py:914} INFO - Processing file /home/airflow/.local/lib/python3.12/site-packages/airflow/example_dags/tutorial_taskflow_api.py for tasks to queue
[2024-12-05T07:04:16.355+0000] {logging_mixin.py:190} INFO - [2024-12-05T07:04:16.354+0000] {dagbag.py:588} INFO - Filling up the DagBag from /home/airflow/.local/lib/python3.12/site-packages/airflow/example_dags/tutorial_taskflow_api.py
[2024-12-05T07:04:16.361+0000] {processor.py:925} INFO - DAG(s) 'tutorial_taskflow_api' retrieved from /home/airflow/.local/lib/python3.12/site-packages/airflow/example_dags/tutorial_taskflow_api.py
[2024-12-05T07:04:16.375+0000] {logging_mixin.py:190} INFO - [2024-12-05T07:04:16.375+0000] {dag.py:3239} INFO - Sync 1 DAGs
[2024-12-05T07:04:16.386+0000] {logging_mixin.py:190} INFO - [2024-12-05T07:04:16.386+0000] {dag.py:4180} INFO - Setting next_dagrun for tutorial_taskflow_api to None, run_after=None
[2024-12-05T07:04:16.400+0000] {processor.py:208} INFO - Processing /home/airflow/.local/lib/python3.12/site-packages/airflow/example_dags/tutorial_taskflow_api.py took 0.052 seconds
[2024-12-05T07:04:47.830+0000] {processor.py:186} INFO - Started process (PID=35355) to work on /home/airflow/.local/lib/python3.12/site-packages/airflow/example_dags/tutorial_taskflow_api.py
[2024-12-05T07:04:47.831+0000] {processor.py:914} INFO - Processing file /home/airflow/.local/lib/python3.12/site-packages/airflow/example_dags/tutorial_taskflow_api.py for tasks to queue
[2024-12-05T07:04:47.832+0000] {logging_mixin.py:190} INFO - [2024-12-05T07:04:47.832+0000] {dagbag.py:588} INFO - Filling up the DagBag from /home/airflow/.local/lib/python3.12/site-packages/airflow/example_dags/tutorial_taskflow_api.py
[2024-12-05T07:04:47.838+0000] {processor.py:925} INFO - DAG(s) 'tutorial_taskflow_api' retrieved from /home/airflow/.local/lib/python3.12/site-packages/airflow/example_dags/tutorial_taskflow_api.py
[2024-12-05T07:04:47.851+0000] {logging_mixin.py:190} INFO - [2024-12-05T07:04:47.851+0000] {dag.py:3239} INFO - Sync 1 DAGs
[2024-12-05T07:04:47.861+0000] {logging_mixin.py:190} INFO - [2024-12-05T07:04:47.861+0000] {dag.py:4180} INFO - Setting next_dagrun for tutorial_taskflow_api to None, run_after=None
[2024-12-05T07:04:47.873+0000] {processor.py:208} INFO - Processing /home/airflow/.local/lib/python3.12/site-packages/airflow/example_dags/tutorial_taskflow_api.py took 0.047 seconds
[2024-12-05T07:05:18.139+0000] {processor.py:186} INFO - Started process (PID=35418) to work on /home/airflow/.local/lib/python3.12/site-packages/airflow/example_dags/tutorial_taskflow_api.py
[2024-12-05T07:05:18.139+0000] {processor.py:914} INFO - Processing file /home/airflow/.local/lib/python3.12/site-packages/airflow/example_dags/tutorial_taskflow_api.py for tasks to queue
[2024-12-05T07:05:18.141+0000] {logging_mixin.py:190} INFO - [2024-12-05T07:05:18.141+0000] {dagbag.py:588} INFO - Filling up the DagBag from /home/airflow/.local/lib/python3.12/site-packages/airflow/example_dags/tutorial_taskflow_api.py
[2024-12-05T07:05:18.146+0000] {processor.py:925} INFO - DAG(s) 'tutorial_taskflow_api' retrieved from /home/airflow/.local/lib/python3.12/site-packages/airflow/example_dags/tutorial_taskflow_api.py
[2024-12-05T07:05:18.160+0000] {logging_mixin.py:190} INFO - [2024-12-05T07:05:18.160+0000] {dag.py:3239} INFO - Sync 1 DAGs
[2024-12-05T07:05:18.170+0000] {logging_mixin.py:190} INFO - [2024-12-05T07:05:18.170+0000] {dag.py:4180} INFO - Setting next_dagrun for tutorial_taskflow_api to None, run_after=None
[2024-12-05T07:05:18.182+0000] {processor.py:208} INFO - Processing /home/airflow/.local/lib/python3.12/site-packages/airflow/example_dags/tutorial_taskflow_api.py took 0.047 seconds
[2024-12-05T07:05:49.100+0000] {processor.py:186} INFO - Started process (PID=35480) to work on /home/airflow/.local/lib/python3.12/site-packages/airflow/example_dags/tutorial_taskflow_api.py
[2024-12-05T07:05:49.101+0000] {processor.py:914} INFO - Processing file /home/airflow/.local/lib/python3.12/site-packages/airflow/example_dags/tutorial_taskflow_api.py for tasks to queue
[2024-12-05T07:05:49.103+0000] {logging_mixin.py:190} INFO - [2024-12-05T07:05:49.102+0000] {dagbag.py:588} INFO - Filling up the DagBag from /home/airflow/.local/lib/python3.12/site-packages/airflow/example_dags/tutorial_taskflow_api.py
[2024-12-05T07:05:49.109+0000] {processor.py:925} INFO - DAG(s) 'tutorial_taskflow_api' retrieved from /home/airflow/.local/lib/python3.12/site-packages/airflow/example_dags/tutorial_taskflow_api.py
[2024-12-05T07:05:49.124+0000] {logging_mixin.py:190} INFO - [2024-12-05T07:05:49.124+0000] {dag.py:3239} INFO - Sync 1 DAGs
[2024-12-05T07:05:49.135+0000] {logging_mixin.py:190} INFO - [2024-12-05T07:05:49.135+0000] {dag.py:4180} INFO - Setting next_dagrun for tutorial_taskflow_api to None, run_after=None
[2024-12-05T07:05:49.147+0000] {processor.py:208} INFO - Processing /home/airflow/.local/lib/python3.12/site-packages/airflow/example_dags/tutorial_taskflow_api.py took 0.051 seconds
[2024-12-05T07:06:20.049+0000] {processor.py:186} INFO - Started process (PID=35543) to work on /home/airflow/.local/lib/python3.12/site-packages/airflow/example_dags/tutorial_taskflow_api.py
[2024-12-05T07:06:20.049+0000] {processor.py:914} INFO - Processing file /home/airflow/.local/lib/python3.12/site-packages/airflow/example_dags/tutorial_taskflow_api.py for tasks to queue
[2024-12-05T07:06:20.051+0000] {logging_mixin.py:190} INFO - [2024-12-05T07:06:20.051+0000] {dagbag.py:588} INFO - Filling up the DagBag from /home/airflow/.local/lib/python3.12/site-packages/airflow/example_dags/tutorial_taskflow_api.py
[2024-12-05T07:06:20.057+0000] {processor.py:925} INFO - DAG(s) 'tutorial_taskflow_api' retrieved from /home/airflow/.local/lib/python3.12/site-packages/airflow/example_dags/tutorial_taskflow_api.py
[2024-12-05T07:06:20.071+0000] {logging_mixin.py:190} INFO - [2024-12-05T07:06:20.071+0000] {dag.py:3239} INFO - Sync 1 DAGs
[2024-12-05T07:06:20.082+0000] {logging_mixin.py:190} INFO - [2024-12-05T07:06:20.082+0000] {dag.py:4180} INFO - Setting next_dagrun for tutorial_taskflow_api to None, run_after=None
[2024-12-05T07:06:20.096+0000] {processor.py:208} INFO - Processing /home/airflow/.local/lib/python3.12/site-packages/airflow/example_dags/tutorial_taskflow_api.py took 0.052 seconds
[2024-12-05T07:06:50.177+0000] {processor.py:186} INFO - Started process (PID=35611) to work on /home/airflow/.local/lib/python3.12/site-packages/airflow/example_dags/tutorial_taskflow_api.py
[2024-12-05T07:06:50.177+0000] {processor.py:914} INFO - Processing file /home/airflow/.local/lib/python3.12/site-packages/airflow/example_dags/tutorial_taskflow_api.py for tasks to queue
[2024-12-05T07:06:50.179+0000] {logging_mixin.py:190} INFO - [2024-12-05T07:06:50.179+0000] {dagbag.py:588} INFO - Filling up the DagBag from /home/airflow/.local/lib/python3.12/site-packages/airflow/example_dags/tutorial_taskflow_api.py
[2024-12-05T07:06:50.184+0000] {processor.py:925} INFO - DAG(s) 'tutorial_taskflow_api' retrieved from /home/airflow/.local/lib/python3.12/site-packages/airflow/example_dags/tutorial_taskflow_api.py
[2024-12-05T07:06:50.199+0000] {logging_mixin.py:190} INFO - [2024-12-05T07:06:50.199+0000] {dag.py:3239} INFO - Sync 1 DAGs
[2024-12-05T07:06:50.209+0000] {logging_mixin.py:190} INFO - [2024-12-05T07:06:50.209+0000] {dag.py:4180} INFO - Setting next_dagrun for tutorial_taskflow_api to None, run_after=None
[2024-12-05T07:06:50.222+0000] {processor.py:208} INFO - Processing /home/airflow/.local/lib/python3.12/site-packages/airflow/example_dags/tutorial_taskflow_api.py took 0.049 seconds
[2024-12-05T07:07:20.602+0000] {processor.py:186} INFO - Started process (PID=35674) to work on /home/airflow/.local/lib/python3.12/site-packages/airflow/example_dags/tutorial_taskflow_api.py
[2024-12-05T07:07:20.603+0000] {processor.py:914} INFO - Processing file /home/airflow/.local/lib/python3.12/site-packages/airflow/example_dags/tutorial_taskflow_api.py for tasks to queue
[2024-12-05T07:07:20.605+0000] {logging_mixin.py:190} INFO - [2024-12-05T07:07:20.605+0000] {dagbag.py:588} INFO - Filling up the DagBag from /home/airflow/.local/lib/python3.12/site-packages/airflow/example_dags/tutorial_taskflow_api.py
[2024-12-05T07:07:20.611+0000] {processor.py:925} INFO - DAG(s) 'tutorial_taskflow_api' retrieved from /home/airflow/.local/lib/python3.12/site-packages/airflow/example_dags/tutorial_taskflow_api.py
[2024-12-05T07:07:20.625+0000] {logging_mixin.py:190} INFO - [2024-12-05T07:07:20.625+0000] {dag.py:3239} INFO - Sync 1 DAGs
[2024-12-05T07:07:20.636+0000] {logging_mixin.py:190} INFO - [2024-12-05T07:07:20.635+0000] {dag.py:4180} INFO - Setting next_dagrun for tutorial_taskflow_api to None, run_after=None
[2024-12-05T07:07:20.649+0000] {processor.py:208} INFO - Processing /home/airflow/.local/lib/python3.12/site-packages/airflow/example_dags/tutorial_taskflow_api.py took 0.051 seconds
[2024-12-05T07:07:51.074+0000] {processor.py:186} INFO - Started process (PID=35737) to work on /home/airflow/.local/lib/python3.12/site-packages/airflow/example_dags/tutorial_taskflow_api.py
[2024-12-05T07:07:51.074+0000] {processor.py:914} INFO - Processing file /home/airflow/.local/lib/python3.12/site-packages/airflow/example_dags/tutorial_taskflow_api.py for tasks to queue
[2024-12-05T07:07:51.076+0000] {logging_mixin.py:190} INFO - [2024-12-05T07:07:51.076+0000] {dagbag.py:588} INFO - Filling up the DagBag from /home/airflow/.local/lib/python3.12/site-packages/airflow/example_dags/tutorial_taskflow_api.py
[2024-12-05T07:07:51.082+0000] {processor.py:925} INFO - DAG(s) 'tutorial_taskflow_api' retrieved from /home/airflow/.local/lib/python3.12/site-packages/airflow/example_dags/tutorial_taskflow_api.py
[2024-12-05T07:07:51.097+0000] {logging_mixin.py:190} INFO - [2024-12-05T07:07:51.097+0000] {dag.py:3239} INFO - Sync 1 DAGs
[2024-12-05T07:07:51.108+0000] {logging_mixin.py:190} INFO - [2024-12-05T07:07:51.108+0000] {dag.py:4180} INFO - Setting next_dagrun for tutorial_taskflow_api to None, run_after=None
[2024-12-05T07:07:51.123+0000] {processor.py:208} INFO - Processing /home/airflow/.local/lib/python3.12/site-packages/airflow/example_dags/tutorial_taskflow_api.py took 0.053 seconds
