[2024-12-05T07:04:13.730+0000] {processor.py:186} INFO - Started process (PID=35259) to work on /home/airflow/.local/lib/python3.12/site-packages/airflow/example_dags/tutorial_objectstorage.py
[2024-12-05T07:04:13.731+0000] {processor.py:914} INFO - Processing file /home/airflow/.local/lib/python3.12/site-packages/airflow/example_dags/tutorial_objectstorage.py for tasks to queue
[2024-12-05T07:04:13.735+0000] {logging_mixin.py:190} INFO - [2024-12-05T07:04:13.734+0000] {dagbag.py:588} INFO - Filling up the DagBag from /home/airflow/.local/lib/python3.12/site-packages/airflow/example_dags/tutorial_objectstorage.py
[2024-12-05T07:04:13.751+0000] {processor.py:925} INFO - DAG(s) 'tutorial_objectstorage' retrieved from /home/airflow/.local/lib/python3.12/site-packages/airflow/example_dags/tutorial_objectstorage.py
[2024-12-05T07:04:13.776+0000] {logging_mixin.py:190} INFO - [2024-12-05T07:04:13.776+0000] {dag.py:3239} INFO - Sync 1 DAGs
[2024-12-05T07:04:13.815+0000] {logging_mixin.py:190} INFO - [2024-12-05T07:04:13.815+0000] {dag.py:4180} INFO - Setting next_dagrun for tutorial_objectstorage to None, run_after=None
[2024-12-05T07:04:13.855+0000] {processor.py:208} INFO - Processing /home/airflow/.local/lib/python3.12/site-packages/airflow/example_dags/tutorial_objectstorage.py took 0.132 seconds
[2024-12-05T07:04:44.057+0000] {processor.py:186} INFO - Started process (PID=35321) to work on /home/airflow/.local/lib/python3.12/site-packages/airflow/example_dags/tutorial_objectstorage.py
[2024-12-05T07:04:44.058+0000] {processor.py:914} INFO - Processing file /home/airflow/.local/lib/python3.12/site-packages/airflow/example_dags/tutorial_objectstorage.py for tasks to queue
[2024-12-05T07:04:44.060+0000] {logging_mixin.py:190} INFO - [2024-12-05T07:04:44.059+0000] {dagbag.py:588} INFO - Filling up the DagBag from /home/airflow/.local/lib/python3.12/site-packages/airflow/example_dags/tutorial_objectstorage.py
[2024-12-05T07:04:44.068+0000] {processor.py:925} INFO - DAG(s) 'tutorial_objectstorage' retrieved from /home/airflow/.local/lib/python3.12/site-packages/airflow/example_dags/tutorial_objectstorage.py
[2024-12-05T07:04:44.083+0000] {logging_mixin.py:190} INFO - [2024-12-05T07:04:44.083+0000] {dag.py:3239} INFO - Sync 1 DAGs
[2024-12-05T07:04:44.094+0000] {logging_mixin.py:190} INFO - [2024-12-05T07:04:44.094+0000] {dag.py:4180} INFO - Setting next_dagrun for tutorial_objectstorage to None, run_after=None
[2024-12-05T07:04:44.108+0000] {processor.py:208} INFO - Processing /home/airflow/.local/lib/python3.12/site-packages/airflow/example_dags/tutorial_objectstorage.py took 0.056 seconds
[2024-12-05T07:05:14.184+0000] {processor.py:186} INFO - Started process (PID=35384) to work on /home/airflow/.local/lib/python3.12/site-packages/airflow/example_dags/tutorial_objectstorage.py
[2024-12-05T07:05:14.184+0000] {processor.py:914} INFO - Processing file /home/airflow/.local/lib/python3.12/site-packages/airflow/example_dags/tutorial_objectstorage.py for tasks to queue
[2024-12-05T07:05:14.186+0000] {logging_mixin.py:190} INFO - [2024-12-05T07:05:14.186+0000] {dagbag.py:588} INFO - Filling up the DagBag from /home/airflow/.local/lib/python3.12/site-packages/airflow/example_dags/tutorial_objectstorage.py
[2024-12-05T07:05:14.192+0000] {processor.py:925} INFO - DAG(s) 'tutorial_objectstorage' retrieved from /home/airflow/.local/lib/python3.12/site-packages/airflow/example_dags/tutorial_objectstorage.py
[2024-12-05T07:05:14.206+0000] {logging_mixin.py:190} INFO - [2024-12-05T07:05:14.205+0000] {dag.py:3239} INFO - Sync 1 DAGs
[2024-12-05T07:05:14.216+0000] {logging_mixin.py:190} INFO - [2024-12-05T07:05:14.216+0000] {dag.py:4180} INFO - Setting next_dagrun for tutorial_objectstorage to None, run_after=None
[2024-12-05T07:05:14.229+0000] {processor.py:208} INFO - Processing /home/airflow/.local/lib/python3.12/site-packages/airflow/example_dags/tutorial_objectstorage.py took 0.049 seconds
[2024-12-05T07:05:44.712+0000] {processor.py:186} INFO - Started process (PID=35447) to work on /home/airflow/.local/lib/python3.12/site-packages/airflow/example_dags/tutorial_objectstorage.py
[2024-12-05T07:05:44.713+0000] {processor.py:914} INFO - Processing file /home/airflow/.local/lib/python3.12/site-packages/airflow/example_dags/tutorial_objectstorage.py for tasks to queue
[2024-12-05T07:05:44.714+0000] {logging_mixin.py:190} INFO - [2024-12-05T07:05:44.714+0000] {dagbag.py:588} INFO - Filling up the DagBag from /home/airflow/.local/lib/python3.12/site-packages/airflow/example_dags/tutorial_objectstorage.py
[2024-12-05T07:05:44.720+0000] {processor.py:925} INFO - DAG(s) 'tutorial_objectstorage' retrieved from /home/airflow/.local/lib/python3.12/site-packages/airflow/example_dags/tutorial_objectstorage.py
[2024-12-05T07:05:44.734+0000] {logging_mixin.py:190} INFO - [2024-12-05T07:05:44.733+0000] {dag.py:3239} INFO - Sync 1 DAGs
[2024-12-05T07:05:44.744+0000] {logging_mixin.py:190} INFO - [2024-12-05T07:05:44.744+0000] {dag.py:4180} INFO - Setting next_dagrun for tutorial_objectstorage to None, run_after=None
[2024-12-05T07:05:44.757+0000] {processor.py:208} INFO - Processing /home/airflow/.local/lib/python3.12/site-packages/airflow/example_dags/tutorial_objectstorage.py took 0.049 seconds
[2024-12-05T07:06:14.974+0000] {processor.py:186} INFO - Started process (PID=35510) to work on /home/airflow/.local/lib/python3.12/site-packages/airflow/example_dags/tutorial_objectstorage.py
[2024-12-05T07:06:14.974+0000] {processor.py:914} INFO - Processing file /home/airflow/.local/lib/python3.12/site-packages/airflow/example_dags/tutorial_objectstorage.py for tasks to queue
[2024-12-05T07:06:14.976+0000] {logging_mixin.py:190} INFO - [2024-12-05T07:06:14.976+0000] {dagbag.py:588} INFO - Filling up the DagBag from /home/airflow/.local/lib/python3.12/site-packages/airflow/example_dags/tutorial_objectstorage.py
[2024-12-05T07:06:14.982+0000] {processor.py:925} INFO - DAG(s) 'tutorial_objectstorage' retrieved from /home/airflow/.local/lib/python3.12/site-packages/airflow/example_dags/tutorial_objectstorage.py
[2024-12-05T07:06:14.996+0000] {logging_mixin.py:190} INFO - [2024-12-05T07:06:14.996+0000] {dag.py:3239} INFO - Sync 1 DAGs
[2024-12-05T07:06:15.007+0000] {logging_mixin.py:190} INFO - [2024-12-05T07:06:15.007+0000] {dag.py:4180} INFO - Setting next_dagrun for tutorial_objectstorage to None, run_after=None
[2024-12-05T07:06:15.021+0000] {processor.py:208} INFO - Processing /home/airflow/.local/lib/python3.12/site-packages/airflow/example_dags/tutorial_objectstorage.py took 0.051 seconds
[2024-12-05T07:06:45.297+0000] {processor.py:186} INFO - Started process (PID=35573) to work on /home/airflow/.local/lib/python3.12/site-packages/airflow/example_dags/tutorial_objectstorage.py
[2024-12-05T07:06:45.297+0000] {processor.py:914} INFO - Processing file /home/airflow/.local/lib/python3.12/site-packages/airflow/example_dags/tutorial_objectstorage.py for tasks to queue
[2024-12-05T07:06:45.299+0000] {logging_mixin.py:190} INFO - [2024-12-05T07:06:45.299+0000] {dagbag.py:588} INFO - Filling up the DagBag from /home/airflow/.local/lib/python3.12/site-packages/airflow/example_dags/tutorial_objectstorage.py
[2024-12-05T07:06:45.306+0000] {processor.py:925} INFO - DAG(s) 'tutorial_objectstorage' retrieved from /home/airflow/.local/lib/python3.12/site-packages/airflow/example_dags/tutorial_objectstorage.py
[2024-12-05T07:06:45.319+0000] {logging_mixin.py:190} INFO - [2024-12-05T07:06:45.319+0000] {dag.py:3239} INFO - Sync 1 DAGs
[2024-12-05T07:06:45.330+0000] {logging_mixin.py:190} INFO - [2024-12-05T07:06:45.329+0000] {dag.py:4180} INFO - Setting next_dagrun for tutorial_objectstorage to None, run_after=None
[2024-12-05T07:06:45.343+0000] {processor.py:208} INFO - Processing /home/airflow/.local/lib/python3.12/site-packages/airflow/example_dags/tutorial_objectstorage.py took 0.050 seconds
[2024-12-05T07:07:15.900+0000] {processor.py:186} INFO - Started process (PID=35642) to work on /home/airflow/.local/lib/python3.12/site-packages/airflow/example_dags/tutorial_objectstorage.py
[2024-12-05T07:07:15.900+0000] {processor.py:914} INFO - Processing file /home/airflow/.local/lib/python3.12/site-packages/airflow/example_dags/tutorial_objectstorage.py for tasks to queue
[2024-12-05T07:07:15.902+0000] {logging_mixin.py:190} INFO - [2024-12-05T07:07:15.902+0000] {dagbag.py:588} INFO - Filling up the DagBag from /home/airflow/.local/lib/python3.12/site-packages/airflow/example_dags/tutorial_objectstorage.py
[2024-12-05T07:07:15.909+0000] {processor.py:925} INFO - DAG(s) 'tutorial_objectstorage' retrieved from /home/airflow/.local/lib/python3.12/site-packages/airflow/example_dags/tutorial_objectstorage.py
[2024-12-05T07:07:15.924+0000] {logging_mixin.py:190} INFO - [2024-12-05T07:07:15.924+0000] {dag.py:3239} INFO - Sync 1 DAGs
[2024-12-05T07:07:15.935+0000] {logging_mixin.py:190} INFO - [2024-12-05T07:07:15.935+0000] {dag.py:4180} INFO - Setting next_dagrun for tutorial_objectstorage to None, run_after=None
[2024-12-05T07:07:15.948+0000] {processor.py:208} INFO - Processing /home/airflow/.local/lib/python3.12/site-packages/airflow/example_dags/tutorial_objectstorage.py took 0.053 seconds
[2024-12-05T07:07:46.302+0000] {processor.py:186} INFO - Started process (PID=35705) to work on /home/airflow/.local/lib/python3.12/site-packages/airflow/example_dags/tutorial_objectstorage.py
[2024-12-05T07:07:46.302+0000] {processor.py:914} INFO - Processing file /home/airflow/.local/lib/python3.12/site-packages/airflow/example_dags/tutorial_objectstorage.py for tasks to queue
[2024-12-05T07:07:46.304+0000] {logging_mixin.py:190} INFO - [2024-12-05T07:07:46.304+0000] {dagbag.py:588} INFO - Filling up the DagBag from /home/airflow/.local/lib/python3.12/site-packages/airflow/example_dags/tutorial_objectstorage.py
[2024-12-05T07:07:46.310+0000] {processor.py:925} INFO - DAG(s) 'tutorial_objectstorage' retrieved from /home/airflow/.local/lib/python3.12/site-packages/airflow/example_dags/tutorial_objectstorage.py
[2024-12-05T07:07:46.323+0000] {logging_mixin.py:190} INFO - [2024-12-05T07:07:46.323+0000] {dag.py:3239} INFO - Sync 1 DAGs
[2024-12-05T07:07:46.333+0000] {logging_mixin.py:190} INFO - [2024-12-05T07:07:46.333+0000] {dag.py:4180} INFO - Setting next_dagrun for tutorial_objectstorage to None, run_after=None
[2024-12-05T07:07:46.346+0000] {processor.py:208} INFO - Processing /home/airflow/.local/lib/python3.12/site-packages/airflow/example_dags/tutorial_objectstorage.py took 0.048 seconds
