[2024-12-05T07:04:14.483+0000] {processor.py:186} INFO - Started process (PID=35264) to work on /home/airflow/.local/lib/python3.12/site-packages/airflow/example_dags/tutorial.py
[2024-12-05T07:04:14.484+0000] {processor.py:914} INFO - Processing file /home/airflow/.local/lib/python3.12/site-packages/airflow/example_dags/tutorial.py for tasks to queue
[2024-12-05T07:04:14.486+0000] {logging_mixin.py:190} INFO - [2024-12-05T07:04:14.486+0000] {dagbag.py:588} INFO - Filling up the DagBag from /home/airflow/.local/lib/python3.12/site-packages/airflow/example_dags/tutorial.py
[2024-12-05T07:04:14.494+0000] {processor.py:925} INFO - DAG(s) 'tutorial' retrieved from /home/airflow/.local/lib/python3.12/site-packages/airflow/example_dags/tutorial.py
[2024-12-05T07:04:14.511+0000] {logging_mixin.py:190} INFO - [2024-12-05T07:04:14.510+0000] {dag.py:3239} INFO - Sync 1 DAGs
[2024-12-05T07:04:14.534+0000] {logging_mixin.py:190} INFO - [2024-12-05T07:04:14.533+0000] {dag.py:4180} INFO - Setting next_dagrun for tutorial to 2024-12-04 00:00:00+00:00, run_after=2024-12-05 00:00:00+00:00
[2024-12-05T07:04:14.551+0000] {processor.py:208} INFO - Processing /home/airflow/.local/lib/python3.12/site-packages/airflow/example_dags/tutorial.py took 0.074 seconds
[2024-12-05T07:04:45.742+0000] {processor.py:186} INFO - Started process (PID=35327) to work on /home/airflow/.local/lib/python3.12/site-packages/airflow/example_dags/tutorial.py
[2024-12-05T07:04:45.743+0000] {processor.py:914} INFO - Processing file /home/airflow/.local/lib/python3.12/site-packages/airflow/example_dags/tutorial.py for tasks to queue
[2024-12-05T07:04:45.745+0000] {logging_mixin.py:190} INFO - [2024-12-05T07:04:45.745+0000] {dagbag.py:588} INFO - Filling up the DagBag from /home/airflow/.local/lib/python3.12/site-packages/airflow/example_dags/tutorial.py
[2024-12-05T07:04:45.750+0000] {processor.py:925} INFO - DAG(s) 'tutorial' retrieved from /home/airflow/.local/lib/python3.12/site-packages/airflow/example_dags/tutorial.py
[2024-12-05T07:04:45.762+0000] {logging_mixin.py:190} INFO - [2024-12-05T07:04:45.762+0000] {dag.py:3239} INFO - Sync 1 DAGs
[2024-12-05T07:04:45.778+0000] {logging_mixin.py:190} INFO - [2024-12-05T07:04:45.778+0000] {dag.py:4180} INFO - Setting next_dagrun for tutorial to 2024-12-04 00:00:00+00:00, run_after=2024-12-05 00:00:00+00:00
[2024-12-05T07:04:45.790+0000] {processor.py:208} INFO - Processing /home/airflow/.local/lib/python3.12/site-packages/airflow/example_dags/tutorial.py took 0.051 seconds
[2024-12-05T07:05:16.469+0000] {processor.py:186} INFO - Started process (PID=35390) to work on /home/airflow/.local/lib/python3.12/site-packages/airflow/example_dags/tutorial.py
[2024-12-05T07:05:16.469+0000] {processor.py:914} INFO - Processing file /home/airflow/.local/lib/python3.12/site-packages/airflow/example_dags/tutorial.py for tasks to queue
[2024-12-05T07:05:16.471+0000] {logging_mixin.py:190} INFO - [2024-12-05T07:05:16.471+0000] {dagbag.py:588} INFO - Filling up the DagBag from /home/airflow/.local/lib/python3.12/site-packages/airflow/example_dags/tutorial.py
[2024-12-05T07:05:16.476+0000] {processor.py:925} INFO - DAG(s) 'tutorial' retrieved from /home/airflow/.local/lib/python3.12/site-packages/airflow/example_dags/tutorial.py
[2024-12-05T07:05:16.489+0000] {logging_mixin.py:190} INFO - [2024-12-05T07:05:16.489+0000] {dag.py:3239} INFO - Sync 1 DAGs
[2024-12-05T07:05:16.505+0000] {logging_mixin.py:190} INFO - [2024-12-05T07:05:16.505+0000] {dag.py:4180} INFO - Setting next_dagrun for tutorial to 2024-12-04 00:00:00+00:00, run_after=2024-12-05 00:00:00+00:00
[2024-12-05T07:05:16.517+0000] {processor.py:208} INFO - Processing /home/airflow/.local/lib/python3.12/site-packages/airflow/example_dags/tutorial.py took 0.052 seconds
[2024-12-05T07:05:46.885+0000] {processor.py:186} INFO - Started process (PID=35452) to work on /home/airflow/.local/lib/python3.12/site-packages/airflow/example_dags/tutorial.py
[2024-12-05T07:05:46.886+0000] {processor.py:914} INFO - Processing file /home/airflow/.local/lib/python3.12/site-packages/airflow/example_dags/tutorial.py for tasks to queue
[2024-12-05T07:05:46.887+0000] {logging_mixin.py:190} INFO - [2024-12-05T07:05:46.887+0000] {dagbag.py:588} INFO - Filling up the DagBag from /home/airflow/.local/lib/python3.12/site-packages/airflow/example_dags/tutorial.py
[2024-12-05T07:05:46.893+0000] {processor.py:925} INFO - DAG(s) 'tutorial' retrieved from /home/airflow/.local/lib/python3.12/site-packages/airflow/example_dags/tutorial.py
[2024-12-05T07:05:46.908+0000] {logging_mixin.py:190} INFO - [2024-12-05T07:05:46.907+0000] {dag.py:3239} INFO - Sync 1 DAGs
[2024-12-05T07:05:46.925+0000] {logging_mixin.py:190} INFO - [2024-12-05T07:05:46.925+0000] {dag.py:4180} INFO - Setting next_dagrun for tutorial to 2024-12-04 00:00:00+00:00, run_after=2024-12-05 00:00:00+00:00
[2024-12-05T07:05:46.939+0000] {processor.py:208} INFO - Processing /home/airflow/.local/lib/python3.12/site-packages/airflow/example_dags/tutorial.py took 0.057 seconds
[2024-12-05T07:06:17.067+0000] {processor.py:186} INFO - Started process (PID=35515) to work on /home/airflow/.local/lib/python3.12/site-packages/airflow/example_dags/tutorial.py
[2024-12-05T07:06:17.068+0000] {processor.py:914} INFO - Processing file /home/airflow/.local/lib/python3.12/site-packages/airflow/example_dags/tutorial.py for tasks to queue
[2024-12-05T07:06:17.070+0000] {logging_mixin.py:190} INFO - [2024-12-05T07:06:17.069+0000] {dagbag.py:588} INFO - Filling up the DagBag from /home/airflow/.local/lib/python3.12/site-packages/airflow/example_dags/tutorial.py
[2024-12-05T07:06:17.075+0000] {processor.py:925} INFO - DAG(s) 'tutorial' retrieved from /home/airflow/.local/lib/python3.12/site-packages/airflow/example_dags/tutorial.py
[2024-12-05T07:06:17.089+0000] {logging_mixin.py:190} INFO - [2024-12-05T07:06:17.089+0000] {dag.py:3239} INFO - Sync 1 DAGs
[2024-12-05T07:06:17.106+0000] {logging_mixin.py:190} INFO - [2024-12-05T07:06:17.106+0000] {dag.py:4180} INFO - Setting next_dagrun for tutorial to 2024-12-04 00:00:00+00:00, run_after=2024-12-05 00:00:00+00:00
[2024-12-05T07:06:17.120+0000] {processor.py:208} INFO - Processing /home/airflow/.local/lib/python3.12/site-packages/airflow/example_dags/tutorial.py took 0.056 seconds
[2024-12-05T07:06:47.376+0000] {processor.py:186} INFO - Started process (PID=35587) to work on /home/airflow/.local/lib/python3.12/site-packages/airflow/example_dags/tutorial.py
[2024-12-05T07:06:47.376+0000] {processor.py:914} INFO - Processing file /home/airflow/.local/lib/python3.12/site-packages/airflow/example_dags/tutorial.py for tasks to queue
[2024-12-05T07:06:47.378+0000] {logging_mixin.py:190} INFO - [2024-12-05T07:06:47.378+0000] {dagbag.py:588} INFO - Filling up the DagBag from /home/airflow/.local/lib/python3.12/site-packages/airflow/example_dags/tutorial.py
[2024-12-05T07:06:47.384+0000] {processor.py:925} INFO - DAG(s) 'tutorial' retrieved from /home/airflow/.local/lib/python3.12/site-packages/airflow/example_dags/tutorial.py
[2024-12-05T07:06:47.398+0000] {logging_mixin.py:190} INFO - [2024-12-05T07:06:47.398+0000] {dag.py:3239} INFO - Sync 1 DAGs
[2024-12-05T07:06:47.415+0000] {logging_mixin.py:190} INFO - [2024-12-05T07:06:47.415+0000] {dag.py:4180} INFO - Setting next_dagrun for tutorial to 2024-12-04 00:00:00+00:00, run_after=2024-12-05 00:00:00+00:00
[2024-12-05T07:06:47.429+0000] {processor.py:208} INFO - Processing /home/airflow/.local/lib/python3.12/site-packages/airflow/example_dags/tutorial.py took 0.057 seconds
[2024-12-05T07:07:17.721+0000] {processor.py:186} INFO - Started process (PID=35655) to work on /home/airflow/.local/lib/python3.12/site-packages/airflow/example_dags/tutorial.py
[2024-12-05T07:07:17.722+0000] {processor.py:914} INFO - Processing file /home/airflow/.local/lib/python3.12/site-packages/airflow/example_dags/tutorial.py for tasks to queue
[2024-12-05T07:07:17.724+0000] {logging_mixin.py:190} INFO - [2024-12-05T07:07:17.723+0000] {dagbag.py:588} INFO - Filling up the DagBag from /home/airflow/.local/lib/python3.12/site-packages/airflow/example_dags/tutorial.py
[2024-12-05T07:07:17.729+0000] {processor.py:925} INFO - DAG(s) 'tutorial' retrieved from /home/airflow/.local/lib/python3.12/site-packages/airflow/example_dags/tutorial.py
[2024-12-05T07:07:17.745+0000] {logging_mixin.py:190} INFO - [2024-12-05T07:07:17.744+0000] {dag.py:3239} INFO - Sync 1 DAGs
[2024-12-05T07:07:17.764+0000] {logging_mixin.py:190} INFO - [2024-12-05T07:07:17.763+0000] {dag.py:4180} INFO - Setting next_dagrun for tutorial to 2024-12-04 00:00:00+00:00, run_after=2024-12-05 00:00:00+00:00
[2024-12-05T07:07:17.777+0000] {processor.py:208} INFO - Processing /home/airflow/.local/lib/python3.12/site-packages/airflow/example_dags/tutorial.py took 0.060 seconds
[2024-12-05T07:07:47.985+0000] {processor.py:186} INFO - Started process (PID=35718) to work on /home/airflow/.local/lib/python3.12/site-packages/airflow/example_dags/tutorial.py
[2024-12-05T07:07:47.985+0000] {processor.py:914} INFO - Processing file /home/airflow/.local/lib/python3.12/site-packages/airflow/example_dags/tutorial.py for tasks to queue
[2024-12-05T07:07:47.987+0000] {logging_mixin.py:190} INFO - [2024-12-05T07:07:47.987+0000] {dagbag.py:588} INFO - Filling up the DagBag from /home/airflow/.local/lib/python3.12/site-packages/airflow/example_dags/tutorial.py
[2024-12-05T07:07:47.992+0000] {processor.py:925} INFO - DAG(s) 'tutorial' retrieved from /home/airflow/.local/lib/python3.12/site-packages/airflow/example_dags/tutorial.py
[2024-12-05T07:07:48.006+0000] {logging_mixin.py:190} INFO - [2024-12-05T07:07:48.006+0000] {dag.py:3239} INFO - Sync 1 DAGs
[2024-12-05T07:07:48.022+0000] {logging_mixin.py:190} INFO - [2024-12-05T07:07:48.022+0000] {dag.py:4180} INFO - Setting next_dagrun for tutorial to 2024-12-04 00:00:00+00:00, run_after=2024-12-05 00:00:00+00:00
[2024-12-05T07:07:48.035+0000] {processor.py:208} INFO - Processing /home/airflow/.local/lib/python3.12/site-packages/airflow/example_dags/tutorial.py took 0.055 seconds
