[2025-03-17T07:05:01.919+0000] {processor.py:186} INFO - Started process (PID=62) to work on /home/airflow/.local/lib/python3.12/site-packages/airflow/example_dags/example_task_group.py
[2025-03-17T07:05:01.922+0000] {processor.py:914} INFO - Processing file /home/airflow/.local/lib/python3.12/site-packages/airflow/example_dags/example_task_group.py for tasks to queue
[2025-03-17T07:05:01.928+0000] {logging_mixin.py:190} INFO - [2025-03-17T07:05:01.928+0000] {dagbag.py:588} INFO - Filling up the DagBag from /home/airflow/.local/lib/python3.12/site-packages/airflow/example_dags/example_task_group.py
[2025-03-17T07:05:01.945+0000] {processor.py:925} INFO - DAG(s) 'example_task_group' retrieved from /home/airflow/.local/lib/python3.12/site-packages/airflow/example_dags/example_task_group.py
[2025-03-17T07:05:01.987+0000] {logging_mixin.py:190} INFO - [2025-03-17T07:05:01.987+0000] {dag.py:3239} INFO - Sync 1 DAGs
[2025-03-17T07:05:02.009+0000] {logging_mixin.py:190} INFO - [2025-03-17T07:05:02.009+0000] {dag.py:4180} INFO - Setting next_dagrun for example_task_group to None, run_after=None
[2025-03-17T07:05:02.029+0000] {processor.py:208} INFO - Processing /home/airflow/.local/lib/python3.12/site-packages/airflow/example_dags/example_task_group.py took 0.116 seconds
[2025-03-17T07:05:32.699+0000] {processor.py:186} INFO - Started process (PID=145) to work on /home/airflow/.local/lib/python3.12/site-packages/airflow/example_dags/example_task_group.py
[2025-03-17T07:05:32.700+0000] {processor.py:914} INFO - Processing file /home/airflow/.local/lib/python3.12/site-packages/airflow/example_dags/example_task_group.py for tasks to queue
[2025-03-17T07:05:32.703+0000] {logging_mixin.py:190} INFO - [2025-03-17T07:05:32.703+0000] {dagbag.py:588} INFO - Filling up the DagBag from /home/airflow/.local/lib/python3.12/site-packages/airflow/example_dags/example_task_group.py
[2025-03-17T07:05:32.713+0000] {processor.py:925} INFO - DAG(s) 'example_task_group' retrieved from /home/airflow/.local/lib/python3.12/site-packages/airflow/example_dags/example_task_group.py
[2025-03-17T07:05:32.737+0000] {logging_mixin.py:190} INFO - [2025-03-17T07:05:32.734+0000] {dag.py:3239} INFO - Sync 1 DAGs
[2025-03-17T07:05:32.753+0000] {logging_mixin.py:190} INFO - [2025-03-17T07:05:32.752+0000] {dag.py:4180} INFO - Setting next_dagrun for example_task_group to None, run_after=None
[2025-03-17T07:05:32.770+0000] {processor.py:208} INFO - Processing /home/airflow/.local/lib/python3.12/site-packages/airflow/example_dags/example_task_group.py took 0.076 seconds
[2025-03-17T07:06:03.428+0000] {processor.py:186} INFO - Started process (PID=214) to work on /home/airflow/.local/lib/python3.12/site-packages/airflow/example_dags/example_task_group.py
[2025-03-17T07:06:03.429+0000] {processor.py:914} INFO - Processing file /home/airflow/.local/lib/python3.12/site-packages/airflow/example_dags/example_task_group.py for tasks to queue
[2025-03-17T07:06:03.430+0000] {logging_mixin.py:190} INFO - [2025-03-17T07:06:03.430+0000] {dagbag.py:588} INFO - Filling up the DagBag from /home/airflow/.local/lib/python3.12/site-packages/airflow/example_dags/example_task_group.py
[2025-03-17T07:06:03.436+0000] {processor.py:925} INFO - DAG(s) 'example_task_group' retrieved from /home/airflow/.local/lib/python3.12/site-packages/airflow/example_dags/example_task_group.py
[2025-03-17T07:06:03.451+0000] {logging_mixin.py:190} INFO - [2025-03-17T07:06:03.451+0000] {dag.py:3239} INFO - Sync 1 DAGs
[2025-03-17T07:06:03.462+0000] {logging_mixin.py:190} INFO - [2025-03-17T07:06:03.462+0000] {dag.py:4180} INFO - Setting next_dagrun for example_task_group to None, run_after=None
[2025-03-17T07:06:03.476+0000] {processor.py:208} INFO - Processing /home/airflow/.local/lib/python3.12/site-packages/airflow/example_dags/example_task_group.py took 0.051 seconds
[2025-03-17T07:06:34.284+0000] {processor.py:186} INFO - Started process (PID=277) to work on /home/airflow/.local/lib/python3.12/site-packages/airflow/example_dags/example_task_group.py
[2025-03-17T07:06:34.285+0000] {processor.py:914} INFO - Processing file /home/airflow/.local/lib/python3.12/site-packages/airflow/example_dags/example_task_group.py for tasks to queue
[2025-03-17T07:06:34.287+0000] {logging_mixin.py:190} INFO - [2025-03-17T07:06:34.286+0000] {dagbag.py:588} INFO - Filling up the DagBag from /home/airflow/.local/lib/python3.12/site-packages/airflow/example_dags/example_task_group.py
[2025-03-17T07:06:34.294+0000] {processor.py:925} INFO - DAG(s) 'example_task_group' retrieved from /home/airflow/.local/lib/python3.12/site-packages/airflow/example_dags/example_task_group.py
[2025-03-17T07:06:34.310+0000] {logging_mixin.py:190} INFO - [2025-03-17T07:06:34.310+0000] {dag.py:3239} INFO - Sync 1 DAGs
[2025-03-17T07:06:34.321+0000] {logging_mixin.py:190} INFO - [2025-03-17T07:06:34.321+0000] {dag.py:4180} INFO - Setting next_dagrun for example_task_group to None, run_after=None
[2025-03-17T07:06:34.334+0000] {processor.py:208} INFO - Processing /home/airflow/.local/lib/python3.12/site-packages/airflow/example_dags/example_task_group.py took 0.055 seconds
[2025-03-17T07:07:05.250+0000] {processor.py:186} INFO - Started process (PID=340) to work on /home/airflow/.local/lib/python3.12/site-packages/airflow/example_dags/example_task_group.py
[2025-03-17T07:07:05.250+0000] {processor.py:914} INFO - Processing file /home/airflow/.local/lib/python3.12/site-packages/airflow/example_dags/example_task_group.py for tasks to queue
[2025-03-17T07:07:05.252+0000] {logging_mixin.py:190} INFO - [2025-03-17T07:07:05.252+0000] {dagbag.py:588} INFO - Filling up the DagBag from /home/airflow/.local/lib/python3.12/site-packages/airflow/example_dags/example_task_group.py
[2025-03-17T07:07:05.258+0000] {processor.py:925} INFO - DAG(s) 'example_task_group' retrieved from /home/airflow/.local/lib/python3.12/site-packages/airflow/example_dags/example_task_group.py
[2025-03-17T07:07:05.275+0000] {logging_mixin.py:190} INFO - [2025-03-17T07:07:05.274+0000] {dag.py:3239} INFO - Sync 1 DAGs
[2025-03-17T07:07:05.285+0000] {logging_mixin.py:190} INFO - [2025-03-17T07:07:05.285+0000] {dag.py:4180} INFO - Setting next_dagrun for example_task_group to None, run_after=None
[2025-03-17T07:07:05.298+0000] {processor.py:208} INFO - Processing /home/airflow/.local/lib/python3.12/site-packages/airflow/example_dags/example_task_group.py took 0.053 seconds
[2025-03-17T07:07:36.272+0000] {processor.py:186} INFO - Started process (PID=403) to work on /home/airflow/.local/lib/python3.12/site-packages/airflow/example_dags/example_task_group.py
[2025-03-17T07:07:36.273+0000] {processor.py:914} INFO - Processing file /home/airflow/.local/lib/python3.12/site-packages/airflow/example_dags/example_task_group.py for tasks to queue
[2025-03-17T07:07:36.274+0000] {logging_mixin.py:190} INFO - [2025-03-17T07:07:36.274+0000] {dagbag.py:588} INFO - Filling up the DagBag from /home/airflow/.local/lib/python3.12/site-packages/airflow/example_dags/example_task_group.py
[2025-03-17T07:07:36.281+0000] {processor.py:925} INFO - DAG(s) 'example_task_group' retrieved from /home/airflow/.local/lib/python3.12/site-packages/airflow/example_dags/example_task_group.py
[2025-03-17T07:07:36.300+0000] {logging_mixin.py:190} INFO - [2025-03-17T07:07:36.300+0000] {dag.py:3239} INFO - Sync 1 DAGs
[2025-03-17T07:07:36.313+0000] {logging_mixin.py:190} INFO - [2025-03-17T07:07:36.313+0000] {dag.py:4180} INFO - Setting next_dagrun for example_task_group to None, run_after=None
[2025-03-17T07:07:36.330+0000] {processor.py:208} INFO - Processing /home/airflow/.local/lib/python3.12/site-packages/airflow/example_dags/example_task_group.py took 0.063 seconds
[2025-03-17T07:08:07.152+0000] {processor.py:186} INFO - Started process (PID=466) to work on /home/airflow/.local/lib/python3.12/site-packages/airflow/example_dags/example_task_group.py
[2025-03-17T07:08:07.153+0000] {processor.py:914} INFO - Processing file /home/airflow/.local/lib/python3.12/site-packages/airflow/example_dags/example_task_group.py for tasks to queue
[2025-03-17T07:08:07.155+0000] {logging_mixin.py:190} INFO - [2025-03-17T07:08:07.155+0000] {dagbag.py:588} INFO - Filling up the DagBag from /home/airflow/.local/lib/python3.12/site-packages/airflow/example_dags/example_task_group.py
[2025-03-17T07:08:07.161+0000] {processor.py:925} INFO - DAG(s) 'example_task_group' retrieved from /home/airflow/.local/lib/python3.12/site-packages/airflow/example_dags/example_task_group.py
[2025-03-17T07:08:07.177+0000] {logging_mixin.py:190} INFO - [2025-03-17T07:08:07.177+0000] {dag.py:3239} INFO - Sync 1 DAGs
[2025-03-17T07:08:07.187+0000] {logging_mixin.py:190} INFO - [2025-03-17T07:08:07.187+0000] {dag.py:4180} INFO - Setting next_dagrun for example_task_group to None, run_after=None
[2025-03-17T07:08:07.200+0000] {processor.py:208} INFO - Processing /home/airflow/.local/lib/python3.12/site-packages/airflow/example_dags/example_task_group.py took 0.051 seconds
[2025-03-17T07:08:37.760+0000] {processor.py:186} INFO - Started process (PID=529) to work on /home/airflow/.local/lib/python3.12/site-packages/airflow/example_dags/example_task_group.py
[2025-03-17T07:08:37.761+0000] {processor.py:914} INFO - Processing file /home/airflow/.local/lib/python3.12/site-packages/airflow/example_dags/example_task_group.py for tasks to queue
[2025-03-17T07:08:37.762+0000] {logging_mixin.py:190} INFO - [2025-03-17T07:08:37.762+0000] {dagbag.py:588} INFO - Filling up the DagBag from /home/airflow/.local/lib/python3.12/site-packages/airflow/example_dags/example_task_group.py
[2025-03-17T07:08:37.769+0000] {processor.py:925} INFO - DAG(s) 'example_task_group' retrieved from /home/airflow/.local/lib/python3.12/site-packages/airflow/example_dags/example_task_group.py
[2025-03-17T07:08:37.786+0000] {logging_mixin.py:190} INFO - [2025-03-17T07:08:37.786+0000] {dag.py:3239} INFO - Sync 1 DAGs
[2025-03-17T07:08:37.797+0000] {logging_mixin.py:190} INFO - [2025-03-17T07:08:37.796+0000] {dag.py:4180} INFO - Setting next_dagrun for example_task_group to None, run_after=None
[2025-03-17T07:08:37.811+0000] {processor.py:208} INFO - Processing /home/airflow/.local/lib/python3.12/site-packages/airflow/example_dags/example_task_group.py took 0.055 seconds
[2025-03-17T07:09:08.423+0000] {processor.py:186} INFO - Started process (PID=592) to work on /home/airflow/.local/lib/python3.12/site-packages/airflow/example_dags/example_task_group.py
[2025-03-17T07:09:08.424+0000] {processor.py:914} INFO - Processing file /home/airflow/.local/lib/python3.12/site-packages/airflow/example_dags/example_task_group.py for tasks to queue
[2025-03-17T07:09:08.425+0000] {logging_mixin.py:190} INFO - [2025-03-17T07:09:08.425+0000] {dagbag.py:588} INFO - Filling up the DagBag from /home/airflow/.local/lib/python3.12/site-packages/airflow/example_dags/example_task_group.py
[2025-03-17T07:09:08.432+0000] {processor.py:925} INFO - DAG(s) 'example_task_group' retrieved from /home/airflow/.local/lib/python3.12/site-packages/airflow/example_dags/example_task_group.py
[2025-03-17T07:09:08.449+0000] {logging_mixin.py:190} INFO - [2025-03-17T07:09:08.449+0000] {dag.py:3239} INFO - Sync 1 DAGs
[2025-03-17T07:09:08.461+0000] {logging_mixin.py:190} INFO - [2025-03-17T07:09:08.461+0000] {dag.py:4180} INFO - Setting next_dagrun for example_task_group to None, run_after=None
[2025-03-17T07:09:08.475+0000] {processor.py:208} INFO - Processing /home/airflow/.local/lib/python3.12/site-packages/airflow/example_dags/example_task_group.py took 0.056 seconds
[2025-03-17T07:09:39.046+0000] {processor.py:186} INFO - Started process (PID=655) to work on /home/airflow/.local/lib/python3.12/site-packages/airflow/example_dags/example_task_group.py
[2025-03-17T07:09:39.046+0000] {processor.py:914} INFO - Processing file /home/airflow/.local/lib/python3.12/site-packages/airflow/example_dags/example_task_group.py for tasks to queue
[2025-03-17T07:09:39.048+0000] {logging_mixin.py:190} INFO - [2025-03-17T07:09:39.047+0000] {dagbag.py:588} INFO - Filling up the DagBag from /home/airflow/.local/lib/python3.12/site-packages/airflow/example_dags/example_task_group.py
[2025-03-17T07:09:39.053+0000] {processor.py:925} INFO - DAG(s) 'example_task_group' retrieved from /home/airflow/.local/lib/python3.12/site-packages/airflow/example_dags/example_task_group.py
[2025-03-17T07:09:39.070+0000] {logging_mixin.py:190} INFO - [2025-03-17T07:09:39.070+0000] {dag.py:3239} INFO - Sync 1 DAGs
[2025-03-17T07:09:39.081+0000] {logging_mixin.py:190} INFO - [2025-03-17T07:09:39.081+0000] {dag.py:4180} INFO - Setting next_dagrun for example_task_group to None, run_after=None
[2025-03-17T07:09:39.094+0000] {processor.py:208} INFO - Processing /home/airflow/.local/lib/python3.12/site-packages/airflow/example_dags/example_task_group.py took 0.053 seconds
[2025-03-17T07:10:09.347+0000] {processor.py:186} INFO - Started process (PID=718) to work on /home/airflow/.local/lib/python3.12/site-packages/airflow/example_dags/example_task_group.py
[2025-03-17T07:10:09.348+0000] {processor.py:914} INFO - Processing file /home/airflow/.local/lib/python3.12/site-packages/airflow/example_dags/example_task_group.py for tasks to queue
[2025-03-17T07:10:09.351+0000] {logging_mixin.py:190} INFO - [2025-03-17T07:10:09.351+0000] {dagbag.py:588} INFO - Filling up the DagBag from /home/airflow/.local/lib/python3.12/site-packages/airflow/example_dags/example_task_group.py
[2025-03-17T07:10:09.360+0000] {processor.py:925} INFO - DAG(s) 'example_task_group' retrieved from /home/airflow/.local/lib/python3.12/site-packages/airflow/example_dags/example_task_group.py
[2025-03-17T07:10:09.378+0000] {logging_mixin.py:190} INFO - [2025-03-17T07:10:09.378+0000] {dag.py:3239} INFO - Sync 1 DAGs
[2025-03-17T07:10:09.391+0000] {logging_mixin.py:190} INFO - [2025-03-17T07:10:09.391+0000] {dag.py:4180} INFO - Setting next_dagrun for example_task_group to None, run_after=None
[2025-03-17T07:10:09.405+0000] {processor.py:208} INFO - Processing /home/airflow/.local/lib/python3.12/site-packages/airflow/example_dags/example_task_group.py took 0.064 seconds
[2025-03-17T07:10:39.526+0000] {processor.py:186} INFO - Started process (PID=781) to work on /home/airflow/.local/lib/python3.12/site-packages/airflow/example_dags/example_task_group.py
[2025-03-17T07:10:39.527+0000] {processor.py:914} INFO - Processing file /home/airflow/.local/lib/python3.12/site-packages/airflow/example_dags/example_task_group.py for tasks to queue
[2025-03-17T07:10:39.529+0000] {logging_mixin.py:190} INFO - [2025-03-17T07:10:39.528+0000] {dagbag.py:588} INFO - Filling up the DagBag from /home/airflow/.local/lib/python3.12/site-packages/airflow/example_dags/example_task_group.py
[2025-03-17T07:10:39.535+0000] {processor.py:925} INFO - DAG(s) 'example_task_group' retrieved from /home/airflow/.local/lib/python3.12/site-packages/airflow/example_dags/example_task_group.py
[2025-03-17T07:10:39.551+0000] {logging_mixin.py:190} INFO - [2025-03-17T07:10:39.551+0000] {dag.py:3239} INFO - Sync 1 DAGs
[2025-03-17T07:10:39.565+0000] {logging_mixin.py:190} INFO - [2025-03-17T07:10:39.564+0000] {dag.py:4180} INFO - Setting next_dagrun for example_task_group to None, run_after=None
[2025-03-17T07:10:39.579+0000] {processor.py:208} INFO - Processing /home/airflow/.local/lib/python3.12/site-packages/airflow/example_dags/example_task_group.py took 0.057 seconds
[2025-03-17T07:11:10.181+0000] {processor.py:186} INFO - Started process (PID=844) to work on /home/airflow/.local/lib/python3.12/site-packages/airflow/example_dags/example_task_group.py
[2025-03-17T07:11:10.182+0000] {processor.py:914} INFO - Processing file /home/airflow/.local/lib/python3.12/site-packages/airflow/example_dags/example_task_group.py for tasks to queue
[2025-03-17T07:11:10.184+0000] {logging_mixin.py:190} INFO - [2025-03-17T07:11:10.183+0000] {dagbag.py:588} INFO - Filling up the DagBag from /home/airflow/.local/lib/python3.12/site-packages/airflow/example_dags/example_task_group.py
[2025-03-17T07:11:10.189+0000] {processor.py:925} INFO - DAG(s) 'example_task_group' retrieved from /home/airflow/.local/lib/python3.12/site-packages/airflow/example_dags/example_task_group.py
[2025-03-17T07:11:10.205+0000] {logging_mixin.py:190} INFO - [2025-03-17T07:11:10.205+0000] {dag.py:3239} INFO - Sync 1 DAGs
[2025-03-17T07:11:10.215+0000] {logging_mixin.py:190} INFO - [2025-03-17T07:11:10.215+0000] {dag.py:4180} INFO - Setting next_dagrun for example_task_group to None, run_after=None
[2025-03-17T07:11:10.230+0000] {processor.py:208} INFO - Processing /home/airflow/.local/lib/python3.12/site-packages/airflow/example_dags/example_task_group.py took 0.052 seconds
[2025-03-17T07:11:40.676+0000] {processor.py:186} INFO - Started process (PID=907) to work on /home/airflow/.local/lib/python3.12/site-packages/airflow/example_dags/example_task_group.py
[2025-03-17T07:11:40.677+0000] {processor.py:914} INFO - Processing file /home/airflow/.local/lib/python3.12/site-packages/airflow/example_dags/example_task_group.py for tasks to queue
[2025-03-17T07:11:40.679+0000] {logging_mixin.py:190} INFO - [2025-03-17T07:11:40.679+0000] {dagbag.py:588} INFO - Filling up the DagBag from /home/airflow/.local/lib/python3.12/site-packages/airflow/example_dags/example_task_group.py
[2025-03-17T07:11:40.685+0000] {processor.py:925} INFO - DAG(s) 'example_task_group' retrieved from /home/airflow/.local/lib/python3.12/site-packages/airflow/example_dags/example_task_group.py
[2025-03-17T07:11:40.701+0000] {logging_mixin.py:190} INFO - [2025-03-17T07:11:40.701+0000] {dag.py:3239} INFO - Sync 1 DAGs
[2025-03-17T07:11:40.713+0000] {logging_mixin.py:190} INFO - [2025-03-17T07:11:40.713+0000] {dag.py:4180} INFO - Setting next_dagrun for example_task_group to None, run_after=None
[2025-03-17T07:11:40.727+0000] {processor.py:208} INFO - Processing /home/airflow/.local/lib/python3.12/site-packages/airflow/example_dags/example_task_group.py took 0.054 seconds
[2025-03-17T07:12:11.045+0000] {processor.py:186} INFO - Started process (PID=970) to work on /home/airflow/.local/lib/python3.12/site-packages/airflow/example_dags/example_task_group.py
[2025-03-17T07:12:11.045+0000] {processor.py:914} INFO - Processing file /home/airflow/.local/lib/python3.12/site-packages/airflow/example_dags/example_task_group.py for tasks to queue
[2025-03-17T07:12:11.047+0000] {logging_mixin.py:190} INFO - [2025-03-17T07:12:11.047+0000] {dagbag.py:588} INFO - Filling up the DagBag from /home/airflow/.local/lib/python3.12/site-packages/airflow/example_dags/example_task_group.py
[2025-03-17T07:12:11.054+0000] {processor.py:925} INFO - DAG(s) 'example_task_group' retrieved from /home/airflow/.local/lib/python3.12/site-packages/airflow/example_dags/example_task_group.py
[2025-03-17T07:12:11.074+0000] {logging_mixin.py:190} INFO - [2025-03-17T07:12:11.074+0000] {dag.py:3239} INFO - Sync 1 DAGs
[2025-03-17T07:12:11.088+0000] {logging_mixin.py:190} INFO - [2025-03-17T07:12:11.088+0000] {dag.py:4180} INFO - Setting next_dagrun for example_task_group to None, run_after=None
[2025-03-17T07:12:11.104+0000] {processor.py:208} INFO - Processing /home/airflow/.local/lib/python3.12/site-packages/airflow/example_dags/example_task_group.py took 0.064 seconds
[2025-03-17T07:12:42.040+0000] {processor.py:186} INFO - Started process (PID=1033) to work on /home/airflow/.local/lib/python3.12/site-packages/airflow/example_dags/example_task_group.py
[2025-03-17T07:12:42.040+0000] {processor.py:914} INFO - Processing file /home/airflow/.local/lib/python3.12/site-packages/airflow/example_dags/example_task_group.py for tasks to queue
[2025-03-17T07:12:42.042+0000] {logging_mixin.py:190} INFO - [2025-03-17T07:12:42.042+0000] {dagbag.py:588} INFO - Filling up the DagBag from /home/airflow/.local/lib/python3.12/site-packages/airflow/example_dags/example_task_group.py
[2025-03-17T07:12:42.051+0000] {processor.py:925} INFO - DAG(s) 'example_task_group' retrieved from /home/airflow/.local/lib/python3.12/site-packages/airflow/example_dags/example_task_group.py
[2025-03-17T07:12:42.070+0000] {logging_mixin.py:190} INFO - [2025-03-17T07:12:42.070+0000] {dag.py:3239} INFO - Sync 1 DAGs
[2025-03-17T07:12:42.087+0000] {logging_mixin.py:190} INFO - [2025-03-17T07:12:42.087+0000] {dag.py:4180} INFO - Setting next_dagrun for example_task_group to None, run_after=None
[2025-03-17T07:12:42.103+0000] {processor.py:208} INFO - Processing /home/airflow/.local/lib/python3.12/site-packages/airflow/example_dags/example_task_group.py took 0.068 seconds
[2025-03-17T07:13:12.677+0000] {processor.py:186} INFO - Started process (PID=1102) to work on /home/airflow/.local/lib/python3.12/site-packages/airflow/example_dags/example_task_group.py
[2025-03-17T07:13:12.677+0000] {processor.py:914} INFO - Processing file /home/airflow/.local/lib/python3.12/site-packages/airflow/example_dags/example_task_group.py for tasks to queue
[2025-03-17T07:13:12.679+0000] {logging_mixin.py:190} INFO - [2025-03-17T07:13:12.678+0000] {dagbag.py:588} INFO - Filling up the DagBag from /home/airflow/.local/lib/python3.12/site-packages/airflow/example_dags/example_task_group.py
[2025-03-17T07:13:12.684+0000] {processor.py:925} INFO - DAG(s) 'example_task_group' retrieved from /home/airflow/.local/lib/python3.12/site-packages/airflow/example_dags/example_task_group.py
[2025-03-17T07:13:12.700+0000] {logging_mixin.py:190} INFO - [2025-03-17T07:13:12.700+0000] {dag.py:3239} INFO - Sync 1 DAGs
[2025-03-17T07:13:12.710+0000] {logging_mixin.py:190} INFO - [2025-03-17T07:13:12.710+0000] {dag.py:4180} INFO - Setting next_dagrun for example_task_group to None, run_after=None
[2025-03-17T07:13:12.724+0000] {processor.py:208} INFO - Processing /home/airflow/.local/lib/python3.12/site-packages/airflow/example_dags/example_task_group.py took 0.052 seconds
[2025-03-17T07:13:43.364+0000] {processor.py:186} INFO - Started process (PID=1165) to work on /home/airflow/.local/lib/python3.12/site-packages/airflow/example_dags/example_task_group.py
[2025-03-17T07:13:43.365+0000] {processor.py:914} INFO - Processing file /home/airflow/.local/lib/python3.12/site-packages/airflow/example_dags/example_task_group.py for tasks to queue
[2025-03-17T07:13:43.368+0000] {logging_mixin.py:190} INFO - [2025-03-17T07:13:43.367+0000] {dagbag.py:588} INFO - Filling up the DagBag from /home/airflow/.local/lib/python3.12/site-packages/airflow/example_dags/example_task_group.py
[2025-03-17T07:13:43.376+0000] {processor.py:925} INFO - DAG(s) 'example_task_group' retrieved from /home/airflow/.local/lib/python3.12/site-packages/airflow/example_dags/example_task_group.py
[2025-03-17T07:13:43.396+0000] {logging_mixin.py:190} INFO - [2025-03-17T07:13:43.395+0000] {dag.py:3239} INFO - Sync 1 DAGs
[2025-03-17T07:13:43.408+0000] {logging_mixin.py:190} INFO - [2025-03-17T07:13:43.408+0000] {dag.py:4180} INFO - Setting next_dagrun for example_task_group to None, run_after=None
[2025-03-17T07:13:43.423+0000] {processor.py:208} INFO - Processing /home/airflow/.local/lib/python3.12/site-packages/airflow/example_dags/example_task_group.py took 0.064 seconds
[2025-03-17T07:14:14.009+0000] {processor.py:186} INFO - Started process (PID=1228) to work on /home/airflow/.local/lib/python3.12/site-packages/airflow/example_dags/example_task_group.py
[2025-03-17T07:14:14.010+0000] {processor.py:914} INFO - Processing file /home/airflow/.local/lib/python3.12/site-packages/airflow/example_dags/example_task_group.py for tasks to queue
[2025-03-17T07:14:14.012+0000] {logging_mixin.py:190} INFO - [2025-03-17T07:14:14.012+0000] {dagbag.py:588} INFO - Filling up the DagBag from /home/airflow/.local/lib/python3.12/site-packages/airflow/example_dags/example_task_group.py
[2025-03-17T07:14:14.018+0000] {processor.py:925} INFO - DAG(s) 'example_task_group' retrieved from /home/airflow/.local/lib/python3.12/site-packages/airflow/example_dags/example_task_group.py
[2025-03-17T07:14:14.036+0000] {logging_mixin.py:190} INFO - [2025-03-17T07:14:14.036+0000] {dag.py:3239} INFO - Sync 1 DAGs
[2025-03-17T07:14:14.047+0000] {logging_mixin.py:190} INFO - [2025-03-17T07:14:14.047+0000] {dag.py:4180} INFO - Setting next_dagrun for example_task_group to None, run_after=None
[2025-03-17T07:14:14.063+0000] {processor.py:208} INFO - Processing /home/airflow/.local/lib/python3.12/site-packages/airflow/example_dags/example_task_group.py took 0.058 seconds
