[2025-03-17T07:05:02.607+0000] {processor.py:186} INFO - Started process (PID=66) to work on /home/airflow/.local/lib/python3.12/site-packages/airflow/example_dags/example_sla_dag.py
[2025-03-17T07:05:02.608+0000] {processor.py:914} INFO - Processing file /home/airflow/.local/lib/python3.12/site-packages/airflow/example_dags/example_sla_dag.py for tasks to queue
[2025-03-17T07:05:02.614+0000] {logging_mixin.py:190} INFO - [2025-03-17T07:05:02.614+0000] {dagbag.py:588} INFO - Filling up the DagBag from /home/airflow/.local/lib/python3.12/site-packages/airflow/example_dags/example_sla_dag.py
[2025-03-17T07:05:02.625+0000] {processor.py:925} INFO - DAG(s) 'example_sla_dag' retrieved from /home/airflow/.local/lib/python3.12/site-packages/airflow/example_dags/example_sla_dag.py
[2025-03-17T07:05:02.656+0000] {logging_mixin.py:190} INFO - [2025-03-17T07:05:02.656+0000] {dag.py:3239} INFO - Sync 1 DAGs
[2025-03-17T07:05:02.684+0000] {logging_mixin.py:190} INFO - [2025-03-17T07:05:02.684+0000] {dag.py:4180} INFO - Setting next_dagrun for example_sla_dag to 2025-03-17 07:02:00+00:00, run_after=2025-03-17 07:04:00+00:00
[2025-03-17T07:05:02.700+0000] {processor.py:208} INFO - Processing /home/airflow/.local/lib/python3.12/site-packages/airflow/example_dags/example_sla_dag.py took 0.097 seconds
[2025-03-17T07:05:32.901+0000] {processor.py:186} INFO - Started process (PID=154) to work on /home/airflow/.local/lib/python3.12/site-packages/airflow/example_dags/example_sla_dag.py
[2025-03-17T07:05:32.902+0000] {processor.py:914} INFO - Processing file /home/airflow/.local/lib/python3.12/site-packages/airflow/example_dags/example_sla_dag.py for tasks to queue
[2025-03-17T07:05:32.903+0000] {logging_mixin.py:190} INFO - [2025-03-17T07:05:32.903+0000] {dagbag.py:588} INFO - Filling up the DagBag from /home/airflow/.local/lib/python3.12/site-packages/airflow/example_dags/example_sla_dag.py
[2025-03-17T07:05:32.911+0000] {processor.py:925} INFO - DAG(s) 'example_sla_dag' retrieved from /home/airflow/.local/lib/python3.12/site-packages/airflow/example_dags/example_sla_dag.py
[2025-03-17T07:05:32.925+0000] {logging_mixin.py:190} INFO - [2025-03-17T07:05:32.925+0000] {dag.py:3239} INFO - Sync 1 DAGs
[2025-03-17T07:05:32.944+0000] {logging_mixin.py:190} INFO - [2025-03-17T07:05:32.944+0000] {dag.py:4180} INFO - Setting next_dagrun for example_sla_dag to 2025-03-17 07:02:00+00:00, run_after=2025-03-17 07:04:00+00:00
[2025-03-17T07:05:32.958+0000] {processor.py:208} INFO - Processing /home/airflow/.local/lib/python3.12/site-packages/airflow/example_dags/example_sla_dag.py took 0.061 seconds
[2025-03-17T07:06:03.610+0000] {processor.py:186} INFO - Started process (PID=217) to work on /home/airflow/.local/lib/python3.12/site-packages/airflow/example_dags/example_sla_dag.py
[2025-03-17T07:06:03.611+0000] {processor.py:914} INFO - Processing file /home/airflow/.local/lib/python3.12/site-packages/airflow/example_dags/example_sla_dag.py for tasks to queue
[2025-03-17T07:06:03.613+0000] {logging_mixin.py:190} INFO - [2025-03-17T07:06:03.612+0000] {dagbag.py:588} INFO - Filling up the DagBag from /home/airflow/.local/lib/python3.12/site-packages/airflow/example_dags/example_sla_dag.py
[2025-03-17T07:06:03.620+0000] {processor.py:925} INFO - DAG(s) 'example_sla_dag' retrieved from /home/airflow/.local/lib/python3.12/site-packages/airflow/example_dags/example_sla_dag.py
[2025-03-17T07:06:03.634+0000] {logging_mixin.py:190} INFO - [2025-03-17T07:06:03.634+0000] {dag.py:3239} INFO - Sync 1 DAGs
[2025-03-17T07:06:03.653+0000] {logging_mixin.py:190} INFO - [2025-03-17T07:06:03.652+0000] {dag.py:4180} INFO - Setting next_dagrun for example_sla_dag to 2025-03-17 07:04:00+00:00, run_after=2025-03-17 07:06:00+00:00
[2025-03-17T07:06:03.666+0000] {processor.py:208} INFO - Processing /home/airflow/.local/lib/python3.12/site-packages/airflow/example_dags/example_sla_dag.py took 0.061 seconds
[2025-03-17T07:06:34.469+0000] {processor.py:186} INFO - Started process (PID=280) to work on /home/airflow/.local/lib/python3.12/site-packages/airflow/example_dags/example_sla_dag.py
[2025-03-17T07:06:34.470+0000] {processor.py:914} INFO - Processing file /home/airflow/.local/lib/python3.12/site-packages/airflow/example_dags/example_sla_dag.py for tasks to queue
[2025-03-17T07:06:34.472+0000] {logging_mixin.py:190} INFO - [2025-03-17T07:06:34.471+0000] {dagbag.py:588} INFO - Filling up the DagBag from /home/airflow/.local/lib/python3.12/site-packages/airflow/example_dags/example_sla_dag.py
[2025-03-17T07:06:34.479+0000] {processor.py:925} INFO - DAG(s) 'example_sla_dag' retrieved from /home/airflow/.local/lib/python3.12/site-packages/airflow/example_dags/example_sla_dag.py
[2025-03-17T07:06:34.493+0000] {logging_mixin.py:190} INFO - [2025-03-17T07:06:34.493+0000] {dag.py:3239} INFO - Sync 1 DAGs
[2025-03-17T07:06:34.512+0000] {logging_mixin.py:190} INFO - [2025-03-17T07:06:34.512+0000] {dag.py:4180} INFO - Setting next_dagrun for example_sla_dag to 2025-03-17 07:04:00+00:00, run_after=2025-03-17 07:06:00+00:00
[2025-03-17T07:06:34.525+0000] {processor.py:208} INFO - Processing /home/airflow/.local/lib/python3.12/site-packages/airflow/example_dags/example_sla_dag.py took 0.061 seconds
[2025-03-17T07:07:05.413+0000] {processor.py:186} INFO - Started process (PID=343) to work on /home/airflow/.local/lib/python3.12/site-packages/airflow/example_dags/example_sla_dag.py
[2025-03-17T07:07:05.413+0000] {processor.py:914} INFO - Processing file /home/airflow/.local/lib/python3.12/site-packages/airflow/example_dags/example_sla_dag.py for tasks to queue
[2025-03-17T07:07:05.415+0000] {logging_mixin.py:190} INFO - [2025-03-17T07:07:05.415+0000] {dagbag.py:588} INFO - Filling up the DagBag from /home/airflow/.local/lib/python3.12/site-packages/airflow/example_dags/example_sla_dag.py
[2025-03-17T07:07:05.423+0000] {processor.py:925} INFO - DAG(s) 'example_sla_dag' retrieved from /home/airflow/.local/lib/python3.12/site-packages/airflow/example_dags/example_sla_dag.py
[2025-03-17T07:07:05.437+0000] {logging_mixin.py:190} INFO - [2025-03-17T07:07:05.437+0000] {dag.py:3239} INFO - Sync 1 DAGs
[2025-03-17T07:07:05.456+0000] {logging_mixin.py:190} INFO - [2025-03-17T07:07:05.455+0000] {dag.py:4180} INFO - Setting next_dagrun for example_sla_dag to 2025-03-17 07:04:00+00:00, run_after=2025-03-17 07:06:00+00:00
[2025-03-17T07:07:05.468+0000] {processor.py:208} INFO - Processing /home/airflow/.local/lib/python3.12/site-packages/airflow/example_dags/example_sla_dag.py took 0.059 seconds
[2025-03-17T07:07:36.482+0000] {processor.py:186} INFO - Started process (PID=406) to work on /home/airflow/.local/lib/python3.12/site-packages/airflow/example_dags/example_sla_dag.py
[2025-03-17T07:07:36.483+0000] {processor.py:914} INFO - Processing file /home/airflow/.local/lib/python3.12/site-packages/airflow/example_dags/example_sla_dag.py for tasks to queue
[2025-03-17T07:07:36.484+0000] {logging_mixin.py:190} INFO - [2025-03-17T07:07:36.484+0000] {dagbag.py:588} INFO - Filling up the DagBag from /home/airflow/.local/lib/python3.12/site-packages/airflow/example_dags/example_sla_dag.py
[2025-03-17T07:07:36.493+0000] {processor.py:925} INFO - DAG(s) 'example_sla_dag' retrieved from /home/airflow/.local/lib/python3.12/site-packages/airflow/example_dags/example_sla_dag.py
[2025-03-17T07:07:36.509+0000] {logging_mixin.py:190} INFO - [2025-03-17T07:07:36.508+0000] {dag.py:3239} INFO - Sync 1 DAGs
[2025-03-17T07:07:36.532+0000] {logging_mixin.py:190} INFO - [2025-03-17T07:07:36.532+0000] {dag.py:4180} INFO - Setting next_dagrun for example_sla_dag to 2025-03-17 07:04:00+00:00, run_after=2025-03-17 07:06:00+00:00
[2025-03-17T07:07:36.547+0000] {processor.py:208} INFO - Processing /home/airflow/.local/lib/python3.12/site-packages/airflow/example_dags/example_sla_dag.py took 0.070 seconds
[2025-03-17T07:08:07.342+0000] {processor.py:186} INFO - Started process (PID=469) to work on /home/airflow/.local/lib/python3.12/site-packages/airflow/example_dags/example_sla_dag.py
[2025-03-17T07:08:07.343+0000] {processor.py:914} INFO - Processing file /home/airflow/.local/lib/python3.12/site-packages/airflow/example_dags/example_sla_dag.py for tasks to queue
[2025-03-17T07:08:07.344+0000] {logging_mixin.py:190} INFO - [2025-03-17T07:08:07.344+0000] {dagbag.py:588} INFO - Filling up the DagBag from /home/airflow/.local/lib/python3.12/site-packages/airflow/example_dags/example_sla_dag.py
[2025-03-17T07:08:07.352+0000] {processor.py:925} INFO - DAG(s) 'example_sla_dag' retrieved from /home/airflow/.local/lib/python3.12/site-packages/airflow/example_dags/example_sla_dag.py
[2025-03-17T07:08:07.366+0000] {logging_mixin.py:190} INFO - [2025-03-17T07:08:07.366+0000] {dag.py:3239} INFO - Sync 1 DAGs
[2025-03-17T07:08:07.385+0000] {logging_mixin.py:190} INFO - [2025-03-17T07:08:07.385+0000] {dag.py:4180} INFO - Setting next_dagrun for example_sla_dag to 2025-03-17 07:06:00+00:00, run_after=2025-03-17 07:08:00+00:00
[2025-03-17T07:08:07.398+0000] {processor.py:208} INFO - Processing /home/airflow/.local/lib/python3.12/site-packages/airflow/example_dags/example_sla_dag.py took 0.060 seconds
[2025-03-17T07:08:37.949+0000] {processor.py:186} INFO - Started process (PID=532) to work on /home/airflow/.local/lib/python3.12/site-packages/airflow/example_dags/example_sla_dag.py
[2025-03-17T07:08:37.950+0000] {processor.py:914} INFO - Processing file /home/airflow/.local/lib/python3.12/site-packages/airflow/example_dags/example_sla_dag.py for tasks to queue
[2025-03-17T07:08:37.952+0000] {logging_mixin.py:190} INFO - [2025-03-17T07:08:37.952+0000] {dagbag.py:588} INFO - Filling up the DagBag from /home/airflow/.local/lib/python3.12/site-packages/airflow/example_dags/example_sla_dag.py
[2025-03-17T07:08:37.959+0000] {processor.py:925} INFO - DAG(s) 'example_sla_dag' retrieved from /home/airflow/.local/lib/python3.12/site-packages/airflow/example_dags/example_sla_dag.py
[2025-03-17T07:08:37.973+0000] {logging_mixin.py:190} INFO - [2025-03-17T07:08:37.973+0000] {dag.py:3239} INFO - Sync 1 DAGs
[2025-03-17T07:08:37.992+0000] {logging_mixin.py:190} INFO - [2025-03-17T07:08:37.991+0000] {dag.py:4180} INFO - Setting next_dagrun for example_sla_dag to 2025-03-17 07:06:00+00:00, run_after=2025-03-17 07:08:00+00:00
[2025-03-17T07:08:38.004+0000] {processor.py:208} INFO - Processing /home/airflow/.local/lib/python3.12/site-packages/airflow/example_dags/example_sla_dag.py took 0.059 seconds
[2025-03-17T07:09:08.613+0000] {processor.py:186} INFO - Started process (PID=595) to work on /home/airflow/.local/lib/python3.12/site-packages/airflow/example_dags/example_sla_dag.py
[2025-03-17T07:09:08.613+0000] {processor.py:914} INFO - Processing file /home/airflow/.local/lib/python3.12/site-packages/airflow/example_dags/example_sla_dag.py for tasks to queue
[2025-03-17T07:09:08.615+0000] {logging_mixin.py:190} INFO - [2025-03-17T07:09:08.615+0000] {dagbag.py:588} INFO - Filling up the DagBag from /home/airflow/.local/lib/python3.12/site-packages/airflow/example_dags/example_sla_dag.py
[2025-03-17T07:09:08.622+0000] {processor.py:925} INFO - DAG(s) 'example_sla_dag' retrieved from /home/airflow/.local/lib/python3.12/site-packages/airflow/example_dags/example_sla_dag.py
[2025-03-17T07:09:08.637+0000] {logging_mixin.py:190} INFO - [2025-03-17T07:09:08.637+0000] {dag.py:3239} INFO - Sync 1 DAGs
[2025-03-17T07:09:08.656+0000] {logging_mixin.py:190} INFO - [2025-03-17T07:09:08.656+0000] {dag.py:4180} INFO - Setting next_dagrun for example_sla_dag to 2025-03-17 07:06:00+00:00, run_after=2025-03-17 07:08:00+00:00
[2025-03-17T07:09:08.669+0000] {processor.py:208} INFO - Processing /home/airflow/.local/lib/python3.12/site-packages/airflow/example_dags/example_sla_dag.py took 0.061 seconds
[2025-03-17T07:09:39.225+0000] {processor.py:186} INFO - Started process (PID=658) to work on /home/airflow/.local/lib/python3.12/site-packages/airflow/example_dags/example_sla_dag.py
[2025-03-17T07:09:39.226+0000] {processor.py:914} INFO - Processing file /home/airflow/.local/lib/python3.12/site-packages/airflow/example_dags/example_sla_dag.py for tasks to queue
[2025-03-17T07:09:39.228+0000] {logging_mixin.py:190} INFO - [2025-03-17T07:09:39.228+0000] {dagbag.py:588} INFO - Filling up the DagBag from /home/airflow/.local/lib/python3.12/site-packages/airflow/example_dags/example_sla_dag.py
[2025-03-17T07:09:39.235+0000] {processor.py:925} INFO - DAG(s) 'example_sla_dag' retrieved from /home/airflow/.local/lib/python3.12/site-packages/airflow/example_dags/example_sla_dag.py
[2025-03-17T07:09:39.249+0000] {logging_mixin.py:190} INFO - [2025-03-17T07:09:39.249+0000] {dag.py:3239} INFO - Sync 1 DAGs
[2025-03-17T07:09:39.267+0000] {logging_mixin.py:190} INFO - [2025-03-17T07:09:39.267+0000] {dag.py:4180} INFO - Setting next_dagrun for example_sla_dag to 2025-03-17 07:06:00+00:00, run_after=2025-03-17 07:08:00+00:00
[2025-03-17T07:09:39.280+0000] {processor.py:208} INFO - Processing /home/airflow/.local/lib/python3.12/site-packages/airflow/example_dags/example_sla_dag.py took 0.059 seconds
[2025-03-17T07:10:09.539+0000] {processor.py:186} INFO - Started process (PID=721) to work on /home/airflow/.local/lib/python3.12/site-packages/airflow/example_dags/example_sla_dag.py
[2025-03-17T07:10:09.539+0000] {processor.py:914} INFO - Processing file /home/airflow/.local/lib/python3.12/site-packages/airflow/example_dags/example_sla_dag.py for tasks to queue
[2025-03-17T07:10:09.541+0000] {logging_mixin.py:190} INFO - [2025-03-17T07:10:09.541+0000] {dagbag.py:588} INFO - Filling up the DagBag from /home/airflow/.local/lib/python3.12/site-packages/airflow/example_dags/example_sla_dag.py
[2025-03-17T07:10:09.549+0000] {processor.py:925} INFO - DAG(s) 'example_sla_dag' retrieved from /home/airflow/.local/lib/python3.12/site-packages/airflow/example_dags/example_sla_dag.py
[2025-03-17T07:10:09.562+0000] {logging_mixin.py:190} INFO - [2025-03-17T07:10:09.562+0000] {dag.py:3239} INFO - Sync 1 DAGs
[2025-03-17T07:10:09.583+0000] {logging_mixin.py:190} INFO - [2025-03-17T07:10:09.583+0000] {dag.py:4180} INFO - Setting next_dagrun for example_sla_dag to 2025-03-17 07:08:00+00:00, run_after=2025-03-17 07:10:00+00:00
[2025-03-17T07:10:09.596+0000] {processor.py:208} INFO - Processing /home/airflow/.local/lib/python3.12/site-packages/airflow/example_dags/example_sla_dag.py took 0.062 seconds
[2025-03-17T07:10:39.718+0000] {processor.py:186} INFO - Started process (PID=784) to work on /home/airflow/.local/lib/python3.12/site-packages/airflow/example_dags/example_sla_dag.py
[2025-03-17T07:10:39.719+0000] {processor.py:914} INFO - Processing file /home/airflow/.local/lib/python3.12/site-packages/airflow/example_dags/example_sla_dag.py for tasks to queue
[2025-03-17T07:10:39.721+0000] {logging_mixin.py:190} INFO - [2025-03-17T07:10:39.721+0000] {dagbag.py:588} INFO - Filling up the DagBag from /home/airflow/.local/lib/python3.12/site-packages/airflow/example_dags/example_sla_dag.py
[2025-03-17T07:10:39.728+0000] {processor.py:925} INFO - DAG(s) 'example_sla_dag' retrieved from /home/airflow/.local/lib/python3.12/site-packages/airflow/example_dags/example_sla_dag.py
[2025-03-17T07:10:39.743+0000] {logging_mixin.py:190} INFO - [2025-03-17T07:10:39.742+0000] {dag.py:3239} INFO - Sync 1 DAGs
[2025-03-17T07:10:39.762+0000] {logging_mixin.py:190} INFO - [2025-03-17T07:10:39.762+0000] {dag.py:4180} INFO - Setting next_dagrun for example_sla_dag to 2025-03-17 07:08:00+00:00, run_after=2025-03-17 07:10:00+00:00
[2025-03-17T07:10:39.776+0000] {processor.py:208} INFO - Processing /home/airflow/.local/lib/python3.12/site-packages/airflow/example_dags/example_sla_dag.py took 0.062 seconds
[2025-03-17T07:11:10.364+0000] {processor.py:186} INFO - Started process (PID=847) to work on /home/airflow/.local/lib/python3.12/site-packages/airflow/example_dags/example_sla_dag.py
[2025-03-17T07:11:10.364+0000] {processor.py:914} INFO - Processing file /home/airflow/.local/lib/python3.12/site-packages/airflow/example_dags/example_sla_dag.py for tasks to queue
[2025-03-17T07:11:10.366+0000] {logging_mixin.py:190} INFO - [2025-03-17T07:11:10.366+0000] {dagbag.py:588} INFO - Filling up the DagBag from /home/airflow/.local/lib/python3.12/site-packages/airflow/example_dags/example_sla_dag.py
[2025-03-17T07:11:10.373+0000] {processor.py:925} INFO - DAG(s) 'example_sla_dag' retrieved from /home/airflow/.local/lib/python3.12/site-packages/airflow/example_dags/example_sla_dag.py
[2025-03-17T07:11:10.387+0000] {logging_mixin.py:190} INFO - [2025-03-17T07:11:10.387+0000] {dag.py:3239} INFO - Sync 1 DAGs
[2025-03-17T07:11:10.406+0000] {logging_mixin.py:190} INFO - [2025-03-17T07:11:10.406+0000] {dag.py:4180} INFO - Setting next_dagrun for example_sla_dag to 2025-03-17 07:08:00+00:00, run_after=2025-03-17 07:10:00+00:00
[2025-03-17T07:11:10.419+0000] {processor.py:208} INFO - Processing /home/airflow/.local/lib/python3.12/site-packages/airflow/example_dags/example_sla_dag.py took 0.060 seconds
[2025-03-17T07:11:40.871+0000] {processor.py:186} INFO - Started process (PID=910) to work on /home/airflow/.local/lib/python3.12/site-packages/airflow/example_dags/example_sla_dag.py
[2025-03-17T07:11:40.872+0000] {processor.py:914} INFO - Processing file /home/airflow/.local/lib/python3.12/site-packages/airflow/example_dags/example_sla_dag.py for tasks to queue
[2025-03-17T07:11:40.874+0000] {logging_mixin.py:190} INFO - [2025-03-17T07:11:40.874+0000] {dagbag.py:588} INFO - Filling up the DagBag from /home/airflow/.local/lib/python3.12/site-packages/airflow/example_dags/example_sla_dag.py
[2025-03-17T07:11:40.882+0000] {processor.py:925} INFO - DAG(s) 'example_sla_dag' retrieved from /home/airflow/.local/lib/python3.12/site-packages/airflow/example_dags/example_sla_dag.py
[2025-03-17T07:11:40.897+0000] {logging_mixin.py:190} INFO - [2025-03-17T07:11:40.897+0000] {dag.py:3239} INFO - Sync 1 DAGs
[2025-03-17T07:11:40.916+0000] {logging_mixin.py:190} INFO - [2025-03-17T07:11:40.916+0000] {dag.py:4180} INFO - Setting next_dagrun for example_sla_dag to 2025-03-17 07:08:00+00:00, run_after=2025-03-17 07:10:00+00:00
[2025-03-17T07:11:40.929+0000] {processor.py:208} INFO - Processing /home/airflow/.local/lib/python3.12/site-packages/airflow/example_dags/example_sla_dag.py took 0.062 seconds
[2025-03-17T07:12:11.244+0000] {processor.py:186} INFO - Started process (PID=973) to work on /home/airflow/.local/lib/python3.12/site-packages/airflow/example_dags/example_sla_dag.py
[2025-03-17T07:12:11.245+0000] {processor.py:914} INFO - Processing file /home/airflow/.local/lib/python3.12/site-packages/airflow/example_dags/example_sla_dag.py for tasks to queue
[2025-03-17T07:12:11.247+0000] {logging_mixin.py:190} INFO - [2025-03-17T07:12:11.247+0000] {dagbag.py:588} INFO - Filling up the DagBag from /home/airflow/.local/lib/python3.12/site-packages/airflow/example_dags/example_sla_dag.py
[2025-03-17T07:12:11.257+0000] {processor.py:925} INFO - DAG(s) 'example_sla_dag' retrieved from /home/airflow/.local/lib/python3.12/site-packages/airflow/example_dags/example_sla_dag.py
[2025-03-17T07:12:11.271+0000] {logging_mixin.py:190} INFO - [2025-03-17T07:12:11.271+0000] {dag.py:3239} INFO - Sync 1 DAGs
[2025-03-17T07:12:11.294+0000] {logging_mixin.py:190} INFO - [2025-03-17T07:12:11.294+0000] {dag.py:4180} INFO - Setting next_dagrun for example_sla_dag to 2025-03-17 07:10:00+00:00, run_after=2025-03-17 07:12:00+00:00
[2025-03-17T07:12:11.308+0000] {processor.py:208} INFO - Processing /home/airflow/.local/lib/python3.12/site-packages/airflow/example_dags/example_sla_dag.py took 0.068 seconds
[2025-03-17T07:12:42.242+0000] {processor.py:186} INFO - Started process (PID=1042) to work on /home/airflow/.local/lib/python3.12/site-packages/airflow/example_dags/example_sla_dag.py
[2025-03-17T07:12:42.242+0000] {processor.py:914} INFO - Processing file /home/airflow/.local/lib/python3.12/site-packages/airflow/example_dags/example_sla_dag.py for tasks to queue
[2025-03-17T07:12:42.244+0000] {logging_mixin.py:190} INFO - [2025-03-17T07:12:42.244+0000] {dagbag.py:588} INFO - Filling up the DagBag from /home/airflow/.local/lib/python3.12/site-packages/airflow/example_dags/example_sla_dag.py
[2025-03-17T07:12:42.251+0000] {processor.py:925} INFO - DAG(s) 'example_sla_dag' retrieved from /home/airflow/.local/lib/python3.12/site-packages/airflow/example_dags/example_sla_dag.py
[2025-03-17T07:12:42.264+0000] {logging_mixin.py:190} INFO - [2025-03-17T07:12:42.264+0000] {dag.py:3239} INFO - Sync 1 DAGs
[2025-03-17T07:12:42.285+0000] {logging_mixin.py:190} INFO - [2025-03-17T07:12:42.285+0000] {dag.py:4180} INFO - Setting next_dagrun for example_sla_dag to 2025-03-17 07:10:00+00:00, run_after=2025-03-17 07:12:00+00:00
[2025-03-17T07:12:42.300+0000] {processor.py:208} INFO - Processing /home/airflow/.local/lib/python3.12/site-packages/airflow/example_dags/example_sla_dag.py took 0.062 seconds
[2025-03-17T07:13:12.863+0000] {processor.py:186} INFO - Started process (PID=1105) to work on /home/airflow/.local/lib/python3.12/site-packages/airflow/example_dags/example_sla_dag.py
[2025-03-17T07:13:12.864+0000] {processor.py:914} INFO - Processing file /home/airflow/.local/lib/python3.12/site-packages/airflow/example_dags/example_sla_dag.py for tasks to queue
[2025-03-17T07:13:12.865+0000] {logging_mixin.py:190} INFO - [2025-03-17T07:13:12.865+0000] {dagbag.py:588} INFO - Filling up the DagBag from /home/airflow/.local/lib/python3.12/site-packages/airflow/example_dags/example_sla_dag.py
[2025-03-17T07:13:12.872+0000] {processor.py:925} INFO - DAG(s) 'example_sla_dag' retrieved from /home/airflow/.local/lib/python3.12/site-packages/airflow/example_dags/example_sla_dag.py
[2025-03-17T07:13:12.886+0000] {logging_mixin.py:190} INFO - [2025-03-17T07:13:12.886+0000] {dag.py:3239} INFO - Sync 1 DAGs
[2025-03-17T07:13:12.908+0000] {logging_mixin.py:190} INFO - [2025-03-17T07:13:12.908+0000] {dag.py:4180} INFO - Setting next_dagrun for example_sla_dag to 2025-03-17 07:10:00+00:00, run_after=2025-03-17 07:12:00+00:00
[2025-03-17T07:13:12.922+0000] {processor.py:208} INFO - Processing /home/airflow/.local/lib/python3.12/site-packages/airflow/example_dags/example_sla_dag.py took 0.063 seconds
[2025-03-17T07:13:43.559+0000] {processor.py:186} INFO - Started process (PID=1168) to work on /home/airflow/.local/lib/python3.12/site-packages/airflow/example_dags/example_sla_dag.py
[2025-03-17T07:13:43.560+0000] {processor.py:914} INFO - Processing file /home/airflow/.local/lib/python3.12/site-packages/airflow/example_dags/example_sla_dag.py for tasks to queue
[2025-03-17T07:13:43.562+0000] {logging_mixin.py:190} INFO - [2025-03-17T07:13:43.561+0000] {dagbag.py:588} INFO - Filling up the DagBag from /home/airflow/.local/lib/python3.12/site-packages/airflow/example_dags/example_sla_dag.py
[2025-03-17T07:13:43.569+0000] {processor.py:925} INFO - DAG(s) 'example_sla_dag' retrieved from /home/airflow/.local/lib/python3.12/site-packages/airflow/example_dags/example_sla_dag.py
[2025-03-17T07:13:43.584+0000] {logging_mixin.py:190} INFO - [2025-03-17T07:13:43.584+0000] {dag.py:3239} INFO - Sync 1 DAGs
[2025-03-17T07:13:43.607+0000] {logging_mixin.py:190} INFO - [2025-03-17T07:13:43.607+0000] {dag.py:4180} INFO - Setting next_dagrun for example_sla_dag to 2025-03-17 07:10:00+00:00, run_after=2025-03-17 07:12:00+00:00
[2025-03-17T07:13:43.621+0000] {processor.py:208} INFO - Processing /home/airflow/.local/lib/python3.12/site-packages/airflow/example_dags/example_sla_dag.py took 0.066 seconds
[2025-03-17T07:14:14.200+0000] {processor.py:186} INFO - Started process (PID=1231) to work on /home/airflow/.local/lib/python3.12/site-packages/airflow/example_dags/example_sla_dag.py
[2025-03-17T07:14:14.200+0000] {processor.py:914} INFO - Processing file /home/airflow/.local/lib/python3.12/site-packages/airflow/example_dags/example_sla_dag.py for tasks to queue
[2025-03-17T07:14:14.202+0000] {logging_mixin.py:190} INFO - [2025-03-17T07:14:14.202+0000] {dagbag.py:588} INFO - Filling up the DagBag from /home/airflow/.local/lib/python3.12/site-packages/airflow/example_dags/example_sla_dag.py
[2025-03-17T07:14:14.210+0000] {processor.py:925} INFO - DAG(s) 'example_sla_dag' retrieved from /home/airflow/.local/lib/python3.12/site-packages/airflow/example_dags/example_sla_dag.py
[2025-03-17T07:14:14.224+0000] {logging_mixin.py:190} INFO - [2025-03-17T07:14:14.224+0000] {dag.py:3239} INFO - Sync 1 DAGs
[2025-03-17T07:14:14.247+0000] {logging_mixin.py:190} INFO - [2025-03-17T07:14:14.247+0000] {dag.py:4180} INFO - Setting next_dagrun for example_sla_dag to 2025-03-17 07:12:00+00:00, run_after=2025-03-17 07:14:00+00:00
[2025-03-17T07:14:14.260+0000] {processor.py:208} INFO - Processing /home/airflow/.local/lib/python3.12/site-packages/airflow/example_dags/example_sla_dag.py took 0.065 seconds
