[2025-03-17T07:05:05.744+0000] {processor.py:186} INFO - Started process (PID=95) to work on /home/airflow/.local/lib/python3.12/site-packages/airflow/example_dags/example_outlet_event_extra.py
[2025-03-17T07:05:05.745+0000] {processor.py:914} INFO - Processing file /home/airflow/.local/lib/python3.12/site-packages/airflow/example_dags/example_outlet_event_extra.py for tasks to queue
[2025-03-17T07:05:05.747+0000] {logging_mixin.py:190} INFO - [2025-03-17T07:05:05.746+0000] {dagbag.py:588} INFO - Filling up the DagBag from /home/airflow/.local/lib/python3.12/site-packages/airflow/example_dags/example_outlet_event_extra.py
[2025-03-17T07:05:06.317+0000] {processor.py:925} INFO - DAG(s) 'dataset_with_extra_from_classic_operator', 'dataset_with_extra_by_yield', 'dataset_with_extra_by_context' retrieved from /home/airflow/.local/lib/python3.12/site-packages/airflow/example_dags/example_outlet_event_extra.py
[2025-03-17T07:05:06.336+0000] {logging_mixin.py:190} INFO - [2025-03-17T07:05:06.336+0000] {dag.py:3239} INFO - Sync 3 DAGs
[2025-03-17T07:05:06.360+0000] {logging_mixin.py:190} INFO - [2025-03-17T07:05:06.359+0000] {dag.py:4180} INFO - Setting next_dagrun for dataset_with_extra_by_context to 2025-03-16 00:00:00+00:00, run_after=2025-03-17 00:00:00+00:00
[2025-03-17T07:05:06.363+0000] {logging_mixin.py:190} INFO - [2025-03-17T07:05:06.363+0000] {dag.py:4180} INFO - Setting next_dagrun for dataset_with_extra_by_yield to 2025-03-16 00:00:00+00:00, run_after=2025-03-17 00:00:00+00:00
[2025-03-17T07:05:06.366+0000] {logging_mixin.py:190} INFO - [2025-03-17T07:05:06.366+0000] {dag.py:4180} INFO - Setting next_dagrun for dataset_with_extra_from_classic_operator to 2025-03-16 00:00:00+00:00, run_after=2025-03-17 00:00:00+00:00
[2025-03-17T07:05:06.385+0000] {processor.py:208} INFO - Processing /home/airflow/.local/lib/python3.12/site-packages/airflow/example_dags/example_outlet_event_extra.py took 0.645 seconds
[2025-03-17T07:05:36.720+0000] {processor.py:186} INFO - Started process (PID=178) to work on /home/airflow/.local/lib/python3.12/site-packages/airflow/example_dags/example_outlet_event_extra.py
[2025-03-17T07:05:36.721+0000] {processor.py:914} INFO - Processing file /home/airflow/.local/lib/python3.12/site-packages/airflow/example_dags/example_outlet_event_extra.py for tasks to queue
[2025-03-17T07:05:36.723+0000] {logging_mixin.py:190} INFO - [2025-03-17T07:05:36.723+0000] {dagbag.py:588} INFO - Filling up the DagBag from /home/airflow/.local/lib/python3.12/site-packages/airflow/example_dags/example_outlet_event_extra.py
[2025-03-17T07:05:37.218+0000] {processor.py:925} INFO - DAG(s) 'dataset_with_extra_by_yield', 'dataset_with_extra_by_context', 'dataset_with_extra_from_classic_operator' retrieved from /home/airflow/.local/lib/python3.12/site-packages/airflow/example_dags/example_outlet_event_extra.py
[2025-03-17T07:05:37.238+0000] {logging_mixin.py:190} INFO - [2025-03-17T07:05:37.238+0000] {dag.py:3239} INFO - Sync 3 DAGs
[2025-03-17T07:05:37.260+0000] {logging_mixin.py:190} INFO - [2025-03-17T07:05:37.259+0000] {dag.py:4180} INFO - Setting next_dagrun for dataset_with_extra_by_context to 2025-03-16 00:00:00+00:00, run_after=2025-03-17 00:00:00+00:00
[2025-03-17T07:05:37.264+0000] {logging_mixin.py:190} INFO - [2025-03-17T07:05:37.264+0000] {dag.py:4180} INFO - Setting next_dagrun for dataset_with_extra_by_yield to 2025-03-16 00:00:00+00:00, run_after=2025-03-17 00:00:00+00:00
[2025-03-17T07:05:37.266+0000] {logging_mixin.py:190} INFO - [2025-03-17T07:05:37.266+0000] {dag.py:4180} INFO - Setting next_dagrun for dataset_with_extra_from_classic_operator to 2025-03-16 00:00:00+00:00, run_after=2025-03-17 00:00:00+00:00
[2025-03-17T07:05:37.283+0000] {processor.py:208} INFO - Processing /home/airflow/.local/lib/python3.12/site-packages/airflow/example_dags/example_outlet_event_extra.py took 0.568 seconds
[2025-03-17T07:06:07.518+0000] {processor.py:186} INFO - Started process (PID=241) to work on /home/airflow/.local/lib/python3.12/site-packages/airflow/example_dags/example_outlet_event_extra.py
[2025-03-17T07:06:07.519+0000] {processor.py:914} INFO - Processing file /home/airflow/.local/lib/python3.12/site-packages/airflow/example_dags/example_outlet_event_extra.py for tasks to queue
[2025-03-17T07:06:07.521+0000] {logging_mixin.py:190} INFO - [2025-03-17T07:06:07.521+0000] {dagbag.py:588} INFO - Filling up the DagBag from /home/airflow/.local/lib/python3.12/site-packages/airflow/example_dags/example_outlet_event_extra.py
[2025-03-17T07:06:08.043+0000] {processor.py:925} INFO - DAG(s) 'dataset_with_extra_by_yield', 'dataset_with_extra_by_context', 'dataset_with_extra_from_classic_operator' retrieved from /home/airflow/.local/lib/python3.12/site-packages/airflow/example_dags/example_outlet_event_extra.py
[2025-03-17T07:06:08.065+0000] {logging_mixin.py:190} INFO - [2025-03-17T07:06:08.065+0000] {dag.py:3239} INFO - Sync 3 DAGs
[2025-03-17T07:06:08.086+0000] {logging_mixin.py:190} INFO - [2025-03-17T07:06:08.085+0000] {dag.py:4180} INFO - Setting next_dagrun for dataset_with_extra_by_context to 2025-03-16 00:00:00+00:00, run_after=2025-03-17 00:00:00+00:00
[2025-03-17T07:06:08.090+0000] {logging_mixin.py:190} INFO - [2025-03-17T07:06:08.090+0000] {dag.py:4180} INFO - Setting next_dagrun for dataset_with_extra_by_yield to 2025-03-16 00:00:00+00:00, run_after=2025-03-17 00:00:00+00:00
[2025-03-17T07:06:08.092+0000] {logging_mixin.py:190} INFO - [2025-03-17T07:06:08.092+0000] {dag.py:4180} INFO - Setting next_dagrun for dataset_with_extra_from_classic_operator to 2025-03-16 00:00:00+00:00, run_after=2025-03-17 00:00:00+00:00
[2025-03-17T07:06:08.109+0000] {processor.py:208} INFO - Processing /home/airflow/.local/lib/python3.12/site-packages/airflow/example_dags/example_outlet_event_extra.py took 0.594 seconds
[2025-03-17T07:06:38.425+0000] {processor.py:186} INFO - Started process (PID=304) to work on /home/airflow/.local/lib/python3.12/site-packages/airflow/example_dags/example_outlet_event_extra.py
[2025-03-17T07:06:38.426+0000] {processor.py:914} INFO - Processing file /home/airflow/.local/lib/python3.12/site-packages/airflow/example_dags/example_outlet_event_extra.py for tasks to queue
[2025-03-17T07:06:38.428+0000] {logging_mixin.py:190} INFO - [2025-03-17T07:06:38.427+0000] {dagbag.py:588} INFO - Filling up the DagBag from /home/airflow/.local/lib/python3.12/site-packages/airflow/example_dags/example_outlet_event_extra.py
[2025-03-17T07:06:38.884+0000] {processor.py:925} INFO - DAG(s) 'dataset_with_extra_by_yield', 'dataset_with_extra_by_context', 'dataset_with_extra_from_classic_operator' retrieved from /home/airflow/.local/lib/python3.12/site-packages/airflow/example_dags/example_outlet_event_extra.py
[2025-03-17T07:06:38.904+0000] {logging_mixin.py:190} INFO - [2025-03-17T07:06:38.904+0000] {dag.py:3239} INFO - Sync 3 DAGs
[2025-03-17T07:06:38.924+0000] {logging_mixin.py:190} INFO - [2025-03-17T07:06:38.924+0000] {dag.py:4180} INFO - Setting next_dagrun for dataset_with_extra_by_context to 2025-03-16 00:00:00+00:00, run_after=2025-03-17 00:00:00+00:00
[2025-03-17T07:06:38.928+0000] {logging_mixin.py:190} INFO - [2025-03-17T07:06:38.928+0000] {dag.py:4180} INFO - Setting next_dagrun for dataset_with_extra_by_yield to 2025-03-16 00:00:00+00:00, run_after=2025-03-17 00:00:00+00:00
[2025-03-17T07:06:38.931+0000] {logging_mixin.py:190} INFO - [2025-03-17T07:06:38.930+0000] {dag.py:4180} INFO - Setting next_dagrun for dataset_with_extra_from_classic_operator to 2025-03-16 00:00:00+00:00, run_after=2025-03-17 00:00:00+00:00
[2025-03-17T07:06:38.947+0000] {processor.py:208} INFO - Processing /home/airflow/.local/lib/python3.12/site-packages/airflow/example_dags/example_outlet_event_extra.py took 0.525 seconds
[2025-03-17T07:07:09.495+0000] {processor.py:186} INFO - Started process (PID=367) to work on /home/airflow/.local/lib/python3.12/site-packages/airflow/example_dags/example_outlet_event_extra.py
[2025-03-17T07:07:09.496+0000] {processor.py:914} INFO - Processing file /home/airflow/.local/lib/python3.12/site-packages/airflow/example_dags/example_outlet_event_extra.py for tasks to queue
[2025-03-17T07:07:09.497+0000] {logging_mixin.py:190} INFO - [2025-03-17T07:07:09.497+0000] {dagbag.py:588} INFO - Filling up the DagBag from /home/airflow/.local/lib/python3.12/site-packages/airflow/example_dags/example_outlet_event_extra.py
[2025-03-17T07:07:09.924+0000] {processor.py:925} INFO - DAG(s) 'dataset_with_extra_by_context', 'dataset_with_extra_from_classic_operator', 'dataset_with_extra_by_yield' retrieved from /home/airflow/.local/lib/python3.12/site-packages/airflow/example_dags/example_outlet_event_extra.py
[2025-03-17T07:07:09.943+0000] {logging_mixin.py:190} INFO - [2025-03-17T07:07:09.943+0000] {dag.py:3239} INFO - Sync 3 DAGs
[2025-03-17T07:07:09.961+0000] {logging_mixin.py:190} INFO - [2025-03-17T07:07:09.960+0000] {dag.py:4180} INFO - Setting next_dagrun for dataset_with_extra_by_context to 2025-03-16 00:00:00+00:00, run_after=2025-03-17 00:00:00+00:00
[2025-03-17T07:07:09.964+0000] {logging_mixin.py:190} INFO - [2025-03-17T07:07:09.964+0000] {dag.py:4180} INFO - Setting next_dagrun for dataset_with_extra_by_yield to 2025-03-16 00:00:00+00:00, run_after=2025-03-17 00:00:00+00:00
[2025-03-17T07:07:09.966+0000] {logging_mixin.py:190} INFO - [2025-03-17T07:07:09.966+0000] {dag.py:4180} INFO - Setting next_dagrun for dataset_with_extra_from_classic_operator to 2025-03-16 00:00:00+00:00, run_after=2025-03-17 00:00:00+00:00
[2025-03-17T07:07:09.980+0000] {processor.py:208} INFO - Processing /home/airflow/.local/lib/python3.12/site-packages/airflow/example_dags/example_outlet_event_extra.py took 0.489 seconds
[2025-03-17T07:07:40.396+0000] {processor.py:186} INFO - Started process (PID=430) to work on /home/airflow/.local/lib/python3.12/site-packages/airflow/example_dags/example_outlet_event_extra.py
[2025-03-17T07:07:40.396+0000] {processor.py:914} INFO - Processing file /home/airflow/.local/lib/python3.12/site-packages/airflow/example_dags/example_outlet_event_extra.py for tasks to queue
[2025-03-17T07:07:40.399+0000] {logging_mixin.py:190} INFO - [2025-03-17T07:07:40.398+0000] {dagbag.py:588} INFO - Filling up the DagBag from /home/airflow/.local/lib/python3.12/site-packages/airflow/example_dags/example_outlet_event_extra.py
[2025-03-17T07:07:40.841+0000] {processor.py:925} INFO - DAG(s) 'dataset_with_extra_from_classic_operator', 'dataset_with_extra_by_yield', 'dataset_with_extra_by_context' retrieved from /home/airflow/.local/lib/python3.12/site-packages/airflow/example_dags/example_outlet_event_extra.py
[2025-03-17T07:07:40.860+0000] {logging_mixin.py:190} INFO - [2025-03-17T07:07:40.860+0000] {dag.py:3239} INFO - Sync 3 DAGs
[2025-03-17T07:07:40.882+0000] {logging_mixin.py:190} INFO - [2025-03-17T07:07:40.882+0000] {dag.py:4180} INFO - Setting next_dagrun for dataset_with_extra_by_context to 2025-03-16 00:00:00+00:00, run_after=2025-03-17 00:00:00+00:00
[2025-03-17T07:07:40.886+0000] {logging_mixin.py:190} INFO - [2025-03-17T07:07:40.886+0000] {dag.py:4180} INFO - Setting next_dagrun for dataset_with_extra_by_yield to 2025-03-16 00:00:00+00:00, run_after=2025-03-17 00:00:00+00:00
[2025-03-17T07:07:40.888+0000] {logging_mixin.py:190} INFO - [2025-03-17T07:07:40.888+0000] {dag.py:4180} INFO - Setting next_dagrun for dataset_with_extra_from_classic_operator to 2025-03-16 00:00:00+00:00, run_after=2025-03-17 00:00:00+00:00
[2025-03-17T07:07:40.903+0000] {processor.py:208} INFO - Processing /home/airflow/.local/lib/python3.12/site-packages/airflow/example_dags/example_outlet_event_extra.py took 0.512 seconds
[2025-03-17T07:08:11.366+0000] {processor.py:186} INFO - Started process (PID=493) to work on /home/airflow/.local/lib/python3.12/site-packages/airflow/example_dags/example_outlet_event_extra.py
[2025-03-17T07:08:11.367+0000] {processor.py:914} INFO - Processing file /home/airflow/.local/lib/python3.12/site-packages/airflow/example_dags/example_outlet_event_extra.py for tasks to queue
[2025-03-17T07:08:11.369+0000] {logging_mixin.py:190} INFO - [2025-03-17T07:08:11.368+0000] {dagbag.py:588} INFO - Filling up the DagBag from /home/airflow/.local/lib/python3.12/site-packages/airflow/example_dags/example_outlet_event_extra.py
[2025-03-17T07:08:11.879+0000] {processor.py:925} INFO - DAG(s) 'dataset_with_extra_by_context', 'dataset_with_extra_from_classic_operator', 'dataset_with_extra_by_yield' retrieved from /home/airflow/.local/lib/python3.12/site-packages/airflow/example_dags/example_outlet_event_extra.py
[2025-03-17T07:08:11.898+0000] {logging_mixin.py:190} INFO - [2025-03-17T07:08:11.898+0000] {dag.py:3239} INFO - Sync 3 DAGs
[2025-03-17T07:08:11.917+0000] {logging_mixin.py:190} INFO - [2025-03-17T07:08:11.917+0000] {dag.py:4180} INFO - Setting next_dagrun for dataset_with_extra_by_context to 2025-03-16 00:00:00+00:00, run_after=2025-03-17 00:00:00+00:00
[2025-03-17T07:08:11.922+0000] {logging_mixin.py:190} INFO - [2025-03-17T07:08:11.921+0000] {dag.py:4180} INFO - Setting next_dagrun for dataset_with_extra_by_yield to 2025-03-16 00:00:00+00:00, run_after=2025-03-17 00:00:00+00:00
[2025-03-17T07:08:11.924+0000] {logging_mixin.py:190} INFO - [2025-03-17T07:08:11.924+0000] {dag.py:4180} INFO - Setting next_dagrun for dataset_with_extra_from_classic_operator to 2025-03-16 00:00:00+00:00, run_after=2025-03-17 00:00:00+00:00
[2025-03-17T07:08:11.939+0000] {processor.py:208} INFO - Processing /home/airflow/.local/lib/python3.12/site-packages/airflow/example_dags/example_outlet_event_extra.py took 0.578 seconds
[2025-03-17T07:08:43.084+0000] {processor.py:186} INFO - Started process (PID=556) to work on /home/airflow/.local/lib/python3.12/site-packages/airflow/example_dags/example_outlet_event_extra.py
[2025-03-17T07:08:43.084+0000] {processor.py:914} INFO - Processing file /home/airflow/.local/lib/python3.12/site-packages/airflow/example_dags/example_outlet_event_extra.py for tasks to queue
[2025-03-17T07:08:43.086+0000] {logging_mixin.py:190} INFO - [2025-03-17T07:08:43.086+0000] {dagbag.py:588} INFO - Filling up the DagBag from /home/airflow/.local/lib/python3.12/site-packages/airflow/example_dags/example_outlet_event_extra.py
[2025-03-17T07:08:43.567+0000] {processor.py:925} INFO - DAG(s) 'dataset_with_extra_by_yield', 'dataset_with_extra_from_classic_operator', 'dataset_with_extra_by_context' retrieved from /home/airflow/.local/lib/python3.12/site-packages/airflow/example_dags/example_outlet_event_extra.py
[2025-03-17T07:08:43.587+0000] {logging_mixin.py:190} INFO - [2025-03-17T07:08:43.587+0000] {dag.py:3239} INFO - Sync 3 DAGs
[2025-03-17T07:08:43.606+0000] {logging_mixin.py:190} INFO - [2025-03-17T07:08:43.606+0000] {dag.py:4180} INFO - Setting next_dagrun for dataset_with_extra_by_context to 2025-03-16 00:00:00+00:00, run_after=2025-03-17 00:00:00+00:00
[2025-03-17T07:08:43.610+0000] {logging_mixin.py:190} INFO - [2025-03-17T07:08:43.610+0000] {dag.py:4180} INFO - Setting next_dagrun for dataset_with_extra_by_yield to 2025-03-16 00:00:00+00:00, run_after=2025-03-17 00:00:00+00:00
[2025-03-17T07:08:43.613+0000] {logging_mixin.py:190} INFO - [2025-03-17T07:08:43.612+0000] {dag.py:4180} INFO - Setting next_dagrun for dataset_with_extra_from_classic_operator to 2025-03-16 00:00:00+00:00, run_after=2025-03-17 00:00:00+00:00
[2025-03-17T07:08:43.631+0000] {processor.py:208} INFO - Processing /home/airflow/.local/lib/python3.12/site-packages/airflow/example_dags/example_outlet_event_extra.py took 0.552 seconds
[2025-03-17T07:09:13.713+0000] {processor.py:186} INFO - Started process (PID=619) to work on /home/airflow/.local/lib/python3.12/site-packages/airflow/example_dags/example_outlet_event_extra.py
[2025-03-17T07:09:13.714+0000] {processor.py:914} INFO - Processing file /home/airflow/.local/lib/python3.12/site-packages/airflow/example_dags/example_outlet_event_extra.py for tasks to queue
[2025-03-17T07:09:13.716+0000] {logging_mixin.py:190} INFO - [2025-03-17T07:09:13.716+0000] {dagbag.py:588} INFO - Filling up the DagBag from /home/airflow/.local/lib/python3.12/site-packages/airflow/example_dags/example_outlet_event_extra.py
[2025-03-17T07:09:14.174+0000] {processor.py:925} INFO - DAG(s) 'dataset_with_extra_by_yield', 'dataset_with_extra_by_context', 'dataset_with_extra_from_classic_operator' retrieved from /home/airflow/.local/lib/python3.12/site-packages/airflow/example_dags/example_outlet_event_extra.py
[2025-03-17T07:09:14.194+0000] {logging_mixin.py:190} INFO - [2025-03-17T07:09:14.194+0000] {dag.py:3239} INFO - Sync 3 DAGs
[2025-03-17T07:09:14.213+0000] {logging_mixin.py:190} INFO - [2025-03-17T07:09:14.213+0000] {dag.py:4180} INFO - Setting next_dagrun for dataset_with_extra_by_context to 2025-03-16 00:00:00+00:00, run_after=2025-03-17 00:00:00+00:00
[2025-03-17T07:09:14.217+0000] {logging_mixin.py:190} INFO - [2025-03-17T07:09:14.217+0000] {dag.py:4180} INFO - Setting next_dagrun for dataset_with_extra_by_yield to 2025-03-16 00:00:00+00:00, run_after=2025-03-17 00:00:00+00:00
[2025-03-17T07:09:14.219+0000] {logging_mixin.py:190} INFO - [2025-03-17T07:09:14.219+0000] {dag.py:4180} INFO - Setting next_dagrun for dataset_with_extra_from_classic_operator to 2025-03-16 00:00:00+00:00, run_after=2025-03-17 00:00:00+00:00
[2025-03-17T07:09:14.235+0000] {processor.py:208} INFO - Processing /home/airflow/.local/lib/python3.12/site-packages/airflow/example_dags/example_outlet_event_extra.py took 0.526 seconds
[2025-03-17T07:09:44.686+0000] {processor.py:186} INFO - Started process (PID=682) to work on /home/airflow/.local/lib/python3.12/site-packages/airflow/example_dags/example_outlet_event_extra.py
[2025-03-17T07:09:44.687+0000] {processor.py:914} INFO - Processing file /home/airflow/.local/lib/python3.12/site-packages/airflow/example_dags/example_outlet_event_extra.py for tasks to queue
[2025-03-17T07:09:44.689+0000] {logging_mixin.py:190} INFO - [2025-03-17T07:09:44.689+0000] {dagbag.py:588} INFO - Filling up the DagBag from /home/airflow/.local/lib/python3.12/site-packages/airflow/example_dags/example_outlet_event_extra.py
[2025-03-17T07:09:45.145+0000] {processor.py:925} INFO - DAG(s) 'dataset_with_extra_by_yield', 'dataset_with_extra_from_classic_operator', 'dataset_with_extra_by_context' retrieved from /home/airflow/.local/lib/python3.12/site-packages/airflow/example_dags/example_outlet_event_extra.py
[2025-03-17T07:09:45.166+0000] {logging_mixin.py:190} INFO - [2025-03-17T07:09:45.166+0000] {dag.py:3239} INFO - Sync 3 DAGs
[2025-03-17T07:09:45.185+0000] {logging_mixin.py:190} INFO - [2025-03-17T07:09:45.185+0000] {dag.py:4180} INFO - Setting next_dagrun for dataset_with_extra_by_context to 2025-03-16 00:00:00+00:00, run_after=2025-03-17 00:00:00+00:00
[2025-03-17T07:09:45.190+0000] {logging_mixin.py:190} INFO - [2025-03-17T07:09:45.190+0000] {dag.py:4180} INFO - Setting next_dagrun for dataset_with_extra_by_yield to 2025-03-16 00:00:00+00:00, run_after=2025-03-17 00:00:00+00:00
[2025-03-17T07:09:45.192+0000] {logging_mixin.py:190} INFO - [2025-03-17T07:09:45.192+0000] {dag.py:4180} INFO - Setting next_dagrun for dataset_with_extra_from_classic_operator to 2025-03-16 00:00:00+00:00, run_after=2025-03-17 00:00:00+00:00
[2025-03-17T07:09:45.207+0000] {processor.py:208} INFO - Processing /home/airflow/.local/lib/python3.12/site-packages/airflow/example_dags/example_outlet_event_extra.py took 0.525 seconds
[2025-03-17T07:10:14.742+0000] {processor.py:186} INFO - Started process (PID=745) to work on /home/airflow/.local/lib/python3.12/site-packages/airflow/example_dags/example_outlet_event_extra.py
[2025-03-17T07:10:14.743+0000] {processor.py:914} INFO - Processing file /home/airflow/.local/lib/python3.12/site-packages/airflow/example_dags/example_outlet_event_extra.py for tasks to queue
[2025-03-17T07:10:14.745+0000] {logging_mixin.py:190} INFO - [2025-03-17T07:10:14.745+0000] {dagbag.py:588} INFO - Filling up the DagBag from /home/airflow/.local/lib/python3.12/site-packages/airflow/example_dags/example_outlet_event_extra.py
[2025-03-17T07:10:15.244+0000] {processor.py:925} INFO - DAG(s) 'dataset_with_extra_by_yield', 'dataset_with_extra_by_context', 'dataset_with_extra_from_classic_operator' retrieved from /home/airflow/.local/lib/python3.12/site-packages/airflow/example_dags/example_outlet_event_extra.py
[2025-03-17T07:10:15.264+0000] {logging_mixin.py:190} INFO - [2025-03-17T07:10:15.264+0000] {dag.py:3239} INFO - Sync 3 DAGs
[2025-03-17T07:10:15.285+0000] {logging_mixin.py:190} INFO - [2025-03-17T07:10:15.285+0000] {dag.py:4180} INFO - Setting next_dagrun for dataset_with_extra_by_context to 2025-03-16 00:00:00+00:00, run_after=2025-03-17 00:00:00+00:00
[2025-03-17T07:10:15.289+0000] {logging_mixin.py:190} INFO - [2025-03-17T07:10:15.289+0000] {dag.py:4180} INFO - Setting next_dagrun for dataset_with_extra_by_yield to 2025-03-16 00:00:00+00:00, run_after=2025-03-17 00:00:00+00:00
[2025-03-17T07:10:15.291+0000] {logging_mixin.py:190} INFO - [2025-03-17T07:10:15.291+0000] {dag.py:4180} INFO - Setting next_dagrun for dataset_with_extra_from_classic_operator to 2025-03-16 00:00:00+00:00, run_after=2025-03-17 00:00:00+00:00
[2025-03-17T07:10:15.307+0000] {processor.py:208} INFO - Processing /home/airflow/.local/lib/python3.12/site-packages/airflow/example_dags/example_outlet_event_extra.py took 0.569 seconds
[2025-03-17T07:10:47.095+0000] {processor.py:186} INFO - Started process (PID=812) to work on /home/airflow/.local/lib/python3.12/site-packages/airflow/example_dags/example_outlet_event_extra.py
[2025-03-17T07:10:47.096+0000] {processor.py:914} INFO - Processing file /home/airflow/.local/lib/python3.12/site-packages/airflow/example_dags/example_outlet_event_extra.py for tasks to queue
[2025-03-17T07:10:47.098+0000] {logging_mixin.py:190} INFO - [2025-03-17T07:10:47.097+0000] {dagbag.py:588} INFO - Filling up the DagBag from /home/airflow/.local/lib/python3.12/site-packages/airflow/example_dags/example_outlet_event_extra.py
[2025-03-17T07:10:47.531+0000] {processor.py:925} INFO - DAG(s) 'dataset_with_extra_by_context', 'dataset_with_extra_from_classic_operator', 'dataset_with_extra_by_yield' retrieved from /home/airflow/.local/lib/python3.12/site-packages/airflow/example_dags/example_outlet_event_extra.py
[2025-03-17T07:10:47.552+0000] {logging_mixin.py:190} INFO - [2025-03-17T07:10:47.551+0000] {dag.py:3239} INFO - Sync 3 DAGs
[2025-03-17T07:10:47.573+0000] {logging_mixin.py:190} INFO - [2025-03-17T07:10:47.573+0000] {dag.py:4180} INFO - Setting next_dagrun for dataset_with_extra_by_context to 2025-03-16 00:00:00+00:00, run_after=2025-03-17 00:00:00+00:00
[2025-03-17T07:10:47.577+0000] {logging_mixin.py:190} INFO - [2025-03-17T07:10:47.577+0000] {dag.py:4180} INFO - Setting next_dagrun for dataset_with_extra_by_yield to 2025-03-16 00:00:00+00:00, run_after=2025-03-17 00:00:00+00:00
[2025-03-17T07:10:47.579+0000] {logging_mixin.py:190} INFO - [2025-03-17T07:10:47.579+0000] {dag.py:4180} INFO - Setting next_dagrun for dataset_with_extra_from_classic_operator to 2025-03-16 00:00:00+00:00, run_after=2025-03-17 00:00:00+00:00
[2025-03-17T07:10:47.595+0000] {processor.py:208} INFO - Processing /home/airflow/.local/lib/python3.12/site-packages/airflow/example_dags/example_outlet_event_extra.py took 0.504 seconds
[2025-03-17T07:11:18.130+0000] {processor.py:186} INFO - Started process (PID=881) to work on /home/airflow/.local/lib/python3.12/site-packages/airflow/example_dags/example_outlet_event_extra.py
[2025-03-17T07:11:18.130+0000] {processor.py:914} INFO - Processing file /home/airflow/.local/lib/python3.12/site-packages/airflow/example_dags/example_outlet_event_extra.py for tasks to queue
[2025-03-17T07:11:18.133+0000] {logging_mixin.py:190} INFO - [2025-03-17T07:11:18.132+0000] {dagbag.py:588} INFO - Filling up the DagBag from /home/airflow/.local/lib/python3.12/site-packages/airflow/example_dags/example_outlet_event_extra.py
[2025-03-17T07:11:18.613+0000] {processor.py:925} INFO - DAG(s) 'dataset_with_extra_by_yield', 'dataset_with_extra_from_classic_operator', 'dataset_with_extra_by_context' retrieved from /home/airflow/.local/lib/python3.12/site-packages/airflow/example_dags/example_outlet_event_extra.py
[2025-03-17T07:11:18.633+0000] {logging_mixin.py:190} INFO - [2025-03-17T07:11:18.633+0000] {dag.py:3239} INFO - Sync 3 DAGs
[2025-03-17T07:11:18.653+0000] {logging_mixin.py:190} INFO - [2025-03-17T07:11:18.653+0000] {dag.py:4180} INFO - Setting next_dagrun for dataset_with_extra_by_context to 2025-03-16 00:00:00+00:00, run_after=2025-03-17 00:00:00+00:00
[2025-03-17T07:11:18.657+0000] {logging_mixin.py:190} INFO - [2025-03-17T07:11:18.656+0000] {dag.py:4180} INFO - Setting next_dagrun for dataset_with_extra_by_yield to 2025-03-16 00:00:00+00:00, run_after=2025-03-17 00:00:00+00:00
[2025-03-17T07:11:18.659+0000] {logging_mixin.py:190} INFO - [2025-03-17T07:11:18.658+0000] {dag.py:4180} INFO - Setting next_dagrun for dataset_with_extra_from_classic_operator to 2025-03-16 00:00:00+00:00, run_after=2025-03-17 00:00:00+00:00
[2025-03-17T07:11:18.674+0000] {processor.py:208} INFO - Processing /home/airflow/.local/lib/python3.12/site-packages/airflow/example_dags/example_outlet_event_extra.py took 0.548 seconds
[2025-03-17T07:11:48.749+0000] {processor.py:186} INFO - Started process (PID=944) to work on /home/airflow/.local/lib/python3.12/site-packages/airflow/example_dags/example_outlet_event_extra.py
[2025-03-17T07:11:48.749+0000] {processor.py:914} INFO - Processing file /home/airflow/.local/lib/python3.12/site-packages/airflow/example_dags/example_outlet_event_extra.py for tasks to queue
[2025-03-17T07:11:48.751+0000] {logging_mixin.py:190} INFO - [2025-03-17T07:11:48.751+0000] {dagbag.py:588} INFO - Filling up the DagBag from /home/airflow/.local/lib/python3.12/site-packages/airflow/example_dags/example_outlet_event_extra.py
[2025-03-17T07:11:49.202+0000] {processor.py:925} INFO - DAG(s) 'dataset_with_extra_by_yield', 'dataset_with_extra_from_classic_operator', 'dataset_with_extra_by_context' retrieved from /home/airflow/.local/lib/python3.12/site-packages/airflow/example_dags/example_outlet_event_extra.py
[2025-03-17T07:11:49.221+0000] {logging_mixin.py:190} INFO - [2025-03-17T07:11:49.221+0000] {dag.py:3239} INFO - Sync 3 DAGs
[2025-03-17T07:11:49.239+0000] {logging_mixin.py:190} INFO - [2025-03-17T07:11:49.238+0000] {dag.py:4180} INFO - Setting next_dagrun for dataset_with_extra_by_context to 2025-03-16 00:00:00+00:00, run_after=2025-03-17 00:00:00+00:00
[2025-03-17T07:11:49.242+0000] {logging_mixin.py:190} INFO - [2025-03-17T07:11:49.242+0000] {dag.py:4180} INFO - Setting next_dagrun for dataset_with_extra_by_yield to 2025-03-16 00:00:00+00:00, run_after=2025-03-17 00:00:00+00:00
[2025-03-17T07:11:49.244+0000] {logging_mixin.py:190} INFO - [2025-03-17T07:11:49.244+0000] {dag.py:4180} INFO - Setting next_dagrun for dataset_with_extra_from_classic_operator to 2025-03-16 00:00:00+00:00, run_after=2025-03-17 00:00:00+00:00
[2025-03-17T07:11:49.258+0000] {processor.py:208} INFO - Processing /home/airflow/.local/lib/python3.12/site-packages/airflow/example_dags/example_outlet_event_extra.py took 0.514 seconds
[2025-03-17T07:12:19.733+0000] {processor.py:186} INFO - Started process (PID=1010) to work on /home/airflow/.local/lib/python3.12/site-packages/airflow/example_dags/example_outlet_event_extra.py
[2025-03-17T07:12:19.734+0000] {processor.py:914} INFO - Processing file /home/airflow/.local/lib/python3.12/site-packages/airflow/example_dags/example_outlet_event_extra.py for tasks to queue
[2025-03-17T07:12:19.737+0000] {logging_mixin.py:190} INFO - [2025-03-17T07:12:19.736+0000] {dagbag.py:588} INFO - Filling up the DagBag from /home/airflow/.local/lib/python3.12/site-packages/airflow/example_dags/example_outlet_event_extra.py
[2025-03-17T07:12:20.213+0000] {processor.py:925} INFO - DAG(s) 'dataset_with_extra_by_yield', 'dataset_with_extra_from_classic_operator', 'dataset_with_extra_by_context' retrieved from /home/airflow/.local/lib/python3.12/site-packages/airflow/example_dags/example_outlet_event_extra.py
[2025-03-17T07:12:20.233+0000] {logging_mixin.py:190} INFO - [2025-03-17T07:12:20.233+0000] {dag.py:3239} INFO - Sync 3 DAGs
[2025-03-17T07:12:20.253+0000] {logging_mixin.py:190} INFO - [2025-03-17T07:12:20.253+0000] {dag.py:4180} INFO - Setting next_dagrun for dataset_with_extra_by_context to 2025-03-16 00:00:00+00:00, run_after=2025-03-17 00:00:00+00:00
[2025-03-17T07:12:20.258+0000] {logging_mixin.py:190} INFO - [2025-03-17T07:12:20.257+0000] {dag.py:4180} INFO - Setting next_dagrun for dataset_with_extra_by_yield to 2025-03-16 00:00:00+00:00, run_after=2025-03-17 00:00:00+00:00
[2025-03-17T07:12:20.260+0000] {logging_mixin.py:190} INFO - [2025-03-17T07:12:20.260+0000] {dag.py:4180} INFO - Setting next_dagrun for dataset_with_extra_from_classic_operator to 2025-03-16 00:00:00+00:00, run_after=2025-03-17 00:00:00+00:00
[2025-03-17T07:12:20.275+0000] {processor.py:208} INFO - Processing /home/airflow/.local/lib/python3.12/site-packages/airflow/example_dags/example_outlet_event_extra.py took 0.548 seconds
[2025-03-17T07:12:50.745+0000] {processor.py:186} INFO - Started process (PID=1073) to work on /home/airflow/.local/lib/python3.12/site-packages/airflow/example_dags/example_outlet_event_extra.py
[2025-03-17T07:12:50.746+0000] {processor.py:914} INFO - Processing file /home/airflow/.local/lib/python3.12/site-packages/airflow/example_dags/example_outlet_event_extra.py for tasks to queue
[2025-03-17T07:12:50.748+0000] {logging_mixin.py:190} INFO - [2025-03-17T07:12:50.748+0000] {dagbag.py:588} INFO - Filling up the DagBag from /home/airflow/.local/lib/python3.12/site-packages/airflow/example_dags/example_outlet_event_extra.py
[2025-03-17T07:12:51.236+0000] {processor.py:925} INFO - DAG(s) 'dataset_with_extra_by_yield', 'dataset_with_extra_by_context', 'dataset_with_extra_from_classic_operator' retrieved from /home/airflow/.local/lib/python3.12/site-packages/airflow/example_dags/example_outlet_event_extra.py
[2025-03-17T07:12:51.255+0000] {logging_mixin.py:190} INFO - [2025-03-17T07:12:51.255+0000] {dag.py:3239} INFO - Sync 3 DAGs
[2025-03-17T07:12:51.278+0000] {logging_mixin.py:190} INFO - [2025-03-17T07:12:51.277+0000] {dag.py:4180} INFO - Setting next_dagrun for dataset_with_extra_by_context to 2025-03-16 00:00:00+00:00, run_after=2025-03-17 00:00:00+00:00
[2025-03-17T07:12:51.282+0000] {logging_mixin.py:190} INFO - [2025-03-17T07:12:51.282+0000] {dag.py:4180} INFO - Setting next_dagrun for dataset_with_extra_by_yield to 2025-03-16 00:00:00+00:00, run_after=2025-03-17 00:00:00+00:00
[2025-03-17T07:12:51.284+0000] {logging_mixin.py:190} INFO - [2025-03-17T07:12:51.284+0000] {dag.py:4180} INFO - Setting next_dagrun for dataset_with_extra_from_classic_operator to 2025-03-16 00:00:00+00:00, run_after=2025-03-17 00:00:00+00:00
[2025-03-17T07:12:51.301+0000] {processor.py:208} INFO - Processing /home/airflow/.local/lib/python3.12/site-packages/airflow/example_dags/example_outlet_event_extra.py took 0.560 seconds
[2025-03-17T07:13:21.577+0000] {processor.py:186} INFO - Started process (PID=1139) to work on /home/airflow/.local/lib/python3.12/site-packages/airflow/example_dags/example_outlet_event_extra.py
[2025-03-17T07:13:21.577+0000] {processor.py:914} INFO - Processing file /home/airflow/.local/lib/python3.12/site-packages/airflow/example_dags/example_outlet_event_extra.py for tasks to queue
[2025-03-17T07:13:21.579+0000] {logging_mixin.py:190} INFO - [2025-03-17T07:13:21.579+0000] {dagbag.py:588} INFO - Filling up the DagBag from /home/airflow/.local/lib/python3.12/site-packages/airflow/example_dags/example_outlet_event_extra.py
[2025-03-17T07:13:22.051+0000] {processor.py:925} INFO - DAG(s) 'dataset_with_extra_from_classic_operator', 'dataset_with_extra_by_yield', 'dataset_with_extra_by_context' retrieved from /home/airflow/.local/lib/python3.12/site-packages/airflow/example_dags/example_outlet_event_extra.py
[2025-03-17T07:13:22.072+0000] {logging_mixin.py:190} INFO - [2025-03-17T07:13:22.072+0000] {dag.py:3239} INFO - Sync 3 DAGs
[2025-03-17T07:13:22.092+0000] {logging_mixin.py:190} INFO - [2025-03-17T07:13:22.092+0000] {dag.py:4180} INFO - Setting next_dagrun for dataset_with_extra_by_context to 2025-03-16 00:00:00+00:00, run_after=2025-03-17 00:00:00+00:00
[2025-03-17T07:13:22.097+0000] {logging_mixin.py:190} INFO - [2025-03-17T07:13:22.097+0000] {dag.py:4180} INFO - Setting next_dagrun for dataset_with_extra_by_yield to 2025-03-16 00:00:00+00:00, run_after=2025-03-17 00:00:00+00:00
[2025-03-17T07:13:22.099+0000] {logging_mixin.py:190} INFO - [2025-03-17T07:13:22.099+0000] {dag.py:4180} INFO - Setting next_dagrun for dataset_with_extra_from_classic_operator to 2025-03-16 00:00:00+00:00, run_after=2025-03-17 00:00:00+00:00
[2025-03-17T07:13:22.118+0000] {processor.py:208} INFO - Processing /home/airflow/.local/lib/python3.12/site-packages/airflow/example_dags/example_outlet_event_extra.py took 0.546 seconds
[2025-03-17T07:13:52.322+0000] {processor.py:186} INFO - Started process (PID=1208) to work on /home/airflow/.local/lib/python3.12/site-packages/airflow/example_dags/example_outlet_event_extra.py
[2025-03-17T07:13:52.323+0000] {processor.py:914} INFO - Processing file /home/airflow/.local/lib/python3.12/site-packages/airflow/example_dags/example_outlet_event_extra.py for tasks to queue
[2025-03-17T07:13:52.325+0000] {logging_mixin.py:190} INFO - [2025-03-17T07:13:52.325+0000] {dagbag.py:588} INFO - Filling up the DagBag from /home/airflow/.local/lib/python3.12/site-packages/airflow/example_dags/example_outlet_event_extra.py
[2025-03-17T07:13:52.777+0000] {processor.py:925} INFO - DAG(s) 'dataset_with_extra_by_context', 'dataset_with_extra_from_classic_operator', 'dataset_with_extra_by_yield' retrieved from /home/airflow/.local/lib/python3.12/site-packages/airflow/example_dags/example_outlet_event_extra.py
[2025-03-17T07:13:52.796+0000] {logging_mixin.py:190} INFO - [2025-03-17T07:13:52.796+0000] {dag.py:3239} INFO - Sync 3 DAGs
[2025-03-17T07:13:52.816+0000] {logging_mixin.py:190} INFO - [2025-03-17T07:13:52.816+0000] {dag.py:4180} INFO - Setting next_dagrun for dataset_with_extra_by_context to 2025-03-16 00:00:00+00:00, run_after=2025-03-17 00:00:00+00:00
[2025-03-17T07:13:52.820+0000] {logging_mixin.py:190} INFO - [2025-03-17T07:13:52.820+0000] {dag.py:4180} INFO - Setting next_dagrun for dataset_with_extra_by_yield to 2025-03-16 00:00:00+00:00, run_after=2025-03-17 00:00:00+00:00
[2025-03-17T07:13:52.822+0000] {logging_mixin.py:190} INFO - [2025-03-17T07:13:52.822+0000] {dag.py:4180} INFO - Setting next_dagrun for dataset_with_extra_from_classic_operator to 2025-03-16 00:00:00+00:00, run_after=2025-03-17 00:00:00+00:00
[2025-03-17T07:13:52.838+0000] {processor.py:208} INFO - Processing /home/airflow/.local/lib/python3.12/site-packages/airflow/example_dags/example_outlet_event_extra.py took 0.521 seconds
[2025-03-17T07:14:23.078+0000] {processor.py:186} INFO - Started process (PID=1260) to work on /home/airflow/.local/lib/python3.12/site-packages/airflow/example_dags/example_outlet_event_extra.py
[2025-03-17T07:14:23.078+0000] {processor.py:914} INFO - Processing file /home/airflow/.local/lib/python3.12/site-packages/airflow/example_dags/example_outlet_event_extra.py for tasks to queue
[2025-03-17T07:14:23.080+0000] {logging_mixin.py:190} INFO - [2025-03-17T07:14:23.080+0000] {dagbag.py:588} INFO - Filling up the DagBag from /home/airflow/.local/lib/python3.12/site-packages/airflow/example_dags/example_outlet_event_extra.py
[2025-03-17T07:14:23.546+0000] {processor.py:925} INFO - DAG(s) 'dataset_with_extra_by_context', 'dataset_with_extra_by_yield', 'dataset_with_extra_from_classic_operator' retrieved from /home/airflow/.local/lib/python3.12/site-packages/airflow/example_dags/example_outlet_event_extra.py
[2025-03-17T07:14:23.565+0000] {logging_mixin.py:190} INFO - [2025-03-17T07:14:23.565+0000] {dag.py:3239} INFO - Sync 3 DAGs
[2025-03-17T07:14:23.585+0000] {logging_mixin.py:190} INFO - [2025-03-17T07:14:23.584+0000] {dag.py:4180} INFO - Setting next_dagrun for dataset_with_extra_by_context to 2025-03-16 00:00:00+00:00, run_after=2025-03-17 00:00:00+00:00
[2025-03-17T07:14:23.589+0000] {logging_mixin.py:190} INFO - [2025-03-17T07:14:23.589+0000] {dag.py:4180} INFO - Setting next_dagrun for dataset_with_extra_by_yield to 2025-03-16 00:00:00+00:00, run_after=2025-03-17 00:00:00+00:00
[2025-03-17T07:14:23.591+0000] {logging_mixin.py:190} INFO - [2025-03-17T07:14:23.591+0000] {dag.py:4180} INFO - Setting next_dagrun for dataset_with_extra_from_classic_operator to 2025-03-16 00:00:00+00:00, run_after=2025-03-17 00:00:00+00:00
[2025-03-17T07:14:23.605+0000] {processor.py:208} INFO - Processing /home/airflow/.local/lib/python3.12/site-packages/airflow/example_dags/example_outlet_event_extra.py took 0.532 seconds
