[2025-03-17T07:05:06.266+0000] {processor.py:186} INFO - Started process (PID=96) to work on /home/airflow/.local/lib/python3.12/site-packages/airflow/example_dags/example_xcomargs.py
[2025-03-17T07:05:06.267+0000] {processor.py:914} INFO - Processing file /home/airflow/.local/lib/python3.12/site-packages/airflow/example_dags/example_xcomargs.py for tasks to queue
[2025-03-17T07:05:06.269+0000] {logging_mixin.py:190} INFO - [2025-03-17T07:05:06.269+0000] {dagbag.py:588} INFO - Filling up the DagBag from /home/airflow/.local/lib/python3.12/site-packages/airflow/example_dags/example_xcomargs.py
[2025-03-17T07:05:06.278+0000] {processor.py:925} INFO - DAG(s) 'example_xcom_args', 'example_xcom_args_with_operators' retrieved from /home/airflow/.local/lib/python3.12/site-packages/airflow/example_dags/example_xcomargs.py
[2025-03-17T07:05:06.301+0000] {logging_mixin.py:190} INFO - [2025-03-17T07:05:06.301+0000] {dag.py:3239} INFO - Sync 2 DAGs
[2025-03-17T07:05:06.314+0000] {logging_mixin.py:190} INFO - [2025-03-17T07:05:06.313+0000] {dag.py:4180} INFO - Setting next_dagrun for example_xcom_args to None, run_after=None
[2025-03-17T07:05:06.317+0000] {logging_mixin.py:190} INFO - [2025-03-17T07:05:06.316+0000] {dag.py:4180} INFO - Setting next_dagrun for example_xcom_args_with_operators to None, run_after=None
[2025-03-17T07:05:06.329+0000] {processor.py:208} INFO - Processing /home/airflow/.local/lib/python3.12/site-packages/airflow/example_dags/example_xcomargs.py took 0.067 seconds
[2025-03-17T07:05:37.291+0000] {processor.py:186} INFO - Started process (PID=179) to work on /home/airflow/.local/lib/python3.12/site-packages/airflow/example_dags/example_xcomargs.py
[2025-03-17T07:05:37.291+0000] {processor.py:914} INFO - Processing file /home/airflow/.local/lib/python3.12/site-packages/airflow/example_dags/example_xcomargs.py for tasks to queue
[2025-03-17T07:05:37.294+0000] {logging_mixin.py:190} INFO - [2025-03-17T07:05:37.294+0000] {dagbag.py:588} INFO - Filling up the DagBag from /home/airflow/.local/lib/python3.12/site-packages/airflow/example_dags/example_xcomargs.py
[2025-03-17T07:05:37.305+0000] {processor.py:925} INFO - DAG(s) 'example_xcom_args', 'example_xcom_args_with_operators' retrieved from /home/airflow/.local/lib/python3.12/site-packages/airflow/example_dags/example_xcomargs.py
[2025-03-17T07:05:37.326+0000] {logging_mixin.py:190} INFO - [2025-03-17T07:05:37.326+0000] {dag.py:3239} INFO - Sync 2 DAGs
[2025-03-17T07:05:37.340+0000] {logging_mixin.py:190} INFO - [2025-03-17T07:05:37.340+0000] {dag.py:4180} INFO - Setting next_dagrun for example_xcom_args to None, run_after=None
[2025-03-17T07:05:37.343+0000] {logging_mixin.py:190} INFO - [2025-03-17T07:05:37.343+0000] {dag.py:4180} INFO - Setting next_dagrun for example_xcom_args_with_operators to None, run_after=None
[2025-03-17T07:05:37.358+0000] {processor.py:208} INFO - Processing /home/airflow/.local/lib/python3.12/site-packages/airflow/example_dags/example_xcomargs.py took 0.072 seconds
[2025-03-17T07:06:08.075+0000] {processor.py:186} INFO - Started process (PID=242) to work on /home/airflow/.local/lib/python3.12/site-packages/airflow/example_dags/example_xcomargs.py
[2025-03-17T07:06:08.076+0000] {processor.py:914} INFO - Processing file /home/airflow/.local/lib/python3.12/site-packages/airflow/example_dags/example_xcomargs.py for tasks to queue
[2025-03-17T07:06:08.078+0000] {logging_mixin.py:190} INFO - [2025-03-17T07:06:08.078+0000] {dagbag.py:588} INFO - Filling up the DagBag from /home/airflow/.local/lib/python3.12/site-packages/airflow/example_dags/example_xcomargs.py
[2025-03-17T07:06:08.087+0000] {processor.py:925} INFO - DAG(s) 'example_xcom_args', 'example_xcom_args_with_operators' retrieved from /home/airflow/.local/lib/python3.12/site-packages/airflow/example_dags/example_xcomargs.py
[2025-03-17T07:06:08.107+0000] {logging_mixin.py:190} INFO - [2025-03-17T07:06:08.107+0000] {dag.py:3239} INFO - Sync 2 DAGs
[2025-03-17T07:06:08.120+0000] {logging_mixin.py:190} INFO - [2025-03-17T07:06:08.119+0000] {dag.py:4180} INFO - Setting next_dagrun for example_xcom_args to None, run_after=None
[2025-03-17T07:06:08.123+0000] {logging_mixin.py:190} INFO - [2025-03-17T07:06:08.123+0000] {dag.py:4180} INFO - Setting next_dagrun for example_xcom_args_with_operators to None, run_after=None
[2025-03-17T07:06:08.136+0000] {processor.py:208} INFO - Processing /home/airflow/.local/lib/python3.12/site-packages/airflow/example_dags/example_xcomargs.py took 0.066 seconds
[2025-03-17T07:06:38.984+0000] {processor.py:186} INFO - Started process (PID=305) to work on /home/airflow/.local/lib/python3.12/site-packages/airflow/example_dags/example_xcomargs.py
[2025-03-17T07:06:38.985+0000] {processor.py:914} INFO - Processing file /home/airflow/.local/lib/python3.12/site-packages/airflow/example_dags/example_xcomargs.py for tasks to queue
[2025-03-17T07:06:38.987+0000] {logging_mixin.py:190} INFO - [2025-03-17T07:06:38.987+0000] {dagbag.py:588} INFO - Filling up the DagBag from /home/airflow/.local/lib/python3.12/site-packages/airflow/example_dags/example_xcomargs.py
[2025-03-17T07:06:38.996+0000] {processor.py:925} INFO - DAG(s) 'example_xcom_args', 'example_xcom_args_with_operators' retrieved from /home/airflow/.local/lib/python3.12/site-packages/airflow/example_dags/example_xcomargs.py
[2025-03-17T07:06:39.014+0000] {logging_mixin.py:190} INFO - [2025-03-17T07:06:39.014+0000] {dag.py:3239} INFO - Sync 2 DAGs
[2025-03-17T07:06:39.026+0000] {logging_mixin.py:190} INFO - [2025-03-17T07:06:39.026+0000] {dag.py:4180} INFO - Setting next_dagrun for example_xcom_args to None, run_after=None
[2025-03-17T07:06:39.029+0000] {logging_mixin.py:190} INFO - [2025-03-17T07:06:39.029+0000] {dag.py:4180} INFO - Setting next_dagrun for example_xcom_args_with_operators to None, run_after=None
[2025-03-17T07:06:39.041+0000] {processor.py:208} INFO - Processing /home/airflow/.local/lib/python3.12/site-packages/airflow/example_dags/example_xcomargs.py took 0.062 seconds
[2025-03-17T07:07:10.013+0000] {processor.py:186} INFO - Started process (PID=368) to work on /home/airflow/.local/lib/python3.12/site-packages/airflow/example_dags/example_xcomargs.py
[2025-03-17T07:07:10.013+0000] {processor.py:914} INFO - Processing file /home/airflow/.local/lib/python3.12/site-packages/airflow/example_dags/example_xcomargs.py for tasks to queue
[2025-03-17T07:07:10.015+0000] {logging_mixin.py:190} INFO - [2025-03-17T07:07:10.015+0000] {dagbag.py:588} INFO - Filling up the DagBag from /home/airflow/.local/lib/python3.12/site-packages/airflow/example_dags/example_xcomargs.py
[2025-03-17T07:07:10.023+0000] {processor.py:925} INFO - DAG(s) 'example_xcom_args_with_operators', 'example_xcom_args' retrieved from /home/airflow/.local/lib/python3.12/site-packages/airflow/example_dags/example_xcomargs.py
[2025-03-17T07:07:10.040+0000] {logging_mixin.py:190} INFO - [2025-03-17T07:07:10.040+0000] {dag.py:3239} INFO - Sync 2 DAGs
[2025-03-17T07:07:10.051+0000] {logging_mixin.py:190} INFO - [2025-03-17T07:07:10.051+0000] {dag.py:4180} INFO - Setting next_dagrun for example_xcom_args to None, run_after=None
[2025-03-17T07:07:10.054+0000] {logging_mixin.py:190} INFO - [2025-03-17T07:07:10.054+0000] {dag.py:4180} INFO - Setting next_dagrun for example_xcom_args_with_operators to None, run_after=None
[2025-03-17T07:07:10.065+0000] {processor.py:208} INFO - Processing /home/airflow/.local/lib/python3.12/site-packages/airflow/example_dags/example_xcomargs.py took 0.057 seconds
[2025-03-17T07:07:40.941+0000] {processor.py:186} INFO - Started process (PID=431) to work on /home/airflow/.local/lib/python3.12/site-packages/airflow/example_dags/example_xcomargs.py
[2025-03-17T07:07:40.942+0000] {processor.py:914} INFO - Processing file /home/airflow/.local/lib/python3.12/site-packages/airflow/example_dags/example_xcomargs.py for tasks to queue
[2025-03-17T07:07:40.944+0000] {logging_mixin.py:190} INFO - [2025-03-17T07:07:40.944+0000] {dagbag.py:588} INFO - Filling up the DagBag from /home/airflow/.local/lib/python3.12/site-packages/airflow/example_dags/example_xcomargs.py
[2025-03-17T07:07:40.951+0000] {processor.py:925} INFO - DAG(s) 'example_xcom_args', 'example_xcom_args_with_operators' retrieved from /home/airflow/.local/lib/python3.12/site-packages/airflow/example_dags/example_xcomargs.py
[2025-03-17T07:07:40.969+0000] {logging_mixin.py:190} INFO - [2025-03-17T07:07:40.968+0000] {dag.py:3239} INFO - Sync 2 DAGs
[2025-03-17T07:07:40.979+0000] {logging_mixin.py:190} INFO - [2025-03-17T07:07:40.979+0000] {dag.py:4180} INFO - Setting next_dagrun for example_xcom_args to None, run_after=None
[2025-03-17T07:07:40.982+0000] {logging_mixin.py:190} INFO - [2025-03-17T07:07:40.982+0000] {dag.py:4180} INFO - Setting next_dagrun for example_xcom_args_with_operators to None, run_after=None
[2025-03-17T07:07:40.993+0000] {processor.py:208} INFO - Processing /home/airflow/.local/lib/python3.12/site-packages/airflow/example_dags/example_xcomargs.py took 0.056 seconds
[2025-03-17T07:08:11.694+0000] {processor.py:186} INFO - Started process (PID=494) to work on /home/airflow/.local/lib/python3.12/site-packages/airflow/example_dags/example_xcomargs.py
[2025-03-17T07:08:11.695+0000] {processor.py:914} INFO - Processing file /home/airflow/.local/lib/python3.12/site-packages/airflow/example_dags/example_xcomargs.py for tasks to queue
[2025-03-17T07:08:11.697+0000] {logging_mixin.py:190} INFO - [2025-03-17T07:08:11.697+0000] {dagbag.py:588} INFO - Filling up the DagBag from /home/airflow/.local/lib/python3.12/site-packages/airflow/example_dags/example_xcomargs.py
[2025-03-17T07:08:11.706+0000] {processor.py:925} INFO - DAG(s) 'example_xcom_args', 'example_xcom_args_with_operators' retrieved from /home/airflow/.local/lib/python3.12/site-packages/airflow/example_dags/example_xcomargs.py
[2025-03-17T07:08:11.725+0000] {logging_mixin.py:190} INFO - [2025-03-17T07:08:11.724+0000] {dag.py:3239} INFO - Sync 2 DAGs
[2025-03-17T07:08:11.736+0000] {logging_mixin.py:190} INFO - [2025-03-17T07:08:11.736+0000] {dag.py:4180} INFO - Setting next_dagrun for example_xcom_args to None, run_after=None
[2025-03-17T07:08:11.739+0000] {logging_mixin.py:190} INFO - [2025-03-17T07:08:11.739+0000] {dag.py:4180} INFO - Setting next_dagrun for example_xcom_args_with_operators to None, run_after=None
[2025-03-17T07:08:11.751+0000] {processor.py:208} INFO - Processing /home/airflow/.local/lib/python3.12/site-packages/airflow/example_dags/example_xcomargs.py took 0.061 seconds
[2025-03-17T07:08:43.084+0000] {processor.py:186} INFO - Started process (PID=557) to work on /home/airflow/.local/lib/python3.12/site-packages/airflow/example_dags/example_xcomargs.py
[2025-03-17T07:08:43.085+0000] {processor.py:914} INFO - Processing file /home/airflow/.local/lib/python3.12/site-packages/airflow/example_dags/example_xcomargs.py for tasks to queue
[2025-03-17T07:08:43.086+0000] {logging_mixin.py:190} INFO - [2025-03-17T07:08:43.086+0000] {dagbag.py:588} INFO - Filling up the DagBag from /home/airflow/.local/lib/python3.12/site-packages/airflow/example_dags/example_xcomargs.py
[2025-03-17T07:08:43.094+0000] {processor.py:925} INFO - DAG(s) 'example_xcom_args', 'example_xcom_args_with_operators' retrieved from /home/airflow/.local/lib/python3.12/site-packages/airflow/example_dags/example_xcomargs.py
[2025-03-17T07:08:43.112+0000] {logging_mixin.py:190} INFO - [2025-03-17T07:08:43.112+0000] {dag.py:3239} INFO - Sync 2 DAGs
[2025-03-17T07:08:43.126+0000] {logging_mixin.py:190} INFO - [2025-03-17T07:08:43.125+0000] {dag.py:4180} INFO - Setting next_dagrun for example_xcom_args to None, run_after=None
[2025-03-17T07:08:43.129+0000] {logging_mixin.py:190} INFO - [2025-03-17T07:08:43.129+0000] {dag.py:4180} INFO - Setting next_dagrun for example_xcom_args_with_operators to None, run_after=None
[2025-03-17T07:08:43.142+0000] {processor.py:208} INFO - Processing /home/airflow/.local/lib/python3.12/site-packages/airflow/example_dags/example_xcomargs.py took 0.062 seconds
[2025-03-17T07:09:13.769+0000] {processor.py:186} INFO - Started process (PID=620) to work on /home/airflow/.local/lib/python3.12/site-packages/airflow/example_dags/example_xcomargs.py
[2025-03-17T07:09:13.770+0000] {processor.py:914} INFO - Processing file /home/airflow/.local/lib/python3.12/site-packages/airflow/example_dags/example_xcomargs.py for tasks to queue
[2025-03-17T07:09:13.772+0000] {logging_mixin.py:190} INFO - [2025-03-17T07:09:13.772+0000] {dagbag.py:588} INFO - Filling up the DagBag from /home/airflow/.local/lib/python3.12/site-packages/airflow/example_dags/example_xcomargs.py
[2025-03-17T07:09:13.780+0000] {processor.py:925} INFO - DAG(s) 'example_xcom_args', 'example_xcom_args_with_operators' retrieved from /home/airflow/.local/lib/python3.12/site-packages/airflow/example_dags/example_xcomargs.py
[2025-03-17T07:09:13.798+0000] {logging_mixin.py:190} INFO - [2025-03-17T07:09:13.798+0000] {dag.py:3239} INFO - Sync 2 DAGs
[2025-03-17T07:09:13.809+0000] {logging_mixin.py:190} INFO - [2025-03-17T07:09:13.809+0000] {dag.py:4180} INFO - Setting next_dagrun for example_xcom_args to None, run_after=None
[2025-03-17T07:09:13.812+0000] {logging_mixin.py:190} INFO - [2025-03-17T07:09:13.812+0000] {dag.py:4180} INFO - Setting next_dagrun for example_xcom_args_with_operators to None, run_after=None
[2025-03-17T07:09:13.824+0000] {processor.py:208} INFO - Processing /home/airflow/.local/lib/python3.12/site-packages/airflow/example_dags/example_xcomargs.py took 0.060 seconds
[2025-03-17T07:09:45.170+0000] {processor.py:186} INFO - Started process (PID=683) to work on /home/airflow/.local/lib/python3.12/site-packages/airflow/example_dags/example_xcomargs.py
[2025-03-17T07:09:45.170+0000] {processor.py:914} INFO - Processing file /home/airflow/.local/lib/python3.12/site-packages/airflow/example_dags/example_xcomargs.py for tasks to queue
[2025-03-17T07:09:45.172+0000] {logging_mixin.py:190} INFO - [2025-03-17T07:09:45.172+0000] {dagbag.py:588} INFO - Filling up the DagBag from /home/airflow/.local/lib/python3.12/site-packages/airflow/example_dags/example_xcomargs.py
[2025-03-17T07:09:45.180+0000] {processor.py:925} INFO - DAG(s) 'example_xcom_args_with_operators', 'example_xcom_args' retrieved from /home/airflow/.local/lib/python3.12/site-packages/airflow/example_dags/example_xcomargs.py
[2025-03-17T07:09:45.197+0000] {logging_mixin.py:190} INFO - [2025-03-17T07:09:45.197+0000] {dag.py:3239} INFO - Sync 2 DAGs
[2025-03-17T07:09:45.208+0000] {logging_mixin.py:190} INFO - [2025-03-17T07:09:45.208+0000] {dag.py:4180} INFO - Setting next_dagrun for example_xcom_args to None, run_after=None
[2025-03-17T07:09:45.212+0000] {logging_mixin.py:190} INFO - [2025-03-17T07:09:45.211+0000] {dag.py:4180} INFO - Setting next_dagrun for example_xcom_args_with_operators to None, run_after=None
[2025-03-17T07:09:45.224+0000] {processor.py:208} INFO - Processing /home/airflow/.local/lib/python3.12/site-packages/airflow/example_dags/example_xcomargs.py took 0.058 seconds
[2025-03-17T07:10:14.743+0000] {processor.py:186} INFO - Started process (PID=746) to work on /home/airflow/.local/lib/python3.12/site-packages/airflow/example_dags/example_xcomargs.py
[2025-03-17T07:10:14.744+0000] {processor.py:914} INFO - Processing file /home/airflow/.local/lib/python3.12/site-packages/airflow/example_dags/example_xcomargs.py for tasks to queue
[2025-03-17T07:10:14.746+0000] {logging_mixin.py:190} INFO - [2025-03-17T07:10:14.745+0000] {dagbag.py:588} INFO - Filling up the DagBag from /home/airflow/.local/lib/python3.12/site-packages/airflow/example_dags/example_xcomargs.py
[2025-03-17T07:10:14.753+0000] {processor.py:925} INFO - DAG(s) 'example_xcom_args_with_operators', 'example_xcom_args' retrieved from /home/airflow/.local/lib/python3.12/site-packages/airflow/example_dags/example_xcomargs.py
[2025-03-17T07:10:14.772+0000] {logging_mixin.py:190} INFO - [2025-03-17T07:10:14.772+0000] {dag.py:3239} INFO - Sync 2 DAGs
[2025-03-17T07:10:14.785+0000] {logging_mixin.py:190} INFO - [2025-03-17T07:10:14.785+0000] {dag.py:4180} INFO - Setting next_dagrun for example_xcom_args to None, run_after=None
[2025-03-17T07:10:14.788+0000] {logging_mixin.py:190} INFO - [2025-03-17T07:10:14.787+0000] {dag.py:4180} INFO - Setting next_dagrun for example_xcom_args_with_operators to None, run_after=None
[2025-03-17T07:10:14.800+0000] {processor.py:208} INFO - Processing /home/airflow/.local/lib/python3.12/site-packages/airflow/example_dags/example_xcomargs.py took 0.061 seconds
[2025-03-17T07:10:46.266+0000] {processor.py:186} INFO - Started process (PID=800) to work on /home/airflow/.local/lib/python3.12/site-packages/airflow/example_dags/example_xcomargs.py
[2025-03-17T07:10:46.267+0000] {processor.py:914} INFO - Processing file /home/airflow/.local/lib/python3.12/site-packages/airflow/example_dags/example_xcomargs.py for tasks to queue
[2025-03-17T07:10:46.269+0000] {logging_mixin.py:190} INFO - [2025-03-17T07:10:46.268+0000] {dagbag.py:588} INFO - Filling up the DagBag from /home/airflow/.local/lib/python3.12/site-packages/airflow/example_dags/example_xcomargs.py
[2025-03-17T07:10:46.276+0000] {processor.py:925} INFO - DAG(s) 'example_xcom_args', 'example_xcom_args_with_operators' retrieved from /home/airflow/.local/lib/python3.12/site-packages/airflow/example_dags/example_xcomargs.py
[2025-03-17T07:10:46.293+0000] {logging_mixin.py:190} INFO - [2025-03-17T07:10:46.292+0000] {dag.py:3239} INFO - Sync 2 DAGs
[2025-03-17T07:10:46.304+0000] {logging_mixin.py:190} INFO - [2025-03-17T07:10:46.304+0000] {dag.py:4180} INFO - Setting next_dagrun for example_xcom_args to None, run_after=None
[2025-03-17T07:10:46.307+0000] {logging_mixin.py:190} INFO - [2025-03-17T07:10:46.307+0000] {dag.py:4180} INFO - Setting next_dagrun for example_xcom_args_with_operators to None, run_after=None
[2025-03-17T07:10:46.320+0000] {processor.py:208} INFO - Processing /home/airflow/.local/lib/python3.12/site-packages/airflow/example_dags/example_xcomargs.py took 0.059 seconds
[2025-03-17T07:11:17.803+0000] {processor.py:186} INFO - Started process (PID=877) to work on /home/airflow/.local/lib/python3.12/site-packages/airflow/example_dags/example_xcomargs.py
[2025-03-17T07:11:17.803+0000] {processor.py:914} INFO - Processing file /home/airflow/.local/lib/python3.12/site-packages/airflow/example_dags/example_xcomargs.py for tasks to queue
[2025-03-17T07:11:17.805+0000] {logging_mixin.py:190} INFO - [2025-03-17T07:11:17.805+0000] {dagbag.py:588} INFO - Filling up the DagBag from /home/airflow/.local/lib/python3.12/site-packages/airflow/example_dags/example_xcomargs.py
[2025-03-17T07:11:17.812+0000] {processor.py:925} INFO - DAG(s) 'example_xcom_args', 'example_xcom_args_with_operators' retrieved from /home/airflow/.local/lib/python3.12/site-packages/airflow/example_dags/example_xcomargs.py
[2025-03-17T07:11:17.831+0000] {logging_mixin.py:190} INFO - [2025-03-17T07:11:17.830+0000] {dag.py:3239} INFO - Sync 2 DAGs
[2025-03-17T07:11:17.843+0000] {logging_mixin.py:190} INFO - [2025-03-17T07:11:17.843+0000] {dag.py:4180} INFO - Setting next_dagrun for example_xcom_args to None, run_after=None
[2025-03-17T07:11:17.846+0000] {logging_mixin.py:190} INFO - [2025-03-17T07:11:17.846+0000] {dag.py:4180} INFO - Setting next_dagrun for example_xcom_args_with_operators to None, run_after=None
[2025-03-17T07:11:17.858+0000] {processor.py:208} INFO - Processing /home/airflow/.local/lib/python3.12/site-packages/airflow/example_dags/example_xcomargs.py took 0.060 seconds
[2025-03-17T07:11:48.427+0000] {processor.py:186} INFO - Started process (PID=940) to work on /home/airflow/.local/lib/python3.12/site-packages/airflow/example_dags/example_xcomargs.py
[2025-03-17T07:11:48.428+0000] {processor.py:914} INFO - Processing file /home/airflow/.local/lib/python3.12/site-packages/airflow/example_dags/example_xcomargs.py for tasks to queue
[2025-03-17T07:11:48.430+0000] {logging_mixin.py:190} INFO - [2025-03-17T07:11:48.430+0000] {dagbag.py:588} INFO - Filling up the DagBag from /home/airflow/.local/lib/python3.12/site-packages/airflow/example_dags/example_xcomargs.py
[2025-03-17T07:11:48.438+0000] {processor.py:925} INFO - DAG(s) 'example_xcom_args_with_operators', 'example_xcom_args' retrieved from /home/airflow/.local/lib/python3.12/site-packages/airflow/example_dags/example_xcomargs.py
[2025-03-17T07:11:48.456+0000] {logging_mixin.py:190} INFO - [2025-03-17T07:11:48.456+0000] {dag.py:3239} INFO - Sync 2 DAGs
[2025-03-17T07:11:48.469+0000] {logging_mixin.py:190} INFO - [2025-03-17T07:11:48.469+0000] {dag.py:4180} INFO - Setting next_dagrun for example_xcom_args to None, run_after=None
[2025-03-17T07:11:48.472+0000] {logging_mixin.py:190} INFO - [2025-03-17T07:11:48.472+0000] {dag.py:4180} INFO - Setting next_dagrun for example_xcom_args_with_operators to None, run_after=None
[2025-03-17T07:11:48.485+0000] {processor.py:208} INFO - Processing /home/airflow/.local/lib/python3.12/site-packages/airflow/example_dags/example_xcomargs.py took 0.061 seconds
[2025-03-17T07:12:18.970+0000] {processor.py:186} INFO - Started process (PID=1002) to work on /home/airflow/.local/lib/python3.12/site-packages/airflow/example_dags/example_xcomargs.py
[2025-03-17T07:12:18.971+0000] {processor.py:914} INFO - Processing file /home/airflow/.local/lib/python3.12/site-packages/airflow/example_dags/example_xcomargs.py for tasks to queue
[2025-03-17T07:12:18.973+0000] {logging_mixin.py:190} INFO - [2025-03-17T07:12:18.973+0000] {dagbag.py:588} INFO - Filling up the DagBag from /home/airflow/.local/lib/python3.12/site-packages/airflow/example_dags/example_xcomargs.py
[2025-03-17T07:12:18.981+0000] {processor.py:925} INFO - DAG(s) 'example_xcom_args', 'example_xcom_args_with_operators' retrieved from /home/airflow/.local/lib/python3.12/site-packages/airflow/example_dags/example_xcomargs.py
[2025-03-17T07:12:18.999+0000] {logging_mixin.py:190} INFO - [2025-03-17T07:12:18.999+0000] {dag.py:3239} INFO - Sync 2 DAGs
[2025-03-17T07:12:19.012+0000] {logging_mixin.py:190} INFO - [2025-03-17T07:12:19.011+0000] {dag.py:4180} INFO - Setting next_dagrun for example_xcom_args to None, run_after=None
[2025-03-17T07:12:19.014+0000] {logging_mixin.py:190} INFO - [2025-03-17T07:12:19.014+0000] {dag.py:4180} INFO - Setting next_dagrun for example_xcom_args_with_operators to None, run_after=None
[2025-03-17T07:12:19.026+0000] {processor.py:208} INFO - Processing /home/airflow/.local/lib/python3.12/site-packages/airflow/example_dags/example_xcomargs.py took 0.061 seconds
[2025-03-17T07:12:49.724+0000] {processor.py:186} INFO - Started process (PID=1064) to work on /home/airflow/.local/lib/python3.12/site-packages/airflow/example_dags/example_xcomargs.py
[2025-03-17T07:12:49.725+0000] {processor.py:914} INFO - Processing file /home/airflow/.local/lib/python3.12/site-packages/airflow/example_dags/example_xcomargs.py for tasks to queue
[2025-03-17T07:12:49.726+0000] {logging_mixin.py:190} INFO - [2025-03-17T07:12:49.726+0000] {dagbag.py:588} INFO - Filling up the DagBag from /home/airflow/.local/lib/python3.12/site-packages/airflow/example_dags/example_xcomargs.py
[2025-03-17T07:12:49.734+0000] {processor.py:925} INFO - DAG(s) 'example_xcom_args', 'example_xcom_args_with_operators' retrieved from /home/airflow/.local/lib/python3.12/site-packages/airflow/example_dags/example_xcomargs.py
[2025-03-17T07:12:49.751+0000] {logging_mixin.py:190} INFO - [2025-03-17T07:12:49.751+0000] {dag.py:3239} INFO - Sync 2 DAGs
[2025-03-17T07:12:49.763+0000] {logging_mixin.py:190} INFO - [2025-03-17T07:12:49.763+0000] {dag.py:4180} INFO - Setting next_dagrun for example_xcom_args to None, run_after=None
[2025-03-17T07:12:49.766+0000] {logging_mixin.py:190} INFO - [2025-03-17T07:12:49.766+0000] {dag.py:4180} INFO - Setting next_dagrun for example_xcom_args_with_operators to None, run_after=None
[2025-03-17T07:12:49.777+0000] {processor.py:208} INFO - Processing /home/airflow/.local/lib/python3.12/site-packages/airflow/example_dags/example_xcomargs.py took 0.057 seconds
[2025-03-17T07:13:20.419+0000] {processor.py:186} INFO - Started process (PID=1127) to work on /home/airflow/.local/lib/python3.12/site-packages/airflow/example_dags/example_xcomargs.py
[2025-03-17T07:13:20.419+0000] {processor.py:914} INFO - Processing file /home/airflow/.local/lib/python3.12/site-packages/airflow/example_dags/example_xcomargs.py for tasks to queue
[2025-03-17T07:13:20.421+0000] {logging_mixin.py:190} INFO - [2025-03-17T07:13:20.421+0000] {dagbag.py:588} INFO - Filling up the DagBag from /home/airflow/.local/lib/python3.12/site-packages/airflow/example_dags/example_xcomargs.py
[2025-03-17T07:13:20.429+0000] {processor.py:925} INFO - DAG(s) 'example_xcom_args_with_operators', 'example_xcom_args' retrieved from /home/airflow/.local/lib/python3.12/site-packages/airflow/example_dags/example_xcomargs.py
[2025-03-17T07:13:20.448+0000] {logging_mixin.py:190} INFO - [2025-03-17T07:13:20.448+0000] {dag.py:3239} INFO - Sync 2 DAGs
[2025-03-17T07:13:20.460+0000] {logging_mixin.py:190} INFO - [2025-03-17T07:13:20.460+0000] {dag.py:4180} INFO - Setting next_dagrun for example_xcom_args to None, run_after=None
[2025-03-17T07:13:20.463+0000] {logging_mixin.py:190} INFO - [2025-03-17T07:13:20.463+0000] {dag.py:4180} INFO - Setting next_dagrun for example_xcom_args_with_operators to None, run_after=None
[2025-03-17T07:13:20.475+0000] {processor.py:208} INFO - Processing /home/airflow/.local/lib/python3.12/site-packages/airflow/example_dags/example_xcomargs.py took 0.061 seconds
[2025-03-17T07:13:51.062+0000] {processor.py:186} INFO - Started process (PID=1190) to work on /home/airflow/.local/lib/python3.12/site-packages/airflow/example_dags/example_xcomargs.py
[2025-03-17T07:13:51.063+0000] {processor.py:914} INFO - Processing file /home/airflow/.local/lib/python3.12/site-packages/airflow/example_dags/example_xcomargs.py for tasks to queue
[2025-03-17T07:13:51.065+0000] {logging_mixin.py:190} INFO - [2025-03-17T07:13:51.065+0000] {dagbag.py:588} INFO - Filling up the DagBag from /home/airflow/.local/lib/python3.12/site-packages/airflow/example_dags/example_xcomargs.py
[2025-03-17T07:13:51.073+0000] {processor.py:925} INFO - DAG(s) 'example_xcom_args', 'example_xcom_args_with_operators' retrieved from /home/airflow/.local/lib/python3.12/site-packages/airflow/example_dags/example_xcomargs.py
[2025-03-17T07:13:51.090+0000] {logging_mixin.py:190} INFO - [2025-03-17T07:13:51.090+0000] {dag.py:3239} INFO - Sync 2 DAGs
[2025-03-17T07:13:51.101+0000] {logging_mixin.py:190} INFO - [2025-03-17T07:13:51.101+0000] {dag.py:4180} INFO - Setting next_dagrun for example_xcom_args to None, run_after=None
[2025-03-17T07:13:51.104+0000] {logging_mixin.py:190} INFO - [2025-03-17T07:13:51.104+0000] {dag.py:4180} INFO - Setting next_dagrun for example_xcom_args_with_operators to None, run_after=None
[2025-03-17T07:13:51.116+0000] {processor.py:208} INFO - Processing /home/airflow/.local/lib/python3.12/site-packages/airflow/example_dags/example_xcomargs.py took 0.057 seconds
[2025-03-17T07:14:22.679+0000] {processor.py:186} INFO - Started process (PID=1255) to work on /home/airflow/.local/lib/python3.12/site-packages/airflow/example_dags/example_xcomargs.py
[2025-03-17T07:14:22.680+0000] {processor.py:914} INFO - Processing file /home/airflow/.local/lib/python3.12/site-packages/airflow/example_dags/example_xcomargs.py for tasks to queue
[2025-03-17T07:14:22.682+0000] {logging_mixin.py:190} INFO - [2025-03-17T07:14:22.681+0000] {dagbag.py:588} INFO - Filling up the DagBag from /home/airflow/.local/lib/python3.12/site-packages/airflow/example_dags/example_xcomargs.py
[2025-03-17T07:14:22.689+0000] {processor.py:925} INFO - DAG(s) 'example_xcom_args_with_operators', 'example_xcom_args' retrieved from /home/airflow/.local/lib/python3.12/site-packages/airflow/example_dags/example_xcomargs.py
[2025-03-17T07:14:22.708+0000] {logging_mixin.py:190} INFO - [2025-03-17T07:14:22.708+0000] {dag.py:3239} INFO - Sync 2 DAGs
[2025-03-17T07:14:22.721+0000] {logging_mixin.py:190} INFO - [2025-03-17T07:14:22.720+0000] {dag.py:4180} INFO - Setting next_dagrun for example_xcom_args to None, run_after=None
[2025-03-17T07:14:22.724+0000] {logging_mixin.py:190} INFO - [2025-03-17T07:14:22.724+0000] {dag.py:4180} INFO - Setting next_dagrun for example_xcom_args_with_operators to None, run_after=None
[2025-03-17T07:14:22.736+0000] {processor.py:208} INFO - Processing /home/airflow/.local/lib/python3.12/site-packages/airflow/example_dags/example_xcomargs.py took 0.062 seconds
