[2025-03-17T07:05:07.449+0000] {processor.py:186} INFO - Started process (PID=115) to work on /home/airflow/.local/lib/python3.12/site-packages/airflow/example_dags/example_bash_operator.py
[2025-03-17T07:05:07.450+0000] {processor.py:914} INFO - Processing file /home/airflow/.local/lib/python3.12/site-packages/airflow/example_dags/example_bash_operator.py for tasks to queue
[2025-03-17T07:05:07.451+0000] {logging_mixin.py:190} INFO - [2025-03-17T07:05:07.451+0000] {dagbag.py:588} INFO - Filling up the DagBag from /home/airflow/.local/lib/python3.12/site-packages/airflow/example_dags/example_bash_operator.py
[2025-03-17T07:05:07.462+0000] {processor.py:925} INFO - DAG(s) 'example_bash_operator' retrieved from /home/airflow/.local/lib/python3.12/site-packages/airflow/example_dags/example_bash_operator.py
[2025-03-17T07:05:07.487+0000] {logging_mixin.py:190} INFO - [2025-03-17T07:05:07.487+0000] {dag.py:3239} INFO - Sync 1 DAGs
[2025-03-17T07:05:07.510+0000] {logging_mixin.py:190} INFO - [2025-03-17T07:05:07.510+0000] {dag.py:4180} INFO - Setting next_dagrun for example_bash_operator to 2025-03-16 00:00:00+00:00, run_after=2025-03-17 00:00:00+00:00
[2025-03-17T07:05:07.527+0000] {processor.py:208} INFO - Processing /home/airflow/.local/lib/python3.12/site-packages/airflow/example_dags/example_bash_operator.py took 0.083 seconds
[2025-03-17T07:05:38.261+0000] {processor.py:186} INFO - Started process (PID=198) to work on /home/airflow/.local/lib/python3.12/site-packages/airflow/example_dags/example_bash_operator.py
[2025-03-17T07:05:38.262+0000] {processor.py:914} INFO - Processing file /home/airflow/.local/lib/python3.12/site-packages/airflow/example_dags/example_bash_operator.py for tasks to queue
[2025-03-17T07:05:38.264+0000] {logging_mixin.py:190} INFO - [2025-03-17T07:05:38.264+0000] {dagbag.py:588} INFO - Filling up the DagBag from /home/airflow/.local/lib/python3.12/site-packages/airflow/example_dags/example_bash_operator.py
[2025-03-17T07:05:38.275+0000] {processor.py:925} INFO - DAG(s) 'example_bash_operator' retrieved from /home/airflow/.local/lib/python3.12/site-packages/airflow/example_dags/example_bash_operator.py
[2025-03-17T07:05:38.295+0000] {logging_mixin.py:190} INFO - [2025-03-17T07:05:38.295+0000] {dag.py:3239} INFO - Sync 1 DAGs
[2025-03-17T07:05:38.314+0000] {logging_mixin.py:190} INFO - [2025-03-17T07:05:38.314+0000] {dag.py:4180} INFO - Setting next_dagrun for example_bash_operator to 2025-03-16 00:00:00+00:00, run_after=2025-03-17 00:00:00+00:00
[2025-03-17T07:05:38.331+0000] {processor.py:208} INFO - Processing /home/airflow/.local/lib/python3.12/site-packages/airflow/example_dags/example_bash_operator.py took 0.074 seconds
[2025-03-17T07:06:09.019+0000] {processor.py:186} INFO - Started process (PID=261) to work on /home/airflow/.local/lib/python3.12/site-packages/airflow/example_dags/example_bash_operator.py
[2025-03-17T07:06:09.020+0000] {processor.py:914} INFO - Processing file /home/airflow/.local/lib/python3.12/site-packages/airflow/example_dags/example_bash_operator.py for tasks to queue
[2025-03-17T07:06:09.022+0000] {logging_mixin.py:190} INFO - [2025-03-17T07:06:09.022+0000] {dagbag.py:588} INFO - Filling up the DagBag from /home/airflow/.local/lib/python3.12/site-packages/airflow/example_dags/example_bash_operator.py
[2025-03-17T07:06:09.032+0000] {processor.py:925} INFO - DAG(s) 'example_bash_operator' retrieved from /home/airflow/.local/lib/python3.12/site-packages/airflow/example_dags/example_bash_operator.py
[2025-03-17T07:06:09.055+0000] {logging_mixin.py:190} INFO - [2025-03-17T07:06:09.055+0000] {dag.py:3239} INFO - Sync 1 DAGs
[2025-03-17T07:06:09.074+0000] {logging_mixin.py:190} INFO - [2025-03-17T07:06:09.074+0000] {dag.py:4180} INFO - Setting next_dagrun for example_bash_operator to 2025-03-16 00:00:00+00:00, run_after=2025-03-17 00:00:00+00:00
[2025-03-17T07:06:09.088+0000] {processor.py:208} INFO - Processing /home/airflow/.local/lib/python3.12/site-packages/airflow/example_dags/example_bash_operator.py took 0.074 seconds
[2025-03-17T07:06:39.875+0000] {processor.py:186} INFO - Started process (PID=324) to work on /home/airflow/.local/lib/python3.12/site-packages/airflow/example_dags/example_bash_operator.py
[2025-03-17T07:06:39.876+0000] {processor.py:914} INFO - Processing file /home/airflow/.local/lib/python3.12/site-packages/airflow/example_dags/example_bash_operator.py for tasks to queue
[2025-03-17T07:06:39.878+0000] {logging_mixin.py:190} INFO - [2025-03-17T07:06:39.878+0000] {dagbag.py:588} INFO - Filling up the DagBag from /home/airflow/.local/lib/python3.12/site-packages/airflow/example_dags/example_bash_operator.py
[2025-03-17T07:06:39.888+0000] {processor.py:925} INFO - DAG(s) 'example_bash_operator' retrieved from /home/airflow/.local/lib/python3.12/site-packages/airflow/example_dags/example_bash_operator.py
[2025-03-17T07:06:39.910+0000] {logging_mixin.py:190} INFO - [2025-03-17T07:06:39.910+0000] {dag.py:3239} INFO - Sync 1 DAGs
[2025-03-17T07:06:39.928+0000] {logging_mixin.py:190} INFO - [2025-03-17T07:06:39.928+0000] {dag.py:4180} INFO - Setting next_dagrun for example_bash_operator to 2025-03-16 00:00:00+00:00, run_after=2025-03-17 00:00:00+00:00
[2025-03-17T07:06:39.941+0000] {processor.py:208} INFO - Processing /home/airflow/.local/lib/python3.12/site-packages/airflow/example_dags/example_bash_operator.py took 0.071 seconds
[2025-03-17T07:07:11.055+0000] {processor.py:186} INFO - Started process (PID=387) to work on /home/airflow/.local/lib/python3.12/site-packages/airflow/example_dags/example_bash_operator.py
[2025-03-17T07:07:11.056+0000] {processor.py:914} INFO - Processing file /home/airflow/.local/lib/python3.12/site-packages/airflow/example_dags/example_bash_operator.py for tasks to queue
[2025-03-17T07:07:11.058+0000] {logging_mixin.py:190} INFO - [2025-03-17T07:07:11.058+0000] {dagbag.py:588} INFO - Filling up the DagBag from /home/airflow/.local/lib/python3.12/site-packages/airflow/example_dags/example_bash_operator.py
[2025-03-17T07:07:11.068+0000] {processor.py:925} INFO - DAG(s) 'example_bash_operator' retrieved from /home/airflow/.local/lib/python3.12/site-packages/airflow/example_dags/example_bash_operator.py
[2025-03-17T07:07:11.090+0000] {logging_mixin.py:190} INFO - [2025-03-17T07:07:11.090+0000] {dag.py:3239} INFO - Sync 1 DAGs
[2025-03-17T07:07:11.110+0000] {logging_mixin.py:190} INFO - [2025-03-17T07:07:11.110+0000] {dag.py:4180} INFO - Setting next_dagrun for example_bash_operator to 2025-03-16 00:00:00+00:00, run_after=2025-03-17 00:00:00+00:00
[2025-03-17T07:07:11.124+0000] {processor.py:208} INFO - Processing /home/airflow/.local/lib/python3.12/site-packages/airflow/example_dags/example_bash_operator.py took 0.073 seconds
[2025-03-17T07:07:41.878+0000] {processor.py:186} INFO - Started process (PID=450) to work on /home/airflow/.local/lib/python3.12/site-packages/airflow/example_dags/example_bash_operator.py
[2025-03-17T07:07:41.878+0000] {processor.py:914} INFO - Processing file /home/airflow/.local/lib/python3.12/site-packages/airflow/example_dags/example_bash_operator.py for tasks to queue
[2025-03-17T07:07:41.880+0000] {logging_mixin.py:190} INFO - [2025-03-17T07:07:41.880+0000] {dagbag.py:588} INFO - Filling up the DagBag from /home/airflow/.local/lib/python3.12/site-packages/airflow/example_dags/example_bash_operator.py
[2025-03-17T07:07:41.890+0000] {processor.py:925} INFO - DAG(s) 'example_bash_operator' retrieved from /home/airflow/.local/lib/python3.12/site-packages/airflow/example_dags/example_bash_operator.py
[2025-03-17T07:07:41.911+0000] {logging_mixin.py:190} INFO - [2025-03-17T07:07:41.911+0000] {dag.py:3239} INFO - Sync 1 DAGs
[2025-03-17T07:07:41.928+0000] {logging_mixin.py:190} INFO - [2025-03-17T07:07:41.928+0000] {dag.py:4180} INFO - Setting next_dagrun for example_bash_operator to 2025-03-16 00:00:00+00:00, run_after=2025-03-17 00:00:00+00:00
[2025-03-17T07:07:41.942+0000] {processor.py:208} INFO - Processing /home/airflow/.local/lib/python3.12/site-packages/airflow/example_dags/example_bash_operator.py took 0.068 seconds
[2025-03-17T07:08:12.788+0000] {processor.py:186} INFO - Started process (PID=513) to work on /home/airflow/.local/lib/python3.12/site-packages/airflow/example_dags/example_bash_operator.py
[2025-03-17T07:08:12.788+0000] {processor.py:914} INFO - Processing file /home/airflow/.local/lib/python3.12/site-packages/airflow/example_dags/example_bash_operator.py for tasks to queue
[2025-03-17T07:08:12.790+0000] {logging_mixin.py:190} INFO - [2025-03-17T07:08:12.790+0000] {dagbag.py:588} INFO - Filling up the DagBag from /home/airflow/.local/lib/python3.12/site-packages/airflow/example_dags/example_bash_operator.py
[2025-03-17T07:08:12.800+0000] {processor.py:925} INFO - DAG(s) 'example_bash_operator' retrieved from /home/airflow/.local/lib/python3.12/site-packages/airflow/example_dags/example_bash_operator.py
[2025-03-17T07:08:12.822+0000] {logging_mixin.py:190} INFO - [2025-03-17T07:08:12.822+0000] {dag.py:3239} INFO - Sync 1 DAGs
[2025-03-17T07:08:12.842+0000] {logging_mixin.py:190} INFO - [2025-03-17T07:08:12.842+0000] {dag.py:4180} INFO - Setting next_dagrun for example_bash_operator to 2025-03-16 00:00:00+00:00, run_after=2025-03-17 00:00:00+00:00
[2025-03-17T07:08:12.856+0000] {processor.py:208} INFO - Processing /home/airflow/.local/lib/python3.12/site-packages/airflow/example_dags/example_bash_operator.py took 0.073 seconds
[2025-03-17T07:08:44.311+0000] {processor.py:186} INFO - Started process (PID=576) to work on /home/airflow/.local/lib/python3.12/site-packages/airflow/example_dags/example_bash_operator.py
[2025-03-17T07:08:44.312+0000] {processor.py:914} INFO - Processing file /home/airflow/.local/lib/python3.12/site-packages/airflow/example_dags/example_bash_operator.py for tasks to queue
[2025-03-17T07:08:44.314+0000] {logging_mixin.py:190} INFO - [2025-03-17T07:08:44.314+0000] {dagbag.py:588} INFO - Filling up the DagBag from /home/airflow/.local/lib/python3.12/site-packages/airflow/example_dags/example_bash_operator.py
[2025-03-17T07:08:44.323+0000] {processor.py:925} INFO - DAG(s) 'example_bash_operator' retrieved from /home/airflow/.local/lib/python3.12/site-packages/airflow/example_dags/example_bash_operator.py
[2025-03-17T07:08:44.343+0000] {logging_mixin.py:190} INFO - [2025-03-17T07:08:44.343+0000] {dag.py:3239} INFO - Sync 1 DAGs
[2025-03-17T07:08:44.361+0000] {logging_mixin.py:190} INFO - [2025-03-17T07:08:44.361+0000] {dag.py:4180} INFO - Setting next_dagrun for example_bash_operator to 2025-03-16 00:00:00+00:00, run_after=2025-03-17 00:00:00+00:00
[2025-03-17T07:08:44.374+0000] {processor.py:208} INFO - Processing /home/airflow/.local/lib/python3.12/site-packages/airflow/example_dags/example_bash_operator.py took 0.067 seconds
[2025-03-17T07:09:14.928+0000] {processor.py:186} INFO - Started process (PID=639) to work on /home/airflow/.local/lib/python3.12/site-packages/airflow/example_dags/example_bash_operator.py
[2025-03-17T07:09:14.928+0000] {processor.py:914} INFO - Processing file /home/airflow/.local/lib/python3.12/site-packages/airflow/example_dags/example_bash_operator.py for tasks to queue
[2025-03-17T07:09:14.930+0000] {logging_mixin.py:190} INFO - [2025-03-17T07:09:14.930+0000] {dagbag.py:588} INFO - Filling up the DagBag from /home/airflow/.local/lib/python3.12/site-packages/airflow/example_dags/example_bash_operator.py
[2025-03-17T07:09:14.940+0000] {processor.py:925} INFO - DAG(s) 'example_bash_operator' retrieved from /home/airflow/.local/lib/python3.12/site-packages/airflow/example_dags/example_bash_operator.py
[2025-03-17T07:09:14.962+0000] {logging_mixin.py:190} INFO - [2025-03-17T07:09:14.962+0000] {dag.py:3239} INFO - Sync 1 DAGs
[2025-03-17T07:09:14.980+0000] {logging_mixin.py:190} INFO - [2025-03-17T07:09:14.980+0000] {dag.py:4180} INFO - Setting next_dagrun for example_bash_operator to 2025-03-16 00:00:00+00:00, run_after=2025-03-17 00:00:00+00:00
[2025-03-17T07:09:14.995+0000] {processor.py:208} INFO - Processing /home/airflow/.local/lib/python3.12/site-packages/airflow/example_dags/example_bash_operator.py took 0.072 seconds
[2025-03-17T07:09:46.128+0000] {processor.py:186} INFO - Started process (PID=702) to work on /home/airflow/.local/lib/python3.12/site-packages/airflow/example_dags/example_bash_operator.py
[2025-03-17T07:09:46.129+0000] {processor.py:914} INFO - Processing file /home/airflow/.local/lib/python3.12/site-packages/airflow/example_dags/example_bash_operator.py for tasks to queue
[2025-03-17T07:09:46.130+0000] {logging_mixin.py:190} INFO - [2025-03-17T07:09:46.130+0000] {dagbag.py:588} INFO - Filling up the DagBag from /home/airflow/.local/lib/python3.12/site-packages/airflow/example_dags/example_bash_operator.py
[2025-03-17T07:09:46.140+0000] {processor.py:925} INFO - DAG(s) 'example_bash_operator' retrieved from /home/airflow/.local/lib/python3.12/site-packages/airflow/example_dags/example_bash_operator.py
[2025-03-17T07:09:46.160+0000] {logging_mixin.py:190} INFO - [2025-03-17T07:09:46.160+0000] {dag.py:3239} INFO - Sync 1 DAGs
[2025-03-17T07:09:46.180+0000] {logging_mixin.py:190} INFO - [2025-03-17T07:09:46.179+0000] {dag.py:4180} INFO - Setting next_dagrun for example_bash_operator to 2025-03-16 00:00:00+00:00, run_after=2025-03-17 00:00:00+00:00
[2025-03-17T07:09:46.194+0000] {processor.py:208} INFO - Processing /home/airflow/.local/lib/python3.12/site-packages/airflow/example_dags/example_bash_operator.py took 0.070 seconds
[2025-03-17T07:10:16.968+0000] {processor.py:186} INFO - Started process (PID=765) to work on /home/airflow/.local/lib/python3.12/site-packages/airflow/example_dags/example_bash_operator.py
[2025-03-17T07:10:16.969+0000] {processor.py:914} INFO - Processing file /home/airflow/.local/lib/python3.12/site-packages/airflow/example_dags/example_bash_operator.py for tasks to queue
[2025-03-17T07:10:16.971+0000] {logging_mixin.py:190} INFO - [2025-03-17T07:10:16.971+0000] {dagbag.py:588} INFO - Filling up the DagBag from /home/airflow/.local/lib/python3.12/site-packages/airflow/example_dags/example_bash_operator.py
[2025-03-17T07:10:16.982+0000] {processor.py:925} INFO - DAG(s) 'example_bash_operator' retrieved from /home/airflow/.local/lib/python3.12/site-packages/airflow/example_dags/example_bash_operator.py
[2025-03-17T07:10:17.003+0000] {logging_mixin.py:190} INFO - [2025-03-17T07:10:17.003+0000] {dag.py:3239} INFO - Sync 1 DAGs
[2025-03-17T07:10:17.024+0000] {logging_mixin.py:190} INFO - [2025-03-17T07:10:17.024+0000] {dag.py:4180} INFO - Setting next_dagrun for example_bash_operator to 2025-03-16 00:00:00+00:00, run_after=2025-03-17 00:00:00+00:00
[2025-03-17T07:10:17.039+0000] {processor.py:208} INFO - Processing /home/airflow/.local/lib/python3.12/site-packages/airflow/example_dags/example_bash_operator.py took 0.075 seconds
[2025-03-17T07:10:48.427+0000] {processor.py:186} INFO - Started process (PID=834) to work on /home/airflow/.local/lib/python3.12/site-packages/airflow/example_dags/example_bash_operator.py
[2025-03-17T07:10:48.428+0000] {processor.py:914} INFO - Processing file /home/airflow/.local/lib/python3.12/site-packages/airflow/example_dags/example_bash_operator.py for tasks to queue
[2025-03-17T07:10:48.430+0000] {logging_mixin.py:190} INFO - [2025-03-17T07:10:48.429+0000] {dagbag.py:588} INFO - Filling up the DagBag from /home/airflow/.local/lib/python3.12/site-packages/airflow/example_dags/example_bash_operator.py
[2025-03-17T07:10:48.439+0000] {processor.py:925} INFO - DAG(s) 'example_bash_operator' retrieved from /home/airflow/.local/lib/python3.12/site-packages/airflow/example_dags/example_bash_operator.py
[2025-03-17T07:10:48.460+0000] {logging_mixin.py:190} INFO - [2025-03-17T07:10:48.460+0000] {dag.py:3239} INFO - Sync 1 DAGs
[2025-03-17T07:10:48.478+0000] {logging_mixin.py:190} INFO - [2025-03-17T07:10:48.478+0000] {dag.py:4180} INFO - Setting next_dagrun for example_bash_operator to 2025-03-16 00:00:00+00:00, run_after=2025-03-17 00:00:00+00:00
[2025-03-17T07:10:48.492+0000] {processor.py:208} INFO - Processing /home/airflow/.local/lib/python3.12/site-packages/airflow/example_dags/example_bash_operator.py took 0.069 seconds
[2025-03-17T07:11:19.070+0000] {processor.py:186} INFO - Started process (PID=897) to work on /home/airflow/.local/lib/python3.12/site-packages/airflow/example_dags/example_bash_operator.py
[2025-03-17T07:11:19.070+0000] {processor.py:914} INFO - Processing file /home/airflow/.local/lib/python3.12/site-packages/airflow/example_dags/example_bash_operator.py for tasks to queue
[2025-03-17T07:11:19.072+0000] {logging_mixin.py:190} INFO - [2025-03-17T07:11:19.072+0000] {dagbag.py:588} INFO - Filling up the DagBag from /home/airflow/.local/lib/python3.12/site-packages/airflow/example_dags/example_bash_operator.py
[2025-03-17T07:11:19.082+0000] {processor.py:925} INFO - DAG(s) 'example_bash_operator' retrieved from /home/airflow/.local/lib/python3.12/site-packages/airflow/example_dags/example_bash_operator.py
[2025-03-17T07:11:19.102+0000] {logging_mixin.py:190} INFO - [2025-03-17T07:11:19.102+0000] {dag.py:3239} INFO - Sync 1 DAGs
[2025-03-17T07:11:19.120+0000] {logging_mixin.py:190} INFO - [2025-03-17T07:11:19.120+0000] {dag.py:4180} INFO - Setting next_dagrun for example_bash_operator to 2025-03-16 00:00:00+00:00, run_after=2025-03-17 00:00:00+00:00
[2025-03-17T07:11:19.134+0000] {processor.py:208} INFO - Processing /home/airflow/.local/lib/python3.12/site-packages/airflow/example_dags/example_bash_operator.py took 0.069 seconds
[2025-03-17T07:11:49.799+0000] {processor.py:186} INFO - Started process (PID=960) to work on /home/airflow/.local/lib/python3.12/site-packages/airflow/example_dags/example_bash_operator.py
[2025-03-17T07:11:49.799+0000] {processor.py:914} INFO - Processing file /home/airflow/.local/lib/python3.12/site-packages/airflow/example_dags/example_bash_operator.py for tasks to queue
[2025-03-17T07:11:49.801+0000] {logging_mixin.py:190} INFO - [2025-03-17T07:11:49.801+0000] {dagbag.py:588} INFO - Filling up the DagBag from /home/airflow/.local/lib/python3.12/site-packages/airflow/example_dags/example_bash_operator.py
[2025-03-17T07:11:49.811+0000] {processor.py:925} INFO - DAG(s) 'example_bash_operator' retrieved from /home/airflow/.local/lib/python3.12/site-packages/airflow/example_dags/example_bash_operator.py
[2025-03-17T07:11:49.833+0000] {logging_mixin.py:190} INFO - [2025-03-17T07:11:49.833+0000] {dag.py:3239} INFO - Sync 1 DAGs
[2025-03-17T07:11:49.852+0000] {logging_mixin.py:190} INFO - [2025-03-17T07:11:49.852+0000] {dag.py:4180} INFO - Setting next_dagrun for example_bash_operator to 2025-03-16 00:00:00+00:00, run_after=2025-03-17 00:00:00+00:00
[2025-03-17T07:11:49.866+0000] {processor.py:208} INFO - Processing /home/airflow/.local/lib/python3.12/site-packages/airflow/example_dags/example_bash_operator.py took 0.072 seconds
[2025-03-17T07:12:21.093+0000] {processor.py:186} INFO - Started process (PID=1023) to work on /home/airflow/.local/lib/python3.12/site-packages/airflow/example_dags/example_bash_operator.py
[2025-03-17T07:12:21.094+0000] {processor.py:914} INFO - Processing file /home/airflow/.local/lib/python3.12/site-packages/airflow/example_dags/example_bash_operator.py for tasks to queue
[2025-03-17T07:12:21.096+0000] {logging_mixin.py:190} INFO - [2025-03-17T07:12:21.095+0000] {dagbag.py:588} INFO - Filling up the DagBag from /home/airflow/.local/lib/python3.12/site-packages/airflow/example_dags/example_bash_operator.py
[2025-03-17T07:12:21.105+0000] {processor.py:925} INFO - DAG(s) 'example_bash_operator' retrieved from /home/airflow/.local/lib/python3.12/site-packages/airflow/example_dags/example_bash_operator.py
[2025-03-17T07:12:21.126+0000] {logging_mixin.py:190} INFO - [2025-03-17T07:12:21.125+0000] {dag.py:3239} INFO - Sync 1 DAGs
[2025-03-17T07:12:21.145+0000] {logging_mixin.py:190} INFO - [2025-03-17T07:12:21.145+0000] {dag.py:4180} INFO - Setting next_dagrun for example_bash_operator to 2025-03-16 00:00:00+00:00, run_after=2025-03-17 00:00:00+00:00
[2025-03-17T07:12:21.159+0000] {processor.py:208} INFO - Processing /home/airflow/.local/lib/python3.12/site-packages/airflow/example_dags/example_bash_operator.py took 0.070 seconds
[2025-03-17T07:12:51.564+0000] {processor.py:186} INFO - Started process (PID=1086) to work on /home/airflow/.local/lib/python3.12/site-packages/airflow/example_dags/example_bash_operator.py
[2025-03-17T07:12:51.565+0000] {processor.py:914} INFO - Processing file /home/airflow/.local/lib/python3.12/site-packages/airflow/example_dags/example_bash_operator.py for tasks to queue
[2025-03-17T07:12:51.567+0000] {logging_mixin.py:190} INFO - [2025-03-17T07:12:51.566+0000] {dagbag.py:588} INFO - Filling up the DagBag from /home/airflow/.local/lib/python3.12/site-packages/airflow/example_dags/example_bash_operator.py
[2025-03-17T07:12:51.577+0000] {processor.py:925} INFO - DAG(s) 'example_bash_operator' retrieved from /home/airflow/.local/lib/python3.12/site-packages/airflow/example_dags/example_bash_operator.py
[2025-03-17T07:12:51.600+0000] {logging_mixin.py:190} INFO - [2025-03-17T07:12:51.600+0000] {dag.py:3239} INFO - Sync 1 DAGs
[2025-03-17T07:12:51.629+0000] {logging_mixin.py:190} INFO - [2025-03-17T07:12:51.628+0000] {dag.py:4180} INFO - Setting next_dagrun for example_bash_operator to 2025-03-16 00:00:00+00:00, run_after=2025-03-17 00:00:00+00:00
[2025-03-17T07:12:51.645+0000] {processor.py:208} INFO - Processing /home/airflow/.local/lib/python3.12/site-packages/airflow/example_dags/example_bash_operator.py took 0.085 seconds
[2025-03-17T07:13:22.260+0000] {processor.py:186} INFO - Started process (PID=1149) to work on /home/airflow/.local/lib/python3.12/site-packages/airflow/example_dags/example_bash_operator.py
[2025-03-17T07:13:22.261+0000] {processor.py:914} INFO - Processing file /home/airflow/.local/lib/python3.12/site-packages/airflow/example_dags/example_bash_operator.py for tasks to queue
[2025-03-17T07:13:22.263+0000] {logging_mixin.py:190} INFO - [2025-03-17T07:13:22.263+0000] {dagbag.py:588} INFO - Filling up the DagBag from /home/airflow/.local/lib/python3.12/site-packages/airflow/example_dags/example_bash_operator.py
[2025-03-17T07:13:22.273+0000] {processor.py:925} INFO - DAG(s) 'example_bash_operator' retrieved from /home/airflow/.local/lib/python3.12/site-packages/airflow/example_dags/example_bash_operator.py
[2025-03-17T07:13:22.293+0000] {logging_mixin.py:190} INFO - [2025-03-17T07:13:22.293+0000] {dag.py:3239} INFO - Sync 1 DAGs
[2025-03-17T07:13:22.312+0000] {logging_mixin.py:190} INFO - [2025-03-17T07:13:22.312+0000] {dag.py:4180} INFO - Setting next_dagrun for example_bash_operator to 2025-03-16 00:00:00+00:00, run_after=2025-03-17 00:00:00+00:00
[2025-03-17T07:13:22.325+0000] {processor.py:208} INFO - Processing /home/airflow/.local/lib/python3.12/site-packages/airflow/example_dags/example_bash_operator.py took 0.069 seconds
[2025-03-17T07:13:52.724+0000] {processor.py:186} INFO - Started process (PID=1212) to work on /home/airflow/.local/lib/python3.12/site-packages/airflow/example_dags/example_bash_operator.py
[2025-03-17T07:13:52.725+0000] {processor.py:914} INFO - Processing file /home/airflow/.local/lib/python3.12/site-packages/airflow/example_dags/example_bash_operator.py for tasks to queue
[2025-03-17T07:13:52.726+0000] {logging_mixin.py:190} INFO - [2025-03-17T07:13:52.726+0000] {dagbag.py:588} INFO - Filling up the DagBag from /home/airflow/.local/lib/python3.12/site-packages/airflow/example_dags/example_bash_operator.py
[2025-03-17T07:13:52.736+0000] {processor.py:925} INFO - DAG(s) 'example_bash_operator' retrieved from /home/airflow/.local/lib/python3.12/site-packages/airflow/example_dags/example_bash_operator.py
[2025-03-17T07:13:52.758+0000] {logging_mixin.py:190} INFO - [2025-03-17T07:13:52.758+0000] {dag.py:3239} INFO - Sync 1 DAGs
[2025-03-17T07:13:52.777+0000] {logging_mixin.py:190} INFO - [2025-03-17T07:13:52.777+0000] {dag.py:4180} INFO - Setting next_dagrun for example_bash_operator to 2025-03-16 00:00:00+00:00, run_after=2025-03-17 00:00:00+00:00
[2025-03-17T07:13:52.790+0000] {processor.py:208} INFO - Processing /home/airflow/.local/lib/python3.12/site-packages/airflow/example_dags/example_bash_operator.py took 0.071 seconds
[2025-03-17T07:14:24.477+0000] {processor.py:186} INFO - Started process (PID=1275) to work on /home/airflow/.local/lib/python3.12/site-packages/airflow/example_dags/example_bash_operator.py
[2025-03-17T07:14:24.478+0000] {processor.py:914} INFO - Processing file /home/airflow/.local/lib/python3.12/site-packages/airflow/example_dags/example_bash_operator.py for tasks to queue
[2025-03-17T07:14:24.480+0000] {logging_mixin.py:190} INFO - [2025-03-17T07:14:24.480+0000] {dagbag.py:588} INFO - Filling up the DagBag from /home/airflow/.local/lib/python3.12/site-packages/airflow/example_dags/example_bash_operator.py
[2025-03-17T07:14:24.490+0000] {processor.py:925} INFO - DAG(s) 'example_bash_operator' retrieved from /home/airflow/.local/lib/python3.12/site-packages/airflow/example_dags/example_bash_operator.py
[2025-03-17T07:14:24.513+0000] {logging_mixin.py:190} INFO - [2025-03-17T07:14:24.512+0000] {dag.py:3239} INFO - Sync 1 DAGs
[2025-03-17T07:14:24.533+0000] {logging_mixin.py:190} INFO - [2025-03-17T07:14:24.533+0000] {dag.py:4180} INFO - Setting next_dagrun for example_bash_operator to 2025-03-16 00:00:00+00:00, run_after=2025-03-17 00:00:00+00:00
[2025-03-17T07:14:24.547+0000] {processor.py:208} INFO - Processing /home/airflow/.local/lib/python3.12/site-packages/airflow/example_dags/example_bash_operator.py took 0.074 seconds
