[2025-03-17T07:05:04.464+0000] {processor.py:186} INFO - Started process (PID=79) to work on /home/airflow/.local/lib/python3.12/site-packages/airflow/example_dags/example_datasets.py
[2025-03-17T07:05:04.465+0000] {processor.py:914} INFO - Processing file /home/airflow/.local/lib/python3.12/site-packages/airflow/example_dags/example_datasets.py for tasks to queue
[2025-03-17T07:05:04.467+0000] {logging_mixin.py:190} INFO - [2025-03-17T07:05:04.467+0000] {dagbag.py:588} INFO - Filling up the DagBag from /home/airflow/.local/lib/python3.12/site-packages/airflow/example_dags/example_datasets.py
[2025-03-17T07:05:05.138+0000] {processor.py:925} INFO - DAG(s) 'dataset_consumes_1_never_scheduled', 'dataset_consumes_1', 'dataset_produces_2', 'conditional_dataset_and_time_based_timetable', 'dataset_consumes_unknown_never_scheduled', 'consume_1_or_both_2_and_3_with_dataset_expressions', 'consume_1_and_2_with_dataset_expressions', 'consume_1_or_2_with_dataset_expressions', 'dataset_consumes_1_and_2', 'dataset_produces_1' retrieved from /home/airflow/.local/lib/python3.12/site-packages/airflow/example_dags/example_datasets.py
[2025-03-17T07:05:05.177+0000] {logging_mixin.py:190} INFO - [2025-03-17T07:05:05.177+0000] {dag.py:3239} INFO - Sync 10 DAGs
[2025-03-17T07:05:05.197+0000] {logging_mixin.py:190} INFO - [2025-03-17T07:05:05.197+0000] {dag.py:4180} INFO - Setting next_dagrun for conditional_dataset_and_time_based_timetable to 2025-03-12 01:00:00+00:00, run_after=2025-03-12 01:00:00+00:00
[2025-03-17T07:05:05.200+0000] {logging_mixin.py:190} INFO - [2025-03-17T07:05:05.200+0000] {dag.py:4180} INFO - Setting next_dagrun for consume_1_and_2_with_dataset_expressions to None, run_after=None
[2025-03-17T07:05:05.202+0000] {logging_mixin.py:190} INFO - [2025-03-17T07:05:05.201+0000] {dag.py:4180} INFO - Setting next_dagrun for consume_1_or_2_with_dataset_expressions to None, run_after=None
[2025-03-17T07:05:05.203+0000] {logging_mixin.py:190} INFO - [2025-03-17T07:05:05.203+0000] {dag.py:4180} INFO - Setting next_dagrun for consume_1_or_both_2_and_3_with_dataset_expressions to None, run_after=None
[2025-03-17T07:05:05.204+0000] {logging_mixin.py:190} INFO - [2025-03-17T07:05:05.204+0000] {dag.py:4180} INFO - Setting next_dagrun for dataset_consumes_1 to None, run_after=None
[2025-03-17T07:05:05.205+0000] {logging_mixin.py:190} INFO - [2025-03-17T07:05:05.205+0000] {dag.py:4180} INFO - Setting next_dagrun for dataset_consumes_1_and_2 to None, run_after=None
[2025-03-17T07:05:05.206+0000] {logging_mixin.py:190} INFO - [2025-03-17T07:05:05.206+0000] {dag.py:4180} INFO - Setting next_dagrun for dataset_consumes_1_never_scheduled to None, run_after=None
[2025-03-17T07:05:05.207+0000] {logging_mixin.py:190} INFO - [2025-03-17T07:05:05.206+0000] {dag.py:4180} INFO - Setting next_dagrun for dataset_consumes_unknown_never_scheduled to None, run_after=None
[2025-03-17T07:05:05.209+0000] {logging_mixin.py:190} INFO - [2025-03-17T07:05:05.209+0000] {dag.py:4180} INFO - Setting next_dagrun for dataset_produces_1 to 2025-03-16 00:00:00+00:00, run_after=2025-03-17 00:00:00+00:00
[2025-03-17T07:05:05.210+0000] {logging_mixin.py:190} INFO - [2025-03-17T07:05:05.210+0000] {dag.py:4180} INFO - Setting next_dagrun for dataset_produces_2 to None, run_after=None
[2025-03-17T07:05:05.243+0000] {processor.py:208} INFO - Processing /home/airflow/.local/lib/python3.12/site-packages/airflow/example_dags/example_datasets.py took 0.784 seconds
[2025-03-17T07:05:35.800+0000] {processor.py:186} INFO - Started process (PID=164) to work on /home/airflow/.local/lib/python3.12/site-packages/airflow/example_dags/example_datasets.py
[2025-03-17T07:05:35.801+0000] {processor.py:914} INFO - Processing file /home/airflow/.local/lib/python3.12/site-packages/airflow/example_dags/example_datasets.py for tasks to queue
[2025-03-17T07:05:35.803+0000] {logging_mixin.py:190} INFO - [2025-03-17T07:05:35.802+0000] {dagbag.py:588} INFO - Filling up the DagBag from /home/airflow/.local/lib/python3.12/site-packages/airflow/example_dags/example_datasets.py
[2025-03-17T07:05:36.302+0000] {processor.py:925} INFO - DAG(s) 'dataset_consumes_1_and_2', 'consume_1_or_both_2_and_3_with_dataset_expressions', 'consume_1_and_2_with_dataset_expressions', 'consume_1_or_2_with_dataset_expressions', 'dataset_consumes_1_never_scheduled', 'dataset_consumes_1', 'dataset_produces_1', 'dataset_produces_2', 'dataset_consumes_unknown_never_scheduled', 'conditional_dataset_and_time_based_timetable' retrieved from /home/airflow/.local/lib/python3.12/site-packages/airflow/example_dags/example_datasets.py
[2025-03-17T07:05:36.335+0000] {logging_mixin.py:190} INFO - [2025-03-17T07:05:36.335+0000] {dag.py:3239} INFO - Sync 10 DAGs
[2025-03-17T07:05:36.356+0000] {logging_mixin.py:190} INFO - [2025-03-17T07:05:36.356+0000] {dag.py:4180} INFO - Setting next_dagrun for conditional_dataset_and_time_based_timetable to 2025-03-12 01:00:00+00:00, run_after=2025-03-12 01:00:00+00:00
[2025-03-17T07:05:36.360+0000] {logging_mixin.py:190} INFO - [2025-03-17T07:05:36.360+0000] {dag.py:4180} INFO - Setting next_dagrun for consume_1_and_2_with_dataset_expressions to None, run_after=None
[2025-03-17T07:05:36.361+0000] {logging_mixin.py:190} INFO - [2025-03-17T07:05:36.361+0000] {dag.py:4180} INFO - Setting next_dagrun for consume_1_or_2_with_dataset_expressions to None, run_after=None
[2025-03-17T07:05:36.362+0000] {logging_mixin.py:190} INFO - [2025-03-17T07:05:36.362+0000] {dag.py:4180} INFO - Setting next_dagrun for consume_1_or_both_2_and_3_with_dataset_expressions to None, run_after=None
[2025-03-17T07:05:36.364+0000] {logging_mixin.py:190} INFO - [2025-03-17T07:05:36.364+0000] {dag.py:4180} INFO - Setting next_dagrun for dataset_consumes_1 to None, run_after=None
[2025-03-17T07:05:36.365+0000] {logging_mixin.py:190} INFO - [2025-03-17T07:05:36.365+0000] {dag.py:4180} INFO - Setting next_dagrun for dataset_consumes_1_and_2 to None, run_after=None
[2025-03-17T07:05:36.366+0000] {logging_mixin.py:190} INFO - [2025-03-17T07:05:36.366+0000] {dag.py:4180} INFO - Setting next_dagrun for dataset_consumes_1_never_scheduled to None, run_after=None
[2025-03-17T07:05:36.367+0000] {logging_mixin.py:190} INFO - [2025-03-17T07:05:36.367+0000] {dag.py:4180} INFO - Setting next_dagrun for dataset_consumes_unknown_never_scheduled to None, run_after=None
[2025-03-17T07:05:36.369+0000] {logging_mixin.py:190} INFO - [2025-03-17T07:05:36.369+0000] {dag.py:4180} INFO - Setting next_dagrun for dataset_produces_1 to 2025-03-16 00:00:00+00:00, run_after=2025-03-17 00:00:00+00:00
[2025-03-17T07:05:36.370+0000] {logging_mixin.py:190} INFO - [2025-03-17T07:05:36.370+0000] {dag.py:4180} INFO - Setting next_dagrun for dataset_produces_2 to None, run_after=None
[2025-03-17T07:05:36.399+0000] {processor.py:208} INFO - Processing /home/airflow/.local/lib/python3.12/site-packages/airflow/example_dags/example_datasets.py took 0.603 seconds
[2025-03-17T07:06:06.902+0000] {processor.py:186} INFO - Started process (PID=233) to work on /home/airflow/.local/lib/python3.12/site-packages/airflow/example_dags/example_datasets.py
[2025-03-17T07:06:06.903+0000] {processor.py:914} INFO - Processing file /home/airflow/.local/lib/python3.12/site-packages/airflow/example_dags/example_datasets.py for tasks to queue
[2025-03-17T07:06:06.905+0000] {logging_mixin.py:190} INFO - [2025-03-17T07:06:06.905+0000] {dagbag.py:588} INFO - Filling up the DagBag from /home/airflow/.local/lib/python3.12/site-packages/airflow/example_dags/example_datasets.py
[2025-03-17T07:06:07.387+0000] {processor.py:925} INFO - DAG(s) 'dataset_produces_1', 'conditional_dataset_and_time_based_timetable', 'dataset_consumes_1', 'consume_1_and_2_with_dataset_expressions', 'consume_1_or_2_with_dataset_expressions', 'consume_1_or_both_2_and_3_with_dataset_expressions', 'dataset_consumes_1_never_scheduled', 'dataset_produces_2', 'dataset_consumes_1_and_2', 'dataset_consumes_unknown_never_scheduled' retrieved from /home/airflow/.local/lib/python3.12/site-packages/airflow/example_dags/example_datasets.py
[2025-03-17T07:06:07.421+0000] {logging_mixin.py:190} INFO - [2025-03-17T07:06:07.421+0000] {dag.py:3239} INFO - Sync 10 DAGs
[2025-03-17T07:06:07.442+0000] {logging_mixin.py:190} INFO - [2025-03-17T07:06:07.442+0000] {dag.py:4180} INFO - Setting next_dagrun for conditional_dataset_and_time_based_timetable to 2025-03-12 01:00:00+00:00, run_after=2025-03-12 01:00:00+00:00
[2025-03-17T07:06:07.445+0000] {logging_mixin.py:190} INFO - [2025-03-17T07:06:07.445+0000] {dag.py:4180} INFO - Setting next_dagrun for consume_1_and_2_with_dataset_expressions to None, run_after=None
[2025-03-17T07:06:07.446+0000] {logging_mixin.py:190} INFO - [2025-03-17T07:06:07.446+0000] {dag.py:4180} INFO - Setting next_dagrun for consume_1_or_2_with_dataset_expressions to None, run_after=None
[2025-03-17T07:06:07.447+0000] {logging_mixin.py:190} INFO - [2025-03-17T07:06:07.447+0000] {dag.py:4180} INFO - Setting next_dagrun for consume_1_or_both_2_and_3_with_dataset_expressions to None, run_after=None
[2025-03-17T07:06:07.448+0000] {logging_mixin.py:190} INFO - [2025-03-17T07:06:07.448+0000] {dag.py:4180} INFO - Setting next_dagrun for dataset_consumes_1 to None, run_after=None
[2025-03-17T07:06:07.449+0000] {logging_mixin.py:190} INFO - [2025-03-17T07:06:07.449+0000] {dag.py:4180} INFO - Setting next_dagrun for dataset_consumes_1_and_2 to None, run_after=None
[2025-03-17T07:06:07.450+0000] {logging_mixin.py:190} INFO - [2025-03-17T07:06:07.450+0000] {dag.py:4180} INFO - Setting next_dagrun for dataset_consumes_1_never_scheduled to None, run_after=None
[2025-03-17T07:06:07.452+0000] {logging_mixin.py:190} INFO - [2025-03-17T07:06:07.451+0000] {dag.py:4180} INFO - Setting next_dagrun for dataset_consumes_unknown_never_scheduled to None, run_after=None
[2025-03-17T07:06:07.454+0000] {logging_mixin.py:190} INFO - [2025-03-17T07:06:07.454+0000] {dag.py:4180} INFO - Setting next_dagrun for dataset_produces_1 to 2025-03-16 00:00:00+00:00, run_after=2025-03-17 00:00:00+00:00
[2025-03-17T07:06:07.455+0000] {logging_mixin.py:190} INFO - [2025-03-17T07:06:07.455+0000] {dag.py:4180} INFO - Setting next_dagrun for dataset_produces_2 to None, run_after=None
[2025-03-17T07:06:07.482+0000] {processor.py:208} INFO - Processing /home/airflow/.local/lib/python3.12/site-packages/airflow/example_dags/example_datasets.py took 0.584 seconds
[2025-03-17T07:06:37.872+0000] {processor.py:186} INFO - Started process (PID=300) to work on /home/airflow/.local/lib/python3.12/site-packages/airflow/example_dags/example_datasets.py
[2025-03-17T07:06:37.872+0000] {processor.py:914} INFO - Processing file /home/airflow/.local/lib/python3.12/site-packages/airflow/example_dags/example_datasets.py for tasks to queue
[2025-03-17T07:06:37.874+0000] {logging_mixin.py:190} INFO - [2025-03-17T07:06:37.874+0000] {dagbag.py:588} INFO - Filling up the DagBag from /home/airflow/.local/lib/python3.12/site-packages/airflow/example_dags/example_datasets.py
[2025-03-17T07:06:38.295+0000] {processor.py:925} INFO - DAG(s) 'dataset_produces_2', 'dataset_consumes_1_never_scheduled', 'consume_1_and_2_with_dataset_expressions', 'dataset_consumes_1', 'consume_1_or_both_2_and_3_with_dataset_expressions', 'dataset_consumes_1_and_2', 'consume_1_or_2_with_dataset_expressions', 'dataset_produces_1', 'conditional_dataset_and_time_based_timetable', 'dataset_consumes_unknown_never_scheduled' retrieved from /home/airflow/.local/lib/python3.12/site-packages/airflow/example_dags/example_datasets.py
[2025-03-17T07:06:38.329+0000] {logging_mixin.py:190} INFO - [2025-03-17T07:06:38.329+0000] {dag.py:3239} INFO - Sync 10 DAGs
[2025-03-17T07:06:38.349+0000] {logging_mixin.py:190} INFO - [2025-03-17T07:06:38.349+0000] {dag.py:4180} INFO - Setting next_dagrun for conditional_dataset_and_time_based_timetable to 2025-03-12 01:00:00+00:00, run_after=2025-03-12 01:00:00+00:00
[2025-03-17T07:06:38.352+0000] {logging_mixin.py:190} INFO - [2025-03-17T07:06:38.352+0000] {dag.py:4180} INFO - Setting next_dagrun for consume_1_and_2_with_dataset_expressions to None, run_after=None
[2025-03-17T07:06:38.353+0000] {logging_mixin.py:190} INFO - [2025-03-17T07:06:38.353+0000] {dag.py:4180} INFO - Setting next_dagrun for consume_1_or_2_with_dataset_expressions to None, run_after=None
[2025-03-17T07:06:38.354+0000] {logging_mixin.py:190} INFO - [2025-03-17T07:06:38.354+0000] {dag.py:4180} INFO - Setting next_dagrun for consume_1_or_both_2_and_3_with_dataset_expressions to None, run_after=None
[2025-03-17T07:06:38.355+0000] {logging_mixin.py:190} INFO - [2025-03-17T07:06:38.355+0000] {dag.py:4180} INFO - Setting next_dagrun for dataset_consumes_1 to None, run_after=None
[2025-03-17T07:06:38.356+0000] {logging_mixin.py:190} INFO - [2025-03-17T07:06:38.356+0000] {dag.py:4180} INFO - Setting next_dagrun for dataset_consumes_1_and_2 to None, run_after=None
[2025-03-17T07:06:38.357+0000] {logging_mixin.py:190} INFO - [2025-03-17T07:06:38.357+0000] {dag.py:4180} INFO - Setting next_dagrun for dataset_consumes_1_never_scheduled to None, run_after=None
[2025-03-17T07:06:38.358+0000] {logging_mixin.py:190} INFO - [2025-03-17T07:06:38.358+0000] {dag.py:4180} INFO - Setting next_dagrun for dataset_consumes_unknown_never_scheduled to None, run_after=None
[2025-03-17T07:06:38.360+0000] {logging_mixin.py:190} INFO - [2025-03-17T07:06:38.360+0000] {dag.py:4180} INFO - Setting next_dagrun for dataset_produces_1 to 2025-03-16 00:00:00+00:00, run_after=2025-03-17 00:00:00+00:00
[2025-03-17T07:06:38.361+0000] {logging_mixin.py:190} INFO - [2025-03-17T07:06:38.361+0000] {dag.py:4180} INFO - Setting next_dagrun for dataset_produces_2 to None, run_after=None
[2025-03-17T07:06:38.386+0000] {processor.py:208} INFO - Processing /home/airflow/.local/lib/python3.12/site-packages/airflow/example_dags/example_datasets.py took 0.518 seconds
[2025-03-17T07:07:08.910+0000] {processor.py:186} INFO - Started process (PID=365) to work on /home/airflow/.local/lib/python3.12/site-packages/airflow/example_dags/example_datasets.py
[2025-03-17T07:07:08.911+0000] {processor.py:914} INFO - Processing file /home/airflow/.local/lib/python3.12/site-packages/airflow/example_dags/example_datasets.py for tasks to queue
[2025-03-17T07:07:08.913+0000] {logging_mixin.py:190} INFO - [2025-03-17T07:07:08.912+0000] {dagbag.py:588} INFO - Filling up the DagBag from /home/airflow/.local/lib/python3.12/site-packages/airflow/example_dags/example_datasets.py
[2025-03-17T07:07:09.366+0000] {processor.py:925} INFO - DAG(s) 'consume_1_and_2_with_dataset_expressions', 'dataset_produces_1', 'consume_1_or_both_2_and_3_with_dataset_expressions', 'conditional_dataset_and_time_based_timetable', 'dataset_consumes_1_and_2', 'dataset_produces_2', 'dataset_consumes_1_never_scheduled', 'dataset_consumes_1', 'consume_1_or_2_with_dataset_expressions', 'dataset_consumes_unknown_never_scheduled' retrieved from /home/airflow/.local/lib/python3.12/site-packages/airflow/example_dags/example_datasets.py
[2025-03-17T07:07:09.399+0000] {logging_mixin.py:190} INFO - [2025-03-17T07:07:09.399+0000] {dag.py:3239} INFO - Sync 10 DAGs
[2025-03-17T07:07:09.418+0000] {logging_mixin.py:190} INFO - [2025-03-17T07:07:09.418+0000] {dag.py:4180} INFO - Setting next_dagrun for conditional_dataset_and_time_based_timetable to 2025-03-12 01:00:00+00:00, run_after=2025-03-12 01:00:00+00:00
[2025-03-17T07:07:09.421+0000] {logging_mixin.py:190} INFO - [2025-03-17T07:07:09.421+0000] {dag.py:4180} INFO - Setting next_dagrun for consume_1_and_2_with_dataset_expressions to None, run_after=None
[2025-03-17T07:07:09.422+0000] {logging_mixin.py:190} INFO - [2025-03-17T07:07:09.422+0000] {dag.py:4180} INFO - Setting next_dagrun for consume_1_or_2_with_dataset_expressions to None, run_after=None
[2025-03-17T07:07:09.423+0000] {logging_mixin.py:190} INFO - [2025-03-17T07:07:09.423+0000] {dag.py:4180} INFO - Setting next_dagrun for consume_1_or_both_2_and_3_with_dataset_expressions to None, run_after=None
[2025-03-17T07:07:09.424+0000] {logging_mixin.py:190} INFO - [2025-03-17T07:07:09.424+0000] {dag.py:4180} INFO - Setting next_dagrun for dataset_consumes_1 to None, run_after=None
[2025-03-17T07:07:09.425+0000] {logging_mixin.py:190} INFO - [2025-03-17T07:07:09.425+0000] {dag.py:4180} INFO - Setting next_dagrun for dataset_consumes_1_and_2 to None, run_after=None
[2025-03-17T07:07:09.426+0000] {logging_mixin.py:190} INFO - [2025-03-17T07:07:09.426+0000] {dag.py:4180} INFO - Setting next_dagrun for dataset_consumes_1_never_scheduled to None, run_after=None
[2025-03-17T07:07:09.427+0000] {logging_mixin.py:190} INFO - [2025-03-17T07:07:09.427+0000] {dag.py:4180} INFO - Setting next_dagrun for dataset_consumes_unknown_never_scheduled to None, run_after=None
[2025-03-17T07:07:09.429+0000] {logging_mixin.py:190} INFO - [2025-03-17T07:07:09.429+0000] {dag.py:4180} INFO - Setting next_dagrun for dataset_produces_1 to 2025-03-16 00:00:00+00:00, run_after=2025-03-17 00:00:00+00:00
[2025-03-17T07:07:09.430+0000] {logging_mixin.py:190} INFO - [2025-03-17T07:07:09.430+0000] {dag.py:4180} INFO - Setting next_dagrun for dataset_produces_2 to None, run_after=None
[2025-03-17T07:07:09.455+0000] {processor.py:208} INFO - Processing /home/airflow/.local/lib/python3.12/site-packages/airflow/example_dags/example_datasets.py took 0.549 seconds
[2025-03-17T07:07:39.653+0000] {processor.py:186} INFO - Started process (PID=419) to work on /home/airflow/.local/lib/python3.12/site-packages/airflow/example_dags/example_datasets.py
[2025-03-17T07:07:39.654+0000] {processor.py:914} INFO - Processing file /home/airflow/.local/lib/python3.12/site-packages/airflow/example_dags/example_datasets.py for tasks to queue
[2025-03-17T07:07:39.656+0000] {logging_mixin.py:190} INFO - [2025-03-17T07:07:39.656+0000] {dagbag.py:588} INFO - Filling up the DagBag from /home/airflow/.local/lib/python3.12/site-packages/airflow/example_dags/example_datasets.py
[2025-03-17T07:07:40.152+0000] {processor.py:925} INFO - DAG(s) 'dataset_consumes_1', 'consume_1_or_2_with_dataset_expressions', 'dataset_produces_1', 'consume_1_and_2_with_dataset_expressions', 'dataset_consumes_1_never_scheduled', 'consume_1_or_both_2_and_3_with_dataset_expressions', 'dataset_consumes_unknown_never_scheduled', 'dataset_produces_2', 'dataset_consumes_1_and_2', 'conditional_dataset_and_time_based_timetable' retrieved from /home/airflow/.local/lib/python3.12/site-packages/airflow/example_dags/example_datasets.py
[2025-03-17T07:07:40.184+0000] {logging_mixin.py:190} INFO - [2025-03-17T07:07:40.184+0000] {dag.py:3239} INFO - Sync 10 DAGs
[2025-03-17T07:07:40.204+0000] {logging_mixin.py:190} INFO - [2025-03-17T07:07:40.204+0000] {dag.py:4180} INFO - Setting next_dagrun for conditional_dataset_and_time_based_timetable to 2025-03-12 01:00:00+00:00, run_after=2025-03-12 01:00:00+00:00
[2025-03-17T07:07:40.207+0000] {logging_mixin.py:190} INFO - [2025-03-17T07:07:40.207+0000] {dag.py:4180} INFO - Setting next_dagrun for consume_1_and_2_with_dataset_expressions to None, run_after=None
[2025-03-17T07:07:40.208+0000] {logging_mixin.py:190} INFO - [2025-03-17T07:07:40.208+0000] {dag.py:4180} INFO - Setting next_dagrun for consume_1_or_2_with_dataset_expressions to None, run_after=None
[2025-03-17T07:07:40.209+0000] {logging_mixin.py:190} INFO - [2025-03-17T07:07:40.209+0000] {dag.py:4180} INFO - Setting next_dagrun for consume_1_or_both_2_and_3_with_dataset_expressions to None, run_after=None
[2025-03-17T07:07:40.210+0000] {logging_mixin.py:190} INFO - [2025-03-17T07:07:40.210+0000] {dag.py:4180} INFO - Setting next_dagrun for dataset_consumes_1 to None, run_after=None
[2025-03-17T07:07:40.211+0000] {logging_mixin.py:190} INFO - [2025-03-17T07:07:40.211+0000] {dag.py:4180} INFO - Setting next_dagrun for dataset_consumes_1_and_2 to None, run_after=None
[2025-03-17T07:07:40.212+0000] {logging_mixin.py:190} INFO - [2025-03-17T07:07:40.212+0000] {dag.py:4180} INFO - Setting next_dagrun for dataset_consumes_1_never_scheduled to None, run_after=None
[2025-03-17T07:07:40.213+0000] {logging_mixin.py:190} INFO - [2025-03-17T07:07:40.213+0000] {dag.py:4180} INFO - Setting next_dagrun for dataset_consumes_unknown_never_scheduled to None, run_after=None
[2025-03-17T07:07:40.215+0000] {logging_mixin.py:190} INFO - [2025-03-17T07:07:40.215+0000] {dag.py:4180} INFO - Setting next_dagrun for dataset_produces_1 to 2025-03-16 00:00:00+00:00, run_after=2025-03-17 00:00:00+00:00
[2025-03-17T07:07:40.216+0000] {logging_mixin.py:190} INFO - [2025-03-17T07:07:40.216+0000] {dag.py:4180} INFO - Setting next_dagrun for dataset_produces_2 to None, run_after=None
[2025-03-17T07:07:40.241+0000] {processor.py:208} INFO - Processing /home/airflow/.local/lib/python3.12/site-packages/airflow/example_dags/example_datasets.py took 0.592 seconds
[2025-03-17T07:08:10.720+0000] {processor.py:186} INFO - Started process (PID=487) to work on /home/airflow/.local/lib/python3.12/site-packages/airflow/example_dags/example_datasets.py
[2025-03-17T07:08:10.721+0000] {processor.py:914} INFO - Processing file /home/airflow/.local/lib/python3.12/site-packages/airflow/example_dags/example_datasets.py for tasks to queue
[2025-03-17T07:08:10.723+0000] {logging_mixin.py:190} INFO - [2025-03-17T07:08:10.722+0000] {dagbag.py:588} INFO - Filling up the DagBag from /home/airflow/.local/lib/python3.12/site-packages/airflow/example_dags/example_datasets.py
[2025-03-17T07:08:11.234+0000] {processor.py:925} INFO - DAG(s) 'dataset_produces_1', 'dataset_consumes_1_and_2', 'consume_1_and_2_with_dataset_expressions', 'dataset_produces_2', 'conditional_dataset_and_time_based_timetable', 'dataset_consumes_unknown_never_scheduled', 'consume_1_or_2_with_dataset_expressions', 'consume_1_or_both_2_and_3_with_dataset_expressions', 'dataset_consumes_1', 'dataset_consumes_1_never_scheduled' retrieved from /home/airflow/.local/lib/python3.12/site-packages/airflow/example_dags/example_datasets.py
[2025-03-17T07:08:11.269+0000] {logging_mixin.py:190} INFO - [2025-03-17T07:08:11.268+0000] {dag.py:3239} INFO - Sync 10 DAGs
[2025-03-17T07:08:11.291+0000] {logging_mixin.py:190} INFO - [2025-03-17T07:08:11.291+0000] {dag.py:4180} INFO - Setting next_dagrun for conditional_dataset_and_time_based_timetable to 2025-03-12 01:00:00+00:00, run_after=2025-03-12 01:00:00+00:00
[2025-03-17T07:08:11.294+0000] {logging_mixin.py:190} INFO - [2025-03-17T07:08:11.294+0000] {dag.py:4180} INFO - Setting next_dagrun for consume_1_and_2_with_dataset_expressions to None, run_after=None
[2025-03-17T07:08:11.295+0000] {logging_mixin.py:190} INFO - [2025-03-17T07:08:11.295+0000] {dag.py:4180} INFO - Setting next_dagrun for consume_1_or_2_with_dataset_expressions to None, run_after=None
[2025-03-17T07:08:11.296+0000] {logging_mixin.py:190} INFO - [2025-03-17T07:08:11.296+0000] {dag.py:4180} INFO - Setting next_dagrun for consume_1_or_both_2_and_3_with_dataset_expressions to None, run_after=None
[2025-03-17T07:08:11.298+0000] {logging_mixin.py:190} INFO - [2025-03-17T07:08:11.297+0000] {dag.py:4180} INFO - Setting next_dagrun for dataset_consumes_1 to None, run_after=None
[2025-03-17T07:08:11.299+0000] {logging_mixin.py:190} INFO - [2025-03-17T07:08:11.299+0000] {dag.py:4180} INFO - Setting next_dagrun for dataset_consumes_1_and_2 to None, run_after=None
[2025-03-17T07:08:11.300+0000] {logging_mixin.py:190} INFO - [2025-03-17T07:08:11.300+0000] {dag.py:4180} INFO - Setting next_dagrun for dataset_consumes_1_never_scheduled to None, run_after=None
[2025-03-17T07:08:11.301+0000] {logging_mixin.py:190} INFO - [2025-03-17T07:08:11.301+0000] {dag.py:4180} INFO - Setting next_dagrun for dataset_consumes_unknown_never_scheduled to None, run_after=None
[2025-03-17T07:08:11.303+0000] {logging_mixin.py:190} INFO - [2025-03-17T07:08:11.303+0000] {dag.py:4180} INFO - Setting next_dagrun for dataset_produces_1 to 2025-03-16 00:00:00+00:00, run_after=2025-03-17 00:00:00+00:00
[2025-03-17T07:08:11.304+0000] {logging_mixin.py:190} INFO - [2025-03-17T07:08:11.304+0000] {dag.py:4180} INFO - Setting next_dagrun for dataset_produces_2 to None, run_after=None
[2025-03-17T07:08:11.330+0000] {processor.py:208} INFO - Processing /home/airflow/.local/lib/python3.12/site-packages/airflow/example_dags/example_datasets.py took 0.614 seconds
[2025-03-17T07:08:42.388+0000] {processor.py:186} INFO - Started process (PID=553) to work on /home/airflow/.local/lib/python3.12/site-packages/airflow/example_dags/example_datasets.py
[2025-03-17T07:08:42.388+0000] {processor.py:914} INFO - Processing file /home/airflow/.local/lib/python3.12/site-packages/airflow/example_dags/example_datasets.py for tasks to queue
[2025-03-17T07:08:42.390+0000] {logging_mixin.py:190} INFO - [2025-03-17T07:08:42.390+0000] {dagbag.py:588} INFO - Filling up the DagBag from /home/airflow/.local/lib/python3.12/site-packages/airflow/example_dags/example_datasets.py
[2025-03-17T07:08:42.865+0000] {processor.py:925} INFO - DAG(s) 'consume_1_or_2_with_dataset_expressions', 'dataset_consumes_1_never_scheduled', 'dataset_consumes_1', 'consume_1_or_both_2_and_3_with_dataset_expressions', 'conditional_dataset_and_time_based_timetable', 'dataset_consumes_1_and_2', 'consume_1_and_2_with_dataset_expressions', 'dataset_consumes_unknown_never_scheduled', 'dataset_produces_1', 'dataset_produces_2' retrieved from /home/airflow/.local/lib/python3.12/site-packages/airflow/example_dags/example_datasets.py
[2025-03-17T07:08:42.898+0000] {logging_mixin.py:190} INFO - [2025-03-17T07:08:42.897+0000] {dag.py:3239} INFO - Sync 10 DAGs
[2025-03-17T07:08:42.917+0000] {logging_mixin.py:190} INFO - [2025-03-17T07:08:42.917+0000] {dag.py:4180} INFO - Setting next_dagrun for conditional_dataset_and_time_based_timetable to 2025-03-12 01:00:00+00:00, run_after=2025-03-12 01:00:00+00:00
[2025-03-17T07:08:42.921+0000] {logging_mixin.py:190} INFO - [2025-03-17T07:08:42.921+0000] {dag.py:4180} INFO - Setting next_dagrun for consume_1_and_2_with_dataset_expressions to None, run_after=None
[2025-03-17T07:08:42.922+0000] {logging_mixin.py:190} INFO - [2025-03-17T07:08:42.922+0000] {dag.py:4180} INFO - Setting next_dagrun for consume_1_or_2_with_dataset_expressions to None, run_after=None
[2025-03-17T07:08:42.923+0000] {logging_mixin.py:190} INFO - [2025-03-17T07:08:42.923+0000] {dag.py:4180} INFO - Setting next_dagrun for consume_1_or_both_2_and_3_with_dataset_expressions to None, run_after=None
[2025-03-17T07:08:42.924+0000] {logging_mixin.py:190} INFO - [2025-03-17T07:08:42.924+0000] {dag.py:4180} INFO - Setting next_dagrun for dataset_consumes_1 to None, run_after=None
[2025-03-17T07:08:42.925+0000] {logging_mixin.py:190} INFO - [2025-03-17T07:08:42.925+0000] {dag.py:4180} INFO - Setting next_dagrun for dataset_consumes_1_and_2 to None, run_after=None
[2025-03-17T07:08:42.926+0000] {logging_mixin.py:190} INFO - [2025-03-17T07:08:42.926+0000] {dag.py:4180} INFO - Setting next_dagrun for dataset_consumes_1_never_scheduled to None, run_after=None
[2025-03-17T07:08:42.927+0000] {logging_mixin.py:190} INFO - [2025-03-17T07:08:42.927+0000] {dag.py:4180} INFO - Setting next_dagrun for dataset_consumes_unknown_never_scheduled to None, run_after=None
[2025-03-17T07:08:42.929+0000] {logging_mixin.py:190} INFO - [2025-03-17T07:08:42.929+0000] {dag.py:4180} INFO - Setting next_dagrun for dataset_produces_1 to 2025-03-16 00:00:00+00:00, run_after=2025-03-17 00:00:00+00:00
[2025-03-17T07:08:42.930+0000] {logging_mixin.py:190} INFO - [2025-03-17T07:08:42.930+0000] {dag.py:4180} INFO - Setting next_dagrun for dataset_produces_2 to None, run_after=None
[2025-03-17T07:08:42.956+0000] {processor.py:208} INFO - Processing /home/airflow/.local/lib/python3.12/site-packages/airflow/example_dags/example_datasets.py took 0.573 seconds
[2025-03-17T07:09:13.088+0000] {processor.py:186} INFO - Started process (PID=616) to work on /home/airflow/.local/lib/python3.12/site-packages/airflow/example_dags/example_datasets.py
[2025-03-17T07:09:13.089+0000] {processor.py:914} INFO - Processing file /home/airflow/.local/lib/python3.12/site-packages/airflow/example_dags/example_datasets.py for tasks to queue
[2025-03-17T07:09:13.091+0000] {logging_mixin.py:190} INFO - [2025-03-17T07:09:13.091+0000] {dagbag.py:588} INFO - Filling up the DagBag from /home/airflow/.local/lib/python3.12/site-packages/airflow/example_dags/example_datasets.py
[2025-03-17T07:09:13.583+0000] {processor.py:925} INFO - DAG(s) 'dataset_consumes_1_never_scheduled', 'conditional_dataset_and_time_based_timetable', 'consume_1_and_2_with_dataset_expressions', 'consume_1_or_2_with_dataset_expressions', 'dataset_consumes_1_and_2', 'dataset_consumes_1', 'consume_1_or_both_2_and_3_with_dataset_expressions', 'dataset_consumes_unknown_never_scheduled', 'dataset_produces_2', 'dataset_produces_1' retrieved from /home/airflow/.local/lib/python3.12/site-packages/airflow/example_dags/example_datasets.py
[2025-03-17T07:09:13.618+0000] {logging_mixin.py:190} INFO - [2025-03-17T07:09:13.617+0000] {dag.py:3239} INFO - Sync 10 DAGs
[2025-03-17T07:09:13.639+0000] {logging_mixin.py:190} INFO - [2025-03-17T07:09:13.638+0000] {dag.py:4180} INFO - Setting next_dagrun for conditional_dataset_and_time_based_timetable to 2025-03-12 01:00:00+00:00, run_after=2025-03-12 01:00:00+00:00
[2025-03-17T07:09:13.642+0000] {logging_mixin.py:190} INFO - [2025-03-17T07:09:13.641+0000] {dag.py:4180} INFO - Setting next_dagrun for consume_1_and_2_with_dataset_expressions to None, run_after=None
[2025-03-17T07:09:13.643+0000] {logging_mixin.py:190} INFO - [2025-03-17T07:09:13.642+0000] {dag.py:4180} INFO - Setting next_dagrun for consume_1_or_2_with_dataset_expressions to None, run_after=None
[2025-03-17T07:09:13.644+0000] {logging_mixin.py:190} INFO - [2025-03-17T07:09:13.644+0000] {dag.py:4180} INFO - Setting next_dagrun for consume_1_or_both_2_and_3_with_dataset_expressions to None, run_after=None
[2025-03-17T07:09:13.645+0000] {logging_mixin.py:190} INFO - [2025-03-17T07:09:13.645+0000] {dag.py:4180} INFO - Setting next_dagrun for dataset_consumes_1 to None, run_after=None
[2025-03-17T07:09:13.646+0000] {logging_mixin.py:190} INFO - [2025-03-17T07:09:13.646+0000] {dag.py:4180} INFO - Setting next_dagrun for dataset_consumes_1_and_2 to None, run_after=None
[2025-03-17T07:09:13.647+0000] {logging_mixin.py:190} INFO - [2025-03-17T07:09:13.647+0000] {dag.py:4180} INFO - Setting next_dagrun for dataset_consumes_1_never_scheduled to None, run_after=None
[2025-03-17T07:09:13.648+0000] {logging_mixin.py:190} INFO - [2025-03-17T07:09:13.648+0000] {dag.py:4180} INFO - Setting next_dagrun for dataset_consumes_unknown_never_scheduled to None, run_after=None
[2025-03-17T07:09:13.650+0000] {logging_mixin.py:190} INFO - [2025-03-17T07:09:13.650+0000] {dag.py:4180} INFO - Setting next_dagrun for dataset_produces_1 to 2025-03-16 00:00:00+00:00, run_after=2025-03-17 00:00:00+00:00
[2025-03-17T07:09:13.651+0000] {logging_mixin.py:190} INFO - [2025-03-17T07:09:13.651+0000] {dag.py:4180} INFO - Setting next_dagrun for dataset_produces_2 to None, run_after=None
[2025-03-17T07:09:13.678+0000] {processor.py:208} INFO - Processing /home/airflow/.local/lib/python3.12/site-packages/airflow/example_dags/example_datasets.py took 0.594 seconds
[2025-03-17T07:09:43.793+0000] {processor.py:186} INFO - Started process (PID=673) to work on /home/airflow/.local/lib/python3.12/site-packages/airflow/example_dags/example_datasets.py
[2025-03-17T07:09:43.794+0000] {processor.py:914} INFO - Processing file /home/airflow/.local/lib/python3.12/site-packages/airflow/example_dags/example_datasets.py for tasks to queue
[2025-03-17T07:09:43.796+0000] {logging_mixin.py:190} INFO - [2025-03-17T07:09:43.796+0000] {dagbag.py:588} INFO - Filling up the DagBag from /home/airflow/.local/lib/python3.12/site-packages/airflow/example_dags/example_datasets.py
[2025-03-17T07:09:44.234+0000] {processor.py:925} INFO - DAG(s) 'dataset_produces_2', 'conditional_dataset_and_time_based_timetable', 'consume_1_or_2_with_dataset_expressions', 'dataset_consumes_1_and_2', 'consume_1_and_2_with_dataset_expressions', 'dataset_consumes_unknown_never_scheduled', 'dataset_produces_1', 'consume_1_or_both_2_and_3_with_dataset_expressions', 'dataset_consumes_1_never_scheduled', 'dataset_consumes_1' retrieved from /home/airflow/.local/lib/python3.12/site-packages/airflow/example_dags/example_datasets.py
[2025-03-17T07:09:44.265+0000] {logging_mixin.py:190} INFO - [2025-03-17T07:09:44.265+0000] {dag.py:3239} INFO - Sync 10 DAGs
[2025-03-17T07:09:44.283+0000] {logging_mixin.py:190} INFO - [2025-03-17T07:09:44.283+0000] {dag.py:4180} INFO - Setting next_dagrun for conditional_dataset_and_time_based_timetable to 2025-03-12 01:00:00+00:00, run_after=2025-03-12 01:00:00+00:00
[2025-03-17T07:09:44.286+0000] {logging_mixin.py:190} INFO - [2025-03-17T07:09:44.286+0000] {dag.py:4180} INFO - Setting next_dagrun for consume_1_and_2_with_dataset_expressions to None, run_after=None
[2025-03-17T07:09:44.287+0000] {logging_mixin.py:190} INFO - [2025-03-17T07:09:44.287+0000] {dag.py:4180} INFO - Setting next_dagrun for consume_1_or_2_with_dataset_expressions to None, run_after=None
[2025-03-17T07:09:44.288+0000] {logging_mixin.py:190} INFO - [2025-03-17T07:09:44.288+0000] {dag.py:4180} INFO - Setting next_dagrun for consume_1_or_both_2_and_3_with_dataset_expressions to None, run_after=None
[2025-03-17T07:09:44.290+0000] {logging_mixin.py:190} INFO - [2025-03-17T07:09:44.289+0000] {dag.py:4180} INFO - Setting next_dagrun for dataset_consumes_1 to None, run_after=None
[2025-03-17T07:09:44.291+0000] {logging_mixin.py:190} INFO - [2025-03-17T07:09:44.291+0000] {dag.py:4180} INFO - Setting next_dagrun for dataset_consumes_1_and_2 to None, run_after=None
[2025-03-17T07:09:44.292+0000] {logging_mixin.py:190} INFO - [2025-03-17T07:09:44.291+0000] {dag.py:4180} INFO - Setting next_dagrun for dataset_consumes_1_never_scheduled to None, run_after=None
[2025-03-17T07:09:44.293+0000] {logging_mixin.py:190} INFO - [2025-03-17T07:09:44.292+0000] {dag.py:4180} INFO - Setting next_dagrun for dataset_consumes_unknown_never_scheduled to None, run_after=None
[2025-03-17T07:09:44.295+0000] {logging_mixin.py:190} INFO - [2025-03-17T07:09:44.295+0000] {dag.py:4180} INFO - Setting next_dagrun for dataset_produces_1 to 2025-03-16 00:00:00+00:00, run_after=2025-03-17 00:00:00+00:00
[2025-03-17T07:09:44.296+0000] {logging_mixin.py:190} INFO - [2025-03-17T07:09:44.296+0000] {dag.py:4180} INFO - Setting next_dagrun for dataset_produces_2 to None, run_after=None
[2025-03-17T07:09:44.321+0000] {processor.py:208} INFO - Processing /home/airflow/.local/lib/python3.12/site-packages/airflow/example_dags/example_datasets.py took 0.532 seconds
[2025-03-17T07:10:14.686+0000] {processor.py:186} INFO - Started process (PID=732) to work on /home/airflow/.local/lib/python3.12/site-packages/airflow/example_dags/example_datasets.py
[2025-03-17T07:10:14.687+0000] {processor.py:914} INFO - Processing file /home/airflow/.local/lib/python3.12/site-packages/airflow/example_dags/example_datasets.py for tasks to queue
[2025-03-17T07:10:14.688+0000] {logging_mixin.py:190} INFO - [2025-03-17T07:10:14.688+0000] {dagbag.py:588} INFO - Filling up the DagBag from /home/airflow/.local/lib/python3.12/site-packages/airflow/example_dags/example_datasets.py
[2025-03-17T07:10:15.177+0000] {processor.py:925} INFO - DAG(s) 'consume_1_or_both_2_and_3_with_dataset_expressions', 'dataset_consumes_1', 'dataset_consumes_1_and_2', 'dataset_consumes_1_never_scheduled', 'consume_1_or_2_with_dataset_expressions', 'dataset_produces_2', 'dataset_produces_1', 'consume_1_and_2_with_dataset_expressions', 'conditional_dataset_and_time_based_timetable', 'dataset_consumes_unknown_never_scheduled' retrieved from /home/airflow/.local/lib/python3.12/site-packages/airflow/example_dags/example_datasets.py
[2025-03-17T07:10:15.212+0000] {logging_mixin.py:190} INFO - [2025-03-17T07:10:15.212+0000] {dag.py:3239} INFO - Sync 10 DAGs
[2025-03-17T07:10:15.235+0000] {logging_mixin.py:190} INFO - [2025-03-17T07:10:15.234+0000] {dag.py:4180} INFO - Setting next_dagrun for conditional_dataset_and_time_based_timetable to 2025-03-12 01:00:00+00:00, run_after=2025-03-12 01:00:00+00:00
[2025-03-17T07:10:15.238+0000] {logging_mixin.py:190} INFO - [2025-03-17T07:10:15.237+0000] {dag.py:4180} INFO - Setting next_dagrun for consume_1_and_2_with_dataset_expressions to None, run_after=None
[2025-03-17T07:10:15.239+0000] {logging_mixin.py:190} INFO - [2025-03-17T07:10:15.239+0000] {dag.py:4180} INFO - Setting next_dagrun for consume_1_or_2_with_dataset_expressions to None, run_after=None
[2025-03-17T07:10:15.240+0000] {logging_mixin.py:190} INFO - [2025-03-17T07:10:15.240+0000] {dag.py:4180} INFO - Setting next_dagrun for consume_1_or_both_2_and_3_with_dataset_expressions to None, run_after=None
[2025-03-17T07:10:15.241+0000] {logging_mixin.py:190} INFO - [2025-03-17T07:10:15.241+0000] {dag.py:4180} INFO - Setting next_dagrun for dataset_consumes_1 to None, run_after=None
[2025-03-17T07:10:15.242+0000] {logging_mixin.py:190} INFO - [2025-03-17T07:10:15.242+0000] {dag.py:4180} INFO - Setting next_dagrun for dataset_consumes_1_and_2 to None, run_after=None
[2025-03-17T07:10:15.243+0000] {logging_mixin.py:190} INFO - [2025-03-17T07:10:15.243+0000] {dag.py:4180} INFO - Setting next_dagrun for dataset_consumes_1_never_scheduled to None, run_after=None
[2025-03-17T07:10:15.244+0000] {logging_mixin.py:190} INFO - [2025-03-17T07:10:15.244+0000] {dag.py:4180} INFO - Setting next_dagrun for dataset_consumes_unknown_never_scheduled to None, run_after=None
[2025-03-17T07:10:15.246+0000] {logging_mixin.py:190} INFO - [2025-03-17T07:10:15.246+0000] {dag.py:4180} INFO - Setting next_dagrun for dataset_produces_1 to 2025-03-16 00:00:00+00:00, run_after=2025-03-17 00:00:00+00:00
[2025-03-17T07:10:15.247+0000] {logging_mixin.py:190} INFO - [2025-03-17T07:10:15.247+0000] {dag.py:4180} INFO - Setting next_dagrun for dataset_produces_2 to None, run_after=None
[2025-03-17T07:10:15.272+0000] {processor.py:208} INFO - Processing /home/airflow/.local/lib/python3.12/site-packages/airflow/example_dags/example_datasets.py took 0.591 seconds
[2025-03-17T07:10:46.522+0000] {processor.py:186} INFO - Started process (PID=804) to work on /home/airflow/.local/lib/python3.12/site-packages/airflow/example_dags/example_datasets.py
[2025-03-17T07:10:46.523+0000] {processor.py:914} INFO - Processing file /home/airflow/.local/lib/python3.12/site-packages/airflow/example_dags/example_datasets.py for tasks to queue
[2025-03-17T07:10:46.525+0000] {logging_mixin.py:190} INFO - [2025-03-17T07:10:46.524+0000] {dagbag.py:588} INFO - Filling up the DagBag from /home/airflow/.local/lib/python3.12/site-packages/airflow/example_dags/example_datasets.py
[2025-03-17T07:10:46.970+0000] {processor.py:925} INFO - DAG(s) 'consume_1_and_2_with_dataset_expressions', 'dataset_produces_2', 'dataset_consumes_1_and_2', 'consume_1_or_both_2_and_3_with_dataset_expressions', 'conditional_dataset_and_time_based_timetable', 'dataset_consumes_1', 'dataset_consumes_1_never_scheduled', 'dataset_produces_1', 'dataset_consumes_unknown_never_scheduled', 'consume_1_or_2_with_dataset_expressions' retrieved from /home/airflow/.local/lib/python3.12/site-packages/airflow/example_dags/example_datasets.py
[2025-03-17T07:10:47.003+0000] {logging_mixin.py:190} INFO - [2025-03-17T07:10:47.002+0000] {dag.py:3239} INFO - Sync 10 DAGs
[2025-03-17T07:10:47.025+0000] {logging_mixin.py:190} INFO - [2025-03-17T07:10:47.025+0000] {dag.py:4180} INFO - Setting next_dagrun for conditional_dataset_and_time_based_timetable to 2025-03-12 01:00:00+00:00, run_after=2025-03-12 01:00:00+00:00
[2025-03-17T07:10:47.028+0000] {logging_mixin.py:190} INFO - [2025-03-17T07:10:47.028+0000] {dag.py:4180} INFO - Setting next_dagrun for consume_1_and_2_with_dataset_expressions to None, run_after=None
[2025-03-17T07:10:47.029+0000] {logging_mixin.py:190} INFO - [2025-03-17T07:10:47.029+0000] {dag.py:4180} INFO - Setting next_dagrun for consume_1_or_2_with_dataset_expressions to None, run_after=None
[2025-03-17T07:10:47.030+0000] {logging_mixin.py:190} INFO - [2025-03-17T07:10:47.030+0000] {dag.py:4180} INFO - Setting next_dagrun for consume_1_or_both_2_and_3_with_dataset_expressions to None, run_after=None
[2025-03-17T07:10:47.032+0000] {logging_mixin.py:190} INFO - [2025-03-17T07:10:47.031+0000] {dag.py:4180} INFO - Setting next_dagrun for dataset_consumes_1 to None, run_after=None
[2025-03-17T07:10:47.033+0000] {logging_mixin.py:190} INFO - [2025-03-17T07:10:47.032+0000] {dag.py:4180} INFO - Setting next_dagrun for dataset_consumes_1_and_2 to None, run_after=None
[2025-03-17T07:10:47.033+0000] {logging_mixin.py:190} INFO - [2025-03-17T07:10:47.033+0000] {dag.py:4180} INFO - Setting next_dagrun for dataset_consumes_1_never_scheduled to None, run_after=None
[2025-03-17T07:10:47.034+0000] {logging_mixin.py:190} INFO - [2025-03-17T07:10:47.034+0000] {dag.py:4180} INFO - Setting next_dagrun for dataset_consumes_unknown_never_scheduled to None, run_after=None
[2025-03-17T07:10:47.037+0000] {logging_mixin.py:190} INFO - [2025-03-17T07:10:47.037+0000] {dag.py:4180} INFO - Setting next_dagrun for dataset_produces_1 to 2025-03-16 00:00:00+00:00, run_after=2025-03-17 00:00:00+00:00
[2025-03-17T07:10:47.038+0000] {logging_mixin.py:190} INFO - [2025-03-17T07:10:47.038+0000] {dag.py:4180} INFO - Setting next_dagrun for dataset_produces_2 to None, run_after=None
[2025-03-17T07:10:47.064+0000] {processor.py:208} INFO - Processing /home/airflow/.local/lib/python3.12/site-packages/airflow/example_dags/example_datasets.py took 0.546 seconds
[2025-03-17T07:11:17.126+0000] {processor.py:186} INFO - Started process (PID=868) to work on /home/airflow/.local/lib/python3.12/site-packages/airflow/example_dags/example_datasets.py
[2025-03-17T07:11:17.127+0000] {processor.py:914} INFO - Processing file /home/airflow/.local/lib/python3.12/site-packages/airflow/example_dags/example_datasets.py for tasks to queue
[2025-03-17T07:11:17.129+0000] {logging_mixin.py:190} INFO - [2025-03-17T07:11:17.128+0000] {dagbag.py:588} INFO - Filling up the DagBag from /home/airflow/.local/lib/python3.12/site-packages/airflow/example_dags/example_datasets.py
[2025-03-17T07:11:17.584+0000] {processor.py:925} INFO - DAG(s) 'dataset_consumes_unknown_never_scheduled', 'dataset_produces_2', 'dataset_produces_1', 'conditional_dataset_and_time_based_timetable', 'dataset_consumes_1_and_2', 'consume_1_and_2_with_dataset_expressions', 'dataset_consumes_1_never_scheduled', 'consume_1_or_both_2_and_3_with_dataset_expressions', 'consume_1_or_2_with_dataset_expressions', 'dataset_consumes_1' retrieved from /home/airflow/.local/lib/python3.12/site-packages/airflow/example_dags/example_datasets.py
[2025-03-17T07:11:17.619+0000] {logging_mixin.py:190} INFO - [2025-03-17T07:11:17.618+0000] {dag.py:3239} INFO - Sync 10 DAGs
[2025-03-17T07:11:17.638+0000] {logging_mixin.py:190} INFO - [2025-03-17T07:11:17.638+0000] {dag.py:4180} INFO - Setting next_dagrun for conditional_dataset_and_time_based_timetable to 2025-03-12 01:00:00+00:00, run_after=2025-03-12 01:00:00+00:00
[2025-03-17T07:11:17.642+0000] {logging_mixin.py:190} INFO - [2025-03-17T07:11:17.641+0000] {dag.py:4180} INFO - Setting next_dagrun for consume_1_and_2_with_dataset_expressions to None, run_after=None
[2025-03-17T07:11:17.643+0000] {logging_mixin.py:190} INFO - [2025-03-17T07:11:17.643+0000] {dag.py:4180} INFO - Setting next_dagrun for consume_1_or_2_with_dataset_expressions to None, run_after=None
[2025-03-17T07:11:17.644+0000] {logging_mixin.py:190} INFO - [2025-03-17T07:11:17.644+0000] {dag.py:4180} INFO - Setting next_dagrun for consume_1_or_both_2_and_3_with_dataset_expressions to None, run_after=None
[2025-03-17T07:11:17.645+0000] {logging_mixin.py:190} INFO - [2025-03-17T07:11:17.645+0000] {dag.py:4180} INFO - Setting next_dagrun for dataset_consumes_1 to None, run_after=None
[2025-03-17T07:11:17.646+0000] {logging_mixin.py:190} INFO - [2025-03-17T07:11:17.646+0000] {dag.py:4180} INFO - Setting next_dagrun for dataset_consumes_1_and_2 to None, run_after=None
[2025-03-17T07:11:17.647+0000] {logging_mixin.py:190} INFO - [2025-03-17T07:11:17.647+0000] {dag.py:4180} INFO - Setting next_dagrun for dataset_consumes_1_never_scheduled to None, run_after=None
[2025-03-17T07:11:17.648+0000] {logging_mixin.py:190} INFO - [2025-03-17T07:11:17.648+0000] {dag.py:4180} INFO - Setting next_dagrun for dataset_consumes_unknown_never_scheduled to None, run_after=None
[2025-03-17T07:11:17.651+0000] {logging_mixin.py:190} INFO - [2025-03-17T07:11:17.650+0000] {dag.py:4180} INFO - Setting next_dagrun for dataset_produces_1 to 2025-03-16 00:00:00+00:00, run_after=2025-03-17 00:00:00+00:00
[2025-03-17T07:11:17.652+0000] {logging_mixin.py:190} INFO - [2025-03-17T07:11:17.652+0000] {dag.py:4180} INFO - Setting next_dagrun for dataset_produces_2 to None, run_after=None
[2025-03-17T07:11:17.677+0000] {processor.py:208} INFO - Processing /home/airflow/.local/lib/python3.12/site-packages/airflow/example_dags/example_datasets.py took 0.556 seconds
[2025-03-17T07:11:47.767+0000] {processor.py:186} INFO - Started process (PID=931) to work on /home/airflow/.local/lib/python3.12/site-packages/airflow/example_dags/example_datasets.py
[2025-03-17T07:11:47.767+0000] {processor.py:914} INFO - Processing file /home/airflow/.local/lib/python3.12/site-packages/airflow/example_dags/example_datasets.py for tasks to queue
[2025-03-17T07:11:47.769+0000] {logging_mixin.py:190} INFO - [2025-03-17T07:11:47.769+0000] {dagbag.py:588} INFO - Filling up the DagBag from /home/airflow/.local/lib/python3.12/site-packages/airflow/example_dags/example_datasets.py
[2025-03-17T07:11:48.223+0000] {processor.py:925} INFO - DAG(s) 'consume_1_or_2_with_dataset_expressions', 'consume_1_or_both_2_and_3_with_dataset_expressions', 'consume_1_and_2_with_dataset_expressions', 'dataset_produces_2', 'dataset_consumes_1_and_2', 'conditional_dataset_and_time_based_timetable', 'dataset_consumes_1_never_scheduled', 'dataset_consumes_1', 'dataset_consumes_unknown_never_scheduled', 'dataset_produces_1' retrieved from /home/airflow/.local/lib/python3.12/site-packages/airflow/example_dags/example_datasets.py
[2025-03-17T07:11:48.256+0000] {logging_mixin.py:190} INFO - [2025-03-17T07:11:48.255+0000] {dag.py:3239} INFO - Sync 10 DAGs
[2025-03-17T07:11:48.275+0000] {logging_mixin.py:190} INFO - [2025-03-17T07:11:48.275+0000] {dag.py:4180} INFO - Setting next_dagrun for conditional_dataset_and_time_based_timetable to 2025-03-12 01:00:00+00:00, run_after=2025-03-12 01:00:00+00:00
[2025-03-17T07:11:48.278+0000] {logging_mixin.py:190} INFO - [2025-03-17T07:11:48.278+0000] {dag.py:4180} INFO - Setting next_dagrun for consume_1_and_2_with_dataset_expressions to None, run_after=None
[2025-03-17T07:11:48.279+0000] {logging_mixin.py:190} INFO - [2025-03-17T07:11:48.279+0000] {dag.py:4180} INFO - Setting next_dagrun for consume_1_or_2_with_dataset_expressions to None, run_after=None
[2025-03-17T07:11:48.280+0000] {logging_mixin.py:190} INFO - [2025-03-17T07:11:48.280+0000] {dag.py:4180} INFO - Setting next_dagrun for consume_1_or_both_2_and_3_with_dataset_expressions to None, run_after=None
[2025-03-17T07:11:48.281+0000] {logging_mixin.py:190} INFO - [2025-03-17T07:11:48.281+0000] {dag.py:4180} INFO - Setting next_dagrun for dataset_consumes_1 to None, run_after=None
[2025-03-17T07:11:48.282+0000] {logging_mixin.py:190} INFO - [2025-03-17T07:11:48.282+0000] {dag.py:4180} INFO - Setting next_dagrun for dataset_consumes_1_and_2 to None, run_after=None
[2025-03-17T07:11:48.284+0000] {logging_mixin.py:190} INFO - [2025-03-17T07:11:48.283+0000] {dag.py:4180} INFO - Setting next_dagrun for dataset_consumes_1_never_scheduled to None, run_after=None
[2025-03-17T07:11:48.285+0000] {logging_mixin.py:190} INFO - [2025-03-17T07:11:48.284+0000] {dag.py:4180} INFO - Setting next_dagrun for dataset_consumes_unknown_never_scheduled to None, run_after=None
[2025-03-17T07:11:48.286+0000] {logging_mixin.py:190} INFO - [2025-03-17T07:11:48.286+0000] {dag.py:4180} INFO - Setting next_dagrun for dataset_produces_1 to 2025-03-16 00:00:00+00:00, run_after=2025-03-17 00:00:00+00:00
[2025-03-17T07:11:48.287+0000] {logging_mixin.py:190} INFO - [2025-03-17T07:11:48.287+0000] {dag.py:4180} INFO - Setting next_dagrun for dataset_produces_2 to None, run_after=None
[2025-03-17T07:11:48.311+0000] {processor.py:208} INFO - Processing /home/airflow/.local/lib/python3.12/site-packages/airflow/example_dags/example_datasets.py took 0.549 seconds
[2025-03-17T07:12:18.669+0000] {processor.py:186} INFO - Started process (PID=998) to work on /home/airflow/.local/lib/python3.12/site-packages/airflow/example_dags/example_datasets.py
[2025-03-17T07:12:18.670+0000] {processor.py:914} INFO - Processing file /home/airflow/.local/lib/python3.12/site-packages/airflow/example_dags/example_datasets.py for tasks to queue
[2025-03-17T07:12:18.672+0000] {logging_mixin.py:190} INFO - [2025-03-17T07:12:18.671+0000] {dagbag.py:588} INFO - Filling up the DagBag from /home/airflow/.local/lib/python3.12/site-packages/airflow/example_dags/example_datasets.py
[2025-03-17T07:12:19.133+0000] {processor.py:925} INFO - DAG(s) 'dataset_consumes_1_never_scheduled', 'consume_1_and_2_with_dataset_expressions', 'dataset_produces_1', 'consume_1_or_2_with_dataset_expressions', 'conditional_dataset_and_time_based_timetable', 'dataset_produces_2', 'dataset_consumes_1_and_2', 'dataset_consumes_1', 'consume_1_or_both_2_and_3_with_dataset_expressions', 'dataset_consumes_unknown_never_scheduled' retrieved from /home/airflow/.local/lib/python3.12/site-packages/airflow/example_dags/example_datasets.py
[2025-03-17T07:12:19.169+0000] {logging_mixin.py:190} INFO - [2025-03-17T07:12:19.169+0000] {dag.py:3239} INFO - Sync 10 DAGs
[2025-03-17T07:12:19.190+0000] {logging_mixin.py:190} INFO - [2025-03-17T07:12:19.190+0000] {dag.py:4180} INFO - Setting next_dagrun for conditional_dataset_and_time_based_timetable to 2025-03-12 01:00:00+00:00, run_after=2025-03-12 01:00:00+00:00
[2025-03-17T07:12:19.193+0000] {logging_mixin.py:190} INFO - [2025-03-17T07:12:19.193+0000] {dag.py:4180} INFO - Setting next_dagrun for consume_1_and_2_with_dataset_expressions to None, run_after=None
[2025-03-17T07:12:19.194+0000] {logging_mixin.py:190} INFO - [2025-03-17T07:12:19.194+0000] {dag.py:4180} INFO - Setting next_dagrun for consume_1_or_2_with_dataset_expressions to None, run_after=None
[2025-03-17T07:12:19.195+0000] {logging_mixin.py:190} INFO - [2025-03-17T07:12:19.195+0000] {dag.py:4180} INFO - Setting next_dagrun for consume_1_or_both_2_and_3_with_dataset_expressions to None, run_after=None
[2025-03-17T07:12:19.196+0000] {logging_mixin.py:190} INFO - [2025-03-17T07:12:19.195+0000] {dag.py:4180} INFO - Setting next_dagrun for dataset_consumes_1 to None, run_after=None
[2025-03-17T07:12:19.197+0000] {logging_mixin.py:190} INFO - [2025-03-17T07:12:19.196+0000] {dag.py:4180} INFO - Setting next_dagrun for dataset_consumes_1_and_2 to None, run_after=None
[2025-03-17T07:12:19.198+0000] {logging_mixin.py:190} INFO - [2025-03-17T07:12:19.198+0000] {dag.py:4180} INFO - Setting next_dagrun for dataset_consumes_1_never_scheduled to None, run_after=None
[2025-03-17T07:12:19.199+0000] {logging_mixin.py:190} INFO - [2025-03-17T07:12:19.199+0000] {dag.py:4180} INFO - Setting next_dagrun for dataset_consumes_unknown_never_scheduled to None, run_after=None
[2025-03-17T07:12:19.201+0000] {logging_mixin.py:190} INFO - [2025-03-17T07:12:19.201+0000] {dag.py:4180} INFO - Setting next_dagrun for dataset_produces_1 to 2025-03-16 00:00:00+00:00, run_after=2025-03-17 00:00:00+00:00
[2025-03-17T07:12:19.202+0000] {logging_mixin.py:190} INFO - [2025-03-17T07:12:19.202+0000] {dag.py:4180} INFO - Setting next_dagrun for dataset_produces_2 to None, run_after=None
[2025-03-17T07:12:19.231+0000] {processor.py:208} INFO - Processing /home/airflow/.local/lib/python3.12/site-packages/airflow/example_dags/example_datasets.py took 0.566 seconds
[2025-03-17T07:12:49.805+0000] {processor.py:186} INFO - Started process (PID=1066) to work on /home/airflow/.local/lib/python3.12/site-packages/airflow/example_dags/example_datasets.py
[2025-03-17T07:12:49.806+0000] {processor.py:914} INFO - Processing file /home/airflow/.local/lib/python3.12/site-packages/airflow/example_dags/example_datasets.py for tasks to queue
[2025-03-17T07:12:49.808+0000] {logging_mixin.py:190} INFO - [2025-03-17T07:12:49.808+0000] {dagbag.py:588} INFO - Filling up the DagBag from /home/airflow/.local/lib/python3.12/site-packages/airflow/example_dags/example_datasets.py
[2025-03-17T07:12:50.310+0000] {processor.py:925} INFO - DAG(s) 'dataset_produces_2', 'dataset_consumes_1_never_scheduled', 'dataset_consumes_1_and_2', 'dataset_produces_1', 'dataset_consumes_unknown_never_scheduled', 'conditional_dataset_and_time_based_timetable', 'consume_1_and_2_with_dataset_expressions', 'consume_1_or_2_with_dataset_expressions', 'consume_1_or_both_2_and_3_with_dataset_expressions', 'dataset_consumes_1' retrieved from /home/airflow/.local/lib/python3.12/site-packages/airflow/example_dags/example_datasets.py
[2025-03-17T07:12:50.346+0000] {logging_mixin.py:190} INFO - [2025-03-17T07:12:50.346+0000] {dag.py:3239} INFO - Sync 10 DAGs
[2025-03-17T07:12:50.371+0000] {logging_mixin.py:190} INFO - [2025-03-17T07:12:50.370+0000] {dag.py:4180} INFO - Setting next_dagrun for conditional_dataset_and_time_based_timetable to 2025-03-12 01:00:00+00:00, run_after=2025-03-12 01:00:00+00:00
[2025-03-17T07:12:50.375+0000] {logging_mixin.py:190} INFO - [2025-03-17T07:12:50.374+0000] {dag.py:4180} INFO - Setting next_dagrun for consume_1_and_2_with_dataset_expressions to None, run_after=None
[2025-03-17T07:12:50.376+0000] {logging_mixin.py:190} INFO - [2025-03-17T07:12:50.376+0000] {dag.py:4180} INFO - Setting next_dagrun for consume_1_or_2_with_dataset_expressions to None, run_after=None
[2025-03-17T07:12:50.377+0000] {logging_mixin.py:190} INFO - [2025-03-17T07:12:50.377+0000] {dag.py:4180} INFO - Setting next_dagrun for consume_1_or_both_2_and_3_with_dataset_expressions to None, run_after=None
[2025-03-17T07:12:50.378+0000] {logging_mixin.py:190} INFO - [2025-03-17T07:12:50.378+0000] {dag.py:4180} INFO - Setting next_dagrun for dataset_consumes_1 to None, run_after=None
[2025-03-17T07:12:50.379+0000] {logging_mixin.py:190} INFO - [2025-03-17T07:12:50.379+0000] {dag.py:4180} INFO - Setting next_dagrun for dataset_consumes_1_and_2 to None, run_after=None
[2025-03-17T07:12:50.381+0000] {logging_mixin.py:190} INFO - [2025-03-17T07:12:50.380+0000] {dag.py:4180} INFO - Setting next_dagrun for dataset_consumes_1_never_scheduled to None, run_after=None
[2025-03-17T07:12:50.382+0000] {logging_mixin.py:190} INFO - [2025-03-17T07:12:50.382+0000] {dag.py:4180} INFO - Setting next_dagrun for dataset_consumes_unknown_never_scheduled to None, run_after=None
[2025-03-17T07:12:50.384+0000] {logging_mixin.py:190} INFO - [2025-03-17T07:12:50.384+0000] {dag.py:4180} INFO - Setting next_dagrun for dataset_produces_1 to 2025-03-16 00:00:00+00:00, run_after=2025-03-17 00:00:00+00:00
[2025-03-17T07:12:50.385+0000] {logging_mixin.py:190} INFO - [2025-03-17T07:12:50.385+0000] {dag.py:4180} INFO - Setting next_dagrun for dataset_produces_2 to None, run_after=None
[2025-03-17T07:12:50.413+0000] {processor.py:208} INFO - Processing /home/airflow/.local/lib/python3.12/site-packages/airflow/example_dags/example_datasets.py took 0.612 seconds
[2025-03-17T07:13:20.505+0000] {processor.py:186} INFO - Started process (PID=1129) to work on /home/airflow/.local/lib/python3.12/site-packages/airflow/example_dags/example_datasets.py
[2025-03-17T07:13:20.506+0000] {processor.py:914} INFO - Processing file /home/airflow/.local/lib/python3.12/site-packages/airflow/example_dags/example_datasets.py for tasks to queue
[2025-03-17T07:13:20.508+0000] {logging_mixin.py:190} INFO - [2025-03-17T07:13:20.508+0000] {dagbag.py:588} INFO - Filling up the DagBag from /home/airflow/.local/lib/python3.12/site-packages/airflow/example_dags/example_datasets.py
[2025-03-17T07:13:20.979+0000] {processor.py:925} INFO - DAG(s) 'dataset_produces_1', 'consume_1_and_2_with_dataset_expressions', 'dataset_consumes_1', 'dataset_consumes_unknown_never_scheduled', 'consume_1_or_2_with_dataset_expressions', 'dataset_produces_2', 'dataset_consumes_1_never_scheduled', 'consume_1_or_both_2_and_3_with_dataset_expressions', 'dataset_consumes_1_and_2', 'conditional_dataset_and_time_based_timetable' retrieved from /home/airflow/.local/lib/python3.12/site-packages/airflow/example_dags/example_datasets.py
[2025-03-17T07:13:21.013+0000] {logging_mixin.py:190} INFO - [2025-03-17T07:13:21.012+0000] {dag.py:3239} INFO - Sync 10 DAGs
[2025-03-17T07:13:21.037+0000] {logging_mixin.py:190} INFO - [2025-03-17T07:13:21.036+0000] {dag.py:4180} INFO - Setting next_dagrun for conditional_dataset_and_time_based_timetable to 2025-03-12 01:00:00+00:00, run_after=2025-03-12 01:00:00+00:00
[2025-03-17T07:13:21.040+0000] {logging_mixin.py:190} INFO - [2025-03-17T07:13:21.040+0000] {dag.py:4180} INFO - Setting next_dagrun for consume_1_and_2_with_dataset_expressions to None, run_after=None
[2025-03-17T07:13:21.041+0000] {logging_mixin.py:190} INFO - [2025-03-17T07:13:21.041+0000] {dag.py:4180} INFO - Setting next_dagrun for consume_1_or_2_with_dataset_expressions to None, run_after=None
[2025-03-17T07:13:21.042+0000] {logging_mixin.py:190} INFO - [2025-03-17T07:13:21.042+0000] {dag.py:4180} INFO - Setting next_dagrun for consume_1_or_both_2_and_3_with_dataset_expressions to None, run_after=None
[2025-03-17T07:13:21.044+0000] {logging_mixin.py:190} INFO - [2025-03-17T07:13:21.043+0000] {dag.py:4180} INFO - Setting next_dagrun for dataset_consumes_1 to None, run_after=None
[2025-03-17T07:13:21.045+0000] {logging_mixin.py:190} INFO - [2025-03-17T07:13:21.044+0000] {dag.py:4180} INFO - Setting next_dagrun for dataset_consumes_1_and_2 to None, run_after=None
[2025-03-17T07:13:21.046+0000] {logging_mixin.py:190} INFO - [2025-03-17T07:13:21.046+0000] {dag.py:4180} INFO - Setting next_dagrun for dataset_consumes_1_never_scheduled to None, run_after=None
[2025-03-17T07:13:21.047+0000] {logging_mixin.py:190} INFO - [2025-03-17T07:13:21.047+0000] {dag.py:4180} INFO - Setting next_dagrun for dataset_consumes_unknown_never_scheduled to None, run_after=None
[2025-03-17T07:13:21.049+0000] {logging_mixin.py:190} INFO - [2025-03-17T07:13:21.049+0000] {dag.py:4180} INFO - Setting next_dagrun for dataset_produces_1 to 2025-03-16 00:00:00+00:00, run_after=2025-03-17 00:00:00+00:00
[2025-03-17T07:13:21.050+0000] {logging_mixin.py:190} INFO - [2025-03-17T07:13:21.050+0000] {dag.py:4180} INFO - Setting next_dagrun for dataset_produces_2 to None, run_after=None
[2025-03-17T07:13:21.080+0000] {processor.py:208} INFO - Processing /home/airflow/.local/lib/python3.12/site-packages/airflow/example_dags/example_datasets.py took 0.579 seconds
[2025-03-17T07:13:51.144+0000] {processor.py:186} INFO - Started process (PID=1192) to work on /home/airflow/.local/lib/python3.12/site-packages/airflow/example_dags/example_datasets.py
[2025-03-17T07:13:51.145+0000] {processor.py:914} INFO - Processing file /home/airflow/.local/lib/python3.12/site-packages/airflow/example_dags/example_datasets.py for tasks to queue
[2025-03-17T07:13:51.147+0000] {logging_mixin.py:190} INFO - [2025-03-17T07:13:51.146+0000] {dagbag.py:588} INFO - Filling up the DagBag from /home/airflow/.local/lib/python3.12/site-packages/airflow/example_dags/example_datasets.py
[2025-03-17T07:13:51.613+0000] {processor.py:925} INFO - DAG(s) 'consume_1_and_2_with_dataset_expressions', 'conditional_dataset_and_time_based_timetable', 'dataset_consumes_unknown_never_scheduled', 'dataset_produces_2', 'consume_1_or_both_2_and_3_with_dataset_expressions', 'dataset_consumes_1_and_2', 'consume_1_or_2_with_dataset_expressions', 'dataset_consumes_1_never_scheduled', 'dataset_produces_1', 'dataset_consumes_1' retrieved from /home/airflow/.local/lib/python3.12/site-packages/airflow/example_dags/example_datasets.py
[2025-03-17T07:13:51.646+0000] {logging_mixin.py:190} INFO - [2025-03-17T07:13:51.646+0000] {dag.py:3239} INFO - Sync 10 DAGs
[2025-03-17T07:13:51.667+0000] {logging_mixin.py:190} INFO - [2025-03-17T07:13:51.667+0000] {dag.py:4180} INFO - Setting next_dagrun for conditional_dataset_and_time_based_timetable to 2025-03-12 01:00:00+00:00, run_after=2025-03-12 01:00:00+00:00
[2025-03-17T07:13:51.670+0000] {logging_mixin.py:190} INFO - [2025-03-17T07:13:51.670+0000] {dag.py:4180} INFO - Setting next_dagrun for consume_1_and_2_with_dataset_expressions to None, run_after=None
[2025-03-17T07:13:51.671+0000] {logging_mixin.py:190} INFO - [2025-03-17T07:13:51.671+0000] {dag.py:4180} INFO - Setting next_dagrun for consume_1_or_2_with_dataset_expressions to None, run_after=None
[2025-03-17T07:13:51.672+0000] {logging_mixin.py:190} INFO - [2025-03-17T07:13:51.672+0000] {dag.py:4180} INFO - Setting next_dagrun for consume_1_or_both_2_and_3_with_dataset_expressions to None, run_after=None
[2025-03-17T07:13:51.673+0000] {logging_mixin.py:190} INFO - [2025-03-17T07:13:51.673+0000] {dag.py:4180} INFO - Setting next_dagrun for dataset_consumes_1 to None, run_after=None
[2025-03-17T07:13:51.674+0000] {logging_mixin.py:190} INFO - [2025-03-17T07:13:51.674+0000] {dag.py:4180} INFO - Setting next_dagrun for dataset_consumes_1_and_2 to None, run_after=None
[2025-03-17T07:13:51.675+0000] {logging_mixin.py:190} INFO - [2025-03-17T07:13:51.675+0000] {dag.py:4180} INFO - Setting next_dagrun for dataset_consumes_1_never_scheduled to None, run_after=None
[2025-03-17T07:13:51.676+0000] {logging_mixin.py:190} INFO - [2025-03-17T07:13:51.676+0000] {dag.py:4180} INFO - Setting next_dagrun for dataset_consumes_unknown_never_scheduled to None, run_after=None
[2025-03-17T07:13:51.678+0000] {logging_mixin.py:190} INFO - [2025-03-17T07:13:51.678+0000] {dag.py:4180} INFO - Setting next_dagrun for dataset_produces_1 to 2025-03-16 00:00:00+00:00, run_after=2025-03-17 00:00:00+00:00
[2025-03-17T07:13:51.679+0000] {logging_mixin.py:190} INFO - [2025-03-17T07:13:51.679+0000] {dag.py:4180} INFO - Setting next_dagrun for dataset_produces_2 to None, run_after=None
[2025-03-17T07:13:51.705+0000] {processor.py:208} INFO - Processing /home/airflow/.local/lib/python3.12/site-packages/airflow/example_dags/example_datasets.py took 0.566 seconds
[2025-03-17T07:14:21.904+0000] {processor.py:186} INFO - Started process (PID=1251) to work on /home/airflow/.local/lib/python3.12/site-packages/airflow/example_dags/example_datasets.py
[2025-03-17T07:14:21.904+0000] {processor.py:914} INFO - Processing file /home/airflow/.local/lib/python3.12/site-packages/airflow/example_dags/example_datasets.py for tasks to queue
[2025-03-17T07:14:21.906+0000] {logging_mixin.py:190} INFO - [2025-03-17T07:14:21.906+0000] {dagbag.py:588} INFO - Filling up the DagBag from /home/airflow/.local/lib/python3.12/site-packages/airflow/example_dags/example_datasets.py
[2025-03-17T07:14:22.382+0000] {processor.py:925} INFO - DAG(s) 'dataset_consumes_1', 'conditional_dataset_and_time_based_timetable', 'consume_1_or_2_with_dataset_expressions', 'dataset_produces_1', 'dataset_produces_2', 'consume_1_or_both_2_and_3_with_dataset_expressions', 'consume_1_and_2_with_dataset_expressions', 'dataset_consumes_1_never_scheduled', 'dataset_consumes_unknown_never_scheduled', 'dataset_consumes_1_and_2' retrieved from /home/airflow/.local/lib/python3.12/site-packages/airflow/example_dags/example_datasets.py
[2025-03-17T07:14:22.417+0000] {logging_mixin.py:190} INFO - [2025-03-17T07:14:22.417+0000] {dag.py:3239} INFO - Sync 10 DAGs
[2025-03-17T07:14:22.442+0000] {logging_mixin.py:190} INFO - [2025-03-17T07:14:22.442+0000] {dag.py:4180} INFO - Setting next_dagrun for conditional_dataset_and_time_based_timetable to 2025-03-12 01:00:00+00:00, run_after=2025-03-12 01:00:00+00:00
[2025-03-17T07:14:22.445+0000] {logging_mixin.py:190} INFO - [2025-03-17T07:14:22.445+0000] {dag.py:4180} INFO - Setting next_dagrun for consume_1_and_2_with_dataset_expressions to None, run_after=None
[2025-03-17T07:14:22.446+0000] {logging_mixin.py:190} INFO - [2025-03-17T07:14:22.446+0000] {dag.py:4180} INFO - Setting next_dagrun for consume_1_or_2_with_dataset_expressions to None, run_after=None
[2025-03-17T07:14:22.447+0000] {logging_mixin.py:190} INFO - [2025-03-17T07:14:22.447+0000] {dag.py:4180} INFO - Setting next_dagrun for consume_1_or_both_2_and_3_with_dataset_expressions to None, run_after=None
[2025-03-17T07:14:22.448+0000] {logging_mixin.py:190} INFO - [2025-03-17T07:14:22.448+0000] {dag.py:4180} INFO - Setting next_dagrun for dataset_consumes_1 to None, run_after=None
[2025-03-17T07:14:22.449+0000] {logging_mixin.py:190} INFO - [2025-03-17T07:14:22.449+0000] {dag.py:4180} INFO - Setting next_dagrun for dataset_consumes_1_and_2 to None, run_after=None
[2025-03-17T07:14:22.450+0000] {logging_mixin.py:190} INFO - [2025-03-17T07:14:22.450+0000] {dag.py:4180} INFO - Setting next_dagrun for dataset_consumes_1_never_scheduled to None, run_after=None
[2025-03-17T07:14:22.451+0000] {logging_mixin.py:190} INFO - [2025-03-17T07:14:22.451+0000] {dag.py:4180} INFO - Setting next_dagrun for dataset_consumes_unknown_never_scheduled to None, run_after=None
[2025-03-17T07:14:22.453+0000] {logging_mixin.py:190} INFO - [2025-03-17T07:14:22.453+0000] {dag.py:4180} INFO - Setting next_dagrun for dataset_produces_1 to 2025-03-16 00:00:00+00:00, run_after=2025-03-17 00:00:00+00:00
[2025-03-17T07:14:22.455+0000] {logging_mixin.py:190} INFO - [2025-03-17T07:14:22.455+0000] {dag.py:4180} INFO - Setting next_dagrun for dataset_produces_2 to None, run_after=None
[2025-03-17T07:14:22.483+0000] {processor.py:208} INFO - Processing /home/airflow/.local/lib/python3.12/site-packages/airflow/example_dags/example_datasets.py took 0.583 seconds
