[2025-03-17T07:05:07.558+0000] {processor.py:186} INFO - Started process (PID=117) to work on /home/airflow/.local/lib/python3.12/site-packages/airflow/example_dags/example_external_task_marker_dag.py
[2025-03-17T07:05:07.560+0000] {processor.py:914} INFO - Processing file /home/airflow/.local/lib/python3.12/site-packages/airflow/example_dags/example_external_task_marker_dag.py for tasks to queue
[2025-03-17T07:05:07.563+0000] {logging_mixin.py:190} INFO - [2025-03-17T07:05:07.562+0000] {dagbag.py:588} INFO - Filling up the DagBag from /home/airflow/.local/lib/python3.12/site-packages/airflow/example_dags/example_external_task_marker_dag.py
[2025-03-17T07:05:07.569+0000] {processor.py:925} INFO - DAG(s) 'example_external_task_marker_child', 'example_external_task_marker_parent' retrieved from /home/airflow/.local/lib/python3.12/site-packages/airflow/example_dags/example_external_task_marker_dag.py
[2025-03-17T07:05:07.588+0000] {logging_mixin.py:190} INFO - [2025-03-17T07:05:07.588+0000] {dag.py:3239} INFO - Sync 2 DAGs
[2025-03-17T07:05:07.603+0000] {logging_mixin.py:190} INFO - [2025-03-17T07:05:07.603+0000] {dag.py:4180} INFO - Setting next_dagrun for example_external_task_marker_child to None, run_after=None
[2025-03-17T07:05:07.607+0000] {logging_mixin.py:190} INFO - [2025-03-17T07:05:07.607+0000] {dag.py:4180} INFO - Setting next_dagrun for example_external_task_marker_parent to None, run_after=None
[2025-03-17T07:05:07.625+0000] {processor.py:208} INFO - Processing /home/airflow/.local/lib/python3.12/site-packages/airflow/example_dags/example_external_task_marker_dag.py took 0.072 seconds
[2025-03-17T07:05:38.343+0000] {processor.py:186} INFO - Started process (PID=200) to work on /home/airflow/.local/lib/python3.12/site-packages/airflow/example_dags/example_external_task_marker_dag.py
[2025-03-17T07:05:38.344+0000] {processor.py:914} INFO - Processing file /home/airflow/.local/lib/python3.12/site-packages/airflow/example_dags/example_external_task_marker_dag.py for tasks to queue
[2025-03-17T07:05:38.346+0000] {logging_mixin.py:190} INFO - [2025-03-17T07:05:38.346+0000] {dagbag.py:588} INFO - Filling up the DagBag from /home/airflow/.local/lib/python3.12/site-packages/airflow/example_dags/example_external_task_marker_dag.py
[2025-03-17T07:05:38.352+0000] {processor.py:925} INFO - DAG(s) 'example_external_task_marker_child', 'example_external_task_marker_parent' retrieved from /home/airflow/.local/lib/python3.12/site-packages/airflow/example_dags/example_external_task_marker_dag.py
[2025-03-17T07:05:38.370+0000] {logging_mixin.py:190} INFO - [2025-03-17T07:05:38.370+0000] {dag.py:3239} INFO - Sync 2 DAGs
[2025-03-17T07:05:38.381+0000] {logging_mixin.py:190} INFO - [2025-03-17T07:05:38.381+0000] {dag.py:4180} INFO - Setting next_dagrun for example_external_task_marker_child to None, run_after=None
[2025-03-17T07:05:38.384+0000] {logging_mixin.py:190} INFO - [2025-03-17T07:05:38.384+0000] {dag.py:4180} INFO - Setting next_dagrun for example_external_task_marker_parent to None, run_after=None
[2025-03-17T07:05:38.396+0000] {processor.py:208} INFO - Processing /home/airflow/.local/lib/python3.12/site-packages/airflow/example_dags/example_external_task_marker_dag.py took 0.058 seconds
[2025-03-17T07:06:09.116+0000] {processor.py:186} INFO - Started process (PID=263) to work on /home/airflow/.local/lib/python3.12/site-packages/airflow/example_dags/example_external_task_marker_dag.py
[2025-03-17T07:06:09.117+0000] {processor.py:914} INFO - Processing file /home/airflow/.local/lib/python3.12/site-packages/airflow/example_dags/example_external_task_marker_dag.py for tasks to queue
[2025-03-17T07:06:09.119+0000] {logging_mixin.py:190} INFO - [2025-03-17T07:06:09.118+0000] {dagbag.py:588} INFO - Filling up the DagBag from /home/airflow/.local/lib/python3.12/site-packages/airflow/example_dags/example_external_task_marker_dag.py
[2025-03-17T07:06:09.125+0000] {processor.py:925} INFO - DAG(s) 'example_external_task_marker_parent', 'example_external_task_marker_child' retrieved from /home/airflow/.local/lib/python3.12/site-packages/airflow/example_dags/example_external_task_marker_dag.py
[2025-03-17T07:06:09.143+0000] {logging_mixin.py:190} INFO - [2025-03-17T07:06:09.143+0000] {dag.py:3239} INFO - Sync 2 DAGs
[2025-03-17T07:06:09.155+0000] {logging_mixin.py:190} INFO - [2025-03-17T07:06:09.155+0000] {dag.py:4180} INFO - Setting next_dagrun for example_external_task_marker_child to None, run_after=None
[2025-03-17T07:06:09.158+0000] {logging_mixin.py:190} INFO - [2025-03-17T07:06:09.158+0000] {dag.py:4180} INFO - Setting next_dagrun for example_external_task_marker_parent to None, run_after=None
[2025-03-17T07:06:09.171+0000] {processor.py:208} INFO - Processing /home/airflow/.local/lib/python3.12/site-packages/airflow/example_dags/example_external_task_marker_dag.py took 0.059 seconds
[2025-03-17T07:06:40.053+0000] {processor.py:186} INFO - Started process (PID=326) to work on /home/airflow/.local/lib/python3.12/site-packages/airflow/example_dags/example_external_task_marker_dag.py
[2025-03-17T07:06:40.054+0000] {processor.py:914} INFO - Processing file /home/airflow/.local/lib/python3.12/site-packages/airflow/example_dags/example_external_task_marker_dag.py for tasks to queue
[2025-03-17T07:06:40.055+0000] {logging_mixin.py:190} INFO - [2025-03-17T07:06:40.055+0000] {dagbag.py:588} INFO - Filling up the DagBag from /home/airflow/.local/lib/python3.12/site-packages/airflow/example_dags/example_external_task_marker_dag.py
[2025-03-17T07:06:40.062+0000] {processor.py:925} INFO - DAG(s) 'example_external_task_marker_child', 'example_external_task_marker_parent' retrieved from /home/airflow/.local/lib/python3.12/site-packages/airflow/example_dags/example_external_task_marker_dag.py
[2025-03-17T07:06:40.081+0000] {logging_mixin.py:190} INFO - [2025-03-17T07:06:40.080+0000] {dag.py:3239} INFO - Sync 2 DAGs
[2025-03-17T07:06:40.092+0000] {logging_mixin.py:190} INFO - [2025-03-17T07:06:40.092+0000] {dag.py:4180} INFO - Setting next_dagrun for example_external_task_marker_child to None, run_after=None
[2025-03-17T07:06:40.096+0000] {logging_mixin.py:190} INFO - [2025-03-17T07:06:40.095+0000] {dag.py:4180} INFO - Setting next_dagrun for example_external_task_marker_parent to None, run_after=None
[2025-03-17T07:06:40.108+0000] {processor.py:208} INFO - Processing /home/airflow/.local/lib/python3.12/site-packages/airflow/example_dags/example_external_task_marker_dag.py took 0.059 seconds
[2025-03-17T07:07:11.153+0000] {processor.py:186} INFO - Started process (PID=389) to work on /home/airflow/.local/lib/python3.12/site-packages/airflow/example_dags/example_external_task_marker_dag.py
[2025-03-17T07:07:11.154+0000] {processor.py:914} INFO - Processing file /home/airflow/.local/lib/python3.12/site-packages/airflow/example_dags/example_external_task_marker_dag.py for tasks to queue
[2025-03-17T07:07:11.155+0000] {logging_mixin.py:190} INFO - [2025-03-17T07:07:11.155+0000] {dagbag.py:588} INFO - Filling up the DagBag from /home/airflow/.local/lib/python3.12/site-packages/airflow/example_dags/example_external_task_marker_dag.py
[2025-03-17T07:07:11.163+0000] {processor.py:925} INFO - DAG(s) 'example_external_task_marker_parent', 'example_external_task_marker_child' retrieved from /home/airflow/.local/lib/python3.12/site-packages/airflow/example_dags/example_external_task_marker_dag.py
[2025-03-17T07:07:11.183+0000] {logging_mixin.py:190} INFO - [2025-03-17T07:07:11.183+0000] {dag.py:3239} INFO - Sync 2 DAGs
[2025-03-17T07:07:11.195+0000] {logging_mixin.py:190} INFO - [2025-03-17T07:07:11.195+0000] {dag.py:4180} INFO - Setting next_dagrun for example_external_task_marker_child to None, run_after=None
[2025-03-17T07:07:11.198+0000] {logging_mixin.py:190} INFO - [2025-03-17T07:07:11.198+0000] {dag.py:4180} INFO - Setting next_dagrun for example_external_task_marker_parent to None, run_after=None
[2025-03-17T07:07:11.211+0000] {processor.py:208} INFO - Processing /home/airflow/.local/lib/python3.12/site-packages/airflow/example_dags/example_external_task_marker_dag.py took 0.063 seconds
[2025-03-17T07:07:41.954+0000] {processor.py:186} INFO - Started process (PID=452) to work on /home/airflow/.local/lib/python3.12/site-packages/airflow/example_dags/example_external_task_marker_dag.py
[2025-03-17T07:07:41.955+0000] {processor.py:914} INFO - Processing file /home/airflow/.local/lib/python3.12/site-packages/airflow/example_dags/example_external_task_marker_dag.py for tasks to queue
[2025-03-17T07:07:41.957+0000] {logging_mixin.py:190} INFO - [2025-03-17T07:07:41.957+0000] {dagbag.py:588} INFO - Filling up the DagBag from /home/airflow/.local/lib/python3.12/site-packages/airflow/example_dags/example_external_task_marker_dag.py
[2025-03-17T07:07:41.962+0000] {processor.py:925} INFO - DAG(s) 'example_external_task_marker_parent', 'example_external_task_marker_child' retrieved from /home/airflow/.local/lib/python3.12/site-packages/airflow/example_dags/example_external_task_marker_dag.py
[2025-03-17T07:07:41.980+0000] {logging_mixin.py:190} INFO - [2025-03-17T07:07:41.979+0000] {dag.py:3239} INFO - Sync 2 DAGs
[2025-03-17T07:07:41.990+0000] {logging_mixin.py:190} INFO - [2025-03-17T07:07:41.990+0000] {dag.py:4180} INFO - Setting next_dagrun for example_external_task_marker_child to None, run_after=None
[2025-03-17T07:07:41.993+0000] {logging_mixin.py:190} INFO - [2025-03-17T07:07:41.993+0000] {dag.py:4180} INFO - Setting next_dagrun for example_external_task_marker_parent to None, run_after=None
[2025-03-17T07:07:42.004+0000] {processor.py:208} INFO - Processing /home/airflow/.local/lib/python3.12/site-packages/airflow/example_dags/example_external_task_marker_dag.py took 0.055 seconds
[2025-03-17T07:08:12.882+0000] {processor.py:186} INFO - Started process (PID=515) to work on /home/airflow/.local/lib/python3.12/site-packages/airflow/example_dags/example_external_task_marker_dag.py
[2025-03-17T07:08:12.883+0000] {processor.py:914} INFO - Processing file /home/airflow/.local/lib/python3.12/site-packages/airflow/example_dags/example_external_task_marker_dag.py for tasks to queue
[2025-03-17T07:08:12.885+0000] {logging_mixin.py:190} INFO - [2025-03-17T07:08:12.884+0000] {dagbag.py:588} INFO - Filling up the DagBag from /home/airflow/.local/lib/python3.12/site-packages/airflow/example_dags/example_external_task_marker_dag.py
[2025-03-17T07:08:12.890+0000] {processor.py:925} INFO - DAG(s) 'example_external_task_marker_child', 'example_external_task_marker_parent' retrieved from /home/airflow/.local/lib/python3.12/site-packages/airflow/example_dags/example_external_task_marker_dag.py
[2025-03-17T07:08:12.908+0000] {logging_mixin.py:190} INFO - [2025-03-17T07:08:12.908+0000] {dag.py:3239} INFO - Sync 2 DAGs
[2025-03-17T07:08:12.920+0000] {logging_mixin.py:190} INFO - [2025-03-17T07:08:12.920+0000] {dag.py:4180} INFO - Setting next_dagrun for example_external_task_marker_child to None, run_after=None
[2025-03-17T07:08:12.923+0000] {logging_mixin.py:190} INFO - [2025-03-17T07:08:12.923+0000] {dag.py:4180} INFO - Setting next_dagrun for example_external_task_marker_parent to None, run_after=None
[2025-03-17T07:08:12.935+0000] {processor.py:208} INFO - Processing /home/airflow/.local/lib/python3.12/site-packages/airflow/example_dags/example_external_task_marker_dag.py took 0.057 seconds
[2025-03-17T07:08:44.385+0000] {processor.py:186} INFO - Started process (PID=578) to work on /home/airflow/.local/lib/python3.12/site-packages/airflow/example_dags/example_external_task_marker_dag.py
[2025-03-17T07:08:44.385+0000] {processor.py:914} INFO - Processing file /home/airflow/.local/lib/python3.12/site-packages/airflow/example_dags/example_external_task_marker_dag.py for tasks to queue
[2025-03-17T07:08:44.387+0000] {logging_mixin.py:190} INFO - [2025-03-17T07:08:44.387+0000] {dagbag.py:588} INFO - Filling up the DagBag from /home/airflow/.local/lib/python3.12/site-packages/airflow/example_dags/example_external_task_marker_dag.py
[2025-03-17T07:08:44.393+0000] {processor.py:925} INFO - DAG(s) 'example_external_task_marker_parent', 'example_external_task_marker_child' retrieved from /home/airflow/.local/lib/python3.12/site-packages/airflow/example_dags/example_external_task_marker_dag.py
[2025-03-17T07:08:44.410+0000] {logging_mixin.py:190} INFO - [2025-03-17T07:08:44.410+0000] {dag.py:3239} INFO - Sync 2 DAGs
[2025-03-17T07:08:44.422+0000] {logging_mixin.py:190} INFO - [2025-03-17T07:08:44.421+0000] {dag.py:4180} INFO - Setting next_dagrun for example_external_task_marker_child to None, run_after=None
[2025-03-17T07:08:44.425+0000] {logging_mixin.py:190} INFO - [2025-03-17T07:08:44.425+0000] {dag.py:4180} INFO - Setting next_dagrun for example_external_task_marker_parent to None, run_after=None
[2025-03-17T07:08:44.436+0000] {processor.py:208} INFO - Processing /home/airflow/.local/lib/python3.12/site-packages/airflow/example_dags/example_external_task_marker_dag.py took 0.055 seconds
[2025-03-17T07:09:15.026+0000] {processor.py:186} INFO - Started process (PID=641) to work on /home/airflow/.local/lib/python3.12/site-packages/airflow/example_dags/example_external_task_marker_dag.py
[2025-03-17T07:09:15.026+0000] {processor.py:914} INFO - Processing file /home/airflow/.local/lib/python3.12/site-packages/airflow/example_dags/example_external_task_marker_dag.py for tasks to queue
[2025-03-17T07:09:15.028+0000] {logging_mixin.py:190} INFO - [2025-03-17T07:09:15.028+0000] {dagbag.py:588} INFO - Filling up the DagBag from /home/airflow/.local/lib/python3.12/site-packages/airflow/example_dags/example_external_task_marker_dag.py
[2025-03-17T07:09:15.035+0000] {processor.py:925} INFO - DAG(s) 'example_external_task_marker_parent', 'example_external_task_marker_child' retrieved from /home/airflow/.local/lib/python3.12/site-packages/airflow/example_dags/example_external_task_marker_dag.py
[2025-03-17T07:09:15.053+0000] {logging_mixin.py:190} INFO - [2025-03-17T07:09:15.053+0000] {dag.py:3239} INFO - Sync 2 DAGs
[2025-03-17T07:09:15.066+0000] {logging_mixin.py:190} INFO - [2025-03-17T07:09:15.066+0000] {dag.py:4180} INFO - Setting next_dagrun for example_external_task_marker_child to None, run_after=None
[2025-03-17T07:09:15.069+0000] {logging_mixin.py:190} INFO - [2025-03-17T07:09:15.069+0000] {dag.py:4180} INFO - Setting next_dagrun for example_external_task_marker_parent to None, run_after=None
[2025-03-17T07:09:15.082+0000] {processor.py:208} INFO - Processing /home/airflow/.local/lib/python3.12/site-packages/airflow/example_dags/example_external_task_marker_dag.py took 0.060 seconds
[2025-03-17T07:09:46.201+0000] {processor.py:186} INFO - Started process (PID=704) to work on /home/airflow/.local/lib/python3.12/site-packages/airflow/example_dags/example_external_task_marker_dag.py
[2025-03-17T07:09:46.202+0000] {processor.py:914} INFO - Processing file /home/airflow/.local/lib/python3.12/site-packages/airflow/example_dags/example_external_task_marker_dag.py for tasks to queue
[2025-03-17T07:09:46.204+0000] {logging_mixin.py:190} INFO - [2025-03-17T07:09:46.203+0000] {dagbag.py:588} INFO - Filling up the DagBag from /home/airflow/.local/lib/python3.12/site-packages/airflow/example_dags/example_external_task_marker_dag.py
[2025-03-17T07:09:46.210+0000] {processor.py:925} INFO - DAG(s) 'example_external_task_marker_parent', 'example_external_task_marker_child' retrieved from /home/airflow/.local/lib/python3.12/site-packages/airflow/example_dags/example_external_task_marker_dag.py
[2025-03-17T07:09:46.228+0000] {logging_mixin.py:190} INFO - [2025-03-17T07:09:46.228+0000] {dag.py:3239} INFO - Sync 2 DAGs
[2025-03-17T07:09:46.239+0000] {logging_mixin.py:190} INFO - [2025-03-17T07:09:46.239+0000] {dag.py:4180} INFO - Setting next_dagrun for example_external_task_marker_child to None, run_after=None
[2025-03-17T07:09:46.242+0000] {logging_mixin.py:190} INFO - [2025-03-17T07:09:46.242+0000] {dag.py:4180} INFO - Setting next_dagrun for example_external_task_marker_parent to None, run_after=None
[2025-03-17T07:09:46.254+0000] {processor.py:208} INFO - Processing /home/airflow/.local/lib/python3.12/site-packages/airflow/example_dags/example_external_task_marker_dag.py took 0.057 seconds
[2025-03-17T07:10:17.067+0000] {processor.py:186} INFO - Started process (PID=767) to work on /home/airflow/.local/lib/python3.12/site-packages/airflow/example_dags/example_external_task_marker_dag.py
[2025-03-17T07:10:17.067+0000] {processor.py:914} INFO - Processing file /home/airflow/.local/lib/python3.12/site-packages/airflow/example_dags/example_external_task_marker_dag.py for tasks to queue
[2025-03-17T07:10:17.069+0000] {logging_mixin.py:190} INFO - [2025-03-17T07:10:17.069+0000] {dagbag.py:588} INFO - Filling up the DagBag from /home/airflow/.local/lib/python3.12/site-packages/airflow/example_dags/example_external_task_marker_dag.py
[2025-03-17T07:10:17.075+0000] {processor.py:925} INFO - DAG(s) 'example_external_task_marker_parent', 'example_external_task_marker_child' retrieved from /home/airflow/.local/lib/python3.12/site-packages/airflow/example_dags/example_external_task_marker_dag.py
[2025-03-17T07:10:17.092+0000] {logging_mixin.py:190} INFO - [2025-03-17T07:10:17.092+0000] {dag.py:3239} INFO - Sync 2 DAGs
[2025-03-17T07:10:17.103+0000] {logging_mixin.py:190} INFO - [2025-03-17T07:10:17.103+0000] {dag.py:4180} INFO - Setting next_dagrun for example_external_task_marker_child to None, run_after=None
[2025-03-17T07:10:17.107+0000] {logging_mixin.py:190} INFO - [2025-03-17T07:10:17.107+0000] {dag.py:4180} INFO - Setting next_dagrun for example_external_task_marker_parent to None, run_after=None
[2025-03-17T07:10:17.119+0000] {processor.py:208} INFO - Processing /home/airflow/.local/lib/python3.12/site-packages/airflow/example_dags/example_external_task_marker_dag.py took 0.056 seconds
[2025-03-17T07:10:48.520+0000] {processor.py:186} INFO - Started process (PID=836) to work on /home/airflow/.local/lib/python3.12/site-packages/airflow/example_dags/example_external_task_marker_dag.py
[2025-03-17T07:10:48.521+0000] {processor.py:914} INFO - Processing file /home/airflow/.local/lib/python3.12/site-packages/airflow/example_dags/example_external_task_marker_dag.py for tasks to queue
[2025-03-17T07:10:48.523+0000] {logging_mixin.py:190} INFO - [2025-03-17T07:10:48.522+0000] {dagbag.py:588} INFO - Filling up the DagBag from /home/airflow/.local/lib/python3.12/site-packages/airflow/example_dags/example_external_task_marker_dag.py
[2025-03-17T07:10:48.529+0000] {processor.py:925} INFO - DAG(s) 'example_external_task_marker_child', 'example_external_task_marker_parent' retrieved from /home/airflow/.local/lib/python3.12/site-packages/airflow/example_dags/example_external_task_marker_dag.py
[2025-03-17T07:10:48.546+0000] {logging_mixin.py:190} INFO - [2025-03-17T07:10:48.546+0000] {dag.py:3239} INFO - Sync 2 DAGs
[2025-03-17T07:10:48.558+0000] {logging_mixin.py:190} INFO - [2025-03-17T07:10:48.558+0000] {dag.py:4180} INFO - Setting next_dagrun for example_external_task_marker_child to None, run_after=None
[2025-03-17T07:10:48.561+0000] {logging_mixin.py:190} INFO - [2025-03-17T07:10:48.561+0000] {dag.py:4180} INFO - Setting next_dagrun for example_external_task_marker_parent to None, run_after=None
[2025-03-17T07:10:48.574+0000] {processor.py:208} INFO - Processing /home/airflow/.local/lib/python3.12/site-packages/airflow/example_dags/example_external_task_marker_dag.py took 0.059 seconds
[2025-03-17T07:11:19.160+0000] {processor.py:186} INFO - Started process (PID=899) to work on /home/airflow/.local/lib/python3.12/site-packages/airflow/example_dags/example_external_task_marker_dag.py
[2025-03-17T07:11:19.161+0000] {processor.py:914} INFO - Processing file /home/airflow/.local/lib/python3.12/site-packages/airflow/example_dags/example_external_task_marker_dag.py for tasks to queue
[2025-03-17T07:11:19.163+0000] {logging_mixin.py:190} INFO - [2025-03-17T07:11:19.162+0000] {dagbag.py:588} INFO - Filling up the DagBag from /home/airflow/.local/lib/python3.12/site-packages/airflow/example_dags/example_external_task_marker_dag.py
[2025-03-17T07:11:19.169+0000] {processor.py:925} INFO - DAG(s) 'example_external_task_marker_parent', 'example_external_task_marker_child' retrieved from /home/airflow/.local/lib/python3.12/site-packages/airflow/example_dags/example_external_task_marker_dag.py
[2025-03-17T07:11:19.186+0000] {logging_mixin.py:190} INFO - [2025-03-17T07:11:19.185+0000] {dag.py:3239} INFO - Sync 2 DAGs
[2025-03-17T07:11:19.198+0000] {logging_mixin.py:190} INFO - [2025-03-17T07:11:19.198+0000] {dag.py:4180} INFO - Setting next_dagrun for example_external_task_marker_child to None, run_after=None
[2025-03-17T07:11:19.201+0000] {logging_mixin.py:190} INFO - [2025-03-17T07:11:19.201+0000] {dag.py:4180} INFO - Setting next_dagrun for example_external_task_marker_parent to None, run_after=None
[2025-03-17T07:11:19.214+0000] {processor.py:208} INFO - Processing /home/airflow/.local/lib/python3.12/site-packages/airflow/example_dags/example_external_task_marker_dag.py took 0.057 seconds
[2025-03-17T07:11:49.892+0000] {processor.py:186} INFO - Started process (PID=962) to work on /home/airflow/.local/lib/python3.12/site-packages/airflow/example_dags/example_external_task_marker_dag.py
[2025-03-17T07:11:49.893+0000] {processor.py:914} INFO - Processing file /home/airflow/.local/lib/python3.12/site-packages/airflow/example_dags/example_external_task_marker_dag.py for tasks to queue
[2025-03-17T07:11:49.895+0000] {logging_mixin.py:190} INFO - [2025-03-17T07:11:49.895+0000] {dagbag.py:588} INFO - Filling up the DagBag from /home/airflow/.local/lib/python3.12/site-packages/airflow/example_dags/example_external_task_marker_dag.py
[2025-03-17T07:11:49.902+0000] {processor.py:925} INFO - DAG(s) 'example_external_task_marker_parent', 'example_external_task_marker_child' retrieved from /home/airflow/.local/lib/python3.12/site-packages/airflow/example_dags/example_external_task_marker_dag.py
[2025-03-17T07:11:49.919+0000] {logging_mixin.py:190} INFO - [2025-03-17T07:11:49.919+0000] {dag.py:3239} INFO - Sync 2 DAGs
[2025-03-17T07:11:49.930+0000] {logging_mixin.py:190} INFO - [2025-03-17T07:11:49.930+0000] {dag.py:4180} INFO - Setting next_dagrun for example_external_task_marker_child to None, run_after=None
[2025-03-17T07:11:49.932+0000] {logging_mixin.py:190} INFO - [2025-03-17T07:11:49.932+0000] {dag.py:4180} INFO - Setting next_dagrun for example_external_task_marker_parent to None, run_after=None
[2025-03-17T07:11:49.944+0000] {processor.py:208} INFO - Processing /home/airflow/.local/lib/python3.12/site-packages/airflow/example_dags/example_external_task_marker_dag.py took 0.056 seconds
[2025-03-17T07:12:21.166+0000] {processor.py:186} INFO - Started process (PID=1025) to work on /home/airflow/.local/lib/python3.12/site-packages/airflow/example_dags/example_external_task_marker_dag.py
[2025-03-17T07:12:21.167+0000] {processor.py:914} INFO - Processing file /home/airflow/.local/lib/python3.12/site-packages/airflow/example_dags/example_external_task_marker_dag.py for tasks to queue
[2025-03-17T07:12:21.169+0000] {logging_mixin.py:190} INFO - [2025-03-17T07:12:21.168+0000] {dagbag.py:588} INFO - Filling up the DagBag from /home/airflow/.local/lib/python3.12/site-packages/airflow/example_dags/example_external_task_marker_dag.py
[2025-03-17T07:12:21.175+0000] {processor.py:925} INFO - DAG(s) 'example_external_task_marker_child', 'example_external_task_marker_parent' retrieved from /home/airflow/.local/lib/python3.12/site-packages/airflow/example_dags/example_external_task_marker_dag.py
[2025-03-17T07:12:21.193+0000] {logging_mixin.py:190} INFO - [2025-03-17T07:12:21.193+0000] {dag.py:3239} INFO - Sync 2 DAGs
[2025-03-17T07:12:21.204+0000] {logging_mixin.py:190} INFO - [2025-03-17T07:12:21.204+0000] {dag.py:4180} INFO - Setting next_dagrun for example_external_task_marker_child to None, run_after=None
[2025-03-17T07:12:21.207+0000] {logging_mixin.py:190} INFO - [2025-03-17T07:12:21.207+0000] {dag.py:4180} INFO - Setting next_dagrun for example_external_task_marker_parent to None, run_after=None
[2025-03-17T07:12:21.220+0000] {processor.py:208} INFO - Processing /home/airflow/.local/lib/python3.12/site-packages/airflow/example_dags/example_external_task_marker_dag.py took 0.058 seconds
[2025-03-17T07:12:51.676+0000] {processor.py:186} INFO - Started process (PID=1088) to work on /home/airflow/.local/lib/python3.12/site-packages/airflow/example_dags/example_external_task_marker_dag.py
[2025-03-17T07:12:51.677+0000] {processor.py:914} INFO - Processing file /home/airflow/.local/lib/python3.12/site-packages/airflow/example_dags/example_external_task_marker_dag.py for tasks to queue
[2025-03-17T07:12:51.679+0000] {logging_mixin.py:190} INFO - [2025-03-17T07:12:51.679+0000] {dagbag.py:588} INFO - Filling up the DagBag from /home/airflow/.local/lib/python3.12/site-packages/airflow/example_dags/example_external_task_marker_dag.py
[2025-03-17T07:12:51.685+0000] {processor.py:925} INFO - DAG(s) 'example_external_task_marker_parent', 'example_external_task_marker_child' retrieved from /home/airflow/.local/lib/python3.12/site-packages/airflow/example_dags/example_external_task_marker_dag.py
[2025-03-17T07:12:51.704+0000] {logging_mixin.py:190} INFO - [2025-03-17T07:12:51.704+0000] {dag.py:3239} INFO - Sync 2 DAGs
[2025-03-17T07:12:51.718+0000] {logging_mixin.py:190} INFO - [2025-03-17T07:12:51.718+0000] {dag.py:4180} INFO - Setting next_dagrun for example_external_task_marker_child to None, run_after=None
[2025-03-17T07:12:51.721+0000] {logging_mixin.py:190} INFO - [2025-03-17T07:12:51.721+0000] {dag.py:4180} INFO - Setting next_dagrun for example_external_task_marker_parent to None, run_after=None
[2025-03-17T07:12:51.735+0000] {processor.py:208} INFO - Processing /home/airflow/.local/lib/python3.12/site-packages/airflow/example_dags/example_external_task_marker_dag.py took 0.063 seconds
[2025-03-17T07:13:22.430+0000] {processor.py:186} INFO - Started process (PID=1151) to work on /home/airflow/.local/lib/python3.12/site-packages/airflow/example_dags/example_external_task_marker_dag.py
[2025-03-17T07:13:22.430+0000] {processor.py:914} INFO - Processing file /home/airflow/.local/lib/python3.12/site-packages/airflow/example_dags/example_external_task_marker_dag.py for tasks to queue
[2025-03-17T07:13:22.432+0000] {logging_mixin.py:190} INFO - [2025-03-17T07:13:22.432+0000] {dagbag.py:588} INFO - Filling up the DagBag from /home/airflow/.local/lib/python3.12/site-packages/airflow/example_dags/example_external_task_marker_dag.py
[2025-03-17T07:13:22.438+0000] {processor.py:925} INFO - DAG(s) 'example_external_task_marker_child', 'example_external_task_marker_parent' retrieved from /home/airflow/.local/lib/python3.12/site-packages/airflow/example_dags/example_external_task_marker_dag.py
[2025-03-17T07:13:22.456+0000] {logging_mixin.py:190} INFO - [2025-03-17T07:13:22.456+0000] {dag.py:3239} INFO - Sync 2 DAGs
[2025-03-17T07:13:22.468+0000] {logging_mixin.py:190} INFO - [2025-03-17T07:13:22.468+0000] {dag.py:4180} INFO - Setting next_dagrun for example_external_task_marker_child to None, run_after=None
[2025-03-17T07:13:22.471+0000] {logging_mixin.py:190} INFO - [2025-03-17T07:13:22.471+0000] {dag.py:4180} INFO - Setting next_dagrun for example_external_task_marker_parent to None, run_after=None
[2025-03-17T07:13:22.483+0000] {processor.py:208} INFO - Processing /home/airflow/.local/lib/python3.12/site-packages/airflow/example_dags/example_external_task_marker_dag.py took 0.057 seconds
[2025-03-17T07:13:52.872+0000] {processor.py:186} INFO - Started process (PID=1214) to work on /home/airflow/.local/lib/python3.12/site-packages/airflow/example_dags/example_external_task_marker_dag.py
[2025-03-17T07:13:52.873+0000] {processor.py:914} INFO - Processing file /home/airflow/.local/lib/python3.12/site-packages/airflow/example_dags/example_external_task_marker_dag.py for tasks to queue
[2025-03-17T07:13:52.875+0000] {logging_mixin.py:190} INFO - [2025-03-17T07:13:52.874+0000] {dagbag.py:588} INFO - Filling up the DagBag from /home/airflow/.local/lib/python3.12/site-packages/airflow/example_dags/example_external_task_marker_dag.py
[2025-03-17T07:13:52.881+0000] {processor.py:925} INFO - DAG(s) 'example_external_task_marker_parent', 'example_external_task_marker_child' retrieved from /home/airflow/.local/lib/python3.12/site-packages/airflow/example_dags/example_external_task_marker_dag.py
[2025-03-17T07:13:52.897+0000] {logging_mixin.py:190} INFO - [2025-03-17T07:13:52.897+0000] {dag.py:3239} INFO - Sync 2 DAGs
[2025-03-17T07:13:52.909+0000] {logging_mixin.py:190} INFO - [2025-03-17T07:13:52.909+0000] {dag.py:4180} INFO - Setting next_dagrun for example_external_task_marker_child to None, run_after=None
[2025-03-17T07:13:52.912+0000] {logging_mixin.py:190} INFO - [2025-03-17T07:13:52.912+0000] {dag.py:4180} INFO - Setting next_dagrun for example_external_task_marker_parent to None, run_after=None
[2025-03-17T07:13:52.925+0000] {processor.py:208} INFO - Processing /home/airflow/.local/lib/python3.12/site-packages/airflow/example_dags/example_external_task_marker_dag.py took 0.056 seconds
[2025-03-17T07:14:24.574+0000] {processor.py:186} INFO - Started process (PID=1277) to work on /home/airflow/.local/lib/python3.12/site-packages/airflow/example_dags/example_external_task_marker_dag.py
[2025-03-17T07:14:24.575+0000] {processor.py:914} INFO - Processing file /home/airflow/.local/lib/python3.12/site-packages/airflow/example_dags/example_external_task_marker_dag.py for tasks to queue
[2025-03-17T07:14:24.577+0000] {logging_mixin.py:190} INFO - [2025-03-17T07:14:24.576+0000] {dagbag.py:588} INFO - Filling up the DagBag from /home/airflow/.local/lib/python3.12/site-packages/airflow/example_dags/example_external_task_marker_dag.py
[2025-03-17T07:14:24.583+0000] {processor.py:925} INFO - DAG(s) 'example_external_task_marker_child', 'example_external_task_marker_parent' retrieved from /home/airflow/.local/lib/python3.12/site-packages/airflow/example_dags/example_external_task_marker_dag.py
[2025-03-17T07:14:24.601+0000] {logging_mixin.py:190} INFO - [2025-03-17T07:14:24.601+0000] {dag.py:3239} INFO - Sync 2 DAGs
[2025-03-17T07:14:24.613+0000] {logging_mixin.py:190} INFO - [2025-03-17T07:14:24.613+0000] {dag.py:4180} INFO - Setting next_dagrun for example_external_task_marker_child to None, run_after=None
[2025-03-17T07:14:24.615+0000] {logging_mixin.py:190} INFO - [2025-03-17T07:14:24.615+0000] {dag.py:4180} INFO - Setting next_dagrun for example_external_task_marker_parent to None, run_after=None
[2025-03-17T07:14:24.628+0000] {processor.py:208} INFO - Processing /home/airflow/.local/lib/python3.12/site-packages/airflow/example_dags/example_external_task_marker_dag.py took 0.058 seconds
