[2025-03-17T07:05:05.281+0000] {processor.py:186} INFO - Started process (PID=86) to work on /home/airflow/.local/lib/python3.12/site-packages/airflow/example_dags/example_latest_only_with_trigger.py
[2025-03-17T07:05:05.282+0000] {processor.py:914} INFO - Processing file /home/airflow/.local/lib/python3.12/site-packages/airflow/example_dags/example_latest_only_with_trigger.py for tasks to queue
[2025-03-17T07:05:05.284+0000] {logging_mixin.py:190} INFO - [2025-03-17T07:05:05.284+0000] {dagbag.py:588} INFO - Filling up the DagBag from /home/airflow/.local/lib/python3.12/site-packages/airflow/example_dags/example_latest_only_with_trigger.py
[2025-03-17T07:05:05.290+0000] {processor.py:925} INFO - DAG(s) 'latest_only_with_trigger' retrieved from /home/airflow/.local/lib/python3.12/site-packages/airflow/example_dags/example_latest_only_with_trigger.py
[2025-03-17T07:05:05.309+0000] {logging_mixin.py:190} INFO - [2025-03-17T07:05:05.308+0000] {dag.py:3239} INFO - Sync 1 DAGs
[2025-03-17T07:05:05.329+0000] {logging_mixin.py:190} INFO - [2025-03-17T07:05:05.329+0000] {dag.py:4180} INFO - Setting next_dagrun for latest_only_with_trigger to 2025-03-17 00:00:00+00:00, run_after=2025-03-17 04:00:00+00:00
[2025-03-17T07:05:05.344+0000] {processor.py:208} INFO - Processing /home/airflow/.local/lib/python3.12/site-packages/airflow/example_dags/example_latest_only_with_trigger.py took 0.067 seconds
[2025-03-17T07:05:36.238+0000] {processor.py:186} INFO - Started process (PID=169) to work on /home/airflow/.local/lib/python3.12/site-packages/airflow/example_dags/example_latest_only_with_trigger.py
[2025-03-17T07:05:36.239+0000] {processor.py:914} INFO - Processing file /home/airflow/.local/lib/python3.12/site-packages/airflow/example_dags/example_latest_only_with_trigger.py for tasks to queue
[2025-03-17T07:05:36.241+0000] {logging_mixin.py:190} INFO - [2025-03-17T07:05:36.241+0000] {dagbag.py:588} INFO - Filling up the DagBag from /home/airflow/.local/lib/python3.12/site-packages/airflow/example_dags/example_latest_only_with_trigger.py
[2025-03-17T07:05:36.247+0000] {processor.py:925} INFO - DAG(s) 'latest_only_with_trigger' retrieved from /home/airflow/.local/lib/python3.12/site-packages/airflow/example_dags/example_latest_only_with_trigger.py
[2025-03-17T07:05:36.264+0000] {logging_mixin.py:190} INFO - [2025-03-17T07:05:36.264+0000] {dag.py:3239} INFO - Sync 1 DAGs
[2025-03-17T07:05:36.282+0000] {logging_mixin.py:190} INFO - [2025-03-17T07:05:36.282+0000] {dag.py:4180} INFO - Setting next_dagrun for latest_only_with_trigger to 2025-03-17 00:00:00+00:00, run_after=2025-03-17 04:00:00+00:00
[2025-03-17T07:05:36.297+0000] {processor.py:208} INFO - Processing /home/airflow/.local/lib/python3.12/site-packages/airflow/example_dags/example_latest_only_with_trigger.py took 0.063 seconds
[2025-03-17T07:06:06.805+0000] {processor.py:186} INFO - Started process (PID=231) to work on /home/airflow/.local/lib/python3.12/site-packages/airflow/example_dags/example_latest_only_with_trigger.py
[2025-03-17T07:06:06.806+0000] {processor.py:914} INFO - Processing file /home/airflow/.local/lib/python3.12/site-packages/airflow/example_dags/example_latest_only_with_trigger.py for tasks to queue
[2025-03-17T07:06:06.808+0000] {logging_mixin.py:190} INFO - [2025-03-17T07:06:06.808+0000] {dagbag.py:588} INFO - Filling up the DagBag from /home/airflow/.local/lib/python3.12/site-packages/airflow/example_dags/example_latest_only_with_trigger.py
[2025-03-17T07:06:06.815+0000] {processor.py:925} INFO - DAG(s) 'latest_only_with_trigger' retrieved from /home/airflow/.local/lib/python3.12/site-packages/airflow/example_dags/example_latest_only_with_trigger.py
[2025-03-17T07:06:06.834+0000] {logging_mixin.py:190} INFO - [2025-03-17T07:06:06.834+0000] {dag.py:3239} INFO - Sync 1 DAGs
[2025-03-17T07:06:06.854+0000] {logging_mixin.py:190} INFO - [2025-03-17T07:06:06.854+0000] {dag.py:4180} INFO - Setting next_dagrun for latest_only_with_trigger to 2025-03-17 00:00:00+00:00, run_after=2025-03-17 04:00:00+00:00
[2025-03-17T07:06:06.869+0000] {processor.py:208} INFO - Processing /home/airflow/.local/lib/python3.12/site-packages/airflow/example_dags/example_latest_only_with_trigger.py took 0.068 seconds
[2025-03-17T07:06:37.611+0000] {processor.py:186} INFO - Started process (PID=294) to work on /home/airflow/.local/lib/python3.12/site-packages/airflow/example_dags/example_latest_only_with_trigger.py
[2025-03-17T07:06:37.612+0000] {processor.py:914} INFO - Processing file /home/airflow/.local/lib/python3.12/site-packages/airflow/example_dags/example_latest_only_with_trigger.py for tasks to queue
[2025-03-17T07:06:37.613+0000] {logging_mixin.py:190} INFO - [2025-03-17T07:06:37.613+0000] {dagbag.py:588} INFO - Filling up the DagBag from /home/airflow/.local/lib/python3.12/site-packages/airflow/example_dags/example_latest_only_with_trigger.py
[2025-03-17T07:06:37.619+0000] {processor.py:925} INFO - DAG(s) 'latest_only_with_trigger' retrieved from /home/airflow/.local/lib/python3.12/site-packages/airflow/example_dags/example_latest_only_with_trigger.py
[2025-03-17T07:06:37.636+0000] {logging_mixin.py:190} INFO - [2025-03-17T07:06:37.636+0000] {dag.py:3239} INFO - Sync 1 DAGs
[2025-03-17T07:06:37.656+0000] {logging_mixin.py:190} INFO - [2025-03-17T07:06:37.655+0000] {dag.py:4180} INFO - Setting next_dagrun for latest_only_with_trigger to 2025-03-17 00:00:00+00:00, run_after=2025-03-17 04:00:00+00:00
[2025-03-17T07:06:37.669+0000] {processor.py:208} INFO - Processing /home/airflow/.local/lib/python3.12/site-packages/airflow/example_dags/example_latest_only_with_trigger.py took 0.063 seconds
[2025-03-17T07:07:08.569+0000] {processor.py:186} INFO - Started process (PID=357) to work on /home/airflow/.local/lib/python3.12/site-packages/airflow/example_dags/example_latest_only_with_trigger.py
[2025-03-17T07:07:08.570+0000] {processor.py:914} INFO - Processing file /home/airflow/.local/lib/python3.12/site-packages/airflow/example_dags/example_latest_only_with_trigger.py for tasks to queue
[2025-03-17T07:07:08.572+0000] {logging_mixin.py:190} INFO - [2025-03-17T07:07:08.571+0000] {dagbag.py:588} INFO - Filling up the DagBag from /home/airflow/.local/lib/python3.12/site-packages/airflow/example_dags/example_latest_only_with_trigger.py
[2025-03-17T07:07:08.577+0000] {processor.py:925} INFO - DAG(s) 'latest_only_with_trigger' retrieved from /home/airflow/.local/lib/python3.12/site-packages/airflow/example_dags/example_latest_only_with_trigger.py
[2025-03-17T07:07:08.594+0000] {logging_mixin.py:190} INFO - [2025-03-17T07:07:08.594+0000] {dag.py:3239} INFO - Sync 1 DAGs
[2025-03-17T07:07:08.612+0000] {logging_mixin.py:190} INFO - [2025-03-17T07:07:08.612+0000] {dag.py:4180} INFO - Setting next_dagrun for latest_only_with_trigger to 2025-03-17 00:00:00+00:00, run_after=2025-03-17 04:00:00+00:00
[2025-03-17T07:07:08.628+0000] {processor.py:208} INFO - Processing /home/airflow/.local/lib/python3.12/site-packages/airflow/example_dags/example_latest_only_with_trigger.py took 0.063 seconds
[2025-03-17T07:07:39.810+0000] {processor.py:186} INFO - Started process (PID=421) to work on /home/airflow/.local/lib/python3.12/site-packages/airflow/example_dags/example_latest_only_with_trigger.py
[2025-03-17T07:07:39.811+0000] {processor.py:914} INFO - Processing file /home/airflow/.local/lib/python3.12/site-packages/airflow/example_dags/example_latest_only_with_trigger.py for tasks to queue
[2025-03-17T07:07:39.813+0000] {logging_mixin.py:190} INFO - [2025-03-17T07:07:39.813+0000] {dagbag.py:588} INFO - Filling up the DagBag from /home/airflow/.local/lib/python3.12/site-packages/airflow/example_dags/example_latest_only_with_trigger.py
[2025-03-17T07:07:39.819+0000] {processor.py:925} INFO - DAG(s) 'latest_only_with_trigger' retrieved from /home/airflow/.local/lib/python3.12/site-packages/airflow/example_dags/example_latest_only_with_trigger.py
[2025-03-17T07:07:39.837+0000] {logging_mixin.py:190} INFO - [2025-03-17T07:07:39.837+0000] {dag.py:3239} INFO - Sync 1 DAGs
[2025-03-17T07:07:39.856+0000] {logging_mixin.py:190} INFO - [2025-03-17T07:07:39.856+0000] {dag.py:4180} INFO - Setting next_dagrun for latest_only_with_trigger to 2025-03-17 00:00:00+00:00, run_after=2025-03-17 04:00:00+00:00
[2025-03-17T07:07:39.871+0000] {processor.py:208} INFO - Processing /home/airflow/.local/lib/python3.12/site-packages/airflow/example_dags/example_latest_only_with_trigger.py took 0.066 seconds
[2025-03-17T07:08:10.544+0000] {processor.py:186} INFO - Started process (PID=483) to work on /home/airflow/.local/lib/python3.12/site-packages/airflow/example_dags/example_latest_only_with_trigger.py
[2025-03-17T07:08:10.545+0000] {processor.py:914} INFO - Processing file /home/airflow/.local/lib/python3.12/site-packages/airflow/example_dags/example_latest_only_with_trigger.py for tasks to queue
[2025-03-17T07:08:10.547+0000] {logging_mixin.py:190} INFO - [2025-03-17T07:08:10.546+0000] {dagbag.py:588} INFO - Filling up the DagBag from /home/airflow/.local/lib/python3.12/site-packages/airflow/example_dags/example_latest_only_with_trigger.py
[2025-03-17T07:08:10.553+0000] {processor.py:925} INFO - DAG(s) 'latest_only_with_trigger' retrieved from /home/airflow/.local/lib/python3.12/site-packages/airflow/example_dags/example_latest_only_with_trigger.py
[2025-03-17T07:08:10.570+0000] {logging_mixin.py:190} INFO - [2025-03-17T07:08:10.570+0000] {dag.py:3239} INFO - Sync 1 DAGs
[2025-03-17T07:08:10.590+0000] {logging_mixin.py:190} INFO - [2025-03-17T07:08:10.590+0000] {dag.py:4180} INFO - Setting next_dagrun for latest_only_with_trigger to 2025-03-17 00:00:00+00:00, run_after=2025-03-17 04:00:00+00:00
[2025-03-17T07:08:10.603+0000] {processor.py:208} INFO - Processing /home/airflow/.local/lib/python3.12/site-packages/airflow/example_dags/example_latest_only_with_trigger.py took 0.063 seconds
[2025-03-17T07:08:42.105+0000] {processor.py:186} INFO - Started process (PID=546) to work on /home/airflow/.local/lib/python3.12/site-packages/airflow/example_dags/example_latest_only_with_trigger.py
[2025-03-17T07:08:42.106+0000] {processor.py:914} INFO - Processing file /home/airflow/.local/lib/python3.12/site-packages/airflow/example_dags/example_latest_only_with_trigger.py for tasks to queue
[2025-03-17T07:08:42.108+0000] {logging_mixin.py:190} INFO - [2025-03-17T07:08:42.108+0000] {dagbag.py:588} INFO - Filling up the DagBag from /home/airflow/.local/lib/python3.12/site-packages/airflow/example_dags/example_latest_only_with_trigger.py
[2025-03-17T07:08:42.114+0000] {processor.py:925} INFO - DAG(s) 'latest_only_with_trigger' retrieved from /home/airflow/.local/lib/python3.12/site-packages/airflow/example_dags/example_latest_only_with_trigger.py
[2025-03-17T07:08:42.129+0000] {logging_mixin.py:190} INFO - [2025-03-17T07:08:42.129+0000] {dag.py:3239} INFO - Sync 1 DAGs
[2025-03-17T07:08:42.147+0000] {logging_mixin.py:190} INFO - [2025-03-17T07:08:42.147+0000] {dag.py:4180} INFO - Setting next_dagrun for latest_only_with_trigger to 2025-03-17 00:00:00+00:00, run_after=2025-03-17 04:00:00+00:00
[2025-03-17T07:08:42.160+0000] {processor.py:208} INFO - Processing /home/airflow/.local/lib/python3.12/site-packages/airflow/example_dags/example_latest_only_with_trigger.py took 0.060 seconds
[2025-03-17T07:09:12.814+0000] {processor.py:186} INFO - Started process (PID=609) to work on /home/airflow/.local/lib/python3.12/site-packages/airflow/example_dags/example_latest_only_with_trigger.py
[2025-03-17T07:09:12.815+0000] {processor.py:914} INFO - Processing file /home/airflow/.local/lib/python3.12/site-packages/airflow/example_dags/example_latest_only_with_trigger.py for tasks to queue
[2025-03-17T07:09:12.817+0000] {logging_mixin.py:190} INFO - [2025-03-17T07:09:12.816+0000] {dagbag.py:588} INFO - Filling up the DagBag from /home/airflow/.local/lib/python3.12/site-packages/airflow/example_dags/example_latest_only_with_trigger.py
[2025-03-17T07:09:12.822+0000] {processor.py:925} INFO - DAG(s) 'latest_only_with_trigger' retrieved from /home/airflow/.local/lib/python3.12/site-packages/airflow/example_dags/example_latest_only_with_trigger.py
[2025-03-17T07:09:12.837+0000] {logging_mixin.py:190} INFO - [2025-03-17T07:09:12.837+0000] {dag.py:3239} INFO - Sync 1 DAGs
[2025-03-17T07:09:12.855+0000] {logging_mixin.py:190} INFO - [2025-03-17T07:09:12.855+0000] {dag.py:4180} INFO - Setting next_dagrun for latest_only_with_trigger to 2025-03-17 00:00:00+00:00, run_after=2025-03-17 04:00:00+00:00
[2025-03-17T07:09:12.868+0000] {processor.py:208} INFO - Processing /home/airflow/.local/lib/python3.12/site-packages/airflow/example_dags/example_latest_only_with_trigger.py took 0.058 seconds
[2025-03-17T07:09:43.718+0000] {processor.py:186} INFO - Started process (PID=672) to work on /home/airflow/.local/lib/python3.12/site-packages/airflow/example_dags/example_latest_only_with_trigger.py
[2025-03-17T07:09:43.718+0000] {processor.py:914} INFO - Processing file /home/airflow/.local/lib/python3.12/site-packages/airflow/example_dags/example_latest_only_with_trigger.py for tasks to queue
[2025-03-17T07:09:43.720+0000] {logging_mixin.py:190} INFO - [2025-03-17T07:09:43.720+0000] {dagbag.py:588} INFO - Filling up the DagBag from /home/airflow/.local/lib/python3.12/site-packages/airflow/example_dags/example_latest_only_with_trigger.py
[2025-03-17T07:09:43.726+0000] {processor.py:925} INFO - DAG(s) 'latest_only_with_trigger' retrieved from /home/airflow/.local/lib/python3.12/site-packages/airflow/example_dags/example_latest_only_with_trigger.py
[2025-03-17T07:09:43.741+0000] {logging_mixin.py:190} INFO - [2025-03-17T07:09:43.741+0000] {dag.py:3239} INFO - Sync 1 DAGs
[2025-03-17T07:09:43.758+0000] {logging_mixin.py:190} INFO - [2025-03-17T07:09:43.758+0000] {dag.py:4180} INFO - Setting next_dagrun for latest_only_with_trigger to 2025-03-17 00:00:00+00:00, run_after=2025-03-17 04:00:00+00:00
[2025-03-17T07:09:43.771+0000] {processor.py:208} INFO - Processing /home/airflow/.local/lib/python3.12/site-packages/airflow/example_dags/example_latest_only_with_trigger.py took 0.057 seconds
[2025-03-17T07:10:15.042+0000] {processor.py:186} INFO - Started process (PID=736) to work on /home/airflow/.local/lib/python3.12/site-packages/airflow/example_dags/example_latest_only_with_trigger.py
[2025-03-17T07:10:15.043+0000] {processor.py:914} INFO - Processing file /home/airflow/.local/lib/python3.12/site-packages/airflow/example_dags/example_latest_only_with_trigger.py for tasks to queue
[2025-03-17T07:10:15.045+0000] {logging_mixin.py:190} INFO - [2025-03-17T07:10:15.045+0000] {dagbag.py:588} INFO - Filling up the DagBag from /home/airflow/.local/lib/python3.12/site-packages/airflow/example_dags/example_latest_only_with_trigger.py
[2025-03-17T07:10:15.051+0000] {processor.py:925} INFO - DAG(s) 'latest_only_with_trigger' retrieved from /home/airflow/.local/lib/python3.12/site-packages/airflow/example_dags/example_latest_only_with_trigger.py
[2025-03-17T07:10:15.069+0000] {logging_mixin.py:190} INFO - [2025-03-17T07:10:15.068+0000] {dag.py:3239} INFO - Sync 1 DAGs
[2025-03-17T07:10:15.087+0000] {logging_mixin.py:190} INFO - [2025-03-17T07:10:15.087+0000] {dag.py:4180} INFO - Setting next_dagrun for latest_only_with_trigger to 2025-03-17 00:00:00+00:00, run_after=2025-03-17 04:00:00+00:00
[2025-03-17T07:10:15.102+0000] {processor.py:208} INFO - Processing /home/airflow/.local/lib/python3.12/site-packages/airflow/example_dags/example_latest_only_with_trigger.py took 0.065 seconds
[2025-03-17T07:10:45.630+0000] {processor.py:186} INFO - Started process (PID=798) to work on /home/airflow/.local/lib/python3.12/site-packages/airflow/example_dags/example_latest_only_with_trigger.py
[2025-03-17T07:10:45.631+0000] {processor.py:914} INFO - Processing file /home/airflow/.local/lib/python3.12/site-packages/airflow/example_dags/example_latest_only_with_trigger.py for tasks to queue
[2025-03-17T07:10:45.633+0000] {logging_mixin.py:190} INFO - [2025-03-17T07:10:45.632+0000] {dagbag.py:588} INFO - Filling up the DagBag from /home/airflow/.local/lib/python3.12/site-packages/airflow/example_dags/example_latest_only_with_trigger.py
[2025-03-17T07:10:45.639+0000] {processor.py:925} INFO - DAG(s) 'latest_only_with_trigger' retrieved from /home/airflow/.local/lib/python3.12/site-packages/airflow/example_dags/example_latest_only_with_trigger.py
[2025-03-17T07:10:45.654+0000] {logging_mixin.py:190} INFO - [2025-03-17T07:10:45.654+0000] {dag.py:3239} INFO - Sync 1 DAGs
[2025-03-17T07:10:45.674+0000] {logging_mixin.py:190} INFO - [2025-03-17T07:10:45.673+0000] {dag.py:4180} INFO - Setting next_dagrun for latest_only_with_trigger to 2025-03-17 00:00:00+00:00, run_after=2025-03-17 04:00:00+00:00
[2025-03-17T07:10:45.688+0000] {processor.py:208} INFO - Processing /home/airflow/.local/lib/python3.12/site-packages/airflow/example_dags/example_latest_only_with_trigger.py took 0.062 seconds
[2025-03-17T07:11:16.113+0000] {processor.py:186} INFO - Started process (PID=861) to work on /home/airflow/.local/lib/python3.12/site-packages/airflow/example_dags/example_latest_only_with_trigger.py
[2025-03-17T07:11:16.114+0000] {processor.py:914} INFO - Processing file /home/airflow/.local/lib/python3.12/site-packages/airflow/example_dags/example_latest_only_with_trigger.py for tasks to queue
[2025-03-17T07:11:16.116+0000] {logging_mixin.py:190} INFO - [2025-03-17T07:11:16.116+0000] {dagbag.py:588} INFO - Filling up the DagBag from /home/airflow/.local/lib/python3.12/site-packages/airflow/example_dags/example_latest_only_with_trigger.py
[2025-03-17T07:11:16.122+0000] {processor.py:925} INFO - DAG(s) 'latest_only_with_trigger' retrieved from /home/airflow/.local/lib/python3.12/site-packages/airflow/example_dags/example_latest_only_with_trigger.py
[2025-03-17T07:11:16.138+0000] {logging_mixin.py:190} INFO - [2025-03-17T07:11:16.138+0000] {dag.py:3239} INFO - Sync 1 DAGs
[2025-03-17T07:11:16.157+0000] {logging_mixin.py:190} INFO - [2025-03-17T07:11:16.157+0000] {dag.py:4180} INFO - Setting next_dagrun for latest_only_with_trigger to 2025-03-17 00:00:00+00:00, run_after=2025-03-17 04:00:00+00:00
[2025-03-17T07:11:16.172+0000] {processor.py:208} INFO - Processing /home/airflow/.local/lib/python3.12/site-packages/airflow/example_dags/example_latest_only_with_trigger.py took 0.063 seconds
[2025-03-17T07:11:47.682+0000] {processor.py:186} INFO - Started process (PID=930) to work on /home/airflow/.local/lib/python3.12/site-packages/airflow/example_dags/example_latest_only_with_trigger.py
[2025-03-17T07:11:47.683+0000] {processor.py:914} INFO - Processing file /home/airflow/.local/lib/python3.12/site-packages/airflow/example_dags/example_latest_only_with_trigger.py for tasks to queue
[2025-03-17T07:11:47.685+0000] {logging_mixin.py:190} INFO - [2025-03-17T07:11:47.685+0000] {dagbag.py:588} INFO - Filling up the DagBag from /home/airflow/.local/lib/python3.12/site-packages/airflow/example_dags/example_latest_only_with_trigger.py
[2025-03-17T07:11:47.691+0000] {processor.py:925} INFO - DAG(s) 'latest_only_with_trigger' retrieved from /home/airflow/.local/lib/python3.12/site-packages/airflow/example_dags/example_latest_only_with_trigger.py
[2025-03-17T07:11:47.706+0000] {logging_mixin.py:190} INFO - [2025-03-17T07:11:47.706+0000] {dag.py:3239} INFO - Sync 1 DAGs
[2025-03-17T07:11:47.723+0000] {logging_mixin.py:190} INFO - [2025-03-17T07:11:47.723+0000] {dag.py:4180} INFO - Setting next_dagrun for latest_only_with_trigger to 2025-03-17 00:00:00+00:00, run_after=2025-03-17 04:00:00+00:00
[2025-03-17T07:11:47.736+0000] {processor.py:208} INFO - Processing /home/airflow/.local/lib/python3.12/site-packages/airflow/example_dags/example_latest_only_with_trigger.py took 0.058 seconds
[2025-03-17T07:12:18.478+0000] {processor.py:186} INFO - Started process (PID=993) to work on /home/airflow/.local/lib/python3.12/site-packages/airflow/example_dags/example_latest_only_with_trigger.py
[2025-03-17T07:12:18.479+0000] {processor.py:914} INFO - Processing file /home/airflow/.local/lib/python3.12/site-packages/airflow/example_dags/example_latest_only_with_trigger.py for tasks to queue
[2025-03-17T07:12:18.480+0000] {logging_mixin.py:190} INFO - [2025-03-17T07:12:18.480+0000] {dagbag.py:588} INFO - Filling up the DagBag from /home/airflow/.local/lib/python3.12/site-packages/airflow/example_dags/example_latest_only_with_trigger.py
[2025-03-17T07:12:18.487+0000] {processor.py:925} INFO - DAG(s) 'latest_only_with_trigger' retrieved from /home/airflow/.local/lib/python3.12/site-packages/airflow/example_dags/example_latest_only_with_trigger.py
[2025-03-17T07:12:18.503+0000] {logging_mixin.py:190} INFO - [2025-03-17T07:12:18.502+0000] {dag.py:3239} INFO - Sync 1 DAGs
[2025-03-17T07:12:18.520+0000] {logging_mixin.py:190} INFO - [2025-03-17T07:12:18.519+0000] {dag.py:4180} INFO - Setting next_dagrun for latest_only_with_trigger to 2025-03-17 00:00:00+00:00, run_after=2025-03-17 04:00:00+00:00
[2025-03-17T07:12:18.533+0000] {processor.py:208} INFO - Processing /home/airflow/.local/lib/python3.12/site-packages/airflow/example_dags/example_latest_only_with_trigger.py took 0.059 seconds
[2025-03-17T07:12:49.403+0000] {processor.py:186} INFO - Started process (PID=1056) to work on /home/airflow/.local/lib/python3.12/site-packages/airflow/example_dags/example_latest_only_with_trigger.py
[2025-03-17T07:12:49.404+0000] {processor.py:914} INFO - Processing file /home/airflow/.local/lib/python3.12/site-packages/airflow/example_dags/example_latest_only_with_trigger.py for tasks to queue
[2025-03-17T07:12:49.406+0000] {logging_mixin.py:190} INFO - [2025-03-17T07:12:49.406+0000] {dagbag.py:588} INFO - Filling up the DagBag from /home/airflow/.local/lib/python3.12/site-packages/airflow/example_dags/example_latest_only_with_trigger.py
[2025-03-17T07:12:49.411+0000] {processor.py:925} INFO - DAG(s) 'latest_only_with_trigger' retrieved from /home/airflow/.local/lib/python3.12/site-packages/airflow/example_dags/example_latest_only_with_trigger.py
[2025-03-17T07:12:49.427+0000] {logging_mixin.py:190} INFO - [2025-03-17T07:12:49.427+0000] {dag.py:3239} INFO - Sync 1 DAGs
[2025-03-17T07:12:49.445+0000] {logging_mixin.py:190} INFO - [2025-03-17T07:12:49.445+0000] {dag.py:4180} INFO - Setting next_dagrun for latest_only_with_trigger to 2025-03-17 00:00:00+00:00, run_after=2025-03-17 04:00:00+00:00
[2025-03-17T07:12:49.459+0000] {processor.py:208} INFO - Processing /home/airflow/.local/lib/python3.12/site-packages/airflow/example_dags/example_latest_only_with_trigger.py took 0.060 seconds
[2025-03-17T07:13:20.087+0000] {processor.py:186} INFO - Started process (PID=1119) to work on /home/airflow/.local/lib/python3.12/site-packages/airflow/example_dags/example_latest_only_with_trigger.py
[2025-03-17T07:13:20.088+0000] {processor.py:914} INFO - Processing file /home/airflow/.local/lib/python3.12/site-packages/airflow/example_dags/example_latest_only_with_trigger.py for tasks to queue
[2025-03-17T07:13:20.090+0000] {logging_mixin.py:190} INFO - [2025-03-17T07:13:20.089+0000] {dagbag.py:588} INFO - Filling up the DagBag from /home/airflow/.local/lib/python3.12/site-packages/airflow/example_dags/example_latest_only_with_trigger.py
[2025-03-17T07:13:20.096+0000] {processor.py:925} INFO - DAG(s) 'latest_only_with_trigger' retrieved from /home/airflow/.local/lib/python3.12/site-packages/airflow/example_dags/example_latest_only_with_trigger.py
[2025-03-17T07:13:20.111+0000] {logging_mixin.py:190} INFO - [2025-03-17T07:13:20.111+0000] {dag.py:3239} INFO - Sync 1 DAGs
[2025-03-17T07:13:20.129+0000] {logging_mixin.py:190} INFO - [2025-03-17T07:13:20.129+0000] {dag.py:4180} INFO - Setting next_dagrun for latest_only_with_trigger to 2025-03-17 00:00:00+00:00, run_after=2025-03-17 04:00:00+00:00
[2025-03-17T07:13:20.143+0000] {processor.py:208} INFO - Processing /home/airflow/.local/lib/python3.12/site-packages/airflow/example_dags/example_latest_only_with_trigger.py took 0.060 seconds
[2025-03-17T07:13:50.725+0000] {processor.py:186} INFO - Started process (PID=1182) to work on /home/airflow/.local/lib/python3.12/site-packages/airflow/example_dags/example_latest_only_with_trigger.py
[2025-03-17T07:13:50.726+0000] {processor.py:914} INFO - Processing file /home/airflow/.local/lib/python3.12/site-packages/airflow/example_dags/example_latest_only_with_trigger.py for tasks to queue
[2025-03-17T07:13:50.727+0000] {logging_mixin.py:190} INFO - [2025-03-17T07:13:50.727+0000] {dagbag.py:588} INFO - Filling up the DagBag from /home/airflow/.local/lib/python3.12/site-packages/airflow/example_dags/example_latest_only_with_trigger.py
[2025-03-17T07:13:50.733+0000] {processor.py:925} INFO - DAG(s) 'latest_only_with_trigger' retrieved from /home/airflow/.local/lib/python3.12/site-packages/airflow/example_dags/example_latest_only_with_trigger.py
[2025-03-17T07:13:50.749+0000] {logging_mixin.py:190} INFO - [2025-03-17T07:13:50.749+0000] {dag.py:3239} INFO - Sync 1 DAGs
[2025-03-17T07:13:50.767+0000] {logging_mixin.py:190} INFO - [2025-03-17T07:13:50.766+0000] {dag.py:4180} INFO - Setting next_dagrun for latest_only_with_trigger to 2025-03-17 00:00:00+00:00, run_after=2025-03-17 04:00:00+00:00
[2025-03-17T07:13:50.781+0000] {processor.py:208} INFO - Processing /home/airflow/.local/lib/python3.12/site-packages/airflow/example_dags/example_latest_only_with_trigger.py took 0.060 seconds
[2025-03-17T07:14:21.569+0000] {processor.py:186} INFO - Started process (PID=1245) to work on /home/airflow/.local/lib/python3.12/site-packages/airflow/example_dags/example_latest_only_with_trigger.py
[2025-03-17T07:14:21.570+0000] {processor.py:914} INFO - Processing file /home/airflow/.local/lib/python3.12/site-packages/airflow/example_dags/example_latest_only_with_trigger.py for tasks to queue
[2025-03-17T07:14:21.572+0000] {logging_mixin.py:190} INFO - [2025-03-17T07:14:21.572+0000] {dagbag.py:588} INFO - Filling up the DagBag from /home/airflow/.local/lib/python3.12/site-packages/airflow/example_dags/example_latest_only_with_trigger.py
[2025-03-17T07:14:21.578+0000] {processor.py:925} INFO - DAG(s) 'latest_only_with_trigger' retrieved from /home/airflow/.local/lib/python3.12/site-packages/airflow/example_dags/example_latest_only_with_trigger.py
[2025-03-17T07:14:21.594+0000] {logging_mixin.py:190} INFO - [2025-03-17T07:14:21.594+0000] {dag.py:3239} INFO - Sync 1 DAGs
[2025-03-17T07:14:21.612+0000] {logging_mixin.py:190} INFO - [2025-03-17T07:14:21.612+0000] {dag.py:4180} INFO - Setting next_dagrun for latest_only_with_trigger to 2025-03-17 00:00:00+00:00, run_after=2025-03-17 04:00:00+00:00
[2025-03-17T07:14:21.625+0000] {processor.py:208} INFO - Processing /home/airflow/.local/lib/python3.12/site-packages/airflow/example_dags/example_latest_only_with_trigger.py took 0.060 seconds
