[2025-03-17T07:05:05.407+0000] {processor.py:186} INFO - Started process (PID=89) to work on /home/airflow/.local/lib/python3.12/site-packages/airflow/example_dags/example_latest_only.py
[2025-03-17T07:05:05.407+0000] {processor.py:914} INFO - Processing file /home/airflow/.local/lib/python3.12/site-packages/airflow/example_dags/example_latest_only.py for tasks to queue
[2025-03-17T07:05:05.409+0000] {logging_mixin.py:190} INFO - [2025-03-17T07:05:05.409+0000] {dagbag.py:588} INFO - Filling up the DagBag from /home/airflow/.local/lib/python3.12/site-packages/airflow/example_dags/example_latest_only.py
[2025-03-17T07:05:05.415+0000] {processor.py:925} INFO - DAG(s) 'latest_only' retrieved from /home/airflow/.local/lib/python3.12/site-packages/airflow/example_dags/example_latest_only.py
[2025-03-17T07:05:05.431+0000] {logging_mixin.py:190} INFO - [2025-03-17T07:05:05.431+0000] {dag.py:3239} INFO - Sync 1 DAGs
[2025-03-17T07:05:05.452+0000] {logging_mixin.py:190} INFO - [2025-03-17T07:05:05.451+0000] {dag.py:4180} INFO - Setting next_dagrun for latest_only to 2025-03-17 00:00:00+00:00, run_after=2025-03-17 04:00:00+00:00
[2025-03-17T07:05:05.467+0000] {processor.py:208} INFO - Processing /home/airflow/.local/lib/python3.12/site-packages/airflow/example_dags/example_latest_only.py took 0.065 seconds
[2025-03-17T07:05:36.436+0000] {processor.py:186} INFO - Started process (PID=172) to work on /home/airflow/.local/lib/python3.12/site-packages/airflow/example_dags/example_latest_only.py
[2025-03-17T07:05:36.437+0000] {processor.py:914} INFO - Processing file /home/airflow/.local/lib/python3.12/site-packages/airflow/example_dags/example_latest_only.py for tasks to queue
[2025-03-17T07:05:36.439+0000] {logging_mixin.py:190} INFO - [2025-03-17T07:05:36.439+0000] {dagbag.py:588} INFO - Filling up the DagBag from /home/airflow/.local/lib/python3.12/site-packages/airflow/example_dags/example_latest_only.py
[2025-03-17T07:05:36.445+0000] {processor.py:925} INFO - DAG(s) 'latest_only' retrieved from /home/airflow/.local/lib/python3.12/site-packages/airflow/example_dags/example_latest_only.py
[2025-03-17T07:05:36.460+0000] {logging_mixin.py:190} INFO - [2025-03-17T07:05:36.460+0000] {dag.py:3239} INFO - Sync 1 DAGs
[2025-03-17T07:05:36.480+0000] {logging_mixin.py:190} INFO - [2025-03-17T07:05:36.480+0000] {dag.py:4180} INFO - Setting next_dagrun for latest_only to 2025-03-17 00:00:00+00:00, run_after=2025-03-17 04:00:00+00:00
[2025-03-17T07:05:36.494+0000] {processor.py:208} INFO - Processing /home/airflow/.local/lib/python3.12/site-packages/airflow/example_dags/example_latest_only.py took 0.062 seconds
[2025-03-17T07:06:07.006+0000] {processor.py:186} INFO - Started process (PID=235) to work on /home/airflow/.local/lib/python3.12/site-packages/airflow/example_dags/example_latest_only.py
[2025-03-17T07:06:07.007+0000] {processor.py:914} INFO - Processing file /home/airflow/.local/lib/python3.12/site-packages/airflow/example_dags/example_latest_only.py for tasks to queue
[2025-03-17T07:06:07.008+0000] {logging_mixin.py:190} INFO - [2025-03-17T07:06:07.008+0000] {dagbag.py:588} INFO - Filling up the DagBag from /home/airflow/.local/lib/python3.12/site-packages/airflow/example_dags/example_latest_only.py
[2025-03-17T07:06:07.014+0000] {processor.py:925} INFO - DAG(s) 'latest_only' retrieved from /home/airflow/.local/lib/python3.12/site-packages/airflow/example_dags/example_latest_only.py
[2025-03-17T07:06:07.029+0000] {logging_mixin.py:190} INFO - [2025-03-17T07:06:07.029+0000] {dag.py:3239} INFO - Sync 1 DAGs
[2025-03-17T07:06:07.048+0000] {logging_mixin.py:190} INFO - [2025-03-17T07:06:07.048+0000] {dag.py:4180} INFO - Setting next_dagrun for latest_only to 2025-03-17 00:00:00+00:00, run_after=2025-03-17 04:00:00+00:00
[2025-03-17T07:06:07.061+0000] {processor.py:208} INFO - Processing /home/airflow/.local/lib/python3.12/site-packages/airflow/example_dags/example_latest_only.py took 0.059 seconds
[2025-03-17T07:06:37.728+0000] {processor.py:186} INFO - Started process (PID=297) to work on /home/airflow/.local/lib/python3.12/site-packages/airflow/example_dags/example_latest_only.py
[2025-03-17T07:06:37.729+0000] {processor.py:914} INFO - Processing file /home/airflow/.local/lib/python3.12/site-packages/airflow/example_dags/example_latest_only.py for tasks to queue
[2025-03-17T07:06:37.731+0000] {logging_mixin.py:190} INFO - [2025-03-17T07:06:37.731+0000] {dagbag.py:588} INFO - Filling up the DagBag from /home/airflow/.local/lib/python3.12/site-packages/airflow/example_dags/example_latest_only.py
[2025-03-17T07:06:37.736+0000] {processor.py:925} INFO - DAG(s) 'latest_only' retrieved from /home/airflow/.local/lib/python3.12/site-packages/airflow/example_dags/example_latest_only.py
[2025-03-17T07:06:37.752+0000] {logging_mixin.py:190} INFO - [2025-03-17T07:06:37.752+0000] {dag.py:3239} INFO - Sync 1 DAGs
[2025-03-17T07:06:37.771+0000] {logging_mixin.py:190} INFO - [2025-03-17T07:06:37.771+0000] {dag.py:4180} INFO - Setting next_dagrun for latest_only to 2025-03-17 00:00:00+00:00, run_after=2025-03-17 04:00:00+00:00
[2025-03-17T07:06:37.785+0000] {processor.py:208} INFO - Processing /home/airflow/.local/lib/python3.12/site-packages/airflow/example_dags/example_latest_only.py took 0.061 seconds
[2025-03-17T07:07:08.692+0000] {processor.py:186} INFO - Started process (PID=360) to work on /home/airflow/.local/lib/python3.12/site-packages/airflow/example_dags/example_latest_only.py
[2025-03-17T07:07:08.693+0000] {processor.py:914} INFO - Processing file /home/airflow/.local/lib/python3.12/site-packages/airflow/example_dags/example_latest_only.py for tasks to queue
[2025-03-17T07:07:08.695+0000] {logging_mixin.py:190} INFO - [2025-03-17T07:07:08.695+0000] {dagbag.py:588} INFO - Filling up the DagBag from /home/airflow/.local/lib/python3.12/site-packages/airflow/example_dags/example_latest_only.py
[2025-03-17T07:07:08.701+0000] {processor.py:925} INFO - DAG(s) 'latest_only' retrieved from /home/airflow/.local/lib/python3.12/site-packages/airflow/example_dags/example_latest_only.py
[2025-03-17T07:07:08.716+0000] {logging_mixin.py:190} INFO - [2025-03-17T07:07:08.716+0000] {dag.py:3239} INFO - Sync 1 DAGs
[2025-03-17T07:07:08.735+0000] {logging_mixin.py:190} INFO - [2025-03-17T07:07:08.735+0000] {dag.py:4180} INFO - Setting next_dagrun for latest_only to 2025-03-17 00:00:00+00:00, run_after=2025-03-17 04:00:00+00:00
[2025-03-17T07:07:08.749+0000] {processor.py:208} INFO - Processing /home/airflow/.local/lib/python3.12/site-packages/airflow/example_dags/example_latest_only.py took 0.062 seconds
[2025-03-17T07:07:40.073+0000] {processor.py:186} INFO - Started process (PID=424) to work on /home/airflow/.local/lib/python3.12/site-packages/airflow/example_dags/example_latest_only.py
[2025-03-17T07:07:40.073+0000] {processor.py:914} INFO - Processing file /home/airflow/.local/lib/python3.12/site-packages/airflow/example_dags/example_latest_only.py for tasks to queue
[2025-03-17T07:07:40.076+0000] {logging_mixin.py:190} INFO - [2025-03-17T07:07:40.075+0000] {dagbag.py:588} INFO - Filling up the DagBag from /home/airflow/.local/lib/python3.12/site-packages/airflow/example_dags/example_latest_only.py
[2025-03-17T07:07:40.082+0000] {processor.py:925} INFO - DAG(s) 'latest_only' retrieved from /home/airflow/.local/lib/python3.12/site-packages/airflow/example_dags/example_latest_only.py
[2025-03-17T07:07:40.097+0000] {logging_mixin.py:190} INFO - [2025-03-17T07:07:40.097+0000] {dag.py:3239} INFO - Sync 1 DAGs
[2025-03-17T07:07:40.115+0000] {logging_mixin.py:190} INFO - [2025-03-17T07:07:40.115+0000] {dag.py:4180} INFO - Setting next_dagrun for latest_only to 2025-03-17 00:00:00+00:00, run_after=2025-03-17 04:00:00+00:00
[2025-03-17T07:07:40.128+0000] {processor.py:208} INFO - Processing /home/airflow/.local/lib/python3.12/site-packages/airflow/example_dags/example_latest_only.py took 0.060 seconds
[2025-03-17T07:08:10.653+0000] {processor.py:186} INFO - Started process (PID=486) to work on /home/airflow/.local/lib/python3.12/site-packages/airflow/example_dags/example_latest_only.py
[2025-03-17T07:08:10.654+0000] {processor.py:914} INFO - Processing file /home/airflow/.local/lib/python3.12/site-packages/airflow/example_dags/example_latest_only.py for tasks to queue
[2025-03-17T07:08:10.656+0000] {logging_mixin.py:190} INFO - [2025-03-17T07:08:10.655+0000] {dagbag.py:588} INFO - Filling up the DagBag from /home/airflow/.local/lib/python3.12/site-packages/airflow/example_dags/example_latest_only.py
[2025-03-17T07:08:10.661+0000] {processor.py:925} INFO - DAG(s) 'latest_only' retrieved from /home/airflow/.local/lib/python3.12/site-packages/airflow/example_dags/example_latest_only.py
[2025-03-17T07:08:10.678+0000] {logging_mixin.py:190} INFO - [2025-03-17T07:08:10.677+0000] {dag.py:3239} INFO - Sync 1 DAGs
[2025-03-17T07:08:10.697+0000] {logging_mixin.py:190} INFO - [2025-03-17T07:08:10.697+0000] {dag.py:4180} INFO - Setting next_dagrun for latest_only to 2025-03-17 00:00:00+00:00, run_after=2025-03-17 04:00:00+00:00
[2025-03-17T07:08:10.711+0000] {processor.py:208} INFO - Processing /home/airflow/.local/lib/python3.12/site-packages/airflow/example_dags/example_latest_only.py took 0.062 seconds
[2025-03-17T07:08:42.217+0000] {processor.py:186} INFO - Started process (PID=549) to work on /home/airflow/.local/lib/python3.12/site-packages/airflow/example_dags/example_latest_only.py
[2025-03-17T07:08:42.217+0000] {processor.py:914} INFO - Processing file /home/airflow/.local/lib/python3.12/site-packages/airflow/example_dags/example_latest_only.py for tasks to queue
[2025-03-17T07:08:42.219+0000] {logging_mixin.py:190} INFO - [2025-03-17T07:08:42.219+0000] {dagbag.py:588} INFO - Filling up the DagBag from /home/airflow/.local/lib/python3.12/site-packages/airflow/example_dags/example_latest_only.py
[2025-03-17T07:08:42.224+0000] {processor.py:925} INFO - DAG(s) 'latest_only' retrieved from /home/airflow/.local/lib/python3.12/site-packages/airflow/example_dags/example_latest_only.py
[2025-03-17T07:08:42.239+0000] {logging_mixin.py:190} INFO - [2025-03-17T07:08:42.239+0000] {dag.py:3239} INFO - Sync 1 DAGs
[2025-03-17T07:08:42.257+0000] {logging_mixin.py:190} INFO - [2025-03-17T07:08:42.257+0000] {dag.py:4180} INFO - Setting next_dagrun for latest_only to 2025-03-17 00:00:00+00:00, run_after=2025-03-17 04:00:00+00:00
[2025-03-17T07:08:42.272+0000] {processor.py:208} INFO - Processing /home/airflow/.local/lib/python3.12/site-packages/airflow/example_dags/example_latest_only.py took 0.060 seconds
[2025-03-17T07:09:12.918+0000] {processor.py:186} INFO - Started process (PID=612) to work on /home/airflow/.local/lib/python3.12/site-packages/airflow/example_dags/example_latest_only.py
[2025-03-17T07:09:12.918+0000] {processor.py:914} INFO - Processing file /home/airflow/.local/lib/python3.12/site-packages/airflow/example_dags/example_latest_only.py for tasks to queue
[2025-03-17T07:09:12.920+0000] {logging_mixin.py:190} INFO - [2025-03-17T07:09:12.920+0000] {dagbag.py:588} INFO - Filling up the DagBag from /home/airflow/.local/lib/python3.12/site-packages/airflow/example_dags/example_latest_only.py
[2025-03-17T07:09:12.926+0000] {processor.py:925} INFO - DAG(s) 'latest_only' retrieved from /home/airflow/.local/lib/python3.12/site-packages/airflow/example_dags/example_latest_only.py
[2025-03-17T07:09:12.940+0000] {logging_mixin.py:190} INFO - [2025-03-17T07:09:12.940+0000] {dag.py:3239} INFO - Sync 1 DAGs
[2025-03-17T07:09:12.958+0000] {logging_mixin.py:190} INFO - [2025-03-17T07:09:12.958+0000] {dag.py:4180} INFO - Setting next_dagrun for latest_only to 2025-03-17 00:00:00+00:00, run_after=2025-03-17 04:00:00+00:00
[2025-03-17T07:09:12.972+0000] {processor.py:208} INFO - Processing /home/airflow/.local/lib/python3.12/site-packages/airflow/example_dags/example_latest_only.py took 0.059 seconds
[2025-03-17T07:09:44.432+0000] {processor.py:186} INFO - Started process (PID=676) to work on /home/airflow/.local/lib/python3.12/site-packages/airflow/example_dags/example_latest_only.py
[2025-03-17T07:09:44.432+0000] {processor.py:914} INFO - Processing file /home/airflow/.local/lib/python3.12/site-packages/airflow/example_dags/example_latest_only.py for tasks to queue
[2025-03-17T07:09:44.434+0000] {logging_mixin.py:190} INFO - [2025-03-17T07:09:44.434+0000] {dagbag.py:588} INFO - Filling up the DagBag from /home/airflow/.local/lib/python3.12/site-packages/airflow/example_dags/example_latest_only.py
[2025-03-17T07:09:44.439+0000] {processor.py:925} INFO - DAG(s) 'latest_only' retrieved from /home/airflow/.local/lib/python3.12/site-packages/airflow/example_dags/example_latest_only.py
[2025-03-17T07:09:44.454+0000] {logging_mixin.py:190} INFO - [2025-03-17T07:09:44.454+0000] {dag.py:3239} INFO - Sync 1 DAGs
[2025-03-17T07:09:44.472+0000] {logging_mixin.py:190} INFO - [2025-03-17T07:09:44.472+0000] {dag.py:4180} INFO - Setting next_dagrun for latest_only to 2025-03-17 00:00:00+00:00, run_after=2025-03-17 04:00:00+00:00
[2025-03-17T07:09:44.485+0000] {processor.py:208} INFO - Processing /home/airflow/.local/lib/python3.12/site-packages/airflow/example_dags/example_latest_only.py took 0.057 seconds
[2025-03-17T07:10:15.303+0000] {processor.py:186} INFO - Started process (PID=739) to work on /home/airflow/.local/lib/python3.12/site-packages/airflow/example_dags/example_latest_only.py
[2025-03-17T07:10:15.303+0000] {processor.py:914} INFO - Processing file /home/airflow/.local/lib/python3.12/site-packages/airflow/example_dags/example_latest_only.py for tasks to queue
[2025-03-17T07:10:15.305+0000] {logging_mixin.py:190} INFO - [2025-03-17T07:10:15.305+0000] {dagbag.py:588} INFO - Filling up the DagBag from /home/airflow/.local/lib/python3.12/site-packages/airflow/example_dags/example_latest_only.py
[2025-03-17T07:10:15.311+0000] {processor.py:925} INFO - DAG(s) 'latest_only' retrieved from /home/airflow/.local/lib/python3.12/site-packages/airflow/example_dags/example_latest_only.py
[2025-03-17T07:10:15.326+0000] {logging_mixin.py:190} INFO - [2025-03-17T07:10:15.326+0000] {dag.py:3239} INFO - Sync 1 DAGs
[2025-03-17T07:10:15.344+0000] {logging_mixin.py:190} INFO - [2025-03-17T07:10:15.344+0000] {dag.py:4180} INFO - Setting next_dagrun for latest_only to 2025-03-17 00:00:00+00:00, run_after=2025-03-17 04:00:00+00:00
[2025-03-17T07:10:15.357+0000] {processor.py:208} INFO - Processing /home/airflow/.local/lib/python3.12/site-packages/airflow/example_dags/example_latest_only.py took 0.059 seconds
[2025-03-17T07:10:46.684+0000] {processor.py:186} INFO - Started process (PID=807) to work on /home/airflow/.local/lib/python3.12/site-packages/airflow/example_dags/example_latest_only.py
[2025-03-17T07:10:46.685+0000] {processor.py:914} INFO - Processing file /home/airflow/.local/lib/python3.12/site-packages/airflow/example_dags/example_latest_only.py for tasks to queue
[2025-03-17T07:10:46.687+0000] {logging_mixin.py:190} INFO - [2025-03-17T07:10:46.686+0000] {dagbag.py:588} INFO - Filling up the DagBag from /home/airflow/.local/lib/python3.12/site-packages/airflow/example_dags/example_latest_only.py
[2025-03-17T07:10:46.692+0000] {processor.py:925} INFO - DAG(s) 'latest_only' retrieved from /home/airflow/.local/lib/python3.12/site-packages/airflow/example_dags/example_latest_only.py
[2025-03-17T07:10:46.708+0000] {logging_mixin.py:190} INFO - [2025-03-17T07:10:46.707+0000] {dag.py:3239} INFO - Sync 1 DAGs
[2025-03-17T07:10:46.728+0000] {logging_mixin.py:190} INFO - [2025-03-17T07:10:46.727+0000] {dag.py:4180} INFO - Setting next_dagrun for latest_only to 2025-03-17 00:00:00+00:00, run_after=2025-03-17 04:00:00+00:00
[2025-03-17T07:10:46.740+0000] {processor.py:208} INFO - Processing /home/airflow/.local/lib/python3.12/site-packages/airflow/example_dags/example_latest_only.py took 0.060 seconds
[2025-03-17T07:11:17.289+0000] {processor.py:186} INFO - Started process (PID=871) to work on /home/airflow/.local/lib/python3.12/site-packages/airflow/example_dags/example_latest_only.py
[2025-03-17T07:11:17.289+0000] {processor.py:914} INFO - Processing file /home/airflow/.local/lib/python3.12/site-packages/airflow/example_dags/example_latest_only.py for tasks to queue
[2025-03-17T07:11:17.291+0000] {logging_mixin.py:190} INFO - [2025-03-17T07:11:17.291+0000] {dagbag.py:588} INFO - Filling up the DagBag from /home/airflow/.local/lib/python3.12/site-packages/airflow/example_dags/example_latest_only.py
[2025-03-17T07:11:17.297+0000] {processor.py:925} INFO - DAG(s) 'latest_only' retrieved from /home/airflow/.local/lib/python3.12/site-packages/airflow/example_dags/example_latest_only.py
[2025-03-17T07:11:17.312+0000] {logging_mixin.py:190} INFO - [2025-03-17T07:11:17.312+0000] {dag.py:3239} INFO - Sync 1 DAGs
[2025-03-17T07:11:17.331+0000] {logging_mixin.py:190} INFO - [2025-03-17T07:11:17.331+0000] {dag.py:4180} INFO - Setting next_dagrun for latest_only to 2025-03-17 00:00:00+00:00, run_after=2025-03-17 04:00:00+00:00
[2025-03-17T07:11:17.345+0000] {processor.py:208} INFO - Processing /home/airflow/.local/lib/python3.12/site-packages/airflow/example_dags/example_latest_only.py took 0.060 seconds
[2025-03-17T07:11:47.929+0000] {processor.py:186} INFO - Started process (PID=934) to work on /home/airflow/.local/lib/python3.12/site-packages/airflow/example_dags/example_latest_only.py
[2025-03-17T07:11:47.930+0000] {processor.py:914} INFO - Processing file /home/airflow/.local/lib/python3.12/site-packages/airflow/example_dags/example_latest_only.py for tasks to queue
[2025-03-17T07:11:47.932+0000] {logging_mixin.py:190} INFO - [2025-03-17T07:11:47.931+0000] {dagbag.py:588} INFO - Filling up the DagBag from /home/airflow/.local/lib/python3.12/site-packages/airflow/example_dags/example_latest_only.py
[2025-03-17T07:11:47.938+0000] {processor.py:925} INFO - DAG(s) 'latest_only' retrieved from /home/airflow/.local/lib/python3.12/site-packages/airflow/example_dags/example_latest_only.py
[2025-03-17T07:11:47.953+0000] {logging_mixin.py:190} INFO - [2025-03-17T07:11:47.953+0000] {dag.py:3239} INFO - Sync 1 DAGs
[2025-03-17T07:11:47.972+0000] {logging_mixin.py:190} INFO - [2025-03-17T07:11:47.971+0000] {dag.py:4180} INFO - Setting next_dagrun for latest_only to 2025-03-17 00:00:00+00:00, run_after=2025-03-17 04:00:00+00:00
[2025-03-17T07:11:47.984+0000] {processor.py:208} INFO - Processing /home/airflow/.local/lib/python3.12/site-packages/airflow/example_dags/example_latest_only.py took 0.060 seconds
[2025-03-17T07:12:18.587+0000] {processor.py:186} INFO - Started process (PID=996) to work on /home/airflow/.local/lib/python3.12/site-packages/airflow/example_dags/example_latest_only.py
[2025-03-17T07:12:18.588+0000] {processor.py:914} INFO - Processing file /home/airflow/.local/lib/python3.12/site-packages/airflow/example_dags/example_latest_only.py for tasks to queue
[2025-03-17T07:12:18.590+0000] {logging_mixin.py:190} INFO - [2025-03-17T07:12:18.589+0000] {dagbag.py:588} INFO - Filling up the DagBag from /home/airflow/.local/lib/python3.12/site-packages/airflow/example_dags/example_latest_only.py
[2025-03-17T07:12:18.595+0000] {processor.py:925} INFO - DAG(s) 'latest_only' retrieved from /home/airflow/.local/lib/python3.12/site-packages/airflow/example_dags/example_latest_only.py
[2025-03-17T07:12:18.609+0000] {logging_mixin.py:190} INFO - [2025-03-17T07:12:18.609+0000] {dag.py:3239} INFO - Sync 1 DAGs
[2025-03-17T07:12:18.627+0000] {logging_mixin.py:190} INFO - [2025-03-17T07:12:18.627+0000] {dag.py:4180} INFO - Setting next_dagrun for latest_only to 2025-03-17 00:00:00+00:00, run_after=2025-03-17 04:00:00+00:00
[2025-03-17T07:12:18.641+0000] {processor.py:208} INFO - Processing /home/airflow/.local/lib/python3.12/site-packages/airflow/example_dags/example_latest_only.py took 0.059 seconds
[2025-03-17T07:12:49.509+0000] {processor.py:186} INFO - Started process (PID=1059) to work on /home/airflow/.local/lib/python3.12/site-packages/airflow/example_dags/example_latest_only.py
[2025-03-17T07:12:49.509+0000] {processor.py:914} INFO - Processing file /home/airflow/.local/lib/python3.12/site-packages/airflow/example_dags/example_latest_only.py for tasks to queue
[2025-03-17T07:12:49.511+0000] {logging_mixin.py:190} INFO - [2025-03-17T07:12:49.511+0000] {dagbag.py:588} INFO - Filling up the DagBag from /home/airflow/.local/lib/python3.12/site-packages/airflow/example_dags/example_latest_only.py
[2025-03-17T07:12:49.516+0000] {processor.py:925} INFO - DAG(s) 'latest_only' retrieved from /home/airflow/.local/lib/python3.12/site-packages/airflow/example_dags/example_latest_only.py
[2025-03-17T07:12:49.531+0000] {logging_mixin.py:190} INFO - [2025-03-17T07:12:49.531+0000] {dag.py:3239} INFO - Sync 1 DAGs
[2025-03-17T07:12:49.548+0000] {logging_mixin.py:190} INFO - [2025-03-17T07:12:49.548+0000] {dag.py:4180} INFO - Setting next_dagrun for latest_only to 2025-03-17 00:00:00+00:00, run_after=2025-03-17 04:00:00+00:00
[2025-03-17T07:12:49.561+0000] {processor.py:208} INFO - Processing /home/airflow/.local/lib/python3.12/site-packages/airflow/example_dags/example_latest_only.py took 0.057 seconds
[2025-03-17T07:13:20.194+0000] {processor.py:186} INFO - Started process (PID=1122) to work on /home/airflow/.local/lib/python3.12/site-packages/airflow/example_dags/example_latest_only.py
[2025-03-17T07:13:20.194+0000] {processor.py:914} INFO - Processing file /home/airflow/.local/lib/python3.12/site-packages/airflow/example_dags/example_latest_only.py for tasks to queue
[2025-03-17T07:13:20.196+0000] {logging_mixin.py:190} INFO - [2025-03-17T07:13:20.196+0000] {dagbag.py:588} INFO - Filling up the DagBag from /home/airflow/.local/lib/python3.12/site-packages/airflow/example_dags/example_latest_only.py
[2025-03-17T07:13:20.202+0000] {processor.py:925} INFO - DAG(s) 'latest_only' retrieved from /home/airflow/.local/lib/python3.12/site-packages/airflow/example_dags/example_latest_only.py
[2025-03-17T07:13:20.216+0000] {logging_mixin.py:190} INFO - [2025-03-17T07:13:20.216+0000] {dag.py:3239} INFO - Sync 1 DAGs
[2025-03-17T07:13:20.233+0000] {logging_mixin.py:190} INFO - [2025-03-17T07:13:20.233+0000] {dag.py:4180} INFO - Setting next_dagrun for latest_only to 2025-03-17 00:00:00+00:00, run_after=2025-03-17 04:00:00+00:00
[2025-03-17T07:13:20.247+0000] {processor.py:208} INFO - Processing /home/airflow/.local/lib/python3.12/site-packages/airflow/example_dags/example_latest_only.py took 0.058 seconds
[2025-03-17T07:13:50.827+0000] {processor.py:186} INFO - Started process (PID=1185) to work on /home/airflow/.local/lib/python3.12/site-packages/airflow/example_dags/example_latest_only.py
[2025-03-17T07:13:50.828+0000] {processor.py:914} INFO - Processing file /home/airflow/.local/lib/python3.12/site-packages/airflow/example_dags/example_latest_only.py for tasks to queue
[2025-03-17T07:13:50.830+0000] {logging_mixin.py:190} INFO - [2025-03-17T07:13:50.830+0000] {dagbag.py:588} INFO - Filling up the DagBag from /home/airflow/.local/lib/python3.12/site-packages/airflow/example_dags/example_latest_only.py
[2025-03-17T07:13:50.836+0000] {processor.py:925} INFO - DAG(s) 'latest_only' retrieved from /home/airflow/.local/lib/python3.12/site-packages/airflow/example_dags/example_latest_only.py
[2025-03-17T07:13:50.852+0000] {logging_mixin.py:190} INFO - [2025-03-17T07:13:50.852+0000] {dag.py:3239} INFO - Sync 1 DAGs
[2025-03-17T07:13:50.871+0000] {logging_mixin.py:190} INFO - [2025-03-17T07:13:50.871+0000] {dag.py:4180} INFO - Setting next_dagrun for latest_only to 2025-03-17 00:00:00+00:00, run_after=2025-03-17 04:00:00+00:00
[2025-03-17T07:13:50.886+0000] {processor.py:208} INFO - Processing /home/airflow/.local/lib/python3.12/site-packages/airflow/example_dags/example_latest_only.py took 0.063 seconds
[2025-03-17T07:14:21.735+0000] {processor.py:186} INFO - Started process (PID=1248) to work on /home/airflow/.local/lib/python3.12/site-packages/airflow/example_dags/example_latest_only.py
[2025-03-17T07:14:21.735+0000] {processor.py:914} INFO - Processing file /home/airflow/.local/lib/python3.12/site-packages/airflow/example_dags/example_latest_only.py for tasks to queue
[2025-03-17T07:14:21.737+0000] {logging_mixin.py:190} INFO - [2025-03-17T07:14:21.737+0000] {dagbag.py:588} INFO - Filling up the DagBag from /home/airflow/.local/lib/python3.12/site-packages/airflow/example_dags/example_latest_only.py
[2025-03-17T07:14:21.743+0000] {processor.py:925} INFO - DAG(s) 'latest_only' retrieved from /home/airflow/.local/lib/python3.12/site-packages/airflow/example_dags/example_latest_only.py
[2025-03-17T07:14:21.758+0000] {logging_mixin.py:190} INFO - [2025-03-17T07:14:21.758+0000] {dag.py:3239} INFO - Sync 1 DAGs
[2025-03-17T07:14:21.775+0000] {logging_mixin.py:190} INFO - [2025-03-17T07:14:21.775+0000] {dag.py:4180} INFO - Setting next_dagrun for latest_only to 2025-03-17 00:00:00+00:00, run_after=2025-03-17 04:00:00+00:00
[2025-03-17T07:14:21.787+0000] {processor.py:208} INFO - Processing /home/airflow/.local/lib/python3.12/site-packages/airflow/example_dags/example_latest_only.py took 0.057 seconds
