[2025-03-17T07:05:07.065+0000] {processor.py:186} INFO - Started process (PID=110) to work on /home/airflow/.local/lib/python3.12/site-packages/airflow/example_dags/example_branch_python_dop_operator_3.py
[2025-03-17T07:05:07.066+0000] {processor.py:914} INFO - Processing file /home/airflow/.local/lib/python3.12/site-packages/airflow/example_dags/example_branch_python_dop_operator_3.py for tasks to queue
[2025-03-17T07:05:07.068+0000] {logging_mixin.py:190} INFO - [2025-03-17T07:05:07.067+0000] {dagbag.py:588} INFO - Filling up the DagBag from /home/airflow/.local/lib/python3.12/site-packages/airflow/example_dags/example_branch_python_dop_operator_3.py
[2025-03-17T07:05:07.076+0000] {processor.py:925} INFO - DAG(s) 'example_branch_dop_operator_v3' retrieved from /home/airflow/.local/lib/python3.12/site-packages/airflow/example_dags/example_branch_python_dop_operator_3.py
[2025-03-17T07:05:07.093+0000] {logging_mixin.py:190} INFO - [2025-03-17T07:05:07.092+0000] {dag.py:3239} INFO - Sync 1 DAGs
[2025-03-17T07:05:07.113+0000] {logging_mixin.py:190} INFO - [2025-03-17T07:05:07.113+0000] {dag.py:4180} INFO - Setting next_dagrun for example_branch_dop_operator_v3 to 2025-03-17 07:04:00+00:00, run_after=2025-03-17 07:05:00+00:00
[2025-03-17T07:05:07.129+0000] {processor.py:208} INFO - Processing /home/airflow/.local/lib/python3.12/site-packages/airflow/example_dags/example_branch_python_dop_operator_3.py took 0.068 seconds
[2025-03-17T07:05:37.913+0000] {processor.py:186} INFO - Started process (PID=193) to work on /home/airflow/.local/lib/python3.12/site-packages/airflow/example_dags/example_branch_python_dop_operator_3.py
[2025-03-17T07:05:37.913+0000] {processor.py:914} INFO - Processing file /home/airflow/.local/lib/python3.12/site-packages/airflow/example_dags/example_branch_python_dop_operator_3.py for tasks to queue
[2025-03-17T07:05:37.915+0000] {logging_mixin.py:190} INFO - [2025-03-17T07:05:37.915+0000] {dagbag.py:588} INFO - Filling up the DagBag from /home/airflow/.local/lib/python3.12/site-packages/airflow/example_dags/example_branch_python_dop_operator_3.py
[2025-03-17T07:05:37.923+0000] {processor.py:925} INFO - DAG(s) 'example_branch_dop_operator_v3' retrieved from /home/airflow/.local/lib/python3.12/site-packages/airflow/example_dags/example_branch_python_dop_operator_3.py
[2025-03-17T07:05:37.938+0000] {logging_mixin.py:190} INFO - [2025-03-17T07:05:37.938+0000] {dag.py:3239} INFO - Sync 1 DAGs
[2025-03-17T07:05:37.959+0000] {logging_mixin.py:190} INFO - [2025-03-17T07:05:37.958+0000] {dag.py:4180} INFO - Setting next_dagrun for example_branch_dop_operator_v3 to 2025-03-17 07:04:00+00:00, run_after=2025-03-17 07:05:00+00:00
[2025-03-17T07:05:37.971+0000] {processor.py:208} INFO - Processing /home/airflow/.local/lib/python3.12/site-packages/airflow/example_dags/example_branch_python_dop_operator_3.py took 0.064 seconds
[2025-03-17T07:06:08.750+0000] {processor.py:186} INFO - Started process (PID=256) to work on /home/airflow/.local/lib/python3.12/site-packages/airflow/example_dags/example_branch_python_dop_operator_3.py
[2025-03-17T07:06:08.751+0000] {processor.py:914} INFO - Processing file /home/airflow/.local/lib/python3.12/site-packages/airflow/example_dags/example_branch_python_dop_operator_3.py for tasks to queue
[2025-03-17T07:06:08.753+0000] {logging_mixin.py:190} INFO - [2025-03-17T07:06:08.753+0000] {dagbag.py:588} INFO - Filling up the DagBag from /home/airflow/.local/lib/python3.12/site-packages/airflow/example_dags/example_branch_python_dop_operator_3.py
[2025-03-17T07:06:08.760+0000] {processor.py:925} INFO - DAG(s) 'example_branch_dop_operator_v3' retrieved from /home/airflow/.local/lib/python3.12/site-packages/airflow/example_dags/example_branch_python_dop_operator_3.py
[2025-03-17T07:06:08.775+0000] {logging_mixin.py:190} INFO - [2025-03-17T07:06:08.775+0000] {dag.py:3239} INFO - Sync 1 DAGs
[2025-03-17T07:06:08.797+0000] {logging_mixin.py:190} INFO - [2025-03-17T07:06:08.796+0000] {dag.py:4180} INFO - Setting next_dagrun for example_branch_dop_operator_v3 to 2025-03-17 07:05:00+00:00, run_after=2025-03-17 07:06:00+00:00
[2025-03-17T07:06:08.813+0000] {processor.py:208} INFO - Processing /home/airflow/.local/lib/python3.12/site-packages/airflow/example_dags/example_branch_python_dop_operator_3.py took 0.067 seconds
[2025-03-17T07:06:39.627+0000] {processor.py:186} INFO - Started process (PID=319) to work on /home/airflow/.local/lib/python3.12/site-packages/airflow/example_dags/example_branch_python_dop_operator_3.py
[2025-03-17T07:06:39.628+0000] {processor.py:914} INFO - Processing file /home/airflow/.local/lib/python3.12/site-packages/airflow/example_dags/example_branch_python_dop_operator_3.py for tasks to queue
[2025-03-17T07:06:39.630+0000] {logging_mixin.py:190} INFO - [2025-03-17T07:06:39.630+0000] {dagbag.py:588} INFO - Filling up the DagBag from /home/airflow/.local/lib/python3.12/site-packages/airflow/example_dags/example_branch_python_dop_operator_3.py
[2025-03-17T07:06:39.638+0000] {processor.py:925} INFO - DAG(s) 'example_branch_dop_operator_v3' retrieved from /home/airflow/.local/lib/python3.12/site-packages/airflow/example_dags/example_branch_python_dop_operator_3.py
[2025-03-17T07:06:39.654+0000] {logging_mixin.py:190} INFO - [2025-03-17T07:06:39.654+0000] {dag.py:3239} INFO - Sync 1 DAGs
[2025-03-17T07:06:39.676+0000] {logging_mixin.py:190} INFO - [2025-03-17T07:06:39.675+0000] {dag.py:4180} INFO - Setting next_dagrun for example_branch_dop_operator_v3 to 2025-03-17 07:05:00+00:00, run_after=2025-03-17 07:06:00+00:00
[2025-03-17T07:06:39.691+0000] {processor.py:208} INFO - Processing /home/airflow/.local/lib/python3.12/site-packages/airflow/example_dags/example_branch_python_dop_operator_3.py took 0.068 seconds
[2025-03-17T07:07:10.716+0000] {processor.py:186} INFO - Started process (PID=382) to work on /home/airflow/.local/lib/python3.12/site-packages/airflow/example_dags/example_branch_python_dop_operator_3.py
[2025-03-17T07:07:10.717+0000] {processor.py:914} INFO - Processing file /home/airflow/.local/lib/python3.12/site-packages/airflow/example_dags/example_branch_python_dop_operator_3.py for tasks to queue
[2025-03-17T07:07:10.719+0000] {logging_mixin.py:190} INFO - [2025-03-17T07:07:10.718+0000] {dagbag.py:588} INFO - Filling up the DagBag from /home/airflow/.local/lib/python3.12/site-packages/airflow/example_dags/example_branch_python_dop_operator_3.py
[2025-03-17T07:07:10.726+0000] {processor.py:925} INFO - DAG(s) 'example_branch_dop_operator_v3' retrieved from /home/airflow/.local/lib/python3.12/site-packages/airflow/example_dags/example_branch_python_dop_operator_3.py
[2025-03-17T07:07:10.741+0000] {logging_mixin.py:190} INFO - [2025-03-17T07:07:10.741+0000] {dag.py:3239} INFO - Sync 1 DAGs
[2025-03-17T07:07:10.759+0000] {logging_mixin.py:190} INFO - [2025-03-17T07:07:10.759+0000] {dag.py:4180} INFO - Setting next_dagrun for example_branch_dop_operator_v3 to 2025-03-17 07:06:00+00:00, run_after=2025-03-17 07:07:00+00:00
[2025-03-17T07:07:10.774+0000] {processor.py:208} INFO - Processing /home/airflow/.local/lib/python3.12/site-packages/airflow/example_dags/example_branch_python_dop_operator_3.py took 0.062 seconds
[2025-03-17T07:07:41.553+0000] {processor.py:186} INFO - Started process (PID=445) to work on /home/airflow/.local/lib/python3.12/site-packages/airflow/example_dags/example_branch_python_dop_operator_3.py
[2025-03-17T07:07:41.554+0000] {processor.py:914} INFO - Processing file /home/airflow/.local/lib/python3.12/site-packages/airflow/example_dags/example_branch_python_dop_operator_3.py for tasks to queue
[2025-03-17T07:07:41.556+0000] {logging_mixin.py:190} INFO - [2025-03-17T07:07:41.555+0000] {dagbag.py:588} INFO - Filling up the DagBag from /home/airflow/.local/lib/python3.12/site-packages/airflow/example_dags/example_branch_python_dop_operator_3.py
[2025-03-17T07:07:41.563+0000] {processor.py:925} INFO - DAG(s) 'example_branch_dop_operator_v3' retrieved from /home/airflow/.local/lib/python3.12/site-packages/airflow/example_dags/example_branch_python_dop_operator_3.py
[2025-03-17T07:07:41.578+0000] {logging_mixin.py:190} INFO - [2025-03-17T07:07:41.578+0000] {dag.py:3239} INFO - Sync 1 DAGs
[2025-03-17T07:07:41.599+0000] {logging_mixin.py:190} INFO - [2025-03-17T07:07:41.599+0000] {dag.py:4180} INFO - Setting next_dagrun for example_branch_dop_operator_v3 to 2025-03-17 07:06:00+00:00, run_after=2025-03-17 07:07:00+00:00
[2025-03-17T07:07:41.614+0000] {processor.py:208} INFO - Processing /home/airflow/.local/lib/python3.12/site-packages/airflow/example_dags/example_branch_python_dop_operator_3.py took 0.065 seconds
[2025-03-17T07:08:12.550+0000] {processor.py:186} INFO - Started process (PID=508) to work on /home/airflow/.local/lib/python3.12/site-packages/airflow/example_dags/example_branch_python_dop_operator_3.py
[2025-03-17T07:08:12.551+0000] {processor.py:914} INFO - Processing file /home/airflow/.local/lib/python3.12/site-packages/airflow/example_dags/example_branch_python_dop_operator_3.py for tasks to queue
[2025-03-17T07:08:12.553+0000] {logging_mixin.py:190} INFO - [2025-03-17T07:08:12.553+0000] {dagbag.py:588} INFO - Filling up the DagBag from /home/airflow/.local/lib/python3.12/site-packages/airflow/example_dags/example_branch_python_dop_operator_3.py
[2025-03-17T07:08:12.561+0000] {processor.py:925} INFO - DAG(s) 'example_branch_dop_operator_v3' retrieved from /home/airflow/.local/lib/python3.12/site-packages/airflow/example_dags/example_branch_python_dop_operator_3.py
[2025-03-17T07:08:12.576+0000] {logging_mixin.py:190} INFO - [2025-03-17T07:08:12.576+0000] {dag.py:3239} INFO - Sync 1 DAGs
[2025-03-17T07:08:12.596+0000] {logging_mixin.py:190} INFO - [2025-03-17T07:08:12.596+0000] {dag.py:4180} INFO - Setting next_dagrun for example_branch_dop_operator_v3 to 2025-03-17 07:07:00+00:00, run_after=2025-03-17 07:08:00+00:00
[2025-03-17T07:08:12.609+0000] {processor.py:208} INFO - Processing /home/airflow/.local/lib/python3.12/site-packages/airflow/example_dags/example_branch_python_dop_operator_3.py took 0.063 seconds
[2025-03-17T07:08:43.977+0000] {processor.py:186} INFO - Started process (PID=571) to work on /home/airflow/.local/lib/python3.12/site-packages/airflow/example_dags/example_branch_python_dop_operator_3.py
[2025-03-17T07:08:43.977+0000] {processor.py:914} INFO - Processing file /home/airflow/.local/lib/python3.12/site-packages/airflow/example_dags/example_branch_python_dop_operator_3.py for tasks to queue
[2025-03-17T07:08:43.979+0000] {logging_mixin.py:190} INFO - [2025-03-17T07:08:43.979+0000] {dagbag.py:588} INFO - Filling up the DagBag from /home/airflow/.local/lib/python3.12/site-packages/airflow/example_dags/example_branch_python_dop_operator_3.py
[2025-03-17T07:08:43.986+0000] {processor.py:925} INFO - DAG(s) 'example_branch_dop_operator_v3' retrieved from /home/airflow/.local/lib/python3.12/site-packages/airflow/example_dags/example_branch_python_dop_operator_3.py
[2025-03-17T07:08:44.001+0000] {logging_mixin.py:190} INFO - [2025-03-17T07:08:44.001+0000] {dag.py:3239} INFO - Sync 1 DAGs
[2025-03-17T07:08:44.022+0000] {logging_mixin.py:190} INFO - [2025-03-17T07:08:44.022+0000] {dag.py:4180} INFO - Setting next_dagrun for example_branch_dop_operator_v3 to 2025-03-17 07:07:00+00:00, run_after=2025-03-17 07:08:00+00:00
[2025-03-17T07:08:44.035+0000] {processor.py:208} INFO - Processing /home/airflow/.local/lib/python3.12/site-packages/airflow/example_dags/example_branch_python_dop_operator_3.py took 0.063 seconds
[2025-03-17T07:09:14.645+0000] {processor.py:186} INFO - Started process (PID=634) to work on /home/airflow/.local/lib/python3.12/site-packages/airflow/example_dags/example_branch_python_dop_operator_3.py
[2025-03-17T07:09:14.646+0000] {processor.py:914} INFO - Processing file /home/airflow/.local/lib/python3.12/site-packages/airflow/example_dags/example_branch_python_dop_operator_3.py for tasks to queue
[2025-03-17T07:09:14.648+0000] {logging_mixin.py:190} INFO - [2025-03-17T07:09:14.648+0000] {dagbag.py:588} INFO - Filling up the DagBag from /home/airflow/.local/lib/python3.12/site-packages/airflow/example_dags/example_branch_python_dop_operator_3.py
[2025-03-17T07:09:14.656+0000] {processor.py:925} INFO - DAG(s) 'example_branch_dop_operator_v3' retrieved from /home/airflow/.local/lib/python3.12/site-packages/airflow/example_dags/example_branch_python_dop_operator_3.py
[2025-03-17T07:09:14.672+0000] {logging_mixin.py:190} INFO - [2025-03-17T07:09:14.671+0000] {dag.py:3239} INFO - Sync 1 DAGs
[2025-03-17T07:09:14.698+0000] {logging_mixin.py:190} INFO - [2025-03-17T07:09:14.698+0000] {dag.py:4180} INFO - Setting next_dagrun for example_branch_dop_operator_v3 to 2025-03-17 07:08:00+00:00, run_after=2025-03-17 07:09:00+00:00
[2025-03-17T07:09:14.715+0000] {processor.py:208} INFO - Processing /home/airflow/.local/lib/python3.12/site-packages/airflow/example_dags/example_branch_python_dop_operator_3.py took 0.076 seconds
[2025-03-17T07:09:45.781+0000] {processor.py:186} INFO - Started process (PID=697) to work on /home/airflow/.local/lib/python3.12/site-packages/airflow/example_dags/example_branch_python_dop_operator_3.py
[2025-03-17T07:09:45.782+0000] {processor.py:914} INFO - Processing file /home/airflow/.local/lib/python3.12/site-packages/airflow/example_dags/example_branch_python_dop_operator_3.py for tasks to queue
[2025-03-17T07:09:45.784+0000] {logging_mixin.py:190} INFO - [2025-03-17T07:09:45.784+0000] {dagbag.py:588} INFO - Filling up the DagBag from /home/airflow/.local/lib/python3.12/site-packages/airflow/example_dags/example_branch_python_dop_operator_3.py
[2025-03-17T07:09:45.792+0000] {processor.py:925} INFO - DAG(s) 'example_branch_dop_operator_v3' retrieved from /home/airflow/.local/lib/python3.12/site-packages/airflow/example_dags/example_branch_python_dop_operator_3.py
[2025-03-17T07:09:45.806+0000] {logging_mixin.py:190} INFO - [2025-03-17T07:09:45.806+0000] {dag.py:3239} INFO - Sync 1 DAGs
[2025-03-17T07:09:45.826+0000] {logging_mixin.py:190} INFO - [2025-03-17T07:09:45.826+0000] {dag.py:4180} INFO - Setting next_dagrun for example_branch_dop_operator_v3 to 2025-03-17 07:08:00+00:00, run_after=2025-03-17 07:09:00+00:00
[2025-03-17T07:09:45.839+0000] {processor.py:208} INFO - Processing /home/airflow/.local/lib/python3.12/site-packages/airflow/example_dags/example_branch_python_dop_operator_3.py took 0.062 seconds
[2025-03-17T07:10:16.709+0000] {processor.py:186} INFO - Started process (PID=760) to work on /home/airflow/.local/lib/python3.12/site-packages/airflow/example_dags/example_branch_python_dop_operator_3.py
[2025-03-17T07:10:16.710+0000] {processor.py:914} INFO - Processing file /home/airflow/.local/lib/python3.12/site-packages/airflow/example_dags/example_branch_python_dop_operator_3.py for tasks to queue
[2025-03-17T07:10:16.712+0000] {logging_mixin.py:190} INFO - [2025-03-17T07:10:16.712+0000] {dagbag.py:588} INFO - Filling up the DagBag from /home/airflow/.local/lib/python3.12/site-packages/airflow/example_dags/example_branch_python_dop_operator_3.py
[2025-03-17T07:10:16.721+0000] {processor.py:925} INFO - DAG(s) 'example_branch_dop_operator_v3' retrieved from /home/airflow/.local/lib/python3.12/site-packages/airflow/example_dags/example_branch_python_dop_operator_3.py
[2025-03-17T07:10:16.736+0000] {logging_mixin.py:190} INFO - [2025-03-17T07:10:16.736+0000] {dag.py:3239} INFO - Sync 1 DAGs
[2025-03-17T07:10:16.759+0000] {logging_mixin.py:190} INFO - [2025-03-17T07:10:16.758+0000] {dag.py:4180} INFO - Setting next_dagrun for example_branch_dop_operator_v3 to 2025-03-17 07:09:00+00:00, run_after=2025-03-17 07:10:00+00:00
[2025-03-17T07:10:16.772+0000] {processor.py:208} INFO - Processing /home/airflow/.local/lib/python3.12/site-packages/airflow/example_dags/example_branch_python_dop_operator_3.py took 0.069 seconds
[2025-03-17T07:10:48.190+0000] {processor.py:186} INFO - Started process (PID=829) to work on /home/airflow/.local/lib/python3.12/site-packages/airflow/example_dags/example_branch_python_dop_operator_3.py
[2025-03-17T07:10:48.191+0000] {processor.py:914} INFO - Processing file /home/airflow/.local/lib/python3.12/site-packages/airflow/example_dags/example_branch_python_dop_operator_3.py for tasks to queue
[2025-03-17T07:10:48.193+0000] {logging_mixin.py:190} INFO - [2025-03-17T07:10:48.193+0000] {dagbag.py:588} INFO - Filling up the DagBag from /home/airflow/.local/lib/python3.12/site-packages/airflow/example_dags/example_branch_python_dop_operator_3.py
[2025-03-17T07:10:48.201+0000] {processor.py:925} INFO - DAG(s) 'example_branch_dop_operator_v3' retrieved from /home/airflow/.local/lib/python3.12/site-packages/airflow/example_dags/example_branch_python_dop_operator_3.py
[2025-03-17T07:10:48.216+0000] {logging_mixin.py:190} INFO - [2025-03-17T07:10:48.216+0000] {dag.py:3239} INFO - Sync 1 DAGs
[2025-03-17T07:10:48.236+0000] {logging_mixin.py:190} INFO - [2025-03-17T07:10:48.236+0000] {dag.py:4180} INFO - Setting next_dagrun for example_branch_dop_operator_v3 to 2025-03-17 07:09:00+00:00, run_after=2025-03-17 07:10:00+00:00
[2025-03-17T07:10:48.248+0000] {processor.py:208} INFO - Processing /home/airflow/.local/lib/python3.12/site-packages/airflow/example_dags/example_branch_python_dop_operator_3.py took 0.062 seconds
[2025-03-17T07:11:18.864+0000] {processor.py:186} INFO - Started process (PID=892) to work on /home/airflow/.local/lib/python3.12/site-packages/airflow/example_dags/example_branch_python_dop_operator_3.py
[2025-03-17T07:11:18.865+0000] {processor.py:914} INFO - Processing file /home/airflow/.local/lib/python3.12/site-packages/airflow/example_dags/example_branch_python_dop_operator_3.py for tasks to queue
[2025-03-17T07:11:18.867+0000] {logging_mixin.py:190} INFO - [2025-03-17T07:11:18.867+0000] {dagbag.py:588} INFO - Filling up the DagBag from /home/airflow/.local/lib/python3.12/site-packages/airflow/example_dags/example_branch_python_dop_operator_3.py
[2025-03-17T07:11:18.874+0000] {processor.py:925} INFO - DAG(s) 'example_branch_dop_operator_v3' retrieved from /home/airflow/.local/lib/python3.12/site-packages/airflow/example_dags/example_branch_python_dop_operator_3.py
[2025-03-17T07:11:18.889+0000] {logging_mixin.py:190} INFO - [2025-03-17T07:11:18.889+0000] {dag.py:3239} INFO - Sync 1 DAGs
[2025-03-17T07:11:18.908+0000] {logging_mixin.py:190} INFO - [2025-03-17T07:11:18.908+0000] {dag.py:4180} INFO - Setting next_dagrun for example_branch_dop_operator_v3 to 2025-03-17 07:10:00+00:00, run_after=2025-03-17 07:11:00+00:00
[2025-03-17T07:11:18.921+0000] {processor.py:208} INFO - Processing /home/airflow/.local/lib/python3.12/site-packages/airflow/example_dags/example_branch_python_dop_operator_3.py took 0.061 seconds
[2025-03-17T07:11:49.545+0000] {processor.py:186} INFO - Started process (PID=955) to work on /home/airflow/.local/lib/python3.12/site-packages/airflow/example_dags/example_branch_python_dop_operator_3.py
[2025-03-17T07:11:49.545+0000] {processor.py:914} INFO - Processing file /home/airflow/.local/lib/python3.12/site-packages/airflow/example_dags/example_branch_python_dop_operator_3.py for tasks to queue
[2025-03-17T07:11:49.547+0000] {logging_mixin.py:190} INFO - [2025-03-17T07:11:49.547+0000] {dagbag.py:588} INFO - Filling up the DagBag from /home/airflow/.local/lib/python3.12/site-packages/airflow/example_dags/example_branch_python_dop_operator_3.py
[2025-03-17T07:11:49.555+0000] {processor.py:925} INFO - DAG(s) 'example_branch_dop_operator_v3' retrieved from /home/airflow/.local/lib/python3.12/site-packages/airflow/example_dags/example_branch_python_dop_operator_3.py
[2025-03-17T07:11:49.569+0000] {logging_mixin.py:190} INFO - [2025-03-17T07:11:49.569+0000] {dag.py:3239} INFO - Sync 1 DAGs
[2025-03-17T07:11:49.587+0000] {logging_mixin.py:190} INFO - [2025-03-17T07:11:49.587+0000] {dag.py:4180} INFO - Setting next_dagrun for example_branch_dop_operator_v3 to 2025-03-17 07:10:00+00:00, run_after=2025-03-17 07:11:00+00:00
[2025-03-17T07:11:49.600+0000] {processor.py:208} INFO - Processing /home/airflow/.local/lib/python3.12/site-packages/airflow/example_dags/example_branch_python_dop_operator_3.py took 0.060 seconds
[2025-03-17T07:12:20.659+0000] {processor.py:186} INFO - Started process (PID=1018) to work on /home/airflow/.local/lib/python3.12/site-packages/airflow/example_dags/example_branch_python_dop_operator_3.py
[2025-03-17T07:12:20.660+0000] {processor.py:914} INFO - Processing file /home/airflow/.local/lib/python3.12/site-packages/airflow/example_dags/example_branch_python_dop_operator_3.py for tasks to queue
[2025-03-17T07:12:20.662+0000] {logging_mixin.py:190} INFO - [2025-03-17T07:12:20.662+0000] {dagbag.py:588} INFO - Filling up the DagBag from /home/airflow/.local/lib/python3.12/site-packages/airflow/example_dags/example_branch_python_dop_operator_3.py
[2025-03-17T07:12:20.670+0000] {processor.py:925} INFO - DAG(s) 'example_branch_dop_operator_v3' retrieved from /home/airflow/.local/lib/python3.12/site-packages/airflow/example_dags/example_branch_python_dop_operator_3.py
[2025-03-17T07:12:20.686+0000] {logging_mixin.py:190} INFO - [2025-03-17T07:12:20.686+0000] {dag.py:3239} INFO - Sync 1 DAGs
[2025-03-17T07:12:20.707+0000] {logging_mixin.py:190} INFO - [2025-03-17T07:12:20.707+0000] {dag.py:4180} INFO - Setting next_dagrun for example_branch_dop_operator_v3 to 2025-03-17 07:11:00+00:00, run_after=2025-03-17 07:12:00+00:00
[2025-03-17T07:12:20.722+0000] {processor.py:208} INFO - Processing /home/airflow/.local/lib/python3.12/site-packages/airflow/example_dags/example_branch_python_dop_operator_3.py took 0.067 seconds
[2025-03-17T07:12:51.338+0000] {processor.py:186} INFO - Started process (PID=1081) to work on /home/airflow/.local/lib/python3.12/site-packages/airflow/example_dags/example_branch_python_dop_operator_3.py
[2025-03-17T07:12:51.338+0000] {processor.py:914} INFO - Processing file /home/airflow/.local/lib/python3.12/site-packages/airflow/example_dags/example_branch_python_dop_operator_3.py for tasks to queue
[2025-03-17T07:12:51.340+0000] {logging_mixin.py:190} INFO - [2025-03-17T07:12:51.340+0000] {dagbag.py:588} INFO - Filling up the DagBag from /home/airflow/.local/lib/python3.12/site-packages/airflow/example_dags/example_branch_python_dop_operator_3.py
[2025-03-17T07:12:51.348+0000] {processor.py:925} INFO - DAG(s) 'example_branch_dop_operator_v3' retrieved from /home/airflow/.local/lib/python3.12/site-packages/airflow/example_dags/example_branch_python_dop_operator_3.py
[2025-03-17T07:12:51.362+0000] {logging_mixin.py:190} INFO - [2025-03-17T07:12:51.362+0000] {dag.py:3239} INFO - Sync 1 DAGs
[2025-03-17T07:12:51.383+0000] {logging_mixin.py:190} INFO - [2025-03-17T07:12:51.383+0000] {dag.py:4180} INFO - Setting next_dagrun for example_branch_dop_operator_v3 to 2025-03-17 07:11:00+00:00, run_after=2025-03-17 07:12:00+00:00
[2025-03-17T07:12:51.397+0000] {processor.py:208} INFO - Processing /home/airflow/.local/lib/python3.12/site-packages/airflow/example_dags/example_branch_python_dop_operator_3.py took 0.064 seconds
[2025-03-17T07:13:21.919+0000] {processor.py:186} INFO - Started process (PID=1144) to work on /home/airflow/.local/lib/python3.12/site-packages/airflow/example_dags/example_branch_python_dop_operator_3.py
[2025-03-17T07:13:21.920+0000] {processor.py:914} INFO - Processing file /home/airflow/.local/lib/python3.12/site-packages/airflow/example_dags/example_branch_python_dop_operator_3.py for tasks to queue
[2025-03-17T07:13:21.922+0000] {logging_mixin.py:190} INFO - [2025-03-17T07:13:21.922+0000] {dagbag.py:588} INFO - Filling up the DagBag from /home/airflow/.local/lib/python3.12/site-packages/airflow/example_dags/example_branch_python_dop_operator_3.py
[2025-03-17T07:13:21.930+0000] {processor.py:925} INFO - DAG(s) 'example_branch_dop_operator_v3' retrieved from /home/airflow/.local/lib/python3.12/site-packages/airflow/example_dags/example_branch_python_dop_operator_3.py
[2025-03-17T07:13:21.946+0000] {logging_mixin.py:190} INFO - [2025-03-17T07:13:21.946+0000] {dag.py:3239} INFO - Sync 1 DAGs
[2025-03-17T07:13:21.965+0000] {logging_mixin.py:190} INFO - [2025-03-17T07:13:21.965+0000] {dag.py:4180} INFO - Setting next_dagrun for example_branch_dop_operator_v3 to 2025-03-17 07:12:00+00:00, run_after=2025-03-17 07:13:00+00:00
[2025-03-17T07:13:21.980+0000] {processor.py:208} INFO - Processing /home/airflow/.local/lib/python3.12/site-packages/airflow/example_dags/example_branch_python_dop_operator_3.py took 0.065 seconds
[2025-03-17T07:13:52.234+0000] {processor.py:186} INFO - Started process (PID=1206) to work on /home/airflow/.local/lib/python3.12/site-packages/airflow/example_dags/example_branch_python_dop_operator_3.py
[2025-03-17T07:13:52.235+0000] {processor.py:914} INFO - Processing file /home/airflow/.local/lib/python3.12/site-packages/airflow/example_dags/example_branch_python_dop_operator_3.py for tasks to queue
[2025-03-17T07:13:52.237+0000] {logging_mixin.py:190} INFO - [2025-03-17T07:13:52.237+0000] {dagbag.py:588} INFO - Filling up the DagBag from /home/airflow/.local/lib/python3.12/site-packages/airflow/example_dags/example_branch_python_dop_operator_3.py
[2025-03-17T07:13:52.245+0000] {processor.py:925} INFO - DAG(s) 'example_branch_dop_operator_v3' retrieved from /home/airflow/.local/lib/python3.12/site-packages/airflow/example_dags/example_branch_python_dop_operator_3.py
[2025-03-17T07:13:52.260+0000] {logging_mixin.py:190} INFO - [2025-03-17T07:13:52.260+0000] {dag.py:3239} INFO - Sync 1 DAGs
[2025-03-17T07:13:52.281+0000] {logging_mixin.py:190} INFO - [2025-03-17T07:13:52.281+0000] {dag.py:4180} INFO - Setting next_dagrun for example_branch_dop_operator_v3 to 2025-03-17 07:12:00+00:00, run_after=2025-03-17 07:13:00+00:00
[2025-03-17T07:13:52.295+0000] {processor.py:208} INFO - Processing /home/airflow/.local/lib/python3.12/site-packages/airflow/example_dags/example_branch_python_dop_operator_3.py took 0.065 seconds
[2025-03-17T07:14:24.135+0000] {processor.py:186} INFO - Started process (PID=1270) to work on /home/airflow/.local/lib/python3.12/site-packages/airflow/example_dags/example_branch_python_dop_operator_3.py
[2025-03-17T07:14:24.136+0000] {processor.py:914} INFO - Processing file /home/airflow/.local/lib/python3.12/site-packages/airflow/example_dags/example_branch_python_dop_operator_3.py for tasks to queue
[2025-03-17T07:14:24.137+0000] {logging_mixin.py:190} INFO - [2025-03-17T07:14:24.137+0000] {dagbag.py:588} INFO - Filling up the DagBag from /home/airflow/.local/lib/python3.12/site-packages/airflow/example_dags/example_branch_python_dop_operator_3.py
[2025-03-17T07:14:24.145+0000] {processor.py:925} INFO - DAG(s) 'example_branch_dop_operator_v3' retrieved from /home/airflow/.local/lib/python3.12/site-packages/airflow/example_dags/example_branch_python_dop_operator_3.py
[2025-03-17T07:14:24.160+0000] {logging_mixin.py:190} INFO - [2025-03-17T07:14:24.160+0000] {dag.py:3239} INFO - Sync 1 DAGs
[2025-03-17T07:14:24.180+0000] {logging_mixin.py:190} INFO - [2025-03-17T07:14:24.180+0000] {dag.py:4180} INFO - Setting next_dagrun for example_branch_dop_operator_v3 to 2025-03-17 07:13:00+00:00, run_after=2025-03-17 07:14:00+00:00
[2025-03-17T07:14:24.193+0000] {processor.py:208} INFO - Processing /home/airflow/.local/lib/python3.12/site-packages/airflow/example_dags/example_branch_python_dop_operator_3.py took 0.062 seconds
