[2025-03-17T07:05:06.958+0000] {processor.py:186} INFO - Started process (PID=107) to work on /home/airflow/.local/lib/python3.12/site-packages/airflow/example_dags/example_sensors.py
[2025-03-17T07:05:06.959+0000] {processor.py:914} INFO - Processing file /home/airflow/.local/lib/python3.12/site-packages/airflow/example_dags/example_sensors.py for tasks to queue
[2025-03-17T07:05:06.960+0000] {logging_mixin.py:190} INFO - [2025-03-17T07:05:06.960+0000] {dagbag.py:588} INFO - Filling up the DagBag from /home/airflow/.local/lib/python3.12/site-packages/airflow/example_dags/example_sensors.py
[2025-03-17T07:05:06.969+0000] {processor.py:925} INFO - DAG(s) 'example_sensors' retrieved from /home/airflow/.local/lib/python3.12/site-packages/airflow/example_dags/example_sensors.py
[2025-03-17T07:05:06.991+0000] {logging_mixin.py:190} INFO - [2025-03-17T07:05:06.991+0000] {dag.py:3239} INFO - Sync 1 DAGs
[2025-03-17T07:05:07.002+0000] {logging_mixin.py:190} INFO - [2025-03-17T07:05:07.001+0000] {dag.py:4180} INFO - Setting next_dagrun for example_sensors to None, run_after=None
[2025-03-17T07:05:07.015+0000] {processor.py:208} INFO - Processing /home/airflow/.local/lib/python3.12/site-packages/airflow/example_dags/example_sensors.py took 0.062 seconds
[2025-03-17T07:05:37.792+0000] {processor.py:186} INFO - Started process (PID=190) to work on /home/airflow/.local/lib/python3.12/site-packages/airflow/example_dags/example_sensors.py
[2025-03-17T07:05:37.792+0000] {processor.py:914} INFO - Processing file /home/airflow/.local/lib/python3.12/site-packages/airflow/example_dags/example_sensors.py for tasks to queue
[2025-03-17T07:05:37.794+0000] {logging_mixin.py:190} INFO - [2025-03-17T07:05:37.794+0000] {dagbag.py:588} INFO - Filling up the DagBag from /home/airflow/.local/lib/python3.12/site-packages/airflow/example_dags/example_sensors.py
[2025-03-17T07:05:37.802+0000] {processor.py:925} INFO - DAG(s) 'example_sensors' retrieved from /home/airflow/.local/lib/python3.12/site-packages/airflow/example_dags/example_sensors.py
[2025-03-17T07:05:37.823+0000] {logging_mixin.py:190} INFO - [2025-03-17T07:05:37.822+0000] {dag.py:3239} INFO - Sync 1 DAGs
[2025-03-17T07:05:37.834+0000] {logging_mixin.py:190} INFO - [2025-03-17T07:05:37.834+0000] {dag.py:4180} INFO - Setting next_dagrun for example_sensors to None, run_after=None
[2025-03-17T07:05:37.849+0000] {processor.py:208} INFO - Processing /home/airflow/.local/lib/python3.12/site-packages/airflow/example_dags/example_sensors.py took 0.062 seconds
[2025-03-17T07:06:08.650+0000] {processor.py:186} INFO - Started process (PID=253) to work on /home/airflow/.local/lib/python3.12/site-packages/airflow/example_dags/example_sensors.py
[2025-03-17T07:06:08.651+0000] {processor.py:914} INFO - Processing file /home/airflow/.local/lib/python3.12/site-packages/airflow/example_dags/example_sensors.py for tasks to queue
[2025-03-17T07:06:08.653+0000] {logging_mixin.py:190} INFO - [2025-03-17T07:06:08.652+0000] {dagbag.py:588} INFO - Filling up the DagBag from /home/airflow/.local/lib/python3.12/site-packages/airflow/example_dags/example_sensors.py
[2025-03-17T07:06:08.661+0000] {processor.py:925} INFO - DAG(s) 'example_sensors' retrieved from /home/airflow/.local/lib/python3.12/site-packages/airflow/example_dags/example_sensors.py
[2025-03-17T07:06:08.683+0000] {logging_mixin.py:190} INFO - [2025-03-17T07:06:08.683+0000] {dag.py:3239} INFO - Sync 1 DAGs
[2025-03-17T07:06:08.695+0000] {logging_mixin.py:190} INFO - [2025-03-17T07:06:08.695+0000] {dag.py:4180} INFO - Setting next_dagrun for example_sensors to None, run_after=None
[2025-03-17T07:06:08.710+0000] {processor.py:208} INFO - Processing /home/airflow/.local/lib/python3.12/site-packages/airflow/example_dags/example_sensors.py took 0.065 seconds
[2025-03-17T07:06:39.487+0000] {processor.py:186} INFO - Started process (PID=316) to work on /home/airflow/.local/lib/python3.12/site-packages/airflow/example_dags/example_sensors.py
[2025-03-17T07:06:39.488+0000] {processor.py:914} INFO - Processing file /home/airflow/.local/lib/python3.12/site-packages/airflow/example_dags/example_sensors.py for tasks to queue
[2025-03-17T07:06:39.490+0000] {logging_mixin.py:190} INFO - [2025-03-17T07:06:39.489+0000] {dagbag.py:588} INFO - Filling up the DagBag from /home/airflow/.local/lib/python3.12/site-packages/airflow/example_dags/example_sensors.py
[2025-03-17T07:06:39.499+0000] {processor.py:925} INFO - DAG(s) 'example_sensors' retrieved from /home/airflow/.local/lib/python3.12/site-packages/airflow/example_dags/example_sensors.py
[2025-03-17T07:06:39.522+0000] {logging_mixin.py:190} INFO - [2025-03-17T07:06:39.522+0000] {dag.py:3239} INFO - Sync 1 DAGs
[2025-03-17T07:06:39.535+0000] {logging_mixin.py:190} INFO - [2025-03-17T07:06:39.535+0000] {dag.py:4180} INFO - Setting next_dagrun for example_sensors to None, run_after=None
[2025-03-17T07:06:39.550+0000] {processor.py:208} INFO - Processing /home/airflow/.local/lib/python3.12/site-packages/airflow/example_dags/example_sensors.py took 0.068 seconds
[2025-03-17T07:07:10.553+0000] {processor.py:186} INFO - Started process (PID=379) to work on /home/airflow/.local/lib/python3.12/site-packages/airflow/example_dags/example_sensors.py
[2025-03-17T07:07:10.554+0000] {processor.py:914} INFO - Processing file /home/airflow/.local/lib/python3.12/site-packages/airflow/example_dags/example_sensors.py for tasks to queue
[2025-03-17T07:07:10.555+0000] {logging_mixin.py:190} INFO - [2025-03-17T07:07:10.555+0000] {dagbag.py:588} INFO - Filling up the DagBag from /home/airflow/.local/lib/python3.12/site-packages/airflow/example_dags/example_sensors.py
[2025-03-17T07:07:10.564+0000] {processor.py:925} INFO - DAG(s) 'example_sensors' retrieved from /home/airflow/.local/lib/python3.12/site-packages/airflow/example_dags/example_sensors.py
[2025-03-17T07:07:10.582+0000] {logging_mixin.py:190} INFO - [2025-03-17T07:07:10.582+0000] {dag.py:3239} INFO - Sync 1 DAGs
[2025-03-17T07:07:10.592+0000] {logging_mixin.py:190} INFO - [2025-03-17T07:07:10.592+0000] {dag.py:4180} INFO - Setting next_dagrun for example_sensors to None, run_after=None
[2025-03-17T07:07:10.605+0000] {processor.py:208} INFO - Processing /home/airflow/.local/lib/python3.12/site-packages/airflow/example_dags/example_sensors.py took 0.056 seconds
[2025-03-17T07:07:41.439+0000] {processor.py:186} INFO - Started process (PID=442) to work on /home/airflow/.local/lib/python3.12/site-packages/airflow/example_dags/example_sensors.py
[2025-03-17T07:07:41.440+0000] {processor.py:914} INFO - Processing file /home/airflow/.local/lib/python3.12/site-packages/airflow/example_dags/example_sensors.py for tasks to queue
[2025-03-17T07:07:41.441+0000] {logging_mixin.py:190} INFO - [2025-03-17T07:07:41.441+0000] {dagbag.py:588} INFO - Filling up the DagBag from /home/airflow/.local/lib/python3.12/site-packages/airflow/example_dags/example_sensors.py
[2025-03-17T07:07:41.450+0000] {processor.py:925} INFO - DAG(s) 'example_sensors' retrieved from /home/airflow/.local/lib/python3.12/site-packages/airflow/example_dags/example_sensors.py
[2025-03-17T07:07:41.470+0000] {logging_mixin.py:190} INFO - [2025-03-17T07:07:41.469+0000] {dag.py:3239} INFO - Sync 1 DAGs
[2025-03-17T07:07:41.482+0000] {logging_mixin.py:190} INFO - [2025-03-17T07:07:41.482+0000] {dag.py:4180} INFO - Setting next_dagrun for example_sensors to None, run_after=None
[2025-03-17T07:07:41.496+0000] {processor.py:208} INFO - Processing /home/airflow/.local/lib/python3.12/site-packages/airflow/example_dags/example_sensors.py took 0.062 seconds
[2025-03-17T07:08:12.368+0000] {processor.py:186} INFO - Started process (PID=505) to work on /home/airflow/.local/lib/python3.12/site-packages/airflow/example_dags/example_sensors.py
[2025-03-17T07:08:12.369+0000] {processor.py:914} INFO - Processing file /home/airflow/.local/lib/python3.12/site-packages/airflow/example_dags/example_sensors.py for tasks to queue
[2025-03-17T07:08:12.371+0000] {logging_mixin.py:190} INFO - [2025-03-17T07:08:12.370+0000] {dagbag.py:588} INFO - Filling up the DagBag from /home/airflow/.local/lib/python3.12/site-packages/airflow/example_dags/example_sensors.py
[2025-03-17T07:08:12.379+0000] {processor.py:925} INFO - DAG(s) 'example_sensors' retrieved from /home/airflow/.local/lib/python3.12/site-packages/airflow/example_dags/example_sensors.py
[2025-03-17T07:08:12.398+0000] {logging_mixin.py:190} INFO - [2025-03-17T07:08:12.398+0000] {dag.py:3239} INFO - Sync 1 DAGs
[2025-03-17T07:08:12.410+0000] {logging_mixin.py:190} INFO - [2025-03-17T07:08:12.410+0000] {dag.py:4180} INFO - Setting next_dagrun for example_sensors to None, run_after=None
[2025-03-17T07:08:12.426+0000] {processor.py:208} INFO - Processing /home/airflow/.local/lib/python3.12/site-packages/airflow/example_dags/example_sensors.py took 0.062 seconds
[2025-03-17T07:08:43.867+0000] {processor.py:186} INFO - Started process (PID=568) to work on /home/airflow/.local/lib/python3.12/site-packages/airflow/example_dags/example_sensors.py
[2025-03-17T07:08:43.868+0000] {processor.py:914} INFO - Processing file /home/airflow/.local/lib/python3.12/site-packages/airflow/example_dags/example_sensors.py for tasks to queue
[2025-03-17T07:08:43.870+0000] {logging_mixin.py:190} INFO - [2025-03-17T07:08:43.870+0000] {dagbag.py:588} INFO - Filling up the DagBag from /home/airflow/.local/lib/python3.12/site-packages/airflow/example_dags/example_sensors.py
[2025-03-17T07:08:43.878+0000] {processor.py:925} INFO - DAG(s) 'example_sensors' retrieved from /home/airflow/.local/lib/python3.12/site-packages/airflow/example_dags/example_sensors.py
[2025-03-17T07:08:43.899+0000] {logging_mixin.py:190} INFO - [2025-03-17T07:08:43.899+0000] {dag.py:3239} INFO - Sync 1 DAGs
[2025-03-17T07:08:43.911+0000] {logging_mixin.py:190} INFO - [2025-03-17T07:08:43.911+0000] {dag.py:4180} INFO - Setting next_dagrun for example_sensors to None, run_after=None
[2025-03-17T07:08:43.927+0000] {processor.py:208} INFO - Processing /home/airflow/.local/lib/python3.12/site-packages/airflow/example_dags/example_sensors.py took 0.064 seconds
[2025-03-17T07:09:14.508+0000] {processor.py:186} INFO - Started process (PID=631) to work on /home/airflow/.local/lib/python3.12/site-packages/airflow/example_dags/example_sensors.py
[2025-03-17T07:09:14.509+0000] {processor.py:914} INFO - Processing file /home/airflow/.local/lib/python3.12/site-packages/airflow/example_dags/example_sensors.py for tasks to queue
[2025-03-17T07:09:14.510+0000] {logging_mixin.py:190} INFO - [2025-03-17T07:09:14.510+0000] {dagbag.py:588} INFO - Filling up the DagBag from /home/airflow/.local/lib/python3.12/site-packages/airflow/example_dags/example_sensors.py
[2025-03-17T07:09:14.519+0000] {processor.py:925} INFO - DAG(s) 'example_sensors' retrieved from /home/airflow/.local/lib/python3.12/site-packages/airflow/example_dags/example_sensors.py
[2025-03-17T07:09:14.539+0000] {logging_mixin.py:190} INFO - [2025-03-17T07:09:14.538+0000] {dag.py:3239} INFO - Sync 1 DAGs
[2025-03-17T07:09:14.551+0000] {logging_mixin.py:190} INFO - [2025-03-17T07:09:14.551+0000] {dag.py:4180} INFO - Setting next_dagrun for example_sensors to None, run_after=None
[2025-03-17T07:09:14.567+0000] {processor.py:208} INFO - Processing /home/airflow/.local/lib/python3.12/site-packages/airflow/example_dags/example_sensors.py took 0.064 seconds
[2025-03-17T07:09:45.661+0000] {processor.py:186} INFO - Started process (PID=694) to work on /home/airflow/.local/lib/python3.12/site-packages/airflow/example_dags/example_sensors.py
[2025-03-17T07:09:45.662+0000] {processor.py:914} INFO - Processing file /home/airflow/.local/lib/python3.12/site-packages/airflow/example_dags/example_sensors.py for tasks to queue
[2025-03-17T07:09:45.664+0000] {logging_mixin.py:190} INFO - [2025-03-17T07:09:45.664+0000] {dagbag.py:588} INFO - Filling up the DagBag from /home/airflow/.local/lib/python3.12/site-packages/airflow/example_dags/example_sensors.py
[2025-03-17T07:09:45.672+0000] {processor.py:925} INFO - DAG(s) 'example_sensors' retrieved from /home/airflow/.local/lib/python3.12/site-packages/airflow/example_dags/example_sensors.py
[2025-03-17T07:09:45.691+0000] {logging_mixin.py:190} INFO - [2025-03-17T07:09:45.691+0000] {dag.py:3239} INFO - Sync 1 DAGs
[2025-03-17T07:09:45.702+0000] {logging_mixin.py:190} INFO - [2025-03-17T07:09:45.701+0000] {dag.py:4180} INFO - Setting next_dagrun for example_sensors to None, run_after=None
[2025-03-17T07:09:45.715+0000] {processor.py:208} INFO - Processing /home/airflow/.local/lib/python3.12/site-packages/airflow/example_dags/example_sensors.py took 0.058 seconds
[2025-03-17T07:10:16.545+0000] {processor.py:186} INFO - Started process (PID=757) to work on /home/airflow/.local/lib/python3.12/site-packages/airflow/example_dags/example_sensors.py
[2025-03-17T07:10:16.546+0000] {processor.py:914} INFO - Processing file /home/airflow/.local/lib/python3.12/site-packages/airflow/example_dags/example_sensors.py for tasks to queue
[2025-03-17T07:10:16.548+0000] {logging_mixin.py:190} INFO - [2025-03-17T07:10:16.548+0000] {dagbag.py:588} INFO - Filling up the DagBag from /home/airflow/.local/lib/python3.12/site-packages/airflow/example_dags/example_sensors.py
[2025-03-17T07:10:16.556+0000] {processor.py:925} INFO - DAG(s) 'example_sensors' retrieved from /home/airflow/.local/lib/python3.12/site-packages/airflow/example_dags/example_sensors.py
[2025-03-17T07:10:16.574+0000] {logging_mixin.py:190} INFO - [2025-03-17T07:10:16.574+0000] {dag.py:3239} INFO - Sync 1 DAGs
[2025-03-17T07:10:16.584+0000] {logging_mixin.py:190} INFO - [2025-03-17T07:10:16.584+0000] {dag.py:4180} INFO - Setting next_dagrun for example_sensors to None, run_after=None
[2025-03-17T07:10:16.598+0000] {processor.py:208} INFO - Processing /home/airflow/.local/lib/python3.12/site-packages/airflow/example_dags/example_sensors.py took 0.057 seconds
[2025-03-17T07:10:48.023+0000] {processor.py:186} INFO - Started process (PID=826) to work on /home/airflow/.local/lib/python3.12/site-packages/airflow/example_dags/example_sensors.py
[2025-03-17T07:10:48.023+0000] {processor.py:914} INFO - Processing file /home/airflow/.local/lib/python3.12/site-packages/airflow/example_dags/example_sensors.py for tasks to queue
[2025-03-17T07:10:48.025+0000] {logging_mixin.py:190} INFO - [2025-03-17T07:10:48.025+0000] {dagbag.py:588} INFO - Filling up the DagBag from /home/airflow/.local/lib/python3.12/site-packages/airflow/example_dags/example_sensors.py
[2025-03-17T07:10:48.034+0000] {processor.py:925} INFO - DAG(s) 'example_sensors' retrieved from /home/airflow/.local/lib/python3.12/site-packages/airflow/example_dags/example_sensors.py
[2025-03-17T07:10:48.053+0000] {logging_mixin.py:190} INFO - [2025-03-17T07:10:48.053+0000] {dag.py:3239} INFO - Sync 1 DAGs
[2025-03-17T07:10:48.064+0000] {logging_mixin.py:190} INFO - [2025-03-17T07:10:48.063+0000] {dag.py:4180} INFO - Setting next_dagrun for example_sensors to None, run_after=None
[2025-03-17T07:10:48.076+0000] {processor.py:208} INFO - Processing /home/airflow/.local/lib/python3.12/site-packages/airflow/example_dags/example_sensors.py took 0.058 seconds
[2025-03-17T07:11:18.723+0000] {processor.py:186} INFO - Started process (PID=889) to work on /home/airflow/.local/lib/python3.12/site-packages/airflow/example_dags/example_sensors.py
[2025-03-17T07:11:18.724+0000] {processor.py:914} INFO - Processing file /home/airflow/.local/lib/python3.12/site-packages/airflow/example_dags/example_sensors.py for tasks to queue
[2025-03-17T07:11:18.726+0000] {logging_mixin.py:190} INFO - [2025-03-17T07:11:18.726+0000] {dagbag.py:588} INFO - Filling up the DagBag from /home/airflow/.local/lib/python3.12/site-packages/airflow/example_dags/example_sensors.py
[2025-03-17T07:11:18.734+0000] {processor.py:925} INFO - DAG(s) 'example_sensors' retrieved from /home/airflow/.local/lib/python3.12/site-packages/airflow/example_dags/example_sensors.py
[2025-03-17T07:11:18.754+0000] {logging_mixin.py:190} INFO - [2025-03-17T07:11:18.754+0000] {dag.py:3239} INFO - Sync 1 DAGs
[2025-03-17T07:11:18.765+0000] {logging_mixin.py:190} INFO - [2025-03-17T07:11:18.765+0000] {dag.py:4180} INFO - Setting next_dagrun for example_sensors to None, run_after=None
[2025-03-17T07:11:18.778+0000] {processor.py:208} INFO - Processing /home/airflow/.local/lib/python3.12/site-packages/airflow/example_dags/example_sensors.py took 0.059 seconds
[2025-03-17T07:11:49.378+0000] {processor.py:186} INFO - Started process (PID=952) to work on /home/airflow/.local/lib/python3.12/site-packages/airflow/example_dags/example_sensors.py
[2025-03-17T07:11:49.379+0000] {processor.py:914} INFO - Processing file /home/airflow/.local/lib/python3.12/site-packages/airflow/example_dags/example_sensors.py for tasks to queue
[2025-03-17T07:11:49.381+0000] {logging_mixin.py:190} INFO - [2025-03-17T07:11:49.381+0000] {dagbag.py:588} INFO - Filling up the DagBag from /home/airflow/.local/lib/python3.12/site-packages/airflow/example_dags/example_sensors.py
[2025-03-17T07:11:49.389+0000] {processor.py:925} INFO - DAG(s) 'example_sensors' retrieved from /home/airflow/.local/lib/python3.12/site-packages/airflow/example_dags/example_sensors.py
[2025-03-17T07:11:49.408+0000] {logging_mixin.py:190} INFO - [2025-03-17T07:11:49.408+0000] {dag.py:3239} INFO - Sync 1 DAGs
[2025-03-17T07:11:49.419+0000] {logging_mixin.py:190} INFO - [2025-03-17T07:11:49.418+0000] {dag.py:4180} INFO - Setting next_dagrun for example_sensors to None, run_after=None
[2025-03-17T07:11:49.432+0000] {processor.py:208} INFO - Processing /home/airflow/.local/lib/python3.12/site-packages/airflow/example_dags/example_sensors.py took 0.058 seconds
[2025-03-17T07:12:20.490+0000] {processor.py:186} INFO - Started process (PID=1015) to work on /home/airflow/.local/lib/python3.12/site-packages/airflow/example_dags/example_sensors.py
[2025-03-17T07:12:20.491+0000] {processor.py:914} INFO - Processing file /home/airflow/.local/lib/python3.12/site-packages/airflow/example_dags/example_sensors.py for tasks to queue
[2025-03-17T07:12:20.493+0000] {logging_mixin.py:190} INFO - [2025-03-17T07:12:20.492+0000] {dagbag.py:588} INFO - Filling up the DagBag from /home/airflow/.local/lib/python3.12/site-packages/airflow/example_dags/example_sensors.py
[2025-03-17T07:12:20.501+0000] {processor.py:925} INFO - DAG(s) 'example_sensors' retrieved from /home/airflow/.local/lib/python3.12/site-packages/airflow/example_dags/example_sensors.py
[2025-03-17T07:12:20.523+0000] {logging_mixin.py:190} INFO - [2025-03-17T07:12:20.523+0000] {dag.py:3239} INFO - Sync 1 DAGs
[2025-03-17T07:12:20.535+0000] {logging_mixin.py:190} INFO - [2025-03-17T07:12:20.535+0000] {dag.py:4180} INFO - Setting next_dagrun for example_sensors to None, run_after=None
[2025-03-17T07:12:20.548+0000] {processor.py:208} INFO - Processing /home/airflow/.local/lib/python3.12/site-packages/airflow/example_dags/example_sensors.py took 0.062 seconds
[2025-03-17T07:12:51.127+0000] {processor.py:186} INFO - Started process (PID=1078) to work on /home/airflow/.local/lib/python3.12/site-packages/airflow/example_dags/example_sensors.py
[2025-03-17T07:12:51.128+0000] {processor.py:914} INFO - Processing file /home/airflow/.local/lib/python3.12/site-packages/airflow/example_dags/example_sensors.py for tasks to queue
[2025-03-17T07:12:51.129+0000] {logging_mixin.py:190} INFO - [2025-03-17T07:12:51.129+0000] {dagbag.py:588} INFO - Filling up the DagBag from /home/airflow/.local/lib/python3.12/site-packages/airflow/example_dags/example_sensors.py
[2025-03-17T07:12:51.139+0000] {processor.py:925} INFO - DAG(s) 'example_sensors' retrieved from /home/airflow/.local/lib/python3.12/site-packages/airflow/example_dags/example_sensors.py
[2025-03-17T07:12:51.162+0000] {logging_mixin.py:190} INFO - [2025-03-17T07:12:51.162+0000] {dag.py:3239} INFO - Sync 1 DAGs
[2025-03-17T07:12:51.174+0000] {logging_mixin.py:190} INFO - [2025-03-17T07:12:51.174+0000] {dag.py:4180} INFO - Setting next_dagrun for example_sensors to None, run_after=None
[2025-03-17T07:12:51.191+0000] {processor.py:208} INFO - Processing /home/airflow/.local/lib/python3.12/site-packages/airflow/example_dags/example_sensors.py took 0.068 seconds
[2025-03-17T07:13:21.665+0000] {processor.py:186} INFO - Started process (PID=1141) to work on /home/airflow/.local/lib/python3.12/site-packages/airflow/example_dags/example_sensors.py
[2025-03-17T07:13:21.666+0000] {processor.py:914} INFO - Processing file /home/airflow/.local/lib/python3.12/site-packages/airflow/example_dags/example_sensors.py for tasks to queue
[2025-03-17T07:13:21.668+0000] {logging_mixin.py:190} INFO - [2025-03-17T07:13:21.667+0000] {dagbag.py:588} INFO - Filling up the DagBag from /home/airflow/.local/lib/python3.12/site-packages/airflow/example_dags/example_sensors.py
[2025-03-17T07:13:21.677+0000] {processor.py:925} INFO - DAG(s) 'example_sensors' retrieved from /home/airflow/.local/lib/python3.12/site-packages/airflow/example_dags/example_sensors.py
[2025-03-17T07:13:21.697+0000] {logging_mixin.py:190} INFO - [2025-03-17T07:13:21.697+0000] {dag.py:3239} INFO - Sync 1 DAGs
[2025-03-17T07:13:21.709+0000] {logging_mixin.py:190} INFO - [2025-03-17T07:13:21.709+0000] {dag.py:4180} INFO - Setting next_dagrun for example_sensors to None, run_after=None
[2025-03-17T07:13:21.723+0000] {processor.py:208} INFO - Processing /home/airflow/.local/lib/python3.12/site-packages/airflow/example_dags/example_sensors.py took 0.062 seconds
[2025-03-17T07:13:52.114+0000] {processor.py:186} INFO - Started process (PID=1203) to work on /home/airflow/.local/lib/python3.12/site-packages/airflow/example_dags/example_sensors.py
[2025-03-17T07:13:52.115+0000] {processor.py:914} INFO - Processing file /home/airflow/.local/lib/python3.12/site-packages/airflow/example_dags/example_sensors.py for tasks to queue
[2025-03-17T07:13:52.117+0000] {logging_mixin.py:190} INFO - [2025-03-17T07:13:52.116+0000] {dagbag.py:588} INFO - Filling up the DagBag from /home/airflow/.local/lib/python3.12/site-packages/airflow/example_dags/example_sensors.py
[2025-03-17T07:13:52.124+0000] {processor.py:925} INFO - DAG(s) 'example_sensors' retrieved from /home/airflow/.local/lib/python3.12/site-packages/airflow/example_dags/example_sensors.py
[2025-03-17T07:13:52.145+0000] {logging_mixin.py:190} INFO - [2025-03-17T07:13:52.145+0000] {dag.py:3239} INFO - Sync 1 DAGs
[2025-03-17T07:13:52.156+0000] {logging_mixin.py:190} INFO - [2025-03-17T07:13:52.156+0000] {dag.py:4180} INFO - Setting next_dagrun for example_sensors to None, run_after=None
[2025-03-17T07:13:52.170+0000] {processor.py:208} INFO - Processing /home/airflow/.local/lib/python3.12/site-packages/airflow/example_dags/example_sensors.py took 0.060 seconds
[2025-03-17T07:14:23.958+0000] {processor.py:186} INFO - Started process (PID=1267) to work on /home/airflow/.local/lib/python3.12/site-packages/airflow/example_dags/example_sensors.py
[2025-03-17T07:14:23.959+0000] {processor.py:914} INFO - Processing file /home/airflow/.local/lib/python3.12/site-packages/airflow/example_dags/example_sensors.py for tasks to queue
[2025-03-17T07:14:23.961+0000] {logging_mixin.py:190} INFO - [2025-03-17T07:14:23.961+0000] {dagbag.py:588} INFO - Filling up the DagBag from /home/airflow/.local/lib/python3.12/site-packages/airflow/example_dags/example_sensors.py
[2025-03-17T07:14:23.969+0000] {processor.py:925} INFO - DAG(s) 'example_sensors' retrieved from /home/airflow/.local/lib/python3.12/site-packages/airflow/example_dags/example_sensors.py
[2025-03-17T07:14:23.988+0000] {logging_mixin.py:190} INFO - [2025-03-17T07:14:23.988+0000] {dag.py:3239} INFO - Sync 1 DAGs
[2025-03-17T07:14:23.999+0000] {logging_mixin.py:190} INFO - [2025-03-17T07:14:23.999+0000] {dag.py:4180} INFO - Setting next_dagrun for example_sensors to None, run_after=None
[2025-03-17T07:14:24.013+0000] {processor.py:208} INFO - Processing /home/airflow/.local/lib/python3.12/site-packages/airflow/example_dags/example_sensors.py took 0.060 seconds
