[2025-03-17T07:05:06.798+0000] {processor.py:186} INFO - Started process (PID=105) to work on /home/airflow/.local/lib/python3.12/site-packages/airflow/example_dags/example_branch_operator.py
[2025-03-17T07:05:06.798+0000] {processor.py:914} INFO - Processing file /home/airflow/.local/lib/python3.12/site-packages/airflow/example_dags/example_branch_operator.py for tasks to queue
[2025-03-17T07:05:06.800+0000] {logging_mixin.py:190} INFO - [2025-03-17T07:05:06.800+0000] {dagbag.py:588} INFO - Filling up the DagBag from /home/airflow/.local/lib/python3.12/site-packages/airflow/example_dags/example_branch_operator.py
[2025-03-17T07:05:06.816+0000] {processor.py:925} INFO - DAG(s) 'example_branch_operator' retrieved from /home/airflow/.local/lib/python3.12/site-packages/airflow/example_dags/example_branch_operator.py
[2025-03-17T07:05:06.918+0000] {logging_mixin.py:190} INFO - [2025-03-17T07:05:06.917+0000] {dag.py:3239} INFO - Sync 1 DAGs
[2025-03-17T07:05:06.936+0000] {logging_mixin.py:190} INFO - [2025-03-17T07:05:06.936+0000] {dag.py:4180} INFO - Setting next_dagrun for example_branch_operator to 2025-03-17 00:00:00+00:00, run_after=2025-03-18 00:00:00+00:00
[2025-03-17T07:05:06.953+0000] {processor.py:208} INFO - Processing /home/airflow/.local/lib/python3.12/site-packages/airflow/example_dags/example_branch_operator.py took 0.160 seconds
[2025-03-17T07:05:37.693+0000] {processor.py:186} INFO - Started process (PID=188) to work on /home/airflow/.local/lib/python3.12/site-packages/airflow/example_dags/example_branch_operator.py
[2025-03-17T07:05:37.693+0000] {processor.py:914} INFO - Processing file /home/airflow/.local/lib/python3.12/site-packages/airflow/example_dags/example_branch_operator.py for tasks to queue
[2025-03-17T07:05:37.695+0000] {logging_mixin.py:190} INFO - [2025-03-17T07:05:37.695+0000] {dagbag.py:588} INFO - Filling up the DagBag from /home/airflow/.local/lib/python3.12/site-packages/airflow/example_dags/example_branch_operator.py
[2025-03-17T07:05:37.709+0000] {processor.py:925} INFO - DAG(s) 'example_branch_operator' retrieved from /home/airflow/.local/lib/python3.12/site-packages/airflow/example_dags/example_branch_operator.py
[2025-03-17T07:05:37.731+0000] {logging_mixin.py:190} INFO - [2025-03-17T07:05:37.731+0000] {dag.py:3239} INFO - Sync 1 DAGs
[2025-03-17T07:05:37.751+0000] {logging_mixin.py:190} INFO - [2025-03-17T07:05:37.750+0000] {dag.py:4180} INFO - Setting next_dagrun for example_branch_operator to 2025-03-17 00:00:00+00:00, run_after=2025-03-18 00:00:00+00:00
[2025-03-17T07:05:37.764+0000] {processor.py:208} INFO - Processing /home/airflow/.local/lib/python3.12/site-packages/airflow/example_dags/example_branch_operator.py took 0.076 seconds
[2025-03-17T07:06:08.563+0000] {processor.py:186} INFO - Started process (PID=251) to work on /home/airflow/.local/lib/python3.12/site-packages/airflow/example_dags/example_branch_operator.py
[2025-03-17T07:06:08.564+0000] {processor.py:914} INFO - Processing file /home/airflow/.local/lib/python3.12/site-packages/airflow/example_dags/example_branch_operator.py for tasks to queue
[2025-03-17T07:06:08.566+0000] {logging_mixin.py:190} INFO - [2025-03-17T07:06:08.565+0000] {dagbag.py:588} INFO - Filling up the DagBag from /home/airflow/.local/lib/python3.12/site-packages/airflow/example_dags/example_branch_operator.py
[2025-03-17T07:06:08.580+0000] {processor.py:925} INFO - DAG(s) 'example_branch_operator' retrieved from /home/airflow/.local/lib/python3.12/site-packages/airflow/example_dags/example_branch_operator.py
[2025-03-17T07:06:08.604+0000] {logging_mixin.py:190} INFO - [2025-03-17T07:06:08.603+0000] {dag.py:3239} INFO - Sync 1 DAGs
[2025-03-17T07:06:08.624+0000] {logging_mixin.py:190} INFO - [2025-03-17T07:06:08.623+0000] {dag.py:4180} INFO - Setting next_dagrun for example_branch_operator to 2025-03-17 00:00:00+00:00, run_after=2025-03-18 00:00:00+00:00
[2025-03-17T07:06:08.640+0000] {processor.py:208} INFO - Processing /home/airflow/.local/lib/python3.12/site-packages/airflow/example_dags/example_branch_operator.py took 0.081 seconds
[2025-03-17T07:06:39.365+0000] {processor.py:186} INFO - Started process (PID=314) to work on /home/airflow/.local/lib/python3.12/site-packages/airflow/example_dags/example_branch_operator.py
[2025-03-17T07:06:39.366+0000] {processor.py:914} INFO - Processing file /home/airflow/.local/lib/python3.12/site-packages/airflow/example_dags/example_branch_operator.py for tasks to queue
[2025-03-17T07:06:39.368+0000] {logging_mixin.py:190} INFO - [2025-03-17T07:06:39.368+0000] {dagbag.py:588} INFO - Filling up the DagBag from /home/airflow/.local/lib/python3.12/site-packages/airflow/example_dags/example_branch_operator.py
[2025-03-17T07:06:39.385+0000] {processor.py:925} INFO - DAG(s) 'example_branch_operator' retrieved from /home/airflow/.local/lib/python3.12/site-packages/airflow/example_dags/example_branch_operator.py
[2025-03-17T07:06:39.409+0000] {logging_mixin.py:190} INFO - [2025-03-17T07:06:39.409+0000] {dag.py:3239} INFO - Sync 1 DAGs
[2025-03-17T07:06:39.433+0000] {logging_mixin.py:190} INFO - [2025-03-17T07:06:39.433+0000] {dag.py:4180} INFO - Setting next_dagrun for example_branch_operator to 2025-03-17 00:00:00+00:00, run_after=2025-03-18 00:00:00+00:00
[2025-03-17T07:06:39.452+0000] {processor.py:208} INFO - Processing /home/airflow/.local/lib/python3.12/site-packages/airflow/example_dags/example_branch_operator.py took 0.092 seconds
[2025-03-17T07:07:10.450+0000] {processor.py:186} INFO - Started process (PID=377) to work on /home/airflow/.local/lib/python3.12/site-packages/airflow/example_dags/example_branch_operator.py
[2025-03-17T07:07:10.451+0000] {processor.py:914} INFO - Processing file /home/airflow/.local/lib/python3.12/site-packages/airflow/example_dags/example_branch_operator.py for tasks to queue
[2025-03-17T07:07:10.453+0000] {logging_mixin.py:190} INFO - [2025-03-17T07:07:10.452+0000] {dagbag.py:588} INFO - Filling up the DagBag from /home/airflow/.local/lib/python3.12/site-packages/airflow/example_dags/example_branch_operator.py
[2025-03-17T07:07:10.466+0000] {processor.py:925} INFO - DAG(s) 'example_branch_operator' retrieved from /home/airflow/.local/lib/python3.12/site-packages/airflow/example_dags/example_branch_operator.py
[2025-03-17T07:07:10.486+0000] {logging_mixin.py:190} INFO - [2025-03-17T07:07:10.486+0000] {dag.py:3239} INFO - Sync 1 DAGs
[2025-03-17T07:07:10.505+0000] {logging_mixin.py:190} INFO - [2025-03-17T07:07:10.505+0000] {dag.py:4180} INFO - Setting next_dagrun for example_branch_operator to 2025-03-17 00:00:00+00:00, run_after=2025-03-18 00:00:00+00:00
[2025-03-17T07:07:10.519+0000] {processor.py:208} INFO - Processing /home/airflow/.local/lib/python3.12/site-packages/airflow/example_dags/example_branch_operator.py took 0.073 seconds
[2025-03-17T07:07:41.340+0000] {processor.py:186} INFO - Started process (PID=440) to work on /home/airflow/.local/lib/python3.12/site-packages/airflow/example_dags/example_branch_operator.py
[2025-03-17T07:07:41.340+0000] {processor.py:914} INFO - Processing file /home/airflow/.local/lib/python3.12/site-packages/airflow/example_dags/example_branch_operator.py for tasks to queue
[2025-03-17T07:07:41.342+0000] {logging_mixin.py:190} INFO - [2025-03-17T07:07:41.342+0000] {dagbag.py:588} INFO - Filling up the DagBag from /home/airflow/.local/lib/python3.12/site-packages/airflow/example_dags/example_branch_operator.py
[2025-03-17T07:07:41.354+0000] {processor.py:925} INFO - DAG(s) 'example_branch_operator' retrieved from /home/airflow/.local/lib/python3.12/site-packages/airflow/example_dags/example_branch_operator.py
[2025-03-17T07:07:41.376+0000] {logging_mixin.py:190} INFO - [2025-03-17T07:07:41.376+0000] {dag.py:3239} INFO - Sync 1 DAGs
[2025-03-17T07:07:41.395+0000] {logging_mixin.py:190} INFO - [2025-03-17T07:07:41.395+0000] {dag.py:4180} INFO - Setting next_dagrun for example_branch_operator to 2025-03-17 00:00:00+00:00, run_after=2025-03-18 00:00:00+00:00
[2025-03-17T07:07:41.410+0000] {processor.py:208} INFO - Processing /home/airflow/.local/lib/python3.12/site-packages/airflow/example_dags/example_branch_operator.py took 0.075 seconds
[2025-03-17T07:08:12.284+0000] {processor.py:186} INFO - Started process (PID=503) to work on /home/airflow/.local/lib/python3.12/site-packages/airflow/example_dags/example_branch_operator.py
[2025-03-17T07:08:12.284+0000] {processor.py:914} INFO - Processing file /home/airflow/.local/lib/python3.12/site-packages/airflow/example_dags/example_branch_operator.py for tasks to queue
[2025-03-17T07:08:12.286+0000] {logging_mixin.py:190} INFO - [2025-03-17T07:08:12.286+0000] {dagbag.py:588} INFO - Filling up the DagBag from /home/airflow/.local/lib/python3.12/site-packages/airflow/example_dags/example_branch_operator.py
[2025-03-17T07:08:12.300+0000] {processor.py:925} INFO - DAG(s) 'example_branch_operator' retrieved from /home/airflow/.local/lib/python3.12/site-packages/airflow/example_dags/example_branch_operator.py
[2025-03-17T07:08:12.321+0000] {logging_mixin.py:190} INFO - [2025-03-17T07:08:12.321+0000] {dag.py:3239} INFO - Sync 1 DAGs
[2025-03-17T07:08:12.342+0000] {logging_mixin.py:190} INFO - [2025-03-17T07:08:12.342+0000] {dag.py:4180} INFO - Setting next_dagrun for example_branch_operator to 2025-03-17 00:00:00+00:00, run_after=2025-03-18 00:00:00+00:00
[2025-03-17T07:08:12.356+0000] {processor.py:208} INFO - Processing /home/airflow/.local/lib/python3.12/site-packages/airflow/example_dags/example_branch_operator.py took 0.077 seconds
[2025-03-17T07:08:43.764+0000] {processor.py:186} INFO - Started process (PID=566) to work on /home/airflow/.local/lib/python3.12/site-packages/airflow/example_dags/example_branch_operator.py
[2025-03-17T07:08:43.765+0000] {processor.py:914} INFO - Processing file /home/airflow/.local/lib/python3.12/site-packages/airflow/example_dags/example_branch_operator.py for tasks to queue
[2025-03-17T07:08:43.767+0000] {logging_mixin.py:190} INFO - [2025-03-17T07:08:43.766+0000] {dagbag.py:588} INFO - Filling up the DagBag from /home/airflow/.local/lib/python3.12/site-packages/airflow/example_dags/example_branch_operator.py
[2025-03-17T07:08:43.780+0000] {processor.py:925} INFO - DAG(s) 'example_branch_operator' retrieved from /home/airflow/.local/lib/python3.12/site-packages/airflow/example_dags/example_branch_operator.py
[2025-03-17T07:08:43.804+0000] {logging_mixin.py:190} INFO - [2025-03-17T07:08:43.804+0000] {dag.py:3239} INFO - Sync 1 DAGs
[2025-03-17T07:08:43.824+0000] {logging_mixin.py:190} INFO - [2025-03-17T07:08:43.824+0000] {dag.py:4180} INFO - Setting next_dagrun for example_branch_operator to 2025-03-17 00:00:00+00:00, run_after=2025-03-18 00:00:00+00:00
[2025-03-17T07:08:43.838+0000] {processor.py:208} INFO - Processing /home/airflow/.local/lib/python3.12/site-packages/airflow/example_dags/example_branch_operator.py took 0.079 seconds
[2025-03-17T07:09:14.396+0000] {processor.py:186} INFO - Started process (PID=629) to work on /home/airflow/.local/lib/python3.12/site-packages/airflow/example_dags/example_branch_operator.py
[2025-03-17T07:09:14.397+0000] {processor.py:914} INFO - Processing file /home/airflow/.local/lib/python3.12/site-packages/airflow/example_dags/example_branch_operator.py for tasks to queue
[2025-03-17T07:09:14.400+0000] {logging_mixin.py:190} INFO - [2025-03-17T07:09:14.399+0000] {dagbag.py:588} INFO - Filling up the DagBag from /home/airflow/.local/lib/python3.12/site-packages/airflow/example_dags/example_branch_operator.py
[2025-03-17T07:09:14.415+0000] {processor.py:925} INFO - DAG(s) 'example_branch_operator' retrieved from /home/airflow/.local/lib/python3.12/site-packages/airflow/example_dags/example_branch_operator.py
[2025-03-17T07:09:14.441+0000] {logging_mixin.py:190} INFO - [2025-03-17T07:09:14.441+0000] {dag.py:3239} INFO - Sync 1 DAGs
[2025-03-17T07:09:14.465+0000] {logging_mixin.py:190} INFO - [2025-03-17T07:09:14.465+0000] {dag.py:4180} INFO - Setting next_dagrun for example_branch_operator to 2025-03-17 00:00:00+00:00, run_after=2025-03-18 00:00:00+00:00
[2025-03-17T07:09:14.479+0000] {processor.py:208} INFO - Processing /home/airflow/.local/lib/python3.12/site-packages/airflow/example_dags/example_branch_operator.py took 0.088 seconds
[2025-03-17T07:09:45.564+0000] {processor.py:186} INFO - Started process (PID=692) to work on /home/airflow/.local/lib/python3.12/site-packages/airflow/example_dags/example_branch_operator.py
[2025-03-17T07:09:45.565+0000] {processor.py:914} INFO - Processing file /home/airflow/.local/lib/python3.12/site-packages/airflow/example_dags/example_branch_operator.py for tasks to queue
[2025-03-17T07:09:45.567+0000] {logging_mixin.py:190} INFO - [2025-03-17T07:09:45.566+0000] {dagbag.py:588} INFO - Filling up the DagBag from /home/airflow/.local/lib/python3.12/site-packages/airflow/example_dags/example_branch_operator.py
[2025-03-17T07:09:45.579+0000] {processor.py:925} INFO - DAG(s) 'example_branch_operator' retrieved from /home/airflow/.local/lib/python3.12/site-packages/airflow/example_dags/example_branch_operator.py
[2025-03-17T07:09:45.601+0000] {logging_mixin.py:190} INFO - [2025-03-17T07:09:45.601+0000] {dag.py:3239} INFO - Sync 1 DAGs
[2025-03-17T07:09:45.620+0000] {logging_mixin.py:190} INFO - [2025-03-17T07:09:45.619+0000] {dag.py:4180} INFO - Setting next_dagrun for example_branch_operator to 2025-03-17 00:00:00+00:00, run_after=2025-03-18 00:00:00+00:00
[2025-03-17T07:09:45.634+0000] {processor.py:208} INFO - Processing /home/airflow/.local/lib/python3.12/site-packages/airflow/example_dags/example_branch_operator.py took 0.074 seconds
[2025-03-17T07:10:16.439+0000] {processor.py:186} INFO - Started process (PID=755) to work on /home/airflow/.local/lib/python3.12/site-packages/airflow/example_dags/example_branch_operator.py
[2025-03-17T07:10:16.440+0000] {processor.py:914} INFO - Processing file /home/airflow/.local/lib/python3.12/site-packages/airflow/example_dags/example_branch_operator.py for tasks to queue
[2025-03-17T07:10:16.442+0000] {logging_mixin.py:190} INFO - [2025-03-17T07:10:16.441+0000] {dagbag.py:588} INFO - Filling up the DagBag from /home/airflow/.local/lib/python3.12/site-packages/airflow/example_dags/example_branch_operator.py
[2025-03-17T07:10:16.456+0000] {processor.py:925} INFO - DAG(s) 'example_branch_operator' retrieved from /home/airflow/.local/lib/python3.12/site-packages/airflow/example_dags/example_branch_operator.py
[2025-03-17T07:10:16.480+0000] {logging_mixin.py:190} INFO - [2025-03-17T07:10:16.479+0000] {dag.py:3239} INFO - Sync 1 DAGs
[2025-03-17T07:10:16.498+0000] {logging_mixin.py:190} INFO - [2025-03-17T07:10:16.498+0000] {dag.py:4180} INFO - Setting next_dagrun for example_branch_operator to 2025-03-17 00:00:00+00:00, run_after=2025-03-18 00:00:00+00:00
[2025-03-17T07:10:16.512+0000] {processor.py:208} INFO - Processing /home/airflow/.local/lib/python3.12/site-packages/airflow/example_dags/example_branch_operator.py took 0.078 seconds
[2025-03-17T07:10:47.941+0000] {processor.py:186} INFO - Started process (PID=824) to work on /home/airflow/.local/lib/python3.12/site-packages/airflow/example_dags/example_branch_operator.py
[2025-03-17T07:10:47.941+0000] {processor.py:914} INFO - Processing file /home/airflow/.local/lib/python3.12/site-packages/airflow/example_dags/example_branch_operator.py for tasks to queue
[2025-03-17T07:10:47.943+0000] {logging_mixin.py:190} INFO - [2025-03-17T07:10:47.943+0000] {dagbag.py:588} INFO - Filling up the DagBag from /home/airflow/.local/lib/python3.12/site-packages/airflow/example_dags/example_branch_operator.py
[2025-03-17T07:10:47.956+0000] {processor.py:925} INFO - DAG(s) 'example_branch_operator' retrieved from /home/airflow/.local/lib/python3.12/site-packages/airflow/example_dags/example_branch_operator.py
[2025-03-17T07:10:47.979+0000] {logging_mixin.py:190} INFO - [2025-03-17T07:10:47.978+0000] {dag.py:3239} INFO - Sync 1 DAGs
[2025-03-17T07:10:47.997+0000] {logging_mixin.py:190} INFO - [2025-03-17T07:10:47.997+0000] {dag.py:4180} INFO - Setting next_dagrun for example_branch_operator to 2025-03-17 00:00:00+00:00, run_after=2025-03-18 00:00:00+00:00
[2025-03-17T07:10:48.010+0000] {processor.py:208} INFO - Processing /home/airflow/.local/lib/python3.12/site-packages/airflow/example_dags/example_branch_operator.py took 0.074 seconds
[2025-03-17T07:11:18.627+0000] {processor.py:186} INFO - Started process (PID=887) to work on /home/airflow/.local/lib/python3.12/site-packages/airflow/example_dags/example_branch_operator.py
[2025-03-17T07:11:18.628+0000] {processor.py:914} INFO - Processing file /home/airflow/.local/lib/python3.12/site-packages/airflow/example_dags/example_branch_operator.py for tasks to queue
[2025-03-17T07:11:18.630+0000] {logging_mixin.py:190} INFO - [2025-03-17T07:11:18.630+0000] {dagbag.py:588} INFO - Filling up the DagBag from /home/airflow/.local/lib/python3.12/site-packages/airflow/example_dags/example_branch_operator.py
[2025-03-17T07:11:18.643+0000] {processor.py:925} INFO - DAG(s) 'example_branch_operator' retrieved from /home/airflow/.local/lib/python3.12/site-packages/airflow/example_dags/example_branch_operator.py
[2025-03-17T07:11:18.665+0000] {logging_mixin.py:190} INFO - [2025-03-17T07:11:18.665+0000] {dag.py:3239} INFO - Sync 1 DAGs
[2025-03-17T07:11:18.683+0000] {logging_mixin.py:190} INFO - [2025-03-17T07:11:18.683+0000] {dag.py:4180} INFO - Setting next_dagrun for example_branch_operator to 2025-03-17 00:00:00+00:00, run_after=2025-03-18 00:00:00+00:00
[2025-03-17T07:11:18.696+0000] {processor.py:208} INFO - Processing /home/airflow/.local/lib/python3.12/site-packages/airflow/example_dags/example_branch_operator.py took 0.073 seconds
[2025-03-17T07:11:49.271+0000] {processor.py:186} INFO - Started process (PID=950) to work on /home/airflow/.local/lib/python3.12/site-packages/airflow/example_dags/example_branch_operator.py
[2025-03-17T07:11:49.272+0000] {processor.py:914} INFO - Processing file /home/airflow/.local/lib/python3.12/site-packages/airflow/example_dags/example_branch_operator.py for tasks to queue
[2025-03-17T07:11:49.274+0000] {logging_mixin.py:190} INFO - [2025-03-17T07:11:49.274+0000] {dagbag.py:588} INFO - Filling up the DagBag from /home/airflow/.local/lib/python3.12/site-packages/airflow/example_dags/example_branch_operator.py
[2025-03-17T07:11:49.290+0000] {processor.py:925} INFO - DAG(s) 'example_branch_operator' retrieved from /home/airflow/.local/lib/python3.12/site-packages/airflow/example_dags/example_branch_operator.py
[2025-03-17T07:11:49.315+0000] {logging_mixin.py:190} INFO - [2025-03-17T07:11:49.315+0000] {dag.py:3239} INFO - Sync 1 DAGs
[2025-03-17T07:11:49.333+0000] {logging_mixin.py:190} INFO - [2025-03-17T07:11:49.333+0000] {dag.py:4180} INFO - Setting next_dagrun for example_branch_operator to 2025-03-17 00:00:00+00:00, run_after=2025-03-18 00:00:00+00:00
[2025-03-17T07:11:49.347+0000] {processor.py:208} INFO - Processing /home/airflow/.local/lib/python3.12/site-packages/airflow/example_dags/example_branch_operator.py took 0.081 seconds
[2025-03-17T07:12:20.396+0000] {processor.py:186} INFO - Started process (PID=1013) to work on /home/airflow/.local/lib/python3.12/site-packages/airflow/example_dags/example_branch_operator.py
[2025-03-17T07:12:20.396+0000] {processor.py:914} INFO - Processing file /home/airflow/.local/lib/python3.12/site-packages/airflow/example_dags/example_branch_operator.py for tasks to queue
[2025-03-17T07:12:20.398+0000] {logging_mixin.py:190} INFO - [2025-03-17T07:12:20.398+0000] {dagbag.py:588} INFO - Filling up the DagBag from /home/airflow/.local/lib/python3.12/site-packages/airflow/example_dags/example_branch_operator.py
[2025-03-17T07:12:20.412+0000] {processor.py:925} INFO - DAG(s) 'example_branch_operator' retrieved from /home/airflow/.local/lib/python3.12/site-packages/airflow/example_dags/example_branch_operator.py
[2025-03-17T07:12:20.434+0000] {logging_mixin.py:190} INFO - [2025-03-17T07:12:20.434+0000] {dag.py:3239} INFO - Sync 1 DAGs
[2025-03-17T07:12:20.452+0000] {logging_mixin.py:190} INFO - [2025-03-17T07:12:20.452+0000] {dag.py:4180} INFO - Setting next_dagrun for example_branch_operator to 2025-03-17 00:00:00+00:00, run_after=2025-03-18 00:00:00+00:00
[2025-03-17T07:12:20.464+0000] {processor.py:208} INFO - Processing /home/airflow/.local/lib/python3.12/site-packages/airflow/example_dags/example_branch_operator.py took 0.073 seconds
[2025-03-17T07:12:50.929+0000] {processor.py:186} INFO - Started process (PID=1076) to work on /home/airflow/.local/lib/python3.12/site-packages/airflow/example_dags/example_branch_operator.py
[2025-03-17T07:12:50.930+0000] {processor.py:914} INFO - Processing file /home/airflow/.local/lib/python3.12/site-packages/airflow/example_dags/example_branch_operator.py for tasks to queue
[2025-03-17T07:12:50.932+0000] {logging_mixin.py:190} INFO - [2025-03-17T07:12:50.932+0000] {dagbag.py:588} INFO - Filling up the DagBag from /home/airflow/.local/lib/python3.12/site-packages/airflow/example_dags/example_branch_operator.py
[2025-03-17T07:12:50.946+0000] {processor.py:925} INFO - DAG(s) 'example_branch_operator' retrieved from /home/airflow/.local/lib/python3.12/site-packages/airflow/example_dags/example_branch_operator.py
[2025-03-17T07:12:50.971+0000] {logging_mixin.py:190} INFO - [2025-03-17T07:12:50.971+0000] {dag.py:3239} INFO - Sync 1 DAGs
[2025-03-17T07:12:50.992+0000] {logging_mixin.py:190} INFO - [2025-03-17T07:12:50.991+0000] {dag.py:4180} INFO - Setting next_dagrun for example_branch_operator to 2025-03-17 00:00:00+00:00, run_after=2025-03-18 00:00:00+00:00
[2025-03-17T07:12:51.009+0000] {processor.py:208} INFO - Processing /home/airflow/.local/lib/python3.12/site-packages/airflow/example_dags/example_branch_operator.py took 0.085 seconds
[2025-03-17T07:13:21.477+0000] {processor.py:186} INFO - Started process (PID=1138) to work on /home/airflow/.local/lib/python3.12/site-packages/airflow/example_dags/example_branch_operator.py
[2025-03-17T07:13:21.478+0000] {processor.py:914} INFO - Processing file /home/airflow/.local/lib/python3.12/site-packages/airflow/example_dags/example_branch_operator.py for tasks to queue
[2025-03-17T07:13:21.480+0000] {logging_mixin.py:190} INFO - [2025-03-17T07:13:21.480+0000] {dagbag.py:588} INFO - Filling up the DagBag from /home/airflow/.local/lib/python3.12/site-packages/airflow/example_dags/example_branch_operator.py
[2025-03-17T07:13:21.493+0000] {processor.py:925} INFO - DAG(s) 'example_branch_operator' retrieved from /home/airflow/.local/lib/python3.12/site-packages/airflow/example_dags/example_branch_operator.py
[2025-03-17T07:13:21.515+0000] {logging_mixin.py:190} INFO - [2025-03-17T07:13:21.515+0000] {dag.py:3239} INFO - Sync 1 DAGs
[2025-03-17T07:13:21.533+0000] {logging_mixin.py:190} INFO - [2025-03-17T07:13:21.533+0000] {dag.py:4180} INFO - Setting next_dagrun for example_branch_operator to 2025-03-17 00:00:00+00:00, run_after=2025-03-18 00:00:00+00:00
[2025-03-17T07:13:21.545+0000] {processor.py:208} INFO - Processing /home/airflow/.local/lib/python3.12/site-packages/airflow/example_dags/example_branch_operator.py took 0.073 seconds
[2025-03-17T07:13:52.017+0000] {processor.py:186} INFO - Started process (PID=1201) to work on /home/airflow/.local/lib/python3.12/site-packages/airflow/example_dags/example_branch_operator.py
[2025-03-17T07:13:52.017+0000] {processor.py:914} INFO - Processing file /home/airflow/.local/lib/python3.12/site-packages/airflow/example_dags/example_branch_operator.py for tasks to queue
[2025-03-17T07:13:52.019+0000] {logging_mixin.py:190} INFO - [2025-03-17T07:13:52.019+0000] {dagbag.py:588} INFO - Filling up the DagBag from /home/airflow/.local/lib/python3.12/site-packages/airflow/example_dags/example_branch_operator.py
[2025-03-17T07:13:52.033+0000] {processor.py:925} INFO - DAG(s) 'example_branch_operator' retrieved from /home/airflow/.local/lib/python3.12/site-packages/airflow/example_dags/example_branch_operator.py
[2025-03-17T07:13:52.054+0000] {logging_mixin.py:190} INFO - [2025-03-17T07:13:52.053+0000] {dag.py:3239} INFO - Sync 1 DAGs
[2025-03-17T07:13:52.073+0000] {logging_mixin.py:190} INFO - [2025-03-17T07:13:52.073+0000] {dag.py:4180} INFO - Setting next_dagrun for example_branch_operator to 2025-03-17 00:00:00+00:00, run_after=2025-03-18 00:00:00+00:00
[2025-03-17T07:13:52.087+0000] {processor.py:208} INFO - Processing /home/airflow/.local/lib/python3.12/site-packages/airflow/example_dags/example_branch_operator.py took 0.075 seconds
[2025-03-17T07:14:23.852+0000] {processor.py:186} INFO - Started process (PID=1265) to work on /home/airflow/.local/lib/python3.12/site-packages/airflow/example_dags/example_branch_operator.py
[2025-03-17T07:14:23.853+0000] {processor.py:914} INFO - Processing file /home/airflow/.local/lib/python3.12/site-packages/airflow/example_dags/example_branch_operator.py for tasks to queue
[2025-03-17T07:14:23.855+0000] {logging_mixin.py:190} INFO - [2025-03-17T07:14:23.854+0000] {dagbag.py:588} INFO - Filling up the DagBag from /home/airflow/.local/lib/python3.12/site-packages/airflow/example_dags/example_branch_operator.py
[2025-03-17T07:14:23.868+0000] {processor.py:925} INFO - DAG(s) 'example_branch_operator' retrieved from /home/airflow/.local/lib/python3.12/site-packages/airflow/example_dags/example_branch_operator.py
[2025-03-17T07:14:23.892+0000] {logging_mixin.py:190} INFO - [2025-03-17T07:14:23.892+0000] {dag.py:3239} INFO - Sync 1 DAGs
[2025-03-17T07:14:23.911+0000] {logging_mixin.py:190} INFO - [2025-03-17T07:14:23.911+0000] {dag.py:4180} INFO - Setting next_dagrun for example_branch_operator to 2025-03-17 00:00:00+00:00, run_after=2025-03-18 00:00:00+00:00
[2025-03-17T07:14:23.925+0000] {processor.py:208} INFO - Processing /home/airflow/.local/lib/python3.12/site-packages/airflow/example_dags/example_branch_operator.py took 0.078 seconds
