[2025-03-17T07:05:05.320+0000] {processor.py:186} INFO - Started process (PID=87) to work on /home/airflow/.local/lib/python3.12/site-packages/airflow/example_dags/example_display_name.py
[2025-03-17T07:05:05.321+0000] {processor.py:914} INFO - Processing file /home/airflow/.local/lib/python3.12/site-packages/airflow/example_dags/example_display_name.py for tasks to queue
[2025-03-17T07:05:05.323+0000] {logging_mixin.py:190} INFO - [2025-03-17T07:05:05.323+0000] {dagbag.py:588} INFO - Filling up the DagBag from /home/airflow/.local/lib/python3.12/site-packages/airflow/example_dags/example_display_name.py
[2025-03-17T07:05:05.330+0000] {processor.py:925} INFO - DAG(s) 'example_display_name' retrieved from /home/airflow/.local/lib/python3.12/site-packages/airflow/example_dags/example_display_name.py
[2025-03-17T07:05:05.347+0000] {logging_mixin.py:190} INFO - [2025-03-17T07:05:05.347+0000] {dag.py:3239} INFO - Sync 1 DAGs
[2025-03-17T07:05:05.359+0000] {logging_mixin.py:190} INFO - [2025-03-17T07:05:05.359+0000] {dag.py:4180} INFO - Setting next_dagrun for example_display_name to None, run_after=None
[2025-03-17T07:05:05.377+0000] {processor.py:208} INFO - Processing /home/airflow/.local/lib/python3.12/site-packages/airflow/example_dags/example_display_name.py took 0.060 seconds
[2025-03-17T07:05:36.323+0000] {processor.py:186} INFO - Started process (PID=170) to work on /home/airflow/.local/lib/python3.12/site-packages/airflow/example_dags/example_display_name.py
[2025-03-17T07:05:36.324+0000] {processor.py:914} INFO - Processing file /home/airflow/.local/lib/python3.12/site-packages/airflow/example_dags/example_display_name.py for tasks to queue
[2025-03-17T07:05:36.325+0000] {logging_mixin.py:190} INFO - [2025-03-17T07:05:36.325+0000] {dagbag.py:588} INFO - Filling up the DagBag from /home/airflow/.local/lib/python3.12/site-packages/airflow/example_dags/example_display_name.py
[2025-03-17T07:05:36.331+0000] {processor.py:925} INFO - DAG(s) 'example_display_name' retrieved from /home/airflow/.local/lib/python3.12/site-packages/airflow/example_dags/example_display_name.py
[2025-03-17T07:05:36.345+0000] {logging_mixin.py:190} INFO - [2025-03-17T07:05:36.345+0000] {dag.py:3239} INFO - Sync 1 DAGs
[2025-03-17T07:05:36.356+0000] {logging_mixin.py:190} INFO - [2025-03-17T07:05:36.356+0000] {dag.py:4180} INFO - Setting next_dagrun for example_display_name to None, run_after=None
[2025-03-17T07:05:36.370+0000] {processor.py:208} INFO - Processing /home/airflow/.local/lib/python3.12/site-packages/airflow/example_dags/example_display_name.py took 0.051 seconds
[2025-03-17T07:06:06.829+0000] {processor.py:186} INFO - Started process (PID=232) to work on /home/airflow/.local/lib/python3.12/site-packages/airflow/example_dags/example_display_name.py
[2025-03-17T07:06:06.830+0000] {processor.py:914} INFO - Processing file /home/airflow/.local/lib/python3.12/site-packages/airflow/example_dags/example_display_name.py for tasks to queue
[2025-03-17T07:06:06.832+0000] {logging_mixin.py:190} INFO - [2025-03-17T07:06:06.832+0000] {dagbag.py:588} INFO - Filling up the DagBag from /home/airflow/.local/lib/python3.12/site-packages/airflow/example_dags/example_display_name.py
[2025-03-17T07:06:06.838+0000] {processor.py:925} INFO - DAG(s) 'example_display_name' retrieved from /home/airflow/.local/lib/python3.12/site-packages/airflow/example_dags/example_display_name.py
[2025-03-17T07:06:06.855+0000] {logging_mixin.py:190} INFO - [2025-03-17T07:06:06.854+0000] {dag.py:3239} INFO - Sync 1 DAGs
[2025-03-17T07:06:06.866+0000] {logging_mixin.py:190} INFO - [2025-03-17T07:06:06.866+0000] {dag.py:4180} INFO - Setting next_dagrun for example_display_name to None, run_after=None
[2025-03-17T07:06:06.881+0000] {processor.py:208} INFO - Processing /home/airflow/.local/lib/python3.12/site-packages/airflow/example_dags/example_display_name.py took 0.057 seconds
[2025-03-17T07:06:37.651+0000] {processor.py:186} INFO - Started process (PID=295) to work on /home/airflow/.local/lib/python3.12/site-packages/airflow/example_dags/example_display_name.py
[2025-03-17T07:06:37.652+0000] {processor.py:914} INFO - Processing file /home/airflow/.local/lib/python3.12/site-packages/airflow/example_dags/example_display_name.py for tasks to queue
[2025-03-17T07:06:37.654+0000] {logging_mixin.py:190} INFO - [2025-03-17T07:06:37.653+0000] {dagbag.py:588} INFO - Filling up the DagBag from /home/airflow/.local/lib/python3.12/site-packages/airflow/example_dags/example_display_name.py
[2025-03-17T07:06:37.659+0000] {processor.py:925} INFO - DAG(s) 'example_display_name' retrieved from /home/airflow/.local/lib/python3.12/site-packages/airflow/example_dags/example_display_name.py
[2025-03-17T07:06:37.673+0000] {logging_mixin.py:190} INFO - [2025-03-17T07:06:37.673+0000] {dag.py:3239} INFO - Sync 1 DAGs
[2025-03-17T07:06:37.684+0000] {logging_mixin.py:190} INFO - [2025-03-17T07:06:37.684+0000] {dag.py:4180} INFO - Setting next_dagrun for example_display_name to None, run_after=None
[2025-03-17T07:06:37.699+0000] {processor.py:208} INFO - Processing /home/airflow/.local/lib/python3.12/site-packages/airflow/example_dags/example_display_name.py took 0.052 seconds
[2025-03-17T07:07:08.610+0000] {processor.py:186} INFO - Started process (PID=358) to work on /home/airflow/.local/lib/python3.12/site-packages/airflow/example_dags/example_display_name.py
[2025-03-17T07:07:08.611+0000] {processor.py:914} INFO - Processing file /home/airflow/.local/lib/python3.12/site-packages/airflow/example_dags/example_display_name.py for tasks to queue
[2025-03-17T07:07:08.613+0000] {logging_mixin.py:190} INFO - [2025-03-17T07:07:08.613+0000] {dagbag.py:588} INFO - Filling up the DagBag from /home/airflow/.local/lib/python3.12/site-packages/airflow/example_dags/example_display_name.py
[2025-03-17T07:07:08.619+0000] {processor.py:925} INFO - DAG(s) 'example_display_name' retrieved from /home/airflow/.local/lib/python3.12/site-packages/airflow/example_dags/example_display_name.py
[2025-03-17T07:07:08.637+0000] {logging_mixin.py:190} INFO - [2025-03-17T07:07:08.636+0000] {dag.py:3239} INFO - Sync 1 DAGs
[2025-03-17T07:07:08.649+0000] {logging_mixin.py:190} INFO - [2025-03-17T07:07:08.649+0000] {dag.py:4180} INFO - Setting next_dagrun for example_display_name to None, run_after=None
[2025-03-17T07:07:08.663+0000] {processor.py:208} INFO - Processing /home/airflow/.local/lib/python3.12/site-packages/airflow/example_dags/example_display_name.py took 0.058 seconds
[2025-03-17T07:07:39.901+0000] {processor.py:186} INFO - Started process (PID=422) to work on /home/airflow/.local/lib/python3.12/site-packages/airflow/example_dags/example_display_name.py
[2025-03-17T07:07:39.902+0000] {processor.py:914} INFO - Processing file /home/airflow/.local/lib/python3.12/site-packages/airflow/example_dags/example_display_name.py for tasks to queue
[2025-03-17T07:07:39.904+0000] {logging_mixin.py:190} INFO - [2025-03-17T07:07:39.903+0000] {dagbag.py:588} INFO - Filling up the DagBag from /home/airflow/.local/lib/python3.12/site-packages/airflow/example_dags/example_display_name.py
[2025-03-17T07:07:39.910+0000] {processor.py:925} INFO - DAG(s) 'example_display_name' retrieved from /home/airflow/.local/lib/python3.12/site-packages/airflow/example_dags/example_display_name.py
[2025-03-17T07:07:39.928+0000] {logging_mixin.py:190} INFO - [2025-03-17T07:07:39.927+0000] {dag.py:3239} INFO - Sync 1 DAGs
[2025-03-17T07:07:39.939+0000] {logging_mixin.py:190} INFO - [2025-03-17T07:07:39.939+0000] {dag.py:4180} INFO - Setting next_dagrun for example_display_name to None, run_after=None
[2025-03-17T07:07:39.955+0000] {processor.py:208} INFO - Processing /home/airflow/.local/lib/python3.12/site-packages/airflow/example_dags/example_display_name.py took 0.059 seconds
[2025-03-17T07:08:10.579+0000] {processor.py:186} INFO - Started process (PID=484) to work on /home/airflow/.local/lib/python3.12/site-packages/airflow/example_dags/example_display_name.py
[2025-03-17T07:08:10.580+0000] {processor.py:914} INFO - Processing file /home/airflow/.local/lib/python3.12/site-packages/airflow/example_dags/example_display_name.py for tasks to queue
[2025-03-17T07:08:10.582+0000] {logging_mixin.py:190} INFO - [2025-03-17T07:08:10.581+0000] {dagbag.py:588} INFO - Filling up the DagBag from /home/airflow/.local/lib/python3.12/site-packages/airflow/example_dags/example_display_name.py
[2025-03-17T07:08:10.587+0000] {processor.py:925} INFO - DAG(s) 'example_display_name' retrieved from /home/airflow/.local/lib/python3.12/site-packages/airflow/example_dags/example_display_name.py
[2025-03-17T07:08:10.601+0000] {logging_mixin.py:190} INFO - [2025-03-17T07:08:10.601+0000] {dag.py:3239} INFO - Sync 1 DAGs
[2025-03-17T07:08:10.613+0000] {logging_mixin.py:190} INFO - [2025-03-17T07:08:10.613+0000] {dag.py:4180} INFO - Setting next_dagrun for example_display_name to None, run_after=None
[2025-03-17T07:08:10.627+0000] {processor.py:208} INFO - Processing /home/airflow/.local/lib/python3.12/site-packages/airflow/example_dags/example_display_name.py took 0.053 seconds
[2025-03-17T07:08:42.142+0000] {processor.py:186} INFO - Started process (PID=547) to work on /home/airflow/.local/lib/python3.12/site-packages/airflow/example_dags/example_display_name.py
[2025-03-17T07:08:42.143+0000] {processor.py:914} INFO - Processing file /home/airflow/.local/lib/python3.12/site-packages/airflow/example_dags/example_display_name.py for tasks to queue
[2025-03-17T07:08:42.145+0000] {logging_mixin.py:190} INFO - [2025-03-17T07:08:42.145+0000] {dagbag.py:588} INFO - Filling up the DagBag from /home/airflow/.local/lib/python3.12/site-packages/airflow/example_dags/example_display_name.py
[2025-03-17T07:08:42.151+0000] {processor.py:925} INFO - DAG(s) 'example_display_name' retrieved from /home/airflow/.local/lib/python3.12/site-packages/airflow/example_dags/example_display_name.py
[2025-03-17T07:08:42.164+0000] {logging_mixin.py:190} INFO - [2025-03-17T07:08:42.164+0000] {dag.py:3239} INFO - Sync 1 DAGs
[2025-03-17T07:08:42.176+0000] {logging_mixin.py:190} INFO - [2025-03-17T07:08:42.175+0000] {dag.py:4180} INFO - Setting next_dagrun for example_display_name to None, run_after=None
[2025-03-17T07:08:42.190+0000] {processor.py:208} INFO - Processing /home/airflow/.local/lib/python3.12/site-packages/airflow/example_dags/example_display_name.py took 0.052 seconds
[2025-03-17T07:09:12.846+0000] {processor.py:186} INFO - Started process (PID=610) to work on /home/airflow/.local/lib/python3.12/site-packages/airflow/example_dags/example_display_name.py
[2025-03-17T07:09:12.846+0000] {processor.py:914} INFO - Processing file /home/airflow/.local/lib/python3.12/site-packages/airflow/example_dags/example_display_name.py for tasks to queue
[2025-03-17T07:09:12.848+0000] {logging_mixin.py:190} INFO - [2025-03-17T07:09:12.848+0000] {dagbag.py:588} INFO - Filling up the DagBag from /home/airflow/.local/lib/python3.12/site-packages/airflow/example_dags/example_display_name.py
[2025-03-17T07:09:12.854+0000] {processor.py:925} INFO - DAG(s) 'example_display_name' retrieved from /home/airflow/.local/lib/python3.12/site-packages/airflow/example_dags/example_display_name.py
[2025-03-17T07:09:12.868+0000] {logging_mixin.py:190} INFO - [2025-03-17T07:09:12.868+0000] {dag.py:3239} INFO - Sync 1 DAGs
[2025-03-17T07:09:12.878+0000] {logging_mixin.py:190} INFO - [2025-03-17T07:09:12.878+0000] {dag.py:4180} INFO - Setting next_dagrun for example_display_name to None, run_after=None
[2025-03-17T07:09:12.892+0000] {processor.py:208} INFO - Processing /home/airflow/.local/lib/python3.12/site-packages/airflow/example_dags/example_display_name.py took 0.050 seconds
[2025-03-17T07:09:44.360+0000] {processor.py:186} INFO - Started process (PID=674) to work on /home/airflow/.local/lib/python3.12/site-packages/airflow/example_dags/example_display_name.py
[2025-03-17T07:09:44.361+0000] {processor.py:914} INFO - Processing file /home/airflow/.local/lib/python3.12/site-packages/airflow/example_dags/example_display_name.py for tasks to queue
[2025-03-17T07:09:44.362+0000] {logging_mixin.py:190} INFO - [2025-03-17T07:09:44.362+0000] {dagbag.py:588} INFO - Filling up the DagBag from /home/airflow/.local/lib/python3.12/site-packages/airflow/example_dags/example_display_name.py
[2025-03-17T07:09:44.368+0000] {processor.py:925} INFO - DAG(s) 'example_display_name' retrieved from /home/airflow/.local/lib/python3.12/site-packages/airflow/example_dags/example_display_name.py
[2025-03-17T07:09:44.382+0000] {logging_mixin.py:190} INFO - [2025-03-17T07:09:44.382+0000] {dag.py:3239} INFO - Sync 1 DAGs
[2025-03-17T07:09:44.393+0000] {logging_mixin.py:190} INFO - [2025-03-17T07:09:44.393+0000] {dag.py:4180} INFO - Setting next_dagrun for example_display_name to None, run_after=None
[2025-03-17T07:09:44.407+0000] {processor.py:208} INFO - Processing /home/airflow/.local/lib/python3.12/site-packages/airflow/example_dags/example_display_name.py took 0.051 seconds
[2025-03-17T07:10:15.131+0000] {processor.py:186} INFO - Started process (PID=737) to work on /home/airflow/.local/lib/python3.12/site-packages/airflow/example_dags/example_display_name.py
[2025-03-17T07:10:15.131+0000] {processor.py:914} INFO - Processing file /home/airflow/.local/lib/python3.12/site-packages/airflow/example_dags/example_display_name.py for tasks to queue
[2025-03-17T07:10:15.133+0000] {logging_mixin.py:190} INFO - [2025-03-17T07:10:15.133+0000] {dagbag.py:588} INFO - Filling up the DagBag from /home/airflow/.local/lib/python3.12/site-packages/airflow/example_dags/example_display_name.py
[2025-03-17T07:10:15.139+0000] {processor.py:925} INFO - DAG(s) 'example_display_name' retrieved from /home/airflow/.local/lib/python3.12/site-packages/airflow/example_dags/example_display_name.py
[2025-03-17T07:10:15.155+0000] {logging_mixin.py:190} INFO - [2025-03-17T07:10:15.155+0000] {dag.py:3239} INFO - Sync 1 DAGs
[2025-03-17T07:10:15.167+0000] {logging_mixin.py:190} INFO - [2025-03-17T07:10:15.166+0000] {dag.py:4180} INFO - Setting next_dagrun for example_display_name to None, run_after=None
[2025-03-17T07:10:15.181+0000] {processor.py:208} INFO - Processing /home/airflow/.local/lib/python3.12/site-packages/airflow/example_dags/example_display_name.py took 0.056 seconds
[2025-03-17T07:10:46.522+0000] {processor.py:186} INFO - Started process (PID=805) to work on /home/airflow/.local/lib/python3.12/site-packages/airflow/example_dags/example_display_name.py
[2025-03-17T07:10:46.523+0000] {processor.py:914} INFO - Processing file /home/airflow/.local/lib/python3.12/site-packages/airflow/example_dags/example_display_name.py for tasks to queue
[2025-03-17T07:10:46.525+0000] {logging_mixin.py:190} INFO - [2025-03-17T07:10:46.525+0000] {dagbag.py:588} INFO - Filling up the DagBag from /home/airflow/.local/lib/python3.12/site-packages/airflow/example_dags/example_display_name.py
[2025-03-17T07:10:46.530+0000] {processor.py:925} INFO - DAG(s) 'example_display_name' retrieved from /home/airflow/.local/lib/python3.12/site-packages/airflow/example_dags/example_display_name.py
[2025-03-17T07:10:46.545+0000] {logging_mixin.py:190} INFO - [2025-03-17T07:10:46.545+0000] {dag.py:3239} INFO - Sync 1 DAGs
[2025-03-17T07:10:46.557+0000] {logging_mixin.py:190} INFO - [2025-03-17T07:10:46.557+0000] {dag.py:4180} INFO - Setting next_dagrun for example_display_name to None, run_after=None
[2025-03-17T07:10:46.572+0000] {processor.py:208} INFO - Processing /home/airflow/.local/lib/python3.12/site-packages/airflow/example_dags/example_display_name.py took 0.054 seconds
[2025-03-17T07:11:17.127+0000] {processor.py:186} INFO - Started process (PID=869) to work on /home/airflow/.local/lib/python3.12/site-packages/airflow/example_dags/example_display_name.py
[2025-03-17T07:11:17.128+0000] {processor.py:914} INFO - Processing file /home/airflow/.local/lib/python3.12/site-packages/airflow/example_dags/example_display_name.py for tasks to queue
[2025-03-17T07:11:17.130+0000] {logging_mixin.py:190} INFO - [2025-03-17T07:11:17.129+0000] {dagbag.py:588} INFO - Filling up the DagBag from /home/airflow/.local/lib/python3.12/site-packages/airflow/example_dags/example_display_name.py
[2025-03-17T07:11:17.135+0000] {processor.py:925} INFO - DAG(s) 'example_display_name' retrieved from /home/airflow/.local/lib/python3.12/site-packages/airflow/example_dags/example_display_name.py
[2025-03-17T07:11:17.149+0000] {logging_mixin.py:190} INFO - [2025-03-17T07:11:17.149+0000] {dag.py:3239} INFO - Sync 1 DAGs
[2025-03-17T07:11:17.160+0000] {logging_mixin.py:190} INFO - [2025-03-17T07:11:17.160+0000] {dag.py:4180} INFO - Setting next_dagrun for example_display_name to None, run_after=None
[2025-03-17T07:11:17.174+0000] {processor.py:208} INFO - Processing /home/airflow/.local/lib/python3.12/site-packages/airflow/example_dags/example_display_name.py took 0.052 seconds
[2025-03-17T07:11:47.768+0000] {processor.py:186} INFO - Started process (PID=932) to work on /home/airflow/.local/lib/python3.12/site-packages/airflow/example_dags/example_display_name.py
[2025-03-17T07:11:47.769+0000] {processor.py:914} INFO - Processing file /home/airflow/.local/lib/python3.12/site-packages/airflow/example_dags/example_display_name.py for tasks to queue
[2025-03-17T07:11:47.770+0000] {logging_mixin.py:190} INFO - [2025-03-17T07:11:47.770+0000] {dagbag.py:588} INFO - Filling up the DagBag from /home/airflow/.local/lib/python3.12/site-packages/airflow/example_dags/example_display_name.py
[2025-03-17T07:11:47.776+0000] {processor.py:925} INFO - DAG(s) 'example_display_name' retrieved from /home/airflow/.local/lib/python3.12/site-packages/airflow/example_dags/example_display_name.py
[2025-03-17T07:11:47.791+0000] {logging_mixin.py:190} INFO - [2025-03-17T07:11:47.791+0000] {dag.py:3239} INFO - Sync 1 DAGs
[2025-03-17T07:11:47.801+0000] {logging_mixin.py:190} INFO - [2025-03-17T07:11:47.801+0000] {dag.py:4180} INFO - Setting next_dagrun for example_display_name to None, run_after=None
[2025-03-17T07:11:47.814+0000] {processor.py:208} INFO - Processing /home/airflow/.local/lib/python3.12/site-packages/airflow/example_dags/example_display_name.py took 0.050 seconds
[2025-03-17T07:12:18.512+0000] {processor.py:186} INFO - Started process (PID=994) to work on /home/airflow/.local/lib/python3.12/site-packages/airflow/example_dags/example_display_name.py
[2025-03-17T07:12:18.513+0000] {processor.py:914} INFO - Processing file /home/airflow/.local/lib/python3.12/site-packages/airflow/example_dags/example_display_name.py for tasks to queue
[2025-03-17T07:12:18.514+0000] {logging_mixin.py:190} INFO - [2025-03-17T07:12:18.514+0000] {dagbag.py:588} INFO - Filling up the DagBag from /home/airflow/.local/lib/python3.12/site-packages/airflow/example_dags/example_display_name.py
[2025-03-17T07:12:18.520+0000] {processor.py:925} INFO - DAG(s) 'example_display_name' retrieved from /home/airflow/.local/lib/python3.12/site-packages/airflow/example_dags/example_display_name.py
[2025-03-17T07:12:18.534+0000] {logging_mixin.py:190} INFO - [2025-03-17T07:12:18.534+0000] {dag.py:3239} INFO - Sync 1 DAGs
[2025-03-17T07:12:18.546+0000] {logging_mixin.py:190} INFO - [2025-03-17T07:12:18.546+0000] {dag.py:4180} INFO - Setting next_dagrun for example_display_name to None, run_after=None
[2025-03-17T07:12:18.561+0000] {processor.py:208} INFO - Processing /home/airflow/.local/lib/python3.12/site-packages/airflow/example_dags/example_display_name.py took 0.053 seconds
[2025-03-17T07:12:49.433+0000] {processor.py:186} INFO - Started process (PID=1057) to work on /home/airflow/.local/lib/python3.12/site-packages/airflow/example_dags/example_display_name.py
[2025-03-17T07:12:49.434+0000] {processor.py:914} INFO - Processing file /home/airflow/.local/lib/python3.12/site-packages/airflow/example_dags/example_display_name.py for tasks to queue
[2025-03-17T07:12:49.436+0000] {logging_mixin.py:190} INFO - [2025-03-17T07:12:49.436+0000] {dagbag.py:588} INFO - Filling up the DagBag from /home/airflow/.local/lib/python3.12/site-packages/airflow/example_dags/example_display_name.py
[2025-03-17T07:12:49.442+0000] {processor.py:925} INFO - DAG(s) 'example_display_name' retrieved from /home/airflow/.local/lib/python3.12/site-packages/airflow/example_dags/example_display_name.py
[2025-03-17T07:12:49.455+0000] {logging_mixin.py:190} INFO - [2025-03-17T07:12:49.455+0000] {dag.py:3239} INFO - Sync 1 DAGs
[2025-03-17T07:12:49.468+0000] {logging_mixin.py:190} INFO - [2025-03-17T07:12:49.467+0000] {dag.py:4180} INFO - Setting next_dagrun for example_display_name to None, run_after=None
[2025-03-17T07:12:49.482+0000] {processor.py:208} INFO - Processing /home/airflow/.local/lib/python3.12/site-packages/airflow/example_dags/example_display_name.py took 0.053 seconds
[2025-03-17T07:13:20.119+0000] {processor.py:186} INFO - Started process (PID=1120) to work on /home/airflow/.local/lib/python3.12/site-packages/airflow/example_dags/example_display_name.py
[2025-03-17T07:13:20.120+0000] {processor.py:914} INFO - Processing file /home/airflow/.local/lib/python3.12/site-packages/airflow/example_dags/example_display_name.py for tasks to queue
[2025-03-17T07:13:20.122+0000] {logging_mixin.py:190} INFO - [2025-03-17T07:13:20.121+0000] {dagbag.py:588} INFO - Filling up the DagBag from /home/airflow/.local/lib/python3.12/site-packages/airflow/example_dags/example_display_name.py
[2025-03-17T07:13:20.127+0000] {processor.py:925} INFO - DAG(s) 'example_display_name' retrieved from /home/airflow/.local/lib/python3.12/site-packages/airflow/example_dags/example_display_name.py
[2025-03-17T07:13:20.141+0000] {logging_mixin.py:190} INFO - [2025-03-17T07:13:20.141+0000] {dag.py:3239} INFO - Sync 1 DAGs
[2025-03-17T07:13:20.152+0000] {logging_mixin.py:190} INFO - [2025-03-17T07:13:20.152+0000] {dag.py:4180} INFO - Setting next_dagrun for example_display_name to None, run_after=None
[2025-03-17T07:13:20.166+0000] {processor.py:208} INFO - Processing /home/airflow/.local/lib/python3.12/site-packages/airflow/example_dags/example_display_name.py took 0.051 seconds
[2025-03-17T07:13:50.748+0000] {processor.py:186} INFO - Started process (PID=1183) to work on /home/airflow/.local/lib/python3.12/site-packages/airflow/example_dags/example_display_name.py
[2025-03-17T07:13:50.748+0000] {processor.py:914} INFO - Processing file /home/airflow/.local/lib/python3.12/site-packages/airflow/example_dags/example_display_name.py for tasks to queue
[2025-03-17T07:13:50.750+0000] {logging_mixin.py:190} INFO - [2025-03-17T07:13:50.750+0000] {dagbag.py:588} INFO - Filling up the DagBag from /home/airflow/.local/lib/python3.12/site-packages/airflow/example_dags/example_display_name.py
[2025-03-17T07:13:50.756+0000] {processor.py:925} INFO - DAG(s) 'example_display_name' retrieved from /home/airflow/.local/lib/python3.12/site-packages/airflow/example_dags/example_display_name.py
[2025-03-17T07:13:50.771+0000] {logging_mixin.py:190} INFO - [2025-03-17T07:13:50.770+0000] {dag.py:3239} INFO - Sync 1 DAGs
[2025-03-17T07:13:50.782+0000] {logging_mixin.py:190} INFO - [2025-03-17T07:13:50.781+0000] {dag.py:4180} INFO - Setting next_dagrun for example_display_name to None, run_after=None
[2025-03-17T07:13:50.797+0000] {processor.py:208} INFO - Processing /home/airflow/.local/lib/python3.12/site-packages/airflow/example_dags/example_display_name.py took 0.053 seconds
[2025-03-17T07:14:21.657+0000] {processor.py:186} INFO - Started process (PID=1246) to work on /home/airflow/.local/lib/python3.12/site-packages/airflow/example_dags/example_display_name.py
[2025-03-17T07:14:21.657+0000] {processor.py:914} INFO - Processing file /home/airflow/.local/lib/python3.12/site-packages/airflow/example_dags/example_display_name.py for tasks to queue
[2025-03-17T07:14:21.659+0000] {logging_mixin.py:190} INFO - [2025-03-17T07:14:21.659+0000] {dagbag.py:588} INFO - Filling up the DagBag from /home/airflow/.local/lib/python3.12/site-packages/airflow/example_dags/example_display_name.py
[2025-03-17T07:14:21.665+0000] {processor.py:925} INFO - DAG(s) 'example_display_name' retrieved from /home/airflow/.local/lib/python3.12/site-packages/airflow/example_dags/example_display_name.py
[2025-03-17T07:14:21.680+0000] {logging_mixin.py:190} INFO - [2025-03-17T07:14:21.680+0000] {dag.py:3239} INFO - Sync 1 DAGs
[2025-03-17T07:14:21.691+0000] {logging_mixin.py:190} INFO - [2025-03-17T07:14:21.691+0000] {dag.py:4180} INFO - Setting next_dagrun for example_display_name to None, run_after=None
[2025-03-17T07:14:21.704+0000] {processor.py:208} INFO - Processing /home/airflow/.local/lib/python3.12/site-packages/airflow/example_dags/example_display_name.py took 0.053 seconds
