[2025-03-17T07:05:07.044+0000] {processor.py:186} INFO - Started process (PID=109) to work on /home/airflow/.local/lib/python3.12/site-packages/airflow/example_dags/example_python_decorator.py
[2025-03-17T07:05:07.045+0000] {processor.py:914} INFO - Processing file /home/airflow/.local/lib/python3.12/site-packages/airflow/example_dags/example_python_decorator.py for tasks to queue
[2025-03-17T07:05:07.046+0000] {logging_mixin.py:190} INFO - [2025-03-17T07:05:07.046+0000] {dagbag.py:588} INFO - Filling up the DagBag from /home/airflow/.local/lib/python3.12/site-packages/airflow/example_dags/example_python_decorator.py
[2025-03-17T07:05:07.059+0000] {processor.py:925} INFO - DAG(s) 'example_python_decorator' retrieved from /home/airflow/.local/lib/python3.12/site-packages/airflow/example_dags/example_python_decorator.py
[2025-03-17T07:05:07.156+0000] {logging_mixin.py:190} INFO - [2025-03-17T07:05:07.156+0000] {dag.py:3239} INFO - Sync 1 DAGs
[2025-03-17T07:05:07.166+0000] {logging_mixin.py:190} INFO - [2025-03-17T07:05:07.166+0000] {dag.py:4180} INFO - Setting next_dagrun for example_python_decorator to None, run_after=None
[2025-03-17T07:05:07.182+0000] {processor.py:208} INFO - Processing /home/airflow/.local/lib/python3.12/site-packages/airflow/example_dags/example_python_decorator.py took 0.142 seconds
[2025-03-17T07:05:37.877+0000] {processor.py:186} INFO - Started process (PID=192) to work on /home/airflow/.local/lib/python3.12/site-packages/airflow/example_dags/example_python_decorator.py
[2025-03-17T07:05:37.878+0000] {processor.py:914} INFO - Processing file /home/airflow/.local/lib/python3.12/site-packages/airflow/example_dags/example_python_decorator.py for tasks to queue
[2025-03-17T07:05:37.880+0000] {logging_mixin.py:190} INFO - [2025-03-17T07:05:37.880+0000] {dagbag.py:588} INFO - Filling up the DagBag from /home/airflow/.local/lib/python3.12/site-packages/airflow/example_dags/example_python_decorator.py
[2025-03-17T07:05:37.891+0000] {processor.py:925} INFO - DAG(s) 'example_python_decorator' retrieved from /home/airflow/.local/lib/python3.12/site-packages/airflow/example_dags/example_python_decorator.py
[2025-03-17T07:05:37.908+0000] {logging_mixin.py:190} INFO - [2025-03-17T07:05:37.908+0000] {dag.py:3239} INFO - Sync 1 DAGs
[2025-03-17T07:05:37.920+0000] {logging_mixin.py:190} INFO - [2025-03-17T07:05:37.920+0000] {dag.py:4180} INFO - Setting next_dagrun for example_python_decorator to None, run_after=None
[2025-03-17T07:05:37.933+0000] {processor.py:208} INFO - Processing /home/airflow/.local/lib/python3.12/site-packages/airflow/example_dags/example_python_decorator.py took 0.060 seconds
[2025-03-17T07:06:08.738+0000] {processor.py:186} INFO - Started process (PID=255) to work on /home/airflow/.local/lib/python3.12/site-packages/airflow/example_dags/example_python_decorator.py
[2025-03-17T07:06:08.739+0000] {processor.py:914} INFO - Processing file /home/airflow/.local/lib/python3.12/site-packages/airflow/example_dags/example_python_decorator.py for tasks to queue
[2025-03-17T07:06:08.741+0000] {logging_mixin.py:190} INFO - [2025-03-17T07:06:08.740+0000] {dagbag.py:588} INFO - Filling up the DagBag from /home/airflow/.local/lib/python3.12/site-packages/airflow/example_dags/example_python_decorator.py
[2025-03-17T07:06:08.752+0000] {processor.py:925} INFO - DAG(s) 'example_python_decorator' retrieved from /home/airflow/.local/lib/python3.12/site-packages/airflow/example_dags/example_python_decorator.py
[2025-03-17T07:06:08.769+0000] {logging_mixin.py:190} INFO - [2025-03-17T07:06:08.769+0000] {dag.py:3239} INFO - Sync 1 DAGs
[2025-03-17T07:06:08.781+0000] {logging_mixin.py:190} INFO - [2025-03-17T07:06:08.781+0000] {dag.py:4180} INFO - Setting next_dagrun for example_python_decorator to None, run_after=None
[2025-03-17T07:06:08.795+0000] {processor.py:208} INFO - Processing /home/airflow/.local/lib/python3.12/site-packages/airflow/example_dags/example_python_decorator.py took 0.062 seconds
[2025-03-17T07:06:39.579+0000] {processor.py:186} INFO - Started process (PID=318) to work on /home/airflow/.local/lib/python3.12/site-packages/airflow/example_dags/example_python_decorator.py
[2025-03-17T07:06:39.580+0000] {processor.py:914} INFO - Processing file /home/airflow/.local/lib/python3.12/site-packages/airflow/example_dags/example_python_decorator.py for tasks to queue
[2025-03-17T07:06:39.582+0000] {logging_mixin.py:190} INFO - [2025-03-17T07:06:39.581+0000] {dagbag.py:588} INFO - Filling up the DagBag from /home/airflow/.local/lib/python3.12/site-packages/airflow/example_dags/example_python_decorator.py
[2025-03-17T07:06:39.593+0000] {processor.py:925} INFO - DAG(s) 'example_python_decorator' retrieved from /home/airflow/.local/lib/python3.12/site-packages/airflow/example_dags/example_python_decorator.py
[2025-03-17T07:06:39.612+0000] {logging_mixin.py:190} INFO - [2025-03-17T07:06:39.612+0000] {dag.py:3239} INFO - Sync 1 DAGs
[2025-03-17T07:06:39.623+0000] {logging_mixin.py:190} INFO - [2025-03-17T07:06:39.623+0000] {dag.py:4180} INFO - Setting next_dagrun for example_python_decorator to None, run_after=None
[2025-03-17T07:06:39.638+0000] {processor.py:208} INFO - Processing /home/airflow/.local/lib/python3.12/site-packages/airflow/example_dags/example_python_decorator.py took 0.064 seconds
[2025-03-17T07:07:10.715+0000] {processor.py:186} INFO - Started process (PID=381) to work on /home/airflow/.local/lib/python3.12/site-packages/airflow/example_dags/example_python_decorator.py
[2025-03-17T07:07:10.716+0000] {processor.py:914} INFO - Processing file /home/airflow/.local/lib/python3.12/site-packages/airflow/example_dags/example_python_decorator.py for tasks to queue
[2025-03-17T07:07:10.718+0000] {logging_mixin.py:190} INFO - [2025-03-17T07:07:10.718+0000] {dagbag.py:588} INFO - Filling up the DagBag from /home/airflow/.local/lib/python3.12/site-packages/airflow/example_dags/example_python_decorator.py
[2025-03-17T07:07:10.728+0000] {processor.py:925} INFO - DAG(s) 'example_python_decorator' retrieved from /home/airflow/.local/lib/python3.12/site-packages/airflow/example_dags/example_python_decorator.py
[2025-03-17T07:07:10.743+0000] {logging_mixin.py:190} INFO - [2025-03-17T07:07:10.742+0000] {dag.py:3239} INFO - Sync 1 DAGs
[2025-03-17T07:07:10.752+0000] {logging_mixin.py:190} INFO - [2025-03-17T07:07:10.752+0000] {dag.py:4180} INFO - Setting next_dagrun for example_python_decorator to None, run_after=None
[2025-03-17T07:07:10.766+0000] {processor.py:208} INFO - Processing /home/airflow/.local/lib/python3.12/site-packages/airflow/example_dags/example_python_decorator.py took 0.056 seconds
[2025-03-17T07:07:41.523+0000] {processor.py:186} INFO - Started process (PID=444) to work on /home/airflow/.local/lib/python3.12/site-packages/airflow/example_dags/example_python_decorator.py
[2025-03-17T07:07:41.524+0000] {processor.py:914} INFO - Processing file /home/airflow/.local/lib/python3.12/site-packages/airflow/example_dags/example_python_decorator.py for tasks to queue
[2025-03-17T07:07:41.526+0000] {logging_mixin.py:190} INFO - [2025-03-17T07:07:41.526+0000] {dagbag.py:588} INFO - Filling up the DagBag from /home/airflow/.local/lib/python3.12/site-packages/airflow/example_dags/example_python_decorator.py
[2025-03-17T07:07:41.537+0000] {processor.py:925} INFO - DAG(s) 'example_python_decorator' retrieved from /home/airflow/.local/lib/python3.12/site-packages/airflow/example_dags/example_python_decorator.py
[2025-03-17T07:07:41.553+0000] {logging_mixin.py:190} INFO - [2025-03-17T07:07:41.553+0000] {dag.py:3239} INFO - Sync 1 DAGs
[2025-03-17T07:07:41.563+0000] {logging_mixin.py:190} INFO - [2025-03-17T07:07:41.563+0000] {dag.py:4180} INFO - Setting next_dagrun for example_python_decorator to None, run_after=None
[2025-03-17T07:07:41.577+0000] {processor.py:208} INFO - Processing /home/airflow/.local/lib/python3.12/site-packages/airflow/example_dags/example_python_decorator.py took 0.058 seconds
[2025-03-17T07:08:12.458+0000] {processor.py:186} INFO - Started process (PID=507) to work on /home/airflow/.local/lib/python3.12/site-packages/airflow/example_dags/example_python_decorator.py
[2025-03-17T07:08:12.459+0000] {processor.py:914} INFO - Processing file /home/airflow/.local/lib/python3.12/site-packages/airflow/example_dags/example_python_decorator.py for tasks to queue
[2025-03-17T07:08:12.460+0000] {logging_mixin.py:190} INFO - [2025-03-17T07:08:12.460+0000] {dagbag.py:588} INFO - Filling up the DagBag from /home/airflow/.local/lib/python3.12/site-packages/airflow/example_dags/example_python_decorator.py
[2025-03-17T07:08:12.471+0000] {processor.py:925} INFO - DAG(s) 'example_python_decorator' retrieved from /home/airflow/.local/lib/python3.12/site-packages/airflow/example_dags/example_python_decorator.py
[2025-03-17T07:08:12.488+0000] {logging_mixin.py:190} INFO - [2025-03-17T07:08:12.488+0000] {dag.py:3239} INFO - Sync 1 DAGs
[2025-03-17T07:08:12.502+0000] {logging_mixin.py:190} INFO - [2025-03-17T07:08:12.502+0000] {dag.py:4180} INFO - Setting next_dagrun for example_python_decorator to None, run_after=None
[2025-03-17T07:08:12.516+0000] {processor.py:208} INFO - Processing /home/airflow/.local/lib/python3.12/site-packages/airflow/example_dags/example_python_decorator.py took 0.063 seconds
[2025-03-17T07:08:43.956+0000] {processor.py:186} INFO - Started process (PID=570) to work on /home/airflow/.local/lib/python3.12/site-packages/airflow/example_dags/example_python_decorator.py
[2025-03-17T07:08:43.957+0000] {processor.py:914} INFO - Processing file /home/airflow/.local/lib/python3.12/site-packages/airflow/example_dags/example_python_decorator.py for tasks to queue
[2025-03-17T07:08:43.959+0000] {logging_mixin.py:190} INFO - [2025-03-17T07:08:43.958+0000] {dagbag.py:588} INFO - Filling up the DagBag from /home/airflow/.local/lib/python3.12/site-packages/airflow/example_dags/example_python_decorator.py
[2025-03-17T07:08:43.970+0000] {processor.py:925} INFO - DAG(s) 'example_python_decorator' retrieved from /home/airflow/.local/lib/python3.12/site-packages/airflow/example_dags/example_python_decorator.py
[2025-03-17T07:08:43.986+0000] {logging_mixin.py:190} INFO - [2025-03-17T07:08:43.986+0000] {dag.py:3239} INFO - Sync 1 DAGs
[2025-03-17T07:08:43.997+0000] {logging_mixin.py:190} INFO - [2025-03-17T07:08:43.997+0000] {dag.py:4180} INFO - Setting next_dagrun for example_python_decorator to None, run_after=None
[2025-03-17T07:08:44.011+0000] {processor.py:208} INFO - Processing /home/airflow/.local/lib/python3.12/site-packages/airflow/example_dags/example_python_decorator.py took 0.060 seconds
[2025-03-17T07:09:14.597+0000] {processor.py:186} INFO - Started process (PID=633) to work on /home/airflow/.local/lib/python3.12/site-packages/airflow/example_dags/example_python_decorator.py
[2025-03-17T07:09:14.598+0000] {processor.py:914} INFO - Processing file /home/airflow/.local/lib/python3.12/site-packages/airflow/example_dags/example_python_decorator.py for tasks to queue
[2025-03-17T07:09:14.600+0000] {logging_mixin.py:190} INFO - [2025-03-17T07:09:14.600+0000] {dagbag.py:588} INFO - Filling up the DagBag from /home/airflow/.local/lib/python3.12/site-packages/airflow/example_dags/example_python_decorator.py
[2025-03-17T07:09:14.613+0000] {processor.py:925} INFO - DAG(s) 'example_python_decorator' retrieved from /home/airflow/.local/lib/python3.12/site-packages/airflow/example_dags/example_python_decorator.py
[2025-03-17T07:09:14.635+0000] {logging_mixin.py:190} INFO - [2025-03-17T07:09:14.635+0000] {dag.py:3239} INFO - Sync 1 DAGs
[2025-03-17T07:09:14.648+0000] {logging_mixin.py:190} INFO - [2025-03-17T07:09:14.648+0000] {dag.py:4180} INFO - Setting next_dagrun for example_python_decorator to None, run_after=None
[2025-03-17T07:09:14.685+0000] {processor.py:208} INFO - Processing /home/airflow/.local/lib/python3.12/site-packages/airflow/example_dags/example_python_decorator.py took 0.093 seconds
[2025-03-17T07:09:45.742+0000] {processor.py:186} INFO - Started process (PID=696) to work on /home/airflow/.local/lib/python3.12/site-packages/airflow/example_dags/example_python_decorator.py
[2025-03-17T07:09:45.742+0000] {processor.py:914} INFO - Processing file /home/airflow/.local/lib/python3.12/site-packages/airflow/example_dags/example_python_decorator.py for tasks to queue
[2025-03-17T07:09:45.744+0000] {logging_mixin.py:190} INFO - [2025-03-17T07:09:45.744+0000] {dagbag.py:588} INFO - Filling up the DagBag from /home/airflow/.local/lib/python3.12/site-packages/airflow/example_dags/example_python_decorator.py
[2025-03-17T07:09:45.755+0000] {processor.py:925} INFO - DAG(s) 'example_python_decorator' retrieved from /home/airflow/.local/lib/python3.12/site-packages/airflow/example_dags/example_python_decorator.py
[2025-03-17T07:09:45.772+0000] {logging_mixin.py:190} INFO - [2025-03-17T07:09:45.772+0000] {dag.py:3239} INFO - Sync 1 DAGs
[2025-03-17T07:09:45.784+0000] {logging_mixin.py:190} INFO - [2025-03-17T07:09:45.784+0000] {dag.py:4180} INFO - Setting next_dagrun for example_python_decorator to None, run_after=None
[2025-03-17T07:09:45.797+0000] {processor.py:208} INFO - Processing /home/airflow/.local/lib/python3.12/site-packages/airflow/example_dags/example_python_decorator.py took 0.059 seconds
[2025-03-17T07:10:16.707+0000] {processor.py:186} INFO - Started process (PID=759) to work on /home/airflow/.local/lib/python3.12/site-packages/airflow/example_dags/example_python_decorator.py
[2025-03-17T07:10:16.708+0000] {processor.py:914} INFO - Processing file /home/airflow/.local/lib/python3.12/site-packages/airflow/example_dags/example_python_decorator.py for tasks to queue
[2025-03-17T07:10:16.709+0000] {logging_mixin.py:190} INFO - [2025-03-17T07:10:16.709+0000] {dagbag.py:588} INFO - Filling up the DagBag from /home/airflow/.local/lib/python3.12/site-packages/airflow/example_dags/example_python_decorator.py
[2025-03-17T07:10:16.720+0000] {processor.py:925} INFO - DAG(s) 'example_python_decorator' retrieved from /home/airflow/.local/lib/python3.12/site-packages/airflow/example_dags/example_python_decorator.py
[2025-03-17T07:10:16.738+0000] {logging_mixin.py:190} INFO - [2025-03-17T07:10:16.738+0000] {dag.py:3239} INFO - Sync 1 DAGs
[2025-03-17T07:10:16.748+0000] {logging_mixin.py:190} INFO - [2025-03-17T07:10:16.748+0000] {dag.py:4180} INFO - Setting next_dagrun for example_python_decorator to None, run_after=None
[2025-03-17T07:10:16.761+0000] {processor.py:208} INFO - Processing /home/airflow/.local/lib/python3.12/site-packages/airflow/example_dags/example_python_decorator.py took 0.058 seconds
[2025-03-17T07:10:48.107+0000] {processor.py:186} INFO - Started process (PID=828) to work on /home/airflow/.local/lib/python3.12/site-packages/airflow/example_dags/example_python_decorator.py
[2025-03-17T07:10:48.107+0000] {processor.py:914} INFO - Processing file /home/airflow/.local/lib/python3.12/site-packages/airflow/example_dags/example_python_decorator.py for tasks to queue
[2025-03-17T07:10:48.109+0000] {logging_mixin.py:190} INFO - [2025-03-17T07:10:48.109+0000] {dagbag.py:588} INFO - Filling up the DagBag from /home/airflow/.local/lib/python3.12/site-packages/airflow/example_dags/example_python_decorator.py
[2025-03-17T07:10:48.120+0000] {processor.py:925} INFO - DAG(s) 'example_python_decorator' retrieved from /home/airflow/.local/lib/python3.12/site-packages/airflow/example_dags/example_python_decorator.py
[2025-03-17T07:10:48.137+0000] {logging_mixin.py:190} INFO - [2025-03-17T07:10:48.136+0000] {dag.py:3239} INFO - Sync 1 DAGs
[2025-03-17T07:10:48.147+0000] {logging_mixin.py:190} INFO - [2025-03-17T07:10:48.147+0000] {dag.py:4180} INFO - Setting next_dagrun for example_python_decorator to None, run_after=None
[2025-03-17T07:10:48.159+0000] {processor.py:208} INFO - Processing /home/airflow/.local/lib/python3.12/site-packages/airflow/example_dags/example_python_decorator.py took 0.057 seconds
[2025-03-17T07:11:18.806+0000] {processor.py:186} INFO - Started process (PID=891) to work on /home/airflow/.local/lib/python3.12/site-packages/airflow/example_dags/example_python_decorator.py
[2025-03-17T07:11:18.807+0000] {processor.py:914} INFO - Processing file /home/airflow/.local/lib/python3.12/site-packages/airflow/example_dags/example_python_decorator.py for tasks to queue
[2025-03-17T07:11:18.809+0000] {logging_mixin.py:190} INFO - [2025-03-17T07:11:18.809+0000] {dagbag.py:588} INFO - Filling up the DagBag from /home/airflow/.local/lib/python3.12/site-packages/airflow/example_dags/example_python_decorator.py
[2025-03-17T07:11:18.820+0000] {processor.py:925} INFO - DAG(s) 'example_python_decorator' retrieved from /home/airflow/.local/lib/python3.12/site-packages/airflow/example_dags/example_python_decorator.py
[2025-03-17T07:11:18.837+0000] {logging_mixin.py:190} INFO - [2025-03-17T07:11:18.836+0000] {dag.py:3239} INFO - Sync 1 DAGs
[2025-03-17T07:11:18.847+0000] {logging_mixin.py:190} INFO - [2025-03-17T07:11:18.847+0000] {dag.py:4180} INFO - Setting next_dagrun for example_python_decorator to None, run_after=None
[2025-03-17T07:11:18.860+0000] {processor.py:208} INFO - Processing /home/airflow/.local/lib/python3.12/site-packages/airflow/example_dags/example_python_decorator.py took 0.059 seconds
[2025-03-17T07:11:49.465+0000] {processor.py:186} INFO - Started process (PID=954) to work on /home/airflow/.local/lib/python3.12/site-packages/airflow/example_dags/example_python_decorator.py
[2025-03-17T07:11:49.465+0000] {processor.py:914} INFO - Processing file /home/airflow/.local/lib/python3.12/site-packages/airflow/example_dags/example_python_decorator.py for tasks to queue
[2025-03-17T07:11:49.467+0000] {logging_mixin.py:190} INFO - [2025-03-17T07:11:49.467+0000] {dagbag.py:588} INFO - Filling up the DagBag from /home/airflow/.local/lib/python3.12/site-packages/airflow/example_dags/example_python_decorator.py
[2025-03-17T07:11:49.478+0000] {processor.py:925} INFO - DAG(s) 'example_python_decorator' retrieved from /home/airflow/.local/lib/python3.12/site-packages/airflow/example_dags/example_python_decorator.py
[2025-03-17T07:11:49.494+0000] {logging_mixin.py:190} INFO - [2025-03-17T07:11:49.494+0000] {dag.py:3239} INFO - Sync 1 DAGs
[2025-03-17T07:11:49.506+0000] {logging_mixin.py:190} INFO - [2025-03-17T07:11:49.506+0000] {dag.py:4180} INFO - Setting next_dagrun for example_python_decorator to None, run_after=None
[2025-03-17T07:11:49.519+0000] {processor.py:208} INFO - Processing /home/airflow/.local/lib/python3.12/site-packages/airflow/example_dags/example_python_decorator.py took 0.059 seconds
[2025-03-17T07:12:20.578+0000] {processor.py:186} INFO - Started process (PID=1017) to work on /home/airflow/.local/lib/python3.12/site-packages/airflow/example_dags/example_python_decorator.py
[2025-03-17T07:12:20.579+0000] {processor.py:914} INFO - Processing file /home/airflow/.local/lib/python3.12/site-packages/airflow/example_dags/example_python_decorator.py for tasks to queue
[2025-03-17T07:12:20.581+0000] {logging_mixin.py:190} INFO - [2025-03-17T07:12:20.581+0000] {dagbag.py:588} INFO - Filling up the DagBag from /home/airflow/.local/lib/python3.12/site-packages/airflow/example_dags/example_python_decorator.py
[2025-03-17T07:12:20.592+0000] {processor.py:925} INFO - DAG(s) 'example_python_decorator' retrieved from /home/airflow/.local/lib/python3.12/site-packages/airflow/example_dags/example_python_decorator.py
[2025-03-17T07:12:20.608+0000] {logging_mixin.py:190} INFO - [2025-03-17T07:12:20.608+0000] {dag.py:3239} INFO - Sync 1 DAGs
[2025-03-17T07:12:20.619+0000] {logging_mixin.py:190} INFO - [2025-03-17T07:12:20.619+0000] {dag.py:4180} INFO - Setting next_dagrun for example_python_decorator to None, run_after=None
[2025-03-17T07:12:20.632+0000] {processor.py:208} INFO - Processing /home/airflow/.local/lib/python3.12/site-packages/airflow/example_dags/example_python_decorator.py took 0.058 seconds
[2025-03-17T07:12:51.298+0000] {processor.py:186} INFO - Started process (PID=1080) to work on /home/airflow/.local/lib/python3.12/site-packages/airflow/example_dags/example_python_decorator.py
[2025-03-17T07:12:51.298+0000] {processor.py:914} INFO - Processing file /home/airflow/.local/lib/python3.12/site-packages/airflow/example_dags/example_python_decorator.py for tasks to queue
[2025-03-17T07:12:51.300+0000] {logging_mixin.py:190} INFO - [2025-03-17T07:12:51.300+0000] {dagbag.py:588} INFO - Filling up the DagBag from /home/airflow/.local/lib/python3.12/site-packages/airflow/example_dags/example_python_decorator.py
[2025-03-17T07:12:51.311+0000] {processor.py:925} INFO - DAG(s) 'example_python_decorator' retrieved from /home/airflow/.local/lib/python3.12/site-packages/airflow/example_dags/example_python_decorator.py
[2025-03-17T07:12:51.330+0000] {logging_mixin.py:190} INFO - [2025-03-17T07:12:51.330+0000] {dag.py:3239} INFO - Sync 1 DAGs
[2025-03-17T07:12:51.341+0000] {logging_mixin.py:190} INFO - [2025-03-17T07:12:51.341+0000] {dag.py:4180} INFO - Setting next_dagrun for example_python_decorator to None, run_after=None
[2025-03-17T07:12:51.354+0000] {processor.py:208} INFO - Processing /home/airflow/.local/lib/python3.12/site-packages/airflow/example_dags/example_python_decorator.py took 0.061 seconds
[2025-03-17T07:13:21.833+0000] {processor.py:186} INFO - Started process (PID=1143) to work on /home/airflow/.local/lib/python3.12/site-packages/airflow/example_dags/example_python_decorator.py
[2025-03-17T07:13:21.834+0000] {processor.py:914} INFO - Processing file /home/airflow/.local/lib/python3.12/site-packages/airflow/example_dags/example_python_decorator.py for tasks to queue
[2025-03-17T07:13:21.835+0000] {logging_mixin.py:190} INFO - [2025-03-17T07:13:21.835+0000] {dagbag.py:588} INFO - Filling up the DagBag from /home/airflow/.local/lib/python3.12/site-packages/airflow/example_dags/example_python_decorator.py
[2025-03-17T07:13:21.847+0000] {processor.py:925} INFO - DAG(s) 'example_python_decorator' retrieved from /home/airflow/.local/lib/python3.12/site-packages/airflow/example_dags/example_python_decorator.py
[2025-03-17T07:13:21.865+0000] {logging_mixin.py:190} INFO - [2025-03-17T07:13:21.865+0000] {dag.py:3239} INFO - Sync 1 DAGs
[2025-03-17T07:13:21.877+0000] {logging_mixin.py:190} INFO - [2025-03-17T07:13:21.877+0000] {dag.py:4180} INFO - Setting next_dagrun for example_python_decorator to None, run_after=None
[2025-03-17T07:13:21.891+0000] {processor.py:208} INFO - Processing /home/airflow/.local/lib/python3.12/site-packages/airflow/example_dags/example_python_decorator.py took 0.063 seconds
[2025-03-17T07:13:52.198+0000] {processor.py:186} INFO - Started process (PID=1205) to work on /home/airflow/.local/lib/python3.12/site-packages/airflow/example_dags/example_python_decorator.py
[2025-03-17T07:13:52.198+0000] {processor.py:914} INFO - Processing file /home/airflow/.local/lib/python3.12/site-packages/airflow/example_dags/example_python_decorator.py for tasks to queue
[2025-03-17T07:13:52.200+0000] {logging_mixin.py:190} INFO - [2025-03-17T07:13:52.200+0000] {dagbag.py:588} INFO - Filling up the DagBag from /home/airflow/.local/lib/python3.12/site-packages/airflow/example_dags/example_python_decorator.py
[2025-03-17T07:13:52.211+0000] {processor.py:925} INFO - DAG(s) 'example_python_decorator' retrieved from /home/airflow/.local/lib/python3.12/site-packages/airflow/example_dags/example_python_decorator.py
[2025-03-17T07:13:52.230+0000] {logging_mixin.py:190} INFO - [2025-03-17T07:13:52.229+0000] {dag.py:3239} INFO - Sync 1 DAGs
[2025-03-17T07:13:52.241+0000] {logging_mixin.py:190} INFO - [2025-03-17T07:13:52.240+0000] {dag.py:4180} INFO - Setting next_dagrun for example_python_decorator to None, run_after=None
[2025-03-17T07:13:52.254+0000] {processor.py:208} INFO - Processing /home/airflow/.local/lib/python3.12/site-packages/airflow/example_dags/example_python_decorator.py took 0.061 seconds
[2025-03-17T07:14:24.135+0000] {processor.py:186} INFO - Started process (PID=1269) to work on /home/airflow/.local/lib/python3.12/site-packages/airflow/example_dags/example_python_decorator.py
[2025-03-17T07:14:24.135+0000] {processor.py:914} INFO - Processing file /home/airflow/.local/lib/python3.12/site-packages/airflow/example_dags/example_python_decorator.py for tasks to queue
[2025-03-17T07:14:24.137+0000] {logging_mixin.py:190} INFO - [2025-03-17T07:14:24.137+0000] {dagbag.py:588} INFO - Filling up the DagBag from /home/airflow/.local/lib/python3.12/site-packages/airflow/example_dags/example_python_decorator.py
[2025-03-17T07:14:24.148+0000] {processor.py:925} INFO - DAG(s) 'example_python_decorator' retrieved from /home/airflow/.local/lib/python3.12/site-packages/airflow/example_dags/example_python_decorator.py
[2025-03-17T07:14:24.163+0000] {logging_mixin.py:190} INFO - [2025-03-17T07:14:24.163+0000] {dag.py:3239} INFO - Sync 1 DAGs
[2025-03-17T07:14:24.174+0000] {logging_mixin.py:190} INFO - [2025-03-17T07:14:24.174+0000] {dag.py:4180} INFO - Setting next_dagrun for example_python_decorator to None, run_after=None
[2025-03-17T07:14:24.187+0000] {processor.py:208} INFO - Processing /home/airflow/.local/lib/python3.12/site-packages/airflow/example_dags/example_python_decorator.py took 0.058 seconds
