[2025-03-17T07:05:31.245+0000] {local_task_job_runner.py:123} INFO - ::group::Pre task execution logs
[2025-03-17T07:05:31.262+0000] {taskinstance.py:2613} INFO - Dependencies all met for dep_context=non-requeueable deps ti=<TaskInstance: example_branch_operator.venv_c scheduled__2025-03-14T00:00:00+00:00 [queued]>
[2025-03-17T07:05:31.270+0000] {taskinstance.py:2613} INFO - Dependencies all met for dep_context=requeueable deps ti=<TaskInstance: example_branch_operator.venv_c scheduled__2025-03-14T00:00:00+00:00 [queued]>
[2025-03-17T07:05:31.270+0000] {taskinstance.py:2866} INFO - Starting attempt 1 of 1
[2025-03-17T07:05:31.281+0000] {taskinstance.py:2889} INFO - Executing <Task(PythonVirtualenvOperator): venv_c> on 2025-03-14 00:00:00+00:00
[2025-03-17T07:05:31.289+0000] {warnings.py:112} WARNING - /home/***/.local/lib/python3.12/site-packages/***/task/task_runner/standard_task_runner.py:70: DeprecationWarning: This process (pid=270) is multi-threaded, use of fork() may lead to deadlocks in the child.
  pid = os.fork()

[2025-03-17T07:05:31.290+0000] {standard_task_runner.py:72} INFO - Started process 276 to run task
[2025-03-17T07:05:31.290+0000] {standard_task_runner.py:104} INFO - Running: ['***', 'tasks', 'run', 'example_branch_operator', 'venv_c', 'scheduled__2025-03-14T00:00:00+00:00', '--job-id', '24', '--raw', '--subdir', '/home/***/.local/lib/python3.12/site-packages/***/example_dags/example_branch_operator.py', '--cfg-path', '/tmp/tmp96skrxv6']
[2025-03-17T07:05:31.291+0000] {standard_task_runner.py:105} INFO - Job 24: Subtask venv_c
[2025-03-17T07:05:31.336+0000] {task_command.py:467} INFO - Running <TaskInstance: example_branch_operator.venv_c scheduled__2025-03-14T00:00:00+00:00 [running]> on host 758401fd595f
[2025-03-17T07:05:31.403+0000] {taskinstance.py:3132} INFO - Exporting env vars: AIRFLOW_CTX_DAG_OWNER='***' AIRFLOW_CTX_DAG_ID='example_branch_operator' AIRFLOW_CTX_TASK_ID='venv_c' AIRFLOW_CTX_EXECUTION_DATE='2025-03-14T00:00:00+00:00' AIRFLOW_CTX_TRY_NUMBER='1' AIRFLOW_CTX_DAG_RUN_ID='scheduled__2025-03-14T00:00:00+00:00'
[2025-03-17T07:05:31.404+0000] {logging_mixin.py:190} INFO - Task instance is in running state
[2025-03-17T07:05:31.405+0000] {logging_mixin.py:190} INFO -  Previous state of the Task instance: queued
[2025-03-17T07:05:31.405+0000] {logging_mixin.py:190} INFO - Current task name:venv_c state:running start_date:2025-03-17 07:05:31.262922+00:00
[2025-03-17T07:05:31.406+0000] {logging_mixin.py:190} INFO - Dag name:example_branch_operator and current dag run status:running
[2025-03-17T07:05:31.406+0000] {taskinstance.py:731} INFO - ::endgroup::
[2025-03-17T07:05:31.407+0000] {baseoperator.py:416} WARNING - PythonVirtualenvOperator.execute cannot be called outside TaskInstance!
[2025-03-17T07:05:31.414+0000] {python.py:809} INFO - Python virtual environment will be cached in /tmp/venv-5ea997a7
[2025-03-17T07:05:31.416+0000] {python.py:823} INFO - Re-using cached Python virtual environment in /tmp/venv-5ea997a7
[2025-03-17T07:05:31.425+0000] {process_utils.py:186} INFO - Executing cmd: /tmp/venv-5ea997a7/bin/python /tmp/venv-calldxusuz2y/script.py /tmp/venv-calldxusuz2y/script.in /tmp/venv-calldxusuz2y/script.out /tmp/venv-calldxusuz2y/string_args.txt /tmp/venv-calldxusuz2y/termination.log
[2025-03-17T07:05:31.426+0000] {process_utils.py:190} INFO - Output:
[2025-03-17T07:05:32.702+0000] {process_utils.py:194} INFO - /home/***/.local/lib/python3.12/site-packages/***/configuration.py:859 FutureWarning: section/key [core/sql_alchemy_conn] has been deprecated, you should use[database/sql_alchemy_conn] instead. Please update your `conf.get*` call to use the new name
[2025-03-17T07:05:33.616+0000] {process_utils.py:194} INFO - Hello World with some numpy stuff: [0 1 2 3 4 5]
[2025-03-17T07:05:33.912+0000] {python.py:240} INFO - Done. Returned value was: None
[2025-03-17T07:05:33.920+0000] {taskinstance.py:340} INFO - ::group::Post task execution logs
[2025-03-17T07:05:33.921+0000] {taskinstance.py:352} INFO - Marking task as SUCCESS. dag_id=example_branch_operator, task_id=venv_c, run_id=scheduled__2025-03-14T00:00:00+00:00, execution_date=20250314T000000, start_date=20250317T070531, end_date=20250317T070533
[2025-03-17T07:05:33.929+0000] {logging_mixin.py:190} INFO - Task instance in success state
[2025-03-17T07:05:33.929+0000] {logging_mixin.py:190} INFO -  Previous state of the Task instance: running
[2025-03-17T07:05:33.929+0000] {logging_mixin.py:190} INFO - Dag name:example_branch_operator queued_at:2025-03-17 07:05:01.824396+00:00
[2025-03-17T07:05:33.930+0000] {logging_mixin.py:190} INFO - Task hostname:758401fd595f operator:PythonVirtualenvOperator
[2025-03-17T07:05:33.969+0000] {local_task_job_runner.py:266} INFO - Task exited with return code 0
[2025-03-17T07:05:33.984+0000] {taskinstance.py:3895} INFO - 0 downstream tasks scheduled from follow-on schedule check
[2025-03-17T07:05:33.986+0000] {local_task_job_runner.py:245} INFO - ::endgroup::
