[2025-03-14T12:40:36.337+0000] {local_task_job_runner.py:123} INFO - ::group::Pre task execution logs
[2025-03-14T12:40:36.353+0000] {taskinstance.py:2613} INFO - Dependencies all met for dep_context=non-requeueable deps ti=<TaskInstance: example_branch_operator.branching scheduled__2025-03-13T00:00:00+00:00 [queued]>
[2025-03-14T12:40:36.360+0000] {taskinstance.py:2613} INFO - Dependencies all met for dep_context=requeueable deps ti=<TaskInstance: example_branch_operator.branching scheduled__2025-03-13T00:00:00+00:00 [queued]>
[2025-03-14T12:40:36.360+0000] {taskinstance.py:2866} INFO - Starting attempt 1 of 1
[2025-03-14T12:40:36.372+0000] {taskinstance.py:2889} INFO - Executing <Task(BranchPythonOperator): branching> on 2025-03-13 00:00:00+00:00
[2025-03-14T12:40:36.380+0000] {warnings.py:112} WARNING - /home/***/.local/lib/python3.12/site-packages/***/task/task_runner/standard_task_runner.py:70: DeprecationWarning: This process (pid=1538) is multi-threaded, use of fork() may lead to deadlocks in the child.
  pid = os.fork()

[2025-03-14T12:40:36.382+0000] {standard_task_runner.py:72} INFO - Started process 1547 to run task
[2025-03-14T12:40:36.382+0000] {standard_task_runner.py:104} INFO - Running: ['***', 'tasks', 'run', 'example_branch_operator', 'branching', 'scheduled__2025-03-13T00:00:00+00:00', '--job-id', '5', '--raw', '--subdir', '/home/***/.local/lib/python3.12/site-packages/***/example_dags/example_branch_operator.py', '--cfg-path', '/tmp/tmpyb6fxqpc']
[2025-03-14T12:40:36.383+0000] {standard_task_runner.py:105} INFO - Job 5: Subtask branching
[2025-03-14T12:40:36.437+0000] {task_command.py:467} INFO - Running <TaskInstance: example_branch_operator.branching scheduled__2025-03-13T00:00:00+00:00 [running]> on host 20af77fe98a4
[2025-03-14T12:40:36.717+0000] {taskinstance.py:3132} INFO - Exporting env vars: AIRFLOW_CTX_DAG_OWNER='***' AIRFLOW_CTX_DAG_ID='example_branch_operator' AIRFLOW_CTX_TASK_ID='branching' AIRFLOW_CTX_EXECUTION_DATE='2025-03-13T00:00:00+00:00' AIRFLOW_CTX_TRY_NUMBER='1' AIRFLOW_CTX_DAG_RUN_ID='scheduled__2025-03-13T00:00:00+00:00'
[2025-03-14T12:40:36.718+0000] {logging_mixin.py:190} INFO - Task instance is in running state
[2025-03-14T12:40:36.718+0000] {logging_mixin.py:190} INFO -  Previous state of the Task instance: queued
[2025-03-14T12:40:36.719+0000] {logging_mixin.py:190} INFO - Current task name:branching state:running start_date:2025-03-14 12:40:36.354244+00:00
[2025-03-14T12:40:36.719+0000] {logging_mixin.py:190} INFO - Dag name:example_branch_operator and current dag run status:running
[2025-03-14T12:40:36.719+0000] {taskinstance.py:731} INFO - ::endgroup::
[2025-03-14T12:40:36.720+0000] {baseoperator.py:416} WARNING - BranchPythonOperator.execute cannot be called outside TaskInstance!
[2025-03-14T12:40:36.720+0000] {python.py:240} INFO - Done. Returned value was: branch_d
[2025-03-14T12:40:36.721+0000] {branch.py:38} INFO - Branch into branch_d
[2025-03-14T12:40:36.721+0000] {skipmixin.py:230} INFO - Following branch ('branch_d',)
[2025-03-14T12:40:36.733+0000] {skipmixin.py:278} INFO - Skipping tasks [('branch_b', -1), ('branch_a', -1), ('branch_c', -1)]
[2025-03-14T12:40:36.759+0000] {taskinstance.py:340} INFO - ::group::Post task execution logs
[2025-03-14T12:40:36.760+0000] {taskinstance.py:352} INFO - Marking task as SUCCESS. dag_id=example_branch_operator, task_id=branching, run_id=scheduled__2025-03-13T00:00:00+00:00, execution_date=20250313T000000, start_date=20250314T124036, end_date=20250314T124036
[2025-03-14T12:40:36.768+0000] {logging_mixin.py:190} INFO - Task instance in success state
[2025-03-14T12:40:36.769+0000] {logging_mixin.py:190} INFO -  Previous state of the Task instance: running
[2025-03-14T12:40:36.769+0000] {logging_mixin.py:190} INFO - Dag name:example_branch_operator queued_at:2025-03-14 12:40:31.696129+00:00
[2025-03-14T12:40:36.769+0000] {logging_mixin.py:190} INFO - Task hostname:20af77fe98a4 operator:BranchPythonOperator
[2025-03-14T12:40:36.800+0000] {local_task_job_runner.py:266} INFO - Task exited with return code 0
[2025-03-14T12:40:36.982+0000] {taskinstance.py:3895} INFO - 1 downstream tasks scheduled from follow-on schedule check
[2025-03-14T12:40:36.986+0000] {local_task_job_runner.py:245} INFO - ::endgroup::
