[2025-03-14T12:40:38.772+0000] {local_task_job_runner.py:123} INFO - ::group::Pre task execution logs
[2025-03-14T12:40:38.793+0000] {taskinstance.py:2613} INFO - Dependencies all met for dep_context=non-requeueable deps ti=<TaskInstance: example_branch_operator.branch_d scheduled__2025-03-13T00:00:00+00:00 [queued]>
[2025-03-14T12:40:38.801+0000] {taskinstance.py:2613} INFO - Dependencies all met for dep_context=requeueable deps ti=<TaskInstance: example_branch_operator.branch_d scheduled__2025-03-13T00:00:00+00:00 [queued]>
[2025-03-14T12:40:38.802+0000] {taskinstance.py:2866} INFO - Starting attempt 1 of 1
[2025-03-14T12:40:38.813+0000] {taskinstance.py:2889} INFO - Executing <Task(PythonOperator): branch_d> on 2025-03-13 00:00:00+00:00
[2025-03-14T12:40:38.821+0000] {warnings.py:112} WARNING - /home/***/.local/lib/python3.12/site-packages/***/task/task_runner/standard_task_runner.py:70: DeprecationWarning: This process (pid=1549) is multi-threaded, use of fork() may lead to deadlocks in the child.
  pid = os.fork()

[2025-03-14T12:40:38.822+0000] {standard_task_runner.py:72} INFO - Started process 1551 to run task
[2025-03-14T12:40:38.822+0000] {standard_task_runner.py:104} INFO - Running: ['***', 'tasks', 'run', 'example_branch_operator', 'branch_d', 'scheduled__2025-03-13T00:00:00+00:00', '--job-id', '6', '--raw', '--subdir', '/home/***/.local/lib/python3.12/site-packages/***/example_dags/example_branch_operator.py', '--cfg-path', '/tmp/tmptog6vxld']
[2025-03-14T12:40:38.823+0000] {standard_task_runner.py:105} INFO - Job 6: Subtask branch_d
[2025-03-14T12:40:38.864+0000] {task_command.py:467} INFO - Running <TaskInstance: example_branch_operator.branch_d scheduled__2025-03-13T00:00:00+00:00 [running]> on host 20af77fe98a4
[2025-03-14T12:40:38.929+0000] {taskinstance.py:3132} INFO - Exporting env vars: AIRFLOW_CTX_DAG_OWNER='***' AIRFLOW_CTX_DAG_ID='example_branch_operator' AIRFLOW_CTX_TASK_ID='branch_d' AIRFLOW_CTX_EXECUTION_DATE='2025-03-13T00:00:00+00:00' AIRFLOW_CTX_TRY_NUMBER='1' AIRFLOW_CTX_DAG_RUN_ID='scheduled__2025-03-13T00:00:00+00:00'
[2025-03-14T12:40:38.930+0000] {logging_mixin.py:190} INFO - Task instance is in running state
[2025-03-14T12:40:38.930+0000] {logging_mixin.py:190} INFO -  Previous state of the Task instance: queued
[2025-03-14T12:40:38.931+0000] {logging_mixin.py:190} INFO - Current task name:branch_d state:running start_date:2025-03-14 12:40:38.793665+00:00
[2025-03-14T12:40:38.931+0000] {logging_mixin.py:190} INFO - Dag name:example_branch_operator and current dag run status:running
[2025-03-14T12:40:38.931+0000] {taskinstance.py:731} INFO - ::endgroup::
[2025-03-14T12:40:38.932+0000] {logging_mixin.py:190} INFO - Hello World
[2025-03-14T12:40:38.932+0000] {python.py:240} INFO - Done. Returned value was: None
[2025-03-14T12:40:38.940+0000] {taskinstance.py:340} INFO - ::group::Post task execution logs
[2025-03-14T12:40:38.941+0000] {taskinstance.py:352} INFO - Marking task as SUCCESS. dag_id=example_branch_operator, task_id=branch_d, run_id=scheduled__2025-03-13T00:00:00+00:00, execution_date=20250313T000000, start_date=20250314T124038, end_date=20250314T124038
[2025-03-14T12:40:38.948+0000] {logging_mixin.py:190} INFO - Task instance in success state
[2025-03-14T12:40:38.949+0000] {logging_mixin.py:190} INFO -  Previous state of the Task instance: running
[2025-03-14T12:40:38.949+0000] {logging_mixin.py:190} INFO - Dag name:example_branch_operator queued_at:2025-03-14 12:40:31.696129+00:00
[2025-03-14T12:40:38.949+0000] {logging_mixin.py:190} INFO - Task hostname:20af77fe98a4 operator:PythonOperator
[2025-03-14T12:40:38.997+0000] {local_task_job_runner.py:266} INFO - Task exited with return code 0
[2025-03-14T12:40:39.021+0000] {taskinstance.py:3895} INFO - 0 downstream tasks scheduled from follow-on schedule check
[2025-03-14T12:40:39.022+0000] {local_task_job_runner.py:245} INFO - ::endgroup::
