[2025-03-17T07:05:09.186+0000] {local_task_job_runner.py:123} INFO - ::group::Pre task execution logs
[2025-03-17T07:05:09.204+0000] {taskinstance.py:2613} INFO - Dependencies all met for dep_context=non-requeueable deps ti=<TaskInstance: example_branch_operator.branch_a scheduled__2025-03-14T00:00:00+00:00 [queued]>
[2025-03-17T07:05:09.213+0000] {taskinstance.py:2613} INFO - Dependencies all met for dep_context=requeueable deps ti=<TaskInstance: example_branch_operator.branch_a scheduled__2025-03-14T00:00:00+00:00 [queued]>
[2025-03-17T07:05:09.213+0000] {taskinstance.py:2866} INFO - Starting attempt 1 of 1
[2025-03-17T07:05:09.225+0000] {taskinstance.py:2889} INFO - Executing <Task(PythonOperator): branch_a> on 2025-03-14 00:00:00+00:00
[2025-03-17T07:05:09.234+0000] {warnings.py:112} WARNING - /home/***/.local/lib/python3.12/site-packages/***/task/task_runner/standard_task_runner.py:70: DeprecationWarning: This process (pid=84) is multi-threaded, use of fork() may lead to deadlocks in the child.
  pid = os.fork()

[2025-03-17T07:05:09.236+0000] {standard_task_runner.py:72} INFO - Started process 87 to run task
[2025-03-17T07:05:09.236+0000] {standard_task_runner.py:104} INFO - Running: ['***', 'tasks', 'run', 'example_branch_operator', 'branch_a', 'scheduled__2025-03-14T00:00:00+00:00', '--job-id', '15', '--raw', '--subdir', '/home/***/.local/lib/python3.12/site-packages/***/example_dags/example_branch_operator.py', '--cfg-path', '/tmp/tmpnk5_4isl']
[2025-03-17T07:05:09.237+0000] {standard_task_runner.py:105} INFO - Job 15: Subtask branch_a
[2025-03-17T07:05:09.275+0000] {task_command.py:467} INFO - Running <TaskInstance: example_branch_operator.branch_a scheduled__2025-03-14T00:00:00+00:00 [running]> on host 758401fd595f
[2025-03-17T07:05:09.339+0000] {taskinstance.py:3132} INFO - Exporting env vars: AIRFLOW_CTX_DAG_OWNER='***' AIRFLOW_CTX_DAG_ID='example_branch_operator' AIRFLOW_CTX_TASK_ID='branch_a' AIRFLOW_CTX_EXECUTION_DATE='2025-03-14T00:00:00+00:00' AIRFLOW_CTX_TRY_NUMBER='1' AIRFLOW_CTX_DAG_RUN_ID='scheduled__2025-03-14T00:00:00+00:00'
[2025-03-17T07:05:09.340+0000] {logging_mixin.py:190} INFO - Task instance is in running state
[2025-03-17T07:05:09.341+0000] {logging_mixin.py:190} INFO -  Previous state of the Task instance: queued
[2025-03-17T07:05:09.341+0000] {logging_mixin.py:190} INFO - Current task name:branch_a state:running start_date:2025-03-17 07:05:09.204982+00:00
[2025-03-17T07:05:09.342+0000] {logging_mixin.py:190} INFO - Dag name:example_branch_operator and current dag run status:running
[2025-03-17T07:05:09.342+0000] {taskinstance.py:731} INFO - ::endgroup::
[2025-03-17T07:05:09.342+0000] {logging_mixin.py:190} INFO - Hello World
[2025-03-17T07:05:09.343+0000] {python.py:240} INFO - Done. Returned value was: None
[2025-03-17T07:05:09.351+0000] {taskinstance.py:340} INFO - ::group::Post task execution logs
[2025-03-17T07:05:09.351+0000] {taskinstance.py:352} INFO - Marking task as SUCCESS. dag_id=example_branch_operator, task_id=branch_a, run_id=scheduled__2025-03-14T00:00:00+00:00, execution_date=20250314T000000, start_date=20250317T070509, end_date=20250317T070509
[2025-03-17T07:05:09.359+0000] {logging_mixin.py:190} INFO - Task instance in success state
[2025-03-17T07:05:09.359+0000] {logging_mixin.py:190} INFO -  Previous state of the Task instance: running
[2025-03-17T07:05:09.360+0000] {logging_mixin.py:190} INFO - Dag name:example_branch_operator queued_at:2025-03-17 07:05:01.824396+00:00
[2025-03-17T07:05:09.360+0000] {logging_mixin.py:190} INFO - Task hostname:758401fd595f operator:PythonOperator
[2025-03-17T07:05:09.371+0000] {local_task_job_runner.py:266} INFO - Task exited with return code 0
[2025-03-17T07:05:09.392+0000] {taskinstance.py:3895} INFO - 0 downstream tasks scheduled from follow-on schedule check
[2025-03-17T07:05:09.394+0000] {local_task_job_runner.py:245} INFO - ::endgroup::
