[2025-03-17T07:05:31.231+0000] {local_task_job_runner.py:123} INFO - ::group::Pre task execution logs
[2025-03-17T07:05:31.250+0000] {taskinstance.py:2613} INFO - Dependencies all met for dep_context=non-requeueable deps ti=<TaskInstance: example_branch_operator.venv_a scheduled__2025-03-16T00:00:00+00:00 [queued]>
[2025-03-17T07:05:31.258+0000] {taskinstance.py:2613} INFO - Dependencies all met for dep_context=requeueable deps ti=<TaskInstance: example_branch_operator.venv_a scheduled__2025-03-16T00:00:00+00:00 [queued]>
[2025-03-17T07:05:31.259+0000] {taskinstance.py:2866} INFO - Starting attempt 1 of 1
[2025-03-17T07:05:31.270+0000] {taskinstance.py:2889} INFO - Executing <Task(PythonVirtualenvOperator): venv_a> on 2025-03-16 00:00:00+00:00
[2025-03-17T07:05:31.278+0000] {warnings.py:112} WARNING - /home/***/.local/lib/python3.12/site-packages/***/task/task_runner/standard_task_runner.py:70: DeprecationWarning: This process (pid=271) is multi-threaded, use of fork() may lead to deadlocks in the child.
  pid = os.fork()

[2025-03-17T07:05:31.279+0000] {standard_task_runner.py:72} INFO - Started process 274 to run task
[2025-03-17T07:05:31.280+0000] {standard_task_runner.py:104} INFO - Running: ['***', 'tasks', 'run', 'example_branch_operator', 'venv_a', 'scheduled__2025-03-16T00:00:00+00:00', '--job-id', '23', '--raw', '--subdir', '/home/***/.local/lib/python3.12/site-packages/***/example_dags/example_branch_operator.py', '--cfg-path', '/tmp/tmpbpzr80ej']
[2025-03-17T07:05:31.281+0000] {standard_task_runner.py:105} INFO - Job 23: Subtask venv_a
[2025-03-17T07:05:31.334+0000] {task_command.py:467} INFO - Running <TaskInstance: example_branch_operator.venv_a scheduled__2025-03-16T00:00:00+00:00 [running]> on host 758401fd595f
[2025-03-17T07:05:31.397+0000] {taskinstance.py:3132} INFO - Exporting env vars: AIRFLOW_CTX_DAG_OWNER='***' AIRFLOW_CTX_DAG_ID='example_branch_operator' AIRFLOW_CTX_TASK_ID='venv_a' AIRFLOW_CTX_EXECUTION_DATE='2025-03-16T00:00:00+00:00' AIRFLOW_CTX_TRY_NUMBER='1' AIRFLOW_CTX_DAG_RUN_ID='scheduled__2025-03-16T00:00:00+00:00'
[2025-03-17T07:05:31.398+0000] {logging_mixin.py:190} INFO - Task instance is in running state
[2025-03-17T07:05:31.399+0000] {logging_mixin.py:190} INFO -  Previous state of the Task instance: queued
[2025-03-17T07:05:31.399+0000] {logging_mixin.py:190} INFO - Current task name:venv_a state:running start_date:2025-03-17 07:05:31.250694+00:00
[2025-03-17T07:05:31.399+0000] {logging_mixin.py:190} INFO - Dag name:example_branch_operator and current dag run status:running
[2025-03-17T07:05:31.400+0000] {taskinstance.py:731} INFO - ::endgroup::
[2025-03-17T07:05:31.400+0000] {baseoperator.py:416} WARNING - PythonVirtualenvOperator.execute cannot be called outside TaskInstance!
[2025-03-17T07:05:31.407+0000] {python.py:809} INFO - Python virtual environment will be cached in /tmp/venv-5ea997a7
[2025-03-17T07:05:31.409+0000] {python.py:823} INFO - Re-using cached Python virtual environment in /tmp/venv-5ea997a7
[2025-03-17T07:05:31.417+0000] {process_utils.py:186} INFO - Executing cmd: /tmp/venv-5ea997a7/bin/python /tmp/venv-callr83wt_94/script.py /tmp/venv-callr83wt_94/script.in /tmp/venv-callr83wt_94/script.out /tmp/venv-callr83wt_94/string_args.txt /tmp/venv-callr83wt_94/termination.log
[2025-03-17T07:05:31.418+0000] {process_utils.py:190} INFO - Output:
[2025-03-17T07:05:32.685+0000] {process_utils.py:194} INFO - /home/***/.local/lib/python3.12/site-packages/***/configuration.py:859 FutureWarning: section/key [core/sql_alchemy_conn] has been deprecated, you should use[database/sql_alchemy_conn] instead. Please update your `conf.get*` call to use the new name
[2025-03-17T07:05:33.593+0000] {process_utils.py:194} INFO - Hello World with some numpy stuff: [0 1 2 3 4 5]
[2025-03-17T07:05:33.896+0000] {python.py:240} INFO - Done. Returned value was: None
[2025-03-17T07:05:33.905+0000] {taskinstance.py:340} INFO - ::group::Post task execution logs
[2025-03-17T07:05:33.906+0000] {taskinstance.py:352} INFO - Marking task as SUCCESS. dag_id=example_branch_operator, task_id=venv_a, run_id=scheduled__2025-03-16T00:00:00+00:00, execution_date=20250316T000000, start_date=20250317T070531, end_date=20250317T070533
[2025-03-17T07:05:33.913+0000] {logging_mixin.py:190} INFO - Task instance in success state
[2025-03-17T07:05:33.913+0000] {logging_mixin.py:190} INFO -  Previous state of the Task instance: running
[2025-03-17T07:05:33.914+0000] {logging_mixin.py:190} INFO - Dag name:example_branch_operator queued_at:2025-03-17 07:05:02.957069+00:00
[2025-03-17T07:05:33.914+0000] {logging_mixin.py:190} INFO - Task hostname:758401fd595f operator:PythonVirtualenvOperator
[2025-03-17T07:05:33.947+0000] {local_task_job_runner.py:266} INFO - Task exited with return code 0
[2025-03-17T07:05:33.961+0000] {taskinstance.py:3895} INFO - 0 downstream tasks scheduled from follow-on schedule check
[2025-03-17T07:05:33.963+0000] {local_task_job_runner.py:245} INFO - ::endgroup::
