[2025-03-17T07:05:07.089+0000] {local_task_job_runner.py:123} INFO - ::group::Pre task execution logs
[2025-03-17T07:05:07.104+0000] {taskinstance.py:2613} INFO - Dependencies all met for dep_context=non-requeueable deps ti=<TaskInstance: example_branch_operator.branching scheduled__2025-03-14T00:00:00+00:00 [queued]>
[2025-03-17T07:05:07.110+0000] {taskinstance.py:2613} INFO - Dependencies all met for dep_context=requeueable deps ti=<TaskInstance: example_branch_operator.branching scheduled__2025-03-14T00:00:00+00:00 [queued]>
[2025-03-17T07:05:07.111+0000] {taskinstance.py:2866} INFO - Starting attempt 1 of 1
[2025-03-17T07:05:07.122+0000] {taskinstance.py:2889} INFO - Executing <Task(BranchPythonOperator): branching> on 2025-03-14 00:00:00+00:00
[2025-03-17T07:05:07.129+0000] {warnings.py:112} WARNING - /home/***/.local/lib/python3.12/site-packages/***/task/task_runner/standard_task_runner.py:70: DeprecationWarning: This process (pid=75) is multi-threaded, use of fork() may lead to deadlocks in the child.
  pid = os.fork()

[2025-03-17T07:05:07.130+0000] {standard_task_runner.py:72} INFO - Started process 79 to run task
[2025-03-17T07:05:07.131+0000] {standard_task_runner.py:104} INFO - Running: ['***', 'tasks', 'run', 'example_branch_operator', 'branching', 'scheduled__2025-03-14T00:00:00+00:00', '--job-id', '13', '--raw', '--subdir', '/home/***/.local/lib/python3.12/site-packages/***/example_dags/example_branch_operator.py', '--cfg-path', '/tmp/tmpf7e8n8k2']
[2025-03-17T07:05:07.132+0000] {standard_task_runner.py:105} INFO - Job 13: Subtask branching
[2025-03-17T07:05:07.171+0000] {task_command.py:467} INFO - Running <TaskInstance: example_branch_operator.branching scheduled__2025-03-14T00:00:00+00:00 [running]> on host 758401fd595f
[2025-03-17T07:05:07.463+0000] {taskinstance.py:3132} INFO - Exporting env vars: AIRFLOW_CTX_DAG_OWNER='***' AIRFLOW_CTX_DAG_ID='example_branch_operator' AIRFLOW_CTX_TASK_ID='branching' AIRFLOW_CTX_EXECUTION_DATE='2025-03-14T00:00:00+00:00' AIRFLOW_CTX_TRY_NUMBER='1' AIRFLOW_CTX_DAG_RUN_ID='scheduled__2025-03-14T00:00:00+00:00'
[2025-03-17T07:05:07.464+0000] {logging_mixin.py:190} INFO - Task instance is in running state
[2025-03-17T07:05:07.464+0000] {logging_mixin.py:190} INFO -  Previous state of the Task instance: queued
[2025-03-17T07:05:07.465+0000] {logging_mixin.py:190} INFO - Current task name:branching state:running start_date:2025-03-17 07:05:07.104579+00:00
[2025-03-17T07:05:07.465+0000] {logging_mixin.py:190} INFO - Dag name:example_branch_operator and current dag run status:running
[2025-03-17T07:05:07.465+0000] {taskinstance.py:731} INFO - ::endgroup::
[2025-03-17T07:05:07.466+0000] {baseoperator.py:416} WARNING - BranchPythonOperator.execute cannot be called outside TaskInstance!
[2025-03-17T07:05:07.466+0000] {python.py:240} INFO - Done. Returned value was: branch_a
[2025-03-17T07:05:07.466+0000] {branch.py:38} INFO - Branch into branch_a
[2025-03-17T07:05:07.467+0000] {skipmixin.py:230} INFO - Following branch ('branch_a',)
[2025-03-17T07:05:07.477+0000] {skipmixin.py:278} INFO - Skipping tasks [('branch_b', -1), ('branch_d', -1), ('branch_c', -1)]
[2025-03-17T07:05:07.506+0000] {taskinstance.py:340} INFO - ::group::Post task execution logs
[2025-03-17T07:05:07.506+0000] {taskinstance.py:352} INFO - Marking task as SUCCESS. dag_id=example_branch_operator, task_id=branching, run_id=scheduled__2025-03-14T00:00:00+00:00, execution_date=20250314T000000, start_date=20250317T070507, end_date=20250317T070507
[2025-03-17T07:05:07.514+0000] {logging_mixin.py:190} INFO - Task instance in success state
[2025-03-17T07:05:07.515+0000] {logging_mixin.py:190} INFO -  Previous state of the Task instance: running
[2025-03-17T07:05:07.515+0000] {logging_mixin.py:190} INFO - Dag name:example_branch_operator queued_at:2025-03-17 07:05:01.824396+00:00
[2025-03-17T07:05:07.516+0000] {logging_mixin.py:190} INFO - Task hostname:758401fd595f operator:BranchPythonOperator
[2025-03-17T07:05:07.547+0000] {local_task_job_runner.py:266} INFO - Task exited with return code 0
[2025-03-17T07:05:07.771+0000] {taskinstance.py:3895} INFO - 1 downstream tasks scheduled from follow-on schedule check
[2025-03-17T07:05:07.776+0000] {local_task_job_runner.py:245} INFO - ::endgroup::
