[2025-03-17T16:05:23.945+0000] {local_task_job_runner.py:123} INFO - ::group::Pre task execution logs
[2025-03-17T16:05:23.961+0000] {taskinstance.py:2613} INFO - Dependencies all met for dep_context=non-requeueable deps ti=<TaskInstance: parallel_dag.load_b manual__2025-03-17T16:05:10.971413+00:00 [queued]>
[2025-03-17T16:05:23.969+0000] {taskinstance.py:2613} INFO - Dependencies all met for dep_context=requeueable deps ti=<TaskInstance: parallel_dag.load_b manual__2025-03-17T16:05:10.971413+00:00 [queued]>
[2025-03-17T16:05:23.970+0000] {taskinstance.py:2866} INFO - Starting attempt 1 of 1
[2025-03-17T16:05:23.981+0000] {taskinstance.py:2889} INFO - Executing <Task(BashOperator): load_b> on 2025-03-17 16:05:10.971413+00:00
[2025-03-17T16:05:23.988+0000] {warnings.py:112} WARNING - /home/***/.local/lib/python3.12/site-packages/***/task/task_runner/standard_task_runner.py:70: DeprecationWarning: This process (pid=120) is multi-threaded, use of fork() may lead to deadlocks in the child.
  pid = os.fork()

[2025-03-17T16:05:23.990+0000] {standard_task_runner.py:72} INFO - Started process 123 to run task
[2025-03-17T16:05:23.990+0000] {standard_task_runner.py:104} INFO - Running: ['***', 'tasks', 'run', 'parallel_dag', 'load_b', 'manual__2025-03-17T16:05:10.971413+00:00', '--job-id', '19', '--raw', '--subdir', 'DAGS_FOLDER/04_parallel_dag.py', '--cfg-path', '/tmp/tmpdymjh446']
[2025-03-17T16:05:23.990+0000] {standard_task_runner.py:105} INFO - Job 19: Subtask load_b
[2025-03-17T16:05:24.029+0000] {task_command.py:467} INFO - Running <TaskInstance: parallel_dag.load_b manual__2025-03-17T16:05:10.971413+00:00 [running]> on host 2ccc5311a67c
[2025-03-17T16:05:24.109+0000] {taskinstance.py:3132} INFO - Exporting env vars: AIRFLOW_CTX_DAG_OWNER='***' AIRFLOW_CTX_DAG_ID='parallel_dag' AIRFLOW_CTX_TASK_ID='load_b' AIRFLOW_CTX_EXECUTION_DATE='2025-03-17T16:05:10.971413+00:00' AIRFLOW_CTX_TRY_NUMBER='1' AIRFLOW_CTX_DAG_RUN_ID='manual__2025-03-17T16:05:10.971413+00:00'
[2025-03-17T16:05:24.110+0000] {taskinstance.py:731} INFO - ::endgroup::
[2025-03-17T16:05:24.124+0000] {subprocess.py:78} INFO - Tmp dir root location: /tmp
[2025-03-17T16:05:24.125+0000] {subprocess.py:88} INFO - Running command: ['/usr/bin/bash', '-c', 'sleep 10']
[2025-03-17T16:05:24.135+0000] {subprocess.py:99} INFO - Output:
[2025-03-17T16:05:34.143+0000] {subprocess.py:110} INFO - Command exited with return code 0
[2025-03-17T16:05:34.165+0000] {taskinstance.py:340} INFO - ::group::Post task execution logs
[2025-03-17T16:05:34.166+0000] {taskinstance.py:352} INFO - Marking task as SUCCESS. dag_id=parallel_dag, task_id=load_b, run_id=manual__2025-03-17T16:05:10.971413+00:00, execution_date=20250317T160510, start_date=20250317T160523, end_date=20250317T160534
[2025-03-17T16:05:34.204+0000] {local_task_job_runner.py:266} INFO - Task exited with return code 0
[2025-03-17T16:05:34.221+0000] {taskinstance.py:3895} INFO - 1 downstream tasks scheduled from follow-on schedule check
[2025-03-17T16:05:34.222+0000] {local_task_job_runner.py:245} INFO - ::endgroup::
