[2025-03-17T07:05:13.182+0000] {local_task_job_runner.py:123} INFO - ::group::Pre task execution logs
[2025-03-17T07:05:13.198+0000] {taskinstance.py:2613} INFO - Dependencies all met for dep_context=non-requeueable deps ti=<TaskInstance: example_branch_operator.branching_ext_python scheduled__2025-03-16T00:00:00+00:00 [queued]>
[2025-03-17T07:05:13.205+0000] {taskinstance.py:2613} INFO - Dependencies all met for dep_context=requeueable deps ti=<TaskInstance: example_branch_operator.branching_ext_python scheduled__2025-03-16T00:00:00+00:00 [queued]>
[2025-03-17T07:05:13.206+0000] {taskinstance.py:2866} INFO - Starting attempt 1 of 1
[2025-03-17T07:05:13.217+0000] {taskinstance.py:2889} INFO - Executing <Task(BranchExternalPythonOperator): branching_ext_python> on 2025-03-16 00:00:00+00:00
[2025-03-17T07:05:13.226+0000] {warnings.py:112} WARNING - /home/***/.local/lib/python3.12/site-packages/***/task/task_runner/standard_task_runner.py:70: DeprecationWarning: This process (pid=91) is multi-threaded, use of fork() may lead to deadlocks in the child.
  pid = os.fork()

[2025-03-17T07:05:13.228+0000] {standard_task_runner.py:72} INFO - Started process 97 to run task
[2025-03-17T07:05:13.227+0000] {standard_task_runner.py:104} INFO - Running: ['***', 'tasks', 'run', 'example_branch_operator', 'branching_ext_python', 'scheduled__2025-03-16T00:00:00+00:00', '--job-id', '18', '--raw', '--subdir', '/home/***/.local/lib/python3.12/site-packages/***/example_dags/example_branch_operator.py', '--cfg-path', '/tmp/tmpqzqy0oez']
[2025-03-17T07:05:13.228+0000] {standard_task_runner.py:105} INFO - Job 18: Subtask branching_ext_python
[2025-03-17T07:05:13.270+0000] {task_command.py:467} INFO - Running <TaskInstance: example_branch_operator.branching_ext_python scheduled__2025-03-16T00:00:00+00:00 [running]> on host 758401fd595f
[2025-03-17T07:05:13.348+0000] {taskinstance.py:3132} INFO - Exporting env vars: AIRFLOW_CTX_DAG_OWNER='***' AIRFLOW_CTX_DAG_ID='example_branch_operator' AIRFLOW_CTX_TASK_ID='branching_ext_python' AIRFLOW_CTX_EXECUTION_DATE='2025-03-16T00:00:00+00:00' AIRFLOW_CTX_TRY_NUMBER='1' AIRFLOW_CTX_DAG_RUN_ID='scheduled__2025-03-16T00:00:00+00:00'
[2025-03-17T07:05:13.350+0000] {logging_mixin.py:190} INFO - Task instance is in running state
[2025-03-17T07:05:13.350+0000] {logging_mixin.py:190} INFO -  Previous state of the Task instance: queued
[2025-03-17T07:05:13.350+0000] {logging_mixin.py:190} INFO - Current task name:branching_ext_python state:running start_date:2025-03-17 07:05:13.198600+00:00
[2025-03-17T07:05:13.351+0000] {logging_mixin.py:190} INFO - Dag name:example_branch_operator and current dag run status:running
[2025-03-17T07:05:13.351+0000] {taskinstance.py:731} INFO - ::endgroup::
[2025-03-17T07:05:13.352+0000] {baseoperator.py:416} WARNING - BranchExternalPythonOperator.execute cannot be called outside TaskInstance!
[2025-03-17T07:05:13.650+0000] {baseoperator.py:416} WARNING - BranchExternalPythonOperator.execute cannot be called outside TaskInstance!
[2025-03-17T07:05:13.680+0000] {python.py:513} INFO - Use 'pickle' as serializer.
[2025-03-17T07:05:13.688+0000] {process_utils.py:186} INFO - Executing cmd: /home/***/.local/bin/python /tmp/venv-calljz53xt5b/script.py /tmp/venv-calljz53xt5b/script.in /tmp/venv-calljz53xt5b/script.out /tmp/venv-calljz53xt5b/string_args.txt /tmp/venv-calljz53xt5b/termination.log
[2025-03-17T07:05:13.689+0000] {process_utils.py:190} INFO - Output:
[2025-03-17T07:05:15.101+0000] {process_utils.py:194} INFO - /home/***/.local/lib/python3.12/site-packages/***/configuration.py:859 FutureWarning: section/key [core/sql_alchemy_conn] has been deprecated, you should use[database/sql_alchemy_conn] instead. Please update your `conf.get*` call to use the new name
[2025-03-17T07:05:16.505+0000] {python.py:240} INFO - Done. Returned value was: ext_py_b
[2025-03-17T07:05:16.506+0000] {branch.py:38} INFO - Branch into ext_py_b
[2025-03-17T07:05:16.507+0000] {skipmixin.py:230} INFO - Following branch ('ext_py_b',)
[2025-03-17T07:05:16.520+0000] {skipmixin.py:278} INFO - Skipping tasks [('ext_py_c', -1), ('ext_py_a', -1), ('ext_py_d', -1)]
[2025-03-17T07:05:16.550+0000] {taskinstance.py:340} INFO - ::group::Post task execution logs
[2025-03-17T07:05:16.551+0000] {taskinstance.py:352} INFO - Marking task as SUCCESS. dag_id=example_branch_operator, task_id=branching_ext_python, run_id=scheduled__2025-03-16T00:00:00+00:00, execution_date=20250316T000000, start_date=20250317T070513, end_date=20250317T070516
[2025-03-17T07:05:16.561+0000] {logging_mixin.py:190} INFO - Task instance in success state
[2025-03-17T07:05:16.562+0000] {logging_mixin.py:190} INFO -  Previous state of the Task instance: running
[2025-03-17T07:05:16.562+0000] {logging_mixin.py:190} INFO - Dag name:example_branch_operator queued_at:2025-03-17 07:05:02.957069+00:00
[2025-03-17T07:05:16.563+0000] {logging_mixin.py:190} INFO - Task hostname:758401fd595f operator:BranchExternalPythonOperator
[2025-03-17T07:05:16.612+0000] {local_task_job_runner.py:266} INFO - Task exited with return code 0
[2025-03-17T07:05:16.643+0000] {taskinstance.py:3895} INFO - 1 downstream tasks scheduled from follow-on schedule check
[2025-03-17T07:05:16.644+0000] {local_task_job_runner.py:245} INFO - ::endgroup::
