[2025-03-17T15:29:25.165+0000] {local_task_job_runner.py:123} INFO - ::group::Pre task execution logs
[2025-03-17T15:29:25.182+0000] {taskinstance.py:2613} INFO - Dependencies all met for dep_context=non-requeueable deps ti=<TaskInstance: parallel_dag.transform scheduled__2025-03-16T00:00:00+00:00 [queued]>
[2025-03-17T15:29:25.190+0000] {taskinstance.py:2613} INFO - Dependencies all met for dep_context=requeueable deps ti=<TaskInstance: parallel_dag.transform scheduled__2025-03-16T00:00:00+00:00 [queued]>
[2025-03-17T15:29:25.194+0000] {taskinstance.py:2866} INFO - Starting attempt 1 of 1
[2025-03-17T15:29:25.206+0000] {taskinstance.py:2889} INFO - Executing <Task(BashOperator): transform> on 2025-03-16 00:00:00+00:00
[2025-03-17T15:29:25.214+0000] {warnings.py:112} WARNING - /home/***/.local/lib/python3.12/site-packages/***/task/task_runner/standard_task_runner.py:70: DeprecationWarning: This process (pid=106) is multi-threaded, use of fork() may lead to deadlocks in the child.
  pid = os.fork()

[2025-03-17T15:29:25.215+0000] {standard_task_runner.py:72} INFO - Started process 107 to run task
[2025-03-17T15:29:25.215+0000] {standard_task_runner.py:104} INFO - Running: ['***', 'tasks', 'run', 'parallel_dag', 'transform', 'scheduled__2025-03-16T00:00:00+00:00', '--job-id', '7', '--raw', '--subdir', 'DAGS_FOLDER/04_parallel_dag.py', '--cfg-path', '/tmp/tmptqk_inzj']
[2025-03-17T15:29:25.216+0000] {standard_task_runner.py:105} INFO - Job 7: Subtask transform
[2025-03-17T15:29:25.255+0000] {task_command.py:467} INFO - Running <TaskInstance: parallel_dag.transform scheduled__2025-03-16T00:00:00+00:00 [running]> on host 9ad2560016bc
[2025-03-17T15:29:25.319+0000] {taskinstance.py:3132} INFO - Exporting env vars: AIRFLOW_CTX_DAG_OWNER='***' AIRFLOW_CTX_DAG_ID='parallel_dag' AIRFLOW_CTX_TASK_ID='transform' AIRFLOW_CTX_EXECUTION_DATE='2025-03-16T00:00:00+00:00' AIRFLOW_CTX_TRY_NUMBER='1' AIRFLOW_CTX_DAG_RUN_ID='scheduled__2025-03-16T00:00:00+00:00'
[2025-03-17T15:29:25.320+0000] {taskinstance.py:731} INFO - ::endgroup::
[2025-03-17T15:29:25.333+0000] {subprocess.py:78} INFO - Tmp dir root location: /tmp
[2025-03-17T15:29:25.334+0000] {subprocess.py:88} INFO - Running command: ['/usr/bin/bash', '-c', 'sleep 10']
[2025-03-17T15:29:25.350+0000] {subprocess.py:99} INFO - Output:
[2025-03-17T15:29:32.899+0000] {subprocess.py:110} INFO - Command exited with return code 0
[2025-03-17T15:29:32.924+0000] {taskinstance.py:340} INFO - ::group::Post task execution logs
[2025-03-17T15:29:32.924+0000] {taskinstance.py:352} INFO - Marking task as SUCCESS. dag_id=parallel_dag, task_id=transform, run_id=scheduled__2025-03-16T00:00:00+00:00, execution_date=20250316T000000, start_date=20250317T152925, end_date=20250317T152932
[2025-03-17T15:29:32.958+0000] {local_task_job_runner.py:266} INFO - Task exited with return code 0
[2025-03-17T15:29:32.972+0000] {taskinstance.py:3895} INFO - 0 downstream tasks scheduled from follow-on schedule check
[2025-03-17T15:29:32.974+0000] {local_task_job_runner.py:245} INFO - ::endgroup::
