[2025-03-17T15:28:00.413+0000] {processor.py:186} INFO - Started process (PID=66) to work on /opt/airflow/dags/00_exampledag.py
[2025-03-17T15:28:00.413+0000] {processor.py:914} INFO - Processing file /opt/airflow/dags/00_exampledag.py for tasks to queue
[2025-03-17T15:28:00.415+0000] {logging_mixin.py:190} INFO - [2025-03-17T15:28:00.415+0000] {dagbag.py:588} INFO - Filling up the DagBag from /opt/airflow/dags/00_exampledag.py
[2025-03-17T15:28:00.440+0000] {processor.py:925} INFO - DAG(s) 'example_astronauts' retrieved from /opt/airflow/dags/00_exampledag.py
[2025-03-17T15:28:00.542+0000] {logging_mixin.py:190} INFO - [2025-03-17T15:28:00.541+0000] {override.py:1911} INFO - Created Permission View: can read on DAG:example_astronauts
[2025-03-17T15:28:00.552+0000] {logging_mixin.py:190} INFO - [2025-03-17T15:28:00.552+0000] {override.py:1911} INFO - Created Permission View: can edit on DAG:example_astronauts
[2025-03-17T15:28:00.558+0000] {logging_mixin.py:190} INFO - [2025-03-17T15:28:00.558+0000] {override.py:1911} INFO - Created Permission View: can delete on DAG:example_astronauts
[2025-03-17T15:28:00.564+0000] {logging_mixin.py:190} INFO - [2025-03-17T15:28:00.564+0000] {override.py:1911} INFO - Created Permission View: can read on DAG Run:example_astronauts
[2025-03-17T15:28:00.570+0000] {logging_mixin.py:190} INFO - [2025-03-17T15:28:00.569+0000] {override.py:1911} INFO - Created Permission View: menu access on DAG Run:example_astronauts
[2025-03-17T15:28:00.575+0000] {logging_mixin.py:190} INFO - [2025-03-17T15:28:00.575+0000] {override.py:1911} INFO - Created Permission View: can create on DAG Run:example_astronauts
[2025-03-17T15:28:00.581+0000] {logging_mixin.py:190} INFO - [2025-03-17T15:28:00.581+0000] {override.py:1911} INFO - Created Permission View: can delete on DAG Run:example_astronauts
[2025-03-17T15:28:00.582+0000] {logging_mixin.py:190} INFO - [2025-03-17T15:28:00.581+0000] {dag.py:3239} INFO - Sync 1 DAGs
[2025-03-17T15:28:00.594+0000] {logging_mixin.py:190} INFO - [2025-03-17T15:28:00.594+0000] {dag.py:3262} INFO - Creating ORM DAG for example_astronauts
[2025-03-17T15:28:00.604+0000] {logging_mixin.py:190} INFO - [2025-03-17T15:28:00.604+0000] {dag.py:4180} INFO - Setting next_dagrun for example_astronauts to 2025-03-16 00:00:00+00:00, run_after=2025-03-17 00:00:00+00:00
[2025-03-17T15:28:00.624+0000] {processor.py:208} INFO - Processing /opt/airflow/dags/00_exampledag.py took 0.216 seconds
[2025-03-17T15:28:31.494+0000] {processor.py:186} INFO - Started process (PID=85) to work on /opt/airflow/dags/00_exampledag.py
[2025-03-17T15:28:31.495+0000] {processor.py:914} INFO - Processing file /opt/airflow/dags/00_exampledag.py for tasks to queue
[2025-03-17T15:28:31.497+0000] {logging_mixin.py:190} INFO - [2025-03-17T15:28:31.497+0000] {dagbag.py:588} INFO - Filling up the DagBag from /opt/airflow/dags/00_exampledag.py
[2025-03-17T15:28:31.514+0000] {processor.py:925} INFO - DAG(s) 'example_astronauts' retrieved from /opt/airflow/dags/00_exampledag.py
[2025-03-17T15:28:31.537+0000] {logging_mixin.py:190} INFO - [2025-03-17T15:28:31.537+0000] {dag.py:3239} INFO - Sync 1 DAGs
[2025-03-17T15:28:31.560+0000] {logging_mixin.py:190} INFO - [2025-03-17T15:28:31.560+0000] {dag.py:4180} INFO - Setting next_dagrun for example_astronauts to 2025-03-16 00:00:00+00:00, run_after=2025-03-17 00:00:00+00:00
[2025-03-17T15:28:31.581+0000] {processor.py:208} INFO - Processing /opt/airflow/dags/00_exampledag.py took 0.091 seconds
[2025-03-17T15:29:02.016+0000] {processor.py:186} INFO - Started process (PID=102) to work on /opt/airflow/dags/00_exampledag.py
[2025-03-17T15:29:02.017+0000] {processor.py:914} INFO - Processing file /opt/airflow/dags/00_exampledag.py for tasks to queue
[2025-03-17T15:29:02.020+0000] {logging_mixin.py:190} INFO - [2025-03-17T15:29:02.019+0000] {dagbag.py:588} INFO - Filling up the DagBag from /opt/airflow/dags/00_exampledag.py
[2025-03-17T15:29:02.040+0000] {processor.py:925} INFO - DAG(s) 'example_astronauts' retrieved from /opt/airflow/dags/00_exampledag.py
[2025-03-17T15:29:02.063+0000] {logging_mixin.py:190} INFO - [2025-03-17T15:29:02.063+0000] {dag.py:3239} INFO - Sync 1 DAGs
[2025-03-17T15:29:02.087+0000] {logging_mixin.py:190} INFO - [2025-03-17T15:29:02.086+0000] {dag.py:4180} INFO - Setting next_dagrun for example_astronauts to 2025-03-16 00:00:00+00:00, run_after=2025-03-17 00:00:00+00:00
[2025-03-17T15:29:02.110+0000] {processor.py:208} INFO - Processing /opt/airflow/dags/00_exampledag.py took 0.099 seconds
[2025-03-17T15:29:32.426+0000] {processor.py:186} INFO - Started process (PID=119) to work on /opt/airflow/dags/00_exampledag.py
[2025-03-17T15:29:32.427+0000] {processor.py:914} INFO - Processing file /opt/airflow/dags/00_exampledag.py for tasks to queue
[2025-03-17T15:29:32.429+0000] {logging_mixin.py:190} INFO - [2025-03-17T15:29:32.429+0000] {dagbag.py:588} INFO - Filling up the DagBag from /opt/airflow/dags/00_exampledag.py
[2025-03-17T15:29:32.446+0000] {processor.py:925} INFO - DAG(s) 'example_astronauts' retrieved from /opt/airflow/dags/00_exampledag.py
[2025-03-17T15:29:32.469+0000] {logging_mixin.py:190} INFO - [2025-03-17T15:29:32.469+0000] {dag.py:3239} INFO - Sync 1 DAGs
[2025-03-17T15:29:32.492+0000] {logging_mixin.py:190} INFO - [2025-03-17T15:29:32.491+0000] {dag.py:4180} INFO - Setting next_dagrun for example_astronauts to 2025-03-16 00:00:00+00:00, run_after=2025-03-17 00:00:00+00:00
[2025-03-17T15:29:32.512+0000] {processor.py:208} INFO - Processing /opt/airflow/dags/00_exampledag.py took 0.090 seconds
[2025-03-17T15:30:02.687+0000] {processor.py:186} INFO - Started process (PID=132) to work on /opt/airflow/dags/00_exampledag.py
[2025-03-17T15:30:02.688+0000] {processor.py:914} INFO - Processing file /opt/airflow/dags/00_exampledag.py for tasks to queue
[2025-03-17T15:30:02.691+0000] {logging_mixin.py:190} INFO - [2025-03-17T15:30:02.691+0000] {dagbag.py:588} INFO - Filling up the DagBag from /opt/airflow/dags/00_exampledag.py
[2025-03-17T15:30:02.712+0000] {processor.py:925} INFO - DAG(s) 'example_astronauts' retrieved from /opt/airflow/dags/00_exampledag.py
[2025-03-17T15:30:02.735+0000] {logging_mixin.py:190} INFO - [2025-03-17T15:30:02.735+0000] {dag.py:3239} INFO - Sync 1 DAGs
[2025-03-17T15:30:02.758+0000] {logging_mixin.py:190} INFO - [2025-03-17T15:30:02.758+0000] {dag.py:4180} INFO - Setting next_dagrun for example_astronauts to 2025-03-16 00:00:00+00:00, run_after=2025-03-17 00:00:00+00:00
[2025-03-17T15:30:02.781+0000] {processor.py:208} INFO - Processing /opt/airflow/dags/00_exampledag.py took 0.099 seconds
[2025-03-17T15:31:11.762+0000] {processor.py:186} INFO - Started process (PID=58) to work on /opt/airflow/dags/00_exampledag.py
[2025-03-17T15:31:11.763+0000] {processor.py:914} INFO - Processing file /opt/airflow/dags/00_exampledag.py for tasks to queue
[2025-03-17T15:31:11.765+0000] {logging_mixin.py:190} INFO - [2025-03-17T15:31:11.765+0000] {dagbag.py:588} INFO - Filling up the DagBag from /opt/airflow/dags/00_exampledag.py
[2025-03-17T15:31:11.785+0000] {processor.py:925} INFO - DAG(s) 'example_astronauts' retrieved from /opt/airflow/dags/00_exampledag.py
[2025-03-17T15:31:11.813+0000] {logging_mixin.py:190} INFO - [2025-03-17T15:31:11.813+0000] {dag.py:3239} INFO - Sync 1 DAGs
[2025-03-17T15:31:11.839+0000] {logging_mixin.py:190} INFO - [2025-03-17T15:31:11.838+0000] {dag.py:4180} INFO - Setting next_dagrun for example_astronauts to 2025-03-16 00:00:00+00:00, run_after=2025-03-17 00:00:00+00:00
[2025-03-17T15:31:11.862+0000] {processor.py:208} INFO - Processing /opt/airflow/dags/00_exampledag.py took 0.104 seconds
[2025-03-17T15:31:42.451+0000] {processor.py:186} INFO - Started process (PID=77) to work on /opt/airflow/dags/00_exampledag.py
[2025-03-17T15:31:42.452+0000] {processor.py:914} INFO - Processing file /opt/airflow/dags/00_exampledag.py for tasks to queue
[2025-03-17T15:31:42.454+0000] {logging_mixin.py:190} INFO - [2025-03-17T15:31:42.454+0000] {dagbag.py:588} INFO - Filling up the DagBag from /opt/airflow/dags/00_exampledag.py
[2025-03-17T15:31:42.471+0000] {processor.py:925} INFO - DAG(s) 'example_astronauts' retrieved from /opt/airflow/dags/00_exampledag.py
[2025-03-17T15:31:42.493+0000] {logging_mixin.py:190} INFO - [2025-03-17T15:31:42.493+0000] {dag.py:3239} INFO - Sync 1 DAGs
[2025-03-17T15:31:42.661+0000] {logging_mixin.py:190} INFO - [2025-03-17T15:31:42.661+0000] {dag.py:4180} INFO - Setting next_dagrun for example_astronauts to 2025-03-16 00:00:00+00:00, run_after=2025-03-17 00:00:00+00:00
[2025-03-17T15:31:42.682+0000] {processor.py:208} INFO - Processing /opt/airflow/dags/00_exampledag.py took 0.236 seconds
[2025-03-17T15:32:13.407+0000] {processor.py:186} INFO - Started process (PID=90) to work on /opt/airflow/dags/00_exampledag.py
[2025-03-17T15:32:13.408+0000] {processor.py:914} INFO - Processing file /opt/airflow/dags/00_exampledag.py for tasks to queue
[2025-03-17T15:32:13.410+0000] {logging_mixin.py:190} INFO - [2025-03-17T15:32:13.409+0000] {dagbag.py:588} INFO - Filling up the DagBag from /opt/airflow/dags/00_exampledag.py
[2025-03-17T15:32:13.427+0000] {processor.py:925} INFO - DAG(s) 'example_astronauts' retrieved from /opt/airflow/dags/00_exampledag.py
[2025-03-17T15:32:13.449+0000] {logging_mixin.py:190} INFO - [2025-03-17T15:32:13.448+0000] {dag.py:3239} INFO - Sync 1 DAGs
[2025-03-17T15:32:12.633+0000] {logging_mixin.py:190} INFO - [2025-03-17T15:32:12.632+0000] {dag.py:4180} INFO - Setting next_dagrun for example_astronauts to 2025-03-16 00:00:00+00:00, run_after=2025-03-17 00:00:00+00:00
[2025-03-17T15:32:12.653+0000] {processor.py:208} INFO - Processing /opt/airflow/dags/00_exampledag.py took 0.220 seconds
[2025-03-17T15:32:42.771+0000] {processor.py:186} INFO - Started process (PID=101) to work on /opt/airflow/dags/00_exampledag.py
[2025-03-17T15:32:42.772+0000] {processor.py:914} INFO - Processing file /opt/airflow/dags/00_exampledag.py for tasks to queue
[2025-03-17T15:32:42.774+0000] {logging_mixin.py:190} INFO - [2025-03-17T15:32:42.773+0000] {dagbag.py:588} INFO - Filling up the DagBag from /opt/airflow/dags/00_exampledag.py
[2025-03-17T15:32:42.792+0000] {processor.py:925} INFO - DAG(s) 'example_astronauts' retrieved from /opt/airflow/dags/00_exampledag.py
[2025-03-17T15:32:42.929+0000] {logging_mixin.py:190} INFO - [2025-03-17T15:32:42.929+0000] {dag.py:3239} INFO - Sync 1 DAGs
[2025-03-17T15:32:42.949+0000] {logging_mixin.py:190} INFO - [2025-03-17T15:32:42.949+0000] {dag.py:4180} INFO - Setting next_dagrun for example_astronauts to 2025-03-16 00:00:00+00:00, run_after=2025-03-17 00:00:00+00:00
[2025-03-17T15:32:42.967+0000] {processor.py:208} INFO - Processing /opt/airflow/dags/00_exampledag.py took 0.201 seconds
[2025-03-17T15:33:13.401+0000] {processor.py:186} INFO - Started process (PID=115) to work on /opt/airflow/dags/00_exampledag.py
[2025-03-17T15:33:13.402+0000] {processor.py:914} INFO - Processing file /opt/airflow/dags/00_exampledag.py for tasks to queue
[2025-03-17T15:33:13.404+0000] {logging_mixin.py:190} INFO - [2025-03-17T15:33:13.404+0000] {dagbag.py:588} INFO - Filling up the DagBag from /opt/airflow/dags/00_exampledag.py
[2025-03-17T15:33:13.425+0000] {processor.py:925} INFO - DAG(s) 'example_astronauts' retrieved from /opt/airflow/dags/00_exampledag.py
[2025-03-17T15:33:13.450+0000] {logging_mixin.py:190} INFO - [2025-03-17T15:33:13.449+0000] {dag.py:3239} INFO - Sync 1 DAGs
[2025-03-17T15:33:13.471+0000] {logging_mixin.py:190} INFO - [2025-03-17T15:33:13.471+0000] {dag.py:4180} INFO - Setting next_dagrun for example_astronauts to 2025-03-16 00:00:00+00:00, run_after=2025-03-17 00:00:00+00:00
[2025-03-17T15:33:13.492+0000] {processor.py:208} INFO - Processing /opt/airflow/dags/00_exampledag.py took 0.097 seconds
[2025-03-17T15:33:43.799+0000] {processor.py:186} INFO - Started process (PID=127) to work on /opt/airflow/dags/00_exampledag.py
[2025-03-17T15:33:43.800+0000] {processor.py:914} INFO - Processing file /opt/airflow/dags/00_exampledag.py for tasks to queue
[2025-03-17T15:33:43.802+0000] {logging_mixin.py:190} INFO - [2025-03-17T15:33:43.801+0000] {dagbag.py:588} INFO - Filling up the DagBag from /opt/airflow/dags/00_exampledag.py
[2025-03-17T15:33:43.821+0000] {processor.py:925} INFO - DAG(s) 'example_astronauts' retrieved from /opt/airflow/dags/00_exampledag.py
[2025-03-17T15:33:43.843+0000] {logging_mixin.py:190} INFO - [2025-03-17T15:33:43.842+0000] {dag.py:3239} INFO - Sync 1 DAGs
[2025-03-17T15:33:43.864+0000] {logging_mixin.py:190} INFO - [2025-03-17T15:33:43.864+0000] {dag.py:4180} INFO - Setting next_dagrun for example_astronauts to 2025-03-16 00:00:00+00:00, run_after=2025-03-17 00:00:00+00:00
[2025-03-17T15:33:43.887+0000] {processor.py:208} INFO - Processing /opt/airflow/dags/00_exampledag.py took 0.093 seconds
[2025-03-17T15:34:14.765+0000] {processor.py:186} INFO - Started process (PID=141) to work on /opt/airflow/dags/00_exampledag.py
[2025-03-17T15:34:14.766+0000] {processor.py:914} INFO - Processing file /opt/airflow/dags/00_exampledag.py for tasks to queue
[2025-03-17T15:34:14.768+0000] {logging_mixin.py:190} INFO - [2025-03-17T15:34:14.768+0000] {dagbag.py:588} INFO - Filling up the DagBag from /opt/airflow/dags/00_exampledag.py
[2025-03-17T15:34:14.785+0000] {processor.py:925} INFO - DAG(s) 'example_astronauts' retrieved from /opt/airflow/dags/00_exampledag.py
[2025-03-17T15:34:14.809+0000] {logging_mixin.py:190} INFO - [2025-03-17T15:34:14.809+0000] {dag.py:3239} INFO - Sync 1 DAGs
[2025-03-17T15:34:14.831+0000] {logging_mixin.py:190} INFO - [2025-03-17T15:34:14.830+0000] {dag.py:4180} INFO - Setting next_dagrun for example_astronauts to 2025-03-16 00:00:00+00:00, run_after=2025-03-17 00:00:00+00:00
[2025-03-17T15:34:14.852+0000] {processor.py:208} INFO - Processing /opt/airflow/dags/00_exampledag.py took 0.092 seconds
[2025-03-17T15:34:44.990+0000] {processor.py:186} INFO - Started process (PID=154) to work on /opt/airflow/dags/00_exampledag.py
[2025-03-17T15:34:44.991+0000] {processor.py:914} INFO - Processing file /opt/airflow/dags/00_exampledag.py for tasks to queue
[2025-03-17T15:34:44.993+0000] {logging_mixin.py:190} INFO - [2025-03-17T15:34:44.993+0000] {dagbag.py:588} INFO - Filling up the DagBag from /opt/airflow/dags/00_exampledag.py
[2025-03-17T15:34:45.014+0000] {processor.py:925} INFO - DAG(s) 'example_astronauts' retrieved from /opt/airflow/dags/00_exampledag.py
[2025-03-17T15:34:45.039+0000] {logging_mixin.py:190} INFO - [2025-03-17T15:34:45.039+0000] {dag.py:3239} INFO - Sync 1 DAGs
[2025-03-17T15:34:45.063+0000] {logging_mixin.py:190} INFO - [2025-03-17T15:34:45.062+0000] {dag.py:4180} INFO - Setting next_dagrun for example_astronauts to 2025-03-16 00:00:00+00:00, run_after=2025-03-17 00:00:00+00:00
[2025-03-17T15:34:45.085+0000] {processor.py:208} INFO - Processing /opt/airflow/dags/00_exampledag.py took 0.101 seconds
[2025-03-17T15:35:15.315+0000] {processor.py:186} INFO - Started process (PID=167) to work on /opt/airflow/dags/00_exampledag.py
[2025-03-17T15:35:15.316+0000] {processor.py:914} INFO - Processing file /opt/airflow/dags/00_exampledag.py for tasks to queue
[2025-03-17T15:35:15.318+0000] {logging_mixin.py:190} INFO - [2025-03-17T15:35:15.318+0000] {dagbag.py:588} INFO - Filling up the DagBag from /opt/airflow/dags/00_exampledag.py
[2025-03-17T15:35:15.336+0000] {processor.py:925} INFO - DAG(s) 'example_astronauts' retrieved from /opt/airflow/dags/00_exampledag.py
[2025-03-17T15:35:15.357+0000] {logging_mixin.py:190} INFO - [2025-03-17T15:35:15.357+0000] {dag.py:3239} INFO - Sync 1 DAGs
[2025-03-17T15:35:15.377+0000] {logging_mixin.py:190} INFO - [2025-03-17T15:35:15.377+0000] {dag.py:4180} INFO - Setting next_dagrun for example_astronauts to 2025-03-16 00:00:00+00:00, run_after=2025-03-17 00:00:00+00:00
[2025-03-17T15:35:15.397+0000] {processor.py:208} INFO - Processing /opt/airflow/dags/00_exampledag.py took 0.086 seconds
[2025-03-17T15:35:45.802+0000] {processor.py:186} INFO - Started process (PID=180) to work on /opt/airflow/dags/00_exampledag.py
[2025-03-17T15:35:45.803+0000] {processor.py:914} INFO - Processing file /opt/airflow/dags/00_exampledag.py for tasks to queue
[2025-03-17T15:35:45.805+0000] {logging_mixin.py:190} INFO - [2025-03-17T15:35:45.804+0000] {dagbag.py:588} INFO - Filling up the DagBag from /opt/airflow/dags/00_exampledag.py
[2025-03-17T15:35:45.822+0000] {processor.py:925} INFO - DAG(s) 'example_astronauts' retrieved from /opt/airflow/dags/00_exampledag.py
[2025-03-17T15:35:45.841+0000] {logging_mixin.py:190} INFO - [2025-03-17T15:35:45.841+0000] {dag.py:3239} INFO - Sync 1 DAGs
[2025-03-17T15:35:45.860+0000] {logging_mixin.py:190} INFO - [2025-03-17T15:35:45.860+0000] {dag.py:4180} INFO - Setting next_dagrun for example_astronauts to 2025-03-16 00:00:00+00:00, run_after=2025-03-17 00:00:00+00:00
[2025-03-17T15:35:45.877+0000] {processor.py:208} INFO - Processing /opt/airflow/dags/00_exampledag.py took 0.080 seconds
[2025-03-17T15:36:16.267+0000] {processor.py:186} INFO - Started process (PID=193) to work on /opt/airflow/dags/00_exampledag.py
[2025-03-17T15:36:16.268+0000] {processor.py:914} INFO - Processing file /opt/airflow/dags/00_exampledag.py for tasks to queue
[2025-03-17T15:36:16.270+0000] {logging_mixin.py:190} INFO - [2025-03-17T15:36:16.270+0000] {dagbag.py:588} INFO - Filling up the DagBag from /opt/airflow/dags/00_exampledag.py
[2025-03-17T15:36:16.288+0000] {processor.py:925} INFO - DAG(s) 'example_astronauts' retrieved from /opt/airflow/dags/00_exampledag.py
[2025-03-17T15:36:16.312+0000] {logging_mixin.py:190} INFO - [2025-03-17T15:36:16.312+0000] {dag.py:3239} INFO - Sync 1 DAGs
[2025-03-17T15:36:16.335+0000] {logging_mixin.py:190} INFO - [2025-03-17T15:36:16.334+0000] {dag.py:4180} INFO - Setting next_dagrun for example_astronauts to 2025-03-16 00:00:00+00:00, run_after=2025-03-17 00:00:00+00:00
[2025-03-17T15:36:16.354+0000] {processor.py:208} INFO - Processing /opt/airflow/dags/00_exampledag.py took 0.091 seconds
[2025-03-17T15:36:46.932+0000] {processor.py:186} INFO - Started process (PID=212) to work on /opt/airflow/dags/00_exampledag.py
[2025-03-17T15:36:46.933+0000] {processor.py:914} INFO - Processing file /opt/airflow/dags/00_exampledag.py for tasks to queue
[2025-03-17T15:36:46.936+0000] {logging_mixin.py:190} INFO - [2025-03-17T15:36:46.935+0000] {dagbag.py:588} INFO - Filling up the DagBag from /opt/airflow/dags/00_exampledag.py
[2025-03-17T15:36:46.953+0000] {processor.py:925} INFO - DAG(s) 'example_astronauts' retrieved from /opt/airflow/dags/00_exampledag.py
[2025-03-17T15:36:46.975+0000] {logging_mixin.py:190} INFO - [2025-03-17T15:36:46.974+0000] {dag.py:3239} INFO - Sync 1 DAGs
[2025-03-17T15:36:46.995+0000] {logging_mixin.py:190} INFO - [2025-03-17T15:36:46.995+0000] {dag.py:4180} INFO - Setting next_dagrun for example_astronauts to 2025-03-16 00:00:00+00:00, run_after=2025-03-17 00:00:00+00:00
[2025-03-17T15:36:47.016+0000] {processor.py:208} INFO - Processing /opt/airflow/dags/00_exampledag.py took 0.088 seconds
[2025-03-17T15:37:17.963+0000] {processor.py:186} INFO - Started process (PID=225) to work on /opt/airflow/dags/00_exampledag.py
[2025-03-17T15:37:17.963+0000] {processor.py:914} INFO - Processing file /opt/airflow/dags/00_exampledag.py for tasks to queue
[2025-03-17T15:37:17.965+0000] {logging_mixin.py:190} INFO - [2025-03-17T15:37:17.965+0000] {dagbag.py:588} INFO - Filling up the DagBag from /opt/airflow/dags/00_exampledag.py
[2025-03-17T15:37:17.984+0000] {processor.py:925} INFO - DAG(s) 'example_astronauts' retrieved from /opt/airflow/dags/00_exampledag.py
[2025-03-17T15:37:18.008+0000] {logging_mixin.py:190} INFO - [2025-03-17T15:37:18.007+0000] {dag.py:3239} INFO - Sync 1 DAGs
[2025-03-17T15:37:18.031+0000] {logging_mixin.py:190} INFO - [2025-03-17T15:37:18.031+0000] {dag.py:4180} INFO - Setting next_dagrun for example_astronauts to 2025-03-16 00:00:00+00:00, run_after=2025-03-17 00:00:00+00:00
[2025-03-17T15:37:18.053+0000] {processor.py:208} INFO - Processing /opt/airflow/dags/00_exampledag.py took 0.095 seconds
[2025-03-17T15:37:48.456+0000] {processor.py:186} INFO - Started process (PID=239) to work on /opt/airflow/dags/00_exampledag.py
[2025-03-17T15:37:48.456+0000] {processor.py:914} INFO - Processing file /opt/airflow/dags/00_exampledag.py for tasks to queue
[2025-03-17T15:37:48.459+0000] {logging_mixin.py:190} INFO - [2025-03-17T15:37:48.458+0000] {dagbag.py:588} INFO - Filling up the DagBag from /opt/airflow/dags/00_exampledag.py
[2025-03-17T15:37:48.475+0000] {processor.py:925} INFO - DAG(s) 'example_astronauts' retrieved from /opt/airflow/dags/00_exampledag.py
[2025-03-17T15:37:48.494+0000] {logging_mixin.py:190} INFO - [2025-03-17T15:37:48.493+0000] {dag.py:3239} INFO - Sync 1 DAGs
[2025-03-17T15:37:48.513+0000] {logging_mixin.py:190} INFO - [2025-03-17T15:37:48.513+0000] {dag.py:4180} INFO - Setting next_dagrun for example_astronauts to 2025-03-16 00:00:00+00:00, run_after=2025-03-17 00:00:00+00:00
[2025-03-17T15:37:48.532+0000] {processor.py:208} INFO - Processing /opt/airflow/dags/00_exampledag.py took 0.080 seconds
[2025-03-17T15:38:18.842+0000] {processor.py:186} INFO - Started process (PID=252) to work on /opt/airflow/dags/00_exampledag.py
[2025-03-17T15:38:18.843+0000] {processor.py:914} INFO - Processing file /opt/airflow/dags/00_exampledag.py for tasks to queue
[2025-03-17T15:38:18.845+0000] {logging_mixin.py:190} INFO - [2025-03-17T15:38:18.845+0000] {dagbag.py:588} INFO - Filling up the DagBag from /opt/airflow/dags/00_exampledag.py
[2025-03-17T15:38:18.865+0000] {processor.py:925} INFO - DAG(s) 'example_astronauts' retrieved from /opt/airflow/dags/00_exampledag.py
[2025-03-17T15:38:18.888+0000] {logging_mixin.py:190} INFO - [2025-03-17T15:38:18.888+0000] {dag.py:3239} INFO - Sync 1 DAGs
[2025-03-17T15:38:18.910+0000] {logging_mixin.py:190} INFO - [2025-03-17T15:38:18.909+0000] {dag.py:4180} INFO - Setting next_dagrun for example_astronauts to 2025-03-16 00:00:00+00:00, run_after=2025-03-17 00:00:00+00:00
[2025-03-17T15:38:18.930+0000] {processor.py:208} INFO - Processing /opt/airflow/dags/00_exampledag.py took 0.092 seconds
[2025-03-17T15:38:49.382+0000] {processor.py:186} INFO - Started process (PID=265) to work on /opt/airflow/dags/00_exampledag.py
[2025-03-17T15:38:49.383+0000] {processor.py:914} INFO - Processing file /opt/airflow/dags/00_exampledag.py for tasks to queue
[2025-03-17T15:38:49.384+0000] {logging_mixin.py:190} INFO - [2025-03-17T15:38:49.384+0000] {dagbag.py:588} INFO - Filling up the DagBag from /opt/airflow/dags/00_exampledag.py
[2025-03-17T15:38:49.401+0000] {processor.py:925} INFO - DAG(s) 'example_astronauts' retrieved from /opt/airflow/dags/00_exampledag.py
[2025-03-17T15:38:49.422+0000] {logging_mixin.py:190} INFO - [2025-03-17T15:38:49.422+0000] {dag.py:3239} INFO - Sync 1 DAGs
[2025-03-17T15:38:49.443+0000] {logging_mixin.py:190} INFO - [2025-03-17T15:38:49.442+0000] {dag.py:4180} INFO - Setting next_dagrun for example_astronauts to 2025-03-16 00:00:00+00:00, run_after=2025-03-17 00:00:00+00:00
[2025-03-17T15:38:49.462+0000] {processor.py:208} INFO - Processing /opt/airflow/dags/00_exampledag.py took 0.085 seconds
[2025-03-17T15:39:19.731+0000] {processor.py:186} INFO - Started process (PID=278) to work on /opt/airflow/dags/00_exampledag.py
[2025-03-17T15:39:19.732+0000] {processor.py:914} INFO - Processing file /opt/airflow/dags/00_exampledag.py for tasks to queue
[2025-03-17T15:39:19.734+0000] {logging_mixin.py:190} INFO - [2025-03-17T15:39:19.734+0000] {dagbag.py:588} INFO - Filling up the DagBag from /opt/airflow/dags/00_exampledag.py
[2025-03-17T15:39:19.753+0000] {processor.py:925} INFO - DAG(s) 'example_astronauts' retrieved from /opt/airflow/dags/00_exampledag.py
[2025-03-17T15:39:19.776+0000] {logging_mixin.py:190} INFO - [2025-03-17T15:39:19.776+0000] {dag.py:3239} INFO - Sync 1 DAGs
[2025-03-17T15:39:19.798+0000] {logging_mixin.py:190} INFO - [2025-03-17T15:39:19.798+0000] {dag.py:4180} INFO - Setting next_dagrun for example_astronauts to 2025-03-16 00:00:00+00:00, run_after=2025-03-17 00:00:00+00:00
[2025-03-17T15:39:19.824+0000] {processor.py:208} INFO - Processing /opt/airflow/dags/00_exampledag.py took 0.098 seconds
[2025-03-17T15:39:50.522+0000] {processor.py:186} INFO - Started process (PID=291) to work on /opt/airflow/dags/00_exampledag.py
[2025-03-17T15:39:50.522+0000] {processor.py:914} INFO - Processing file /opt/airflow/dags/00_exampledag.py for tasks to queue
[2025-03-17T15:39:50.525+0000] {logging_mixin.py:190} INFO - [2025-03-17T15:39:50.524+0000] {dagbag.py:588} INFO - Filling up the DagBag from /opt/airflow/dags/00_exampledag.py
[2025-03-17T15:39:50.543+0000] {processor.py:925} INFO - DAG(s) 'example_astronauts' retrieved from /opt/airflow/dags/00_exampledag.py
[2025-03-17T15:39:50.564+0000] {logging_mixin.py:190} INFO - [2025-03-17T15:39:50.564+0000] {dag.py:3239} INFO - Sync 1 DAGs
[2025-03-17T15:39:50.586+0000] {logging_mixin.py:190} INFO - [2025-03-17T15:39:50.585+0000] {dag.py:4180} INFO - Setting next_dagrun for example_astronauts to 2025-03-16 00:00:00+00:00, run_after=2025-03-17 00:00:00+00:00
[2025-03-17T15:39:50.605+0000] {processor.py:208} INFO - Processing /opt/airflow/dags/00_exampledag.py took 0.088 seconds
[2025-03-17T15:40:20.791+0000] {processor.py:186} INFO - Started process (PID=304) to work on /opt/airflow/dags/00_exampledag.py
[2025-03-17T15:40:20.792+0000] {processor.py:914} INFO - Processing file /opt/airflow/dags/00_exampledag.py for tasks to queue
[2025-03-17T15:40:20.793+0000] {logging_mixin.py:190} INFO - [2025-03-17T15:40:20.793+0000] {dagbag.py:588} INFO - Filling up the DagBag from /opt/airflow/dags/00_exampledag.py
[2025-03-17T15:40:20.811+0000] {processor.py:925} INFO - DAG(s) 'example_astronauts' retrieved from /opt/airflow/dags/00_exampledag.py
[2025-03-17T15:40:20.832+0000] {logging_mixin.py:190} INFO - [2025-03-17T15:40:20.832+0000] {dag.py:3239} INFO - Sync 1 DAGs
[2025-03-17T15:40:20.853+0000] {logging_mixin.py:190} INFO - [2025-03-17T15:40:20.853+0000] {dag.py:4180} INFO - Setting next_dagrun for example_astronauts to 2025-03-16 00:00:00+00:00, run_after=2025-03-17 00:00:00+00:00
[2025-03-17T15:40:20.872+0000] {processor.py:208} INFO - Processing /opt/airflow/dags/00_exampledag.py took 0.086 seconds
[2025-03-17T15:40:51.752+0000] {processor.py:186} INFO - Started process (PID=323) to work on /opt/airflow/dags/00_exampledag.py
[2025-03-17T15:40:51.753+0000] {processor.py:914} INFO - Processing file /opt/airflow/dags/00_exampledag.py for tasks to queue
[2025-03-17T15:40:51.754+0000] {logging_mixin.py:190} INFO - [2025-03-17T15:40:51.754+0000] {dagbag.py:588} INFO - Filling up the DagBag from /opt/airflow/dags/00_exampledag.py
[2025-03-17T15:40:51.773+0000] {processor.py:925} INFO - DAG(s) 'example_astronauts' retrieved from /opt/airflow/dags/00_exampledag.py
[2025-03-17T15:40:51.795+0000] {logging_mixin.py:190} INFO - [2025-03-17T15:40:51.795+0000] {dag.py:3239} INFO - Sync 1 DAGs
[2025-03-17T15:40:51.815+0000] {logging_mixin.py:190} INFO - [2025-03-17T15:40:51.815+0000] {dag.py:4180} INFO - Setting next_dagrun for example_astronauts to 2025-03-16 00:00:00+00:00, run_after=2025-03-17 00:00:00+00:00
[2025-03-17T15:40:51.836+0000] {processor.py:208} INFO - Processing /opt/airflow/dags/00_exampledag.py took 0.089 seconds
[2025-03-17T15:41:22.457+0000] {processor.py:186} INFO - Started process (PID=336) to work on /opt/airflow/dags/00_exampledag.py
[2025-03-17T15:41:22.458+0000] {processor.py:914} INFO - Processing file /opt/airflow/dags/00_exampledag.py for tasks to queue
[2025-03-17T15:41:22.460+0000] {logging_mixin.py:190} INFO - [2025-03-17T15:41:22.459+0000] {dagbag.py:588} INFO - Filling up the DagBag from /opt/airflow/dags/00_exampledag.py
[2025-03-17T15:41:22.476+0000] {processor.py:925} INFO - DAG(s) 'example_astronauts' retrieved from /opt/airflow/dags/00_exampledag.py
[2025-03-17T15:41:22.498+0000] {logging_mixin.py:190} INFO - [2025-03-17T15:41:22.497+0000] {dag.py:3239} INFO - Sync 1 DAGs
[2025-03-17T15:41:22.521+0000] {logging_mixin.py:190} INFO - [2025-03-17T15:41:22.521+0000] {dag.py:4180} INFO - Setting next_dagrun for example_astronauts to 2025-03-16 00:00:00+00:00, run_after=2025-03-17 00:00:00+00:00
[2025-03-17T15:41:22.541+0000] {processor.py:208} INFO - Processing /opt/airflow/dags/00_exampledag.py took 0.088 seconds
[2025-03-17T15:41:53.533+0000] {processor.py:186} INFO - Started process (PID=349) to work on /opt/airflow/dags/00_exampledag.py
[2025-03-17T15:41:53.534+0000] {processor.py:914} INFO - Processing file /opt/airflow/dags/00_exampledag.py for tasks to queue
[2025-03-17T15:41:53.536+0000] {logging_mixin.py:190} INFO - [2025-03-17T15:41:53.535+0000] {dagbag.py:588} INFO - Filling up the DagBag from /opt/airflow/dags/00_exampledag.py
[2025-03-17T15:41:53.553+0000] {processor.py:925} INFO - DAG(s) 'example_astronauts' retrieved from /opt/airflow/dags/00_exampledag.py
[2025-03-17T15:41:53.575+0000] {logging_mixin.py:190} INFO - [2025-03-17T15:41:53.575+0000] {dag.py:3239} INFO - Sync 1 DAGs
[2025-03-17T15:41:53.597+0000] {logging_mixin.py:190} INFO - [2025-03-17T15:41:53.596+0000] {dag.py:4180} INFO - Setting next_dagrun for example_astronauts to 2025-03-16 00:00:00+00:00, run_after=2025-03-17 00:00:00+00:00
[2025-03-17T15:41:53.616+0000] {processor.py:208} INFO - Processing /opt/airflow/dags/00_exampledag.py took 0.088 seconds
[2025-03-17T15:42:23.862+0000] {processor.py:186} INFO - Started process (PID=362) to work on /opt/airflow/dags/00_exampledag.py
[2025-03-17T15:42:23.862+0000] {processor.py:914} INFO - Processing file /opt/airflow/dags/00_exampledag.py for tasks to queue
[2025-03-17T15:42:23.864+0000] {logging_mixin.py:190} INFO - [2025-03-17T15:42:23.864+0000] {dagbag.py:588} INFO - Filling up the DagBag from /opt/airflow/dags/00_exampledag.py
[2025-03-17T15:42:23.881+0000] {processor.py:925} INFO - DAG(s) 'example_astronauts' retrieved from /opt/airflow/dags/00_exampledag.py
[2025-03-17T15:42:23.901+0000] {logging_mixin.py:190} INFO - [2025-03-17T15:42:23.901+0000] {dag.py:3239} INFO - Sync 1 DAGs
[2025-03-17T15:42:23.922+0000] {logging_mixin.py:190} INFO - [2025-03-17T15:42:23.922+0000] {dag.py:4180} INFO - Setting next_dagrun for example_astronauts to 2025-03-16 00:00:00+00:00, run_after=2025-03-17 00:00:00+00:00
[2025-03-17T15:42:23.940+0000] {processor.py:208} INFO - Processing /opt/airflow/dags/00_exampledag.py took 0.084 seconds
[2025-03-17T15:42:54.316+0000] {processor.py:186} INFO - Started process (PID=375) to work on /opt/airflow/dags/00_exampledag.py
[2025-03-17T15:42:54.317+0000] {processor.py:914} INFO - Processing file /opt/airflow/dags/00_exampledag.py for tasks to queue
[2025-03-17T15:42:54.319+0000] {logging_mixin.py:190} INFO - [2025-03-17T15:42:54.318+0000] {dagbag.py:588} INFO - Filling up the DagBag from /opt/airflow/dags/00_exampledag.py
[2025-03-17T15:42:54.335+0000] {processor.py:925} INFO - DAG(s) 'example_astronauts' retrieved from /opt/airflow/dags/00_exampledag.py
[2025-03-17T15:42:54.353+0000] {logging_mixin.py:190} INFO - [2025-03-17T15:42:54.353+0000] {dag.py:3239} INFO - Sync 1 DAGs
[2025-03-17T15:42:54.372+0000] {logging_mixin.py:190} INFO - [2025-03-17T15:42:54.372+0000] {dag.py:4180} INFO - Setting next_dagrun for example_astronauts to 2025-03-16 00:00:00+00:00, run_after=2025-03-17 00:00:00+00:00
[2025-03-17T15:42:54.390+0000] {processor.py:208} INFO - Processing /opt/airflow/dags/00_exampledag.py took 0.079 seconds
[2025-03-17T15:43:25.435+0000] {processor.py:186} INFO - Started process (PID=388) to work on /opt/airflow/dags/00_exampledag.py
[2025-03-17T15:43:25.436+0000] {processor.py:914} INFO - Processing file /opt/airflow/dags/00_exampledag.py for tasks to queue
[2025-03-17T15:43:25.438+0000] {logging_mixin.py:190} INFO - [2025-03-17T15:43:25.438+0000] {dagbag.py:588} INFO - Filling up the DagBag from /opt/airflow/dags/00_exampledag.py
[2025-03-17T15:43:25.457+0000] {processor.py:925} INFO - DAG(s) 'example_astronauts' retrieved from /opt/airflow/dags/00_exampledag.py
[2025-03-17T15:43:25.479+0000] {logging_mixin.py:190} INFO - [2025-03-17T15:43:25.479+0000] {dag.py:3239} INFO - Sync 1 DAGs
[2025-03-17T15:43:25.501+0000] {logging_mixin.py:190} INFO - [2025-03-17T15:43:25.501+0000] {dag.py:4180} INFO - Setting next_dagrun for example_astronauts to 2025-03-16 00:00:00+00:00, run_after=2025-03-17 00:00:00+00:00
[2025-03-17T15:43:25.524+0000] {processor.py:208} INFO - Processing /opt/airflow/dags/00_exampledag.py took 0.094 seconds
[2025-03-17T15:43:55.609+0000] {processor.py:186} INFO - Started process (PID=401) to work on /opt/airflow/dags/00_exampledag.py
[2025-03-17T15:43:55.610+0000] {processor.py:914} INFO - Processing file /opt/airflow/dags/00_exampledag.py for tasks to queue
[2025-03-17T15:43:55.612+0000] {logging_mixin.py:190} INFO - [2025-03-17T15:43:55.612+0000] {dagbag.py:588} INFO - Filling up the DagBag from /opt/airflow/dags/00_exampledag.py
[2025-03-17T15:43:55.629+0000] {processor.py:925} INFO - DAG(s) 'example_astronauts' retrieved from /opt/airflow/dags/00_exampledag.py
[2025-03-17T15:43:55.651+0000] {logging_mixin.py:190} INFO - [2025-03-17T15:43:55.650+0000] {dag.py:3239} INFO - Sync 1 DAGs
[2025-03-17T15:43:55.676+0000] {logging_mixin.py:190} INFO - [2025-03-17T15:43:55.676+0000] {dag.py:4180} INFO - Setting next_dagrun for example_astronauts to 2025-03-16 00:00:00+00:00, run_after=2025-03-17 00:00:00+00:00
[2025-03-17T15:43:55.696+0000] {processor.py:208} INFO - Processing /opt/airflow/dags/00_exampledag.py took 0.092 seconds
[2025-03-17T15:44:26.623+0000] {processor.py:186} INFO - Started process (PID=414) to work on /opt/airflow/dags/00_exampledag.py
[2025-03-17T15:44:26.624+0000] {processor.py:914} INFO - Processing file /opt/airflow/dags/00_exampledag.py for tasks to queue
[2025-03-17T15:44:26.626+0000] {logging_mixin.py:190} INFO - [2025-03-17T15:44:26.625+0000] {dagbag.py:588} INFO - Filling up the DagBag from /opt/airflow/dags/00_exampledag.py
[2025-03-17T15:44:26.642+0000] {processor.py:925} INFO - DAG(s) 'example_astronauts' retrieved from /opt/airflow/dags/00_exampledag.py
[2025-03-17T15:44:26.662+0000] {logging_mixin.py:190} INFO - [2025-03-17T15:44:26.662+0000] {dag.py:3239} INFO - Sync 1 DAGs
[2025-03-17T15:44:26.682+0000] {logging_mixin.py:190} INFO - [2025-03-17T15:44:26.682+0000] {dag.py:4180} INFO - Setting next_dagrun for example_astronauts to 2025-03-16 00:00:00+00:00, run_after=2025-03-17 00:00:00+00:00
[2025-03-17T15:44:26.702+0000] {processor.py:208} INFO - Processing /opt/airflow/dags/00_exampledag.py took 0.083 seconds
[2025-03-17T15:44:57.424+0000] {processor.py:186} INFO - Started process (PID=427) to work on /opt/airflow/dags/00_exampledag.py
[2025-03-17T15:44:57.424+0000] {processor.py:914} INFO - Processing file /opt/airflow/dags/00_exampledag.py for tasks to queue
[2025-03-17T15:44:57.426+0000] {logging_mixin.py:190} INFO - [2025-03-17T15:44:57.426+0000] {dagbag.py:588} INFO - Filling up the DagBag from /opt/airflow/dags/00_exampledag.py
[2025-03-17T15:44:57.442+0000] {processor.py:925} INFO - DAG(s) 'example_astronauts' retrieved from /opt/airflow/dags/00_exampledag.py
[2025-03-17T15:44:57.462+0000] {logging_mixin.py:190} INFO - [2025-03-17T15:44:57.461+0000] {dag.py:3239} INFO - Sync 1 DAGs
[2025-03-17T15:44:57.482+0000] {logging_mixin.py:190} INFO - [2025-03-17T15:44:57.482+0000] {dag.py:4180} INFO - Setting next_dagrun for example_astronauts to 2025-03-16 00:00:00+00:00, run_after=2025-03-17 00:00:00+00:00
[2025-03-17T15:44:57.501+0000] {processor.py:208} INFO - Processing /opt/airflow/dags/00_exampledag.py took 0.081 seconds
[2025-03-17T15:45:27.698+0000] {processor.py:186} INFO - Started process (PID=446) to work on /opt/airflow/dags/00_exampledag.py
[2025-03-17T15:45:27.698+0000] {processor.py:914} INFO - Processing file /opt/airflow/dags/00_exampledag.py for tasks to queue
[2025-03-17T15:45:27.700+0000] {logging_mixin.py:190} INFO - [2025-03-17T15:45:27.700+0000] {dagbag.py:588} INFO - Filling up the DagBag from /opt/airflow/dags/00_exampledag.py
[2025-03-17T15:45:27.717+0000] {processor.py:925} INFO - DAG(s) 'example_astronauts' retrieved from /opt/airflow/dags/00_exampledag.py
[2025-03-17T15:45:27.737+0000] {logging_mixin.py:190} INFO - [2025-03-17T15:45:27.737+0000] {dag.py:3239} INFO - Sync 1 DAGs
[2025-03-17T15:45:27.758+0000] {logging_mixin.py:190} INFO - [2025-03-17T15:45:27.758+0000] {dag.py:4180} INFO - Setting next_dagrun for example_astronauts to 2025-03-16 00:00:00+00:00, run_after=2025-03-17 00:00:00+00:00
[2025-03-17T15:45:27.778+0000] {processor.py:208} INFO - Processing /opt/airflow/dags/00_exampledag.py took 0.085 seconds
[2025-03-17T15:45:58.566+0000] {processor.py:186} INFO - Started process (PID=460) to work on /opt/airflow/dags/00_exampledag.py
[2025-03-17T15:45:58.567+0000] {processor.py:914} INFO - Processing file /opt/airflow/dags/00_exampledag.py for tasks to queue
[2025-03-17T15:45:58.569+0000] {logging_mixin.py:190} INFO - [2025-03-17T15:45:58.568+0000] {dagbag.py:588} INFO - Filling up the DagBag from /opt/airflow/dags/00_exampledag.py
[2025-03-17T15:45:58.589+0000] {processor.py:925} INFO - DAG(s) 'example_astronauts' retrieved from /opt/airflow/dags/00_exampledag.py
[2025-03-17T15:45:58.614+0000] {logging_mixin.py:190} INFO - [2025-03-17T15:45:58.614+0000] {dag.py:3239} INFO - Sync 1 DAGs
[2025-03-17T15:45:58.643+0000] {logging_mixin.py:190} INFO - [2025-03-17T15:45:58.642+0000] {dag.py:4180} INFO - Setting next_dagrun for example_astronauts to 2025-03-16 00:00:00+00:00, run_after=2025-03-17 00:00:00+00:00
[2025-03-17T15:45:58.664+0000] {processor.py:208} INFO - Processing /opt/airflow/dags/00_exampledag.py took 0.102 seconds
[2025-03-17T15:46:29.027+0000] {processor.py:186} INFO - Started process (PID=473) to work on /opt/airflow/dags/00_exampledag.py
[2025-03-17T15:46:29.028+0000] {processor.py:914} INFO - Processing file /opt/airflow/dags/00_exampledag.py for tasks to queue
[2025-03-17T15:46:29.030+0000] {logging_mixin.py:190} INFO - [2025-03-17T15:46:29.029+0000] {dagbag.py:588} INFO - Filling up the DagBag from /opt/airflow/dags/00_exampledag.py
[2025-03-17T15:46:29.047+0000] {processor.py:925} INFO - DAG(s) 'example_astronauts' retrieved from /opt/airflow/dags/00_exampledag.py
[2025-03-17T15:46:29.068+0000] {logging_mixin.py:190} INFO - [2025-03-17T15:46:29.068+0000] {dag.py:3239} INFO - Sync 1 DAGs
[2025-03-17T15:46:29.092+0000] {logging_mixin.py:190} INFO - [2025-03-17T15:46:29.092+0000] {dag.py:4180} INFO - Setting next_dagrun for example_astronauts to 2025-03-16 00:00:00+00:00, run_after=2025-03-17 00:00:00+00:00
[2025-03-17T15:46:29.113+0000] {processor.py:208} INFO - Processing /opt/airflow/dags/00_exampledag.py took 0.091 seconds
[2025-03-17T15:47:16.666+0000] {processor.py:186} INFO - Started process (PID=64) to work on /opt/airflow/dags/00_exampledag.py
[2025-03-17T15:47:16.667+0000] {processor.py:914} INFO - Processing file /opt/airflow/dags/00_exampledag.py for tasks to queue
[2025-03-17T15:47:16.669+0000] {logging_mixin.py:190} INFO - [2025-03-17T15:47:16.669+0000] {dagbag.py:588} INFO - Filling up the DagBag from /opt/airflow/dags/00_exampledag.py
[2025-03-17T15:47:16.690+0000] {processor.py:925} INFO - DAG(s) 'example_astronauts' retrieved from /opt/airflow/dags/00_exampledag.py
[2025-03-17T15:47:16.723+0000] {logging_mixin.py:190} INFO - [2025-03-17T15:47:16.722+0000] {dag.py:3239} INFO - Sync 1 DAGs
[2025-03-17T15:47:16.751+0000] {logging_mixin.py:190} INFO - [2025-03-17T15:47:16.751+0000] {dag.py:4180} INFO - Setting next_dagrun for example_astronauts to 2025-03-16 00:00:00+00:00, run_after=2025-03-17 00:00:00+00:00
[2025-03-17T15:47:16.777+0000] {processor.py:208} INFO - Processing /opt/airflow/dags/00_exampledag.py took 0.117 seconds
[2025-03-17T15:47:46.996+0000] {processor.py:186} INFO - Started process (PID=83) to work on /opt/airflow/dags/00_exampledag.py
[2025-03-17T15:47:46.997+0000] {processor.py:914} INFO - Processing file /opt/airflow/dags/00_exampledag.py for tasks to queue
[2025-03-17T15:47:46.999+0000] {logging_mixin.py:190} INFO - [2025-03-17T15:47:46.998+0000] {dagbag.py:588} INFO - Filling up the DagBag from /opt/airflow/dags/00_exampledag.py
[2025-03-17T15:47:47.017+0000] {processor.py:925} INFO - DAG(s) 'example_astronauts' retrieved from /opt/airflow/dags/00_exampledag.py
[2025-03-17T15:47:47.038+0000] {logging_mixin.py:190} INFO - [2025-03-17T15:47:47.038+0000] {dag.py:3239} INFO - Sync 1 DAGs
[2025-03-17T15:47:47.061+0000] {logging_mixin.py:190} INFO - [2025-03-17T15:47:47.061+0000] {dag.py:4180} INFO - Setting next_dagrun for example_astronauts to 2025-03-16 00:00:00+00:00, run_after=2025-03-17 00:00:00+00:00
[2025-03-17T15:47:47.082+0000] {processor.py:208} INFO - Processing /opt/airflow/dags/00_exampledag.py took 0.091 seconds
[2025-03-17T15:48:17.142+0000] {processor.py:186} INFO - Started process (PID=96) to work on /opt/airflow/dags/00_exampledag.py
[2025-03-17T15:48:17.143+0000] {processor.py:914} INFO - Processing file /opt/airflow/dags/00_exampledag.py for tasks to queue
[2025-03-17T15:48:17.145+0000] {logging_mixin.py:190} INFO - [2025-03-17T15:48:17.144+0000] {dagbag.py:588} INFO - Filling up the DagBag from /opt/airflow/dags/00_exampledag.py
[2025-03-17T15:48:17.161+0000] {processor.py:925} INFO - DAG(s) 'example_astronauts' retrieved from /opt/airflow/dags/00_exampledag.py
[2025-03-17T15:48:17.182+0000] {logging_mixin.py:190} INFO - [2025-03-17T15:48:17.182+0000] {dag.py:3239} INFO - Sync 1 DAGs
[2025-03-17T15:48:17.206+0000] {logging_mixin.py:190} INFO - [2025-03-17T15:48:17.206+0000] {dag.py:4180} INFO - Setting next_dagrun for example_astronauts to 2025-03-16 00:00:00+00:00, run_after=2025-03-17 00:00:00+00:00
[2025-03-17T15:48:17.227+0000] {processor.py:208} INFO - Processing /opt/airflow/dags/00_exampledag.py took 0.091 seconds
[2025-03-17T15:48:47.374+0000] {processor.py:186} INFO - Started process (PID=109) to work on /opt/airflow/dags/00_exampledag.py
[2025-03-17T15:48:47.375+0000] {processor.py:914} INFO - Processing file /opt/airflow/dags/00_exampledag.py for tasks to queue
[2025-03-17T15:48:47.376+0000] {logging_mixin.py:190} INFO - [2025-03-17T15:48:47.376+0000] {dagbag.py:588} INFO - Filling up the DagBag from /opt/airflow/dags/00_exampledag.py
[2025-03-17T15:48:47.393+0000] {processor.py:925} INFO - DAG(s) 'example_astronauts' retrieved from /opt/airflow/dags/00_exampledag.py
[2025-03-17T15:48:47.413+0000] {logging_mixin.py:190} INFO - [2025-03-17T15:48:47.413+0000] {dag.py:3239} INFO - Sync 1 DAGs
[2025-03-17T15:48:47.434+0000] {logging_mixin.py:190} INFO - [2025-03-17T15:48:47.434+0000] {dag.py:4180} INFO - Setting next_dagrun for example_astronauts to 2025-03-16 00:00:00+00:00, run_after=2025-03-17 00:00:00+00:00
[2025-03-17T15:48:47.455+0000] {processor.py:208} INFO - Processing /opt/airflow/dags/00_exampledag.py took 0.086 seconds
[2025-03-17T15:49:17.712+0000] {processor.py:186} INFO - Started process (PID=122) to work on /opt/airflow/dags/00_exampledag.py
[2025-03-17T15:49:17.712+0000] {processor.py:914} INFO - Processing file /opt/airflow/dags/00_exampledag.py for tasks to queue
[2025-03-17T15:49:17.714+0000] {logging_mixin.py:190} INFO - [2025-03-17T15:49:17.714+0000] {dagbag.py:588} INFO - Filling up the DagBag from /opt/airflow/dags/00_exampledag.py
[2025-03-17T15:49:17.730+0000] {processor.py:925} INFO - DAG(s) 'example_astronauts' retrieved from /opt/airflow/dags/00_exampledag.py
[2025-03-17T15:49:17.750+0000] {logging_mixin.py:190} INFO - [2025-03-17T15:49:17.749+0000] {dag.py:3239} INFO - Sync 1 DAGs
[2025-03-17T15:49:17.771+0000] {logging_mixin.py:190} INFO - [2025-03-17T15:49:17.771+0000] {dag.py:4180} INFO - Setting next_dagrun for example_astronauts to 2025-03-16 00:00:00+00:00, run_after=2025-03-17 00:00:00+00:00
[2025-03-17T15:49:17.793+0000] {processor.py:208} INFO - Processing /opt/airflow/dags/00_exampledag.py took 0.085 seconds
[2025-03-17T15:49:48.075+0000] {processor.py:186} INFO - Started process (PID=135) to work on /opt/airflow/dags/00_exampledag.py
[2025-03-17T15:49:48.076+0000] {processor.py:914} INFO - Processing file /opt/airflow/dags/00_exampledag.py for tasks to queue
[2025-03-17T15:49:48.078+0000] {logging_mixin.py:190} INFO - [2025-03-17T15:49:48.078+0000] {dagbag.py:588} INFO - Filling up the DagBag from /opt/airflow/dags/00_exampledag.py
[2025-03-17T15:49:48.098+0000] {processor.py:925} INFO - DAG(s) 'example_astronauts' retrieved from /opt/airflow/dags/00_exampledag.py
[2025-03-17T15:49:48.118+0000] {logging_mixin.py:190} INFO - [2025-03-17T15:49:48.118+0000] {dag.py:3239} INFO - Sync 1 DAGs
[2025-03-17T15:49:48.138+0000] {logging_mixin.py:190} INFO - [2025-03-17T15:49:48.138+0000] {dag.py:4180} INFO - Setting next_dagrun for example_astronauts to 2025-03-16 00:00:00+00:00, run_after=2025-03-17 00:00:00+00:00
[2025-03-17T15:49:48.160+0000] {processor.py:208} INFO - Processing /opt/airflow/dags/00_exampledag.py took 0.090 seconds
[2025-03-17T15:50:18.736+0000] {processor.py:186} INFO - Started process (PID=148) to work on /opt/airflow/dags/00_exampledag.py
[2025-03-17T15:50:18.737+0000] {processor.py:914} INFO - Processing file /opt/airflow/dags/00_exampledag.py for tasks to queue
[2025-03-17T15:50:18.739+0000] {logging_mixin.py:190} INFO - [2025-03-17T15:50:18.738+0000] {dagbag.py:588} INFO - Filling up the DagBag from /opt/airflow/dags/00_exampledag.py
[2025-03-17T15:50:18.759+0000] {processor.py:925} INFO - DAG(s) 'example_astronauts' retrieved from /opt/airflow/dags/00_exampledag.py
[2025-03-17T15:50:18.779+0000] {logging_mixin.py:190} INFO - [2025-03-17T15:50:18.779+0000] {dag.py:3239} INFO - Sync 1 DAGs
[2025-03-17T15:50:18.935+0000] {logging_mixin.py:190} INFO - [2025-03-17T15:50:18.935+0000] {dag.py:4180} INFO - Setting next_dagrun for example_astronauts to 2025-03-16 00:00:00+00:00, run_after=2025-03-17 00:00:00+00:00
[2025-03-17T15:50:18.954+0000] {processor.py:208} INFO - Processing /opt/airflow/dags/00_exampledag.py took 0.224 seconds
[2025-03-17T15:50:49.525+0000] {processor.py:186} INFO - Started process (PID=161) to work on /opt/airflow/dags/00_exampledag.py
[2025-03-17T15:50:49.526+0000] {processor.py:914} INFO - Processing file /opt/airflow/dags/00_exampledag.py for tasks to queue
[2025-03-17T15:50:49.528+0000] {logging_mixin.py:190} INFO - [2025-03-17T15:50:49.528+0000] {dagbag.py:588} INFO - Filling up the DagBag from /opt/airflow/dags/00_exampledag.py
[2025-03-17T15:50:49.544+0000] {processor.py:925} INFO - DAG(s) 'example_astronauts' retrieved from /opt/airflow/dags/00_exampledag.py
[2025-03-17T15:50:49.568+0000] {logging_mixin.py:190} INFO - [2025-03-17T15:50:49.568+0000] {dag.py:3239} INFO - Sync 1 DAGs
[2025-03-17T15:50:49.752+0000] {logging_mixin.py:190} INFO - [2025-03-17T15:50:49.752+0000] {dag.py:4180} INFO - Setting next_dagrun for example_astronauts to 2025-03-16 00:00:00+00:00, run_after=2025-03-17 00:00:00+00:00
[2025-03-17T15:50:49.772+0000] {processor.py:208} INFO - Processing /opt/airflow/dags/00_exampledag.py took 0.253 seconds
[2025-03-17T15:51:20.254+0000] {processor.py:186} INFO - Started process (PID=174) to work on /opt/airflow/dags/00_exampledag.py
[2025-03-17T15:51:20.254+0000] {processor.py:914} INFO - Processing file /opt/airflow/dags/00_exampledag.py for tasks to queue
[2025-03-17T15:51:20.256+0000] {logging_mixin.py:190} INFO - [2025-03-17T15:51:20.256+0000] {dagbag.py:588} INFO - Filling up the DagBag from /opt/airflow/dags/00_exampledag.py
[2025-03-17T15:51:20.273+0000] {processor.py:925} INFO - DAG(s) 'example_astronauts' retrieved from /opt/airflow/dags/00_exampledag.py
[2025-03-17T15:51:20.470+0000] {logging_mixin.py:190} INFO - [2025-03-17T15:51:20.470+0000] {dag.py:3239} INFO - Sync 1 DAGs
[2025-03-17T15:51:20.493+0000] {logging_mixin.py:190} INFO - [2025-03-17T15:51:20.492+0000] {dag.py:4180} INFO - Setting next_dagrun for example_astronauts to 2025-03-16 00:00:00+00:00, run_after=2025-03-17 00:00:00+00:00
[2025-03-17T15:51:20.512+0000] {processor.py:208} INFO - Processing /opt/airflow/dags/00_exampledag.py took 0.264 seconds
[2025-03-17T15:51:50.978+0000] {processor.py:186} INFO - Started process (PID=187) to work on /opt/airflow/dags/00_exampledag.py
[2025-03-17T15:51:50.979+0000] {processor.py:914} INFO - Processing file /opt/airflow/dags/00_exampledag.py for tasks to queue
[2025-03-17T15:51:50.981+0000] {logging_mixin.py:190} INFO - [2025-03-17T15:51:50.980+0000] {dagbag.py:588} INFO - Filling up the DagBag from /opt/airflow/dags/00_exampledag.py
[2025-03-17T15:51:50.997+0000] {processor.py:925} INFO - DAG(s) 'example_astronauts' retrieved from /opt/airflow/dags/00_exampledag.py
[2025-03-17T15:51:51.016+0000] {logging_mixin.py:190} INFO - [2025-03-17T15:51:51.015+0000] {dag.py:3239} INFO - Sync 1 DAGs
[2025-03-17T15:51:51.036+0000] {logging_mixin.py:190} INFO - [2025-03-17T15:51:51.036+0000] {dag.py:4180} INFO - Setting next_dagrun for example_astronauts to 2025-03-16 00:00:00+00:00, run_after=2025-03-17 00:00:00+00:00
[2025-03-17T15:51:51.055+0000] {processor.py:208} INFO - Processing /opt/airflow/dags/00_exampledag.py took 0.081 seconds
[2025-03-17T15:52:21.303+0000] {processor.py:186} INFO - Started process (PID=206) to work on /opt/airflow/dags/00_exampledag.py
[2025-03-17T15:52:21.304+0000] {processor.py:914} INFO - Processing file /opt/airflow/dags/00_exampledag.py for tasks to queue
[2025-03-17T15:52:21.306+0000] {logging_mixin.py:190} INFO - [2025-03-17T15:52:21.306+0000] {dagbag.py:588} INFO - Filling up the DagBag from /opt/airflow/dags/00_exampledag.py
[2025-03-17T15:52:21.324+0000] {processor.py:925} INFO - DAG(s) 'example_astronauts' retrieved from /opt/airflow/dags/00_exampledag.py
[2025-03-17T15:52:21.345+0000] {logging_mixin.py:190} INFO - [2025-03-17T15:52:21.345+0000] {dag.py:3239} INFO - Sync 1 DAGs
[2025-03-17T15:52:21.365+0000] {logging_mixin.py:190} INFO - [2025-03-17T15:52:21.365+0000] {dag.py:4180} INFO - Setting next_dagrun for example_astronauts to 2025-03-16 00:00:00+00:00, run_after=2025-03-17 00:00:00+00:00
[2025-03-17T15:52:21.384+0000] {processor.py:208} INFO - Processing /opt/airflow/dags/00_exampledag.py took 0.085 seconds
[2025-03-17T15:53:29.206+0000] {processor.py:186} INFO - Started process (PID=70) to work on /opt/airflow/dags/00_exampledag.py
[2025-03-17T15:53:29.207+0000] {processor.py:914} INFO - Processing file /opt/airflow/dags/00_exampledag.py for tasks to queue
[2025-03-17T15:53:29.210+0000] {logging_mixin.py:190} INFO - [2025-03-17T15:53:29.210+0000] {dagbag.py:588} INFO - Filling up the DagBag from /opt/airflow/dags/00_exampledag.py
[2025-03-17T15:53:29.232+0000] {processor.py:925} INFO - DAG(s) 'example_astronauts' retrieved from /opt/airflow/dags/00_exampledag.py
[2025-03-17T15:53:29.262+0000] {logging_mixin.py:190} INFO - [2025-03-17T15:53:29.262+0000] {dag.py:3239} INFO - Sync 1 DAGs
[2025-03-17T15:53:29.289+0000] {logging_mixin.py:190} INFO - [2025-03-17T15:53:29.289+0000] {dag.py:4180} INFO - Setting next_dagrun for example_astronauts to 2025-03-16 00:00:00+00:00, run_after=2025-03-17 00:00:00+00:00
[2025-03-17T15:53:29.319+0000] {processor.py:208} INFO - Processing /opt/airflow/dags/00_exampledag.py took 0.119 seconds
[2025-03-17T15:53:59.743+0000] {processor.py:186} INFO - Started process (PID=83) to work on /opt/airflow/dags/00_exampledag.py
[2025-03-17T15:53:59.744+0000] {processor.py:914} INFO - Processing file /opt/airflow/dags/00_exampledag.py for tasks to queue
[2025-03-17T15:53:59.747+0000] {logging_mixin.py:190} INFO - [2025-03-17T15:53:59.746+0000] {dagbag.py:588} INFO - Filling up the DagBag from /opt/airflow/dags/00_exampledag.py
[2025-03-17T15:53:59.764+0000] {processor.py:925} INFO - DAG(s) 'example_astronauts' retrieved from /opt/airflow/dags/00_exampledag.py
[2025-03-17T15:53:59.787+0000] {logging_mixin.py:190} INFO - [2025-03-17T15:53:59.787+0000] {dag.py:3239} INFO - Sync 1 DAGs
[2025-03-17T15:53:59.814+0000] {logging_mixin.py:190} INFO - [2025-03-17T15:53:59.814+0000] {dag.py:4180} INFO - Setting next_dagrun for example_astronauts to 2025-03-16 00:00:00+00:00, run_after=2025-03-17 00:00:00+00:00
[2025-03-17T15:53:59.837+0000] {processor.py:208} INFO - Processing /opt/airflow/dags/00_exampledag.py took 0.099 seconds
[2025-03-17T15:54:30.590+0000] {processor.py:186} INFO - Started process (PID=98) to work on /opt/airflow/dags/00_exampledag.py
[2025-03-17T15:54:30.591+0000] {processor.py:914} INFO - Processing file /opt/airflow/dags/00_exampledag.py for tasks to queue
[2025-03-17T15:54:30.593+0000] {logging_mixin.py:190} INFO - [2025-03-17T15:54:30.593+0000] {dagbag.py:588} INFO - Filling up the DagBag from /opt/airflow/dags/00_exampledag.py
[2025-03-17T15:54:30.612+0000] {processor.py:925} INFO - DAG(s) 'example_astronauts' retrieved from /opt/airflow/dags/00_exampledag.py
[2025-03-17T15:54:30.634+0000] {logging_mixin.py:190} INFO - [2025-03-17T15:54:30.633+0000] {dag.py:3239} INFO - Sync 1 DAGs
[2025-03-17T15:54:30.657+0000] {logging_mixin.py:190} INFO - [2025-03-17T15:54:30.657+0000] {dag.py:4180} INFO - Setting next_dagrun for example_astronauts to 2025-03-16 00:00:00+00:00, run_after=2025-03-17 00:00:00+00:00
[2025-03-17T15:54:30.678+0000] {processor.py:208} INFO - Processing /opt/airflow/dags/00_exampledag.py took 0.093 seconds
[2025-03-17T15:55:01.023+0000] {processor.py:186} INFO - Started process (PID=111) to work on /opt/airflow/dags/00_exampledag.py
[2025-03-17T15:55:01.024+0000] {processor.py:914} INFO - Processing file /opt/airflow/dags/00_exampledag.py for tasks to queue
[2025-03-17T15:55:01.026+0000] {logging_mixin.py:190} INFO - [2025-03-17T15:55:01.025+0000] {dagbag.py:588} INFO - Filling up the DagBag from /opt/airflow/dags/00_exampledag.py
[2025-03-17T15:55:01.042+0000] {processor.py:925} INFO - DAG(s) 'example_astronauts' retrieved from /opt/airflow/dags/00_exampledag.py
[2025-03-17T15:55:01.064+0000] {logging_mixin.py:190} INFO - [2025-03-17T15:55:01.064+0000] {dag.py:3239} INFO - Sync 1 DAGs
[2025-03-17T15:55:01.087+0000] {logging_mixin.py:190} INFO - [2025-03-17T15:55:01.087+0000] {dag.py:4180} INFO - Setting next_dagrun for example_astronauts to 2025-03-16 00:00:00+00:00, run_after=2025-03-17 00:00:00+00:00
[2025-03-17T15:55:01.110+0000] {processor.py:208} INFO - Processing /opt/airflow/dags/00_exampledag.py took 0.092 seconds
[2025-03-17T15:55:31.254+0000] {processor.py:186} INFO - Started process (PID=124) to work on /opt/airflow/dags/00_exampledag.py
[2025-03-17T15:55:31.255+0000] {processor.py:914} INFO - Processing file /opt/airflow/dags/00_exampledag.py for tasks to queue
[2025-03-17T15:55:31.257+0000] {logging_mixin.py:190} INFO - [2025-03-17T15:55:31.257+0000] {dagbag.py:588} INFO - Filling up the DagBag from /opt/airflow/dags/00_exampledag.py
[2025-03-17T15:55:31.275+0000] {processor.py:925} INFO - DAG(s) 'example_astronauts' retrieved from /opt/airflow/dags/00_exampledag.py
[2025-03-17T15:55:31.297+0000] {logging_mixin.py:190} INFO - [2025-03-17T15:55:31.296+0000] {dag.py:3239} INFO - Sync 1 DAGs
[2025-03-17T15:55:31.318+0000] {logging_mixin.py:190} INFO - [2025-03-17T15:55:31.318+0000] {dag.py:4180} INFO - Setting next_dagrun for example_astronauts to 2025-03-16 00:00:00+00:00, run_after=2025-03-17 00:00:00+00:00
[2025-03-17T15:55:31.339+0000] {processor.py:208} INFO - Processing /opt/airflow/dags/00_exampledag.py took 0.089 seconds
[2025-03-17T15:56:01.475+0000] {processor.py:186} INFO - Started process (PID=137) to work on /opt/airflow/dags/00_exampledag.py
[2025-03-17T15:56:01.476+0000] {processor.py:914} INFO - Processing file /opt/airflow/dags/00_exampledag.py for tasks to queue
[2025-03-17T15:56:01.478+0000] {logging_mixin.py:190} INFO - [2025-03-17T15:56:01.478+0000] {dagbag.py:588} INFO - Filling up the DagBag from /opt/airflow/dags/00_exampledag.py
[2025-03-17T15:56:01.496+0000] {processor.py:925} INFO - DAG(s) 'example_astronauts' retrieved from /opt/airflow/dags/00_exampledag.py
[2025-03-17T15:56:01.519+0000] {logging_mixin.py:190} INFO - [2025-03-17T15:56:01.519+0000] {dag.py:3239} INFO - Sync 1 DAGs
[2025-03-17T15:56:01.541+0000] {logging_mixin.py:190} INFO - [2025-03-17T15:56:01.541+0000] {dag.py:4180} INFO - Setting next_dagrun for example_astronauts to 2025-03-16 00:00:00+00:00, run_after=2025-03-17 00:00:00+00:00
[2025-03-17T15:56:01.562+0000] {processor.py:208} INFO - Processing /opt/airflow/dags/00_exampledag.py took 0.092 seconds
[2025-03-17T15:56:32.853+0000] {processor.py:186} INFO - Started process (PID=150) to work on /opt/airflow/dags/00_exampledag.py
[2025-03-17T15:56:32.854+0000] {processor.py:914} INFO - Processing file /opt/airflow/dags/00_exampledag.py for tasks to queue
[2025-03-17T15:56:32.856+0000] {logging_mixin.py:190} INFO - [2025-03-17T15:56:32.856+0000] {dagbag.py:588} INFO - Filling up the DagBag from /opt/airflow/dags/00_exampledag.py
[2025-03-17T15:56:32.876+0000] {processor.py:925} INFO - DAG(s) 'example_astronauts' retrieved from /opt/airflow/dags/00_exampledag.py
[2025-03-17T15:56:32.898+0000] {logging_mixin.py:190} INFO - [2025-03-17T15:56:32.898+0000] {dag.py:3239} INFO - Sync 1 DAGs
[2025-03-17T15:56:33.073+0000] {logging_mixin.py:190} INFO - [2025-03-17T15:56:33.072+0000] {dag.py:4180} INFO - Setting next_dagrun for example_astronauts to 2025-03-16 00:00:00+00:00, run_after=2025-03-17 00:00:00+00:00
[2025-03-17T15:56:33.096+0000] {processor.py:208} INFO - Processing /opt/airflow/dags/00_exampledag.py took 0.248 seconds
[2025-03-17T15:57:03.983+0000] {processor.py:186} INFO - Started process (PID=163) to work on /opt/airflow/dags/00_exampledag.py
[2025-03-17T15:57:03.984+0000] {processor.py:914} INFO - Processing file /opt/airflow/dags/00_exampledag.py for tasks to queue
[2025-03-17T15:57:03.986+0000] {logging_mixin.py:190} INFO - [2025-03-17T15:57:03.986+0000] {dagbag.py:588} INFO - Filling up the DagBag from /opt/airflow/dags/00_exampledag.py
[2025-03-17T15:57:04.005+0000] {processor.py:925} INFO - DAG(s) 'example_astronauts' retrieved from /opt/airflow/dags/00_exampledag.py
[2025-03-17T15:57:04.027+0000] {logging_mixin.py:190} INFO - [2025-03-17T15:57:04.027+0000] {dag.py:3239} INFO - Sync 1 DAGs
[2025-03-17T15:57:04.193+0000] {logging_mixin.py:190} INFO - [2025-03-17T15:57:04.193+0000] {dag.py:4180} INFO - Setting next_dagrun for example_astronauts to 2025-03-16 00:00:00+00:00, run_after=2025-03-17 00:00:00+00:00
[2025-03-17T15:57:04.214+0000] {processor.py:208} INFO - Processing /opt/airflow/dags/00_exampledag.py took 0.235 seconds
[2025-03-17T15:57:34.761+0000] {processor.py:186} INFO - Started process (PID=176) to work on /opt/airflow/dags/00_exampledag.py
[2025-03-17T15:57:34.762+0000] {processor.py:914} INFO - Processing file /opt/airflow/dags/00_exampledag.py for tasks to queue
[2025-03-17T15:57:34.764+0000] {logging_mixin.py:190} INFO - [2025-03-17T15:57:34.764+0000] {dagbag.py:588} INFO - Filling up the DagBag from /opt/airflow/dags/00_exampledag.py
[2025-03-17T15:57:34.782+0000] {processor.py:925} INFO - DAG(s) 'example_astronauts' retrieved from /opt/airflow/dags/00_exampledag.py
[2025-03-17T15:57:34.950+0000] {logging_mixin.py:190} INFO - [2025-03-17T15:57:34.950+0000] {dag.py:3239} INFO - Sync 1 DAGs
[2025-03-17T15:57:34.971+0000] {logging_mixin.py:190} INFO - [2025-03-17T15:57:34.970+0000] {dag.py:4180} INFO - Setting next_dagrun for example_astronauts to 2025-03-16 00:00:00+00:00, run_after=2025-03-17 00:00:00+00:00
[2025-03-17T15:57:34.988+0000] {processor.py:208} INFO - Processing /opt/airflow/dags/00_exampledag.py took 0.231 seconds
[2025-03-17T15:58:05.585+0000] {processor.py:186} INFO - Started process (PID=195) to work on /opt/airflow/dags/00_exampledag.py
[2025-03-17T15:58:05.586+0000] {processor.py:914} INFO - Processing file /opt/airflow/dags/00_exampledag.py for tasks to queue
[2025-03-17T15:58:05.588+0000] {logging_mixin.py:190} INFO - [2025-03-17T15:58:05.588+0000] {dagbag.py:588} INFO - Filling up the DagBag from /opt/airflow/dags/00_exampledag.py
[2025-03-17T15:58:05.606+0000] {processor.py:925} INFO - DAG(s) 'example_astronauts' retrieved from /opt/airflow/dags/00_exampledag.py
[2025-03-17T15:58:05.629+0000] {logging_mixin.py:190} INFO - [2025-03-17T15:58:05.628+0000] {dag.py:3239} INFO - Sync 1 DAGs
[2025-03-17T15:58:05.651+0000] {logging_mixin.py:190} INFO - [2025-03-17T15:58:05.651+0000] {dag.py:4180} INFO - Setting next_dagrun for example_astronauts to 2025-03-16 00:00:00+00:00, run_after=2025-03-17 00:00:00+00:00
[2025-03-17T15:58:05.672+0000] {processor.py:208} INFO - Processing /opt/airflow/dags/00_exampledag.py took 0.092 seconds
[2025-03-17T15:58:36.036+0000] {processor.py:186} INFO - Started process (PID=209) to work on /opt/airflow/dags/00_exampledag.py
[2025-03-17T15:58:36.037+0000] {processor.py:914} INFO - Processing file /opt/airflow/dags/00_exampledag.py for tasks to queue
[2025-03-17T15:58:36.039+0000] {logging_mixin.py:190} INFO - [2025-03-17T15:58:36.039+0000] {dagbag.py:588} INFO - Filling up the DagBag from /opt/airflow/dags/00_exampledag.py
[2025-03-17T15:58:36.059+0000] {processor.py:925} INFO - DAG(s) 'example_astronauts' retrieved from /opt/airflow/dags/00_exampledag.py
[2025-03-17T15:58:36.081+0000] {logging_mixin.py:190} INFO - [2025-03-17T15:58:36.080+0000] {dag.py:3239} INFO - Sync 1 DAGs
[2025-03-17T15:58:36.104+0000] {logging_mixin.py:190} INFO - [2025-03-17T15:58:36.103+0000] {dag.py:4180} INFO - Setting next_dagrun for example_astronauts to 2025-03-16 00:00:00+00:00, run_after=2025-03-17 00:00:00+00:00
[2025-03-17T15:58:36.126+0000] {processor.py:208} INFO - Processing /opt/airflow/dags/00_exampledag.py took 0.096 seconds
[2025-03-17T15:59:06.279+0000] {processor.py:186} INFO - Started process (PID=222) to work on /opt/airflow/dags/00_exampledag.py
[2025-03-17T15:59:06.280+0000] {processor.py:914} INFO - Processing file /opt/airflow/dags/00_exampledag.py for tasks to queue
[2025-03-17T15:59:06.282+0000] {logging_mixin.py:190} INFO - [2025-03-17T15:59:06.282+0000] {dagbag.py:588} INFO - Filling up the DagBag from /opt/airflow/dags/00_exampledag.py
[2025-03-17T15:59:06.301+0000] {processor.py:925} INFO - DAG(s) 'example_astronauts' retrieved from /opt/airflow/dags/00_exampledag.py
[2025-03-17T15:59:06.322+0000] {logging_mixin.py:190} INFO - [2025-03-17T15:59:06.322+0000] {dag.py:3239} INFO - Sync 1 DAGs
[2025-03-17T15:59:06.345+0000] {logging_mixin.py:190} INFO - [2025-03-17T15:59:06.344+0000] {dag.py:4180} INFO - Setting next_dagrun for example_astronauts to 2025-03-16 00:00:00+00:00, run_after=2025-03-17 00:00:00+00:00
[2025-03-17T15:59:06.365+0000] {processor.py:208} INFO - Processing /opt/airflow/dags/00_exampledag.py took 0.091 seconds
[2025-03-17T15:59:36.504+0000] {processor.py:186} INFO - Started process (PID=235) to work on /opt/airflow/dags/00_exampledag.py
[2025-03-17T15:59:36.504+0000] {processor.py:914} INFO - Processing file /opt/airflow/dags/00_exampledag.py for tasks to queue
[2025-03-17T15:59:36.506+0000] {logging_mixin.py:190} INFO - [2025-03-17T15:59:36.506+0000] {dagbag.py:588} INFO - Filling up the DagBag from /opt/airflow/dags/00_exampledag.py
[2025-03-17T15:59:36.523+0000] {processor.py:925} INFO - DAG(s) 'example_astronauts' retrieved from /opt/airflow/dags/00_exampledag.py
[2025-03-17T15:59:36.541+0000] {logging_mixin.py:190} INFO - [2025-03-17T15:59:36.541+0000] {dag.py:3239} INFO - Sync 1 DAGs
[2025-03-17T15:59:36.561+0000] {logging_mixin.py:190} INFO - [2025-03-17T15:59:36.561+0000] {dag.py:4180} INFO - Setting next_dagrun for example_astronauts to 2025-03-16 00:00:00+00:00, run_after=2025-03-17 00:00:00+00:00
[2025-03-17T15:59:36.578+0000] {processor.py:208} INFO - Processing /opt/airflow/dags/00_exampledag.py took 0.079 seconds
[2025-03-17T16:00:06.945+0000] {processor.py:186} INFO - Started process (PID=247) to work on /opt/airflow/dags/00_exampledag.py
[2025-03-17T16:00:06.946+0000] {processor.py:914} INFO - Processing file /opt/airflow/dags/00_exampledag.py for tasks to queue
[2025-03-17T16:00:06.948+0000] {logging_mixin.py:190} INFO - [2025-03-17T16:00:06.948+0000] {dagbag.py:588} INFO - Filling up the DagBag from /opt/airflow/dags/00_exampledag.py
[2025-03-17T16:00:06.965+0000] {processor.py:925} INFO - DAG(s) 'example_astronauts' retrieved from /opt/airflow/dags/00_exampledag.py
[2025-03-17T16:00:06.984+0000] {logging_mixin.py:190} INFO - [2025-03-17T16:00:06.984+0000] {dag.py:3239} INFO - Sync 1 DAGs
[2025-03-17T16:00:07.005+0000] {logging_mixin.py:190} INFO - [2025-03-17T16:00:07.005+0000] {dag.py:4180} INFO - Setting next_dagrun for example_astronauts to 2025-03-16 00:00:00+00:00, run_after=2025-03-17 00:00:00+00:00
[2025-03-17T16:00:07.024+0000] {processor.py:208} INFO - Processing /opt/airflow/dags/00_exampledag.py took 0.083 seconds
[2025-03-17T16:00:37.089+0000] {processor.py:186} INFO - Started process (PID=260) to work on /opt/airflow/dags/00_exampledag.py
[2025-03-17T16:00:37.090+0000] {processor.py:914} INFO - Processing file /opt/airflow/dags/00_exampledag.py for tasks to queue
[2025-03-17T16:00:37.092+0000] {logging_mixin.py:190} INFO - [2025-03-17T16:00:37.091+0000] {dagbag.py:588} INFO - Filling up the DagBag from /opt/airflow/dags/00_exampledag.py
[2025-03-17T16:00:37.109+0000] {processor.py:925} INFO - DAG(s) 'example_astronauts' retrieved from /opt/airflow/dags/00_exampledag.py
[2025-03-17T16:00:37.129+0000] {logging_mixin.py:190} INFO - [2025-03-17T16:00:37.128+0000] {dag.py:3239} INFO - Sync 1 DAGs
[2025-03-17T16:00:37.150+0000] {logging_mixin.py:190} INFO - [2025-03-17T16:00:37.150+0000] {dag.py:4180} INFO - Setting next_dagrun for example_astronauts to 2025-03-16 00:00:00+00:00, run_after=2025-03-17 00:00:00+00:00
[2025-03-17T16:00:37.170+0000] {processor.py:208} INFO - Processing /opt/airflow/dags/00_exampledag.py took 0.086 seconds
[2025-03-17T16:01:07.237+0000] {processor.py:186} INFO - Started process (PID=273) to work on /opt/airflow/dags/00_exampledag.py
[2025-03-17T16:01:07.238+0000] {processor.py:914} INFO - Processing file /opt/airflow/dags/00_exampledag.py for tasks to queue
[2025-03-17T16:01:07.240+0000] {logging_mixin.py:190} INFO - [2025-03-17T16:01:07.239+0000] {dagbag.py:588} INFO - Filling up the DagBag from /opt/airflow/dags/00_exampledag.py
[2025-03-17T16:01:07.257+0000] {processor.py:925} INFO - DAG(s) 'example_astronauts' retrieved from /opt/airflow/dags/00_exampledag.py
[2025-03-17T16:01:07.279+0000] {logging_mixin.py:190} INFO - [2025-03-17T16:01:07.279+0000] {dag.py:3239} INFO - Sync 1 DAGs
[2025-03-17T16:01:07.302+0000] {logging_mixin.py:190} INFO - [2025-03-17T16:01:07.302+0000] {dag.py:4180} INFO - Setting next_dagrun for example_astronauts to 2025-03-16 00:00:00+00:00, run_after=2025-03-17 00:00:00+00:00
[2025-03-17T16:01:07.324+0000] {processor.py:208} INFO - Processing /opt/airflow/dags/00_exampledag.py took 0.092 seconds
[2025-03-17T16:01:37.415+0000] {processor.py:186} INFO - Started process (PID=286) to work on /opt/airflow/dags/00_exampledag.py
[2025-03-17T16:01:37.415+0000] {processor.py:914} INFO - Processing file /opt/airflow/dags/00_exampledag.py for tasks to queue
[2025-03-17T16:01:37.417+0000] {logging_mixin.py:190} INFO - [2025-03-17T16:01:37.417+0000] {dagbag.py:588} INFO - Filling up the DagBag from /opt/airflow/dags/00_exampledag.py
[2025-03-17T16:01:37.435+0000] {processor.py:925} INFO - DAG(s) 'example_astronauts' retrieved from /opt/airflow/dags/00_exampledag.py
[2025-03-17T16:01:37.457+0000] {logging_mixin.py:190} INFO - [2025-03-17T16:01:37.457+0000] {dag.py:3239} INFO - Sync 1 DAGs
[2025-03-17T16:01:37.480+0000] {logging_mixin.py:190} INFO - [2025-03-17T16:01:37.480+0000] {dag.py:4180} INFO - Setting next_dagrun for example_astronauts to 2025-03-16 00:00:00+00:00, run_after=2025-03-17 00:00:00+00:00
[2025-03-17T16:01:37.502+0000] {processor.py:208} INFO - Processing /opt/airflow/dags/00_exampledag.py took 0.093 seconds
[2025-03-17T16:02:41.743+0000] {processor.py:186} INFO - Started process (PID=64) to work on /opt/airflow/dags/00_exampledag.py
[2025-03-17T16:02:41.744+0000] {processor.py:914} INFO - Processing file /opt/airflow/dags/00_exampledag.py for tasks to queue
[2025-03-17T16:02:41.747+0000] {logging_mixin.py:190} INFO - [2025-03-17T16:02:41.746+0000] {dagbag.py:588} INFO - Filling up the DagBag from /opt/airflow/dags/00_exampledag.py
[2025-03-17T16:02:41.765+0000] {processor.py:925} INFO - DAG(s) 'example_astronauts' retrieved from /opt/airflow/dags/00_exampledag.py
[2025-03-17T16:02:41.794+0000] {logging_mixin.py:190} INFO - [2025-03-17T16:02:41.794+0000] {dag.py:3239} INFO - Sync 1 DAGs
[2025-03-17T16:02:41.821+0000] {logging_mixin.py:190} INFO - [2025-03-17T16:02:41.821+0000] {dag.py:4180} INFO - Setting next_dagrun for example_astronauts to 2025-03-16 00:00:00+00:00, run_after=2025-03-17 00:00:00+00:00
[2025-03-17T16:02:41.845+0000] {processor.py:208} INFO - Processing /opt/airflow/dags/00_exampledag.py took 0.107 seconds
[2025-03-17T16:03:12.802+0000] {processor.py:186} INFO - Started process (PID=83) to work on /opt/airflow/dags/00_exampledag.py
[2025-03-17T16:03:12.803+0000] {processor.py:914} INFO - Processing file /opt/airflow/dags/00_exampledag.py for tasks to queue
[2025-03-17T16:03:12.805+0000] {logging_mixin.py:190} INFO - [2025-03-17T16:03:12.805+0000] {dagbag.py:588} INFO - Filling up the DagBag from /opt/airflow/dags/00_exampledag.py
[2025-03-17T16:03:12.823+0000] {processor.py:925} INFO - DAG(s) 'example_astronauts' retrieved from /opt/airflow/dags/00_exampledag.py
[2025-03-17T16:03:12.847+0000] {logging_mixin.py:190} INFO - [2025-03-17T16:03:12.846+0000] {dag.py:3239} INFO - Sync 1 DAGs
[2025-03-17T16:03:12.871+0000] {logging_mixin.py:190} INFO - [2025-03-17T16:03:12.870+0000] {dag.py:4180} INFO - Setting next_dagrun for example_astronauts to 2025-03-16 00:00:00+00:00, run_after=2025-03-17 00:00:00+00:00
[2025-03-17T16:03:12.890+0000] {processor.py:208} INFO - Processing /opt/airflow/dags/00_exampledag.py took 0.092 seconds
[2025-03-17T16:03:43.678+0000] {processor.py:186} INFO - Started process (PID=97) to work on /opt/airflow/dags/00_exampledag.py
[2025-03-17T16:03:43.679+0000] {processor.py:914} INFO - Processing file /opt/airflow/dags/00_exampledag.py for tasks to queue
[2025-03-17T16:03:43.681+0000] {logging_mixin.py:190} INFO - [2025-03-17T16:03:43.680+0000] {dagbag.py:588} INFO - Filling up the DagBag from /opt/airflow/dags/00_exampledag.py
[2025-03-17T16:03:43.697+0000] {processor.py:925} INFO - DAG(s) 'example_astronauts' retrieved from /opt/airflow/dags/00_exampledag.py
[2025-03-17T16:03:43.719+0000] {logging_mixin.py:190} INFO - [2025-03-17T16:03:43.718+0000] {dag.py:3239} INFO - Sync 1 DAGs
[2025-03-17T16:03:43.740+0000] {logging_mixin.py:190} INFO - [2025-03-17T16:03:43.740+0000] {dag.py:4180} INFO - Setting next_dagrun for example_astronauts to 2025-03-16 00:00:00+00:00, run_after=2025-03-17 00:00:00+00:00
[2025-03-17T16:03:43.760+0000] {processor.py:208} INFO - Processing /opt/airflow/dags/00_exampledag.py took 0.087 seconds
[2025-03-17T16:04:14.635+0000] {processor.py:186} INFO - Started process (PID=110) to work on /opt/airflow/dags/00_exampledag.py
[2025-03-17T16:04:14.635+0000] {processor.py:914} INFO - Processing file /opt/airflow/dags/00_exampledag.py for tasks to queue
[2025-03-17T16:04:14.637+0000] {logging_mixin.py:190} INFO - [2025-03-17T16:04:14.637+0000] {dagbag.py:588} INFO - Filling up the DagBag from /opt/airflow/dags/00_exampledag.py
[2025-03-17T16:04:14.655+0000] {processor.py:925} INFO - DAG(s) 'example_astronauts' retrieved from /opt/airflow/dags/00_exampledag.py
[2025-03-17T16:04:14.674+0000] {logging_mixin.py:190} INFO - [2025-03-17T16:04:14.674+0000] {dag.py:3239} INFO - Sync 1 DAGs
[2025-03-17T16:04:14.694+0000] {logging_mixin.py:190} INFO - [2025-03-17T16:04:14.694+0000] {dag.py:4180} INFO - Setting next_dagrun for example_astronauts to 2025-03-16 00:00:00+00:00, run_after=2025-03-17 00:00:00+00:00
[2025-03-17T16:04:14.713+0000] {processor.py:208} INFO - Processing /opt/airflow/dags/00_exampledag.py took 0.083 seconds
[2025-03-17T16:04:44.939+0000] {processor.py:186} INFO - Started process (PID=123) to work on /opt/airflow/dags/00_exampledag.py
[2025-03-17T16:04:44.940+0000] {processor.py:914} INFO - Processing file /opt/airflow/dags/00_exampledag.py for tasks to queue
[2025-03-17T16:04:44.942+0000] {logging_mixin.py:190} INFO - [2025-03-17T16:04:44.942+0000] {dagbag.py:588} INFO - Filling up the DagBag from /opt/airflow/dags/00_exampledag.py
[2025-03-17T16:04:44.959+0000] {processor.py:925} INFO - DAG(s) 'example_astronauts' retrieved from /opt/airflow/dags/00_exampledag.py
[2025-03-17T16:04:44.978+0000] {logging_mixin.py:190} INFO - [2025-03-17T16:04:44.978+0000] {dag.py:3239} INFO - Sync 1 DAGs
[2025-03-17T16:04:45.000+0000] {logging_mixin.py:190} INFO - [2025-03-17T16:04:44.999+0000] {dag.py:4180} INFO - Setting next_dagrun for example_astronauts to 2025-03-16 00:00:00+00:00, run_after=2025-03-17 00:00:00+00:00
[2025-03-17T16:04:45.019+0000] {processor.py:208} INFO - Processing /opt/airflow/dags/00_exampledag.py took 0.085 seconds
[2025-03-17T16:05:15.275+0000] {processor.py:186} INFO - Started process (PID=140) to work on /opt/airflow/dags/00_exampledag.py
[2025-03-17T16:05:15.275+0000] {processor.py:914} INFO - Processing file /opt/airflow/dags/00_exampledag.py for tasks to queue
[2025-03-17T16:05:15.277+0000] {logging_mixin.py:190} INFO - [2025-03-17T16:05:15.277+0000] {dagbag.py:588} INFO - Filling up the DagBag from /opt/airflow/dags/00_exampledag.py
[2025-03-17T16:05:15.296+0000] {processor.py:925} INFO - DAG(s) 'example_astronauts' retrieved from /opt/airflow/dags/00_exampledag.py
[2025-03-17T16:05:15.319+0000] {logging_mixin.py:190} INFO - [2025-03-17T16:05:15.319+0000] {dag.py:3239} INFO - Sync 1 DAGs
[2025-03-17T16:05:15.348+0000] {logging_mixin.py:190} INFO - [2025-03-17T16:05:15.348+0000] {dag.py:4180} INFO - Setting next_dagrun for example_astronauts to 2025-03-16 00:00:00+00:00, run_after=2025-03-17 00:00:00+00:00
[2025-03-17T16:05:15.535+0000] {processor.py:208} INFO - Processing /opt/airflow/dags/00_exampledag.py took 0.266 seconds
[2025-03-17T16:05:45.816+0000] {processor.py:186} INFO - Started process (PID=166) to work on /opt/airflow/dags/00_exampledag.py
[2025-03-17T16:05:45.817+0000] {processor.py:914} INFO - Processing file /opt/airflow/dags/00_exampledag.py for tasks to queue
[2025-03-17T16:05:45.819+0000] {logging_mixin.py:190} INFO - [2025-03-17T16:05:45.819+0000] {dagbag.py:588} INFO - Filling up the DagBag from /opt/airflow/dags/00_exampledag.py
[2025-03-17T16:05:45.837+0000] {processor.py:925} INFO - DAG(s) 'example_astronauts' retrieved from /opt/airflow/dags/00_exampledag.py
[2025-03-17T16:05:45.859+0000] {logging_mixin.py:190} INFO - [2025-03-17T16:05:45.859+0000] {dag.py:3239} INFO - Sync 1 DAGs
[2025-03-17T16:05:46.019+0000] {logging_mixin.py:190} INFO - [2025-03-17T16:05:46.019+0000] {dag.py:4180} INFO - Setting next_dagrun for example_astronauts to 2025-03-16 00:00:00+00:00, run_after=2025-03-17 00:00:00+00:00
[2025-03-17T16:05:46.040+0000] {processor.py:208} INFO - Processing /opt/airflow/dags/00_exampledag.py took 0.229 seconds
[2025-03-17T16:06:16.708+0000] {processor.py:186} INFO - Started process (PID=179) to work on /opt/airflow/dags/00_exampledag.py
[2025-03-17T16:06:16.709+0000] {processor.py:914} INFO - Processing file /opt/airflow/dags/00_exampledag.py for tasks to queue
[2025-03-17T16:06:16.711+0000] {logging_mixin.py:190} INFO - [2025-03-17T16:06:16.711+0000] {dagbag.py:588} INFO - Filling up the DagBag from /opt/airflow/dags/00_exampledag.py
[2025-03-17T16:06:16.729+0000] {processor.py:925} INFO - DAG(s) 'example_astronauts' retrieved from /opt/airflow/dags/00_exampledag.py
[2025-03-17T16:06:16.865+0000] {logging_mixin.py:190} INFO - [2025-03-17T16:06:16.864+0000] {dag.py:3239} INFO - Sync 1 DAGs
[2025-03-17T16:06:16.883+0000] {logging_mixin.py:190} INFO - [2025-03-17T16:06:16.883+0000] {dag.py:4180} INFO - Setting next_dagrun for example_astronauts to 2025-03-16 00:00:00+00:00, run_after=2025-03-17 00:00:00+00:00
[2025-03-17T16:06:16.900+0000] {processor.py:208} INFO - Processing /opt/airflow/dags/00_exampledag.py took 0.196 seconds
