[2025-03-17T15:27:59.826+0000] {processor.py:186} INFO - Started process (PID=63) to work on /opt/airflow/dags/02_producer.py
[2025-03-17T15:27:59.827+0000] {processor.py:914} INFO - Processing file /opt/airflow/dags/02_producer.py for tasks to queue
[2025-03-17T15:27:59.828+0000] {logging_mixin.py:190} INFO - [2025-03-17T15:27:59.828+0000] {dagbag.py:588} INFO - Filling up the DagBag from /opt/airflow/dags/02_producer.py
[2025-03-17T15:27:59.850+0000] {processor.py:925} INFO - DAG(s) 'producer' retrieved from /opt/airflow/dags/02_producer.py
[2025-03-17T15:28:00.028+0000] {logging_mixin.py:190} INFO - [2025-03-17T15:28:00.027+0000] {override.py:1911} INFO - Created Permission View: can read on DAG:producer
[2025-03-17T15:28:00.037+0000] {logging_mixin.py:190} INFO - [2025-03-17T15:28:00.037+0000] {override.py:1911} INFO - Created Permission View: can edit on DAG:producer
[2025-03-17T15:28:00.044+0000] {logging_mixin.py:190} INFO - [2025-03-17T15:28:00.043+0000] {override.py:1911} INFO - Created Permission View: can delete on DAG:producer
[2025-03-17T15:28:00.050+0000] {logging_mixin.py:190} INFO - [2025-03-17T15:28:00.050+0000] {override.py:1911} INFO - Created Permission View: can read on DAG Run:producer
[2025-03-17T15:28:00.057+0000] {logging_mixin.py:190} INFO - [2025-03-17T15:28:00.056+0000] {override.py:1911} INFO - Created Permission View: menu access on DAG Run:producer
[2025-03-17T15:28:00.063+0000] {logging_mixin.py:190} INFO - [2025-03-17T15:28:00.063+0000] {override.py:1911} INFO - Created Permission View: can create on DAG Run:producer
[2025-03-17T15:28:00.069+0000] {logging_mixin.py:190} INFO - [2025-03-17T15:28:00.069+0000] {override.py:1911} INFO - Created Permission View: can delete on DAG Run:producer
[2025-03-17T15:28:00.070+0000] {logging_mixin.py:190} INFO - [2025-03-17T15:28:00.070+0000] {dag.py:3239} INFO - Sync 1 DAGs
[2025-03-17T15:28:00.083+0000] {logging_mixin.py:190} INFO - [2025-03-17T15:28:00.082+0000] {dag.py:3262} INFO - Creating ORM DAG for producer
[2025-03-17T15:28:00.094+0000] {logging_mixin.py:190} INFO - [2025-03-17T15:28:00.094+0000] {dag.py:4180} INFO - Setting next_dagrun for producer to 2025-03-17 00:00:00+00:00, run_after=2025-03-18 00:00:00+00:00
[2025-03-17T15:28:00.117+0000] {processor.py:208} INFO - Processing /opt/airflow/dags/02_producer.py took 0.295 seconds
[2025-03-17T15:28:30.225+0000] {processor.py:186} INFO - Started process (PID=82) to work on /opt/airflow/dags/02_producer.py
[2025-03-17T15:28:30.226+0000] {processor.py:914} INFO - Processing file /opt/airflow/dags/02_producer.py for tasks to queue
[2025-03-17T15:28:30.228+0000] {logging_mixin.py:190} INFO - [2025-03-17T15:28:30.227+0000] {dagbag.py:588} INFO - Filling up the DagBag from /opt/airflow/dags/02_producer.py
[2025-03-17T15:28:30.244+0000] {processor.py:925} INFO - DAG(s) 'producer' retrieved from /opt/airflow/dags/02_producer.py
[2025-03-17T15:28:30.263+0000] {logging_mixin.py:190} INFO - [2025-03-17T15:28:30.263+0000] {dag.py:3239} INFO - Sync 1 DAGs
[2025-03-17T15:28:30.294+0000] {logging_mixin.py:190} INFO - [2025-03-17T15:28:30.294+0000] {dag.py:4180} INFO - Setting next_dagrun for producer to 2025-03-17 00:00:00+00:00, run_after=2025-03-18 00:00:00+00:00
[2025-03-17T15:28:30.315+0000] {processor.py:208} INFO - Processing /opt/airflow/dags/02_producer.py took 0.094 seconds
[2025-03-17T15:29:00.406+0000] {processor.py:186} INFO - Started process (PID=95) to work on /opt/airflow/dags/02_producer.py
[2025-03-17T15:29:00.407+0000] {processor.py:914} INFO - Processing file /opt/airflow/dags/02_producer.py for tasks to queue
[2025-03-17T15:29:00.408+0000] {logging_mixin.py:190} INFO - [2025-03-17T15:29:00.408+0000] {dagbag.py:588} INFO - Filling up the DagBag from /opt/airflow/dags/02_producer.py
[2025-03-17T15:29:00.426+0000] {processor.py:925} INFO - DAG(s) 'producer' retrieved from /opt/airflow/dags/02_producer.py
[2025-03-17T15:29:00.450+0000] {logging_mixin.py:190} INFO - [2025-03-17T15:29:00.450+0000] {dag.py:3239} INFO - Sync 1 DAGs
[2025-03-17T15:29:00.477+0000] {logging_mixin.py:190} INFO - [2025-03-17T15:29:00.477+0000] {dag.py:4180} INFO - Setting next_dagrun for producer to 2025-03-17 00:00:00+00:00, run_after=2025-03-18 00:00:00+00:00
[2025-03-17T15:29:00.500+0000] {processor.py:208} INFO - Processing /opt/airflow/dags/02_producer.py took 0.098 seconds
[2025-03-17T15:29:31.287+0000] {processor.py:186} INFO - Started process (PID=116) to work on /opt/airflow/dags/02_producer.py
[2025-03-17T15:29:31.287+0000] {processor.py:914} INFO - Processing file /opt/airflow/dags/02_producer.py for tasks to queue
[2025-03-17T15:29:31.290+0000] {logging_mixin.py:190} INFO - [2025-03-17T15:29:31.289+0000] {dagbag.py:588} INFO - Filling up the DagBag from /opt/airflow/dags/02_producer.py
[2025-03-17T15:29:31.305+0000] {processor.py:925} INFO - DAG(s) 'producer' retrieved from /opt/airflow/dags/02_producer.py
[2025-03-17T15:29:31.324+0000] {logging_mixin.py:190} INFO - [2025-03-17T15:29:31.324+0000] {dag.py:3239} INFO - Sync 1 DAGs
[2025-03-17T15:29:31.345+0000] {logging_mixin.py:190} INFO - [2025-03-17T15:29:31.345+0000] {dag.py:4180} INFO - Setting next_dagrun for producer to 2025-03-17 00:00:00+00:00, run_after=2025-03-18 00:00:00+00:00
[2025-03-17T15:29:31.365+0000] {processor.py:208} INFO - Processing /opt/airflow/dags/02_producer.py took 0.082 seconds
[2025-03-17T15:30:01.423+0000] {processor.py:186} INFO - Started process (PID=129) to work on /opt/airflow/dags/02_producer.py
[2025-03-17T15:30:01.423+0000] {processor.py:914} INFO - Processing file /opt/airflow/dags/02_producer.py for tasks to queue
[2025-03-17T15:30:01.425+0000] {logging_mixin.py:190} INFO - [2025-03-17T15:30:01.425+0000] {dagbag.py:588} INFO - Filling up the DagBag from /opt/airflow/dags/02_producer.py
[2025-03-17T15:30:01.442+0000] {processor.py:925} INFO - DAG(s) 'producer' retrieved from /opt/airflow/dags/02_producer.py
[2025-03-17T15:30:01.467+0000] {logging_mixin.py:190} INFO - [2025-03-17T15:30:01.467+0000] {dag.py:3239} INFO - Sync 1 DAGs
[2025-03-17T15:30:01.492+0000] {logging_mixin.py:190} INFO - [2025-03-17T15:30:01.491+0000] {dag.py:4180} INFO - Setting next_dagrun for producer to 2025-03-17 00:00:00+00:00, run_after=2025-03-18 00:00:00+00:00
[2025-03-17T15:30:01.514+0000] {processor.py:208} INFO - Processing /opt/airflow/dags/02_producer.py took 0.096 seconds
[2025-03-17T15:31:11.530+0000] {processor.py:186} INFO - Started process (PID=55) to work on /opt/airflow/dags/02_producer.py
[2025-03-17T15:31:11.531+0000] {processor.py:914} INFO - Processing file /opt/airflow/dags/02_producer.py for tasks to queue
[2025-03-17T15:31:11.532+0000] {logging_mixin.py:190} INFO - [2025-03-17T15:31:11.532+0000] {dagbag.py:588} INFO - Filling up the DagBag from /opt/airflow/dags/02_producer.py
[2025-03-17T15:31:11.549+0000] {processor.py:925} INFO - DAG(s) 'producer' retrieved from /opt/airflow/dags/02_producer.py
[2025-03-17T15:31:11.576+0000] {logging_mixin.py:190} INFO - [2025-03-17T15:31:11.575+0000] {dag.py:3239} INFO - Sync 1 DAGs
[2025-03-17T15:31:11.604+0000] {logging_mixin.py:190} INFO - [2025-03-17T15:31:11.603+0000] {dag.py:4180} INFO - Setting next_dagrun for producer to 2025-03-17 00:00:00+00:00, run_after=2025-03-18 00:00:00+00:00
[2025-03-17T15:31:11.629+0000] {processor.py:208} INFO - Processing /opt/airflow/dags/02_producer.py took 0.104 seconds
[2025-03-17T15:31:41.693+0000] {processor.py:186} INFO - Started process (PID=74) to work on /opt/airflow/dags/02_producer.py
[2025-03-17T15:31:41.694+0000] {processor.py:914} INFO - Processing file /opt/airflow/dags/02_producer.py for tasks to queue
[2025-03-17T15:31:41.696+0000] {logging_mixin.py:190} INFO - [2025-03-17T15:31:41.696+0000] {dagbag.py:588} INFO - Filling up the DagBag from /opt/airflow/dags/02_producer.py
[2025-03-17T15:31:41.712+0000] {processor.py:925} INFO - DAG(s) 'producer' retrieved from /opt/airflow/dags/02_producer.py
[2025-03-17T15:31:41.734+0000] {logging_mixin.py:190} INFO - [2025-03-17T15:31:41.733+0000] {dag.py:3239} INFO - Sync 1 DAGs
[2025-03-17T15:31:41.759+0000] {logging_mixin.py:190} INFO - [2025-03-17T15:31:41.758+0000] {dag.py:4180} INFO - Setting next_dagrun for producer to 2025-03-17 00:00:00+00:00, run_after=2025-03-18 00:00:00+00:00
[2025-03-17T15:31:41.934+0000] {processor.py:208} INFO - Processing /opt/airflow/dags/02_producer.py took 0.246 seconds
[2025-03-17T15:32:12.637+0000] {processor.py:186} INFO - Started process (PID=87) to work on /opt/airflow/dags/02_producer.py
[2025-03-17T15:32:12.637+0000] {processor.py:914} INFO - Processing file /opt/airflow/dags/02_producer.py for tasks to queue
[2025-03-17T15:32:12.639+0000] {logging_mixin.py:190} INFO - [2025-03-17T15:32:12.639+0000] {dagbag.py:588} INFO - Filling up the DagBag from /opt/airflow/dags/02_producer.py
[2025-03-17T15:32:12.654+0000] {processor.py:925} INFO - DAG(s) 'producer' retrieved from /opt/airflow/dags/02_producer.py
[2025-03-17T15:32:12.674+0000] {logging_mixin.py:190} INFO - [2025-03-17T15:32:12.673+0000] {dag.py:3239} INFO - Sync 1 DAGs
[2025-03-17T15:32:12.853+0000] {logging_mixin.py:190} INFO - [2025-03-17T15:32:12.853+0000] {dag.py:4180} INFO - Setting next_dagrun for producer to 2025-03-17 00:00:00+00:00, run_after=2025-03-18 00:00:00+00:00
[2025-03-17T15:32:12.873+0000] {processor.py:208} INFO - Processing /opt/airflow/dags/02_producer.py took 0.241 seconds
[2025-03-17T15:32:43.013+0000] {processor.py:186} INFO - Started process (PID=103) to work on /opt/airflow/dags/02_producer.py
[2025-03-17T15:32:43.014+0000] {processor.py:914} INFO - Processing file /opt/airflow/dags/02_producer.py for tasks to queue
[2025-03-17T15:32:43.016+0000] {logging_mixin.py:190} INFO - [2025-03-17T15:32:43.016+0000] {dagbag.py:588} INFO - Filling up the DagBag from /opt/airflow/dags/02_producer.py
[2025-03-17T15:32:43.032+0000] {processor.py:925} INFO - DAG(s) 'producer' retrieved from /opt/airflow/dags/02_producer.py
[2025-03-17T15:32:43.190+0000] {logging_mixin.py:190} INFO - [2025-03-17T15:32:43.189+0000] {dag.py:3239} INFO - Sync 1 DAGs
[2025-03-17T15:32:43.210+0000] {logging_mixin.py:190} INFO - [2025-03-17T15:32:43.209+0000] {dag.py:4180} INFO - Setting next_dagrun for producer to 2025-03-17 00:00:00+00:00, run_after=2025-03-18 00:00:00+00:00
[2025-03-17T15:32:43.230+0000] {processor.py:208} INFO - Processing /opt/airflow/dags/02_producer.py took 0.221 seconds
[2025-03-17T15:33:13.500+0000] {processor.py:186} INFO - Started process (PID=116) to work on /opt/airflow/dags/02_producer.py
[2025-03-17T15:33:13.500+0000] {processor.py:914} INFO - Processing file /opt/airflow/dags/02_producer.py for tasks to queue
[2025-03-17T15:33:13.502+0000] {logging_mixin.py:190} INFO - [2025-03-17T15:33:13.502+0000] {dagbag.py:588} INFO - Filling up the DagBag from /opt/airflow/dags/02_producer.py
[2025-03-17T15:33:13.519+0000] {processor.py:925} INFO - DAG(s) 'producer' retrieved from /opt/airflow/dags/02_producer.py
[2025-03-17T15:33:13.539+0000] {logging_mixin.py:190} INFO - [2025-03-17T15:33:13.538+0000] {dag.py:3239} INFO - Sync 1 DAGs
[2025-03-17T15:33:13.559+0000] {logging_mixin.py:190} INFO - [2025-03-17T15:33:13.559+0000] {dag.py:4180} INFO - Setting next_dagrun for producer to 2025-03-17 00:00:00+00:00, run_after=2025-03-18 00:00:00+00:00
[2025-03-17T15:33:13.579+0000] {processor.py:208} INFO - Processing /opt/airflow/dags/02_producer.py took 0.084 seconds
[2025-03-17T15:33:43.680+0000] {processor.py:186} INFO - Started process (PID=126) to work on /opt/airflow/dags/02_producer.py
[2025-03-17T15:33:43.681+0000] {processor.py:914} INFO - Processing file /opt/airflow/dags/02_producer.py for tasks to queue
[2025-03-17T15:33:43.683+0000] {logging_mixin.py:190} INFO - [2025-03-17T15:33:43.682+0000] {dagbag.py:588} INFO - Filling up the DagBag from /opt/airflow/dags/02_producer.py
[2025-03-17T15:33:43.700+0000] {processor.py:925} INFO - DAG(s) 'producer' retrieved from /opt/airflow/dags/02_producer.py
[2025-03-17T15:33:43.721+0000] {logging_mixin.py:190} INFO - [2025-03-17T15:33:43.721+0000] {dag.py:3239} INFO - Sync 1 DAGs
[2025-03-17T15:33:43.744+0000] {logging_mixin.py:190} INFO - [2025-03-17T15:33:43.744+0000] {dag.py:4180} INFO - Setting next_dagrun for producer to 2025-03-17 00:00:00+00:00, run_after=2025-03-18 00:00:00+00:00
[2025-03-17T15:33:43.767+0000] {processor.py:208} INFO - Processing /opt/airflow/dags/02_producer.py took 0.093 seconds
[2025-03-17T15:34:14.517+0000] {processor.py:186} INFO - Started process (PID=139) to work on /opt/airflow/dags/02_producer.py
[2025-03-17T15:34:14.518+0000] {processor.py:914} INFO - Processing file /opt/airflow/dags/02_producer.py for tasks to queue
[2025-03-17T15:34:14.522+0000] {logging_mixin.py:190} INFO - [2025-03-17T15:34:14.522+0000] {dagbag.py:588} INFO - Filling up the DagBag from /opt/airflow/dags/02_producer.py
[2025-03-17T15:34:14.541+0000] {processor.py:925} INFO - DAG(s) 'producer' retrieved from /opt/airflow/dags/02_producer.py
[2025-03-17T15:34:14.565+0000] {logging_mixin.py:190} INFO - [2025-03-17T15:34:14.564+0000] {dag.py:3239} INFO - Sync 1 DAGs
[2025-03-17T15:34:14.590+0000] {logging_mixin.py:190} INFO - [2025-03-17T15:34:14.590+0000] {dag.py:4180} INFO - Setting next_dagrun for producer to 2025-03-17 00:00:00+00:00, run_after=2025-03-18 00:00:00+00:00
[2025-03-17T15:34:14.613+0000] {processor.py:208} INFO - Processing /opt/airflow/dags/02_producer.py took 0.102 seconds
[2025-03-17T15:34:44.737+0000] {processor.py:186} INFO - Started process (PID=152) to work on /opt/airflow/dags/02_producer.py
[2025-03-17T15:34:44.738+0000] {processor.py:914} INFO - Processing file /opt/airflow/dags/02_producer.py for tasks to queue
[2025-03-17T15:34:44.741+0000] {logging_mixin.py:190} INFO - [2025-03-17T15:34:44.740+0000] {dagbag.py:588} INFO - Filling up the DagBag from /opt/airflow/dags/02_producer.py
[2025-03-17T15:34:44.759+0000] {processor.py:925} INFO - DAG(s) 'producer' retrieved from /opt/airflow/dags/02_producer.py
[2025-03-17T15:34:44.781+0000] {logging_mixin.py:190} INFO - [2025-03-17T15:34:44.781+0000] {dag.py:3239} INFO - Sync 1 DAGs
[2025-03-17T15:34:44.809+0000] {logging_mixin.py:190} INFO - [2025-03-17T15:34:44.809+0000] {dag.py:4180} INFO - Setting next_dagrun for producer to 2025-03-17 00:00:00+00:00, run_after=2025-03-18 00:00:00+00:00
[2025-03-17T15:34:44.832+0000] {processor.py:208} INFO - Processing /opt/airflow/dags/02_producer.py took 0.100 seconds
[2025-03-17T15:35:15.091+0000] {processor.py:186} INFO - Started process (PID=165) to work on /opt/airflow/dags/02_producer.py
[2025-03-17T15:35:15.092+0000] {processor.py:914} INFO - Processing file /opt/airflow/dags/02_producer.py for tasks to queue
[2025-03-17T15:35:15.094+0000] {logging_mixin.py:190} INFO - [2025-03-17T15:35:15.094+0000] {dagbag.py:588} INFO - Filling up the DagBag from /opt/airflow/dags/02_producer.py
[2025-03-17T15:35:15.109+0000] {processor.py:925} INFO - DAG(s) 'producer' retrieved from /opt/airflow/dags/02_producer.py
[2025-03-17T15:35:15.128+0000] {logging_mixin.py:190} INFO - [2025-03-17T15:35:15.128+0000] {dag.py:3239} INFO - Sync 1 DAGs
[2025-03-17T15:35:15.148+0000] {logging_mixin.py:190} INFO - [2025-03-17T15:35:15.148+0000] {dag.py:4180} INFO - Setting next_dagrun for producer to 2025-03-17 00:00:00+00:00, run_after=2025-03-18 00:00:00+00:00
[2025-03-17T15:35:15.167+0000] {processor.py:208} INFO - Processing /opt/airflow/dags/02_producer.py took 0.081 seconds
[2025-03-17T15:35:45.598+0000] {processor.py:186} INFO - Started process (PID=178) to work on /opt/airflow/dags/02_producer.py
[2025-03-17T15:35:45.599+0000] {processor.py:914} INFO - Processing file /opt/airflow/dags/02_producer.py for tasks to queue
[2025-03-17T15:35:45.601+0000] {logging_mixin.py:190} INFO - [2025-03-17T15:35:45.600+0000] {dagbag.py:588} INFO - Filling up the DagBag from /opt/airflow/dags/02_producer.py
[2025-03-17T15:35:45.616+0000] {processor.py:925} INFO - DAG(s) 'producer' retrieved from /opt/airflow/dags/02_producer.py
[2025-03-17T15:35:45.634+0000] {logging_mixin.py:190} INFO - [2025-03-17T15:35:45.634+0000] {dag.py:3239} INFO - Sync 1 DAGs
[2025-03-17T15:35:45.652+0000] {logging_mixin.py:190} INFO - [2025-03-17T15:35:45.652+0000] {dag.py:4180} INFO - Setting next_dagrun for producer to 2025-03-17 00:00:00+00:00, run_after=2025-03-18 00:00:00+00:00
[2025-03-17T15:35:45.671+0000] {processor.py:208} INFO - Processing /opt/airflow/dags/02_producer.py took 0.077 seconds
[2025-03-17T15:36:16.047+0000] {processor.py:186} INFO - Started process (PID=191) to work on /opt/airflow/dags/02_producer.py
[2025-03-17T15:36:16.048+0000] {processor.py:914} INFO - Processing file /opt/airflow/dags/02_producer.py for tasks to queue
[2025-03-17T15:36:16.050+0000] {logging_mixin.py:190} INFO - [2025-03-17T15:36:16.049+0000] {dagbag.py:588} INFO - Filling up the DagBag from /opt/airflow/dags/02_producer.py
[2025-03-17T15:36:16.065+0000] {processor.py:925} INFO - DAG(s) 'producer' retrieved from /opt/airflow/dags/02_producer.py
[2025-03-17T15:36:16.083+0000] {logging_mixin.py:190} INFO - [2025-03-17T15:36:16.083+0000] {dag.py:3239} INFO - Sync 1 DAGs
[2025-03-17T15:36:16.102+0000] {logging_mixin.py:190} INFO - [2025-03-17T15:36:16.102+0000] {dag.py:4180} INFO - Setting next_dagrun for producer to 2025-03-17 00:00:00+00:00, run_after=2025-03-18 00:00:00+00:00
[2025-03-17T15:36:16.121+0000] {processor.py:208} INFO - Processing /opt/airflow/dags/02_producer.py took 0.079 seconds
[2025-03-17T15:36:46.709+0000] {processor.py:186} INFO - Started process (PID=210) to work on /opt/airflow/dags/02_producer.py
[2025-03-17T15:36:46.710+0000] {processor.py:914} INFO - Processing file /opt/airflow/dags/02_producer.py for tasks to queue
[2025-03-17T15:36:46.712+0000] {logging_mixin.py:190} INFO - [2025-03-17T15:36:46.711+0000] {dagbag.py:588} INFO - Filling up the DagBag from /opt/airflow/dags/02_producer.py
[2025-03-17T15:36:46.729+0000] {processor.py:925} INFO - DAG(s) 'producer' retrieved from /opt/airflow/dags/02_producer.py
[2025-03-17T15:36:46.749+0000] {logging_mixin.py:190} INFO - [2025-03-17T15:36:46.749+0000] {dag.py:3239} INFO - Sync 1 DAGs
[2025-03-17T15:36:46.769+0000] {logging_mixin.py:190} INFO - [2025-03-17T15:36:46.769+0000] {dag.py:4180} INFO - Setting next_dagrun for producer to 2025-03-17 00:00:00+00:00, run_after=2025-03-18 00:00:00+00:00
[2025-03-17T15:36:46.788+0000] {processor.py:208} INFO - Processing /opt/airflow/dags/02_producer.py took 0.084 seconds
[2025-03-17T15:37:17.745+0000] {processor.py:186} INFO - Started process (PID=223) to work on /opt/airflow/dags/02_producer.py
[2025-03-17T15:37:17.745+0000] {processor.py:914} INFO - Processing file /opt/airflow/dags/02_producer.py for tasks to queue
[2025-03-17T15:37:17.747+0000] {logging_mixin.py:190} INFO - [2025-03-17T15:37:17.747+0000] {dagbag.py:588} INFO - Filling up the DagBag from /opt/airflow/dags/02_producer.py
[2025-03-17T15:37:17.762+0000] {processor.py:925} INFO - DAG(s) 'producer' retrieved from /opt/airflow/dags/02_producer.py
[2025-03-17T15:37:17.779+0000] {logging_mixin.py:190} INFO - [2025-03-17T15:37:17.779+0000] {dag.py:3239} INFO - Sync 1 DAGs
[2025-03-17T15:37:17.800+0000] {logging_mixin.py:190} INFO - [2025-03-17T15:37:17.800+0000] {dag.py:4180} INFO - Setting next_dagrun for producer to 2025-03-17 00:00:00+00:00, run_after=2025-03-18 00:00:00+00:00
[2025-03-17T15:37:17.818+0000] {processor.py:208} INFO - Processing /opt/airflow/dags/02_producer.py took 0.078 seconds
[2025-03-17T15:37:48.242+0000] {processor.py:186} INFO - Started process (PID=236) to work on /opt/airflow/dags/02_producer.py
[2025-03-17T15:37:48.243+0000] {processor.py:914} INFO - Processing file /opt/airflow/dags/02_producer.py for tasks to queue
[2025-03-17T15:37:48.244+0000] {logging_mixin.py:190} INFO - [2025-03-17T15:37:48.244+0000] {dagbag.py:588} INFO - Filling up the DagBag from /opt/airflow/dags/02_producer.py
[2025-03-17T15:37:48.260+0000] {processor.py:925} INFO - DAG(s) 'producer' retrieved from /opt/airflow/dags/02_producer.py
[2025-03-17T15:37:48.279+0000] {logging_mixin.py:190} INFO - [2025-03-17T15:37:48.278+0000] {dag.py:3239} INFO - Sync 1 DAGs
[2025-03-17T15:37:48.299+0000] {logging_mixin.py:190} INFO - [2025-03-17T15:37:48.299+0000] {dag.py:4180} INFO - Setting next_dagrun for producer to 2025-03-17 00:00:00+00:00, run_after=2025-03-18 00:00:00+00:00
[2025-03-17T15:37:48.318+0000] {processor.py:208} INFO - Processing /opt/airflow/dags/02_producer.py took 0.080 seconds
[2025-03-17T15:38:18.623+0000] {processor.py:186} INFO - Started process (PID=249) to work on /opt/airflow/dags/02_producer.py
[2025-03-17T15:38:18.624+0000] {processor.py:914} INFO - Processing file /opt/airflow/dags/02_producer.py for tasks to queue
[2025-03-17T15:38:18.627+0000] {logging_mixin.py:190} INFO - [2025-03-17T15:38:18.627+0000] {dagbag.py:588} INFO - Filling up the DagBag from /opt/airflow/dags/02_producer.py
[2025-03-17T15:38:18.645+0000] {processor.py:925} INFO - DAG(s) 'producer' retrieved from /opt/airflow/dags/02_producer.py
[2025-03-17T15:38:18.667+0000] {logging_mixin.py:190} INFO - [2025-03-17T15:38:18.667+0000] {dag.py:3239} INFO - Sync 1 DAGs
[2025-03-17T15:38:18.690+0000] {logging_mixin.py:190} INFO - [2025-03-17T15:38:18.689+0000] {dag.py:4180} INFO - Setting next_dagrun for producer to 2025-03-17 00:00:00+00:00, run_after=2025-03-18 00:00:00+00:00
[2025-03-17T15:38:18.710+0000] {processor.py:208} INFO - Processing /opt/airflow/dags/02_producer.py took 0.093 seconds
[2025-03-17T15:38:49.151+0000] {processor.py:186} INFO - Started process (PID=262) to work on /opt/airflow/dags/02_producer.py
[2025-03-17T15:38:49.152+0000] {processor.py:914} INFO - Processing file /opt/airflow/dags/02_producer.py for tasks to queue
[2025-03-17T15:38:49.154+0000] {logging_mixin.py:190} INFO - [2025-03-17T15:38:49.154+0000] {dagbag.py:588} INFO - Filling up the DagBag from /opt/airflow/dags/02_producer.py
[2025-03-17T15:38:49.170+0000] {processor.py:925} INFO - DAG(s) 'producer' retrieved from /opt/airflow/dags/02_producer.py
[2025-03-17T15:38:49.189+0000] {logging_mixin.py:190} INFO - [2025-03-17T15:38:49.189+0000] {dag.py:3239} INFO - Sync 1 DAGs
[2025-03-17T15:38:49.210+0000] {logging_mixin.py:190} INFO - [2025-03-17T15:38:49.210+0000] {dag.py:4180} INFO - Setting next_dagrun for producer to 2025-03-17 00:00:00+00:00, run_after=2025-03-18 00:00:00+00:00
[2025-03-17T15:38:49.231+0000] {processor.py:208} INFO - Processing /opt/airflow/dags/02_producer.py took 0.086 seconds
[2025-03-17T15:39:19.378+0000] {processor.py:186} INFO - Started process (PID=275) to work on /opt/airflow/dags/02_producer.py
[2025-03-17T15:39:19.378+0000] {processor.py:914} INFO - Processing file /opt/airflow/dags/02_producer.py for tasks to queue
[2025-03-17T15:39:19.381+0000] {logging_mixin.py:190} INFO - [2025-03-17T15:39:19.380+0000] {dagbag.py:588} INFO - Filling up the DagBag from /opt/airflow/dags/02_producer.py
[2025-03-17T15:39:19.396+0000] {processor.py:925} INFO - DAG(s) 'producer' retrieved from /opt/airflow/dags/02_producer.py
[2025-03-17T15:39:19.414+0000] {logging_mixin.py:190} INFO - [2025-03-17T15:39:19.414+0000] {dag.py:3239} INFO - Sync 1 DAGs
[2025-03-17T15:39:19.437+0000] {logging_mixin.py:190} INFO - [2025-03-17T15:39:19.437+0000] {dag.py:4180} INFO - Setting next_dagrun for producer to 2025-03-17 00:00:00+00:00, run_after=2025-03-18 00:00:00+00:00
[2025-03-17T15:39:19.456+0000] {processor.py:208} INFO - Processing /opt/airflow/dags/02_producer.py took 0.082 seconds
[2025-03-17T15:39:50.280+0000] {processor.py:186} INFO - Started process (PID=288) to work on /opt/airflow/dags/02_producer.py
[2025-03-17T15:39:50.281+0000] {processor.py:914} INFO - Processing file /opt/airflow/dags/02_producer.py for tasks to queue
[2025-03-17T15:39:50.283+0000] {logging_mixin.py:190} INFO - [2025-03-17T15:39:50.282+0000] {dagbag.py:588} INFO - Filling up the DagBag from /opt/airflow/dags/02_producer.py
[2025-03-17T15:39:50.299+0000] {processor.py:925} INFO - DAG(s) 'producer' retrieved from /opt/airflow/dags/02_producer.py
[2025-03-17T15:39:50.318+0000] {logging_mixin.py:190} INFO - [2025-03-17T15:39:50.318+0000] {dag.py:3239} INFO - Sync 1 DAGs
[2025-03-17T15:39:50.342+0000] {logging_mixin.py:190} INFO - [2025-03-17T15:39:50.341+0000] {dag.py:4180} INFO - Setting next_dagrun for producer to 2025-03-17 00:00:00+00:00, run_after=2025-03-18 00:00:00+00:00
[2025-03-17T15:39:50.363+0000] {processor.py:208} INFO - Processing /opt/airflow/dags/02_producer.py took 0.087 seconds
[2025-03-17T15:40:20.553+0000] {processor.py:186} INFO - Started process (PID=301) to work on /opt/airflow/dags/02_producer.py
[2025-03-17T15:40:20.554+0000] {processor.py:914} INFO - Processing file /opt/airflow/dags/02_producer.py for tasks to queue
[2025-03-17T15:40:20.557+0000] {logging_mixin.py:190} INFO - [2025-03-17T15:40:20.557+0000] {dagbag.py:588} INFO - Filling up the DagBag from /opt/airflow/dags/02_producer.py
[2025-03-17T15:40:20.573+0000] {processor.py:925} INFO - DAG(s) 'producer' retrieved from /opt/airflow/dags/02_producer.py
[2025-03-17T15:40:20.594+0000] {logging_mixin.py:190} INFO - [2025-03-17T15:40:20.593+0000] {dag.py:3239} INFO - Sync 1 DAGs
[2025-03-17T15:40:20.614+0000] {logging_mixin.py:190} INFO - [2025-03-17T15:40:20.614+0000] {dag.py:4180} INFO - Setting next_dagrun for producer to 2025-03-17 00:00:00+00:00, run_after=2025-03-18 00:00:00+00:00
[2025-03-17T15:40:20.634+0000] {processor.py:208} INFO - Processing /opt/airflow/dags/02_producer.py took 0.086 seconds
[2025-03-17T15:40:51.530+0000] {processor.py:186} INFO - Started process (PID=320) to work on /opt/airflow/dags/02_producer.py
[2025-03-17T15:40:51.531+0000] {processor.py:914} INFO - Processing file /opt/airflow/dags/02_producer.py for tasks to queue
[2025-03-17T15:40:51.534+0000] {logging_mixin.py:190} INFO - [2025-03-17T15:40:51.533+0000] {dagbag.py:588} INFO - Filling up the DagBag from /opt/airflow/dags/02_producer.py
[2025-03-17T15:40:51.552+0000] {processor.py:925} INFO - DAG(s) 'producer' retrieved from /opt/airflow/dags/02_producer.py
[2025-03-17T15:40:51.570+0000] {logging_mixin.py:190} INFO - [2025-03-17T15:40:51.569+0000] {dag.py:3239} INFO - Sync 1 DAGs
[2025-03-17T15:40:51.591+0000] {logging_mixin.py:190} INFO - [2025-03-17T15:40:51.591+0000] {dag.py:4180} INFO - Setting next_dagrun for producer to 2025-03-17 00:00:00+00:00, run_after=2025-03-18 00:00:00+00:00
[2025-03-17T15:40:51.613+0000] {processor.py:208} INFO - Processing /opt/airflow/dags/02_producer.py took 0.087 seconds
[2025-03-17T15:41:22.233+0000] {processor.py:186} INFO - Started process (PID=333) to work on /opt/airflow/dags/02_producer.py
[2025-03-17T15:41:22.234+0000] {processor.py:914} INFO - Processing file /opt/airflow/dags/02_producer.py for tasks to queue
[2025-03-17T15:41:22.235+0000] {logging_mixin.py:190} INFO - [2025-03-17T15:41:22.235+0000] {dagbag.py:588} INFO - Filling up the DagBag from /opt/airflow/dags/02_producer.py
[2025-03-17T15:41:22.250+0000] {processor.py:925} INFO - DAG(s) 'producer' retrieved from /opt/airflow/dags/02_producer.py
[2025-03-17T15:41:22.267+0000] {logging_mixin.py:190} INFO - [2025-03-17T15:41:22.267+0000] {dag.py:3239} INFO - Sync 1 DAGs
[2025-03-17T15:41:22.289+0000] {logging_mixin.py:190} INFO - [2025-03-17T15:41:22.288+0000] {dag.py:4180} INFO - Setting next_dagrun for producer to 2025-03-17 00:00:00+00:00, run_after=2025-03-18 00:00:00+00:00
[2025-03-17T15:41:22.308+0000] {processor.py:208} INFO - Processing /opt/airflow/dags/02_producer.py took 0.080 seconds
[2025-03-17T15:41:53.313+0000] {processor.py:186} INFO - Started process (PID=346) to work on /opt/airflow/dags/02_producer.py
[2025-03-17T15:41:53.314+0000] {processor.py:914} INFO - Processing file /opt/airflow/dags/02_producer.py for tasks to queue
[2025-03-17T15:41:53.316+0000] {logging_mixin.py:190} INFO - [2025-03-17T15:41:53.316+0000] {dagbag.py:588} INFO - Filling up the DagBag from /opt/airflow/dags/02_producer.py
[2025-03-17T15:41:53.331+0000] {processor.py:925} INFO - DAG(s) 'producer' retrieved from /opt/airflow/dags/02_producer.py
[2025-03-17T15:41:53.348+0000] {logging_mixin.py:190} INFO - [2025-03-17T15:41:53.348+0000] {dag.py:3239} INFO - Sync 1 DAGs
[2025-03-17T15:41:53.368+0000] {logging_mixin.py:190} INFO - [2025-03-17T15:41:53.368+0000] {dag.py:4180} INFO - Setting next_dagrun for producer to 2025-03-17 00:00:00+00:00, run_after=2025-03-18 00:00:00+00:00
[2025-03-17T15:41:53.388+0000] {processor.py:208} INFO - Processing /opt/airflow/dags/02_producer.py took 0.079 seconds
[2025-03-17T15:42:23.637+0000] {processor.py:186} INFO - Started process (PID=359) to work on /opt/airflow/dags/02_producer.py
[2025-03-17T15:42:23.638+0000] {processor.py:914} INFO - Processing file /opt/airflow/dags/02_producer.py for tasks to queue
[2025-03-17T15:42:23.640+0000] {logging_mixin.py:190} INFO - [2025-03-17T15:42:23.640+0000] {dagbag.py:588} INFO - Filling up the DagBag from /opt/airflow/dags/02_producer.py
[2025-03-17T15:42:23.656+0000] {processor.py:925} INFO - DAG(s) 'producer' retrieved from /opt/airflow/dags/02_producer.py
[2025-03-17T15:42:23.674+0000] {logging_mixin.py:190} INFO - [2025-03-17T15:42:23.674+0000] {dag.py:3239} INFO - Sync 1 DAGs
[2025-03-17T15:42:23.694+0000] {logging_mixin.py:190} INFO - [2025-03-17T15:42:23.694+0000] {dag.py:4180} INFO - Setting next_dagrun for producer to 2025-03-17 00:00:00+00:00, run_after=2025-03-18 00:00:00+00:00
[2025-03-17T15:42:23.715+0000] {processor.py:208} INFO - Processing /opt/airflow/dags/02_producer.py took 0.081 seconds
[2025-03-17T15:42:54.100+0000] {processor.py:186} INFO - Started process (PID=372) to work on /opt/airflow/dags/02_producer.py
[2025-03-17T15:42:54.101+0000] {processor.py:914} INFO - Processing file /opt/airflow/dags/02_producer.py for tasks to queue
[2025-03-17T15:42:54.103+0000] {logging_mixin.py:190} INFO - [2025-03-17T15:42:54.102+0000] {dagbag.py:588} INFO - Filling up the DagBag from /opt/airflow/dags/02_producer.py
[2025-03-17T15:42:54.118+0000] {processor.py:925} INFO - DAG(s) 'producer' retrieved from /opt/airflow/dags/02_producer.py
[2025-03-17T15:42:54.135+0000] {logging_mixin.py:190} INFO - [2025-03-17T15:42:54.135+0000] {dag.py:3239} INFO - Sync 1 DAGs
[2025-03-17T15:42:54.156+0000] {logging_mixin.py:190} INFO - [2025-03-17T15:42:54.156+0000] {dag.py:4180} INFO - Setting next_dagrun for producer to 2025-03-17 00:00:00+00:00, run_after=2025-03-18 00:00:00+00:00
[2025-03-17T15:42:54.175+0000] {processor.py:208} INFO - Processing /opt/airflow/dags/02_producer.py took 0.079 seconds
[2025-03-17T15:43:25.188+0000] {processor.py:186} INFO - Started process (PID=385) to work on /opt/airflow/dags/02_producer.py
[2025-03-17T15:43:25.189+0000] {processor.py:914} INFO - Processing file /opt/airflow/dags/02_producer.py for tasks to queue
[2025-03-17T15:43:25.191+0000] {logging_mixin.py:190} INFO - [2025-03-17T15:43:25.190+0000] {dagbag.py:588} INFO - Filling up the DagBag from /opt/airflow/dags/02_producer.py
[2025-03-17T15:43:25.208+0000] {processor.py:925} INFO - DAG(s) 'producer' retrieved from /opt/airflow/dags/02_producer.py
[2025-03-17T15:43:25.226+0000] {logging_mixin.py:190} INFO - [2025-03-17T15:43:25.226+0000] {dag.py:3239} INFO - Sync 1 DAGs
[2025-03-17T15:43:25.248+0000] {logging_mixin.py:190} INFO - [2025-03-17T15:43:25.248+0000] {dag.py:4180} INFO - Setting next_dagrun for producer to 2025-03-17 00:00:00+00:00, run_after=2025-03-18 00:00:00+00:00
[2025-03-17T15:43:25.270+0000] {processor.py:208} INFO - Processing /opt/airflow/dags/02_producer.py took 0.086 seconds
[2025-03-17T15:43:55.365+0000] {processor.py:186} INFO - Started process (PID=398) to work on /opt/airflow/dags/02_producer.py
[2025-03-17T15:43:55.366+0000] {processor.py:914} INFO - Processing file /opt/airflow/dags/02_producer.py for tasks to queue
[2025-03-17T15:43:55.368+0000] {logging_mixin.py:190} INFO - [2025-03-17T15:43:55.368+0000] {dagbag.py:588} INFO - Filling up the DagBag from /opt/airflow/dags/02_producer.py
[2025-03-17T15:43:55.385+0000] {processor.py:925} INFO - DAG(s) 'producer' retrieved from /opt/airflow/dags/02_producer.py
[2025-03-17T15:43:55.402+0000] {logging_mixin.py:190} INFO - [2025-03-17T15:43:55.402+0000] {dag.py:3239} INFO - Sync 1 DAGs
[2025-03-17T15:43:55.425+0000] {logging_mixin.py:190} INFO - [2025-03-17T15:43:55.425+0000] {dag.py:4180} INFO - Setting next_dagrun for producer to 2025-03-17 00:00:00+00:00, run_after=2025-03-18 00:00:00+00:00
[2025-03-17T15:43:55.447+0000] {processor.py:208} INFO - Processing /opt/airflow/dags/02_producer.py took 0.086 seconds
[2025-03-17T15:44:26.399+0000] {processor.py:186} INFO - Started process (PID=411) to work on /opt/airflow/dags/02_producer.py
[2025-03-17T15:44:26.400+0000] {processor.py:914} INFO - Processing file /opt/airflow/dags/02_producer.py for tasks to queue
[2025-03-17T15:44:26.401+0000] {logging_mixin.py:190} INFO - [2025-03-17T15:44:26.401+0000] {dagbag.py:588} INFO - Filling up the DagBag from /opt/airflow/dags/02_producer.py
[2025-03-17T15:44:26.419+0000] {processor.py:925} INFO - DAG(s) 'producer' retrieved from /opt/airflow/dags/02_producer.py
[2025-03-17T15:44:26.436+0000] {logging_mixin.py:190} INFO - [2025-03-17T15:44:26.436+0000] {dag.py:3239} INFO - Sync 1 DAGs
[2025-03-17T15:44:26.458+0000] {logging_mixin.py:190} INFO - [2025-03-17T15:44:26.458+0000] {dag.py:4180} INFO - Setting next_dagrun for producer to 2025-03-17 00:00:00+00:00, run_after=2025-03-18 00:00:00+00:00
[2025-03-17T15:44:26.476+0000] {processor.py:208} INFO - Processing /opt/airflow/dags/02_producer.py took 0.082 seconds
[2025-03-17T15:44:57.198+0000] {processor.py:186} INFO - Started process (PID=424) to work on /opt/airflow/dags/02_producer.py
[2025-03-17T15:44:57.199+0000] {processor.py:914} INFO - Processing file /opt/airflow/dags/02_producer.py for tasks to queue
[2025-03-17T15:44:57.202+0000] {logging_mixin.py:190} INFO - [2025-03-17T15:44:57.202+0000] {dagbag.py:588} INFO - Filling up the DagBag from /opt/airflow/dags/02_producer.py
[2025-03-17T15:44:57.219+0000] {processor.py:925} INFO - DAG(s) 'producer' retrieved from /opt/airflow/dags/02_producer.py
[2025-03-17T15:44:57.238+0000] {logging_mixin.py:190} INFO - [2025-03-17T15:44:57.238+0000] {dag.py:3239} INFO - Sync 1 DAGs
[2025-03-17T15:44:57.259+0000] {logging_mixin.py:190} INFO - [2025-03-17T15:44:57.258+0000] {dag.py:4180} INFO - Setting next_dagrun for producer to 2025-03-17 00:00:00+00:00, run_after=2025-03-18 00:00:00+00:00
[2025-03-17T15:44:57.276+0000] {processor.py:208} INFO - Processing /opt/airflow/dags/02_producer.py took 0.086 seconds
[2025-03-17T15:45:27.467+0000] {processor.py:186} INFO - Started process (PID=443) to work on /opt/airflow/dags/02_producer.py
[2025-03-17T15:45:27.468+0000] {processor.py:914} INFO - Processing file /opt/airflow/dags/02_producer.py for tasks to queue
[2025-03-17T15:45:27.470+0000] {logging_mixin.py:190} INFO - [2025-03-17T15:45:27.470+0000] {dagbag.py:588} INFO - Filling up the DagBag from /opt/airflow/dags/02_producer.py
[2025-03-17T15:45:27.486+0000] {processor.py:925} INFO - DAG(s) 'producer' retrieved from /opt/airflow/dags/02_producer.py
[2025-03-17T15:45:27.505+0000] {logging_mixin.py:190} INFO - [2025-03-17T15:45:27.505+0000] {dag.py:3239} INFO - Sync 1 DAGs
[2025-03-17T15:45:27.525+0000] {logging_mixin.py:190} INFO - [2025-03-17T15:45:27.525+0000] {dag.py:4180} INFO - Setting next_dagrun for producer to 2025-03-17 00:00:00+00:00, run_after=2025-03-18 00:00:00+00:00
[2025-03-17T15:45:27.544+0000] {processor.py:208} INFO - Processing /opt/airflow/dags/02_producer.py took 0.081 seconds
[2025-03-17T15:45:58.321+0000] {processor.py:186} INFO - Started process (PID=457) to work on /opt/airflow/dags/02_producer.py
[2025-03-17T15:45:58.322+0000] {processor.py:914} INFO - Processing file /opt/airflow/dags/02_producer.py for tasks to queue
[2025-03-17T15:45:58.324+0000] {logging_mixin.py:190} INFO - [2025-03-17T15:45:58.323+0000] {dagbag.py:588} INFO - Filling up the DagBag from /opt/airflow/dags/02_producer.py
[2025-03-17T15:45:58.341+0000] {processor.py:925} INFO - DAG(s) 'producer' retrieved from /opt/airflow/dags/02_producer.py
[2025-03-17T15:45:58.362+0000] {logging_mixin.py:190} INFO - [2025-03-17T15:45:58.362+0000] {dag.py:3239} INFO - Sync 1 DAGs
[2025-03-17T15:45:58.387+0000] {logging_mixin.py:190} INFO - [2025-03-17T15:45:58.386+0000] {dag.py:4180} INFO - Setting next_dagrun for producer to 2025-03-17 00:00:00+00:00, run_after=2025-03-18 00:00:00+00:00
[2025-03-17T15:45:58.411+0000] {processor.py:208} INFO - Processing /opt/airflow/dags/02_producer.py took 0.096 seconds
[2025-03-17T15:46:28.791+0000] {processor.py:186} INFO - Started process (PID=470) to work on /opt/airflow/dags/02_producer.py
[2025-03-17T15:46:28.791+0000] {processor.py:914} INFO - Processing file /opt/airflow/dags/02_producer.py for tasks to queue
[2025-03-17T15:46:28.794+0000] {logging_mixin.py:190} INFO - [2025-03-17T15:46:28.794+0000] {dagbag.py:588} INFO - Filling up the DagBag from /opt/airflow/dags/02_producer.py
[2025-03-17T15:46:28.810+0000] {processor.py:925} INFO - DAG(s) 'producer' retrieved from /opt/airflow/dags/02_producer.py
[2025-03-17T15:46:28.831+0000] {logging_mixin.py:190} INFO - [2025-03-17T15:46:28.831+0000] {dag.py:3239} INFO - Sync 1 DAGs
[2025-03-17T15:46:28.855+0000] {logging_mixin.py:190} INFO - [2025-03-17T15:46:28.855+0000] {dag.py:4180} INFO - Setting next_dagrun for producer to 2025-03-17 00:00:00+00:00, run_after=2025-03-18 00:00:00+00:00
[2025-03-17T15:46:28.877+0000] {processor.py:208} INFO - Processing /opt/airflow/dags/02_producer.py took 0.091 seconds
[2025-03-17T15:47:16.415+0000] {processor.py:186} INFO - Started process (PID=61) to work on /opt/airflow/dags/02_producer.py
[2025-03-17T15:47:16.416+0000] {processor.py:914} INFO - Processing file /opt/airflow/dags/02_producer.py for tasks to queue
[2025-03-17T15:47:16.418+0000] {logging_mixin.py:190} INFO - [2025-03-17T15:47:16.418+0000] {dagbag.py:588} INFO - Filling up the DagBag from /opt/airflow/dags/02_producer.py
[2025-03-17T15:47:16.437+0000] {processor.py:925} INFO - DAG(s) 'producer' retrieved from /opt/airflow/dags/02_producer.py
[2025-03-17T15:47:16.466+0000] {logging_mixin.py:190} INFO - [2025-03-17T15:47:16.466+0000] {dag.py:3239} INFO - Sync 1 DAGs
[2025-03-17T15:47:16.494+0000] {logging_mixin.py:190} INFO - [2025-03-17T15:47:16.494+0000] {dag.py:4180} INFO - Setting next_dagrun for producer to 2025-03-17 00:00:00+00:00, run_after=2025-03-18 00:00:00+00:00
[2025-03-17T15:47:16.517+0000] {processor.py:208} INFO - Processing /opt/airflow/dags/02_producer.py took 0.110 seconds
[2025-03-17T15:47:46.624+0000] {processor.py:186} INFO - Started process (PID=80) to work on /opt/airflow/dags/02_producer.py
[2025-03-17T15:47:46.625+0000] {processor.py:914} INFO - Processing file /opt/airflow/dags/02_producer.py for tasks to queue
[2025-03-17T15:47:46.628+0000] {logging_mixin.py:190} INFO - [2025-03-17T15:47:46.628+0000] {dagbag.py:588} INFO - Filling up the DagBag from /opt/airflow/dags/02_producer.py
[2025-03-17T15:47:46.647+0000] {processor.py:925} INFO - DAG(s) 'producer' retrieved from /opt/airflow/dags/02_producer.py
[2025-03-17T15:47:46.671+0000] {logging_mixin.py:190} INFO - [2025-03-17T15:47:46.671+0000] {dag.py:3239} INFO - Sync 1 DAGs
[2025-03-17T15:47:46.695+0000] {logging_mixin.py:190} INFO - [2025-03-17T15:47:46.695+0000] {dag.py:4180} INFO - Setting next_dagrun for producer to 2025-03-17 00:00:00+00:00, run_after=2025-03-18 00:00:00+00:00
[2025-03-17T15:47:46.719+0000] {processor.py:208} INFO - Processing /opt/airflow/dags/02_producer.py took 0.101 seconds
[2025-03-17T15:48:16.906+0000] {processor.py:186} INFO - Started process (PID=93) to work on /opt/airflow/dags/02_producer.py
[2025-03-17T15:48:16.907+0000] {processor.py:914} INFO - Processing file /opt/airflow/dags/02_producer.py for tasks to queue
[2025-03-17T15:48:16.909+0000] {logging_mixin.py:190} INFO - [2025-03-17T15:48:16.909+0000] {dagbag.py:588} INFO - Filling up the DagBag from /opt/airflow/dags/02_producer.py
[2025-03-17T15:48:16.927+0000] {processor.py:925} INFO - DAG(s) 'producer' retrieved from /opt/airflow/dags/02_producer.py
[2025-03-17T15:48:16.949+0000] {logging_mixin.py:190} INFO - [2025-03-17T15:48:16.949+0000] {dag.py:3239} INFO - Sync 1 DAGs
[2025-03-17T15:48:16.972+0000] {logging_mixin.py:190} INFO - [2025-03-17T15:48:16.972+0000] {dag.py:4180} INFO - Setting next_dagrun for producer to 2025-03-17 00:00:00+00:00, run_after=2025-03-18 00:00:00+00:00
[2025-03-17T15:48:16.994+0000] {processor.py:208} INFO - Processing /opt/airflow/dags/02_producer.py took 0.094 seconds
[2025-03-17T15:48:47.120+0000] {processor.py:186} INFO - Started process (PID=106) to work on /opt/airflow/dags/02_producer.py
[2025-03-17T15:48:47.121+0000] {processor.py:914} INFO - Processing file /opt/airflow/dags/02_producer.py for tasks to queue
[2025-03-17T15:48:47.123+0000] {logging_mixin.py:190} INFO - [2025-03-17T15:48:47.123+0000] {dagbag.py:588} INFO - Filling up the DagBag from /opt/airflow/dags/02_producer.py
[2025-03-17T15:48:47.138+0000] {processor.py:925} INFO - DAG(s) 'producer' retrieved from /opt/airflow/dags/02_producer.py
[2025-03-17T15:48:47.162+0000] {logging_mixin.py:190} INFO - [2025-03-17T15:48:47.162+0000] {dag.py:3239} INFO - Sync 1 DAGs
[2025-03-17T15:48:47.187+0000] {logging_mixin.py:190} INFO - [2025-03-17T15:48:47.186+0000] {dag.py:4180} INFO - Setting next_dagrun for producer to 2025-03-17 00:00:00+00:00, run_after=2025-03-18 00:00:00+00:00
[2025-03-17T15:48:47.211+0000] {processor.py:208} INFO - Processing /opt/airflow/dags/02_producer.py took 0.095 seconds
[2025-03-17T15:49:17.496+0000] {processor.py:186} INFO - Started process (PID=119) to work on /opt/airflow/dags/02_producer.py
[2025-03-17T15:49:17.496+0000] {processor.py:914} INFO - Processing file /opt/airflow/dags/02_producer.py for tasks to queue
[2025-03-17T15:49:17.498+0000] {logging_mixin.py:190} INFO - [2025-03-17T15:49:17.498+0000] {dagbag.py:588} INFO - Filling up the DagBag from /opt/airflow/dags/02_producer.py
[2025-03-17T15:49:17.513+0000] {processor.py:925} INFO - DAG(s) 'producer' retrieved from /opt/airflow/dags/02_producer.py
[2025-03-17T15:49:17.530+0000] {logging_mixin.py:190} INFO - [2025-03-17T15:49:17.530+0000] {dag.py:3239} INFO - Sync 1 DAGs
[2025-03-17T15:49:17.549+0000] {logging_mixin.py:190} INFO - [2025-03-17T15:49:17.549+0000] {dag.py:4180} INFO - Setting next_dagrun for producer to 2025-03-17 00:00:00+00:00, run_after=2025-03-18 00:00:00+00:00
[2025-03-17T15:49:17.571+0000] {processor.py:208} INFO - Processing /opt/airflow/dags/02_producer.py took 0.080 seconds
[2025-03-17T15:49:47.855+0000] {processor.py:186} INFO - Started process (PID=132) to work on /opt/airflow/dags/02_producer.py
[2025-03-17T15:49:47.856+0000] {processor.py:914} INFO - Processing file /opt/airflow/dags/02_producer.py for tasks to queue
[2025-03-17T15:49:47.858+0000] {logging_mixin.py:190} INFO - [2025-03-17T15:49:47.857+0000] {dagbag.py:588} INFO - Filling up the DagBag from /opt/airflow/dags/02_producer.py
[2025-03-17T15:49:47.872+0000] {processor.py:925} INFO - DAG(s) 'producer' retrieved from /opt/airflow/dags/02_producer.py
[2025-03-17T15:49:47.891+0000] {logging_mixin.py:190} INFO - [2025-03-17T15:49:47.891+0000] {dag.py:3239} INFO - Sync 1 DAGs
[2025-03-17T15:49:47.910+0000] {logging_mixin.py:190} INFO - [2025-03-17T15:49:47.910+0000] {dag.py:4180} INFO - Setting next_dagrun for producer to 2025-03-17 00:00:00+00:00, run_after=2025-03-18 00:00:00+00:00
[2025-03-17T15:49:47.928+0000] {processor.py:208} INFO - Processing /opt/airflow/dags/02_producer.py took 0.077 seconds
[2025-03-17T15:50:18.152+0000] {processor.py:186} INFO - Started process (PID=145) to work on /opt/airflow/dags/02_producer.py
[2025-03-17T15:50:18.153+0000] {processor.py:914} INFO - Processing file /opt/airflow/dags/02_producer.py for tasks to queue
[2025-03-17T15:50:18.155+0000] {logging_mixin.py:190} INFO - [2025-03-17T15:50:18.154+0000] {dagbag.py:588} INFO - Filling up the DagBag from /opt/airflow/dags/02_producer.py
[2025-03-17T15:50:18.172+0000] {processor.py:925} INFO - DAG(s) 'producer' retrieved from /opt/airflow/dags/02_producer.py
[2025-03-17T15:50:18.190+0000] {logging_mixin.py:190} INFO - [2025-03-17T15:50:18.190+0000] {dag.py:3239} INFO - Sync 1 DAGs
[2025-03-17T15:50:18.211+0000] {logging_mixin.py:190} INFO - [2025-03-17T15:50:18.211+0000] {dag.py:4180} INFO - Setting next_dagrun for producer to 2025-03-17 00:00:00+00:00, run_after=2025-03-18 00:00:00+00:00
[2025-03-17T15:50:18.407+0000] {processor.py:208} INFO - Processing /opt/airflow/dags/02_producer.py took 0.260 seconds
[2025-03-17T15:50:48.966+0000] {processor.py:186} INFO - Started process (PID=158) to work on /opt/airflow/dags/02_producer.py
[2025-03-17T15:50:48.967+0000] {processor.py:914} INFO - Processing file /opt/airflow/dags/02_producer.py for tasks to queue
[2025-03-17T15:50:48.969+0000] {logging_mixin.py:190} INFO - [2025-03-17T15:50:48.968+0000] {dagbag.py:588} INFO - Filling up the DagBag from /opt/airflow/dags/02_producer.py
[2025-03-17T15:50:48.987+0000] {processor.py:925} INFO - DAG(s) 'producer' retrieved from /opt/airflow/dags/02_producer.py
[2025-03-17T15:50:49.011+0000] {logging_mixin.py:190} INFO - [2025-03-17T15:50:49.011+0000] {dag.py:3239} INFO - Sync 1 DAGs
[2025-03-17T15:50:49.203+0000] {logging_mixin.py:190} INFO - [2025-03-17T15:50:49.202+0000] {dag.py:4180} INFO - Setting next_dagrun for producer to 2025-03-17 00:00:00+00:00, run_after=2025-03-18 00:00:00+00:00
[2025-03-17T15:50:49.223+0000] {processor.py:208} INFO - Processing /opt/airflow/dags/02_producer.py took 0.262 seconds
[2025-03-17T15:51:19.697+0000] {processor.py:186} INFO - Started process (PID=171) to work on /opt/airflow/dags/02_producer.py
[2025-03-17T15:51:19.698+0000] {processor.py:914} INFO - Processing file /opt/airflow/dags/02_producer.py for tasks to queue
[2025-03-17T15:51:19.701+0000] {logging_mixin.py:190} INFO - [2025-03-17T15:51:19.700+0000] {dagbag.py:588} INFO - Filling up the DagBag from /opt/airflow/dags/02_producer.py
[2025-03-17T15:51:19.720+0000] {processor.py:925} INFO - DAG(s) 'producer' retrieved from /opt/airflow/dags/02_producer.py
[2025-03-17T15:51:19.914+0000] {logging_mixin.py:190} INFO - [2025-03-17T15:51:19.914+0000] {dag.py:3239} INFO - Sync 1 DAGs
[2025-03-17T15:51:19.935+0000] {logging_mixin.py:190} INFO - [2025-03-17T15:51:19.935+0000] {dag.py:4180} INFO - Setting next_dagrun for producer to 2025-03-17 00:00:00+00:00, run_after=2025-03-18 00:00:00+00:00
[2025-03-17T15:51:19.955+0000] {processor.py:208} INFO - Processing /opt/airflow/dags/02_producer.py took 0.265 seconds
[2025-03-17T15:51:50.641+0000] {processor.py:186} INFO - Started process (PID=184) to work on /opt/airflow/dags/02_producer.py
[2025-03-17T15:51:50.642+0000] {processor.py:914} INFO - Processing file /opt/airflow/dags/02_producer.py for tasks to queue
[2025-03-17T15:51:50.643+0000] {logging_mixin.py:190} INFO - [2025-03-17T15:51:50.643+0000] {dagbag.py:588} INFO - Filling up the DagBag from /opt/airflow/dags/02_producer.py
[2025-03-17T15:51:50.657+0000] {processor.py:925} INFO - DAG(s) 'producer' retrieved from /opt/airflow/dags/02_producer.py
[2025-03-17T15:51:50.674+0000] {logging_mixin.py:190} INFO - [2025-03-17T15:51:50.674+0000] {dag.py:3239} INFO - Sync 1 DAGs
[2025-03-17T15:51:50.692+0000] {logging_mixin.py:190} INFO - [2025-03-17T15:51:50.692+0000] {dag.py:4180} INFO - Setting next_dagrun for producer to 2025-03-17 00:00:00+00:00, run_after=2025-03-18 00:00:00+00:00
[2025-03-17T15:51:50.711+0000] {processor.py:208} INFO - Processing /opt/airflow/dags/02_producer.py took 0.197 seconds
[2025-03-17T15:52:21.090+0000] {processor.py:186} INFO - Started process (PID=203) to work on /opt/airflow/dags/02_producer.py
[2025-03-17T15:52:21.091+0000] {processor.py:914} INFO - Processing file /opt/airflow/dags/02_producer.py for tasks to queue
[2025-03-17T15:52:21.093+0000] {logging_mixin.py:190} INFO - [2025-03-17T15:52:21.093+0000] {dagbag.py:588} INFO - Filling up the DagBag from /opt/airflow/dags/02_producer.py
[2025-03-17T15:52:21.110+0000] {processor.py:925} INFO - DAG(s) 'producer' retrieved from /opt/airflow/dags/02_producer.py
[2025-03-17T15:52:21.129+0000] {logging_mixin.py:190} INFO - [2025-03-17T15:52:21.129+0000] {dag.py:3239} INFO - Sync 1 DAGs
[2025-03-17T15:52:21.151+0000] {logging_mixin.py:190} INFO - [2025-03-17T15:52:21.151+0000] {dag.py:4180} INFO - Setting next_dagrun for producer to 2025-03-17 00:00:00+00:00, run_after=2025-03-18 00:00:00+00:00
[2025-03-17T15:52:21.171+0000] {processor.py:208} INFO - Processing /opt/airflow/dags/02_producer.py took 0.087 seconds
[2025-03-17T15:53:28.943+0000] {processor.py:186} INFO - Started process (PID=67) to work on /opt/airflow/dags/02_producer.py
[2025-03-17T15:53:28.945+0000] {processor.py:914} INFO - Processing file /opt/airflow/dags/02_producer.py for tasks to queue
[2025-03-17T15:53:28.948+0000] {logging_mixin.py:190} INFO - [2025-03-17T15:53:28.948+0000] {dagbag.py:588} INFO - Filling up the DagBag from /opt/airflow/dags/02_producer.py
[2025-03-17T15:53:28.969+0000] {processor.py:925} INFO - DAG(s) 'producer' retrieved from /opt/airflow/dags/02_producer.py
[2025-03-17T15:53:28.996+0000] {logging_mixin.py:190} INFO - [2025-03-17T15:53:28.996+0000] {dag.py:3239} INFO - Sync 1 DAGs
[2025-03-17T15:53:29.025+0000] {logging_mixin.py:190} INFO - [2025-03-17T15:53:29.025+0000] {dag.py:4180} INFO - Setting next_dagrun for producer to 2025-03-17 00:00:00+00:00, run_after=2025-03-18 00:00:00+00:00
[2025-03-17T15:53:29.053+0000] {processor.py:208} INFO - Processing /opt/airflow/dags/02_producer.py took 0.117 seconds
[2025-03-17T15:53:59.362+0000] {processor.py:186} INFO - Started process (PID=80) to work on /opt/airflow/dags/02_producer.py
[2025-03-17T15:53:59.363+0000] {processor.py:914} INFO - Processing file /opt/airflow/dags/02_producer.py for tasks to queue
[2025-03-17T15:53:59.366+0000] {logging_mixin.py:190} INFO - [2025-03-17T15:53:59.366+0000] {dagbag.py:588} INFO - Filling up the DagBag from /opt/airflow/dags/02_producer.py
[2025-03-17T15:53:59.385+0000] {processor.py:925} INFO - DAG(s) 'producer' retrieved from /opt/airflow/dags/02_producer.py
[2025-03-17T15:53:59.410+0000] {logging_mixin.py:190} INFO - [2025-03-17T15:53:59.410+0000] {dag.py:3239} INFO - Sync 1 DAGs
[2025-03-17T15:53:59.434+0000] {logging_mixin.py:190} INFO - [2025-03-17T15:53:59.434+0000] {dag.py:4180} INFO - Setting next_dagrun for producer to 2025-03-17 00:00:00+00:00, run_after=2025-03-18 00:00:00+00:00
[2025-03-17T15:53:59.458+0000] {processor.py:208} INFO - Processing /opt/airflow/dags/02_producer.py took 0.104 seconds
[2025-03-17T15:54:30.339+0000] {processor.py:186} INFO - Started process (PID=95) to work on /opt/airflow/dags/02_producer.py
[2025-03-17T15:54:30.340+0000] {processor.py:914} INFO - Processing file /opt/airflow/dags/02_producer.py for tasks to queue
[2025-03-17T15:54:30.342+0000] {logging_mixin.py:190} INFO - [2025-03-17T15:54:30.341+0000] {dagbag.py:588} INFO - Filling up the DagBag from /opt/airflow/dags/02_producer.py
[2025-03-17T15:54:30.361+0000] {processor.py:925} INFO - DAG(s) 'producer' retrieved from /opt/airflow/dags/02_producer.py
[2025-03-17T15:54:30.385+0000] {logging_mixin.py:190} INFO - [2025-03-17T15:54:30.385+0000] {dag.py:3239} INFO - Sync 1 DAGs
[2025-03-17T15:54:30.411+0000] {logging_mixin.py:190} INFO - [2025-03-17T15:54:30.411+0000] {dag.py:4180} INFO - Setting next_dagrun for producer to 2025-03-17 00:00:00+00:00, run_after=2025-03-18 00:00:00+00:00
[2025-03-17T15:54:30.434+0000] {processor.py:208} INFO - Processing /opt/airflow/dags/02_producer.py took 0.099 seconds
[2025-03-17T15:55:00.795+0000] {processor.py:186} INFO - Started process (PID=108) to work on /opt/airflow/dags/02_producer.py
[2025-03-17T15:55:00.796+0000] {processor.py:914} INFO - Processing file /opt/airflow/dags/02_producer.py for tasks to queue
[2025-03-17T15:55:00.798+0000] {logging_mixin.py:190} INFO - [2025-03-17T15:55:00.798+0000] {dagbag.py:588} INFO - Filling up the DagBag from /opt/airflow/dags/02_producer.py
[2025-03-17T15:55:00.814+0000] {processor.py:925} INFO - DAG(s) 'producer' retrieved from /opt/airflow/dags/02_producer.py
[2025-03-17T15:55:00.838+0000] {logging_mixin.py:190} INFO - [2025-03-17T15:55:00.837+0000] {dag.py:3239} INFO - Sync 1 DAGs
[2025-03-17T15:55:00.862+0000] {logging_mixin.py:190} INFO - [2025-03-17T15:55:00.862+0000] {dag.py:4180} INFO - Setting next_dagrun for producer to 2025-03-17 00:00:00+00:00, run_after=2025-03-18 00:00:00+00:00
[2025-03-17T15:55:00.884+0000] {processor.py:208} INFO - Processing /opt/airflow/dags/02_producer.py took 0.094 seconds
[2025-03-17T15:55:31.024+0000] {processor.py:186} INFO - Started process (PID=121) to work on /opt/airflow/dags/02_producer.py
[2025-03-17T15:55:31.025+0000] {processor.py:914} INFO - Processing file /opt/airflow/dags/02_producer.py for tasks to queue
[2025-03-17T15:55:31.027+0000] {logging_mixin.py:190} INFO - [2025-03-17T15:55:31.026+0000] {dagbag.py:588} INFO - Filling up the DagBag from /opt/airflow/dags/02_producer.py
[2025-03-17T15:55:31.043+0000] {processor.py:925} INFO - DAG(s) 'producer' retrieved from /opt/airflow/dags/02_producer.py
[2025-03-17T15:55:31.063+0000] {logging_mixin.py:190} INFO - [2025-03-17T15:55:31.063+0000] {dag.py:3239} INFO - Sync 1 DAGs
[2025-03-17T15:55:31.083+0000] {logging_mixin.py:190} INFO - [2025-03-17T15:55:31.083+0000] {dag.py:4180} INFO - Setting next_dagrun for producer to 2025-03-17 00:00:00+00:00, run_after=2025-03-18 00:00:00+00:00
[2025-03-17T15:55:31.104+0000] {processor.py:208} INFO - Processing /opt/airflow/dags/02_producer.py took 0.086 seconds
[2025-03-17T15:56:01.236+0000] {processor.py:186} INFO - Started process (PID=134) to work on /opt/airflow/dags/02_producer.py
[2025-03-17T15:56:01.237+0000] {processor.py:914} INFO - Processing file /opt/airflow/dags/02_producer.py for tasks to queue
[2025-03-17T15:56:01.239+0000] {logging_mixin.py:190} INFO - [2025-03-17T15:56:01.239+0000] {dagbag.py:588} INFO - Filling up the DagBag from /opt/airflow/dags/02_producer.py
[2025-03-17T15:56:01.255+0000] {processor.py:925} INFO - DAG(s) 'producer' retrieved from /opt/airflow/dags/02_producer.py
[2025-03-17T15:56:01.275+0000] {logging_mixin.py:190} INFO - [2025-03-17T15:56:01.275+0000] {dag.py:3239} INFO - Sync 1 DAGs
[2025-03-17T15:56:01.295+0000] {logging_mixin.py:190} INFO - [2025-03-17T15:56:01.295+0000] {dag.py:4180} INFO - Setting next_dagrun for producer to 2025-03-17 00:00:00+00:00, run_after=2025-03-18 00:00:00+00:00
[2025-03-17T15:56:01.317+0000] {processor.py:208} INFO - Processing /opt/airflow/dags/02_producer.py took 0.086 seconds
[2025-03-17T15:56:32.330+0000] {processor.py:186} INFO - Started process (PID=147) to work on /opt/airflow/dags/02_producer.py
[2025-03-17T15:56:32.331+0000] {processor.py:914} INFO - Processing file /opt/airflow/dags/02_producer.py for tasks to queue
[2025-03-17T15:56:32.333+0000] {logging_mixin.py:190} INFO - [2025-03-17T15:56:32.333+0000] {dagbag.py:588} INFO - Filling up the DagBag from /opt/airflow/dags/02_producer.py
[2025-03-17T15:56:32.353+0000] {processor.py:925} INFO - DAG(s) 'producer' retrieved from /opt/airflow/dags/02_producer.py
[2025-03-17T15:56:32.376+0000] {logging_mixin.py:190} INFO - [2025-03-17T15:56:32.376+0000] {dag.py:3239} INFO - Sync 1 DAGs
[2025-03-17T15:56:32.400+0000] {logging_mixin.py:190} INFO - [2025-03-17T15:56:32.400+0000] {dag.py:4180} INFO - Setting next_dagrun for producer to 2025-03-17 00:00:00+00:00, run_after=2025-03-18 00:00:00+00:00
[2025-03-17T15:56:32.584+0000] {processor.py:208} INFO - Processing /opt/airflow/dags/02_producer.py took 0.261 seconds
[2025-03-17T15:57:03.445+0000] {processor.py:186} INFO - Started process (PID=160) to work on /opt/airflow/dags/02_producer.py
[2025-03-17T15:57:03.446+0000] {processor.py:914} INFO - Processing file /opt/airflow/dags/02_producer.py for tasks to queue
[2025-03-17T15:57:03.448+0000] {logging_mixin.py:190} INFO - [2025-03-17T15:57:03.447+0000] {dagbag.py:588} INFO - Filling up the DagBag from /opt/airflow/dags/02_producer.py
[2025-03-17T15:57:03.465+0000] {processor.py:925} INFO - DAG(s) 'producer' retrieved from /opt/airflow/dags/02_producer.py
[2025-03-17T15:57:03.487+0000] {logging_mixin.py:190} INFO - [2025-03-17T15:57:03.487+0000] {dag.py:3239} INFO - Sync 1 DAGs
[2025-03-17T15:57:03.647+0000] {logging_mixin.py:190} INFO - [2025-03-17T15:57:03.647+0000] {dag.py:4180} INFO - Setting next_dagrun for producer to 2025-03-17 00:00:00+00:00, run_after=2025-03-18 00:00:00+00:00
[2025-03-17T15:57:03.669+0000] {processor.py:208} INFO - Processing /opt/airflow/dags/02_producer.py took 0.229 seconds
[2025-03-17T15:57:33.722+0000] {processor.py:186} INFO - Started process (PID=173) to work on /opt/airflow/dags/02_producer.py
[2025-03-17T15:57:33.722+0000] {processor.py:914} INFO - Processing file /opt/airflow/dags/02_producer.py for tasks to queue
[2025-03-17T15:57:33.724+0000] {logging_mixin.py:190} INFO - [2025-03-17T15:57:33.724+0000] {dagbag.py:588} INFO - Filling up the DagBag from /opt/airflow/dags/02_producer.py
[2025-03-17T15:57:33.740+0000] {processor.py:925} INFO - DAG(s) 'producer' retrieved from /opt/airflow/dags/02_producer.py
[2025-03-17T15:57:33.891+0000] {logging_mixin.py:190} INFO - [2025-03-17T15:57:33.891+0000] {dag.py:3239} INFO - Sync 1 DAGs
[2025-03-17T15:57:33.911+0000] {logging_mixin.py:190} INFO - [2025-03-17T15:57:33.911+0000] {dag.py:4180} INFO - Setting next_dagrun for producer to 2025-03-17 00:00:00+00:00, run_after=2025-03-18 00:00:00+00:00
[2025-03-17T15:57:33.930+0000] {processor.py:208} INFO - Processing /opt/airflow/dags/02_producer.py took 0.214 seconds
[2025-03-17T15:58:04.646+0000] {processor.py:186} INFO - Started process (PID=192) to work on /opt/airflow/dags/02_producer.py
[2025-03-17T15:58:04.646+0000] {processor.py:914} INFO - Processing file /opt/airflow/dags/02_producer.py for tasks to queue
[2025-03-17T15:58:04.648+0000] {logging_mixin.py:190} INFO - [2025-03-17T15:58:04.647+0000] {dagbag.py:588} INFO - Filling up the DagBag from /opt/airflow/dags/02_producer.py
[2025-03-17T15:58:04.663+0000] {processor.py:925} INFO - DAG(s) 'producer' retrieved from /opt/airflow/dags/02_producer.py
[2025-03-17T15:58:04.680+0000] {logging_mixin.py:190} INFO - [2025-03-17T15:58:04.680+0000] {dag.py:3239} INFO - Sync 1 DAGs
[2025-03-17T15:58:04.701+0000] {logging_mixin.py:190} INFO - [2025-03-17T15:58:04.701+0000] {dag.py:4180} INFO - Setting next_dagrun for producer to 2025-03-17 00:00:00+00:00, run_after=2025-03-18 00:00:00+00:00
[2025-03-17T15:58:04.723+0000] {processor.py:208} INFO - Processing /opt/airflow/dags/02_producer.py took 0.224 seconds
[2025-03-17T15:58:34.981+0000] {processor.py:186} INFO - Started process (PID=206) to work on /opt/airflow/dags/02_producer.py
[2025-03-17T15:58:34.982+0000] {processor.py:914} INFO - Processing file /opt/airflow/dags/02_producer.py for tasks to queue
[2025-03-17T15:58:34.984+0000] {logging_mixin.py:190} INFO - [2025-03-17T15:58:34.984+0000] {dagbag.py:588} INFO - Filling up the DagBag from /opt/airflow/dags/02_producer.py
[2025-03-17T15:58:35.000+0000] {processor.py:925} INFO - DAG(s) 'producer' retrieved from /opt/airflow/dags/02_producer.py
[2025-03-17T15:58:35.020+0000] {logging_mixin.py:190} INFO - [2025-03-17T15:58:35.019+0000] {dag.py:3239} INFO - Sync 1 DAGs
[2025-03-17T15:58:35.041+0000] {logging_mixin.py:190} INFO - [2025-03-17T15:58:35.041+0000] {dag.py:4180} INFO - Setting next_dagrun for producer to 2025-03-17 00:00:00+00:00, run_after=2025-03-18 00:00:00+00:00
[2025-03-17T15:58:35.062+0000] {processor.py:208} INFO - Processing /opt/airflow/dags/02_producer.py took 0.086 seconds
[2025-03-17T15:59:05.231+0000] {processor.py:186} INFO - Started process (PID=219) to work on /opt/airflow/dags/02_producer.py
[2025-03-17T15:59:05.232+0000] {processor.py:914} INFO - Processing file /opt/airflow/dags/02_producer.py for tasks to queue
[2025-03-17T15:59:05.234+0000] {logging_mixin.py:190} INFO - [2025-03-17T15:59:05.233+0000] {dagbag.py:588} INFO - Filling up the DagBag from /opt/airflow/dags/02_producer.py
[2025-03-17T15:59:05.251+0000] {processor.py:925} INFO - DAG(s) 'producer' retrieved from /opt/airflow/dags/02_producer.py
[2025-03-17T15:59:05.271+0000] {logging_mixin.py:190} INFO - [2025-03-17T15:59:05.271+0000] {dag.py:3239} INFO - Sync 1 DAGs
[2025-03-17T15:59:05.296+0000] {logging_mixin.py:190} INFO - [2025-03-17T15:59:05.296+0000] {dag.py:4180} INFO - Setting next_dagrun for producer to 2025-03-17 00:00:00+00:00, run_after=2025-03-18 00:00:00+00:00
[2025-03-17T15:59:05.319+0000] {processor.py:208} INFO - Processing /opt/airflow/dags/02_producer.py took 0.093 seconds
[2025-03-17T15:59:35.461+0000] {processor.py:186} INFO - Started process (PID=232) to work on /opt/airflow/dags/02_producer.py
[2025-03-17T15:59:35.462+0000] {processor.py:914} INFO - Processing file /opt/airflow/dags/02_producer.py for tasks to queue
[2025-03-17T15:59:35.464+0000] {logging_mixin.py:190} INFO - [2025-03-17T15:59:35.464+0000] {dagbag.py:588} INFO - Filling up the DagBag from /opt/airflow/dags/02_producer.py
[2025-03-17T15:59:35.480+0000] {processor.py:925} INFO - DAG(s) 'producer' retrieved from /opt/airflow/dags/02_producer.py
[2025-03-17T15:59:35.501+0000] {logging_mixin.py:190} INFO - [2025-03-17T15:59:35.500+0000] {dag.py:3239} INFO - Sync 1 DAGs
[2025-03-17T15:59:35.520+0000] {logging_mixin.py:190} INFO - [2025-03-17T15:59:35.520+0000] {dag.py:4180} INFO - Setting next_dagrun for producer to 2025-03-17 00:00:00+00:00, run_after=2025-03-18 00:00:00+00:00
[2025-03-17T15:59:35.540+0000] {processor.py:208} INFO - Processing /opt/airflow/dags/02_producer.py took 0.084 seconds
[2025-03-17T16:00:05.829+0000] {processor.py:186} INFO - Started process (PID=244) to work on /opt/airflow/dags/02_producer.py
[2025-03-17T16:00:05.830+0000] {processor.py:914} INFO - Processing file /opt/airflow/dags/02_producer.py for tasks to queue
[2025-03-17T16:00:05.832+0000] {logging_mixin.py:190} INFO - [2025-03-17T16:00:05.831+0000] {dagbag.py:588} INFO - Filling up the DagBag from /opt/airflow/dags/02_producer.py
[2025-03-17T16:00:05.848+0000] {processor.py:925} INFO - DAG(s) 'producer' retrieved from /opt/airflow/dags/02_producer.py
[2025-03-17T16:00:05.868+0000] {logging_mixin.py:190} INFO - [2025-03-17T16:00:05.868+0000] {dag.py:3239} INFO - Sync 1 DAGs
[2025-03-17T16:00:05.890+0000] {logging_mixin.py:190} INFO - [2025-03-17T16:00:05.889+0000] {dag.py:4180} INFO - Setting next_dagrun for producer to 2025-03-17 00:00:00+00:00, run_after=2025-03-18 00:00:00+00:00
[2025-03-17T16:00:05.909+0000] {processor.py:208} INFO - Processing /opt/airflow/dags/02_producer.py took 0.085 seconds
[2025-03-17T16:00:35.977+0000] {processor.py:186} INFO - Started process (PID=257) to work on /opt/airflow/dags/02_producer.py
[2025-03-17T16:00:35.978+0000] {processor.py:914} INFO - Processing file /opt/airflow/dags/02_producer.py for tasks to queue
[2025-03-17T16:00:35.980+0000] {logging_mixin.py:190} INFO - [2025-03-17T16:00:35.979+0000] {dagbag.py:588} INFO - Filling up the DagBag from /opt/airflow/dags/02_producer.py
[2025-03-17T16:00:35.996+0000] {processor.py:925} INFO - DAG(s) 'producer' retrieved from /opt/airflow/dags/02_producer.py
[2025-03-17T16:00:36.015+0000] {logging_mixin.py:190} INFO - [2025-03-17T16:00:36.015+0000] {dag.py:3239} INFO - Sync 1 DAGs
[2025-03-17T16:00:36.037+0000] {logging_mixin.py:190} INFO - [2025-03-17T16:00:36.037+0000] {dag.py:4180} INFO - Setting next_dagrun for producer to 2025-03-17 00:00:00+00:00, run_after=2025-03-18 00:00:00+00:00
[2025-03-17T16:00:36.057+0000] {processor.py:208} INFO - Processing /opt/airflow/dags/02_producer.py took 0.086 seconds
[2025-03-17T16:01:06.098+0000] {processor.py:186} INFO - Started process (PID=270) to work on /opt/airflow/dags/02_producer.py
[2025-03-17T16:01:06.099+0000] {processor.py:914} INFO - Processing file /opt/airflow/dags/02_producer.py for tasks to queue
[2025-03-17T16:01:06.101+0000] {logging_mixin.py:190} INFO - [2025-03-17T16:01:06.101+0000] {dagbag.py:588} INFO - Filling up the DagBag from /opt/airflow/dags/02_producer.py
[2025-03-17T16:01:06.118+0000] {processor.py:925} INFO - DAG(s) 'producer' retrieved from /opt/airflow/dags/02_producer.py
[2025-03-17T16:01:06.137+0000] {logging_mixin.py:190} INFO - [2025-03-17T16:01:06.136+0000] {dag.py:3239} INFO - Sync 1 DAGs
[2025-03-17T16:01:06.158+0000] {logging_mixin.py:190} INFO - [2025-03-17T16:01:06.157+0000] {dag.py:4180} INFO - Setting next_dagrun for producer to 2025-03-17 00:00:00+00:00, run_after=2025-03-18 00:00:00+00:00
[2025-03-17T16:01:06.180+0000] {processor.py:208} INFO - Processing /opt/airflow/dags/02_producer.py took 0.086 seconds
[2025-03-17T16:01:36.263+0000] {processor.py:186} INFO - Started process (PID=283) to work on /opt/airflow/dags/02_producer.py
[2025-03-17T16:01:36.264+0000] {processor.py:914} INFO - Processing file /opt/airflow/dags/02_producer.py for tasks to queue
[2025-03-17T16:01:36.267+0000] {logging_mixin.py:190} INFO - [2025-03-17T16:01:36.267+0000] {dagbag.py:588} INFO - Filling up the DagBag from /opt/airflow/dags/02_producer.py
[2025-03-17T16:01:36.284+0000] {processor.py:925} INFO - DAG(s) 'producer' retrieved from /opt/airflow/dags/02_producer.py
[2025-03-17T16:01:36.307+0000] {logging_mixin.py:190} INFO - [2025-03-17T16:01:36.307+0000] {dag.py:3239} INFO - Sync 1 DAGs
[2025-03-17T16:01:36.332+0000] {logging_mixin.py:190} INFO - [2025-03-17T16:01:36.331+0000] {dag.py:4180} INFO - Setting next_dagrun for producer to 2025-03-17 00:00:00+00:00, run_after=2025-03-18 00:00:00+00:00
[2025-03-17T16:01:36.354+0000] {processor.py:208} INFO - Processing /opt/airflow/dags/02_producer.py took 0.097 seconds
[2025-03-17T16:02:41.492+0000] {processor.py:186} INFO - Started process (PID=61) to work on /opt/airflow/dags/02_producer.py
[2025-03-17T16:02:41.493+0000] {processor.py:914} INFO - Processing file /opt/airflow/dags/02_producer.py for tasks to queue
[2025-03-17T16:02:41.496+0000] {logging_mixin.py:190} INFO - [2025-03-17T16:02:41.496+0000] {dagbag.py:588} INFO - Filling up the DagBag from /opt/airflow/dags/02_producer.py
[2025-03-17T16:02:41.515+0000] {processor.py:925} INFO - DAG(s) 'producer' retrieved from /opt/airflow/dags/02_producer.py
[2025-03-17T16:02:41.543+0000] {logging_mixin.py:190} INFO - [2025-03-17T16:02:41.543+0000] {dag.py:3239} INFO - Sync 1 DAGs
[2025-03-17T16:02:41.568+0000] {logging_mixin.py:190} INFO - [2025-03-17T16:02:41.568+0000] {dag.py:4180} INFO - Setting next_dagrun for producer to 2025-03-17 00:00:00+00:00, run_after=2025-03-18 00:00:00+00:00
[2025-03-17T16:02:41.591+0000] {processor.py:208} INFO - Processing /opt/airflow/dags/02_producer.py took 0.107 seconds
[2025-03-17T16:03:12.529+0000] {processor.py:186} INFO - Started process (PID=80) to work on /opt/airflow/dags/02_producer.py
[2025-03-17T16:03:12.529+0000] {processor.py:914} INFO - Processing file /opt/airflow/dags/02_producer.py for tasks to queue
[2025-03-17T16:03:12.532+0000] {logging_mixin.py:190} INFO - [2025-03-17T16:03:12.531+0000] {dagbag.py:588} INFO - Filling up the DagBag from /opt/airflow/dags/02_producer.py
[2025-03-17T16:03:12.552+0000] {processor.py:925} INFO - DAG(s) 'producer' retrieved from /opt/airflow/dags/02_producer.py
[2025-03-17T16:03:12.578+0000] {logging_mixin.py:190} INFO - [2025-03-17T16:03:12.577+0000] {dag.py:3239} INFO - Sync 1 DAGs
[2025-03-17T16:03:12.605+0000] {logging_mixin.py:190} INFO - [2025-03-17T16:03:12.605+0000] {dag.py:4180} INFO - Setting next_dagrun for producer to 2025-03-17 00:00:00+00:00, run_after=2025-03-18 00:00:00+00:00
[2025-03-17T16:03:12.627+0000] {processor.py:208} INFO - Processing /opt/airflow/dags/02_producer.py took 0.103 seconds
[2025-03-17T16:03:43.443+0000] {processor.py:186} INFO - Started process (PID=94) to work on /opt/airflow/dags/02_producer.py
[2025-03-17T16:03:43.443+0000] {processor.py:914} INFO - Processing file /opt/airflow/dags/02_producer.py for tasks to queue
[2025-03-17T16:03:43.445+0000] {logging_mixin.py:190} INFO - [2025-03-17T16:03:43.445+0000] {dagbag.py:588} INFO - Filling up the DagBag from /opt/airflow/dags/02_producer.py
[2025-03-17T16:03:43.464+0000] {processor.py:925} INFO - DAG(s) 'producer' retrieved from /opt/airflow/dags/02_producer.py
[2025-03-17T16:03:43.487+0000] {logging_mixin.py:190} INFO - [2025-03-17T16:03:43.487+0000] {dag.py:3239} INFO - Sync 1 DAGs
[2025-03-17T16:03:43.510+0000] {logging_mixin.py:190} INFO - [2025-03-17T16:03:43.510+0000] {dag.py:4180} INFO - Setting next_dagrun for producer to 2025-03-17 00:00:00+00:00, run_after=2025-03-18 00:00:00+00:00
[2025-03-17T16:03:43.532+0000] {processor.py:208} INFO - Processing /opt/airflow/dags/02_producer.py took 0.094 seconds
[2025-03-17T16:04:14.404+0000] {processor.py:186} INFO - Started process (PID=107) to work on /opt/airflow/dags/02_producer.py
[2025-03-17T16:04:14.405+0000] {processor.py:914} INFO - Processing file /opt/airflow/dags/02_producer.py for tasks to queue
[2025-03-17T16:04:14.407+0000] {logging_mixin.py:190} INFO - [2025-03-17T16:04:14.407+0000] {dagbag.py:588} INFO - Filling up the DagBag from /opt/airflow/dags/02_producer.py
[2025-03-17T16:04:14.424+0000] {processor.py:925} INFO - DAG(s) 'producer' retrieved from /opt/airflow/dags/02_producer.py
[2025-03-17T16:04:14.445+0000] {logging_mixin.py:190} INFO - [2025-03-17T16:04:14.445+0000] {dag.py:3239} INFO - Sync 1 DAGs
[2025-03-17T16:04:14.468+0000] {logging_mixin.py:190} INFO - [2025-03-17T16:04:14.467+0000] {dag.py:4180} INFO - Setting next_dagrun for producer to 2025-03-17 00:00:00+00:00, run_after=2025-03-18 00:00:00+00:00
[2025-03-17T16:04:14.491+0000] {processor.py:208} INFO - Processing /opt/airflow/dags/02_producer.py took 0.091 seconds
[2025-03-17T16:04:44.692+0000] {processor.py:186} INFO - Started process (PID=120) to work on /opt/airflow/dags/02_producer.py
[2025-03-17T16:04:44.692+0000] {processor.py:914} INFO - Processing file /opt/airflow/dags/02_producer.py for tasks to queue
[2025-03-17T16:04:44.694+0000] {logging_mixin.py:190} INFO - [2025-03-17T16:04:44.694+0000] {dagbag.py:588} INFO - Filling up the DagBag from /opt/airflow/dags/02_producer.py
[2025-03-17T16:04:44.713+0000] {processor.py:925} INFO - DAG(s) 'producer' retrieved from /opt/airflow/dags/02_producer.py
[2025-03-17T16:04:44.737+0000] {logging_mixin.py:190} INFO - [2025-03-17T16:04:44.737+0000] {dag.py:3239} INFO - Sync 1 DAGs
[2025-03-17T16:04:44.764+0000] {logging_mixin.py:190} INFO - [2025-03-17T16:04:44.764+0000] {dag.py:4180} INFO - Setting next_dagrun for producer to 2025-03-17 00:00:00+00:00, run_after=2025-03-18 00:00:00+00:00
[2025-03-17T16:04:44.786+0000] {processor.py:208} INFO - Processing /opt/airflow/dags/02_producer.py took 0.099 seconds
[2025-03-17T16:05:15.009+0000] {processor.py:186} INFO - Started process (PID=137) to work on /opt/airflow/dags/02_producer.py
[2025-03-17T16:05:15.010+0000] {processor.py:914} INFO - Processing file /opt/airflow/dags/02_producer.py for tasks to queue
[2025-03-17T16:05:15.013+0000] {logging_mixin.py:190} INFO - [2025-03-17T16:05:15.013+0000] {dagbag.py:588} INFO - Filling up the DagBag from /opt/airflow/dags/02_producer.py
[2025-03-17T16:05:15.036+0000] {processor.py:925} INFO - DAG(s) 'producer' retrieved from /opt/airflow/dags/02_producer.py
[2025-03-17T16:05:15.060+0000] {logging_mixin.py:190} INFO - [2025-03-17T16:05:15.060+0000] {dag.py:3239} INFO - Sync 1 DAGs
[2025-03-17T16:05:15.086+0000] {logging_mixin.py:190} INFO - [2025-03-17T16:05:15.086+0000] {dag.py:4180} INFO - Setting next_dagrun for producer to 2025-03-17 00:00:00+00:00, run_after=2025-03-18 00:00:00+00:00
[2025-03-17T16:05:15.110+0000] {processor.py:208} INFO - Processing /opt/airflow/dags/02_producer.py took 0.108 seconds
[2025-03-17T16:05:45.249+0000] {processor.py:186} INFO - Started process (PID=163) to work on /opt/airflow/dags/02_producer.py
[2025-03-17T16:05:45.250+0000] {processor.py:914} INFO - Processing file /opt/airflow/dags/02_producer.py for tasks to queue
[2025-03-17T16:05:45.253+0000] {logging_mixin.py:190} INFO - [2025-03-17T16:05:45.253+0000] {dagbag.py:588} INFO - Filling up the DagBag from /opt/airflow/dags/02_producer.py
[2025-03-17T16:05:45.273+0000] {processor.py:925} INFO - DAG(s) 'producer' retrieved from /opt/airflow/dags/02_producer.py
[2025-03-17T16:05:45.299+0000] {logging_mixin.py:190} INFO - [2025-03-17T16:05:45.299+0000] {dag.py:3239} INFO - Sync 1 DAGs
[2025-03-17T16:05:45.501+0000] {logging_mixin.py:190} INFO - [2025-03-17T16:05:45.500+0000] {dag.py:4180} INFO - Setting next_dagrun for producer to 2025-03-17 00:00:00+00:00, run_after=2025-03-18 00:00:00+00:00
[2025-03-17T16:05:45.521+0000] {processor.py:208} INFO - Processing /opt/airflow/dags/02_producer.py took 0.278 seconds
[2025-03-17T16:06:16.182+0000] {processor.py:186} INFO - Started process (PID=176) to work on /opt/airflow/dags/02_producer.py
[2025-03-17T16:06:16.183+0000] {processor.py:914} INFO - Processing file /opt/airflow/dags/02_producer.py for tasks to queue
[2025-03-17T16:06:16.186+0000] {logging_mixin.py:190} INFO - [2025-03-17T16:06:16.185+0000] {dagbag.py:588} INFO - Filling up the DagBag from /opt/airflow/dags/02_producer.py
[2025-03-17T16:06:16.206+0000] {processor.py:925} INFO - DAG(s) 'producer' retrieved from /opt/airflow/dags/02_producer.py
[2025-03-17T16:06:16.234+0000] {logging_mixin.py:190} INFO - [2025-03-17T16:06:16.233+0000] {dag.py:3239} INFO - Sync 1 DAGs
[2025-03-17T16:06:16.437+0000] {logging_mixin.py:190} INFO - [2025-03-17T16:06:16.437+0000] {dag.py:4180} INFO - Setting next_dagrun for producer to 2025-03-17 00:00:00+00:00, run_after=2025-03-18 00:00:00+00:00
[2025-03-17T16:06:16.455+0000] {processor.py:208} INFO - Processing /opt/airflow/dags/02_producer.py took 0.279 seconds
