[2025-03-17T15:28:00.145+0000] {processor.py:186} INFO - Started process (PID=64) to work on /opt/airflow/dags/03.1_consumer_2.0.py
[2025-03-17T15:28:00.146+0000] {processor.py:914} INFO - Processing file /opt/airflow/dags/03.1_consumer_2.0.py for tasks to queue
[2025-03-17T15:28:00.148+0000] {logging_mixin.py:190} INFO - [2025-03-17T15:28:00.148+0000] {dagbag.py:588} INFO - Filling up the DagBag from /opt/airflow/dags/03.1_consumer_2.0.py
[2025-03-17T15:28:00.168+0000] {processor.py:925} INFO - DAG(s) 'consumer2' retrieved from /opt/airflow/dags/03.1_consumer_2.0.py
[2025-03-17T15:28:00.279+0000] {logging_mixin.py:190} INFO - [2025-03-17T15:28:00.278+0000] {override.py:1911} INFO - Created Permission View: can read on DAG:consumer2
[2025-03-17T15:28:00.289+0000] {logging_mixin.py:190} INFO - [2025-03-17T15:28:00.289+0000] {override.py:1911} INFO - Created Permission View: can edit on DAG:consumer2
[2025-03-17T15:28:00.295+0000] {logging_mixin.py:190} INFO - [2025-03-17T15:28:00.294+0000] {override.py:1911} INFO - Created Permission View: can delete on DAG:consumer2
[2025-03-17T15:28:00.301+0000] {logging_mixin.py:190} INFO - [2025-03-17T15:28:00.301+0000] {override.py:1911} INFO - Created Permission View: can read on DAG Run:consumer2
[2025-03-17T15:28:00.307+0000] {logging_mixin.py:190} INFO - [2025-03-17T15:28:00.307+0000] {override.py:1911} INFO - Created Permission View: menu access on DAG Run:consumer2
[2025-03-17T15:28:00.313+0000] {logging_mixin.py:190} INFO - [2025-03-17T15:28:00.312+0000] {override.py:1911} INFO - Created Permission View: can create on DAG Run:consumer2
[2025-03-17T15:28:00.318+0000] {logging_mixin.py:190} INFO - [2025-03-17T15:28:00.318+0000] {override.py:1911} INFO - Created Permission View: can delete on DAG Run:consumer2
[2025-03-17T15:28:00.319+0000] {logging_mixin.py:190} INFO - [2025-03-17T15:28:00.319+0000] {dag.py:3239} INFO - Sync 1 DAGs
[2025-03-17T15:28:00.331+0000] {logging_mixin.py:190} INFO - [2025-03-17T15:28:00.331+0000] {dag.py:3262} INFO - Creating ORM DAG for consumer2
[2025-03-17T15:28:00.340+0000] {logging_mixin.py:190} INFO - [2025-03-17T15:28:00.340+0000] {dag.py:4180} INFO - Setting next_dagrun for consumer2 to None, run_after=None
[2025-03-17T15:28:00.365+0000] {processor.py:208} INFO - Processing /opt/airflow/dags/03.1_consumer_2.0.py took 0.224 seconds
[2025-03-17T15:28:31.354+0000] {processor.py:186} INFO - Started process (PID=83) to work on /opt/airflow/dags/03.1_consumer_2.0.py
[2025-03-17T15:28:31.355+0000] {processor.py:914} INFO - Processing file /opt/airflow/dags/03.1_consumer_2.0.py for tasks to queue
[2025-03-17T15:28:31.358+0000] {logging_mixin.py:190} INFO - [2025-03-17T15:28:31.357+0000] {dagbag.py:588} INFO - Filling up the DagBag from /opt/airflow/dags/03.1_consumer_2.0.py
[2025-03-17T15:28:31.373+0000] {processor.py:925} INFO - DAG(s) 'consumer2' retrieved from /opt/airflow/dags/03.1_consumer_2.0.py
[2025-03-17T15:28:31.397+0000] {logging_mixin.py:190} INFO - [2025-03-17T15:28:31.397+0000] {dag.py:3239} INFO - Sync 1 DAGs
[2025-03-17T15:28:31.422+0000] {logging_mixin.py:190} INFO - [2025-03-17T15:28:31.422+0000] {dag.py:4180} INFO - Setting next_dagrun for consumer2 to None, run_after=None
[2025-03-17T15:28:31.458+0000] {processor.py:208} INFO - Processing /opt/airflow/dags/03.1_consumer_2.0.py took 0.109 seconds
[2025-03-17T15:29:01.872+0000] {processor.py:186} INFO - Started process (PID=100) to work on /opt/airflow/dags/03.1_consumer_2.0.py
[2025-03-17T15:29:01.873+0000] {processor.py:914} INFO - Processing file /opt/airflow/dags/03.1_consumer_2.0.py for tasks to queue
[2025-03-17T15:29:01.876+0000] {logging_mixin.py:190} INFO - [2025-03-17T15:29:01.876+0000] {dagbag.py:588} INFO - Filling up the DagBag from /opt/airflow/dags/03.1_consumer_2.0.py
[2025-03-17T15:29:01.894+0000] {processor.py:925} INFO - DAG(s) 'consumer2' retrieved from /opt/airflow/dags/03.1_consumer_2.0.py
[2025-03-17T15:29:01.921+0000] {logging_mixin.py:190} INFO - [2025-03-17T15:29:01.920+0000] {dag.py:3239} INFO - Sync 1 DAGs
[2025-03-17T15:29:01.947+0000] {logging_mixin.py:190} INFO - [2025-03-17T15:29:01.947+0000] {dag.py:4180} INFO - Setting next_dagrun for consumer2 to None, run_after=None
[2025-03-17T15:29:01.973+0000] {processor.py:208} INFO - Processing /opt/airflow/dags/03.1_consumer_2.0.py took 0.108 seconds
[2025-03-17T15:29:32.318+0000] {processor.py:186} INFO - Started process (PID=117) to work on /opt/airflow/dags/03.1_consumer_2.0.py
[2025-03-17T15:29:32.318+0000] {processor.py:914} INFO - Processing file /opt/airflow/dags/03.1_consumer_2.0.py for tasks to queue
[2025-03-17T15:29:32.320+0000] {logging_mixin.py:190} INFO - [2025-03-17T15:29:32.320+0000] {dagbag.py:588} INFO - Filling up the DagBag from /opt/airflow/dags/03.1_consumer_2.0.py
[2025-03-17T15:29:32.333+0000] {processor.py:925} INFO - DAG(s) 'consumer2' retrieved from /opt/airflow/dags/03.1_consumer_2.0.py
[2025-03-17T15:29:32.351+0000] {logging_mixin.py:190} INFO - [2025-03-17T15:29:32.351+0000] {dag.py:3239} INFO - Sync 1 DAGs
[2025-03-17T15:29:32.372+0000] {logging_mixin.py:190} INFO - [2025-03-17T15:29:32.372+0000] {dag.py:4180} INFO - Setting next_dagrun for consumer2 to None, run_after=None
[2025-03-17T15:29:32.392+0000] {processor.py:208} INFO - Processing /opt/airflow/dags/03.1_consumer_2.0.py took 0.079 seconds
[2025-03-17T15:30:02.554+0000] {processor.py:186} INFO - Started process (PID=130) to work on /opt/airflow/dags/03.1_consumer_2.0.py
[2025-03-17T15:30:02.555+0000] {processor.py:914} INFO - Processing file /opt/airflow/dags/03.1_consumer_2.0.py for tasks to queue
[2025-03-17T15:30:02.558+0000] {logging_mixin.py:190} INFO - [2025-03-17T15:30:02.557+0000] {dagbag.py:588} INFO - Filling up the DagBag from /opt/airflow/dags/03.1_consumer_2.0.py
[2025-03-17T15:30:02.572+0000] {processor.py:925} INFO - DAG(s) 'consumer2' retrieved from /opt/airflow/dags/03.1_consumer_2.0.py
[2025-03-17T15:30:02.594+0000] {logging_mixin.py:190} INFO - [2025-03-17T15:30:02.594+0000] {dag.py:3239} INFO - Sync 1 DAGs
[2025-03-17T15:30:02.617+0000] {logging_mixin.py:190} INFO - [2025-03-17T15:30:02.617+0000] {dag.py:4180} INFO - Setting next_dagrun for consumer2 to None, run_after=None
[2025-03-17T15:30:02.640+0000] {processor.py:208} INFO - Processing /opt/airflow/dags/03.1_consumer_2.0.py took 0.091 seconds
[2025-03-17T15:31:11.638+0000] {processor.py:186} INFO - Started process (PID=56) to work on /opt/airflow/dags/03.1_consumer_2.0.py
[2025-03-17T15:31:11.639+0000] {processor.py:914} INFO - Processing file /opt/airflow/dags/03.1_consumer_2.0.py for tasks to queue
[2025-03-17T15:31:11.641+0000] {logging_mixin.py:190} INFO - [2025-03-17T15:31:11.641+0000] {dagbag.py:588} INFO - Filling up the DagBag from /opt/airflow/dags/03.1_consumer_2.0.py
[2025-03-17T15:31:11.657+0000] {processor.py:925} INFO - DAG(s) 'consumer2' retrieved from /opt/airflow/dags/03.1_consumer_2.0.py
[2025-03-17T15:31:11.680+0000] {logging_mixin.py:190} INFO - [2025-03-17T15:31:11.680+0000] {dag.py:3239} INFO - Sync 1 DAGs
[2025-03-17T15:31:11.703+0000] {logging_mixin.py:190} INFO - [2025-03-17T15:31:11.703+0000] {dag.py:4180} INFO - Setting next_dagrun for consumer2 to None, run_after=None
[2025-03-17T15:31:11.726+0000] {processor.py:208} INFO - Processing /opt/airflow/dags/03.1_consumer_2.0.py took 0.095 seconds
[2025-03-17T15:31:41.966+0000] {processor.py:186} INFO - Started process (PID=75) to work on /opt/airflow/dags/03.1_consumer_2.0.py
[2025-03-17T15:31:41.967+0000] {processor.py:914} INFO - Processing file /opt/airflow/dags/03.1_consumer_2.0.py for tasks to queue
[2025-03-17T15:31:41.968+0000] {logging_mixin.py:190} INFO - [2025-03-17T15:31:41.968+0000] {dagbag.py:588} INFO - Filling up the DagBag from /opt/airflow/dags/03.1_consumer_2.0.py
[2025-03-17T15:31:41.983+0000] {processor.py:925} INFO - DAG(s) 'consumer2' retrieved from /opt/airflow/dags/03.1_consumer_2.0.py
[2025-03-17T15:31:42.001+0000] {logging_mixin.py:190} INFO - [2025-03-17T15:31:42.001+0000] {dag.py:3239} INFO - Sync 1 DAGs
[2025-03-17T15:31:42.022+0000] {logging_mixin.py:190} INFO - [2025-03-17T15:31:42.022+0000] {dag.py:4180} INFO - Setting next_dagrun for consumer2 to None, run_after=None
[2025-03-17T15:31:42.170+0000] {processor.py:208} INFO - Processing /opt/airflow/dags/03.1_consumer_2.0.py took 0.209 seconds
[2025-03-17T15:32:12.907+0000] {processor.py:186} INFO - Started process (PID=88) to work on /opt/airflow/dags/03.1_consumer_2.0.py
[2025-03-17T15:32:12.908+0000] {processor.py:914} INFO - Processing file /opt/airflow/dags/03.1_consumer_2.0.py for tasks to queue
[2025-03-17T15:32:12.911+0000] {logging_mixin.py:190} INFO - [2025-03-17T15:32:12.910+0000] {dagbag.py:588} INFO - Filling up the DagBag from /opt/airflow/dags/03.1_consumer_2.0.py
[2025-03-17T15:32:12.925+0000] {processor.py:925} INFO - DAG(s) 'consumer2' retrieved from /opt/airflow/dags/03.1_consumer_2.0.py
[2025-03-17T15:32:12.945+0000] {logging_mixin.py:190} INFO - [2025-03-17T15:32:12.945+0000] {dag.py:3239} INFO - Sync 1 DAGs
[2025-03-17T15:32:13.086+0000] {logging_mixin.py:190} INFO - [2025-03-17T15:32:13.085+0000] {dag.py:4180} INFO - Setting next_dagrun for consumer2 to None, run_after=None
[2025-03-17T15:32:13.108+0000] {processor.py:208} INFO - Processing /opt/airflow/dags/03.1_consumer_2.0.py took 0.205 seconds
[2025-03-17T15:32:43.258+0000] {processor.py:186} INFO - Started process (PID=104) to work on /opt/airflow/dags/03.1_consumer_2.0.py
[2025-03-17T15:32:43.259+0000] {processor.py:914} INFO - Processing file /opt/airflow/dags/03.1_consumer_2.0.py for tasks to queue
[2025-03-17T15:32:43.261+0000] {logging_mixin.py:190} INFO - [2025-03-17T15:32:43.261+0000] {dagbag.py:588} INFO - Filling up the DagBag from /opt/airflow/dags/03.1_consumer_2.0.py
[2025-03-17T15:32:43.275+0000] {processor.py:925} INFO - DAG(s) 'consumer2' retrieved from /opt/airflow/dags/03.1_consumer_2.0.py
[2025-03-17T15:32:43.449+0000] {logging_mixin.py:190} INFO - [2025-03-17T15:32:43.449+0000] {dag.py:3239} INFO - Sync 1 DAGs
[2025-03-17T15:32:43.469+0000] {logging_mixin.py:190} INFO - [2025-03-17T15:32:43.469+0000] {dag.py:4180} INFO - Setting next_dagrun for consumer2 to None, run_after=None
[2025-03-17T15:32:43.491+0000] {processor.py:208} INFO - Processing /opt/airflow/dags/03.1_consumer_2.0.py took 0.238 seconds
[2025-03-17T15:33:13.612+0000] {processor.py:186} INFO - Started process (PID=117) to work on /opt/airflow/dags/03.1_consumer_2.0.py
[2025-03-17T15:33:13.612+0000] {processor.py:914} INFO - Processing file /opt/airflow/dags/03.1_consumer_2.0.py for tasks to queue
[2025-03-17T15:33:13.614+0000] {logging_mixin.py:190} INFO - [2025-03-17T15:33:13.614+0000] {dagbag.py:588} INFO - Filling up the DagBag from /opt/airflow/dags/03.1_consumer_2.0.py
[2025-03-17T15:33:13.626+0000] {processor.py:925} INFO - DAG(s) 'consumer2' retrieved from /opt/airflow/dags/03.1_consumer_2.0.py
[2025-03-17T15:33:13.647+0000] {logging_mixin.py:190} INFO - [2025-03-17T15:33:13.647+0000] {dag.py:3239} INFO - Sync 1 DAGs
[2025-03-17T15:33:13.668+0000] {logging_mixin.py:190} INFO - [2025-03-17T15:33:13.668+0000] {dag.py:4180} INFO - Setting next_dagrun for consumer2 to None, run_after=None
[2025-03-17T15:33:13.689+0000] {processor.py:208} INFO - Processing /opt/airflow/dags/03.1_consumer_2.0.py took 0.081 seconds
[2025-03-17T15:33:44.303+0000] {processor.py:186} INFO - Started process (PID=130) to work on /opt/airflow/dags/03.1_consumer_2.0.py
[2025-03-17T15:33:44.304+0000] {processor.py:914} INFO - Processing file /opt/airflow/dags/03.1_consumer_2.0.py for tasks to queue
[2025-03-17T15:33:44.306+0000] {logging_mixin.py:190} INFO - [2025-03-17T15:33:44.305+0000] {dagbag.py:588} INFO - Filling up the DagBag from /opt/airflow/dags/03.1_consumer_2.0.py
[2025-03-17T15:33:44.320+0000] {processor.py:925} INFO - DAG(s) 'consumer2' retrieved from /opt/airflow/dags/03.1_consumer_2.0.py
[2025-03-17T15:33:44.340+0000] {logging_mixin.py:190} INFO - [2025-03-17T15:33:44.340+0000] {dag.py:3239} INFO - Sync 1 DAGs
[2025-03-17T15:33:44.360+0000] {logging_mixin.py:190} INFO - [2025-03-17T15:33:44.359+0000] {dag.py:4180} INFO - Setting next_dagrun for consumer2 to None, run_after=None
[2025-03-17T15:33:44.381+0000] {processor.py:208} INFO - Processing /opt/airflow/dags/03.1_consumer_2.0.py took 0.083 seconds
[2025-03-17T15:34:14.645+0000] {processor.py:186} INFO - Started process (PID=140) to work on /opt/airflow/dags/03.1_consumer_2.0.py
[2025-03-17T15:34:14.646+0000] {processor.py:914} INFO - Processing file /opt/airflow/dags/03.1_consumer_2.0.py for tasks to queue
[2025-03-17T15:34:14.648+0000] {logging_mixin.py:190} INFO - [2025-03-17T15:34:14.648+0000] {dagbag.py:588} INFO - Filling up the DagBag from /opt/airflow/dags/03.1_consumer_2.0.py
[2025-03-17T15:34:14.663+0000] {processor.py:925} INFO - DAG(s) 'consumer2' retrieved from /opt/airflow/dags/03.1_consumer_2.0.py
[2025-03-17T15:34:14.684+0000] {logging_mixin.py:190} INFO - [2025-03-17T15:34:14.684+0000] {dag.py:3239} INFO - Sync 1 DAGs
[2025-03-17T15:34:14.706+0000] {logging_mixin.py:190} INFO - [2025-03-17T15:34:14.705+0000] {dag.py:4180} INFO - Setting next_dagrun for consumer2 to None, run_after=None
[2025-03-17T15:34:14.726+0000] {processor.py:208} INFO - Processing /opt/airflow/dags/03.1_consumer_2.0.py took 0.087 seconds
[2025-03-17T15:34:44.866+0000] {processor.py:186} INFO - Started process (PID=153) to work on /opt/airflow/dags/03.1_consumer_2.0.py
[2025-03-17T15:34:44.867+0000] {processor.py:914} INFO - Processing file /opt/airflow/dags/03.1_consumer_2.0.py for tasks to queue
[2025-03-17T15:34:44.869+0000] {logging_mixin.py:190} INFO - [2025-03-17T15:34:44.869+0000] {dagbag.py:588} INFO - Filling up the DagBag from /opt/airflow/dags/03.1_consumer_2.0.py
[2025-03-17T15:34:44.884+0000] {processor.py:925} INFO - DAG(s) 'consumer2' retrieved from /opt/airflow/dags/03.1_consumer_2.0.py
[2025-03-17T15:34:44.904+0000] {logging_mixin.py:190} INFO - [2025-03-17T15:34:44.904+0000] {dag.py:3239} INFO - Sync 1 DAGs
[2025-03-17T15:34:44.924+0000] {logging_mixin.py:190} INFO - [2025-03-17T15:34:44.923+0000] {dag.py:4180} INFO - Setting next_dagrun for consumer2 to None, run_after=None
[2025-03-17T15:34:44.946+0000] {processor.py:208} INFO - Processing /opt/airflow/dags/03.1_consumer_2.0.py took 0.085 seconds
[2025-03-17T15:35:15.196+0000] {processor.py:186} INFO - Started process (PID=166) to work on /opt/airflow/dags/03.1_consumer_2.0.py
[2025-03-17T15:35:15.197+0000] {processor.py:914} INFO - Processing file /opt/airflow/dags/03.1_consumer_2.0.py for tasks to queue
[2025-03-17T15:35:15.200+0000] {logging_mixin.py:190} INFO - [2025-03-17T15:35:15.200+0000] {dagbag.py:588} INFO - Filling up the DagBag from /opt/airflow/dags/03.1_consumer_2.0.py
[2025-03-17T15:35:15.214+0000] {processor.py:925} INFO - DAG(s) 'consumer2' retrieved from /opt/airflow/dags/03.1_consumer_2.0.py
[2025-03-17T15:35:15.235+0000] {logging_mixin.py:190} INFO - [2025-03-17T15:35:15.234+0000] {dag.py:3239} INFO - Sync 1 DAGs
[2025-03-17T15:35:15.255+0000] {logging_mixin.py:190} INFO - [2025-03-17T15:35:15.255+0000] {dag.py:4180} INFO - Setting next_dagrun for consumer2 to None, run_after=None
[2025-03-17T15:35:15.275+0000] {processor.py:208} INFO - Processing /opt/airflow/dags/03.1_consumer_2.0.py took 0.084 seconds
[2025-03-17T15:35:45.697+0000] {processor.py:186} INFO - Started process (PID=179) to work on /opt/airflow/dags/03.1_consumer_2.0.py
[2025-03-17T15:35:45.698+0000] {processor.py:914} INFO - Processing file /opt/airflow/dags/03.1_consumer_2.0.py for tasks to queue
[2025-03-17T15:35:45.700+0000] {logging_mixin.py:190} INFO - [2025-03-17T15:35:45.699+0000] {dagbag.py:588} INFO - Filling up the DagBag from /opt/airflow/dags/03.1_consumer_2.0.py
[2025-03-17T15:35:45.714+0000] {processor.py:925} INFO - DAG(s) 'consumer2' retrieved from /opt/airflow/dags/03.1_consumer_2.0.py
[2025-03-17T15:35:45.733+0000] {logging_mixin.py:190} INFO - [2025-03-17T15:35:45.733+0000] {dag.py:3239} INFO - Sync 1 DAGs
[2025-03-17T15:35:45.751+0000] {logging_mixin.py:190} INFO - [2025-03-17T15:35:45.751+0000] {dag.py:4180} INFO - Setting next_dagrun for consumer2 to None, run_after=None
[2025-03-17T15:35:45.770+0000] {processor.py:208} INFO - Processing /opt/airflow/dags/03.1_consumer_2.0.py took 0.077 seconds
[2025-03-17T15:36:16.152+0000] {processor.py:186} INFO - Started process (PID=192) to work on /opt/airflow/dags/03.1_consumer_2.0.py
[2025-03-17T15:36:16.153+0000] {processor.py:914} INFO - Processing file /opt/airflow/dags/03.1_consumer_2.0.py for tasks to queue
[2025-03-17T15:36:16.155+0000] {logging_mixin.py:190} INFO - [2025-03-17T15:36:16.154+0000] {dagbag.py:588} INFO - Filling up the DagBag from /opt/airflow/dags/03.1_consumer_2.0.py
[2025-03-17T15:36:16.169+0000] {processor.py:925} INFO - DAG(s) 'consumer2' retrieved from /opt/airflow/dags/03.1_consumer_2.0.py
[2025-03-17T15:36:16.189+0000] {logging_mixin.py:190} INFO - [2025-03-17T15:36:16.189+0000] {dag.py:3239} INFO - Sync 1 DAGs
[2025-03-17T15:36:16.209+0000] {logging_mixin.py:190} INFO - [2025-03-17T15:36:16.208+0000] {dag.py:4180} INFO - Setting next_dagrun for consumer2 to None, run_after=None
[2025-03-17T15:36:16.230+0000] {processor.py:208} INFO - Processing /opt/airflow/dags/03.1_consumer_2.0.py took 0.084 seconds
[2025-03-17T15:36:46.816+0000] {processor.py:186} INFO - Started process (PID=211) to work on /opt/airflow/dags/03.1_consumer_2.0.py
[2025-03-17T15:36:46.817+0000] {processor.py:914} INFO - Processing file /opt/airflow/dags/03.1_consumer_2.0.py for tasks to queue
[2025-03-17T15:36:46.819+0000] {logging_mixin.py:190} INFO - [2025-03-17T15:36:46.819+0000] {dagbag.py:588} INFO - Filling up the DagBag from /opt/airflow/dags/03.1_consumer_2.0.py
[2025-03-17T15:36:46.834+0000] {processor.py:925} INFO - DAG(s) 'consumer2' retrieved from /opt/airflow/dags/03.1_consumer_2.0.py
[2025-03-17T15:36:46.854+0000] {logging_mixin.py:190} INFO - [2025-03-17T15:36:46.854+0000] {dag.py:3239} INFO - Sync 1 DAGs
[2025-03-17T15:36:46.874+0000] {logging_mixin.py:190} INFO - [2025-03-17T15:36:46.874+0000] {dag.py:4180} INFO - Setting next_dagrun for consumer2 to None, run_after=None
[2025-03-17T15:36:46.896+0000] {processor.py:208} INFO - Processing /opt/airflow/dags/03.1_consumer_2.0.py took 0.085 seconds
[2025-03-17T15:37:17.848+0000] {processor.py:186} INFO - Started process (PID=224) to work on /opt/airflow/dags/03.1_consumer_2.0.py
[2025-03-17T15:37:17.849+0000] {processor.py:914} INFO - Processing file /opt/airflow/dags/03.1_consumer_2.0.py for tasks to queue
[2025-03-17T15:37:17.851+0000] {logging_mixin.py:190} INFO - [2025-03-17T15:37:17.850+0000] {dagbag.py:588} INFO - Filling up the DagBag from /opt/airflow/dags/03.1_consumer_2.0.py
[2025-03-17T15:37:17.864+0000] {processor.py:925} INFO - DAG(s) 'consumer2' retrieved from /opt/airflow/dags/03.1_consumer_2.0.py
[2025-03-17T15:37:17.884+0000] {logging_mixin.py:190} INFO - [2025-03-17T15:37:17.884+0000] {dag.py:3239} INFO - Sync 1 DAGs
[2025-03-17T15:37:17.906+0000] {logging_mixin.py:190} INFO - [2025-03-17T15:37:17.905+0000] {dag.py:4180} INFO - Setting next_dagrun for consumer2 to None, run_after=None
[2025-03-17T15:37:17.930+0000] {processor.py:208} INFO - Processing /opt/airflow/dags/03.1_consumer_2.0.py took 0.088 seconds
[2025-03-17T15:37:48.346+0000] {processor.py:186} INFO - Started process (PID=237) to work on /opt/airflow/dags/03.1_consumer_2.0.py
[2025-03-17T15:37:48.347+0000] {processor.py:914} INFO - Processing file /opt/airflow/dags/03.1_consumer_2.0.py for tasks to queue
[2025-03-17T15:37:48.349+0000] {logging_mixin.py:190} INFO - [2025-03-17T15:37:48.348+0000] {dagbag.py:588} INFO - Filling up the DagBag from /opt/airflow/dags/03.1_consumer_2.0.py
[2025-03-17T15:37:48.362+0000] {processor.py:925} INFO - DAG(s) 'consumer2' retrieved from /opt/airflow/dags/03.1_consumer_2.0.py
[2025-03-17T15:37:48.381+0000] {logging_mixin.py:190} INFO - [2025-03-17T15:37:48.380+0000] {dag.py:3239} INFO - Sync 1 DAGs
[2025-03-17T15:37:48.399+0000] {logging_mixin.py:190} INFO - [2025-03-17T15:37:48.399+0000] {dag.py:4180} INFO - Setting next_dagrun for consumer2 to None, run_after=None
[2025-03-17T15:37:48.417+0000] {processor.py:208} INFO - Processing /opt/airflow/dags/03.1_consumer_2.0.py took 0.076 seconds
[2025-03-17T15:38:18.730+0000] {processor.py:186} INFO - Started process (PID=250) to work on /opt/airflow/dags/03.1_consumer_2.0.py
[2025-03-17T15:38:18.731+0000] {processor.py:914} INFO - Processing file /opt/airflow/dags/03.1_consumer_2.0.py for tasks to queue
[2025-03-17T15:38:18.734+0000] {logging_mixin.py:190} INFO - [2025-03-17T15:38:18.733+0000] {dagbag.py:588} INFO - Filling up the DagBag from /opt/airflow/dags/03.1_consumer_2.0.py
[2025-03-17T15:38:18.747+0000] {processor.py:925} INFO - DAG(s) 'consumer2' retrieved from /opt/airflow/dags/03.1_consumer_2.0.py
[2025-03-17T15:38:18.766+0000] {logging_mixin.py:190} INFO - [2025-03-17T15:38:18.766+0000] {dag.py:3239} INFO - Sync 1 DAGs
[2025-03-17T15:38:18.786+0000] {logging_mixin.py:190} INFO - [2025-03-17T15:38:18.786+0000] {dag.py:4180} INFO - Setting next_dagrun for consumer2 to None, run_after=None
[2025-03-17T15:38:18.805+0000] {processor.py:208} INFO - Processing /opt/airflow/dags/03.1_consumer_2.0.py took 0.079 seconds
[2025-03-17T15:38:49.257+0000] {processor.py:186} INFO - Started process (PID=263) to work on /opt/airflow/dags/03.1_consumer_2.0.py
[2025-03-17T15:38:49.258+0000] {processor.py:914} INFO - Processing file /opt/airflow/dags/03.1_consumer_2.0.py for tasks to queue
[2025-03-17T15:38:49.260+0000] {logging_mixin.py:190} INFO - [2025-03-17T15:38:49.259+0000] {dagbag.py:588} INFO - Filling up the DagBag from /opt/airflow/dags/03.1_consumer_2.0.py
[2025-03-17T15:38:49.279+0000] {processor.py:925} INFO - DAG(s) 'consumer2' retrieved from /opt/airflow/dags/03.1_consumer_2.0.py
[2025-03-17T15:38:49.298+0000] {logging_mixin.py:190} INFO - [2025-03-17T15:38:49.298+0000] {dag.py:3239} INFO - Sync 1 DAGs
[2025-03-17T15:38:49.317+0000] {logging_mixin.py:190} INFO - [2025-03-17T15:38:49.317+0000] {dag.py:4180} INFO - Setting next_dagrun for consumer2 to None, run_after=None
[2025-03-17T15:38:49.338+0000] {processor.py:208} INFO - Processing /opt/airflow/dags/03.1_consumer_2.0.py took 0.086 seconds
[2025-03-17T15:39:19.488+0000] {processor.py:186} INFO - Started process (PID=276) to work on /opt/airflow/dags/03.1_consumer_2.0.py
[2025-03-17T15:39:19.489+0000] {processor.py:914} INFO - Processing file /opt/airflow/dags/03.1_consumer_2.0.py for tasks to queue
[2025-03-17T15:39:19.492+0000] {logging_mixin.py:190} INFO - [2025-03-17T15:39:19.492+0000] {dagbag.py:588} INFO - Filling up the DagBag from /opt/airflow/dags/03.1_consumer_2.0.py
[2025-03-17T15:39:19.506+0000] {processor.py:925} INFO - DAG(s) 'consumer2' retrieved from /opt/airflow/dags/03.1_consumer_2.0.py
[2025-03-17T15:39:19.528+0000] {logging_mixin.py:190} INFO - [2025-03-17T15:39:19.528+0000] {dag.py:3239} INFO - Sync 1 DAGs
[2025-03-17T15:39:19.550+0000] {logging_mixin.py:190} INFO - [2025-03-17T15:39:19.550+0000] {dag.py:4180} INFO - Setting next_dagrun for consumer2 to None, run_after=None
[2025-03-17T15:39:19.570+0000] {processor.py:208} INFO - Processing /opt/airflow/dags/03.1_consumer_2.0.py took 0.087 seconds
[2025-03-17T15:39:50.391+0000] {processor.py:186} INFO - Started process (PID=289) to work on /opt/airflow/dags/03.1_consumer_2.0.py
[2025-03-17T15:39:50.392+0000] {processor.py:914} INFO - Processing file /opt/airflow/dags/03.1_consumer_2.0.py for tasks to queue
[2025-03-17T15:39:50.394+0000] {logging_mixin.py:190} INFO - [2025-03-17T15:39:50.394+0000] {dagbag.py:588} INFO - Filling up the DagBag from /opt/airflow/dags/03.1_consumer_2.0.py
[2025-03-17T15:39:50.410+0000] {processor.py:925} INFO - DAG(s) 'consumer2' retrieved from /opt/airflow/dags/03.1_consumer_2.0.py
[2025-03-17T15:39:50.432+0000] {logging_mixin.py:190} INFO - [2025-03-17T15:39:50.432+0000] {dag.py:3239} INFO - Sync 1 DAGs
[2025-03-17T15:39:50.457+0000] {logging_mixin.py:190} INFO - [2025-03-17T15:39:50.456+0000] {dag.py:4180} INFO - Setting next_dagrun for consumer2 to None, run_after=None
[2025-03-17T15:39:50.478+0000] {processor.py:208} INFO - Processing /opt/airflow/dags/03.1_consumer_2.0.py took 0.093 seconds
[2025-03-17T15:40:20.662+0000] {processor.py:186} INFO - Started process (PID=302) to work on /opt/airflow/dags/03.1_consumer_2.0.py
[2025-03-17T15:40:20.663+0000] {processor.py:914} INFO - Processing file /opt/airflow/dags/03.1_consumer_2.0.py for tasks to queue
[2025-03-17T15:40:20.666+0000] {logging_mixin.py:190} INFO - [2025-03-17T15:40:20.665+0000] {dagbag.py:588} INFO - Filling up the DagBag from /opt/airflow/dags/03.1_consumer_2.0.py
[2025-03-17T15:40:20.679+0000] {processor.py:925} INFO - DAG(s) 'consumer2' retrieved from /opt/airflow/dags/03.1_consumer_2.0.py
[2025-03-17T15:40:20.700+0000] {logging_mixin.py:190} INFO - [2025-03-17T15:40:20.700+0000] {dag.py:3239} INFO - Sync 1 DAGs
[2025-03-17T15:40:20.720+0000] {logging_mixin.py:190} INFO - [2025-03-17T15:40:20.720+0000] {dag.py:4180} INFO - Setting next_dagrun for consumer2 to None, run_after=None
[2025-03-17T15:40:20.741+0000] {processor.py:208} INFO - Processing /opt/airflow/dags/03.1_consumer_2.0.py took 0.083 seconds
[2025-03-17T15:40:51.636+0000] {processor.py:186} INFO - Started process (PID=321) to work on /opt/airflow/dags/03.1_consumer_2.0.py
[2025-03-17T15:40:51.637+0000] {processor.py:914} INFO - Processing file /opt/airflow/dags/03.1_consumer_2.0.py for tasks to queue
[2025-03-17T15:40:51.638+0000] {logging_mixin.py:190} INFO - [2025-03-17T15:40:51.638+0000] {dagbag.py:588} INFO - Filling up the DagBag from /opt/airflow/dags/03.1_consumer_2.0.py
[2025-03-17T15:40:51.653+0000] {processor.py:925} INFO - DAG(s) 'consumer2' retrieved from /opt/airflow/dags/03.1_consumer_2.0.py
[2025-03-17T15:40:51.672+0000] {logging_mixin.py:190} INFO - [2025-03-17T15:40:51.672+0000] {dag.py:3239} INFO - Sync 1 DAGs
[2025-03-17T15:40:51.691+0000] {logging_mixin.py:190} INFO - [2025-03-17T15:40:51.691+0000] {dag.py:4180} INFO - Setting next_dagrun for consumer2 to None, run_after=None
[2025-03-17T15:40:51.711+0000] {processor.py:208} INFO - Processing /opt/airflow/dags/03.1_consumer_2.0.py took 0.080 seconds
[2025-03-17T15:41:22.335+0000] {processor.py:186} INFO - Started process (PID=334) to work on /opt/airflow/dags/03.1_consumer_2.0.py
[2025-03-17T15:41:22.336+0000] {processor.py:914} INFO - Processing file /opt/airflow/dags/03.1_consumer_2.0.py for tasks to queue
[2025-03-17T15:41:22.337+0000] {logging_mixin.py:190} INFO - [2025-03-17T15:41:22.337+0000] {dagbag.py:588} INFO - Filling up the DagBag from /opt/airflow/dags/03.1_consumer_2.0.py
[2025-03-17T15:41:22.352+0000] {processor.py:925} INFO - DAG(s) 'consumer2' retrieved from /opt/airflow/dags/03.1_consumer_2.0.py
[2025-03-17T15:41:22.372+0000] {logging_mixin.py:190} INFO - [2025-03-17T15:41:22.372+0000] {dag.py:3239} INFO - Sync 1 DAGs
[2025-03-17T15:41:22.394+0000] {logging_mixin.py:190} INFO - [2025-03-17T15:41:22.394+0000] {dag.py:4180} INFO - Setting next_dagrun for consumer2 to None, run_after=None
[2025-03-17T15:41:22.415+0000] {processor.py:208} INFO - Processing /opt/airflow/dags/03.1_consumer_2.0.py took 0.086 seconds
[2025-03-17T15:41:53.415+0000] {processor.py:186} INFO - Started process (PID=347) to work on /opt/airflow/dags/03.1_consumer_2.0.py
[2025-03-17T15:41:53.415+0000] {processor.py:914} INFO - Processing file /opt/airflow/dags/03.1_consumer_2.0.py for tasks to queue
[2025-03-17T15:41:53.418+0000] {logging_mixin.py:190} INFO - [2025-03-17T15:41:53.417+0000] {dagbag.py:588} INFO - Filling up the DagBag from /opt/airflow/dags/03.1_consumer_2.0.py
[2025-03-17T15:41:53.432+0000] {processor.py:925} INFO - DAG(s) 'consumer2' retrieved from /opt/airflow/dags/03.1_consumer_2.0.py
[2025-03-17T15:41:53.452+0000] {logging_mixin.py:190} INFO - [2025-03-17T15:41:53.452+0000] {dag.py:3239} INFO - Sync 1 DAGs
[2025-03-17T15:41:53.471+0000] {logging_mixin.py:190} INFO - [2025-03-17T15:41:53.471+0000] {dag.py:4180} INFO - Setting next_dagrun for consumer2 to None, run_after=None
[2025-03-17T15:41:53.491+0000] {processor.py:208} INFO - Processing /opt/airflow/dags/03.1_consumer_2.0.py took 0.081 seconds
[2025-03-17T15:42:23.742+0000] {processor.py:186} INFO - Started process (PID=360) to work on /opt/airflow/dags/03.1_consumer_2.0.py
[2025-03-17T15:42:23.743+0000] {processor.py:914} INFO - Processing file /opt/airflow/dags/03.1_consumer_2.0.py for tasks to queue
[2025-03-17T15:42:23.745+0000] {logging_mixin.py:190} INFO - [2025-03-17T15:42:23.745+0000] {dagbag.py:588} INFO - Filling up the DagBag from /opt/airflow/dags/03.1_consumer_2.0.py
[2025-03-17T15:42:23.760+0000] {processor.py:925} INFO - DAG(s) 'consumer2' retrieved from /opt/airflow/dags/03.1_consumer_2.0.py
[2025-03-17T15:42:23.778+0000] {logging_mixin.py:190} INFO - [2025-03-17T15:42:23.778+0000] {dag.py:3239} INFO - Sync 1 DAGs
[2025-03-17T15:42:23.796+0000] {logging_mixin.py:190} INFO - [2025-03-17T15:42:23.796+0000] {dag.py:4180} INFO - Setting next_dagrun for consumer2 to None, run_after=None
[2025-03-17T15:42:23.816+0000] {processor.py:208} INFO - Processing /opt/airflow/dags/03.1_consumer_2.0.py took 0.078 seconds
[2025-03-17T15:42:54.202+0000] {processor.py:186} INFO - Started process (PID=373) to work on /opt/airflow/dags/03.1_consumer_2.0.py
[2025-03-17T15:42:54.203+0000] {processor.py:914} INFO - Processing file /opt/airflow/dags/03.1_consumer_2.0.py for tasks to queue
[2025-03-17T15:42:54.205+0000] {logging_mixin.py:190} INFO - [2025-03-17T15:42:54.205+0000] {dagbag.py:588} INFO - Filling up the DagBag from /opt/airflow/dags/03.1_consumer_2.0.py
[2025-03-17T15:42:54.219+0000] {processor.py:925} INFO - DAG(s) 'consumer2' retrieved from /opt/airflow/dags/03.1_consumer_2.0.py
[2025-03-17T15:42:54.237+0000] {logging_mixin.py:190} INFO - [2025-03-17T15:42:54.237+0000] {dag.py:3239} INFO - Sync 1 DAGs
[2025-03-17T15:42:54.255+0000] {logging_mixin.py:190} INFO - [2025-03-17T15:42:54.255+0000] {dag.py:4180} INFO - Setting next_dagrun for consumer2 to None, run_after=None
[2025-03-17T15:42:54.273+0000] {processor.py:208} INFO - Processing /opt/airflow/dags/03.1_consumer_2.0.py took 0.076 seconds
[2025-03-17T15:43:25.302+0000] {processor.py:186} INFO - Started process (PID=386) to work on /opt/airflow/dags/03.1_consumer_2.0.py
[2025-03-17T15:43:25.303+0000] {processor.py:914} INFO - Processing file /opt/airflow/dags/03.1_consumer_2.0.py for tasks to queue
[2025-03-17T15:43:25.305+0000] {logging_mixin.py:190} INFO - [2025-03-17T15:43:25.305+0000] {dagbag.py:588} INFO - Filling up the DagBag from /opt/airflow/dags/03.1_consumer_2.0.py
[2025-03-17T15:43:25.320+0000] {processor.py:925} INFO - DAG(s) 'consumer2' retrieved from /opt/airflow/dags/03.1_consumer_2.0.py
[2025-03-17T15:43:25.341+0000] {logging_mixin.py:190} INFO - [2025-03-17T15:43:25.341+0000] {dag.py:3239} INFO - Sync 1 DAGs
[2025-03-17T15:43:25.363+0000] {logging_mixin.py:190} INFO - [2025-03-17T15:43:25.362+0000] {dag.py:4180} INFO - Setting next_dagrun for consumer2 to None, run_after=None
[2025-03-17T15:43:25.387+0000] {processor.py:208} INFO - Processing /opt/airflow/dags/03.1_consumer_2.0.py took 0.090 seconds
[2025-03-17T15:43:55.478+0000] {processor.py:186} INFO - Started process (PID=399) to work on /opt/airflow/dags/03.1_consumer_2.0.py
[2025-03-17T15:43:55.479+0000] {processor.py:914} INFO - Processing file /opt/airflow/dags/03.1_consumer_2.0.py for tasks to queue
[2025-03-17T15:43:55.482+0000] {logging_mixin.py:190} INFO - [2025-03-17T15:43:55.482+0000] {dagbag.py:588} INFO - Filling up the DagBag from /opt/airflow/dags/03.1_consumer_2.0.py
[2025-03-17T15:43:55.496+0000] {processor.py:925} INFO - DAG(s) 'consumer2' retrieved from /opt/airflow/dags/03.1_consumer_2.0.py
[2025-03-17T15:43:55.517+0000] {logging_mixin.py:190} INFO - [2025-03-17T15:43:55.517+0000] {dag.py:3239} INFO - Sync 1 DAGs
[2025-03-17T15:43:55.539+0000] {logging_mixin.py:190} INFO - [2025-03-17T15:43:55.539+0000] {dag.py:4180} INFO - Setting next_dagrun for consumer2 to None, run_after=None
[2025-03-17T15:43:55.561+0000] {processor.py:208} INFO - Processing /opt/airflow/dags/03.1_consumer_2.0.py took 0.087 seconds
[2025-03-17T15:44:26.506+0000] {processor.py:186} INFO - Started process (PID=412) to work on /opt/airflow/dags/03.1_consumer_2.0.py
[2025-03-17T15:44:26.507+0000] {processor.py:914} INFO - Processing file /opt/airflow/dags/03.1_consumer_2.0.py for tasks to queue
[2025-03-17T15:44:26.509+0000] {logging_mixin.py:190} INFO - [2025-03-17T15:44:26.509+0000] {dagbag.py:588} INFO - Filling up the DagBag from /opt/airflow/dags/03.1_consumer_2.0.py
[2025-03-17T15:44:26.523+0000] {processor.py:925} INFO - DAG(s) 'consumer2' retrieved from /opt/airflow/dags/03.1_consumer_2.0.py
[2025-03-17T15:44:26.543+0000] {logging_mixin.py:190} INFO - [2025-03-17T15:44:26.543+0000] {dag.py:3239} INFO - Sync 1 DAGs
[2025-03-17T15:44:26.563+0000] {logging_mixin.py:190} INFO - [2025-03-17T15:44:26.563+0000] {dag.py:4180} INFO - Setting next_dagrun for consumer2 to None, run_after=None
[2025-03-17T15:44:26.583+0000] {processor.py:208} INFO - Processing /opt/airflow/dags/03.1_consumer_2.0.py took 0.082 seconds
[2025-03-17T15:44:57.302+0000] {processor.py:186} INFO - Started process (PID=425) to work on /opt/airflow/dags/03.1_consumer_2.0.py
[2025-03-17T15:44:57.302+0000] {processor.py:914} INFO - Processing file /opt/airflow/dags/03.1_consumer_2.0.py for tasks to queue
[2025-03-17T15:44:57.305+0000] {logging_mixin.py:190} INFO - [2025-03-17T15:44:57.305+0000] {dagbag.py:588} INFO - Filling up the DagBag from /opt/airflow/dags/03.1_consumer_2.0.py
[2025-03-17T15:44:57.319+0000] {processor.py:925} INFO - DAG(s) 'consumer2' retrieved from /opt/airflow/dags/03.1_consumer_2.0.py
[2025-03-17T15:44:57.340+0000] {logging_mixin.py:190} INFO - [2025-03-17T15:44:57.340+0000] {dag.py:3239} INFO - Sync 1 DAGs
[2025-03-17T15:44:57.360+0000] {logging_mixin.py:190} INFO - [2025-03-17T15:44:57.360+0000] {dag.py:4180} INFO - Setting next_dagrun for consumer2 to None, run_after=None
[2025-03-17T15:44:57.381+0000] {processor.py:208} INFO - Processing /opt/airflow/dags/03.1_consumer_2.0.py took 0.084 seconds
[2025-03-17T15:45:27.575+0000] {processor.py:186} INFO - Started process (PID=444) to work on /opt/airflow/dags/03.1_consumer_2.0.py
[2025-03-17T15:45:27.576+0000] {processor.py:914} INFO - Processing file /opt/airflow/dags/03.1_consumer_2.0.py for tasks to queue
[2025-03-17T15:45:27.578+0000] {logging_mixin.py:190} INFO - [2025-03-17T15:45:27.578+0000] {dagbag.py:588} INFO - Filling up the DagBag from /opt/airflow/dags/03.1_consumer_2.0.py
[2025-03-17T15:45:27.592+0000] {processor.py:925} INFO - DAG(s) 'consumer2' retrieved from /opt/airflow/dags/03.1_consumer_2.0.py
[2025-03-17T15:45:27.613+0000] {logging_mixin.py:190} INFO - [2025-03-17T15:45:27.612+0000] {dag.py:3239} INFO - Sync 1 DAGs
[2025-03-17T15:45:27.633+0000] {logging_mixin.py:190} INFO - [2025-03-17T15:45:27.633+0000] {dag.py:4180} INFO - Setting next_dagrun for consumer2 to None, run_after=None
[2025-03-17T15:45:27.652+0000] {processor.py:208} INFO - Processing /opt/airflow/dags/03.1_consumer_2.0.py took 0.082 seconds
[2025-03-17T15:45:58.434+0000] {processor.py:186} INFO - Started process (PID=458) to work on /opt/airflow/dags/03.1_consumer_2.0.py
[2025-03-17T15:45:58.435+0000] {processor.py:914} INFO - Processing file /opt/airflow/dags/03.1_consumer_2.0.py for tasks to queue
[2025-03-17T15:45:58.437+0000] {logging_mixin.py:190} INFO - [2025-03-17T15:45:58.437+0000] {dagbag.py:588} INFO - Filling up the DagBag from /opt/airflow/dags/03.1_consumer_2.0.py
[2025-03-17T15:45:58.454+0000] {processor.py:925} INFO - DAG(s) 'consumer2' retrieved from /opt/airflow/dags/03.1_consumer_2.0.py
[2025-03-17T15:45:58.475+0000] {logging_mixin.py:190} INFO - [2025-03-17T15:45:58.475+0000] {dag.py:3239} INFO - Sync 1 DAGs
[2025-03-17T15:45:58.498+0000] {logging_mixin.py:190} INFO - [2025-03-17T15:45:58.498+0000] {dag.py:4180} INFO - Setting next_dagrun for consumer2 to None, run_after=None
[2025-03-17T15:45:58.519+0000] {processor.py:208} INFO - Processing /opt/airflow/dags/03.1_consumer_2.0.py took 0.091 seconds
[2025-03-17T15:46:28.906+0000] {processor.py:186} INFO - Started process (PID=471) to work on /opt/airflow/dags/03.1_consumer_2.0.py
[2025-03-17T15:46:28.907+0000] {processor.py:914} INFO - Processing file /opt/airflow/dags/03.1_consumer_2.0.py for tasks to queue
[2025-03-17T15:46:28.909+0000] {logging_mixin.py:190} INFO - [2025-03-17T15:46:28.908+0000] {dagbag.py:588} INFO - Filling up the DagBag from /opt/airflow/dags/03.1_consumer_2.0.py
[2025-03-17T15:46:28.923+0000] {processor.py:925} INFO - DAG(s) 'consumer2' retrieved from /opt/airflow/dags/03.1_consumer_2.0.py
[2025-03-17T15:46:28.942+0000] {logging_mixin.py:190} INFO - [2025-03-17T15:46:28.942+0000] {dag.py:3239} INFO - Sync 1 DAGs
[2025-03-17T15:46:28.962+0000] {logging_mixin.py:190} INFO - [2025-03-17T15:46:28.961+0000] {dag.py:4180} INFO - Setting next_dagrun for consumer2 to None, run_after=None
[2025-03-17T15:46:28.982+0000] {processor.py:208} INFO - Processing /opt/airflow/dags/03.1_consumer_2.0.py took 0.082 seconds
[2025-03-17T15:47:16.526+0000] {processor.py:186} INFO - Started process (PID=62) to work on /opt/airflow/dags/03.1_consumer_2.0.py
[2025-03-17T15:47:16.527+0000] {processor.py:914} INFO - Processing file /opt/airflow/dags/03.1_consumer_2.0.py for tasks to queue
[2025-03-17T15:47:16.529+0000] {logging_mixin.py:190} INFO - [2025-03-17T15:47:16.529+0000] {dagbag.py:588} INFO - Filling up the DagBag from /opt/airflow/dags/03.1_consumer_2.0.py
[2025-03-17T15:47:16.545+0000] {processor.py:925} INFO - DAG(s) 'consumer2' retrieved from /opt/airflow/dags/03.1_consumer_2.0.py
[2025-03-17T15:47:16.574+0000] {logging_mixin.py:190} INFO - [2025-03-17T15:47:16.574+0000] {dag.py:3239} INFO - Sync 1 DAGs
[2025-03-17T15:47:16.602+0000] {logging_mixin.py:190} INFO - [2025-03-17T15:47:16.601+0000] {dag.py:4180} INFO - Setting next_dagrun for consumer2 to None, run_after=None
[2025-03-17T15:47:16.628+0000] {processor.py:208} INFO - Processing /opt/airflow/dags/03.1_consumer_2.0.py took 0.106 seconds
[2025-03-17T15:47:46.752+0000] {processor.py:186} INFO - Started process (PID=81) to work on /opt/airflow/dags/03.1_consumer_2.0.py
[2025-03-17T15:47:46.752+0000] {processor.py:914} INFO - Processing file /opt/airflow/dags/03.1_consumer_2.0.py for tasks to queue
[2025-03-17T15:47:46.754+0000] {logging_mixin.py:190} INFO - [2025-03-17T15:47:46.754+0000] {dagbag.py:588} INFO - Filling up the DagBag from /opt/airflow/dags/03.1_consumer_2.0.py
[2025-03-17T15:47:46.771+0000] {processor.py:925} INFO - DAG(s) 'consumer2' retrieved from /opt/airflow/dags/03.1_consumer_2.0.py
[2025-03-17T15:47:46.791+0000] {logging_mixin.py:190} INFO - [2025-03-17T15:47:46.791+0000] {dag.py:3239} INFO - Sync 1 DAGs
[2025-03-17T15:47:46.810+0000] {logging_mixin.py:190} INFO - [2025-03-17T15:47:46.810+0000] {dag.py:4180} INFO - Setting next_dagrun for consumer2 to None, run_after=None
[2025-03-17T15:47:46.834+0000] {processor.py:208} INFO - Processing /opt/airflow/dags/03.1_consumer_2.0.py took 0.088 seconds
[2025-03-17T15:48:17.019+0000] {processor.py:186} INFO - Started process (PID=94) to work on /opt/airflow/dags/03.1_consumer_2.0.py
[2025-03-17T15:48:17.020+0000] {processor.py:914} INFO - Processing file /opt/airflow/dags/03.1_consumer_2.0.py for tasks to queue
[2025-03-17T15:48:17.022+0000] {logging_mixin.py:190} INFO - [2025-03-17T15:48:17.022+0000] {dagbag.py:588} INFO - Filling up the DagBag from /opt/airflow/dags/03.1_consumer_2.0.py
[2025-03-17T15:48:17.036+0000] {processor.py:925} INFO - DAG(s) 'consumer2' retrieved from /opt/airflow/dags/03.1_consumer_2.0.py
[2025-03-17T15:48:17.056+0000] {logging_mixin.py:190} INFO - [2025-03-17T15:48:17.055+0000] {dag.py:3239} INFO - Sync 1 DAGs
[2025-03-17T15:48:17.076+0000] {logging_mixin.py:190} INFO - [2025-03-17T15:48:17.076+0000] {dag.py:4180} INFO - Setting next_dagrun for consumer2 to None, run_after=None
[2025-03-17T15:48:17.096+0000] {processor.py:208} INFO - Processing /opt/airflow/dags/03.1_consumer_2.0.py took 0.082 seconds
[2025-03-17T15:48:47.241+0000] {processor.py:186} INFO - Started process (PID=107) to work on /opt/airflow/dags/03.1_consumer_2.0.py
[2025-03-17T15:48:47.242+0000] {processor.py:914} INFO - Processing file /opt/airflow/dags/03.1_consumer_2.0.py for tasks to queue
[2025-03-17T15:48:47.244+0000] {logging_mixin.py:190} INFO - [2025-03-17T15:48:47.244+0000] {dagbag.py:588} INFO - Filling up the DagBag from /opt/airflow/dags/03.1_consumer_2.0.py
[2025-03-17T15:48:47.258+0000] {processor.py:925} INFO - DAG(s) 'consumer2' retrieved from /opt/airflow/dags/03.1_consumer_2.0.py
[2025-03-17T15:48:47.280+0000] {logging_mixin.py:190} INFO - [2025-03-17T15:48:47.280+0000] {dag.py:3239} INFO - Sync 1 DAGs
[2025-03-17T15:48:47.305+0000] {logging_mixin.py:190} INFO - [2025-03-17T15:48:47.305+0000] {dag.py:4180} INFO - Setting next_dagrun for consumer2 to None, run_after=None
[2025-03-17T15:48:47.328+0000] {processor.py:208} INFO - Processing /opt/airflow/dags/03.1_consumer_2.0.py took 0.091 seconds
[2025-03-17T15:49:17.603+0000] {processor.py:186} INFO - Started process (PID=120) to work on /opt/airflow/dags/03.1_consumer_2.0.py
[2025-03-17T15:49:17.604+0000] {processor.py:914} INFO - Processing file /opt/airflow/dags/03.1_consumer_2.0.py for tasks to queue
[2025-03-17T15:49:17.606+0000] {logging_mixin.py:190} INFO - [2025-03-17T15:49:17.606+0000] {dagbag.py:588} INFO - Filling up the DagBag from /opt/airflow/dags/03.1_consumer_2.0.py
[2025-03-17T15:49:17.619+0000] {processor.py:925} INFO - DAG(s) 'consumer2' retrieved from /opt/airflow/dags/03.1_consumer_2.0.py
[2025-03-17T15:49:17.637+0000] {logging_mixin.py:190} INFO - [2025-03-17T15:49:17.637+0000] {dag.py:3239} INFO - Sync 1 DAGs
[2025-03-17T15:49:17.655+0000] {logging_mixin.py:190} INFO - [2025-03-17T15:49:17.655+0000] {dag.py:4180} INFO - Setting next_dagrun for consumer2 to None, run_after=None
[2025-03-17T15:49:17.673+0000] {processor.py:208} INFO - Processing /opt/airflow/dags/03.1_consumer_2.0.py took 0.075 seconds
[2025-03-17T15:49:47.958+0000] {processor.py:186} INFO - Started process (PID=133) to work on /opt/airflow/dags/03.1_consumer_2.0.py
[2025-03-17T15:49:47.959+0000] {processor.py:914} INFO - Processing file /opt/airflow/dags/03.1_consumer_2.0.py for tasks to queue
[2025-03-17T15:49:47.961+0000] {logging_mixin.py:190} INFO - [2025-03-17T15:49:47.961+0000] {dagbag.py:588} INFO - Filling up the DagBag from /opt/airflow/dags/03.1_consumer_2.0.py
[2025-03-17T15:49:47.975+0000] {processor.py:925} INFO - DAG(s) 'consumer2' retrieved from /opt/airflow/dags/03.1_consumer_2.0.py
[2025-03-17T15:49:47.994+0000] {logging_mixin.py:190} INFO - [2025-03-17T15:49:47.994+0000] {dag.py:3239} INFO - Sync 1 DAGs
[2025-03-17T15:49:48.012+0000] {logging_mixin.py:190} INFO - [2025-03-17T15:49:48.011+0000] {dag.py:4180} INFO - Setting next_dagrun for consumer2 to None, run_after=None
[2025-03-17T15:49:48.030+0000] {processor.py:208} INFO - Processing /opt/airflow/dags/03.1_consumer_2.0.py took 0.076 seconds
[2025-03-17T15:50:18.441+0000] {processor.py:186} INFO - Started process (PID=146) to work on /opt/airflow/dags/03.1_consumer_2.0.py
[2025-03-17T15:50:18.442+0000] {processor.py:914} INFO - Processing file /opt/airflow/dags/03.1_consumer_2.0.py for tasks to queue
[2025-03-17T15:50:18.444+0000] {logging_mixin.py:190} INFO - [2025-03-17T15:50:18.444+0000] {dagbag.py:588} INFO - Filling up the DagBag from /opt/airflow/dags/03.1_consumer_2.0.py
[2025-03-17T15:50:18.461+0000] {processor.py:925} INFO - DAG(s) 'consumer2' retrieved from /opt/airflow/dags/03.1_consumer_2.0.py
[2025-03-17T15:50:18.488+0000] {logging_mixin.py:190} INFO - [2025-03-17T15:50:18.488+0000] {dag.py:3239} INFO - Sync 1 DAGs
[2025-03-17T15:50:18.515+0000] {logging_mixin.py:190} INFO - [2025-03-17T15:50:18.515+0000] {dag.py:4180} INFO - Setting next_dagrun for consumer2 to None, run_after=None
[2025-03-17T15:50:18.682+0000] {processor.py:208} INFO - Processing /opt/airflow/dags/03.1_consumer_2.0.py took 0.246 seconds
[2025-03-17T15:50:49.260+0000] {processor.py:186} INFO - Started process (PID=159) to work on /opt/airflow/dags/03.1_consumer_2.0.py
[2025-03-17T15:50:49.261+0000] {processor.py:914} INFO - Processing file /opt/airflow/dags/03.1_consumer_2.0.py for tasks to queue
[2025-03-17T15:50:49.262+0000] {logging_mixin.py:190} INFO - [2025-03-17T15:50:49.262+0000] {dagbag.py:588} INFO - Filling up the DagBag from /opt/airflow/dags/03.1_consumer_2.0.py
[2025-03-17T15:50:49.277+0000] {processor.py:925} INFO - DAG(s) 'consumer2' retrieved from /opt/airflow/dags/03.1_consumer_2.0.py
[2025-03-17T15:50:49.297+0000] {logging_mixin.py:190} INFO - [2025-03-17T15:50:49.297+0000] {dag.py:3239} INFO - Sync 1 DAGs
[2025-03-17T15:50:49.451+0000] {logging_mixin.py:190} INFO - [2025-03-17T15:50:49.451+0000] {dag.py:4180} INFO - Setting next_dagrun for consumer2 to None, run_after=None
[2025-03-17T15:50:49.472+0000] {processor.py:208} INFO - Processing /opt/airflow/dags/03.1_consumer_2.0.py took 0.217 seconds
[2025-03-17T15:51:19.983+0000] {processor.py:186} INFO - Started process (PID=172) to work on /opt/airflow/dags/03.1_consumer_2.0.py
[2025-03-17T15:51:19.984+0000] {processor.py:914} INFO - Processing file /opt/airflow/dags/03.1_consumer_2.0.py for tasks to queue
[2025-03-17T15:51:19.986+0000] {logging_mixin.py:190} INFO - [2025-03-17T15:51:19.986+0000] {dagbag.py:588} INFO - Filling up the DagBag from /opt/airflow/dags/03.1_consumer_2.0.py
[2025-03-17T15:51:20.001+0000] {processor.py:925} INFO - DAG(s) 'consumer2' retrieved from /opt/airflow/dags/03.1_consumer_2.0.py
[2025-03-17T15:51:20.165+0000] {logging_mixin.py:190} INFO - [2025-03-17T15:51:20.165+0000] {dag.py:3239} INFO - Sync 1 DAGs
[2025-03-17T15:51:20.184+0000] {logging_mixin.py:190} INFO - [2025-03-17T15:51:20.183+0000] {dag.py:4180} INFO - Setting next_dagrun for consumer2 to None, run_after=None
[2025-03-17T15:51:20.204+0000] {processor.py:208} INFO - Processing /opt/airflow/dags/03.1_consumer_2.0.py took 0.225 seconds
[2025-03-17T15:51:50.862+0000] {processor.py:186} INFO - Started process (PID=185) to work on /opt/airflow/dags/03.1_consumer_2.0.py
[2025-03-17T15:51:50.863+0000] {processor.py:914} INFO - Processing file /opt/airflow/dags/03.1_consumer_2.0.py for tasks to queue
[2025-03-17T15:51:50.865+0000] {logging_mixin.py:190} INFO - [2025-03-17T15:51:50.865+0000] {dagbag.py:588} INFO - Filling up the DagBag from /opt/airflow/dags/03.1_consumer_2.0.py
[2025-03-17T15:51:50.879+0000] {processor.py:925} INFO - DAG(s) 'consumer2' retrieved from /opt/airflow/dags/03.1_consumer_2.0.py
[2025-03-17T15:51:50.898+0000] {logging_mixin.py:190} INFO - [2025-03-17T15:51:50.898+0000] {dag.py:3239} INFO - Sync 1 DAGs
[2025-03-17T15:51:50.916+0000] {logging_mixin.py:190} INFO - [2025-03-17T15:51:50.916+0000] {dag.py:4180} INFO - Setting next_dagrun for consumer2 to None, run_after=None
[2025-03-17T15:51:50.935+0000] {processor.py:208} INFO - Processing /opt/airflow/dags/03.1_consumer_2.0.py took 0.077 seconds
[2025-03-17T15:52:21.190+0000] {processor.py:186} INFO - Started process (PID=204) to work on /opt/airflow/dags/03.1_consumer_2.0.py
[2025-03-17T15:52:21.191+0000] {processor.py:914} INFO - Processing file /opt/airflow/dags/03.1_consumer_2.0.py for tasks to queue
[2025-03-17T15:52:21.193+0000] {logging_mixin.py:190} INFO - [2025-03-17T15:52:21.193+0000] {dagbag.py:588} INFO - Filling up the DagBag from /opt/airflow/dags/03.1_consumer_2.0.py
[2025-03-17T15:52:21.207+0000] {processor.py:925} INFO - DAG(s) 'consumer2' retrieved from /opt/airflow/dags/03.1_consumer_2.0.py
[2025-03-17T15:52:21.225+0000] {logging_mixin.py:190} INFO - [2025-03-17T15:52:21.225+0000] {dag.py:3239} INFO - Sync 1 DAGs
[2025-03-17T15:52:21.244+0000] {logging_mixin.py:190} INFO - [2025-03-17T15:52:21.244+0000] {dag.py:4180} INFO - Setting next_dagrun for consumer2 to None, run_after=None
[2025-03-17T15:52:21.267+0000] {processor.py:208} INFO - Processing /opt/airflow/dags/03.1_consumer_2.0.py took 0.081 seconds
[2025-03-17T15:53:29.052+0000] {processor.py:186} INFO - Started process (PID=68) to work on /opt/airflow/dags/03.1_consumer_2.0.py
[2025-03-17T15:53:29.053+0000] {processor.py:914} INFO - Processing file /opt/airflow/dags/03.1_consumer_2.0.py for tasks to queue
[2025-03-17T15:53:29.057+0000] {logging_mixin.py:190} INFO - [2025-03-17T15:53:29.056+0000] {dagbag.py:588} INFO - Filling up the DagBag from /opt/airflow/dags/03.1_consumer_2.0.py
[2025-03-17T15:53:29.075+0000] {processor.py:925} INFO - DAG(s) 'consumer2' retrieved from /opt/airflow/dags/03.1_consumer_2.0.py
[2025-03-17T15:53:29.112+0000] {logging_mixin.py:190} INFO - [2025-03-17T15:53:29.112+0000] {dag.py:3239} INFO - Sync 1 DAGs
[2025-03-17T15:53:29.142+0000] {logging_mixin.py:190} INFO - [2025-03-17T15:53:29.141+0000] {dag.py:4180} INFO - Setting next_dagrun for consumer2 to None, run_after=None
[2025-03-17T15:53:29.169+0000] {processor.py:208} INFO - Processing /opt/airflow/dags/03.1_consumer_2.0.py took 0.124 seconds
[2025-03-17T15:53:59.480+0000] {processor.py:186} INFO - Started process (PID=81) to work on /opt/airflow/dags/03.1_consumer_2.0.py
[2025-03-17T15:53:59.480+0000] {processor.py:914} INFO - Processing file /opt/airflow/dags/03.1_consumer_2.0.py for tasks to queue
[2025-03-17T15:53:59.482+0000] {logging_mixin.py:190} INFO - [2025-03-17T15:53:59.482+0000] {dagbag.py:588} INFO - Filling up the DagBag from /opt/airflow/dags/03.1_consumer_2.0.py
[2025-03-17T15:53:59.496+0000] {processor.py:925} INFO - DAG(s) 'consumer2' retrieved from /opt/airflow/dags/03.1_consumer_2.0.py
[2025-03-17T15:53:59.518+0000] {logging_mixin.py:190} INFO - [2025-03-17T15:53:59.517+0000] {dag.py:3239} INFO - Sync 1 DAGs
[2025-03-17T15:53:59.540+0000] {logging_mixin.py:190} INFO - [2025-03-17T15:53:59.540+0000] {dag.py:4180} INFO - Setting next_dagrun for consumer2 to None, run_after=None
[2025-03-17T15:53:59.562+0000] {processor.py:208} INFO - Processing /opt/airflow/dags/03.1_consumer_2.0.py took 0.087 seconds
[2025-03-17T15:54:30.348+0000] {processor.py:186} INFO - Started process (PID=96) to work on /opt/airflow/dags/03.1_consumer_2.0.py
[2025-03-17T15:54:30.349+0000] {processor.py:914} INFO - Processing file /opt/airflow/dags/03.1_consumer_2.0.py for tasks to queue
[2025-03-17T15:54:30.352+0000] {logging_mixin.py:190} INFO - [2025-03-17T15:54:30.351+0000] {dagbag.py:588} INFO - Filling up the DagBag from /opt/airflow/dags/03.1_consumer_2.0.py
[2025-03-17T15:54:30.368+0000] {processor.py:925} INFO - DAG(s) 'consumer2' retrieved from /opt/airflow/dags/03.1_consumer_2.0.py
[2025-03-17T15:54:30.391+0000] {logging_mixin.py:190} INFO - [2025-03-17T15:54:30.391+0000] {dag.py:3239} INFO - Sync 1 DAGs
[2025-03-17T15:54:30.415+0000] {logging_mixin.py:190} INFO - [2025-03-17T15:54:30.415+0000] {dag.py:4180} INFO - Setting next_dagrun for consumer2 to None, run_after=None
[2025-03-17T15:54:30.438+0000] {processor.py:208} INFO - Processing /opt/airflow/dags/03.1_consumer_2.0.py took 0.096 seconds
[2025-03-17T15:55:00.800+0000] {processor.py:186} INFO - Started process (PID=109) to work on /opt/airflow/dags/03.1_consumer_2.0.py
[2025-03-17T15:55:00.800+0000] {processor.py:914} INFO - Processing file /opt/airflow/dags/03.1_consumer_2.0.py for tasks to queue
[2025-03-17T15:55:00.803+0000] {logging_mixin.py:190} INFO - [2025-03-17T15:55:00.802+0000] {dagbag.py:588} INFO - Filling up the DagBag from /opt/airflow/dags/03.1_consumer_2.0.py
[2025-03-17T15:55:00.816+0000] {processor.py:925} INFO - DAG(s) 'consumer2' retrieved from /opt/airflow/dags/03.1_consumer_2.0.py
[2025-03-17T15:55:00.838+0000] {logging_mixin.py:190} INFO - [2025-03-17T15:55:00.838+0000] {dag.py:3239} INFO - Sync 1 DAGs
[2025-03-17T15:55:00.861+0000] {logging_mixin.py:190} INFO - [2025-03-17T15:55:00.861+0000] {dag.py:4180} INFO - Setting next_dagrun for consumer2 to None, run_after=None
[2025-03-17T15:55:00.883+0000] {processor.py:208} INFO - Processing /opt/airflow/dags/03.1_consumer_2.0.py took 0.087 seconds
[2025-03-17T15:55:31.030+0000] {processor.py:186} INFO - Started process (PID=122) to work on /opt/airflow/dags/03.1_consumer_2.0.py
[2025-03-17T15:55:31.031+0000] {processor.py:914} INFO - Processing file /opt/airflow/dags/03.1_consumer_2.0.py for tasks to queue
[2025-03-17T15:55:31.033+0000] {logging_mixin.py:190} INFO - [2025-03-17T15:55:31.032+0000] {dagbag.py:588} INFO - Filling up the DagBag from /opt/airflow/dags/03.1_consumer_2.0.py
[2025-03-17T15:55:31.046+0000] {processor.py:925} INFO - DAG(s) 'consumer2' retrieved from /opt/airflow/dags/03.1_consumer_2.0.py
[2025-03-17T15:55:31.063+0000] {logging_mixin.py:190} INFO - [2025-03-17T15:55:31.063+0000] {dag.py:3239} INFO - Sync 1 DAGs
[2025-03-17T15:55:31.082+0000] {logging_mixin.py:190} INFO - [2025-03-17T15:55:31.082+0000] {dag.py:4180} INFO - Setting next_dagrun for consumer2 to None, run_after=None
[2025-03-17T15:55:31.102+0000] {processor.py:208} INFO - Processing /opt/airflow/dags/03.1_consumer_2.0.py took 0.077 seconds
[2025-03-17T15:56:01.242+0000] {processor.py:186} INFO - Started process (PID=135) to work on /opt/airflow/dags/03.1_consumer_2.0.py
[2025-03-17T15:56:01.243+0000] {processor.py:914} INFO - Processing file /opt/airflow/dags/03.1_consumer_2.0.py for tasks to queue
[2025-03-17T15:56:01.245+0000] {logging_mixin.py:190} INFO - [2025-03-17T15:56:01.245+0000] {dagbag.py:588} INFO - Filling up the DagBag from /opt/airflow/dags/03.1_consumer_2.0.py
[2025-03-17T15:56:01.258+0000] {processor.py:925} INFO - DAG(s) 'consumer2' retrieved from /opt/airflow/dags/03.1_consumer_2.0.py
[2025-03-17T15:56:01.275+0000] {logging_mixin.py:190} INFO - [2025-03-17T15:56:01.275+0000] {dag.py:3239} INFO - Sync 1 DAGs
[2025-03-17T15:56:01.294+0000] {logging_mixin.py:190} INFO - [2025-03-17T15:56:01.294+0000] {dag.py:4180} INFO - Setting next_dagrun for consumer2 to None, run_after=None
[2025-03-17T15:56:01.315+0000] {processor.py:208} INFO - Processing /opt/airflow/dags/03.1_consumer_2.0.py took 0.077 seconds
[2025-03-17T15:56:32.340+0000] {processor.py:186} INFO - Started process (PID=148) to work on /opt/airflow/dags/03.1_consumer_2.0.py
[2025-03-17T15:56:32.340+0000] {processor.py:914} INFO - Processing file /opt/airflow/dags/03.1_consumer_2.0.py for tasks to queue
[2025-03-17T15:56:32.343+0000] {logging_mixin.py:190} INFO - [2025-03-17T15:56:32.343+0000] {dagbag.py:588} INFO - Filling up the DagBag from /opt/airflow/dags/03.1_consumer_2.0.py
[2025-03-17T15:56:32.359+0000] {processor.py:925} INFO - DAG(s) 'consumer2' retrieved from /opt/airflow/dags/03.1_consumer_2.0.py
[2025-03-17T15:56:32.380+0000] {logging_mixin.py:190} INFO - [2025-03-17T15:56:32.380+0000] {dag.py:3239} INFO - Sync 1 DAGs
[2025-03-17T15:56:32.403+0000] {logging_mixin.py:190} INFO - [2025-03-17T15:56:32.403+0000] {dag.py:4180} INFO - Setting next_dagrun for consumer2 to None, run_after=None
[2025-03-17T15:56:32.582+0000] {processor.py:208} INFO - Processing /opt/airflow/dags/03.1_consumer_2.0.py took 0.249 seconds
[2025-03-17T15:57:03.451+0000] {processor.py:186} INFO - Started process (PID=161) to work on /opt/airflow/dags/03.1_consumer_2.0.py
[2025-03-17T15:57:03.452+0000] {processor.py:914} INFO - Processing file /opt/airflow/dags/03.1_consumer_2.0.py for tasks to queue
[2025-03-17T15:57:03.454+0000] {logging_mixin.py:190} INFO - [2025-03-17T15:57:03.453+0000] {dagbag.py:588} INFO - Filling up the DagBag from /opt/airflow/dags/03.1_consumer_2.0.py
[2025-03-17T15:57:03.467+0000] {processor.py:925} INFO - DAG(s) 'consumer2' retrieved from /opt/airflow/dags/03.1_consumer_2.0.py
[2025-03-17T15:57:03.487+0000] {logging_mixin.py:190} INFO - [2025-03-17T15:57:03.487+0000] {dag.py:3239} INFO - Sync 1 DAGs
[2025-03-17T15:57:03.645+0000] {logging_mixin.py:190} INFO - [2025-03-17T15:57:03.645+0000] {dag.py:4180} INFO - Setting next_dagrun for consumer2 to None, run_after=None
[2025-03-17T15:57:03.666+0000] {processor.py:208} INFO - Processing /opt/airflow/dags/03.1_consumer_2.0.py took 0.219 seconds
[2025-03-17T15:57:33.729+0000] {processor.py:186} INFO - Started process (PID=174) to work on /opt/airflow/dags/03.1_consumer_2.0.py
[2025-03-17T15:57:33.730+0000] {processor.py:914} INFO - Processing file /opt/airflow/dags/03.1_consumer_2.0.py for tasks to queue
[2025-03-17T15:57:33.731+0000] {logging_mixin.py:190} INFO - [2025-03-17T15:57:33.731+0000] {dagbag.py:588} INFO - Filling up the DagBag from /opt/airflow/dags/03.1_consumer_2.0.py
[2025-03-17T15:57:33.745+0000] {processor.py:925} INFO - DAG(s) 'consumer2' retrieved from /opt/airflow/dags/03.1_consumer_2.0.py
[2025-03-17T15:57:33.890+0000] {logging_mixin.py:190} INFO - [2025-03-17T15:57:33.890+0000] {dag.py:3239} INFO - Sync 1 DAGs
[2025-03-17T15:57:33.910+0000] {logging_mixin.py:190} INFO - [2025-03-17T15:57:33.910+0000] {dag.py:4180} INFO - Setting next_dagrun for consumer2 to None, run_after=None
[2025-03-17T15:57:33.929+0000] {processor.py:208} INFO - Processing /opt/airflow/dags/03.1_consumer_2.0.py took 0.204 seconds
[2025-03-17T15:58:04.645+0000] {processor.py:186} INFO - Started process (PID=193) to work on /opt/airflow/dags/03.1_consumer_2.0.py
[2025-03-17T15:58:04.646+0000] {processor.py:914} INFO - Processing file /opt/airflow/dags/03.1_consumer_2.0.py for tasks to queue
[2025-03-17T15:58:04.647+0000] {logging_mixin.py:190} INFO - [2025-03-17T15:58:04.647+0000] {dagbag.py:588} INFO - Filling up the DagBag from /opt/airflow/dags/03.1_consumer_2.0.py
[2025-03-17T15:58:04.661+0000] {processor.py:925} INFO - DAG(s) 'consumer2' retrieved from /opt/airflow/dags/03.1_consumer_2.0.py
[2025-03-17T15:58:04.679+0000] {logging_mixin.py:190} INFO - [2025-03-17T15:58:04.679+0000] {dag.py:3239} INFO - Sync 1 DAGs
[2025-03-17T15:58:04.699+0000] {logging_mixin.py:190} INFO - [2025-03-17T15:58:04.699+0000] {dag.py:4180} INFO - Setting next_dagrun for consumer2 to None, run_after=None
[2025-03-17T15:58:04.720+0000] {processor.py:208} INFO - Processing /opt/airflow/dags/03.1_consumer_2.0.py took 0.214 seconds
[2025-03-17T15:58:34.987+0000] {processor.py:186} INFO - Started process (PID=207) to work on /opt/airflow/dags/03.1_consumer_2.0.py
[2025-03-17T15:58:34.987+0000] {processor.py:914} INFO - Processing file /opt/airflow/dags/03.1_consumer_2.0.py for tasks to queue
[2025-03-17T15:58:34.989+0000] {logging_mixin.py:190} INFO - [2025-03-17T15:58:34.989+0000] {dagbag.py:588} INFO - Filling up the DagBag from /opt/airflow/dags/03.1_consumer_2.0.py
[2025-03-17T15:58:35.003+0000] {processor.py:925} INFO - DAG(s) 'consumer2' retrieved from /opt/airflow/dags/03.1_consumer_2.0.py
[2025-03-17T15:58:35.020+0000] {logging_mixin.py:190} INFO - [2025-03-17T15:58:35.019+0000] {dag.py:3239} INFO - Sync 1 DAGs
[2025-03-17T15:58:35.039+0000] {logging_mixin.py:190} INFO - [2025-03-17T15:58:35.039+0000] {dag.py:4180} INFO - Setting next_dagrun for consumer2 to None, run_after=None
[2025-03-17T15:58:35.061+0000] {processor.py:208} INFO - Processing /opt/airflow/dags/03.1_consumer_2.0.py took 0.078 seconds
[2025-03-17T15:59:05.236+0000] {processor.py:186} INFO - Started process (PID=220) to work on /opt/airflow/dags/03.1_consumer_2.0.py
[2025-03-17T15:59:05.236+0000] {processor.py:914} INFO - Processing file /opt/airflow/dags/03.1_consumer_2.0.py for tasks to queue
[2025-03-17T15:59:05.238+0000] {logging_mixin.py:190} INFO - [2025-03-17T15:59:05.238+0000] {dagbag.py:588} INFO - Filling up the DagBag from /opt/airflow/dags/03.1_consumer_2.0.py
[2025-03-17T15:59:05.254+0000] {processor.py:925} INFO - DAG(s) 'consumer2' retrieved from /opt/airflow/dags/03.1_consumer_2.0.py
[2025-03-17T15:59:05.271+0000] {logging_mixin.py:190} INFO - [2025-03-17T15:59:05.271+0000] {dag.py:3239} INFO - Sync 1 DAGs
[2025-03-17T15:59:05.294+0000] {logging_mixin.py:190} INFO - [2025-03-17T15:59:05.294+0000] {dag.py:4180} INFO - Setting next_dagrun for consumer2 to None, run_after=None
[2025-03-17T15:59:05.316+0000] {processor.py:208} INFO - Processing /opt/airflow/dags/03.1_consumer_2.0.py took 0.086 seconds
[2025-03-17T15:59:35.466+0000] {processor.py:186} INFO - Started process (PID=233) to work on /opt/airflow/dags/03.1_consumer_2.0.py
[2025-03-17T15:59:35.466+0000] {processor.py:914} INFO - Processing file /opt/airflow/dags/03.1_consumer_2.0.py for tasks to queue
[2025-03-17T15:59:35.468+0000] {logging_mixin.py:190} INFO - [2025-03-17T15:59:35.468+0000] {dagbag.py:588} INFO - Filling up the DagBag from /opt/airflow/dags/03.1_consumer_2.0.py
[2025-03-17T15:59:35.481+0000] {processor.py:925} INFO - DAG(s) 'consumer2' retrieved from /opt/airflow/dags/03.1_consumer_2.0.py
[2025-03-17T15:59:35.500+0000] {logging_mixin.py:190} INFO - [2025-03-17T15:59:35.500+0000] {dag.py:3239} INFO - Sync 1 DAGs
[2025-03-17T15:59:35.519+0000] {logging_mixin.py:190} INFO - [2025-03-17T15:59:35.519+0000] {dag.py:4180} INFO - Setting next_dagrun for consumer2 to None, run_after=None
[2025-03-17T15:59:35.542+0000] {processor.py:208} INFO - Processing /opt/airflow/dags/03.1_consumer_2.0.py took 0.081 seconds
[2025-03-17T16:00:05.835+0000] {processor.py:186} INFO - Started process (PID=245) to work on /opt/airflow/dags/03.1_consumer_2.0.py
[2025-03-17T16:00:05.836+0000] {processor.py:914} INFO - Processing file /opt/airflow/dags/03.1_consumer_2.0.py for tasks to queue
[2025-03-17T16:00:05.838+0000] {logging_mixin.py:190} INFO - [2025-03-17T16:00:05.838+0000] {dagbag.py:588} INFO - Filling up the DagBag from /opt/airflow/dags/03.1_consumer_2.0.py
[2025-03-17T16:00:05.851+0000] {processor.py:925} INFO - DAG(s) 'consumer2' retrieved from /opt/airflow/dags/03.1_consumer_2.0.py
[2025-03-17T16:00:05.868+0000] {logging_mixin.py:190} INFO - [2025-03-17T16:00:05.868+0000] {dag.py:3239} INFO - Sync 1 DAGs
[2025-03-17T16:00:05.886+0000] {logging_mixin.py:190} INFO - [2025-03-17T16:00:05.886+0000] {dag.py:4180} INFO - Setting next_dagrun for consumer2 to None, run_after=None
[2025-03-17T16:00:05.906+0000] {processor.py:208} INFO - Processing /opt/airflow/dags/03.1_consumer_2.0.py took 0.075 seconds
[2025-03-17T16:00:35.981+0000] {processor.py:186} INFO - Started process (PID=258) to work on /opt/airflow/dags/03.1_consumer_2.0.py
[2025-03-17T16:00:35.982+0000] {processor.py:914} INFO - Processing file /opt/airflow/dags/03.1_consumer_2.0.py for tasks to queue
[2025-03-17T16:00:35.983+0000] {logging_mixin.py:190} INFO - [2025-03-17T16:00:35.983+0000] {dagbag.py:588} INFO - Filling up the DagBag from /opt/airflow/dags/03.1_consumer_2.0.py
[2025-03-17T16:00:35.997+0000] {processor.py:925} INFO - DAG(s) 'consumer2' retrieved from /opt/airflow/dags/03.1_consumer_2.0.py
[2025-03-17T16:00:36.015+0000] {logging_mixin.py:190} INFO - [2025-03-17T16:00:36.015+0000] {dag.py:3239} INFO - Sync 1 DAGs
[2025-03-17T16:00:36.035+0000] {logging_mixin.py:190} INFO - [2025-03-17T16:00:36.034+0000] {dag.py:4180} INFO - Setting next_dagrun for consumer2 to None, run_after=None
[2025-03-17T16:00:36.055+0000] {processor.py:208} INFO - Processing /opt/airflow/dags/03.1_consumer_2.0.py took 0.079 seconds
[2025-03-17T16:01:06.106+0000] {processor.py:186} INFO - Started process (PID=271) to work on /opt/airflow/dags/03.1_consumer_2.0.py
[2025-03-17T16:01:06.106+0000] {processor.py:914} INFO - Processing file /opt/airflow/dags/03.1_consumer_2.0.py for tasks to queue
[2025-03-17T16:01:06.108+0000] {logging_mixin.py:190} INFO - [2025-03-17T16:01:06.108+0000] {dagbag.py:588} INFO - Filling up the DagBag from /opt/airflow/dags/03.1_consumer_2.0.py
[2025-03-17T16:01:06.121+0000] {processor.py:925} INFO - DAG(s) 'consumer2' retrieved from /opt/airflow/dags/03.1_consumer_2.0.py
[2025-03-17T16:01:06.138+0000] {logging_mixin.py:190} INFO - [2025-03-17T16:01:06.138+0000] {dag.py:3239} INFO - Sync 1 DAGs
[2025-03-17T16:01:06.157+0000] {logging_mixin.py:190} INFO - [2025-03-17T16:01:06.156+0000] {dag.py:4180} INFO - Setting next_dagrun for consumer2 to None, run_after=None
[2025-03-17T16:01:06.178+0000] {processor.py:208} INFO - Processing /opt/airflow/dags/03.1_consumer_2.0.py took 0.076 seconds
[2025-03-17T16:01:36.272+0000] {processor.py:186} INFO - Started process (PID=284) to work on /opt/airflow/dags/03.1_consumer_2.0.py
[2025-03-17T16:01:36.273+0000] {processor.py:914} INFO - Processing file /opt/airflow/dags/03.1_consumer_2.0.py for tasks to queue
[2025-03-17T16:01:36.276+0000] {logging_mixin.py:190} INFO - [2025-03-17T16:01:36.275+0000] {dagbag.py:588} INFO - Filling up the DagBag from /opt/airflow/dags/03.1_consumer_2.0.py
[2025-03-17T16:01:36.290+0000] {processor.py:925} INFO - DAG(s) 'consumer2' retrieved from /opt/airflow/dags/03.1_consumer_2.0.py
[2025-03-17T16:01:36.311+0000] {logging_mixin.py:190} INFO - [2025-03-17T16:01:36.310+0000] {dag.py:3239} INFO - Sync 1 DAGs
[2025-03-17T16:01:36.333+0000] {logging_mixin.py:190} INFO - [2025-03-17T16:01:36.333+0000] {dag.py:4180} INFO - Setting next_dagrun for consumer2 to None, run_after=None
[2025-03-17T16:01:36.356+0000] {processor.py:208} INFO - Processing /opt/airflow/dags/03.1_consumer_2.0.py took 0.089 seconds
[2025-03-17T16:02:41.596+0000] {processor.py:186} INFO - Started process (PID=62) to work on /opt/airflow/dags/03.1_consumer_2.0.py
[2025-03-17T16:02:41.597+0000] {processor.py:914} INFO - Processing file /opt/airflow/dags/03.1_consumer_2.0.py for tasks to queue
[2025-03-17T16:02:41.599+0000] {logging_mixin.py:190} INFO - [2025-03-17T16:02:41.598+0000] {dagbag.py:588} INFO - Filling up the DagBag from /opt/airflow/dags/03.1_consumer_2.0.py
[2025-03-17T16:02:41.615+0000] {processor.py:925} INFO - DAG(s) 'consumer2' retrieved from /opt/airflow/dags/03.1_consumer_2.0.py
[2025-03-17T16:02:41.650+0000] {logging_mixin.py:190} INFO - [2025-03-17T16:02:41.649+0000] {dag.py:3239} INFO - Sync 1 DAGs
[2025-03-17T16:02:41.681+0000] {logging_mixin.py:190} INFO - [2025-03-17T16:02:41.681+0000] {dag.py:4180} INFO - Setting next_dagrun for consumer2 to None, run_after=None
[2025-03-17T16:02:41.706+0000] {processor.py:208} INFO - Processing /opt/airflow/dags/03.1_consumer_2.0.py took 0.115 seconds
[2025-03-17T16:03:12.537+0000] {processor.py:186} INFO - Started process (PID=81) to work on /opt/airflow/dags/03.1_consumer_2.0.py
[2025-03-17T16:03:12.538+0000] {processor.py:914} INFO - Processing file /opt/airflow/dags/03.1_consumer_2.0.py for tasks to queue
[2025-03-17T16:03:12.541+0000] {logging_mixin.py:190} INFO - [2025-03-17T16:03:12.540+0000] {dagbag.py:588} INFO - Filling up the DagBag from /opt/airflow/dags/03.1_consumer_2.0.py
[2025-03-17T16:03:12.560+0000] {processor.py:925} INFO - DAG(s) 'consumer2' retrieved from /opt/airflow/dags/03.1_consumer_2.0.py
[2025-03-17T16:03:12.585+0000] {logging_mixin.py:190} INFO - [2025-03-17T16:03:12.585+0000] {dag.py:3239} INFO - Sync 1 DAGs
[2025-03-17T16:03:12.610+0000] {logging_mixin.py:190} INFO - [2025-03-17T16:03:12.610+0000] {dag.py:4180} INFO - Setting next_dagrun for consumer2 to None, run_after=None
[2025-03-17T16:03:12.632+0000] {processor.py:208} INFO - Processing /opt/airflow/dags/03.1_consumer_2.0.py took 0.101 seconds
[2025-03-17T16:03:43.450+0000] {processor.py:186} INFO - Started process (PID=95) to work on /opt/airflow/dags/03.1_consumer_2.0.py
[2025-03-17T16:03:43.451+0000] {processor.py:914} INFO - Processing file /opt/airflow/dags/03.1_consumer_2.0.py for tasks to queue
[2025-03-17T16:03:43.453+0000] {logging_mixin.py:190} INFO - [2025-03-17T16:03:43.453+0000] {dagbag.py:588} INFO - Filling up the DagBag from /opt/airflow/dags/03.1_consumer_2.0.py
[2025-03-17T16:03:43.468+0000] {processor.py:925} INFO - DAG(s) 'consumer2' retrieved from /opt/airflow/dags/03.1_consumer_2.0.py
[2025-03-17T16:03:43.489+0000] {logging_mixin.py:190} INFO - [2025-03-17T16:03:43.489+0000] {dag.py:3239} INFO - Sync 1 DAGs
[2025-03-17T16:03:43.511+0000] {logging_mixin.py:190} INFO - [2025-03-17T16:03:43.511+0000] {dag.py:4180} INFO - Setting next_dagrun for consumer2 to None, run_after=None
[2025-03-17T16:03:43.535+0000] {processor.py:208} INFO - Processing /opt/airflow/dags/03.1_consumer_2.0.py took 0.089 seconds
[2025-03-17T16:04:14.411+0000] {processor.py:186} INFO - Started process (PID=108) to work on /opt/airflow/dags/03.1_consumer_2.0.py
[2025-03-17T16:04:14.412+0000] {processor.py:914} INFO - Processing file /opt/airflow/dags/03.1_consumer_2.0.py for tasks to queue
[2025-03-17T16:04:14.414+0000] {logging_mixin.py:190} INFO - [2025-03-17T16:04:14.414+0000] {dagbag.py:588} INFO - Filling up the DagBag from /opt/airflow/dags/03.1_consumer_2.0.py
[2025-03-17T16:04:14.428+0000] {processor.py:925} INFO - DAG(s) 'consumer2' retrieved from /opt/airflow/dags/03.1_consumer_2.0.py
[2025-03-17T16:04:14.447+0000] {logging_mixin.py:190} INFO - [2025-03-17T16:04:14.447+0000] {dag.py:3239} INFO - Sync 1 DAGs
[2025-03-17T16:04:14.466+0000] {logging_mixin.py:190} INFO - [2025-03-17T16:04:14.466+0000] {dag.py:4180} INFO - Setting next_dagrun for consumer2 to None, run_after=None
[2025-03-17T16:04:14.489+0000] {processor.py:208} INFO - Processing /opt/airflow/dags/03.1_consumer_2.0.py took 0.082 seconds
[2025-03-17T16:04:44.697+0000] {processor.py:186} INFO - Started process (PID=121) to work on /opt/airflow/dags/03.1_consumer_2.0.py
[2025-03-17T16:04:44.698+0000] {processor.py:914} INFO - Processing file /opt/airflow/dags/03.1_consumer_2.0.py for tasks to queue
[2025-03-17T16:04:44.699+0000] {logging_mixin.py:190} INFO - [2025-03-17T16:04:44.699+0000] {dagbag.py:588} INFO - Filling up the DagBag from /opt/airflow/dags/03.1_consumer_2.0.py
[2025-03-17T16:04:44.714+0000] {processor.py:925} INFO - DAG(s) 'consumer2' retrieved from /opt/airflow/dags/03.1_consumer_2.0.py
[2025-03-17T16:04:44.737+0000] {logging_mixin.py:190} INFO - [2025-03-17T16:04:44.737+0000] {dag.py:3239} INFO - Sync 1 DAGs
[2025-03-17T16:04:44.761+0000] {logging_mixin.py:190} INFO - [2025-03-17T16:04:44.760+0000] {dag.py:4180} INFO - Setting next_dagrun for consumer2 to None, run_after=None
[2025-03-17T16:04:44.784+0000] {processor.py:208} INFO - Processing /opt/airflow/dags/03.1_consumer_2.0.py took 0.090 seconds
[2025-03-17T16:05:15.017+0000] {processor.py:186} INFO - Started process (PID=138) to work on /opt/airflow/dags/03.1_consumer_2.0.py
[2025-03-17T16:05:15.018+0000] {processor.py:914} INFO - Processing file /opt/airflow/dags/03.1_consumer_2.0.py for tasks to queue
[2025-03-17T16:05:15.021+0000] {logging_mixin.py:190} INFO - [2025-03-17T16:05:15.020+0000] {dagbag.py:588} INFO - Filling up the DagBag from /opt/airflow/dags/03.1_consumer_2.0.py
[2025-03-17T16:05:15.038+0000] {processor.py:925} INFO - DAG(s) 'consumer2' retrieved from /opt/airflow/dags/03.1_consumer_2.0.py
[2025-03-17T16:05:15.063+0000] {logging_mixin.py:190} INFO - [2025-03-17T16:05:15.063+0000] {dag.py:3239} INFO - Sync 1 DAGs
[2025-03-17T16:05:15.087+0000] {logging_mixin.py:190} INFO - [2025-03-17T16:05:15.087+0000] {dag.py:4180} INFO - Setting next_dagrun for consumer2 to None, run_after=None
[2025-03-17T16:05:15.114+0000] {processor.py:208} INFO - Processing /opt/airflow/dags/03.1_consumer_2.0.py took 0.104 seconds
[2025-03-17T16:05:45.258+0000] {processor.py:186} INFO - Started process (PID=164) to work on /opt/airflow/dags/03.1_consumer_2.0.py
[2025-03-17T16:05:45.259+0000] {processor.py:914} INFO - Processing file /opt/airflow/dags/03.1_consumer_2.0.py for tasks to queue
[2025-03-17T16:05:45.262+0000] {logging_mixin.py:190} INFO - [2025-03-17T16:05:45.261+0000] {dagbag.py:588} INFO - Filling up the DagBag from /opt/airflow/dags/03.1_consumer_2.0.py
[2025-03-17T16:05:45.277+0000] {processor.py:925} INFO - DAG(s) 'consumer2' retrieved from /opt/airflow/dags/03.1_consumer_2.0.py
[2025-03-17T16:05:45.299+0000] {logging_mixin.py:190} INFO - [2025-03-17T16:05:45.299+0000] {dag.py:3239} INFO - Sync 1 DAGs
[2025-03-17T16:05:45.496+0000] {logging_mixin.py:190} INFO - [2025-03-17T16:05:45.495+0000] {dag.py:4180} INFO - Setting next_dagrun for consumer2 to None, run_after=None
[2025-03-17T16:05:45.516+0000] {processor.py:208} INFO - Processing /opt/airflow/dags/03.1_consumer_2.0.py took 0.264 seconds
[2025-03-17T16:06:16.191+0000] {processor.py:186} INFO - Started process (PID=177) to work on /opt/airflow/dags/03.1_consumer_2.0.py
[2025-03-17T16:06:16.192+0000] {processor.py:914} INFO - Processing file /opt/airflow/dags/03.1_consumer_2.0.py for tasks to queue
[2025-03-17T16:06:16.195+0000] {logging_mixin.py:190} INFO - [2025-03-17T16:06:16.195+0000] {dagbag.py:588} INFO - Filling up the DagBag from /opt/airflow/dags/03.1_consumer_2.0.py
[2025-03-17T16:06:16.211+0000] {processor.py:925} INFO - DAG(s) 'consumer2' retrieved from /opt/airflow/dags/03.1_consumer_2.0.py
[2025-03-17T16:06:16.236+0000] {logging_mixin.py:190} INFO - [2025-03-17T16:06:16.236+0000] {dag.py:3239} INFO - Sync 1 DAGs
[2025-03-17T16:06:16.441+0000] {logging_mixin.py:190} INFO - [2025-03-17T16:06:16.441+0000] {dag.py:4180} INFO - Setting next_dagrun for consumer2 to None, run_after=None
[2025-03-17T16:06:16.460+0000] {processor.py:208} INFO - Processing /opt/airflow/dags/03.1_consumer_2.0.py took 0.275 seconds
