[2025-03-17T15:27:59.771+0000] {processor.py:186} INFO - Started process (PID=62) to work on /opt/airflow/dags/04_parallel_dag.py
[2025-03-17T15:27:59.772+0000] {processor.py:914} INFO - Processing file /opt/airflow/dags/04_parallel_dag.py for tasks to queue
[2025-03-17T15:27:59.774+0000] {logging_mixin.py:190} INFO - [2025-03-17T15:27:59.774+0000] {dagbag.py:588} INFO - Filling up the DagBag from /opt/airflow/dags/04_parallel_dag.py
[2025-03-17T15:27:59.806+0000] {processor.py:925} INFO - DAG(s) 'parallel_dag' retrieved from /opt/airflow/dags/04_parallel_dag.py
[2025-03-17T15:28:00.028+0000] {logging_mixin.py:190} INFO - [2025-03-17T15:28:00.028+0000] {override.py:1911} INFO - Created Permission View: can read on DAG:parallel_dag
[2025-03-17T15:28:00.038+0000] {logging_mixin.py:190} INFO - [2025-03-17T15:28:00.038+0000] {override.py:1911} INFO - Created Permission View: can edit on DAG:parallel_dag
[2025-03-17T15:28:00.044+0000] {logging_mixin.py:190} INFO - [2025-03-17T15:28:00.044+0000] {override.py:1911} INFO - Created Permission View: can delete on DAG:parallel_dag
[2025-03-17T15:28:00.051+0000] {logging_mixin.py:190} INFO - [2025-03-17T15:28:00.051+0000] {override.py:1911} INFO - Created Permission View: can read on DAG Run:parallel_dag
[2025-03-17T15:28:00.058+0000] {logging_mixin.py:190} INFO - [2025-03-17T15:28:00.057+0000] {override.py:1911} INFO - Created Permission View: menu access on DAG Run:parallel_dag
[2025-03-17T15:28:00.064+0000] {logging_mixin.py:190} INFO - [2025-03-17T15:28:00.064+0000] {override.py:1911} INFO - Created Permission View: can create on DAG Run:parallel_dag
[2025-03-17T15:28:00.070+0000] {logging_mixin.py:190} INFO - [2025-03-17T15:28:00.070+0000] {override.py:1911} INFO - Created Permission View: can delete on DAG Run:parallel_dag
[2025-03-17T15:28:00.071+0000] {logging_mixin.py:190} INFO - [2025-03-17T15:28:00.071+0000] {dag.py:3239} INFO - Sync 1 DAGs
[2025-03-17T15:28:00.085+0000] {logging_mixin.py:190} INFO - [2025-03-17T15:28:00.085+0000] {dag.py:3262} INFO - Creating ORM DAG for parallel_dag
[2025-03-17T15:28:00.094+0000] {logging_mixin.py:190} INFO - [2025-03-17T15:28:00.094+0000] {dag.py:4180} INFO - Setting next_dagrun for parallel_dag to 2025-03-16 00:00:00+00:00, run_after=2025-03-17 00:00:00+00:00
[2025-03-17T15:28:00.109+0000] {processor.py:208} INFO - Processing /opt/airflow/dags/04_parallel_dag.py took 0.342 seconds
[2025-03-17T15:28:30.217+0000] {processor.py:186} INFO - Started process (PID=81) to work on /opt/airflow/dags/04_parallel_dag.py
[2025-03-17T15:28:30.219+0000] {processor.py:914} INFO - Processing file /opt/airflow/dags/04_parallel_dag.py for tasks to queue
[2025-03-17T15:28:30.220+0000] {logging_mixin.py:190} INFO - [2025-03-17T15:28:30.220+0000] {dagbag.py:588} INFO - Filling up the DagBag from /opt/airflow/dags/04_parallel_dag.py
[2025-03-17T15:28:30.237+0000] {processor.py:925} INFO - DAG(s) 'parallel_dag' retrieved from /opt/airflow/dags/04_parallel_dag.py
[2025-03-17T15:28:30.258+0000] {logging_mixin.py:190} INFO - [2025-03-17T15:28:30.258+0000] {dag.py:3239} INFO - Sync 1 DAGs
[2025-03-17T15:28:30.287+0000] {logging_mixin.py:190} INFO - [2025-03-17T15:28:30.287+0000] {dag.py:4180} INFO - Setting next_dagrun for parallel_dag to 2025-03-16 00:00:00+00:00, run_after=2025-03-17 00:00:00+00:00
[2025-03-17T15:28:30.305+0000] {processor.py:208} INFO - Processing /opt/airflow/dags/04_parallel_dag.py took 0.092 seconds
[2025-03-17T15:29:00.398+0000] {processor.py:186} INFO - Started process (PID=94) to work on /opt/airflow/dags/04_parallel_dag.py
[2025-03-17T15:29:00.399+0000] {processor.py:914} INFO - Processing file /opt/airflow/dags/04_parallel_dag.py for tasks to queue
[2025-03-17T15:29:00.401+0000] {logging_mixin.py:190} INFO - [2025-03-17T15:29:00.401+0000] {dagbag.py:588} INFO - Filling up the DagBag from /opt/airflow/dags/04_parallel_dag.py
[2025-03-17T15:29:00.418+0000] {processor.py:925} INFO - DAG(s) 'parallel_dag' retrieved from /opt/airflow/dags/04_parallel_dag.py
[2025-03-17T15:29:00.445+0000] {logging_mixin.py:190} INFO - [2025-03-17T15:29:00.444+0000] {dag.py:3239} INFO - Sync 1 DAGs
[2025-03-17T15:29:00.471+0000] {logging_mixin.py:190} INFO - [2025-03-17T15:29:00.471+0000] {dag.py:4180} INFO - Setting next_dagrun for parallel_dag to 2025-03-16 00:00:00+00:00, run_after=2025-03-17 00:00:00+00:00
[2025-03-17T15:29:00.492+0000] {processor.py:208} INFO - Processing /opt/airflow/dags/04_parallel_dag.py took 0.098 seconds
[2025-03-17T15:29:31.282+0000] {processor.py:186} INFO - Started process (PID=115) to work on /opt/airflow/dags/04_parallel_dag.py
[2025-03-17T15:29:31.282+0000] {processor.py:914} INFO - Processing file /opt/airflow/dags/04_parallel_dag.py for tasks to queue
[2025-03-17T15:29:31.284+0000] {logging_mixin.py:190} INFO - [2025-03-17T15:29:31.284+0000] {dagbag.py:588} INFO - Filling up the DagBag from /opt/airflow/dags/04_parallel_dag.py
[2025-03-17T15:29:31.300+0000] {processor.py:925} INFO - DAG(s) 'parallel_dag' retrieved from /opt/airflow/dags/04_parallel_dag.py
[2025-03-17T15:29:31.322+0000] {logging_mixin.py:190} INFO - [2025-03-17T15:29:31.322+0000] {dag.py:3239} INFO - Sync 1 DAGs
[2025-03-17T15:29:31.343+0000] {logging_mixin.py:190} INFO - [2025-03-17T15:29:31.343+0000] {dag.py:4180} INFO - Setting next_dagrun for parallel_dag to 2025-03-17 00:00:00+00:00, run_after=2025-03-18 00:00:00+00:00
[2025-03-17T15:29:31.357+0000] {processor.py:208} INFO - Processing /opt/airflow/dags/04_parallel_dag.py took 0.081 seconds
[2025-03-17T15:30:01.414+0000] {processor.py:186} INFO - Started process (PID=128) to work on /opt/airflow/dags/04_parallel_dag.py
[2025-03-17T15:30:01.415+0000] {processor.py:914} INFO - Processing file /opt/airflow/dags/04_parallel_dag.py for tasks to queue
[2025-03-17T15:30:01.417+0000] {logging_mixin.py:190} INFO - [2025-03-17T15:30:01.417+0000] {dagbag.py:588} INFO - Filling up the DagBag from /opt/airflow/dags/04_parallel_dag.py
[2025-03-17T15:30:01.434+0000] {processor.py:925} INFO - DAG(s) 'parallel_dag' retrieved from /opt/airflow/dags/04_parallel_dag.py
[2025-03-17T15:30:01.459+0000] {logging_mixin.py:190} INFO - [2025-03-17T15:30:01.459+0000] {dag.py:3239} INFO - Sync 1 DAGs
[2025-03-17T15:30:01.485+0000] {logging_mixin.py:190} INFO - [2025-03-17T15:30:01.485+0000] {dag.py:4180} INFO - Setting next_dagrun for parallel_dag to 2025-03-17 00:00:00+00:00, run_after=2025-03-18 00:00:00+00:00
[2025-03-17T15:30:01.502+0000] {processor.py:208} INFO - Processing /opt/airflow/dags/04_parallel_dag.py took 0.093 seconds
[2025-03-17T15:31:11.507+0000] {processor.py:186} INFO - Started process (PID=54) to work on /opt/airflow/dags/04_parallel_dag.py
[2025-03-17T15:31:11.507+0000] {processor.py:914} INFO - Processing file /opt/airflow/dags/04_parallel_dag.py for tasks to queue
[2025-03-17T15:31:11.509+0000] {logging_mixin.py:190} INFO - [2025-03-17T15:31:11.509+0000] {dagbag.py:588} INFO - Filling up the DagBag from /opt/airflow/dags/04_parallel_dag.py
[2025-03-17T15:31:11.529+0000] {processor.py:925} INFO - DAG(s) 'parallel_dag' retrieved from /opt/airflow/dags/04_parallel_dag.py
[2025-03-17T15:31:11.555+0000] {logging_mixin.py:190} INFO - [2025-03-17T15:31:11.555+0000] {dag.py:3239} INFO - Sync 1 DAGs
[2025-03-17T15:31:11.580+0000] {logging_mixin.py:190} INFO - [2025-03-17T15:31:11.579+0000] {dag.py:4180} INFO - Setting next_dagrun for parallel_dag to 2025-03-17 00:00:00+00:00, run_after=2025-03-18 00:00:00+00:00
[2025-03-17T15:31:11.601+0000] {processor.py:208} INFO - Processing /opt/airflow/dags/04_parallel_dag.py took 0.099 seconds
[2025-03-17T15:31:41.688+0000] {processor.py:186} INFO - Started process (PID=73) to work on /opt/airflow/dags/04_parallel_dag.py
[2025-03-17T15:31:41.689+0000] {processor.py:914} INFO - Processing file /opt/airflow/dags/04_parallel_dag.py for tasks to queue
[2025-03-17T15:31:41.691+0000] {logging_mixin.py:190} INFO - [2025-03-17T15:31:41.690+0000] {dagbag.py:588} INFO - Filling up the DagBag from /opt/airflow/dags/04_parallel_dag.py
[2025-03-17T15:31:41.708+0000] {processor.py:925} INFO - DAG(s) 'parallel_dag' retrieved from /opt/airflow/dags/04_parallel_dag.py
[2025-03-17T15:31:41.732+0000] {logging_mixin.py:190} INFO - [2025-03-17T15:31:41.731+0000] {dag.py:3239} INFO - Sync 1 DAGs
[2025-03-17T15:31:41.756+0000] {logging_mixin.py:190} INFO - [2025-03-17T15:31:41.756+0000] {dag.py:4180} INFO - Setting next_dagrun for parallel_dag to 2025-03-17 00:00:00+00:00, run_after=2025-03-18 00:00:00+00:00
[2025-03-17T15:31:41.930+0000] {processor.py:208} INFO - Processing /opt/airflow/dags/04_parallel_dag.py took 0.247 seconds
[2025-03-17T15:32:12.632+0000] {processor.py:186} INFO - Started process (PID=86) to work on /opt/airflow/dags/04_parallel_dag.py
[2025-03-17T15:32:12.632+0000] {processor.py:914} INFO - Processing file /opt/airflow/dags/04_parallel_dag.py for tasks to queue
[2025-03-17T15:32:12.634+0000] {logging_mixin.py:190} INFO - [2025-03-17T15:32:12.634+0000] {dagbag.py:588} INFO - Filling up the DagBag from /opt/airflow/dags/04_parallel_dag.py
[2025-03-17T15:32:12.650+0000] {processor.py:925} INFO - DAG(s) 'parallel_dag' retrieved from /opt/airflow/dags/04_parallel_dag.py
[2025-03-17T15:32:12.671+0000] {logging_mixin.py:190} INFO - [2025-03-17T15:32:12.671+0000] {dag.py:3239} INFO - Sync 1 DAGs
[2025-03-17T15:32:12.853+0000] {logging_mixin.py:190} INFO - [2025-03-17T15:32:12.853+0000] {dag.py:4180} INFO - Setting next_dagrun for parallel_dag to 2025-03-17 00:00:00+00:00, run_after=2025-03-18 00:00:00+00:00
[2025-03-17T15:32:12.870+0000] {processor.py:208} INFO - Processing /opt/airflow/dags/04_parallel_dag.py took 0.243 seconds
[2025-03-17T15:32:43.006+0000] {processor.py:186} INFO - Started process (PID=102) to work on /opt/airflow/dags/04_parallel_dag.py
[2025-03-17T15:32:43.007+0000] {processor.py:914} INFO - Processing file /opt/airflow/dags/04_parallel_dag.py for tasks to queue
[2025-03-17T15:32:43.009+0000] {logging_mixin.py:190} INFO - [2025-03-17T15:32:43.009+0000] {dagbag.py:588} INFO - Filling up the DagBag from /opt/airflow/dags/04_parallel_dag.py
[2025-03-17T15:32:43.024+0000] {processor.py:925} INFO - DAG(s) 'parallel_dag' retrieved from /opt/airflow/dags/04_parallel_dag.py
[2025-03-17T15:32:43.181+0000] {logging_mixin.py:190} INFO - [2025-03-17T15:32:43.180+0000] {dag.py:3239} INFO - Sync 1 DAGs
[2025-03-17T15:32:43.203+0000] {logging_mixin.py:190} INFO - [2025-03-17T15:32:43.203+0000] {dag.py:4180} INFO - Setting next_dagrun for parallel_dag to 2025-03-17 00:00:00+00:00, run_after=2025-03-18 00:00:00+00:00
[2025-03-17T15:32:43.218+0000] {processor.py:208} INFO - Processing /opt/airflow/dags/04_parallel_dag.py took 0.217 seconds
[2025-03-17T15:33:13.264+0000] {processor.py:186} INFO - Started process (PID=114) to work on /opt/airflow/dags/04_parallel_dag.py
[2025-03-17T15:33:13.265+0000] {processor.py:914} INFO - Processing file /opt/airflow/dags/04_parallel_dag.py for tasks to queue
[2025-03-17T15:33:13.388+0000] {logging_mixin.py:190} INFO - [2025-03-17T15:33:13.387+0000] {dagbag.py:588} INFO - Filling up the DagBag from /opt/airflow/dags/04_parallel_dag.py
[2025-03-17T15:33:13.404+0000] {processor.py:925} INFO - DAG(s) 'parallel_dag' retrieved from /opt/airflow/dags/04_parallel_dag.py
[2025-03-17T15:33:13.424+0000] {logging_mixin.py:190} INFO - [2025-03-17T15:33:13.424+0000] {dag.py:3239} INFO - Sync 1 DAGs
[2025-03-17T15:33:13.444+0000] {logging_mixin.py:190} INFO - [2025-03-17T15:33:13.443+0000] {dag.py:4180} INFO - Setting next_dagrun for parallel_dag to 2025-03-17 00:00:00+00:00, run_after=2025-03-18 00:00:00+00:00
[2025-03-17T15:33:13.458+0000] {processor.py:208} INFO - Processing /opt/airflow/dags/04_parallel_dag.py took 0.199 seconds
[2025-03-17T15:33:43.669+0000] {processor.py:186} INFO - Started process (PID=125) to work on /opt/airflow/dags/04_parallel_dag.py
[2025-03-17T15:33:43.671+0000] {processor.py:914} INFO - Processing file /opt/airflow/dags/04_parallel_dag.py for tasks to queue
[2025-03-17T15:33:43.674+0000] {logging_mixin.py:190} INFO - [2025-03-17T15:33:43.673+0000] {dagbag.py:588} INFO - Filling up the DagBag from /opt/airflow/dags/04_parallel_dag.py
[2025-03-17T15:33:43.691+0000] {processor.py:925} INFO - DAG(s) 'parallel_dag' retrieved from /opt/airflow/dags/04_parallel_dag.py
[2025-03-17T15:33:43.715+0000] {logging_mixin.py:190} INFO - [2025-03-17T15:33:43.715+0000] {dag.py:3239} INFO - Sync 1 DAGs
[2025-03-17T15:33:43.743+0000] {logging_mixin.py:190} INFO - [2025-03-17T15:33:43.742+0000] {dag.py:4180} INFO - Setting next_dagrun for parallel_dag to 2025-03-17 00:00:00+00:00, run_after=2025-03-18 00:00:00+00:00
[2025-03-17T15:33:43.761+0000] {processor.py:208} INFO - Processing /opt/airflow/dags/04_parallel_dag.py took 0.096 seconds
[2025-03-17T15:34:14.507+0000] {processor.py:186} INFO - Started process (PID=138) to work on /opt/airflow/dags/04_parallel_dag.py
[2025-03-17T15:34:14.508+0000] {processor.py:914} INFO - Processing file /opt/airflow/dags/04_parallel_dag.py for tasks to queue
[2025-03-17T15:34:14.512+0000] {logging_mixin.py:190} INFO - [2025-03-17T15:34:14.512+0000] {dagbag.py:588} INFO - Filling up the DagBag from /opt/airflow/dags/04_parallel_dag.py
[2025-03-17T15:34:14.531+0000] {processor.py:925} INFO - DAG(s) 'parallel_dag' retrieved from /opt/airflow/dags/04_parallel_dag.py
[2025-03-17T15:34:14.558+0000] {logging_mixin.py:190} INFO - [2025-03-17T15:34:14.558+0000] {dag.py:3239} INFO - Sync 1 DAGs
[2025-03-17T15:34:14.588+0000] {logging_mixin.py:190} INFO - [2025-03-17T15:34:14.588+0000] {dag.py:4180} INFO - Setting next_dagrun for parallel_dag to 2025-03-17 00:00:00+00:00, run_after=2025-03-18 00:00:00+00:00
[2025-03-17T15:34:14.608+0000] {processor.py:208} INFO - Processing /opt/airflow/dags/04_parallel_dag.py took 0.108 seconds
[2025-03-17T15:34:44.731+0000] {processor.py:186} INFO - Started process (PID=151) to work on /opt/airflow/dags/04_parallel_dag.py
[2025-03-17T15:34:44.732+0000] {processor.py:914} INFO - Processing file /opt/airflow/dags/04_parallel_dag.py for tasks to queue
[2025-03-17T15:34:44.735+0000] {logging_mixin.py:190} INFO - [2025-03-17T15:34:44.735+0000] {dagbag.py:588} INFO - Filling up the DagBag from /opt/airflow/dags/04_parallel_dag.py
[2025-03-17T15:34:44.755+0000] {processor.py:925} INFO - DAG(s) 'parallel_dag' retrieved from /opt/airflow/dags/04_parallel_dag.py
[2025-03-17T15:34:44.781+0000] {logging_mixin.py:190} INFO - [2025-03-17T15:34:44.781+0000] {dag.py:3239} INFO - Sync 1 DAGs
[2025-03-17T15:34:44.808+0000] {logging_mixin.py:190} INFO - [2025-03-17T15:34:44.808+0000] {dag.py:4180} INFO - Setting next_dagrun for parallel_dag to 2025-03-17 00:00:00+00:00, run_after=2025-03-18 00:00:00+00:00
[2025-03-17T15:34:44.827+0000] {processor.py:208} INFO - Processing /opt/airflow/dags/04_parallel_dag.py took 0.103 seconds
[2025-03-17T15:35:15.084+0000] {processor.py:186} INFO - Started process (PID=164) to work on /opt/airflow/dags/04_parallel_dag.py
[2025-03-17T15:35:15.085+0000] {processor.py:914} INFO - Processing file /opt/airflow/dags/04_parallel_dag.py for tasks to queue
[2025-03-17T15:35:15.087+0000] {logging_mixin.py:190} INFO - [2025-03-17T15:35:15.087+0000] {dagbag.py:588} INFO - Filling up the DagBag from /opt/airflow/dags/04_parallel_dag.py
[2025-03-17T15:35:15.104+0000] {processor.py:925} INFO - DAG(s) 'parallel_dag' retrieved from /opt/airflow/dags/04_parallel_dag.py
[2025-03-17T15:35:15.125+0000] {logging_mixin.py:190} INFO - [2025-03-17T15:35:15.125+0000] {dag.py:3239} INFO - Sync 1 DAGs
[2025-03-17T15:35:15.147+0000] {logging_mixin.py:190} INFO - [2025-03-17T15:35:15.147+0000] {dag.py:4180} INFO - Setting next_dagrun for parallel_dag to 2025-03-17 00:00:00+00:00, run_after=2025-03-18 00:00:00+00:00
[2025-03-17T15:35:15.163+0000] {processor.py:208} INFO - Processing /opt/airflow/dags/04_parallel_dag.py took 0.085 seconds
[2025-03-17T15:35:45.591+0000] {processor.py:186} INFO - Started process (PID=177) to work on /opt/airflow/dags/04_parallel_dag.py
[2025-03-17T15:35:45.592+0000] {processor.py:914} INFO - Processing file /opt/airflow/dags/04_parallel_dag.py for tasks to queue
[2025-03-17T15:35:45.594+0000] {logging_mixin.py:190} INFO - [2025-03-17T15:35:45.594+0000] {dagbag.py:588} INFO - Filling up the DagBag from /opt/airflow/dags/04_parallel_dag.py
[2025-03-17T15:35:45.610+0000] {processor.py:925} INFO - DAG(s) 'parallel_dag' retrieved from /opt/airflow/dags/04_parallel_dag.py
[2025-03-17T15:35:45.630+0000] {logging_mixin.py:190} INFO - [2025-03-17T15:35:45.630+0000] {dag.py:3239} INFO - Sync 1 DAGs
[2025-03-17T15:35:45.652+0000] {logging_mixin.py:190} INFO - [2025-03-17T15:35:45.652+0000] {dag.py:4180} INFO - Setting next_dagrun for parallel_dag to 2025-03-17 00:00:00+00:00, run_after=2025-03-18 00:00:00+00:00
[2025-03-17T15:35:45.666+0000] {processor.py:208} INFO - Processing /opt/airflow/dags/04_parallel_dag.py took 0.080 seconds
[2025-03-17T15:36:16.040+0000] {processor.py:186} INFO - Started process (PID=190) to work on /opt/airflow/dags/04_parallel_dag.py
[2025-03-17T15:36:16.041+0000] {processor.py:914} INFO - Processing file /opt/airflow/dags/04_parallel_dag.py for tasks to queue
[2025-03-17T15:36:16.043+0000] {logging_mixin.py:190} INFO - [2025-03-17T15:36:16.043+0000] {dagbag.py:588} INFO - Filling up the DagBag from /opt/airflow/dags/04_parallel_dag.py
[2025-03-17T15:36:16.059+0000] {processor.py:925} INFO - DAG(s) 'parallel_dag' retrieved from /opt/airflow/dags/04_parallel_dag.py
[2025-03-17T15:36:16.080+0000] {logging_mixin.py:190} INFO - [2025-03-17T15:36:16.080+0000] {dag.py:3239} INFO - Sync 1 DAGs
[2025-03-17T15:36:16.101+0000] {logging_mixin.py:190} INFO - [2025-03-17T15:36:16.101+0000] {dag.py:4180} INFO - Setting next_dagrun for parallel_dag to 2025-03-17 00:00:00+00:00, run_after=2025-03-18 00:00:00+00:00
[2025-03-17T15:36:16.117+0000] {processor.py:208} INFO - Processing /opt/airflow/dags/04_parallel_dag.py took 0.082 seconds
[2025-03-17T15:36:46.701+0000] {processor.py:186} INFO - Started process (PID=209) to work on /opt/airflow/dags/04_parallel_dag.py
[2025-03-17T15:36:46.702+0000] {processor.py:914} INFO - Processing file /opt/airflow/dags/04_parallel_dag.py for tasks to queue
[2025-03-17T15:36:46.704+0000] {logging_mixin.py:190} INFO - [2025-03-17T15:36:46.704+0000] {dagbag.py:588} INFO - Filling up the DagBag from /opt/airflow/dags/04_parallel_dag.py
[2025-03-17T15:36:46.721+0000] {processor.py:925} INFO - DAG(s) 'parallel_dag' retrieved from /opt/airflow/dags/04_parallel_dag.py
[2025-03-17T15:36:46.745+0000] {logging_mixin.py:190} INFO - [2025-03-17T15:36:46.745+0000] {dag.py:3239} INFO - Sync 1 DAGs
[2025-03-17T15:36:46.768+0000] {logging_mixin.py:190} INFO - [2025-03-17T15:36:46.768+0000] {dag.py:4180} INFO - Setting next_dagrun for parallel_dag to 2025-03-17 00:00:00+00:00, run_after=2025-03-18 00:00:00+00:00
[2025-03-17T15:36:46.784+0000] {processor.py:208} INFO - Processing /opt/airflow/dags/04_parallel_dag.py took 0.088 seconds
[2025-03-17T15:37:17.740+0000] {processor.py:186} INFO - Started process (PID=222) to work on /opt/airflow/dags/04_parallel_dag.py
[2025-03-17T15:37:17.740+0000] {processor.py:914} INFO - Processing file /opt/airflow/dags/04_parallel_dag.py for tasks to queue
[2025-03-17T15:37:17.742+0000] {logging_mixin.py:190} INFO - [2025-03-17T15:37:17.742+0000] {dagbag.py:588} INFO - Filling up the DagBag from /opt/airflow/dags/04_parallel_dag.py
[2025-03-17T15:37:17.758+0000] {processor.py:925} INFO - DAG(s) 'parallel_dag' retrieved from /opt/airflow/dags/04_parallel_dag.py
[2025-03-17T15:37:17.778+0000] {logging_mixin.py:190} INFO - [2025-03-17T15:37:17.778+0000] {dag.py:3239} INFO - Sync 1 DAGs
[2025-03-17T15:37:17.800+0000] {logging_mixin.py:190} INFO - [2025-03-17T15:37:17.799+0000] {dag.py:4180} INFO - Setting next_dagrun for parallel_dag to 2025-03-17 00:00:00+00:00, run_after=2025-03-18 00:00:00+00:00
[2025-03-17T15:37:17.815+0000] {processor.py:208} INFO - Processing /opt/airflow/dags/04_parallel_dag.py took 0.080 seconds
[2025-03-17T15:37:48.237+0000] {processor.py:186} INFO - Started process (PID=235) to work on /opt/airflow/dags/04_parallel_dag.py
[2025-03-17T15:37:48.238+0000] {processor.py:914} INFO - Processing file /opt/airflow/dags/04_parallel_dag.py for tasks to queue
[2025-03-17T15:37:48.240+0000] {logging_mixin.py:190} INFO - [2025-03-17T15:37:48.239+0000] {dagbag.py:588} INFO - Filling up the DagBag from /opt/airflow/dags/04_parallel_dag.py
[2025-03-17T15:37:48.255+0000] {processor.py:925} INFO - DAG(s) 'parallel_dag' retrieved from /opt/airflow/dags/04_parallel_dag.py
[2025-03-17T15:37:48.278+0000] {logging_mixin.py:190} INFO - [2025-03-17T15:37:48.277+0000] {dag.py:3239} INFO - Sync 1 DAGs
[2025-03-17T15:37:48.299+0000] {logging_mixin.py:190} INFO - [2025-03-17T15:37:48.299+0000] {dag.py:4180} INFO - Setting next_dagrun for parallel_dag to 2025-03-17 00:00:00+00:00, run_after=2025-03-18 00:00:00+00:00
[2025-03-17T15:37:48.313+0000] {processor.py:208} INFO - Processing /opt/airflow/dags/04_parallel_dag.py took 0.081 seconds
[2025-03-17T15:38:18.614+0000] {processor.py:186} INFO - Started process (PID=248) to work on /opt/airflow/dags/04_parallel_dag.py
[2025-03-17T15:38:18.614+0000] {processor.py:914} INFO - Processing file /opt/airflow/dags/04_parallel_dag.py for tasks to queue
[2025-03-17T15:38:18.616+0000] {logging_mixin.py:190} INFO - [2025-03-17T15:38:18.616+0000] {dagbag.py:588} INFO - Filling up the DagBag from /opt/airflow/dags/04_parallel_dag.py
[2025-03-17T15:38:18.634+0000] {processor.py:925} INFO - DAG(s) 'parallel_dag' retrieved from /opt/airflow/dags/04_parallel_dag.py
[2025-03-17T15:38:18.659+0000] {logging_mixin.py:190} INFO - [2025-03-17T15:38:18.659+0000] {dag.py:3239} INFO - Sync 1 DAGs
[2025-03-17T15:38:18.684+0000] {logging_mixin.py:190} INFO - [2025-03-17T15:38:18.684+0000] {dag.py:4180} INFO - Setting next_dagrun for parallel_dag to 2025-03-17 00:00:00+00:00, run_after=2025-03-18 00:00:00+00:00
[2025-03-17T15:38:18.700+0000] {processor.py:208} INFO - Processing /opt/airflow/dags/04_parallel_dag.py took 0.091 seconds
[2025-03-17T15:38:49.142+0000] {processor.py:186} INFO - Started process (PID=261) to work on /opt/airflow/dags/04_parallel_dag.py
[2025-03-17T15:38:49.143+0000] {processor.py:914} INFO - Processing file /opt/airflow/dags/04_parallel_dag.py for tasks to queue
[2025-03-17T15:38:49.145+0000] {logging_mixin.py:190} INFO - [2025-03-17T15:38:49.145+0000] {dagbag.py:588} INFO - Filling up the DagBag from /opt/airflow/dags/04_parallel_dag.py
[2025-03-17T15:38:49.162+0000] {processor.py:925} INFO - DAG(s) 'parallel_dag' retrieved from /opt/airflow/dags/04_parallel_dag.py
[2025-03-17T15:38:49.184+0000] {logging_mixin.py:190} INFO - [2025-03-17T15:38:49.184+0000] {dag.py:3239} INFO - Sync 1 DAGs
[2025-03-17T15:38:49.206+0000] {logging_mixin.py:190} INFO - [2025-03-17T15:38:49.206+0000] {dag.py:4180} INFO - Setting next_dagrun for parallel_dag to 2025-03-17 00:00:00+00:00, run_after=2025-03-18 00:00:00+00:00
[2025-03-17T15:38:49.224+0000] {processor.py:208} INFO - Processing /opt/airflow/dags/04_parallel_dag.py took 0.087 seconds
[2025-03-17T15:39:19.372+0000] {processor.py:186} INFO - Started process (PID=274) to work on /opt/airflow/dags/04_parallel_dag.py
[2025-03-17T15:39:19.372+0000] {processor.py:914} INFO - Processing file /opt/airflow/dags/04_parallel_dag.py for tasks to queue
[2025-03-17T15:39:19.375+0000] {logging_mixin.py:190} INFO - [2025-03-17T15:39:19.374+0000] {dagbag.py:588} INFO - Filling up the DagBag from /opt/airflow/dags/04_parallel_dag.py
[2025-03-17T15:39:19.391+0000] {processor.py:925} INFO - DAG(s) 'parallel_dag' retrieved from /opt/airflow/dags/04_parallel_dag.py
[2025-03-17T15:39:19.413+0000] {logging_mixin.py:190} INFO - [2025-03-17T15:39:19.413+0000] {dag.py:3239} INFO - Sync 1 DAGs
[2025-03-17T15:39:19.435+0000] {logging_mixin.py:190} INFO - [2025-03-17T15:39:19.435+0000] {dag.py:4180} INFO - Setting next_dagrun for parallel_dag to 2025-03-17 00:00:00+00:00, run_after=2025-03-18 00:00:00+00:00
[2025-03-17T15:39:19.451+0000] {processor.py:208} INFO - Processing /opt/airflow/dags/04_parallel_dag.py took 0.084 seconds
[2025-03-17T15:39:50.272+0000] {processor.py:186} INFO - Started process (PID=287) to work on /opt/airflow/dags/04_parallel_dag.py
[2025-03-17T15:39:50.273+0000] {processor.py:914} INFO - Processing file /opt/airflow/dags/04_parallel_dag.py for tasks to queue
[2025-03-17T15:39:50.275+0000] {logging_mixin.py:190} INFO - [2025-03-17T15:39:50.275+0000] {dagbag.py:588} INFO - Filling up the DagBag from /opt/airflow/dags/04_parallel_dag.py
[2025-03-17T15:39:50.293+0000] {processor.py:925} INFO - DAG(s) 'parallel_dag' retrieved from /opt/airflow/dags/04_parallel_dag.py
[2025-03-17T15:39:50.317+0000] {logging_mixin.py:190} INFO - [2025-03-17T15:39:50.316+0000] {dag.py:3239} INFO - Sync 1 DAGs
[2025-03-17T15:39:50.338+0000] {logging_mixin.py:190} INFO - [2025-03-17T15:39:50.338+0000] {dag.py:4180} INFO - Setting next_dagrun for parallel_dag to 2025-03-17 00:00:00+00:00, run_after=2025-03-18 00:00:00+00:00
[2025-03-17T15:39:50.355+0000] {processor.py:208} INFO - Processing /opt/airflow/dags/04_parallel_dag.py took 0.087 seconds
[2025-03-17T15:40:20.545+0000] {processor.py:186} INFO - Started process (PID=300) to work on /opt/airflow/dags/04_parallel_dag.py
[2025-03-17T15:40:20.546+0000] {processor.py:914} INFO - Processing file /opt/airflow/dags/04_parallel_dag.py for tasks to queue
[2025-03-17T15:40:20.549+0000] {logging_mixin.py:190} INFO - [2025-03-17T15:40:20.549+0000] {dagbag.py:588} INFO - Filling up the DagBag from /opt/airflow/dags/04_parallel_dag.py
[2025-03-17T15:40:20.567+0000] {processor.py:925} INFO - DAG(s) 'parallel_dag' retrieved from /opt/airflow/dags/04_parallel_dag.py
[2025-03-17T15:40:20.589+0000] {logging_mixin.py:190} INFO - [2025-03-17T15:40:20.589+0000] {dag.py:3239} INFO - Sync 1 DAGs
[2025-03-17T15:40:20.613+0000] {logging_mixin.py:190} INFO - [2025-03-17T15:40:20.612+0000] {dag.py:4180} INFO - Setting next_dagrun for parallel_dag to 2025-03-17 00:00:00+00:00, run_after=2025-03-18 00:00:00+00:00
[2025-03-17T15:40:20.630+0000] {processor.py:208} INFO - Processing /opt/airflow/dags/04_parallel_dag.py took 0.090 seconds
[2025-03-17T15:40:51.525+0000] {processor.py:186} INFO - Started process (PID=313) to work on /opt/airflow/dags/04_parallel_dag.py
[2025-03-17T15:40:51.526+0000] {processor.py:914} INFO - Processing file /opt/airflow/dags/04_parallel_dag.py for tasks to queue
[2025-03-17T15:40:51.528+0000] {logging_mixin.py:190} INFO - [2025-03-17T15:40:51.527+0000] {dagbag.py:588} INFO - Filling up the DagBag from /opt/airflow/dags/04_parallel_dag.py
[2025-03-17T15:40:51.547+0000] {processor.py:925} INFO - DAG(s) 'parallel_dag' retrieved from /opt/airflow/dags/04_parallel_dag.py
[2025-03-17T15:40:51.568+0000] {logging_mixin.py:190} INFO - [2025-03-17T15:40:51.568+0000] {dag.py:3239} INFO - Sync 1 DAGs
[2025-03-17T15:40:51.589+0000] {logging_mixin.py:190} INFO - [2025-03-17T15:40:51.588+0000] {dag.py:4180} INFO - Setting next_dagrun for parallel_dag to 2025-03-17 00:00:00+00:00, run_after=2025-03-18 00:00:00+00:00
[2025-03-17T15:40:51.604+0000] {processor.py:208} INFO - Processing /opt/airflow/dags/04_parallel_dag.py took 0.085 seconds
[2025-03-17T15:41:22.226+0000] {processor.py:186} INFO - Started process (PID=332) to work on /opt/airflow/dags/04_parallel_dag.py
[2025-03-17T15:41:22.227+0000] {processor.py:914} INFO - Processing file /opt/airflow/dags/04_parallel_dag.py for tasks to queue
[2025-03-17T15:41:22.229+0000] {logging_mixin.py:190} INFO - [2025-03-17T15:41:22.229+0000] {dagbag.py:588} INFO - Filling up the DagBag from /opt/airflow/dags/04_parallel_dag.py
[2025-03-17T15:41:22.246+0000] {processor.py:925} INFO - DAG(s) 'parallel_dag' retrieved from /opt/airflow/dags/04_parallel_dag.py
[2025-03-17T15:41:22.267+0000] {logging_mixin.py:190} INFO - [2025-03-17T15:41:22.267+0000] {dag.py:3239} INFO - Sync 1 DAGs
[2025-03-17T15:41:22.287+0000] {logging_mixin.py:190} INFO - [2025-03-17T15:41:22.287+0000] {dag.py:4180} INFO - Setting next_dagrun for parallel_dag to 2025-03-17 00:00:00+00:00, run_after=2025-03-18 00:00:00+00:00
[2025-03-17T15:41:22.302+0000] {processor.py:208} INFO - Processing /opt/airflow/dags/04_parallel_dag.py took 0.082 seconds
[2025-03-17T15:41:53.307+0000] {processor.py:186} INFO - Started process (PID=345) to work on /opt/airflow/dags/04_parallel_dag.py
[2025-03-17T15:41:53.308+0000] {processor.py:914} INFO - Processing file /opt/airflow/dags/04_parallel_dag.py for tasks to queue
[2025-03-17T15:41:53.310+0000] {logging_mixin.py:190} INFO - [2025-03-17T15:41:53.310+0000] {dagbag.py:588} INFO - Filling up the DagBag from /opt/airflow/dags/04_parallel_dag.py
[2025-03-17T15:41:53.326+0000] {processor.py:925} INFO - DAG(s) 'parallel_dag' retrieved from /opt/airflow/dags/04_parallel_dag.py
[2025-03-17T15:41:53.347+0000] {logging_mixin.py:190} INFO - [2025-03-17T15:41:53.346+0000] {dag.py:3239} INFO - Sync 1 DAGs
[2025-03-17T15:41:53.367+0000] {logging_mixin.py:190} INFO - [2025-03-17T15:41:53.366+0000] {dag.py:4180} INFO - Setting next_dagrun for parallel_dag to 2025-03-17 00:00:00+00:00, run_after=2025-03-18 00:00:00+00:00
[2025-03-17T15:41:53.383+0000] {processor.py:208} INFO - Processing /opt/airflow/dags/04_parallel_dag.py took 0.080 seconds
[2025-03-17T15:42:23.631+0000] {processor.py:186} INFO - Started process (PID=358) to work on /opt/airflow/dags/04_parallel_dag.py
[2025-03-17T15:42:23.632+0000] {processor.py:914} INFO - Processing file /opt/airflow/dags/04_parallel_dag.py for tasks to queue
[2025-03-17T15:42:23.634+0000] {logging_mixin.py:190} INFO - [2025-03-17T15:42:23.634+0000] {dagbag.py:588} INFO - Filling up the DagBag from /opt/airflow/dags/04_parallel_dag.py
[2025-03-17T15:42:23.651+0000] {processor.py:925} INFO - DAG(s) 'parallel_dag' retrieved from /opt/airflow/dags/04_parallel_dag.py
[2025-03-17T15:42:23.671+0000] {logging_mixin.py:190} INFO - [2025-03-17T15:42:23.671+0000] {dag.py:3239} INFO - Sync 1 DAGs
[2025-03-17T15:42:23.693+0000] {logging_mixin.py:190} INFO - [2025-03-17T15:42:23.693+0000] {dag.py:4180} INFO - Setting next_dagrun for parallel_dag to 2025-03-17 00:00:00+00:00, run_after=2025-03-18 00:00:00+00:00
[2025-03-17T15:42:23.709+0000] {processor.py:208} INFO - Processing /opt/airflow/dags/04_parallel_dag.py took 0.082 seconds
[2025-03-17T15:42:54.096+0000] {processor.py:186} INFO - Started process (PID=371) to work on /opt/airflow/dags/04_parallel_dag.py
[2025-03-17T15:42:54.096+0000] {processor.py:914} INFO - Processing file /opt/airflow/dags/04_parallel_dag.py for tasks to queue
[2025-03-17T15:42:54.099+0000] {logging_mixin.py:190} INFO - [2025-03-17T15:42:54.099+0000] {dagbag.py:588} INFO - Filling up the DagBag from /opt/airflow/dags/04_parallel_dag.py
[2025-03-17T15:42:54.115+0000] {processor.py:925} INFO - DAG(s) 'parallel_dag' retrieved from /opt/airflow/dags/04_parallel_dag.py
[2025-03-17T15:42:54.135+0000] {logging_mixin.py:190} INFO - [2025-03-17T15:42:54.135+0000] {dag.py:3239} INFO - Sync 1 DAGs
[2025-03-17T15:42:54.155+0000] {logging_mixin.py:190} INFO - [2025-03-17T15:42:54.155+0000] {dag.py:4180} INFO - Setting next_dagrun for parallel_dag to 2025-03-17 00:00:00+00:00, run_after=2025-03-18 00:00:00+00:00
[2025-03-17T15:42:54.170+0000] {processor.py:208} INFO - Processing /opt/airflow/dags/04_parallel_dag.py took 0.079 seconds
[2025-03-17T15:43:25.181+0000] {processor.py:186} INFO - Started process (PID=384) to work on /opt/airflow/dags/04_parallel_dag.py
[2025-03-17T15:43:25.182+0000] {processor.py:914} INFO - Processing file /opt/airflow/dags/04_parallel_dag.py for tasks to queue
[2025-03-17T15:43:25.184+0000] {logging_mixin.py:190} INFO - [2025-03-17T15:43:25.184+0000] {dagbag.py:588} INFO - Filling up the DagBag from /opt/airflow/dags/04_parallel_dag.py
[2025-03-17T15:43:25.202+0000] {processor.py:925} INFO - DAG(s) 'parallel_dag' retrieved from /opt/airflow/dags/04_parallel_dag.py
[2025-03-17T15:43:25.225+0000] {logging_mixin.py:190} INFO - [2025-03-17T15:43:25.225+0000] {dag.py:3239} INFO - Sync 1 DAGs
[2025-03-17T15:43:25.246+0000] {logging_mixin.py:190} INFO - [2025-03-17T15:43:25.246+0000] {dag.py:4180} INFO - Setting next_dagrun for parallel_dag to 2025-03-17 00:00:00+00:00, run_after=2025-03-18 00:00:00+00:00
[2025-03-17T15:43:25.265+0000] {processor.py:208} INFO - Processing /opt/airflow/dags/04_parallel_dag.py took 0.089 seconds
[2025-03-17T15:43:55.359+0000] {processor.py:186} INFO - Started process (PID=397) to work on /opt/airflow/dags/04_parallel_dag.py
[2025-03-17T15:43:55.359+0000] {processor.py:914} INFO - Processing file /opt/airflow/dags/04_parallel_dag.py for tasks to queue
[2025-03-17T15:43:55.362+0000] {logging_mixin.py:190} INFO - [2025-03-17T15:43:55.362+0000] {dagbag.py:588} INFO - Filling up the DagBag from /opt/airflow/dags/04_parallel_dag.py
[2025-03-17T15:43:55.379+0000] {processor.py:925} INFO - DAG(s) 'parallel_dag' retrieved from /opt/airflow/dags/04_parallel_dag.py
[2025-03-17T15:43:55.401+0000] {logging_mixin.py:190} INFO - [2025-03-17T15:43:55.401+0000] {dag.py:3239} INFO - Sync 1 DAGs
[2025-03-17T15:43:55.422+0000] {logging_mixin.py:190} INFO - [2025-03-17T15:43:55.422+0000] {dag.py:4180} INFO - Setting next_dagrun for parallel_dag to 2025-03-17 00:00:00+00:00, run_after=2025-03-18 00:00:00+00:00
[2025-03-17T15:43:55.439+0000] {processor.py:208} INFO - Processing /opt/airflow/dags/04_parallel_dag.py took 0.086 seconds
[2025-03-17T15:44:26.392+0000] {processor.py:186} INFO - Started process (PID=410) to work on /opt/airflow/dags/04_parallel_dag.py
[2025-03-17T15:44:26.393+0000] {processor.py:914} INFO - Processing file /opt/airflow/dags/04_parallel_dag.py for tasks to queue
[2025-03-17T15:44:26.395+0000] {logging_mixin.py:190} INFO - [2025-03-17T15:44:26.395+0000] {dagbag.py:588} INFO - Filling up the DagBag from /opt/airflow/dags/04_parallel_dag.py
[2025-03-17T15:44:26.413+0000] {processor.py:925} INFO - DAG(s) 'parallel_dag' retrieved from /opt/airflow/dags/04_parallel_dag.py
[2025-03-17T15:44:26.435+0000] {logging_mixin.py:190} INFO - [2025-03-17T15:44:26.435+0000] {dag.py:3239} INFO - Sync 1 DAGs
[2025-03-17T15:44:26.458+0000] {logging_mixin.py:190} INFO - [2025-03-17T15:44:26.458+0000] {dag.py:4180} INFO - Setting next_dagrun for parallel_dag to 2025-03-17 00:00:00+00:00, run_after=2025-03-18 00:00:00+00:00
[2025-03-17T15:44:26.474+0000] {processor.py:208} INFO - Processing /opt/airflow/dags/04_parallel_dag.py took 0.086 seconds
[2025-03-17T15:44:57.186+0000] {processor.py:186} INFO - Started process (PID=423) to work on /opt/airflow/dags/04_parallel_dag.py
[2025-03-17T15:44:57.188+0000] {processor.py:914} INFO - Processing file /opt/airflow/dags/04_parallel_dag.py for tasks to queue
[2025-03-17T15:44:57.192+0000] {logging_mixin.py:190} INFO - [2025-03-17T15:44:57.192+0000] {dagbag.py:588} INFO - Filling up the DagBag from /opt/airflow/dags/04_parallel_dag.py
[2025-03-17T15:44:57.212+0000] {processor.py:925} INFO - DAG(s) 'parallel_dag' retrieved from /opt/airflow/dags/04_parallel_dag.py
[2025-03-17T15:44:57.233+0000] {logging_mixin.py:190} INFO - [2025-03-17T15:44:57.233+0000] {dag.py:3239} INFO - Sync 1 DAGs
[2025-03-17T15:44:57.255+0000] {logging_mixin.py:190} INFO - [2025-03-17T15:44:57.255+0000] {dag.py:4180} INFO - Setting next_dagrun for parallel_dag to 2025-03-17 00:00:00+00:00, run_after=2025-03-18 00:00:00+00:00
[2025-03-17T15:44:57.271+0000] {processor.py:208} INFO - Processing /opt/airflow/dags/04_parallel_dag.py took 0.093 seconds
[2025-03-17T15:45:27.460+0000] {processor.py:186} INFO - Started process (PID=442) to work on /opt/airflow/dags/04_parallel_dag.py
[2025-03-17T15:45:27.461+0000] {processor.py:914} INFO - Processing file /opt/airflow/dags/04_parallel_dag.py for tasks to queue
[2025-03-17T15:45:27.463+0000] {logging_mixin.py:190} INFO - [2025-03-17T15:45:27.462+0000] {dagbag.py:588} INFO - Filling up the DagBag from /opt/airflow/dags/04_parallel_dag.py
[2025-03-17T15:45:27.480+0000] {processor.py:925} INFO - DAG(s) 'parallel_dag' retrieved from /opt/airflow/dags/04_parallel_dag.py
[2025-03-17T15:45:27.502+0000] {logging_mixin.py:190} INFO - [2025-03-17T15:45:27.502+0000] {dag.py:3239} INFO - Sync 1 DAGs
[2025-03-17T15:45:27.524+0000] {logging_mixin.py:190} INFO - [2025-03-17T15:45:27.524+0000] {dag.py:4180} INFO - Setting next_dagrun for parallel_dag to 2025-03-17 00:00:00+00:00, run_after=2025-03-18 00:00:00+00:00
[2025-03-17T15:45:27.540+0000] {processor.py:208} INFO - Processing /opt/airflow/dags/04_parallel_dag.py took 0.085 seconds
[2025-03-17T15:45:58.313+0000] {processor.py:186} INFO - Started process (PID=456) to work on /opt/airflow/dags/04_parallel_dag.py
[2025-03-17T15:45:58.313+0000] {processor.py:914} INFO - Processing file /opt/airflow/dags/04_parallel_dag.py for tasks to queue
[2025-03-17T15:45:58.315+0000] {logging_mixin.py:190} INFO - [2025-03-17T15:45:58.315+0000] {dagbag.py:588} INFO - Filling up the DagBag from /opt/airflow/dags/04_parallel_dag.py
[2025-03-17T15:45:58.332+0000] {processor.py:925} INFO - DAG(s) 'parallel_dag' retrieved from /opt/airflow/dags/04_parallel_dag.py
[2025-03-17T15:45:58.356+0000] {logging_mixin.py:190} INFO - [2025-03-17T15:45:58.355+0000] {dag.py:3239} INFO - Sync 1 DAGs
[2025-03-17T15:45:58.380+0000] {logging_mixin.py:190} INFO - [2025-03-17T15:45:58.380+0000] {dag.py:4180} INFO - Setting next_dagrun for parallel_dag to 2025-03-17 00:00:00+00:00, run_after=2025-03-18 00:00:00+00:00
[2025-03-17T15:45:58.399+0000] {processor.py:208} INFO - Processing /opt/airflow/dags/04_parallel_dag.py took 0.092 seconds
[2025-03-17T15:46:28.783+0000] {processor.py:186} INFO - Started process (PID=469) to work on /opt/airflow/dags/04_parallel_dag.py
[2025-03-17T15:46:28.784+0000] {processor.py:914} INFO - Processing file /opt/airflow/dags/04_parallel_dag.py for tasks to queue
[2025-03-17T15:46:28.787+0000] {logging_mixin.py:190} INFO - [2025-03-17T15:46:28.786+0000] {dagbag.py:588} INFO - Filling up the DagBag from /opt/airflow/dags/04_parallel_dag.py
[2025-03-17T15:46:28.804+0000] {processor.py:925} INFO - DAG(s) 'parallel_dag' retrieved from /opt/airflow/dags/04_parallel_dag.py
[2025-03-17T15:46:28.829+0000] {logging_mixin.py:190} INFO - [2025-03-17T15:46:28.829+0000] {dag.py:3239} INFO - Sync 1 DAGs
[2025-03-17T15:46:28.854+0000] {logging_mixin.py:190} INFO - [2025-03-17T15:46:28.854+0000] {dag.py:4180} INFO - Setting next_dagrun for parallel_dag to 2025-03-17 00:00:00+00:00, run_after=2025-03-18 00:00:00+00:00
[2025-03-17T15:46:28.872+0000] {processor.py:208} INFO - Processing /opt/airflow/dags/04_parallel_dag.py took 0.094 seconds
[2025-03-17T15:47:16.363+0000] {processor.py:186} INFO - Started process (PID=60) to work on /opt/airflow/dags/04_parallel_dag.py
[2025-03-17T15:47:16.364+0000] {processor.py:914} INFO - Processing file /opt/airflow/dags/04_parallel_dag.py for tasks to queue
[2025-03-17T15:47:16.367+0000] {logging_mixin.py:190} INFO - [2025-03-17T15:47:16.367+0000] {dagbag.py:588} INFO - Filling up the DagBag from /opt/airflow/dags/04_parallel_dag.py
[2025-03-17T15:47:16.390+0000] {processor.py:925} INFO - DAG(s) 'parallel_dag' retrieved from /opt/airflow/dags/04_parallel_dag.py
[2025-03-17T15:47:16.441+0000] {logging_mixin.py:190} INFO - [2025-03-17T15:47:16.440+0000] {dag.py:3239} INFO - Sync 1 DAGs
[2025-03-17T15:47:16.474+0000] {logging_mixin.py:190} INFO - [2025-03-17T15:47:16.474+0000] {dag.py:4180} INFO - Setting next_dagrun for parallel_dag to 2025-03-17 00:00:00+00:00, run_after=2025-03-18 00:00:00+00:00
[2025-03-17T15:47:16.494+0000] {processor.py:208} INFO - Processing /opt/airflow/dags/04_parallel_dag.py took 0.140 seconds
[2025-03-17T15:47:46.619+0000] {processor.py:186} INFO - Started process (PID=79) to work on /opt/airflow/dags/04_parallel_dag.py
[2025-03-17T15:47:46.620+0000] {processor.py:914} INFO - Processing file /opt/airflow/dags/04_parallel_dag.py for tasks to queue
[2025-03-17T15:47:46.622+0000] {logging_mixin.py:190} INFO - [2025-03-17T15:47:46.622+0000] {dagbag.py:588} INFO - Filling up the DagBag from /opt/airflow/dags/04_parallel_dag.py
[2025-03-17T15:47:46.642+0000] {processor.py:925} INFO - DAG(s) 'parallel_dag' retrieved from /opt/airflow/dags/04_parallel_dag.py
[2025-03-17T15:47:46.668+0000] {logging_mixin.py:190} INFO - [2025-03-17T15:47:46.668+0000] {dag.py:3239} INFO - Sync 1 DAGs
[2025-03-17T15:47:46.692+0000] {logging_mixin.py:190} INFO - [2025-03-17T15:47:46.692+0000] {dag.py:4180} INFO - Setting next_dagrun for parallel_dag to 2025-03-17 00:00:00+00:00, run_after=2025-03-18 00:00:00+00:00
[2025-03-17T15:47:46.712+0000] {processor.py:208} INFO - Processing /opt/airflow/dags/04_parallel_dag.py took 0.100 seconds
[2025-03-17T15:48:16.898+0000] {processor.py:186} INFO - Started process (PID=92) to work on /opt/airflow/dags/04_parallel_dag.py
[2025-03-17T15:48:16.899+0000] {processor.py:914} INFO - Processing file /opt/airflow/dags/04_parallel_dag.py for tasks to queue
[2025-03-17T15:48:16.902+0000] {logging_mixin.py:190} INFO - [2025-03-17T15:48:16.901+0000] {dagbag.py:588} INFO - Filling up the DagBag from /opt/airflow/dags/04_parallel_dag.py
[2025-03-17T15:48:16.920+0000] {processor.py:925} INFO - DAG(s) 'parallel_dag' retrieved from /opt/airflow/dags/04_parallel_dag.py
[2025-03-17T15:48:16.946+0000] {logging_mixin.py:190} INFO - [2025-03-17T15:48:16.946+0000] {dag.py:3239} INFO - Sync 1 DAGs
[2025-03-17T15:48:16.971+0000] {logging_mixin.py:190} INFO - [2025-03-17T15:48:16.971+0000] {dag.py:4180} INFO - Setting next_dagrun for parallel_dag to 2025-03-17 00:00:00+00:00, run_after=2025-03-18 00:00:00+00:00
[2025-03-17T15:48:16.989+0000] {processor.py:208} INFO - Processing /opt/airflow/dags/04_parallel_dag.py took 0.097 seconds
[2025-03-17T15:48:47.114+0000] {processor.py:186} INFO - Started process (PID=105) to work on /opt/airflow/dags/04_parallel_dag.py
[2025-03-17T15:48:47.115+0000] {processor.py:914} INFO - Processing file /opt/airflow/dags/04_parallel_dag.py for tasks to queue
[2025-03-17T15:48:47.117+0000] {logging_mixin.py:190} INFO - [2025-03-17T15:48:47.116+0000] {dagbag.py:588} INFO - Filling up the DagBag from /opt/airflow/dags/04_parallel_dag.py
[2025-03-17T15:48:47.134+0000] {processor.py:925} INFO - DAG(s) 'parallel_dag' retrieved from /opt/airflow/dags/04_parallel_dag.py
[2025-03-17T15:48:47.157+0000] {logging_mixin.py:190} INFO - [2025-03-17T15:48:47.157+0000] {dag.py:3239} INFO - Sync 1 DAGs
[2025-03-17T15:48:47.182+0000] {logging_mixin.py:190} INFO - [2025-03-17T15:48:47.182+0000] {dag.py:4180} INFO - Setting next_dagrun for parallel_dag to 2025-03-17 00:00:00+00:00, run_after=2025-03-18 00:00:00+00:00
[2025-03-17T15:48:47.202+0000] {processor.py:208} INFO - Processing /opt/airflow/dags/04_parallel_dag.py took 0.092 seconds
[2025-03-17T15:49:17.491+0000] {processor.py:186} INFO - Started process (PID=118) to work on /opt/airflow/dags/04_parallel_dag.py
[2025-03-17T15:49:17.492+0000] {processor.py:914} INFO - Processing file /opt/airflow/dags/04_parallel_dag.py for tasks to queue
[2025-03-17T15:49:17.493+0000] {logging_mixin.py:190} INFO - [2025-03-17T15:49:17.493+0000] {dagbag.py:588} INFO - Filling up the DagBag from /opt/airflow/dags/04_parallel_dag.py
[2025-03-17T15:49:17.509+0000] {processor.py:925} INFO - DAG(s) 'parallel_dag' retrieved from /opt/airflow/dags/04_parallel_dag.py
[2025-03-17T15:49:17.529+0000] {logging_mixin.py:190} INFO - [2025-03-17T15:49:17.529+0000] {dag.py:3239} INFO - Sync 1 DAGs
[2025-03-17T15:49:17.551+0000] {logging_mixin.py:190} INFO - [2025-03-17T15:49:17.550+0000] {dag.py:4180} INFO - Setting next_dagrun for parallel_dag to 2025-03-17 00:00:00+00:00, run_after=2025-03-18 00:00:00+00:00
[2025-03-17T15:49:17.571+0000] {processor.py:208} INFO - Processing /opt/airflow/dags/04_parallel_dag.py took 0.084 seconds
[2025-03-17T15:49:47.850+0000] {processor.py:186} INFO - Started process (PID=131) to work on /opt/airflow/dags/04_parallel_dag.py
[2025-03-17T15:49:47.850+0000] {processor.py:914} INFO - Processing file /opt/airflow/dags/04_parallel_dag.py for tasks to queue
[2025-03-17T15:49:47.852+0000] {logging_mixin.py:190} INFO - [2025-03-17T15:49:47.852+0000] {dagbag.py:588} INFO - Filling up the DagBag from /opt/airflow/dags/04_parallel_dag.py
[2025-03-17T15:49:47.867+0000] {processor.py:925} INFO - DAG(s) 'parallel_dag' retrieved from /opt/airflow/dags/04_parallel_dag.py
[2025-03-17T15:49:47.888+0000] {logging_mixin.py:190} INFO - [2025-03-17T15:49:47.888+0000] {dag.py:3239} INFO - Sync 1 DAGs
[2025-03-17T15:49:47.910+0000] {logging_mixin.py:190} INFO - [2025-03-17T15:49:47.910+0000] {dag.py:4180} INFO - Setting next_dagrun for parallel_dag to 2025-03-17 00:00:00+00:00, run_after=2025-03-18 00:00:00+00:00
[2025-03-17T15:49:47.926+0000] {processor.py:208} INFO - Processing /opt/airflow/dags/04_parallel_dag.py took 0.081 seconds
[2025-03-17T15:50:18.149+0000] {processor.py:186} INFO - Started process (PID=144) to work on /opt/airflow/dags/04_parallel_dag.py
[2025-03-17T15:50:18.149+0000] {processor.py:914} INFO - Processing file /opt/airflow/dags/04_parallel_dag.py for tasks to queue
[2025-03-17T15:50:18.152+0000] {logging_mixin.py:190} INFO - [2025-03-17T15:50:18.151+0000] {dagbag.py:588} INFO - Filling up the DagBag from /opt/airflow/dags/04_parallel_dag.py
[2025-03-17T15:50:18.170+0000] {processor.py:925} INFO - DAG(s) 'parallel_dag' retrieved from /opt/airflow/dags/04_parallel_dag.py
[2025-03-17T15:50:18.191+0000] {logging_mixin.py:190} INFO - [2025-03-17T15:50:18.190+0000] {dag.py:3239} INFO - Sync 1 DAGs
[2025-03-17T15:50:18.213+0000] {logging_mixin.py:190} INFO - [2025-03-17T15:50:18.213+0000] {dag.py:4180} INFO - Setting next_dagrun for parallel_dag to 2025-03-17 00:00:00+00:00, run_after=2025-03-18 00:00:00+00:00
[2025-03-17T15:50:18.397+0000] {processor.py:208} INFO - Processing /opt/airflow/dags/04_parallel_dag.py took 0.255 seconds
[2025-03-17T15:50:48.962+0000] {processor.py:186} INFO - Started process (PID=157) to work on /opt/airflow/dags/04_parallel_dag.py
[2025-03-17T15:50:48.962+0000] {processor.py:914} INFO - Processing file /opt/airflow/dags/04_parallel_dag.py for tasks to queue
[2025-03-17T15:50:48.964+0000] {logging_mixin.py:190} INFO - [2025-03-17T15:50:48.964+0000] {dagbag.py:588} INFO - Filling up the DagBag from /opt/airflow/dags/04_parallel_dag.py
[2025-03-17T15:50:48.984+0000] {processor.py:925} INFO - DAG(s) 'parallel_dag' retrieved from /opt/airflow/dags/04_parallel_dag.py
[2025-03-17T15:50:49.010+0000] {logging_mixin.py:190} INFO - [2025-03-17T15:50:49.010+0000] {dag.py:3239} INFO - Sync 1 DAGs
[2025-03-17T15:50:49.202+0000] {logging_mixin.py:190} INFO - [2025-03-17T15:50:49.202+0000] {dag.py:4180} INFO - Setting next_dagrun for parallel_dag to 2025-03-17 00:00:00+00:00, run_after=2025-03-18 00:00:00+00:00
[2025-03-17T15:50:49.218+0000] {processor.py:208} INFO - Processing /opt/airflow/dags/04_parallel_dag.py took 0.262 seconds
[2025-03-17T15:51:19.688+0000] {processor.py:186} INFO - Started process (PID=170) to work on /opt/airflow/dags/04_parallel_dag.py
[2025-03-17T15:51:19.689+0000] {processor.py:914} INFO - Processing file /opt/airflow/dags/04_parallel_dag.py for tasks to queue
[2025-03-17T15:51:19.692+0000] {logging_mixin.py:190} INFO - [2025-03-17T15:51:19.691+0000] {dagbag.py:588} INFO - Filling up the DagBag from /opt/airflow/dags/04_parallel_dag.py
[2025-03-17T15:51:19.711+0000] {processor.py:925} INFO - DAG(s) 'parallel_dag' retrieved from /opt/airflow/dags/04_parallel_dag.py
[2025-03-17T15:51:19.906+0000] {logging_mixin.py:190} INFO - [2025-03-17T15:51:19.906+0000] {dag.py:3239} INFO - Sync 1 DAGs
[2025-03-17T15:51:19.929+0000] {logging_mixin.py:190} INFO - [2025-03-17T15:51:19.929+0000] {dag.py:4180} INFO - Setting next_dagrun for parallel_dag to 2025-03-17 00:00:00+00:00, run_after=2025-03-18 00:00:00+00:00
[2025-03-17T15:51:19.946+0000] {processor.py:208} INFO - Processing /opt/airflow/dags/04_parallel_dag.py took 0.263 seconds
[2025-03-17T15:51:50.642+0000] {processor.py:186} INFO - Started process (PID=183) to work on /opt/airflow/dags/04_parallel_dag.py
[2025-03-17T15:51:50.643+0000] {processor.py:914} INFO - Processing file /opt/airflow/dags/04_parallel_dag.py for tasks to queue
[2025-03-17T15:51:50.644+0000] {logging_mixin.py:190} INFO - [2025-03-17T15:51:50.643+0000] {dagbag.py:588} INFO - Filling up the DagBag from /opt/airflow/dags/04_parallel_dag.py
[2025-03-17T15:51:50.658+0000] {processor.py:925} INFO - DAG(s) 'parallel_dag' retrieved from /opt/airflow/dags/04_parallel_dag.py
[2025-03-17T15:51:50.676+0000] {logging_mixin.py:190} INFO - [2025-03-17T15:51:50.676+0000] {dag.py:3239} INFO - Sync 1 DAGs
[2025-03-17T15:51:50.695+0000] {logging_mixin.py:190} INFO - [2025-03-17T15:51:50.695+0000] {dag.py:4180} INFO - Setting next_dagrun for parallel_dag to 2025-03-17 00:00:00+00:00, run_after=2025-03-18 00:00:00+00:00
[2025-03-17T15:51:50.709+0000] {processor.py:208} INFO - Processing /opt/airflow/dags/04_parallel_dag.py took 0.200 seconds
[2025-03-17T15:52:21.080+0000] {processor.py:186} INFO - Started process (PID=202) to work on /opt/airflow/dags/04_parallel_dag.py
[2025-03-17T15:52:21.081+0000] {processor.py:914} INFO - Processing file /opt/airflow/dags/04_parallel_dag.py for tasks to queue
[2025-03-17T15:52:21.083+0000] {logging_mixin.py:190} INFO - [2025-03-17T15:52:21.083+0000] {dagbag.py:588} INFO - Filling up the DagBag from /opt/airflow/dags/04_parallel_dag.py
[2025-03-17T15:52:21.100+0000] {processor.py:925} INFO - DAG(s) 'parallel_dag' retrieved from /opt/airflow/dags/04_parallel_dag.py
[2025-03-17T15:52:21.120+0000] {logging_mixin.py:190} INFO - [2025-03-17T15:52:21.120+0000] {dag.py:3239} INFO - Sync 1 DAGs
[2025-03-17T15:52:21.141+0000] {logging_mixin.py:190} INFO - [2025-03-17T15:52:21.141+0000] {dag.py:4180} INFO - Setting next_dagrun for parallel_dag to 2025-03-17 00:00:00+00:00, run_after=2025-03-18 00:00:00+00:00
[2025-03-17T15:52:21.156+0000] {processor.py:208} INFO - Processing /opt/airflow/dags/04_parallel_dag.py took 0.081 seconds
[2025-03-17T15:53:28.882+0000] {processor.py:186} INFO - Started process (PID=66) to work on /opt/airflow/dags/04_parallel_dag.py
[2025-03-17T15:53:28.883+0000] {processor.py:914} INFO - Processing file /opt/airflow/dags/04_parallel_dag.py for tasks to queue
[2025-03-17T15:53:28.886+0000] {logging_mixin.py:190} INFO - [2025-03-17T15:53:28.886+0000] {dagbag.py:588} INFO - Filling up the DagBag from /opt/airflow/dags/04_parallel_dag.py
[2025-03-17T15:53:28.918+0000] {processor.py:925} INFO - DAG(s) 'parallel_dag' retrieved from /opt/airflow/dags/04_parallel_dag.py
[2025-03-17T15:53:28.966+0000] {logging_mixin.py:190} INFO - [2025-03-17T15:53:28.966+0000] {dag.py:3239} INFO - Sync 1 DAGs
[2025-03-17T15:53:28.995+0000] {logging_mixin.py:190} INFO - [2025-03-17T15:53:28.995+0000] {dag.py:4180} INFO - Setting next_dagrun for parallel_dag to 2025-03-17 00:00:00+00:00, run_after=2025-03-18 00:00:00+00:00
[2025-03-17T15:53:29.013+0000] {processor.py:208} INFO - Processing /opt/airflow/dags/04_parallel_dag.py took 0.139 seconds
[2025-03-17T15:53:59.352+0000] {processor.py:186} INFO - Started process (PID=79) to work on /opt/airflow/dags/04_parallel_dag.py
[2025-03-17T15:53:59.353+0000] {processor.py:914} INFO - Processing file /opt/airflow/dags/04_parallel_dag.py for tasks to queue
[2025-03-17T15:53:59.355+0000] {logging_mixin.py:190} INFO - [2025-03-17T15:53:59.354+0000] {dagbag.py:588} INFO - Filling up the DagBag from /opt/airflow/dags/04_parallel_dag.py
[2025-03-17T15:53:59.375+0000] {processor.py:925} INFO - DAG(s) 'parallel_dag' retrieved from /opt/airflow/dags/04_parallel_dag.py
[2025-03-17T15:53:59.400+0000] {logging_mixin.py:190} INFO - [2025-03-17T15:53:59.400+0000] {dag.py:3239} INFO - Sync 1 DAGs
[2025-03-17T15:53:59.425+0000] {logging_mixin.py:190} INFO - [2025-03-17T15:53:59.425+0000] {dag.py:4180} INFO - Setting next_dagrun for parallel_dag to 2025-03-17 00:00:00+00:00, run_after=2025-03-18 00:00:00+00:00
[2025-03-17T15:53:59.446+0000] {processor.py:208} INFO - Processing /opt/airflow/dags/04_parallel_dag.py took 0.100 seconds
[2025-03-17T15:54:05.439+0000] {processor.py:186} INFO - Started process (PID=86) to work on /opt/airflow/dags/04_parallel_dag.py
[2025-03-17T15:54:05.440+0000] {processor.py:914} INFO - Processing file /opt/airflow/dags/04_parallel_dag.py for tasks to queue
[2025-03-17T15:54:05.443+0000] {logging_mixin.py:190} INFO - [2025-03-17T15:54:05.442+0000] {dagbag.py:588} INFO - Filling up the DagBag from /opt/airflow/dags/04_parallel_dag.py
[2025-03-17T15:54:05.470+0000] {processor.py:925} INFO - DAG(s) 'parallel_dag' retrieved from /opt/airflow/dags/04_parallel_dag.py
[2025-03-17T15:54:05.497+0000] {logging_mixin.py:190} INFO - [2025-03-17T15:54:05.497+0000] {dag.py:3239} INFO - Sync 1 DAGs
[2025-03-17T15:54:05.524+0000] {logging_mixin.py:190} INFO - [2025-03-17T15:54:05.524+0000] {dag.py:4180} INFO - Setting next_dagrun for parallel_dag to 2025-03-17 00:00:00+00:00, run_after=2025-03-18 00:00:00+00:00
[2025-03-17T15:54:05.544+0000] {processor.py:208} INFO - Processing /opt/airflow/dags/04_parallel_dag.py took 0.113 seconds
[2025-03-17T15:54:20.070+0000] {processor.py:186} INFO - Started process (PID=87) to work on /opt/airflow/dags/04_parallel_dag.py
[2025-03-17T15:54:20.071+0000] {processor.py:914} INFO - Processing file /opt/airflow/dags/04_parallel_dag.py for tasks to queue
[2025-03-17T15:54:20.073+0000] {logging_mixin.py:190} INFO - [2025-03-17T15:54:20.073+0000] {dagbag.py:588} INFO - Filling up the DagBag from /opt/airflow/dags/04_parallel_dag.py
[2025-03-17T15:54:20.096+0000] {processor.py:925} INFO - DAG(s) 'parallel_dag' retrieved from /opt/airflow/dags/04_parallel_dag.py
[2025-03-17T15:54:20.117+0000] {logging_mixin.py:190} INFO - [2025-03-17T15:54:20.117+0000] {dag.py:3239} INFO - Sync 1 DAGs
[2025-03-17T15:54:20.140+0000] {logging_mixin.py:190} INFO - [2025-03-17T15:54:20.139+0000] {dag.py:4180} INFO - Setting next_dagrun for parallel_dag to 2025-03-17 00:00:00+00:00, run_after=2025-03-18 00:00:00+00:00
[2025-03-17T15:54:20.157+0000] {processor.py:208} INFO - Processing /opt/airflow/dags/04_parallel_dag.py took 0.091 seconds
[2025-03-17T15:54:20.195+0000] {processor.py:186} INFO - Started process (PID=88) to work on /opt/airflow/dags/04_parallel_dag.py
[2025-03-17T15:54:20.196+0000] {processor.py:914} INFO - Processing file /opt/airflow/dags/04_parallel_dag.py for tasks to queue
[2025-03-17T15:54:20.198+0000] {logging_mixin.py:190} INFO - [2025-03-17T15:54:20.198+0000] {dagbag.py:588} INFO - Filling up the DagBag from /opt/airflow/dags/04_parallel_dag.py
[2025-03-17T15:54:20.214+0000] {processor.py:925} INFO - DAG(s) 'parallel_dag' retrieved from /opt/airflow/dags/04_parallel_dag.py
[2025-03-17T15:54:20.234+0000] {logging_mixin.py:190} INFO - [2025-03-17T15:54:20.234+0000] {dag.py:3239} INFO - Sync 1 DAGs
[2025-03-17T15:54:20.255+0000] {logging_mixin.py:190} INFO - [2025-03-17T15:54:20.255+0000] {dag.py:4180} INFO - Setting next_dagrun for parallel_dag to 2025-03-17 00:00:00+00:00, run_after=2025-03-18 00:00:00+00:00
[2025-03-17T15:54:20.269+0000] {processor.py:208} INFO - Processing /opt/airflow/dags/04_parallel_dag.py took 0.079 seconds
[2025-03-17T15:54:50.530+0000] {processor.py:186} INFO - Started process (PID=101) to work on /opt/airflow/dags/04_parallel_dag.py
[2025-03-17T15:54:50.531+0000] {processor.py:914} INFO - Processing file /opt/airflow/dags/04_parallel_dag.py for tasks to queue
[2025-03-17T15:54:50.533+0000] {logging_mixin.py:190} INFO - [2025-03-17T15:54:50.533+0000] {dagbag.py:588} INFO - Filling up the DagBag from /opt/airflow/dags/04_parallel_dag.py
[2025-03-17T15:54:50.549+0000] {processor.py:925} INFO - DAG(s) 'parallel_dag' retrieved from /opt/airflow/dags/04_parallel_dag.py
[2025-03-17T15:54:50.570+0000] {logging_mixin.py:190} INFO - [2025-03-17T15:54:50.569+0000] {dag.py:3239} INFO - Sync 1 DAGs
[2025-03-17T15:54:50.589+0000] {logging_mixin.py:190} INFO - [2025-03-17T15:54:50.588+0000] {dag.py:4180} INFO - Setting next_dagrun for parallel_dag to 2025-03-17 00:00:00+00:00, run_after=2025-03-18 00:00:00+00:00
[2025-03-17T15:54:50.602+0000] {processor.py:208} INFO - Processing /opt/airflow/dags/04_parallel_dag.py took 0.077 seconds
[2025-03-17T15:55:20.888+0000] {processor.py:186} INFO - Started process (PID=120) to work on /opt/airflow/dags/04_parallel_dag.py
[2025-03-17T15:55:20.889+0000] {processor.py:914} INFO - Processing file /opt/airflow/dags/04_parallel_dag.py for tasks to queue
[2025-03-17T15:55:20.892+0000] {logging_mixin.py:190} INFO - [2025-03-17T15:55:20.892+0000] {dagbag.py:588} INFO - Filling up the DagBag from /opt/airflow/dags/04_parallel_dag.py
[2025-03-17T15:55:20.909+0000] {processor.py:925} INFO - DAG(s) 'parallel_dag' retrieved from /opt/airflow/dags/04_parallel_dag.py
[2025-03-17T15:55:20.931+0000] {logging_mixin.py:190} INFO - [2025-03-17T15:55:20.931+0000] {dag.py:3239} INFO - Sync 1 DAGs
[2025-03-17T15:55:20.954+0000] {logging_mixin.py:190} INFO - [2025-03-17T15:55:20.954+0000] {dag.py:4180} INFO - Setting next_dagrun for parallel_dag to 2025-03-17 00:00:00+00:00, run_after=2025-03-18 00:00:00+00:00
[2025-03-17T15:55:20.970+0000] {processor.py:208} INFO - Processing /opt/airflow/dags/04_parallel_dag.py took 0.087 seconds
[2025-03-17T15:55:51.091+0000] {processor.py:186} INFO - Started process (PID=133) to work on /opt/airflow/dags/04_parallel_dag.py
[2025-03-17T15:55:51.092+0000] {processor.py:914} INFO - Processing file /opt/airflow/dags/04_parallel_dag.py for tasks to queue
[2025-03-17T15:55:51.094+0000] {logging_mixin.py:190} INFO - [2025-03-17T15:55:51.094+0000] {dagbag.py:588} INFO - Filling up the DagBag from /opt/airflow/dags/04_parallel_dag.py
[2025-03-17T15:55:51.111+0000] {processor.py:925} INFO - DAG(s) 'parallel_dag' retrieved from /opt/airflow/dags/04_parallel_dag.py
[2025-03-17T15:55:51.133+0000] {logging_mixin.py:190} INFO - [2025-03-17T15:55:51.132+0000] {dag.py:3239} INFO - Sync 1 DAGs
[2025-03-17T15:55:51.155+0000] {logging_mixin.py:190} INFO - [2025-03-17T15:55:51.154+0000] {dag.py:4180} INFO - Setting next_dagrun for parallel_dag to 2025-03-17 00:00:00+00:00, run_after=2025-03-18 00:00:00+00:00
[2025-03-17T15:55:51.172+0000] {processor.py:208} INFO - Processing /opt/airflow/dags/04_parallel_dag.py took 0.086 seconds
[2025-03-17T15:56:21.509+0000] {processor.py:186} INFO - Started process (PID=146) to work on /opt/airflow/dags/04_parallel_dag.py
[2025-03-17T15:56:21.510+0000] {processor.py:914} INFO - Processing file /opt/airflow/dags/04_parallel_dag.py for tasks to queue
[2025-03-17T15:56:21.512+0000] {logging_mixin.py:190} INFO - [2025-03-17T15:56:21.512+0000] {dagbag.py:588} INFO - Filling up the DagBag from /opt/airflow/dags/04_parallel_dag.py
[2025-03-17T15:56:21.529+0000] {processor.py:925} INFO - DAG(s) 'parallel_dag' retrieved from /opt/airflow/dags/04_parallel_dag.py
[2025-03-17T15:56:21.550+0000] {logging_mixin.py:190} INFO - [2025-03-17T15:56:21.550+0000] {dag.py:3239} INFO - Sync 1 DAGs
[2025-03-17T15:56:21.572+0000] {logging_mixin.py:190} INFO - [2025-03-17T15:56:21.572+0000] {dag.py:4180} INFO - Setting next_dagrun for parallel_dag to 2025-03-17 00:00:00+00:00, run_after=2025-03-18 00:00:00+00:00
[2025-03-17T15:56:21.588+0000] {processor.py:208} INFO - Processing /opt/airflow/dags/04_parallel_dag.py took 0.084 seconds
[2025-03-17T15:56:51.706+0000] {processor.py:186} INFO - Started process (PID=159) to work on /opt/airflow/dags/04_parallel_dag.py
[2025-03-17T15:56:51.707+0000] {processor.py:914} INFO - Processing file /opt/airflow/dags/04_parallel_dag.py for tasks to queue
[2025-03-17T15:56:51.709+0000] {logging_mixin.py:190} INFO - [2025-03-17T15:56:51.708+0000] {dagbag.py:588} INFO - Filling up the DagBag from /opt/airflow/dags/04_parallel_dag.py
[2025-03-17T15:56:51.725+0000] {processor.py:925} INFO - DAG(s) 'parallel_dag' retrieved from /opt/airflow/dags/04_parallel_dag.py
[2025-03-17T15:56:51.746+0000] {logging_mixin.py:190} INFO - [2025-03-17T15:56:51.746+0000] {dag.py:3239} INFO - Sync 1 DAGs
[2025-03-17T15:56:51.886+0000] {logging_mixin.py:190} INFO - [2025-03-17T15:56:51.886+0000] {dag.py:4180} INFO - Setting next_dagrun for parallel_dag to 2025-03-17 00:00:00+00:00, run_after=2025-03-18 00:00:00+00:00
[2025-03-17T15:56:51.901+0000] {processor.py:208} INFO - Processing /opt/airflow/dags/04_parallel_dag.py took 0.200 seconds
[2025-03-17T15:57:22.790+0000] {processor.py:186} INFO - Started process (PID=172) to work on /opt/airflow/dags/04_parallel_dag.py
[2025-03-17T15:57:22.791+0000] {processor.py:914} INFO - Processing file /opt/airflow/dags/04_parallel_dag.py for tasks to queue
[2025-03-17T15:57:22.793+0000] {logging_mixin.py:190} INFO - [2025-03-17T15:57:22.792+0000] {dagbag.py:588} INFO - Filling up the DagBag from /opt/airflow/dags/04_parallel_dag.py
[2025-03-17T15:57:22.811+0000] {processor.py:925} INFO - DAG(s) 'parallel_dag' retrieved from /opt/airflow/dags/04_parallel_dag.py
[2025-03-17T15:57:22.832+0000] {logging_mixin.py:190} INFO - [2025-03-17T15:57:22.831+0000] {dag.py:3239} INFO - Sync 1 DAGs
[2025-03-17T15:57:22.987+0000] {logging_mixin.py:190} INFO - [2025-03-17T15:57:22.987+0000] {dag.py:4180} INFO - Setting next_dagrun for parallel_dag to 2025-03-17 00:00:00+00:00, run_after=2025-03-18 00:00:00+00:00
[2025-03-17T15:57:23.003+0000] {processor.py:208} INFO - Processing /opt/airflow/dags/04_parallel_dag.py took 0.217 seconds
[2025-03-17T15:57:53.227+0000] {processor.py:186} INFO - Started process (PID=185) to work on /opt/airflow/dags/04_parallel_dag.py
[2025-03-17T15:57:53.227+0000] {processor.py:914} INFO - Processing file /opt/airflow/dags/04_parallel_dag.py for tasks to queue
[2025-03-17T15:57:53.230+0000] {logging_mixin.py:190} INFO - [2025-03-17T15:57:53.229+0000] {dagbag.py:588} INFO - Filling up the DagBag from /opt/airflow/dags/04_parallel_dag.py
[2025-03-17T15:57:53.420+0000] {processor.py:925} INFO - DAG(s) 'parallel_dag' retrieved from /opt/airflow/dags/04_parallel_dag.py
[2025-03-17T15:57:53.443+0000] {logging_mixin.py:190} INFO - [2025-03-17T15:57:53.443+0000] {dag.py:3239} INFO - Sync 1 DAGs
[2025-03-17T15:57:53.464+0000] {logging_mixin.py:190} INFO - [2025-03-17T15:57:53.463+0000] {dag.py:4180} INFO - Setting next_dagrun for parallel_dag to 2025-03-17 00:00:00+00:00, run_after=2025-03-18 00:00:00+00:00
[2025-03-17T15:57:53.480+0000] {processor.py:208} INFO - Processing /opt/airflow/dags/04_parallel_dag.py took 0.259 seconds
[2025-03-17T15:58:23.673+0000] {processor.py:186} INFO - Started process (PID=198) to work on /opt/airflow/dags/04_parallel_dag.py
[2025-03-17T15:58:23.674+0000] {processor.py:914} INFO - Processing file /opt/airflow/dags/04_parallel_dag.py for tasks to queue
[2025-03-17T15:58:23.678+0000] {logging_mixin.py:190} INFO - [2025-03-17T15:58:23.678+0000] {dagbag.py:588} INFO - Filling up the DagBag from /opt/airflow/dags/04_parallel_dag.py
[2025-03-17T15:58:23.698+0000] {processor.py:925} INFO - DAG(s) 'parallel_dag' retrieved from /opt/airflow/dags/04_parallel_dag.py
[2025-03-17T15:58:23.727+0000] {logging_mixin.py:190} INFO - [2025-03-17T15:58:23.727+0000] {dag.py:3239} INFO - Sync 1 DAGs
[2025-03-17T15:58:23.753+0000] {logging_mixin.py:190} INFO - [2025-03-17T15:58:23.753+0000] {dag.py:4180} INFO - Setting next_dagrun for parallel_dag to 2025-03-17 00:00:00+00:00, run_after=2025-03-18 00:00:00+00:00
[2025-03-17T15:58:23.774+0000] {processor.py:208} INFO - Processing /opt/airflow/dags/04_parallel_dag.py took 0.109 seconds
[2025-03-17T15:58:53.969+0000] {processor.py:186} INFO - Started process (PID=212) to work on /opt/airflow/dags/04_parallel_dag.py
[2025-03-17T15:58:53.970+0000] {processor.py:914} INFO - Processing file /opt/airflow/dags/04_parallel_dag.py for tasks to queue
[2025-03-17T15:58:53.973+0000] {logging_mixin.py:190} INFO - [2025-03-17T15:58:53.973+0000] {dagbag.py:588} INFO - Filling up the DagBag from /opt/airflow/dags/04_parallel_dag.py
[2025-03-17T15:58:53.996+0000] {processor.py:925} INFO - DAG(s) 'parallel_dag' retrieved from /opt/airflow/dags/04_parallel_dag.py
[2025-03-17T15:58:54.024+0000] {logging_mixin.py:190} INFO - [2025-03-17T15:58:54.024+0000] {dag.py:3239} INFO - Sync 1 DAGs
[2025-03-17T15:58:54.053+0000] {logging_mixin.py:190} INFO - [2025-03-17T15:58:54.053+0000] {dag.py:4180} INFO - Setting next_dagrun for parallel_dag to 2025-03-17 00:00:00+00:00, run_after=2025-03-18 00:00:00+00:00
[2025-03-17T15:58:54.073+0000] {processor.py:208} INFO - Processing /opt/airflow/dags/04_parallel_dag.py took 0.112 seconds
[2025-03-17T15:59:24.243+0000] {processor.py:186} INFO - Started process (PID=225) to work on /opt/airflow/dags/04_parallel_dag.py
[2025-03-17T15:59:24.245+0000] {processor.py:914} INFO - Processing file /opt/airflow/dags/04_parallel_dag.py for tasks to queue
[2025-03-17T15:59:24.248+0000] {logging_mixin.py:190} INFO - [2025-03-17T15:59:24.247+0000] {dagbag.py:588} INFO - Filling up the DagBag from /opt/airflow/dags/04_parallel_dag.py
[2025-03-17T15:59:24.270+0000] {processor.py:925} INFO - DAG(s) 'parallel_dag' retrieved from /opt/airflow/dags/04_parallel_dag.py
[2025-03-17T15:59:24.296+0000] {logging_mixin.py:190} INFO - [2025-03-17T15:59:24.296+0000] {dag.py:3239} INFO - Sync 1 DAGs
[2025-03-17T15:59:24.323+0000] {logging_mixin.py:190} INFO - [2025-03-17T15:59:24.323+0000] {dag.py:4180} INFO - Setting next_dagrun for parallel_dag to 2025-03-17 00:00:00+00:00, run_after=2025-03-18 00:00:00+00:00
[2025-03-17T15:59:24.342+0000] {processor.py:208} INFO - Processing /opt/airflow/dags/04_parallel_dag.py took 0.105 seconds
[2025-03-17T15:59:54.695+0000] {processor.py:186} INFO - Started process (PID=243) to work on /opt/airflow/dags/04_parallel_dag.py
[2025-03-17T15:59:54.697+0000] {processor.py:914} INFO - Processing file /opt/airflow/dags/04_parallel_dag.py for tasks to queue
[2025-03-17T15:59:54.700+0000] {logging_mixin.py:190} INFO - [2025-03-17T15:59:54.699+0000] {dagbag.py:588} INFO - Filling up the DagBag from /opt/airflow/dags/04_parallel_dag.py
[2025-03-17T15:59:54.720+0000] {processor.py:925} INFO - DAG(s) 'parallel_dag' retrieved from /opt/airflow/dags/04_parallel_dag.py
[2025-03-17T15:59:54.746+0000] {logging_mixin.py:190} INFO - [2025-03-17T15:59:54.746+0000] {dag.py:3239} INFO - Sync 1 DAGs
[2025-03-17T15:59:54.772+0000] {logging_mixin.py:190} INFO - [2025-03-17T15:59:54.772+0000] {dag.py:4180} INFO - Setting next_dagrun for parallel_dag to 2025-03-17 00:00:00+00:00, run_after=2025-03-18 00:00:00+00:00
[2025-03-17T15:59:54.791+0000] {processor.py:208} INFO - Processing /opt/airflow/dags/04_parallel_dag.py took 0.102 seconds
[2025-03-17T16:00:25.010+0000] {processor.py:186} INFO - Started process (PID=256) to work on /opt/airflow/dags/04_parallel_dag.py
[2025-03-17T16:00:25.011+0000] {processor.py:914} INFO - Processing file /opt/airflow/dags/04_parallel_dag.py for tasks to queue
[2025-03-17T16:00:25.013+0000] {logging_mixin.py:190} INFO - [2025-03-17T16:00:25.013+0000] {dagbag.py:588} INFO - Filling up the DagBag from /opt/airflow/dags/04_parallel_dag.py
[2025-03-17T16:00:25.030+0000] {processor.py:925} INFO - DAG(s) 'parallel_dag' retrieved from /opt/airflow/dags/04_parallel_dag.py
[2025-03-17T16:00:25.053+0000] {logging_mixin.py:190} INFO - [2025-03-17T16:00:25.053+0000] {dag.py:3239} INFO - Sync 1 DAGs
[2025-03-17T16:00:25.077+0000] {logging_mixin.py:190} INFO - [2025-03-17T16:00:25.076+0000] {dag.py:4180} INFO - Setting next_dagrun for parallel_dag to 2025-03-17 00:00:00+00:00, run_after=2025-03-18 00:00:00+00:00
[2025-03-17T16:00:25.093+0000] {processor.py:208} INFO - Processing /opt/airflow/dags/04_parallel_dag.py took 0.089 seconds
[2025-03-17T16:00:55.425+0000] {processor.py:186} INFO - Started process (PID=269) to work on /opt/airflow/dags/04_parallel_dag.py
[2025-03-17T16:00:55.426+0000] {processor.py:914} INFO - Processing file /opt/airflow/dags/04_parallel_dag.py for tasks to queue
[2025-03-17T16:00:55.428+0000] {logging_mixin.py:190} INFO - [2025-03-17T16:00:55.428+0000] {dagbag.py:588} INFO - Filling up the DagBag from /opt/airflow/dags/04_parallel_dag.py
[2025-03-17T16:00:55.446+0000] {processor.py:925} INFO - DAG(s) 'parallel_dag' retrieved from /opt/airflow/dags/04_parallel_dag.py
[2025-03-17T16:00:55.471+0000] {logging_mixin.py:190} INFO - [2025-03-17T16:00:55.471+0000] {dag.py:3239} INFO - Sync 1 DAGs
[2025-03-17T16:00:55.495+0000] {logging_mixin.py:190} INFO - [2025-03-17T16:00:55.495+0000] {dag.py:4180} INFO - Setting next_dagrun for parallel_dag to 2025-03-17 00:00:00+00:00, run_after=2025-03-18 00:00:00+00:00
[2025-03-17T16:00:55.515+0000] {processor.py:208} INFO - Processing /opt/airflow/dags/04_parallel_dag.py took 0.095 seconds
[2025-03-17T16:01:25.574+0000] {processor.py:186} INFO - Started process (PID=282) to work on /opt/airflow/dags/04_parallel_dag.py
[2025-03-17T16:01:25.574+0000] {processor.py:914} INFO - Processing file /opt/airflow/dags/04_parallel_dag.py for tasks to queue
[2025-03-17T16:01:25.577+0000] {logging_mixin.py:190} INFO - [2025-03-17T16:01:25.577+0000] {dagbag.py:588} INFO - Filling up the DagBag from /opt/airflow/dags/04_parallel_dag.py
[2025-03-17T16:01:25.594+0000] {processor.py:925} INFO - DAG(s) 'parallel_dag' retrieved from /opt/airflow/dags/04_parallel_dag.py
[2025-03-17T16:01:25.616+0000] {logging_mixin.py:190} INFO - [2025-03-17T16:01:25.616+0000] {dag.py:3239} INFO - Sync 1 DAGs
[2025-03-17T16:01:25.638+0000] {logging_mixin.py:190} INFO - [2025-03-17T16:01:25.637+0000] {dag.py:4180} INFO - Setting next_dagrun for parallel_dag to 2025-03-17 00:00:00+00:00, run_after=2025-03-18 00:00:00+00:00
[2025-03-17T16:01:25.653+0000] {processor.py:208} INFO - Processing /opt/airflow/dags/04_parallel_dag.py took 0.085 seconds
[2025-03-17T16:01:55.903+0000] {processor.py:186} INFO - Started process (PID=295) to work on /opt/airflow/dags/04_parallel_dag.py
[2025-03-17T16:01:55.903+0000] {processor.py:914} INFO - Processing file /opt/airflow/dags/04_parallel_dag.py for tasks to queue
[2025-03-17T16:01:55.906+0000] {logging_mixin.py:190} INFO - [2025-03-17T16:01:55.906+0000] {dagbag.py:588} INFO - Filling up the DagBag from /opt/airflow/dags/04_parallel_dag.py
[2025-03-17T16:01:55.924+0000] {processor.py:925} INFO - DAG(s) 'parallel_dag' retrieved from /opt/airflow/dags/04_parallel_dag.py
[2025-03-17T16:01:55.948+0000] {logging_mixin.py:190} INFO - [2025-03-17T16:01:55.948+0000] {dag.py:3239} INFO - Sync 1 DAGs
[2025-03-17T16:01:55.971+0000] {logging_mixin.py:190} INFO - [2025-03-17T16:01:55.971+0000] {dag.py:4180} INFO - Setting next_dagrun for parallel_dag to 2025-03-17 00:00:00+00:00, run_after=2025-03-18 00:00:00+00:00
[2025-03-17T16:01:55.994+0000] {processor.py:208} INFO - Processing /opt/airflow/dags/04_parallel_dag.py took 0.097 seconds
[2025-03-17T16:02:41.414+0000] {processor.py:186} INFO - Started process (PID=60) to work on /opt/airflow/dags/04_parallel_dag.py
[2025-03-17T16:02:41.415+0000] {processor.py:914} INFO - Processing file /opt/airflow/dags/04_parallel_dag.py for tasks to queue
[2025-03-17T16:02:41.419+0000] {logging_mixin.py:190} INFO - [2025-03-17T16:02:41.418+0000] {dagbag.py:588} INFO - Filling up the DagBag from /opt/airflow/dags/04_parallel_dag.py
[2025-03-17T16:02:41.463+0000] {processor.py:925} INFO - DAG(s) 'parallel_dag' retrieved from /opt/airflow/dags/04_parallel_dag.py
[2025-03-17T16:02:41.517+0000] {logging_mixin.py:190} INFO - [2025-03-17T16:02:41.517+0000] {dag.py:3239} INFO - Sync 1 DAGs
[2025-03-17T16:02:41.545+0000] {logging_mixin.py:190} INFO - [2025-03-17T16:02:41.545+0000] {dag.py:4180} INFO - Setting next_dagrun for parallel_dag to 2025-03-17 00:00:00+00:00, run_after=2025-03-18 00:00:00+00:00
[2025-03-17T16:02:41.564+0000] {processor.py:208} INFO - Processing /opt/airflow/dags/04_parallel_dag.py took 0.158 seconds
[2025-03-17T16:03:07.382+0000] {processor.py:186} INFO - Started process (PID=73) to work on /opt/airflow/dags/04_parallel_dag.py
[2025-03-17T16:03:07.384+0000] {processor.py:914} INFO - Processing file /opt/airflow/dags/04_parallel_dag.py for tasks to queue
[2025-03-17T16:03:07.387+0000] {logging_mixin.py:190} INFO - [2025-03-17T16:03:07.387+0000] {dagbag.py:588} INFO - Filling up the DagBag from /opt/airflow/dags/04_parallel_dag.py
[2025-03-17T16:03:07.403+0000] {logging_mixin.py:190} INFO - [2025-03-17T16:03:07.402+0000] {dagbag.py:387} ERROR - Failed to import: /opt/airflow/dags/04_parallel_dag.py
Traceback (most recent call last):
  File "/home/airflow/.local/lib/python3.12/site-packages/airflow/models/dagbag.py", line 383, in parse
    loader.exec_module(new_module)
  File "<frozen importlib._bootstrap_external>", line 991, in exec_module
  File "<frozen importlib._bootstrap_external>", line 1129, in get_code
  File "<frozen importlib._bootstrap_external>", line 1059, in source_to_code
  File "<frozen importlib._bootstrap>", line 488, in _call_with_frames_removed
  File "/opt/airflow/dags/04_parallel_dag.py", line 36
    queue="high_cpu"
          ^^^^^^
SyntaxError: invalid syntax. Perhaps you forgot a comma?
[2025-03-17T16:03:07.404+0000] {processor.py:927} WARNING - No viable dags retrieved from /opt/airflow/dags/04_parallel_dag.py
[2025-03-17T16:03:07.427+0000] {processor.py:208} INFO - Processing /opt/airflow/dags/04_parallel_dag.py took 0.052 seconds
[2025-03-17T16:03:15.392+0000] {processor.py:186} INFO - Started process (PID=86) to work on /opt/airflow/dags/04_parallel_dag.py
[2025-03-17T16:03:15.393+0000] {processor.py:914} INFO - Processing file /opt/airflow/dags/04_parallel_dag.py for tasks to queue
[2025-03-17T16:03:15.395+0000] {logging_mixin.py:190} INFO - [2025-03-17T16:03:15.395+0000] {dagbag.py:588} INFO - Filling up the DagBag from /opt/airflow/dags/04_parallel_dag.py
[2025-03-17T16:03:15.421+0000] {processor.py:925} INFO - DAG(s) 'parallel_dag' retrieved from /opt/airflow/dags/04_parallel_dag.py
[2025-03-17T16:03:15.617+0000] {logging_mixin.py:190} INFO - [2025-03-17T16:03:15.617+0000] {dag.py:3239} INFO - Sync 1 DAGs
[2025-03-17T16:03:15.808+0000] {logging_mixin.py:190} INFO - [2025-03-17T16:03:15.808+0000] {dag.py:4180} INFO - Setting next_dagrun for parallel_dag to 2025-03-17 00:00:00+00:00, run_after=2025-03-18 00:00:00+00:00
[2025-03-17T16:03:15.831+0000] {processor.py:208} INFO - Processing /opt/airflow/dags/04_parallel_dag.py took 0.445 seconds
[2025-03-17T16:03:37.330+0000] {processor.py:186} INFO - Started process (PID=87) to work on /opt/airflow/dags/04_parallel_dag.py
[2025-03-17T16:03:37.331+0000] {processor.py:914} INFO - Processing file /opt/airflow/dags/04_parallel_dag.py for tasks to queue
[2025-03-17T16:03:37.333+0000] {logging_mixin.py:190} INFO - [2025-03-17T16:03:37.333+0000] {dagbag.py:588} INFO - Filling up the DagBag from /opt/airflow/dags/04_parallel_dag.py
[2025-03-17T16:03:37.360+0000] {processor.py:925} INFO - DAG(s) 'parallel_dag' retrieved from /opt/airflow/dags/04_parallel_dag.py
[2025-03-17T16:03:37.371+0000] {logging_mixin.py:190} INFO - [2025-03-17T16:03:37.371+0000] {dag.py:3239} INFO - Sync 1 DAGs
[2025-03-17T16:03:37.398+0000] {logging_mixin.py:190} INFO - [2025-03-17T16:03:37.398+0000] {dag.py:4180} INFO - Setting next_dagrun for parallel_dag to 2025-03-17 00:00:00+00:00, run_after=2025-03-18 00:00:00+00:00
[2025-03-17T16:03:37.417+0000] {processor.py:208} INFO - Processing /opt/airflow/dags/04_parallel_dag.py took 0.093 seconds
[2025-03-17T16:03:46.282+0000] {processor.py:186} INFO - Started process (PID=100) to work on /opt/airflow/dags/04_parallel_dag.py
[2025-03-17T16:03:46.282+0000] {processor.py:914} INFO - Processing file /opt/airflow/dags/04_parallel_dag.py for tasks to queue
[2025-03-17T16:03:46.285+0000] {logging_mixin.py:190} INFO - [2025-03-17T16:03:46.285+0000] {dagbag.py:588} INFO - Filling up the DagBag from /opt/airflow/dags/04_parallel_dag.py
[2025-03-17T16:03:46.310+0000] {processor.py:925} INFO - DAG(s) 'parallel_dag' retrieved from /opt/airflow/dags/04_parallel_dag.py
[2025-03-17T16:03:46.410+0000] {logging_mixin.py:190} INFO - [2025-03-17T16:03:46.410+0000] {dag.py:3239} INFO - Sync 1 DAGs
[2025-03-17T16:03:46.554+0000] {logging_mixin.py:190} INFO - [2025-03-17T16:03:46.554+0000] {dag.py:4180} INFO - Setting next_dagrun for parallel_dag to 2025-03-17 00:00:00+00:00, run_after=2025-03-18 00:00:00+00:00
[2025-03-17T16:03:46.573+0000] {processor.py:208} INFO - Processing /opt/airflow/dags/04_parallel_dag.py took 0.296 seconds
[2025-03-17T16:04:16.688+0000] {processor.py:186} INFO - Started process (PID=113) to work on /opt/airflow/dags/04_parallel_dag.py
[2025-03-17T16:04:16.689+0000] {processor.py:914} INFO - Processing file /opt/airflow/dags/04_parallel_dag.py for tasks to queue
[2025-03-17T16:04:16.691+0000] {logging_mixin.py:190} INFO - [2025-03-17T16:04:16.691+0000] {dagbag.py:588} INFO - Filling up the DagBag from /opt/airflow/dags/04_parallel_dag.py
[2025-03-17T16:04:16.709+0000] {processor.py:925} INFO - DAG(s) 'parallel_dag' retrieved from /opt/airflow/dags/04_parallel_dag.py
[2025-03-17T16:04:16.732+0000] {logging_mixin.py:190} INFO - [2025-03-17T16:04:16.732+0000] {dag.py:3239} INFO - Sync 1 DAGs
[2025-03-17T16:04:16.754+0000] {logging_mixin.py:190} INFO - [2025-03-17T16:04:16.754+0000] {dag.py:4180} INFO - Setting next_dagrun for parallel_dag to 2025-03-17 00:00:00+00:00, run_after=2025-03-18 00:00:00+00:00
[2025-03-17T16:04:16.770+0000] {processor.py:208} INFO - Processing /opt/airflow/dags/04_parallel_dag.py took 0.087 seconds
[2025-03-17T16:04:46.990+0000] {processor.py:186} INFO - Started process (PID=124) to work on /opt/airflow/dags/04_parallel_dag.py
[2025-03-17T16:04:46.991+0000] {processor.py:914} INFO - Processing file /opt/airflow/dags/04_parallel_dag.py for tasks to queue
[2025-03-17T16:04:46.993+0000] {logging_mixin.py:190} INFO - [2025-03-17T16:04:46.993+0000] {dagbag.py:588} INFO - Filling up the DagBag from /opt/airflow/dags/04_parallel_dag.py
[2025-03-17T16:04:47.011+0000] {processor.py:925} INFO - DAG(s) 'parallel_dag' retrieved from /opt/airflow/dags/04_parallel_dag.py
[2025-03-17T16:04:47.033+0000] {logging_mixin.py:190} INFO - [2025-03-17T16:04:47.032+0000] {dag.py:3239} INFO - Sync 1 DAGs
[2025-03-17T16:04:47.054+0000] {logging_mixin.py:190} INFO - [2025-03-17T16:04:47.054+0000] {dag.py:4180} INFO - Setting next_dagrun for parallel_dag to 2025-03-17 00:00:00+00:00, run_after=2025-03-18 00:00:00+00:00
[2025-03-17T16:04:47.071+0000] {processor.py:208} INFO - Processing /opt/airflow/dags/04_parallel_dag.py took 0.085 seconds
[2025-03-17T16:05:17.302+0000] {processor.py:186} INFO - Started process (PID=141) to work on /opt/airflow/dags/04_parallel_dag.py
[2025-03-17T16:05:17.303+0000] {processor.py:914} INFO - Processing file /opt/airflow/dags/04_parallel_dag.py for tasks to queue
[2025-03-17T16:05:17.305+0000] {logging_mixin.py:190} INFO - [2025-03-17T16:05:17.304+0000] {dagbag.py:588} INFO - Filling up the DagBag from /opt/airflow/dags/04_parallel_dag.py
[2025-03-17T16:05:17.321+0000] {processor.py:925} INFO - DAG(s) 'parallel_dag' retrieved from /opt/airflow/dags/04_parallel_dag.py
[2025-03-17T16:05:17.342+0000] {logging_mixin.py:190} INFO - [2025-03-17T16:05:17.342+0000] {dag.py:3239} INFO - Sync 1 DAGs
[2025-03-17T16:05:17.364+0000] {logging_mixin.py:190} INFO - [2025-03-17T16:05:17.364+0000] {dag.py:4180} INFO - Setting next_dagrun for parallel_dag to 2025-03-17 00:00:00+00:00, run_after=2025-03-18 00:00:00+00:00
[2025-03-17T16:05:17.380+0000] {processor.py:208} INFO - Processing /opt/airflow/dags/04_parallel_dag.py took 0.083 seconds
[2025-03-17T16:05:40.188+0000] {processor.py:186} INFO - Started process (PID=154) to work on /opt/airflow/dags/04_parallel_dag.py
[2025-03-17T16:05:40.188+0000] {processor.py:914} INFO - Processing file /opt/airflow/dags/04_parallel_dag.py for tasks to queue
[2025-03-17T16:05:40.190+0000] {logging_mixin.py:190} INFO - [2025-03-17T16:05:40.190+0000] {dagbag.py:588} INFO - Filling up the DagBag from /opt/airflow/dags/04_parallel_dag.py
[2025-03-17T16:05:40.213+0000] {processor.py:925} INFO - DAG(s) 'parallel_dag' retrieved from /opt/airflow/dags/04_parallel_dag.py
[2025-03-17T16:05:40.234+0000] {logging_mixin.py:190} INFO - [2025-03-17T16:05:40.234+0000] {dag.py:3239} INFO - Sync 1 DAGs
[2025-03-17T16:05:40.375+0000] {logging_mixin.py:190} INFO - [2025-03-17T16:05:40.374+0000] {dag.py:4180} INFO - Setting next_dagrun for parallel_dag to 2025-03-17 00:00:00+00:00, run_after=2025-03-18 00:00:00+00:00
[2025-03-17T16:05:40.392+0000] {processor.py:208} INFO - Processing /opt/airflow/dags/04_parallel_dag.py took 0.208 seconds
[2025-03-17T16:05:40.434+0000] {processor.py:186} INFO - Started process (PID=155) to work on /opt/airflow/dags/04_parallel_dag.py
[2025-03-17T16:05:40.435+0000] {processor.py:914} INFO - Processing file /opt/airflow/dags/04_parallel_dag.py for tasks to queue
[2025-03-17T16:05:40.436+0000] {logging_mixin.py:190} INFO - [2025-03-17T16:05:40.436+0000] {dagbag.py:588} INFO - Filling up the DagBag from /opt/airflow/dags/04_parallel_dag.py
[2025-03-17T16:05:40.453+0000] {processor.py:925} INFO - DAG(s) 'parallel_dag' retrieved from /opt/airflow/dags/04_parallel_dag.py
[2025-03-17T16:05:40.472+0000] {logging_mixin.py:190} INFO - [2025-03-17T16:05:40.472+0000] {dag.py:3239} INFO - Sync 1 DAGs
[2025-03-17T16:05:40.624+0000] {logging_mixin.py:190} INFO - [2025-03-17T16:05:40.624+0000] {dag.py:4180} INFO - Setting next_dagrun for parallel_dag to 2025-03-17 00:00:00+00:00, run_after=2025-03-18 00:00:00+00:00
[2025-03-17T16:05:40.638+0000] {processor.py:208} INFO - Processing /opt/airflow/dags/04_parallel_dag.py took 0.208 seconds
[2025-03-17T16:05:40.679+0000] {processor.py:186} INFO - Started process (PID=156) to work on /opt/airflow/dags/04_parallel_dag.py
[2025-03-17T16:05:40.680+0000] {processor.py:914} INFO - Processing file /opt/airflow/dags/04_parallel_dag.py for tasks to queue
[2025-03-17T16:05:40.682+0000] {logging_mixin.py:190} INFO - [2025-03-17T16:05:40.682+0000] {dagbag.py:588} INFO - Filling up the DagBag from /opt/airflow/dags/04_parallel_dag.py
[2025-03-17T16:05:40.698+0000] {processor.py:925} INFO - DAG(s) 'parallel_dag' retrieved from /opt/airflow/dags/04_parallel_dag.py
[2025-03-17T16:05:40.717+0000] {logging_mixin.py:190} INFO - [2025-03-17T16:05:40.717+0000] {dag.py:3239} INFO - Sync 1 DAGs
[2025-03-17T16:05:40.868+0000] {logging_mixin.py:190} INFO - [2025-03-17T16:05:40.867+0000] {dag.py:4180} INFO - Setting next_dagrun for parallel_dag to 2025-03-17 00:00:00+00:00, run_after=2025-03-18 00:00:00+00:00
[2025-03-17T16:05:40.885+0000] {processor.py:208} INFO - Processing /opt/airflow/dags/04_parallel_dag.py took 0.210 seconds
[2025-03-17T16:05:40.932+0000] {processor.py:186} INFO - Started process (PID=157) to work on /opt/airflow/dags/04_parallel_dag.py
[2025-03-17T16:05:40.933+0000] {processor.py:914} INFO - Processing file /opt/airflow/dags/04_parallel_dag.py for tasks to queue
[2025-03-17T16:05:40.935+0000] {logging_mixin.py:190} INFO - [2025-03-17T16:05:40.935+0000] {dagbag.py:588} INFO - Filling up the DagBag from /opt/airflow/dags/04_parallel_dag.py
[2025-03-17T16:05:40.953+0000] {processor.py:925} INFO - DAG(s) 'parallel_dag' retrieved from /opt/airflow/dags/04_parallel_dag.py
[2025-03-17T16:05:40.976+0000] {logging_mixin.py:190} INFO - [2025-03-17T16:05:40.976+0000] {dag.py:3239} INFO - Sync 1 DAGs
[2025-03-17T16:05:41.124+0000] {logging_mixin.py:190} INFO - [2025-03-17T16:05:41.124+0000] {dag.py:4180} INFO - Setting next_dagrun for parallel_dag to 2025-03-17 00:00:00+00:00, run_after=2025-03-18 00:00:00+00:00
[2025-03-17T16:05:41.138+0000] {processor.py:208} INFO - Processing /opt/airflow/dags/04_parallel_dag.py took 0.212 seconds
[2025-03-17T16:05:42.191+0000] {processor.py:186} INFO - Started process (PID=158) to work on /opt/airflow/dags/04_parallel_dag.py
[2025-03-17T16:05:42.192+0000] {processor.py:914} INFO - Processing file /opt/airflow/dags/04_parallel_dag.py for tasks to queue
[2025-03-17T16:05:42.194+0000] {logging_mixin.py:190} INFO - [2025-03-17T16:05:42.194+0000] {dagbag.py:588} INFO - Filling up the DagBag from /opt/airflow/dags/04_parallel_dag.py
[2025-03-17T16:05:42.218+0000] {processor.py:925} INFO - DAG(s) 'parallel_dag' retrieved from /opt/airflow/dags/04_parallel_dag.py
[2025-03-17T16:05:42.238+0000] {logging_mixin.py:190} INFO - [2025-03-17T16:05:42.238+0000] {dag.py:3239} INFO - Sync 1 DAGs
[2025-03-17T16:05:42.375+0000] {logging_mixin.py:190} INFO - [2025-03-17T16:05:42.375+0000] {dag.py:4180} INFO - Setting next_dagrun for parallel_dag to 2025-03-17 00:00:00+00:00, run_after=2025-03-18 00:00:00+00:00
[2025-03-17T16:05:42.392+0000] {processor.py:208} INFO - Processing /opt/airflow/dags/04_parallel_dag.py took 0.206 seconds
[2025-03-17T16:05:42.434+0000] {processor.py:186} INFO - Started process (PID=159) to work on /opt/airflow/dags/04_parallel_dag.py
[2025-03-17T16:05:42.435+0000] {processor.py:914} INFO - Processing file /opt/airflow/dags/04_parallel_dag.py for tasks to queue
[2025-03-17T16:05:42.437+0000] {logging_mixin.py:190} INFO - [2025-03-17T16:05:42.437+0000] {dagbag.py:588} INFO - Filling up the DagBag from /opt/airflow/dags/04_parallel_dag.py
[2025-03-17T16:05:42.454+0000] {processor.py:925} INFO - DAG(s) 'parallel_dag' retrieved from /opt/airflow/dags/04_parallel_dag.py
[2025-03-17T16:05:42.476+0000] {logging_mixin.py:190} INFO - [2025-03-17T16:05:42.475+0000] {dag.py:3239} INFO - Sync 1 DAGs
[2025-03-17T16:05:42.621+0000] {logging_mixin.py:190} INFO - [2025-03-17T16:05:42.620+0000] {dag.py:4180} INFO - Setting next_dagrun for parallel_dag to 2025-03-17 00:00:00+00:00, run_after=2025-03-18 00:00:00+00:00
[2025-03-17T16:05:42.637+0000] {processor.py:208} INFO - Processing /opt/airflow/dags/04_parallel_dag.py took 0.207 seconds
[2025-03-17T16:05:42.681+0000] {processor.py:186} INFO - Started process (PID=160) to work on /opt/airflow/dags/04_parallel_dag.py
[2025-03-17T16:05:42.681+0000] {processor.py:914} INFO - Processing file /opt/airflow/dags/04_parallel_dag.py for tasks to queue
[2025-03-17T16:05:42.683+0000] {logging_mixin.py:190} INFO - [2025-03-17T16:05:42.683+0000] {dagbag.py:588} INFO - Filling up the DagBag from /opt/airflow/dags/04_parallel_dag.py
[2025-03-17T16:05:42.699+0000] {processor.py:925} INFO - DAG(s) 'parallel_dag' retrieved from /opt/airflow/dags/04_parallel_dag.py
[2025-03-17T16:05:42.719+0000] {logging_mixin.py:190} INFO - [2025-03-17T16:05:42.719+0000] {dag.py:3239} INFO - Sync 1 DAGs
[2025-03-17T16:05:42.899+0000] {logging_mixin.py:190} INFO - [2025-03-17T16:05:42.899+0000] {dag.py:4180} INFO - Setting next_dagrun for parallel_dag to 2025-03-17 00:00:00+00:00, run_after=2025-03-18 00:00:00+00:00
[2025-03-17T16:05:42.918+0000] {processor.py:208} INFO - Processing /opt/airflow/dags/04_parallel_dag.py took 0.242 seconds
[2025-03-17T16:05:42.964+0000] {processor.py:186} INFO - Started process (PID=161) to work on /opt/airflow/dags/04_parallel_dag.py
[2025-03-17T16:05:42.965+0000] {processor.py:914} INFO - Processing file /opt/airflow/dags/04_parallel_dag.py for tasks to queue
[2025-03-17T16:05:42.967+0000] {logging_mixin.py:190} INFO - [2025-03-17T16:05:42.967+0000] {dagbag.py:588} INFO - Filling up the DagBag from /opt/airflow/dags/04_parallel_dag.py
[2025-03-17T16:05:42.985+0000] {processor.py:925} INFO - DAG(s) 'parallel_dag' retrieved from /opt/airflow/dags/04_parallel_dag.py
[2025-03-17T16:05:43.008+0000] {logging_mixin.py:190} INFO - [2025-03-17T16:05:43.008+0000] {dag.py:3239} INFO - Sync 1 DAGs
[2025-03-17T16:05:43.159+0000] {logging_mixin.py:190} INFO - [2025-03-17T16:05:43.159+0000] {dag.py:4180} INFO - Setting next_dagrun for parallel_dag to 2025-03-17 00:00:00+00:00, run_after=2025-03-18 00:00:00+00:00
[2025-03-17T16:05:43.175+0000] {processor.py:208} INFO - Processing /opt/airflow/dags/04_parallel_dag.py took 0.216 seconds
[2025-03-17T16:05:43.218+0000] {processor.py:186} INFO - Started process (PID=162) to work on /opt/airflow/dags/04_parallel_dag.py
[2025-03-17T16:05:43.219+0000] {processor.py:914} INFO - Processing file /opt/airflow/dags/04_parallel_dag.py for tasks to queue
[2025-03-17T16:05:43.221+0000] {logging_mixin.py:190} INFO - [2025-03-17T16:05:43.220+0000] {dagbag.py:588} INFO - Filling up the DagBag from /opt/airflow/dags/04_parallel_dag.py
[2025-03-17T16:05:43.236+0000] {processor.py:925} INFO - DAG(s) 'parallel_dag' retrieved from /opt/airflow/dags/04_parallel_dag.py
[2025-03-17T16:05:43.256+0000] {logging_mixin.py:190} INFO - [2025-03-17T16:05:43.256+0000] {dag.py:3239} INFO - Sync 1 DAGs
[2025-03-17T16:05:43.407+0000] {logging_mixin.py:190} INFO - [2025-03-17T16:05:43.407+0000] {dag.py:4180} INFO - Setting next_dagrun for parallel_dag to 2025-03-17 00:00:00+00:00, run_after=2025-03-18 00:00:00+00:00
[2025-03-17T16:05:43.424+0000] {processor.py:208} INFO - Processing /opt/airflow/dags/04_parallel_dag.py took 0.210 seconds
[2025-03-17T16:06:13.986+0000] {processor.py:186} INFO - Started process (PID=175) to work on /opt/airflow/dags/04_parallel_dag.py
[2025-03-17T16:06:13.987+0000] {processor.py:914} INFO - Processing file /opt/airflow/dags/04_parallel_dag.py for tasks to queue
[2025-03-17T16:06:13.989+0000] {logging_mixin.py:190} INFO - [2025-03-17T16:06:13.988+0000] {dagbag.py:588} INFO - Filling up the DagBag from /opt/airflow/dags/04_parallel_dag.py
[2025-03-17T16:06:14.006+0000] {processor.py:925} INFO - DAG(s) 'parallel_dag' retrieved from /opt/airflow/dags/04_parallel_dag.py
[2025-03-17T16:06:14.029+0000] {logging_mixin.py:190} INFO - [2025-03-17T16:06:14.028+0000] {dag.py:3239} INFO - Sync 1 DAGs
[2025-03-17T16:06:14.224+0000] {logging_mixin.py:190} INFO - [2025-03-17T16:06:14.224+0000] {dag.py:4180} INFO - Setting next_dagrun for parallel_dag to 2025-03-17 00:00:00+00:00, run_after=2025-03-18 00:00:00+00:00
[2025-03-17T16:06:14.242+0000] {processor.py:208} INFO - Processing /opt/airflow/dags/04_parallel_dag.py took 0.261 seconds
