[2025-03-17T07:05:13.165+0000] {local_task_job_runner.py:123} INFO - ::group::Pre task execution logs
[2025-03-17T07:05:13.181+0000] {taskinstance.py:2613} INFO - Dependencies all met for dep_context=non-requeueable deps ti=<TaskInstance: example_branch_operator.branching_ext_python scheduled__2025-03-14T00:00:00+00:00 [queued]>
[2025-03-17T07:05:13.188+0000] {taskinstance.py:2613} INFO - Dependencies all met for dep_context=requeueable deps ti=<TaskInstance: example_branch_operator.branching_ext_python scheduled__2025-03-14T00:00:00+00:00 [queued]>
[2025-03-17T07:05:13.189+0000] {taskinstance.py:2866} INFO - Starting attempt 1 of 1
[2025-03-17T07:05:13.202+0000] {taskinstance.py:2889} INFO - Executing <Task(BranchExternalPythonOperator): branching_ext_python> on 2025-03-14 00:00:00+00:00
[2025-03-17T07:05:13.210+0000] {warnings.py:112} WARNING - /home/***/.local/lib/python3.12/site-packages/***/task/task_runner/standard_task_runner.py:70: DeprecationWarning: This process (pid=92) is multi-threaded, use of fork() may lead to deadlocks in the child.
  pid = os.fork()

[2025-03-17T07:05:13.212+0000] {standard_task_runner.py:72} INFO - Started process 95 to run task
[2025-03-17T07:05:13.212+0000] {standard_task_runner.py:104} INFO - Running: ['***', 'tasks', 'run', 'example_branch_operator', 'branching_ext_python', 'scheduled__2025-03-14T00:00:00+00:00', '--job-id', '17', '--raw', '--subdir', '/home/***/.local/lib/python3.12/site-packages/***/example_dags/example_branch_operator.py', '--cfg-path', '/tmp/tmpvgq96k6d']
[2025-03-17T07:05:13.213+0000] {standard_task_runner.py:105} INFO - Job 17: Subtask branching_ext_python
[2025-03-17T07:05:13.258+0000] {task_command.py:467} INFO - Running <TaskInstance: example_branch_operator.branching_ext_python scheduled__2025-03-14T00:00:00+00:00 [running]> on host 758401fd595f
[2025-03-17T07:05:13.338+0000] {taskinstance.py:3132} INFO - Exporting env vars: AIRFLOW_CTX_DAG_OWNER='***' AIRFLOW_CTX_DAG_ID='example_branch_operator' AIRFLOW_CTX_TASK_ID='branching_ext_python' AIRFLOW_CTX_EXECUTION_DATE='2025-03-14T00:00:00+00:00' AIRFLOW_CTX_TRY_NUMBER='1' AIRFLOW_CTX_DAG_RUN_ID='scheduled__2025-03-14T00:00:00+00:00'
[2025-03-17T07:05:13.340+0000] {logging_mixin.py:190} INFO - Task instance is in running state
[2025-03-17T07:05:13.340+0000] {logging_mixin.py:190} INFO -  Previous state of the Task instance: queued
[2025-03-17T07:05:13.340+0000] {logging_mixin.py:190} INFO - Current task name:branching_ext_python state:running start_date:2025-03-17 07:05:13.182041+00:00
[2025-03-17T07:05:13.341+0000] {logging_mixin.py:190} INFO - Dag name:example_branch_operator and current dag run status:running
[2025-03-17T07:05:13.341+0000] {taskinstance.py:731} INFO - ::endgroup::
[2025-03-17T07:05:13.342+0000] {baseoperator.py:416} WARNING - BranchExternalPythonOperator.execute cannot be called outside TaskInstance!
[2025-03-17T07:05:13.642+0000] {baseoperator.py:416} WARNING - BranchExternalPythonOperator.execute cannot be called outside TaskInstance!
[2025-03-17T07:05:13.673+0000] {python.py:513} INFO - Use 'pickle' as serializer.
[2025-03-17T07:05:13.682+0000] {process_utils.py:186} INFO - Executing cmd: /home/***/.local/bin/python /tmp/venv-callig_ovi6y/script.py /tmp/venv-callig_ovi6y/script.in /tmp/venv-callig_ovi6y/script.out /tmp/venv-callig_ovi6y/string_args.txt /tmp/venv-callig_ovi6y/termination.log
[2025-03-17T07:05:13.682+0000] {process_utils.py:190} INFO - Output:
[2025-03-17T07:05:15.102+0000] {process_utils.py:194} INFO - /home/***/.local/lib/python3.12/site-packages/***/configuration.py:859 FutureWarning: section/key [core/sql_alchemy_conn] has been deprecated, you should use[database/sql_alchemy_conn] instead. Please update your `conf.get*` call to use the new name
[2025-03-17T07:05:16.537+0000] {python.py:240} INFO - Done. Returned value was: ext_py_b
[2025-03-17T07:05:16.538+0000] {branch.py:38} INFO - Branch into ext_py_b
[2025-03-17T07:05:16.539+0000] {skipmixin.py:230} INFO - Following branch ('ext_py_b',)
[2025-03-17T07:05:16.552+0000] {skipmixin.py:278} INFO - Skipping tasks [('ext_py_c', -1), ('ext_py_a', -1), ('ext_py_d', -1)]
[2025-03-17T07:05:16.582+0000] {taskinstance.py:340} INFO - ::group::Post task execution logs
[2025-03-17T07:05:16.583+0000] {taskinstance.py:352} INFO - Marking task as SUCCESS. dag_id=example_branch_operator, task_id=branching_ext_python, run_id=scheduled__2025-03-14T00:00:00+00:00, execution_date=20250314T000000, start_date=20250317T070513, end_date=20250317T070516
[2025-03-17T07:05:16.592+0000] {logging_mixin.py:190} INFO - Task instance in success state
[2025-03-17T07:05:16.592+0000] {logging_mixin.py:190} INFO -  Previous state of the Task instance: running
[2025-03-17T07:05:16.593+0000] {logging_mixin.py:190} INFO - Dag name:example_branch_operator queued_at:2025-03-17 07:05:01.824396+00:00
[2025-03-17T07:05:16.593+0000] {logging_mixin.py:190} INFO - Task hostname:758401fd595f operator:BranchExternalPythonOperator
[2025-03-17T07:05:16.608+0000] {local_task_job_runner.py:266} INFO - Task exited with return code 0
[2025-03-17T07:05:16.639+0000] {taskinstance.py:3895} INFO - 1 downstream tasks scheduled from follow-on schedule check
[2025-03-17T07:05:16.641+0000] {local_task_job_runner.py:245} INFO - ::endgroup::
