[2025-03-17T07:05:24.291+0000] {local_task_job_runner.py:123} INFO - ::group::Pre task execution logs
[2025-03-17T07:05:24.305+0000] {taskinstance.py:2613} INFO - Dependencies all met for dep_context=non-requeueable deps ti=<TaskInstance: example_branch_operator.branching_venv scheduled__2025-03-14T00:00:00+00:00 [queued]>
[2025-03-17T07:05:24.311+0000] {taskinstance.py:2613} INFO - Dependencies all met for dep_context=requeueable deps ti=<TaskInstance: example_branch_operator.branching_venv scheduled__2025-03-14T00:00:00+00:00 [queued]>
[2025-03-17T07:05:24.312+0000] {taskinstance.py:2866} INFO - Starting attempt 1 of 1
[2025-03-17T07:05:24.324+0000] {taskinstance.py:2889} INFO - Executing <Task(BranchPythonVirtualenvOperator): branching_venv> on 2025-03-14 00:00:00+00:00
[2025-03-17T07:05:24.331+0000] {warnings.py:112} WARNING - /home/***/.local/lib/python3.12/site-packages/***/task/task_runner/standard_task_runner.py:70: DeprecationWarning: This process (pid=188) is multi-threaded, use of fork() may lead to deadlocks in the child.
  pid = os.fork()

[2025-03-17T07:05:24.332+0000] {standard_task_runner.py:72} INFO - Started process 193 to run task
[2025-03-17T07:05:24.333+0000] {standard_task_runner.py:104} INFO - Running: ['***', 'tasks', 'run', 'example_branch_operator', 'branching_venv', 'scheduled__2025-03-14T00:00:00+00:00', '--job-id', '22', '--raw', '--subdir', '/home/***/.local/lib/python3.12/site-packages/***/example_dags/example_branch_operator.py', '--cfg-path', '/tmp/tmpbp5gqfc5']
[2025-03-17T07:05:24.334+0000] {standard_task_runner.py:105} INFO - Job 22: Subtask branching_venv
[2025-03-17T07:05:24.367+0000] {task_command.py:467} INFO - Running <TaskInstance: example_branch_operator.branching_venv scheduled__2025-03-14T00:00:00+00:00 [running]> on host 758401fd595f
[2025-03-17T07:05:24.432+0000] {taskinstance.py:3132} INFO - Exporting env vars: AIRFLOW_CTX_DAG_OWNER='***' AIRFLOW_CTX_DAG_ID='example_branch_operator' AIRFLOW_CTX_TASK_ID='branching_venv' AIRFLOW_CTX_EXECUTION_DATE='2025-03-14T00:00:00+00:00' AIRFLOW_CTX_TRY_NUMBER='1' AIRFLOW_CTX_DAG_RUN_ID='scheduled__2025-03-14T00:00:00+00:00'
[2025-03-17T07:05:24.433+0000] {logging_mixin.py:190} INFO - Task instance is in running state
[2025-03-17T07:05:24.433+0000] {logging_mixin.py:190} INFO -  Previous state of the Task instance: queued
[2025-03-17T07:05:24.433+0000] {logging_mixin.py:190} INFO - Current task name:branching_venv state:running start_date:2025-03-17 07:05:24.305455+00:00
[2025-03-17T07:05:24.434+0000] {logging_mixin.py:190} INFO - Dag name:example_branch_operator and current dag run status:running
[2025-03-17T07:05:24.434+0000] {taskinstance.py:731} INFO - ::endgroup::
[2025-03-17T07:05:24.435+0000] {baseoperator.py:416} WARNING - BranchPythonVirtualenvOperator.execute cannot be called outside TaskInstance!
[2025-03-17T07:05:24.435+0000] {baseoperator.py:416} WARNING - BranchPythonVirtualenvOperator.execute cannot be called outside TaskInstance!
[2025-03-17T07:05:24.440+0000] {python.py:809} INFO - Python virtual environment will be cached in /tmp/venv-5ea997a7
[2025-03-17T07:05:27.459+0000] {python.py:823} INFO - Re-using cached Python virtual environment in /tmp/venv-5ea997a7
[2025-03-17T07:05:27.460+0000] {python.py:513} INFO - Use 'pickle' as serializer.
[2025-03-17T07:05:27.469+0000] {process_utils.py:186} INFO - Executing cmd: /tmp/venv-5ea997a7/bin/python /tmp/venv-callk8c230gd/script.py /tmp/venv-callk8c230gd/script.in /tmp/venv-callk8c230gd/script.out /tmp/venv-callk8c230gd/string_args.txt /tmp/venv-callk8c230gd/termination.log
[2025-03-17T07:05:27.470+0000] {process_utils.py:190} INFO - Output:
[2025-03-17T07:05:28.828+0000] {process_utils.py:194} INFO - /home/***/.local/lib/python3.12/site-packages/***/configuration.py:859 FutureWarning: section/key [core/sql_alchemy_conn] has been deprecated, you should use[database/sql_alchemy_conn] instead. Please update your `conf.get*` call to use the new name
[2025-03-17T07:05:28.446+0000] {process_utils.py:194} INFO - Some numpy stuff: [0 1 2 3 4 5]
[2025-03-17T07:05:28.783+0000] {python.py:240} INFO - Done. Returned value was: venv_c
[2025-03-17T07:05:28.783+0000] {branch.py:38} INFO - Branch into venv_c
[2025-03-17T07:05:28.784+0000] {skipmixin.py:230} INFO - Following branch ('venv_c',)
[2025-03-17T07:05:28.795+0000] {skipmixin.py:278} INFO - Skipping tasks [('venv_a', -1), ('venv_b', -1), ('venv_d', -1)]
[2025-03-17T07:05:28.823+0000] {taskinstance.py:340} INFO - ::group::Post task execution logs
[2025-03-17T07:05:28.823+0000] {taskinstance.py:352} INFO - Marking task as SUCCESS. dag_id=example_branch_operator, task_id=branching_venv, run_id=scheduled__2025-03-14T00:00:00+00:00, execution_date=20250314T000000, start_date=20250317T070524, end_date=20250317T070528
[2025-03-17T07:05:28.839+0000] {logging_mixin.py:190} INFO - Task instance in success state
[2025-03-17T07:05:28.839+0000] {logging_mixin.py:190} INFO -  Previous state of the Task instance: running
[2025-03-17T07:05:28.840+0000] {logging_mixin.py:190} INFO - Dag name:example_branch_operator queued_at:2025-03-17 07:05:01.824396+00:00
[2025-03-17T07:05:28.840+0000] {logging_mixin.py:190} INFO - Task hostname:758401fd595f operator:BranchPythonVirtualenvOperator
[2025-03-17T07:05:28.858+0000] {local_task_job_runner.py:266} INFO - Task exited with return code 0
[2025-03-17T07:05:28.884+0000] {taskinstance.py:3895} INFO - 1 downstream tasks scheduled from follow-on schedule check
[2025-03-17T07:05:28.885+0000] {local_task_job_runner.py:245} INFO - ::endgroup::
