[2025-03-17T16:05:35.204+0000] {local_task_job_runner.py:123} INFO - ::group::Pre task execution logs
[2025-03-17T16:05:35.217+0000] {taskinstance.py:2613} INFO - Dependencies all met for dep_context=non-requeueable deps ti=<TaskInstance: parallel_dag.transform manual__2025-03-17T16:05:10.971413+00:00 [queued]>
[2025-03-17T16:05:35.224+0000] {taskinstance.py:2613} INFO - Dependencies all met for dep_context=requeueable deps ti=<TaskInstance: parallel_dag.transform manual__2025-03-17T16:05:10.971413+00:00 [queued]>
[2025-03-17T16:05:35.225+0000] {taskinstance.py:2866} INFO - Starting attempt 1 of 1
[2025-03-17T16:05:35.235+0000] {taskinstance.py:2889} INFO - Executing <Task(BashOperator): transform> on 2025-03-17 16:05:10.971413+00:00
[2025-03-17T16:05:35.242+0000] {warnings.py:112} WARNING - /home/***/.local/lib/python3.12/site-packages/***/task/task_runner/standard_task_runner.py:70: DeprecationWarning: This process (pid=111) is multi-threaded, use of fork() may lead to deadlocks in the child.
  pid = os.fork()

[2025-03-17T16:05:35.243+0000] {standard_task_runner.py:72} INFO - Started process 112 to run task
[2025-03-17T16:05:35.243+0000] {standard_task_runner.py:104} INFO - Running: ['***', 'tasks', 'run', 'parallel_dag', 'transform', 'manual__2025-03-17T16:05:10.971413+00:00', '--job-id', '20', '--raw', '--subdir', 'DAGS_FOLDER/04_parallel_dag.py', '--cfg-path', '/tmp/tmpe2mfh7w8']
[2025-03-17T16:05:35.244+0000] {standard_task_runner.py:105} INFO - Job 20: Subtask transform
[2025-03-17T16:05:35.279+0000] {task_command.py:467} INFO - Running <TaskInstance: parallel_dag.transform manual__2025-03-17T16:05:10.971413+00:00 [running]> on host 7c6208d8182b
[2025-03-17T16:05:35.345+0000] {taskinstance.py:3132} INFO - Exporting env vars: AIRFLOW_CTX_DAG_OWNER='***' AIRFLOW_CTX_DAG_ID='parallel_dag' AIRFLOW_CTX_TASK_ID='transform' AIRFLOW_CTX_EXECUTION_DATE='2025-03-17T16:05:10.971413+00:00' AIRFLOW_CTX_TRY_NUMBER='1' AIRFLOW_CTX_DAG_RUN_ID='manual__2025-03-17T16:05:10.971413+00:00'
[2025-03-17T16:05:35.346+0000] {taskinstance.py:731} INFO - ::endgroup::
[2025-03-17T16:05:35.369+0000] {subprocess.py:78} INFO - Tmp dir root location: /tmp
[2025-03-17T16:05:35.370+0000] {subprocess.py:88} INFO - Running command: ['/usr/bin/bash', '-c', 'sleep 30']
[2025-03-17T16:05:35.380+0000] {subprocess.py:99} INFO - Output:
[2025-03-17T16:06:02.821+0000] {subprocess.py:110} INFO - Command exited with return code 0
[2025-03-17T16:06:02.845+0000] {taskinstance.py:340} INFO - ::group::Post task execution logs
[2025-03-17T16:06:02.846+0000] {taskinstance.py:352} INFO - Marking task as SUCCESS. dag_id=parallel_dag, task_id=transform, run_id=manual__2025-03-17T16:05:10.971413+00:00, execution_date=20250317T160510, start_date=20250317T160535, end_date=20250317T160602
[2025-03-17T16:06:02.879+0000] {local_task_job_runner.py:266} INFO - Task exited with return code 0
[2025-03-17T16:06:02.894+0000] {taskinstance.py:3895} INFO - 0 downstream tasks scheduled from follow-on schedule check
[2025-03-17T16:06:02.896+0000] {local_task_job_runner.py:245} INFO - ::endgroup::
